#
# A fatal error has been detected by the Java Runtime Environment:
#
#  EXCEPTION_ACCESS_VIOLATION (0xc0000005) at pc=0x00007ffef6322c4c, pid=22176, tid=38920
#
# JRE version: Java(TM) SE Runtime Environment (16.0.2+7) (build 16.0.2+7-67)
# Java VM: Java HotSpot(TM) 64-Bit Server VM (16.0.2+7-67, mixed mode, sharing, tiered, compressed oops, compressed class ptrs, g1 gc, windows-amd64)
# Problematic frame:
# C  [igxelpicd64.dll+0x282c4c]
#
# No core dump will be written. Minidumps are not enabled by default on client versions of Windows
#
# If you would like to submit a bug report, please visit:
#   https://bugreport.java.com/bugreport/crash.jsp
#

---------------  S U M M A R Y ------------

Command Line: -Dfile.encoding=Cp1252 -XX:+ShowCodeDetailsInExceptionMessages energywaves.Main

Host: 11th Gen Intel(R) Core(TM) i7-1165G7 @ 2.80GHz, 8 cores, 15G,  Windows 10 , 64 bit Build 19041 (10.0.19041.1348)
Time: Wed Dec 15 22:05:14 2021 Eastern Standard Time elapsed time: 25.904342 seconds (0d 0h 0m 25s)

---------------  T H R E A D  ---------------

Current thread (0x000001ed7f6cf2c0):  VMThread "VM Thread" [stack: 0x000000e412500000,0x000000e412600000] [id=38920]

Stack: [0x000000e412500000,0x000000e412600000],  sp=0x000000e4125fe0c0,  free space=1016k
Native frames: (J=compiled Java code, j=interpreted, Vv=VM code, C=native code)
C  [igxelpicd64.dll+0x282c4c]


siginfo: EXCEPTION_ACCESS_VIOLATION (0xc0000005), reading address 0x00000000000356f8


Register to memory mapping:

RIP=0x00007ffef6322c4c igxelpicd64.dll
RAX=0x000001ed188dea40 points into unknown readable memory: 0x000000000000849b | 9b 84 00 00 00 00 00 00
RBX=0x000001ed164ce6e0 points into unknown readable memory: 0xffffffffffffffff | ff ff ff ff ff ff ff ff
RCX=0x0 is NULL
RDX=0x0000000000000002 is an unknown value
RSP=0x000000e4125fe0c0 points into unknown readable memory: 0x000001ed164ce6e0 | e0 e6 4c 16 ed 01 00 00
RBP=0x0000000000000016 is an unknown value
RSI=0x000001ed17dfc1a0 points into unknown readable memory: 0x0000000000000000 | 00 00 00 00 00 00 00 00
RDI=0x0 is NULL
R8 =0x0000000000000014 is an unknown value
R9 =0x0 is NULL
R10=0x0 is NULL
R11=0x0000000000000246 is an unknown value
R12=0x000001ed188dee78 points into unknown readable memory: 0x000001ed188de260 | 60 e2 8d 18 ed 01 00 00
R13=0x0 is NULL
R14=0x000001ed188de8b0 points into unknown readable memory: 0x000001ed1658f510 | 10 f5 58 16 ed 01 00 00
R15=0x0 is NULL


Registers:
RAX=0x000001ed188dea40, RBX=0x000001ed164ce6e0, RCX=0x0000000000000000, RDX=0x0000000000000002
RSP=0x000000e4125fe0c0, RBP=0x0000000000000016, RSI=0x000001ed17dfc1a0, RDI=0x0000000000000000
R8 =0x0000000000000014, R9 =0x0000000000000000, R10=0x0000000000000000, R11=0x0000000000000246
R12=0x000001ed188dee78, R13=0x0000000000000000, R14=0x000001ed188de8b0, R15=0x0000000000000000
RIP=0x00007ffef6322c4c, EFLAGS=0x0000000000010202

Top of Stack: (sp=0x000000e4125fe0c0)
0x000000e4125fe0c0:   000001ed164ce6e0 00007fff8d60d859
0x000000e4125fe0d0:   000000e4125fe158 0000000000000000
0x000000e4125fe0e0:   0000000000000054 000001ed164ce6e0
0x000000e4125fe0f0:   000000e4125fe310 00007fff8ec90ba4
0x000000e4125fe100:   000000e4125fe270 0000000000000000
0x000000e4125fe110:   000001ed6f7e0b54 000001ed185f7eb8
0x000000e4125fe120:   00000000000084cb 0000000000000000
0x000000e4125fe130:   0000000000000014 0000000000000000
0x000000e4125fe140:   0000000000000000 000000e4125fe260
0x000000e4125fe150:   000001ed17dfc1a0 00007ffef615769c
0x000000e4125fe160:   000001ed00000016 000001ed188de260
0x000000e4125fe170:   000000e411ac1000 00007fff8ec0d200
0x000000e4125fe180:   000000e400001268 0000b80219820000
0x000000e4125fe190:   0000000000000000 000001ed6f7d0000
0x000000e4125fe1a0:   00007fff8ec578c0 00000004f46857d4
0x000000e4125fe1b0:   00000000000004b4 000001ed6f7d1c04 

Instructions: (pc=0x00007ffef6322c4c)
0x00007ffef6322b4c:   41 bf 20 00 00 00 48 8b 04 38 4d 8b 3c 07 0f b6
0x00007ffef6322b5c:   bc 24 b0 00 00 00 4c 3b 3d d7 f8 cb 00 41 0f 44
0x00007ffef6322b6c:   e9 89 ac 24 a0 00 00 00 48 85 c9 0f 84 d4 07 00
0x00007ffef6322b7c:   00 0f 1f 00 4c 8b f1 4c 8d a1 c8 05 00 00 49 8b
0x00007ffef6322b8c:   04 24 48 89 84 24 a8 00 00 00 40 84 ff 74 10 48
0x00007ffef6322b9c:   8b d1 48 8b 09 e8 ea 8d e3 ff e9 4f 07 00 00 8b
0x00007ffef6322bac:   96 d0 01 00 00 48 8b 05 58 dd bb 00 83 b8 64 03
0x00007ffef6322bbc:   00 00 02 0f 85 19 02 00 00 83 fa 10 73 0e 48 8d
0x00007ffef6322bcc:   42 04 48 8d 04 c2 48 8d 04 c1 eb 60 8d 4a f0 8b
0x00007ffef6322bdc:   c1 c1 e8 04 83 f8 03 73 1d 0f ae e8 83 e1 0f 4d
0x00007ffef6322bec:   8b 84 c6 80 05 00 00 4d 85 c0 74 25 48 8d 0c c9
0x00007ffef6322bfc:   49 8d 04 c8 eb 36 49 8b 86 98 05 00 00 48 85 c0
0x00007ffef6322c0c:   74 0f 66 90 39 10 74 2f 48 8b 40 50 48 85 c0 75
0x00007ffef6322c1c:   f3 41 80 be a0 05 00 00 00 74 22 8b c2 83 e0 0f
0x00007ffef6322c2c:   48 8d 04 c0 48 8d 40 20 49 8d 04 c6 48 85 c0 74
0x00007ffef6322c3c:   0c 48 8b 48 08 eb 09 48 83 c0 08 eb ef 49 8b c9
0x00007ffef6322c4c:   49 3b 8f f8 56 03 00 0f 86 85 01 00 00 83 fa 10
0x00007ffef6322c5c:   73 0a 48 8d 42 04 48 8d 04 c2 eb 5c 8d 4a f0 8b
0x00007ffef6322c6c:   c1 c1 e8 04 83 f8 03 73 1d 0f ae e8 83 e1 0f 4d
0x00007ffef6322c7c:   8b 84 c6 80 05 00 00 4d 85 c0 74 25 48 8d 0c c9
0x00007ffef6322c8c:   49 8d 04 c8 eb 36 49 8b 86 98 05 00 00 48 85 c0
0x00007ffef6322c9c:   74 0f 66 90 39 10 74 2f 48 8b 40 50 48 85 c0 75
0x00007ffef6322cac:   f3 41 80 be a0 05 00 00 00 74 22 8b c2 83 e0 0f
0x00007ffef6322cbc:   48 8d 04 c0 48 8d 40 20 49 8d 04 c6 48 85 c0 74
0x00007ffef6322ccc:   0c 48 8b 48 08 eb 09 48 83 c0 08 eb ef 49 8b c9
0x00007ffef6322cdc:   49 3b 8e 40 06 00 00 0f 86 f5 00 00 00 48 8b 86
0x00007ffef6322cec:   80 02 00 00 49 89 04 24 4c 89 b6 80 02 00 00 ff
0x00007ffef6322cfc:   86 88 02 00 00 ba 01 00 00 00 49 8b 4e 08 e8 41
0x00007ffef6322d0c:   28 59 00 0f b7 c8 48 2b c1 48 05 00 00 01 00 48
0x00007ffef6322d1c:   01 86 90 02 00 00 ba 01 00 00 00 49 8b 4e 08 e8
0x00007ffef6322d2c:   20 28 59 00 48 01 86 a0 02 00 00 85 ed 74 75 49
0x00007ffef6322d3c:   8b 9f 58 4f 03 00 0f 57 c0 f3 0f 7f 44 24 30 c7 


Stack slot to memory mapping:
stack at sp + 0 slots: 0x000001ed164ce6e0 points into unknown readable memory: 0xffffffffffffffff | ff ff ff ff ff ff ff ff
stack at sp + 1 slots: 0x00007fff8d60d859 USER32.dll
stack at sp + 2 slots: 0x000000e4125fe158 points into unknown readable memory: 0x00007ffef615769c | 9c 76 15 f6 fe 7f 00 00
stack at sp + 3 slots: 0x0 is NULL
stack at sp + 4 slots: 0x0000000000000054 is an unknown value
stack at sp + 5 slots: 0x000001ed164ce6e0 points into unknown readable memory: 0xffffffffffffffff | ff ff ff ff ff ff ff ff
stack at sp + 6 slots: 0x000000e4125fe310 points into unknown readable memory: 0x0000000000000000 | 00 00 00 00 00 00 00 00
stack at sp + 7 slots: 0x00007fff8ec90ba4 ntdll.dll

VM_Operation (0x000000e4144feb20): Exit, mode: safepoint, requested by thread 0x000001ed17ec6970


---------------  P R O C E S S  ---------------

Threads class SMR info:
_java_thread_list=0x000001ed18189640, length=16, elements={
0x000001ed7f6d20b0, 0x000001ed7f6d4bd0, 0x000001ed7f6e57a0, 0x000001ed7f6e82a0,
0x000001ed7f6eabc0, 0x000001ed7f6f1510, 0x000001ed7f6f5700, 0x000001ed15908140,
0x000001ed15908a90, 0x000001ed15a3cf40, 0x000001ed15a3ba00, 0x000001ed15a39f70,
0x000001ed15a3b4b0, 0x000001ed17eca930, 0x000001ed17ec6970, 0x000001ed17ec6420
}

Java Threads: ( => current thread )
  0x000001ed7f6d20b0 JavaThread "Reference Handler" daemon [_thread_blocked, id=19532, stack(0x000000e412600000,0x000000e412700000)]
  0x000001ed7f6d4bd0 JavaThread "Finalizer" daemon [_thread_blocked, id=7736, stack(0x000000e412700000,0x000000e412800000)]
  0x000001ed7f6e57a0 JavaThread "Signal Dispatcher" daemon [_thread_blocked, id=24196, stack(0x000000e412800000,0x000000e412900000)]
  0x000001ed7f6e82a0 JavaThread "Attach Listener" daemon [_thread_blocked, id=24336, stack(0x000000e412900000,0x000000e412a00000)]
  0x000001ed7f6eabc0 JavaThread "Service Thread" daemon [_thread_blocked, id=28732, stack(0x000000e412a00000,0x000000e412b00000)]
  0x000001ed7f6f1510 JavaThread "Monitor Deflation Thread" daemon [_thread_blocked, id=17096, stack(0x000000e412b00000,0x000000e412c00000)]
  0x000001ed7f6f5700 JavaThread "C2 CompilerThread0" daemon [_thread_blocked, id=21308, stack(0x000000e412c00000,0x000000e412d00000)]
  0x000001ed15908140 JavaThread "C1 CompilerThread0" daemon [_thread_blocked, id=33508, stack(0x000000e412d00000,0x000000e412e00000)]
  0x000001ed15908a90 JavaThread "Sweeper thread" daemon [_thread_blocked, id=21544, stack(0x000000e412e00000,0x000000e412f00000)]
  0x000001ed15a3cf40 JavaThread "Notification Thread" daemon [_thread_blocked, id=27004, stack(0x000000e412f00000,0x000000e413000000)]
  0x000001ed15a3ba00 JavaThread "Common-Cleaner" daemon [_thread_blocked, id=35420, stack(0x000000e413100000,0x000000e413200000)]
  0x000001ed15a39f70 JavaThread "Java2D Disposer" daemon [_thread_blocked, id=17736, stack(0x000000e413200000,0x000000e413300000)]
  0x000001ed15a3b4b0 JavaThread "HighResTimerThread" daemon [_thread_blocked, id=29252, stack(0x000000e414000000,0x000000e414100000)]
  0x000001ed17eca930 JavaThread "DestroyJavaVM" [_thread_blocked, id=23792, stack(0x000000e411f00000,0x000000e412000000)]
  0x000001ed17ec6970 JavaThread "main-FPSAWTAnimator#00-Timer0-FPSAWTAnimator#00-Timer1" [_thread_blocked, id=32676, stack(0x000000e414400000,0x000000e414500000)]
  0x000001ed17ec6420 JavaThread "AWT-Shutdown" [_thread_blocked, id=25688, stack(0x000000e414100000,0x000000e414200000)]

Other Threads:
=>0x000001ed7f6cf2c0 VMThread "VM Thread" [stack: 0x000000e412500000,0x000000e412600000] [id=38920]
  0x000001ed71b0c2f0 GCTaskThread "GC Thread#0" [stack: 0x000000e412000000,0x000000e412100000] [id=30504]
  0x000001ed165f6200 GCTaskThread "GC Thread#1" [stack: 0x000000e413700000,0x000000e413800000] [id=24068]
  0x000001ed1643c110 GCTaskThread "GC Thread#2" [stack: 0x000000e413800000,0x000000e413900000] [id=25500]
  0x000001ed1643c420 GCTaskThread "GC Thread#3" [stack: 0x000000e413900000,0x000000e413a00000] [id=9976]
  0x000001ed16459030 GCTaskThread "GC Thread#4" [stack: 0x000000e413a00000,0x000000e413b00000] [id=9880]
  0x000001ed1647e6c0 GCTaskThread "GC Thread#5" [stack: 0x000000e413b00000,0x000000e413c00000] [id=6388]
  0x000001ed17e2de40 GCTaskThread "GC Thread#6" [stack: 0x000000e414600000,0x000000e414700000] [id=29936]
  0x000001ed17e2e150 GCTaskThread "GC Thread#7" [stack: 0x000000e414700000,0x000000e414800000] [id=34124]
  0x000001ed71b1f6d0 ConcurrentGCThread "G1 Main Marker" terminated
  0x000001ed71b20050 ConcurrentGCThread "G1 Conc#0" [stack: 0x000000e412200000,0x000000e412300000] [id=39564]
  0x000001ed7f5824d0 ConcurrentGCThread "G1 Refine#0" terminated
  0x000001ed7f582e60 ConcurrentGCThread "G1 Service" terminated

Threads with active compile tasks:

VM state: at safepoint (shutting down)

VM Mutex/Monitor currently owned by a thread:  ([mutex/lock_event])
[0x000001ed71ab9d90] Threads_lock - owner thread: 0x000001ed7f6cf2c0
[0x000001ed71ab92e0] Heap_lock - owner thread: 0x000001ed17ec6970

Heap address: 0x0000000703a00000, size: 4038 MB, Compressed Oops mode: Zero based, Oop shift amount: 3

CDS archive(s) mapped at: [0x0000000800000000-0x0000000800bb0000-0x0000000800bb0000), size 12255232, SharedBaseAddress: 0x0000000800000000, ArchiveRelocationMode: 0.
Compressed class space mapped at: 0x0000000800c00000-0x0000000840c00000, reserved size: 1073741824
Narrow klass base: 0x0000000800000000, Narrow klass shift: 3, Narrow klass range: 0x100000000

GC Precious Log:
 CPUs: 8 total, 8 available
 Memory: 16149M
 Large Page Support: Disabled
 NUMA Support: Disabled
 Compressed Oops: Enabled (Zero based)
 Heap Region Size: 2M
 Heap Min Capacity: 8M
 Heap Initial Capacity: 254M
 Heap Max Capacity: 4038M
 Pre-touch: Disabled
 Parallel Workers: 8
 Concurrent Workers: 2
 Concurrent Refinement Workers: 8
 Periodic GC: Disabled

Heap:
 garbage-first heap   total 497664K, used 241321K [0x0000000703a00000, 0x0000000800000000)
  region size 2048K, 27 young (55296K), 1 survivors (2048K)
 Metaspace       used 12585K, committed 12800K, reserved 1064960K
  class space    used 880K, committed 960K, reserved 1048576K

Heap Regions: E=young(eden), S=young(survivor), O=old, HS=humongous(starts), HC=humongous(continues), CS=collection set, F=free, OA=open archive, CA=closed archive, TAMS=top-at-mark-start (previous, next)
|   0|0x0000000703a00000, 0x0000000703c00000, 0x0000000703c00000|100%| O|  |TAMS 0x0000000703a00000, 0x0000000703c00000| Untracked 
|   1|0x0000000703c00000, 0x0000000703e00000, 0x0000000703e00000|100%| O|  |TAMS 0x0000000703c00000, 0x0000000703e00000| Untracked 
|   2|0x0000000703e00000, 0x0000000704000000, 0x0000000704000000|100%| O|  |TAMS 0x0000000703e00000, 0x0000000704000000| Untracked 
|   3|0x0000000704000000, 0x0000000704092400, 0x0000000704200000| 28%| O|  |TAMS 0x0000000704000000, 0x0000000704092400| Untracked 
|   4|0x0000000704200000, 0x0000000704400000, 0x0000000704400000|100%|HS|  |TAMS 0x0000000704200000, 0x0000000704400000| Complete 
|   5|0x0000000704400000, 0x0000000704600000, 0x0000000704600000|100%|HC|  |TAMS 0x0000000704400000, 0x0000000704600000| Complete 
|   6|0x0000000704600000, 0x0000000704800000, 0x0000000704800000|100%|HC|  |TAMS 0x0000000704600000, 0x0000000704800000| Complete 
|   7|0x0000000704800000, 0x0000000704a00000, 0x0000000704a00000|100%|HC|  |TAMS 0x0000000704800000, 0x0000000704a00000| Complete 
|   8|0x0000000704a00000, 0x0000000704c00000, 0x0000000704c00000|100%|HC|  |TAMS 0x0000000704a00000, 0x0000000704c00000| Complete 
|   9|0x0000000704c00000, 0x0000000704e00000, 0x0000000704e00000|100%|HC|  |TAMS 0x0000000704c00000, 0x0000000704e00000| Complete 
|  10|0x0000000704e00000, 0x0000000705000000, 0x0000000705000000|100%|HC|  |TAMS 0x0000000704e00000, 0x0000000705000000| Complete 
|  11|0x0000000705000000, 0x0000000705200000, 0x0000000705200000|100%|HS|  |TAMS 0x0000000705000000, 0x0000000705200000| Complete 
|  12|0x0000000705200000, 0x0000000705400000, 0x0000000705400000|100%|HC|  |TAMS 0x0000000705200000, 0x0000000705400000| Complete 
|  13|0x0000000705400000, 0x0000000705600000, 0x0000000705600000|100%|HC|  |TAMS 0x0000000705400000, 0x0000000705600000| Complete 
|  14|0x0000000705600000, 0x0000000705800000, 0x0000000705800000|100%|HC|  |TAMS 0x0000000705600000, 0x0000000705800000| Complete 
|  15|0x0000000705800000, 0x0000000705a00000, 0x0000000705a00000|100%|HC|  |TAMS 0x0000000705800000, 0x0000000705a00000| Complete 
|  16|0x0000000705a00000, 0x0000000705c00000, 0x0000000705c00000|100%|HS|  |TAMS 0x0000000705a00000, 0x0000000705c00000| Complete 
|  17|0x0000000705c00000, 0x0000000705e00000, 0x0000000705e00000|100%|HC|  |TAMS 0x0000000705c00000, 0x0000000705e00000| Complete 
|  18|0x0000000705e00000, 0x0000000706000000, 0x0000000706000000|100%|HC|  |TAMS 0x0000000705e00000, 0x0000000706000000| Complete 
|  19|0x0000000706000000, 0x0000000706200000, 0x0000000706200000|100%|HS|  |TAMS 0x0000000706000000, 0x0000000706200000| Complete 
|  20|0x0000000706200000, 0x0000000706400000, 0x0000000706400000|100%|HC|  |TAMS 0x0000000706200000, 0x0000000706400000| Complete 
|  21|0x0000000706400000, 0x0000000706600000, 0x0000000706600000|100%|HC|  |TAMS 0x0000000706400000, 0x0000000706600000| Complete 
|  22|0x0000000706600000, 0x0000000706800000, 0x0000000706800000|100%|HS|  |TAMS 0x0000000706600000, 0x0000000706800000| Complete 
|  23|0x0000000706800000, 0x0000000706a00000, 0x0000000706a00000|100%|HC|  |TAMS 0x0000000706800000, 0x0000000706a00000| Complete 
|  24|0x0000000706a00000, 0x0000000706c00000, 0x0000000706c00000|100%|HC|  |TAMS 0x0000000706a00000, 0x0000000706c00000| Complete 
|  25|0x0000000706c00000, 0x0000000706e00000, 0x0000000706e00000|100%|HS|  |TAMS 0x0000000706c00000, 0x0000000706e00000| Complete 
|  26|0x0000000706e00000, 0x0000000707000000, 0x0000000707000000|100%|HC|  |TAMS 0x0000000706e00000, 0x0000000707000000| Complete 
|  27|0x0000000707000000, 0x0000000707200000, 0x0000000707200000|100%|HC|  |TAMS 0x0000000707000000, 0x0000000707200000| Complete 
|  28|0x0000000707200000, 0x0000000707400000, 0x0000000707400000|100%|HS|  |TAMS 0x0000000707200000, 0x0000000707400000| Complete 
|  29|0x0000000707400000, 0x0000000707600000, 0x0000000707600000|100%|HC|  |TAMS 0x0000000707400000, 0x0000000707600000| Complete 
|  30|0x0000000707600000, 0x0000000707800000, 0x0000000707800000|100%|HC|  |TAMS 0x0000000707600000, 0x0000000707800000| Complete 
|  31|0x0000000707800000, 0x0000000707a00000, 0x0000000707a00000|100%|HS|  |TAMS 0x0000000707800000, 0x0000000707a00000| Complete 
|  32|0x0000000707a00000, 0x0000000707c00000, 0x0000000707c00000|100%|HC|  |TAMS 0x0000000707a00000, 0x0000000707c00000| Complete 
|  33|0x0000000707c00000, 0x0000000707e00000, 0x0000000707e00000|100%|HC|  |TAMS 0x0000000707c00000, 0x0000000707e00000| Complete 
|  34|0x0000000707e00000, 0x0000000708000000, 0x0000000708000000|100%|HS|  |TAMS 0x0000000707e00000, 0x0000000708000000| Complete 
|  35|0x0000000708000000, 0x0000000708200000, 0x0000000708200000|100%|HC|  |TAMS 0x0000000708000000, 0x0000000708200000| Complete 
|  36|0x0000000708200000, 0x0000000708400000, 0x0000000708400000|100%|HS|  |TAMS 0x0000000708200000, 0x0000000708200000| Complete 
|  37|0x0000000708400000, 0x0000000708600000, 0x0000000708600000|100%|HC|  |TAMS 0x0000000708400000, 0x0000000708400000| Complete 
|  38|0x0000000708600000, 0x0000000708800000, 0x0000000708800000|100%|HC|  |TAMS 0x0000000708600000, 0x0000000708600000| Complete 
|  39|0x0000000708800000, 0x0000000708a00000, 0x0000000708a00000|100%|HS|  |TAMS 0x0000000708800000, 0x0000000708800000| Complete 
|  40|0x0000000708a00000, 0x0000000708c00000, 0x0000000708c00000|100%|HC|  |TAMS 0x0000000708a00000, 0x0000000708a00000| Complete 
|  41|0x0000000708c00000, 0x0000000708e00000, 0x0000000708e00000|100%|HC|  |TAMS 0x0000000708c00000, 0x0000000708c00000| Complete 
|  42|0x0000000708e00000, 0x0000000709000000, 0x0000000709000000|100%|HS|  |TAMS 0x0000000708e00000, 0x0000000708e00000| Complete 
|  43|0x0000000709000000, 0x0000000709200000, 0x0000000709200000|100%|HC|  |TAMS 0x0000000709000000, 0x0000000709000000| Complete 
|  44|0x0000000709200000, 0x0000000709400000, 0x0000000709400000|100%|HC|  |TAMS 0x0000000709200000, 0x0000000709200000| Complete 
|  45|0x0000000709400000, 0x0000000709600000, 0x0000000709600000|100%|HS|  |TAMS 0x0000000709400000, 0x0000000709600000| Complete 
|  46|0x0000000709600000, 0x0000000709800000, 0x0000000709800000|100%|HC|  |TAMS 0x0000000709600000, 0x0000000709800000| Complete 
|  47|0x0000000709800000, 0x0000000709a00000, 0x0000000709a00000|100%|HC|  |TAMS 0x0000000709800000, 0x0000000709a00000| Complete 
|  48|0x0000000709a00000, 0x0000000709c00000, 0x0000000709c00000|100%|HC|  |TAMS 0x0000000709a00000, 0x0000000709c00000| Complete 
|  49|0x0000000709c00000, 0x0000000709e00000, 0x0000000709e00000|100%|HC|  |TAMS 0x0000000709c00000, 0x0000000709e00000| Complete 
|  50|0x0000000709e00000, 0x000000070a000000, 0x000000070a000000|100%|HC|  |TAMS 0x0000000709e00000, 0x000000070a000000| Complete 
|  51|0x000000070a000000, 0x000000070a200000, 0x000000070a200000|100%|HC|  |TAMS 0x000000070a000000, 0x000000070a200000| Complete 
|  52|0x000000070a200000, 0x000000070a400000, 0x000000070a400000|100%|HS|  |TAMS 0x000000070a200000, 0x000000070a400000| Complete 
|  53|0x000000070a400000, 0x000000070a600000, 0x000000070a600000|100%|HC|  |TAMS 0x000000070a400000, 0x000000070a600000| Complete 
|  54|0x000000070a600000, 0x000000070a800000, 0x000000070a800000|100%|HC|  |TAMS 0x000000070a600000, 0x000000070a800000| Complete 
|  55|0x000000070a800000, 0x000000070aa00000, 0x000000070aa00000|100%|HS|  |TAMS 0x000000070a800000, 0x000000070aa00000| Complete 
|  56|0x000000070aa00000, 0x000000070ac00000, 0x000000070ac00000|100%|HC|  |TAMS 0x000000070aa00000, 0x000000070ac00000| Complete 
|  57|0x000000070ac00000, 0x000000070ae00000, 0x000000070ae00000|100%|HC|  |TAMS 0x000000070ac00000, 0x000000070ae00000| Complete 
|  58|0x000000070ae00000, 0x000000070b000000, 0x000000070b000000|100%|HS|  |TAMS 0x000000070ae00000, 0x000000070ae00000| Complete 
|  59|0x000000070b000000, 0x000000070b200000, 0x000000070b200000|100%|HC|  |TAMS 0x000000070b000000, 0x000000070b000000| Complete 
|  60|0x000000070b200000, 0x000000070b400000, 0x000000070b400000|100%|HC|  |TAMS 0x000000070b200000, 0x000000070b200000| Complete 
|  61|0x000000070b400000, 0x000000070b400000, 0x000000070b600000|  0%| F|  |TAMS 0x000000070b400000, 0x000000070b400000| Untracked 
|  62|0x000000070b600000, 0x000000070b600000, 0x000000070b800000|  0%| F|  |TAMS 0x000000070b600000, 0x000000070b600000| Untracked 
|  63|0x000000070b800000, 0x000000070b800000, 0x000000070ba00000|  0%| F|  |TAMS 0x000000070b800000, 0x000000070b800000| Untracked 
|  64|0x000000070ba00000, 0x000000070ba00000, 0x000000070bc00000|  0%| F|  |TAMS 0x000000070ba00000, 0x000000070ba00000| Untracked 
|  65|0x000000070bc00000, 0x000000070bc00000, 0x000000070be00000|  0%| F|  |TAMS 0x000000070bc00000, 0x000000070bc00000| Untracked 
|  66|0x000000070be00000, 0x000000070be00000, 0x000000070c000000|  0%| F|  |TAMS 0x000000070be00000, 0x000000070be00000| Untracked 
|  67|0x000000070c000000, 0x000000070c000000, 0x000000070c200000|  0%| F|  |TAMS 0x000000070c000000, 0x000000070c000000| Untracked 
|  68|0x000000070c200000, 0x000000070c200000, 0x000000070c400000|  0%| F|  |TAMS 0x000000070c200000, 0x000000070c200000| Untracked 
|  69|0x000000070c400000, 0x000000070c400000, 0x000000070c600000|  0%| F|  |TAMS 0x000000070c400000, 0x000000070c400000| Untracked 
|  70|0x000000070c600000, 0x000000070c600000, 0x000000070c800000|  0%| F|  |TAMS 0x000000070c600000, 0x000000070c600000| Untracked 
|  71|0x000000070c800000, 0x000000070c800000, 0x000000070ca00000|  0%| F|  |TAMS 0x000000070c800000, 0x000000070c800000| Untracked 
|  72|0x000000070ca00000, 0x000000070ca00000, 0x000000070cc00000|  0%| F|  |TAMS 0x000000070ca00000, 0x000000070ca00000| Untracked 
|  73|0x000000070cc00000, 0x000000070cc00000, 0x000000070ce00000|  0%| F|  |TAMS 0x000000070cc00000, 0x000000070cc00000| Untracked 
|  74|0x000000070ce00000, 0x000000070ce00000, 0x000000070d000000|  0%| F|  |TAMS 0x000000070ce00000, 0x000000070ce00000| Untracked 
|  75|0x000000070d000000, 0x000000070d000000, 0x000000070d200000|  0%| F|  |TAMS 0x000000070d000000, 0x000000070d000000| Untracked 
|  76|0x000000070d200000, 0x000000070d400000, 0x000000070d400000|100%|HS|  |TAMS 0x000000070d200000, 0x000000070d400000| Complete 
|  77|0x000000070d400000, 0x000000070d600000, 0x000000070d600000|100%|HC|  |TAMS 0x000000070d400000, 0x000000070d600000| Complete 
|  78|0x000000070d600000, 0x000000070d800000, 0x000000070d800000|100%|HS|  |TAMS 0x000000070d600000, 0x000000070d800000| Complete 
|  79|0x000000070d800000, 0x000000070da00000, 0x000000070da00000|100%|HC|  |TAMS 0x000000070d800000, 0x000000070da00000| Complete 
|  80|0x000000070da00000, 0x000000070dc00000, 0x000000070dc00000|100%|HS|  |TAMS 0x000000070da00000, 0x000000070dc00000| Complete 
|  81|0x000000070dc00000, 0x000000070de00000, 0x000000070de00000|100%|HC|  |TAMS 0x000000070dc00000, 0x000000070de00000| Complete 
|  82|0x000000070de00000, 0x000000070e000000, 0x000000070e000000|100%|HS|  |TAMS 0x000000070de00000, 0x000000070e000000| Complete 
|  83|0x000000070e000000, 0x000000070e200000, 0x000000070e200000|100%|HC|  |TAMS 0x000000070e000000, 0x000000070e200000| Complete 
|  84|0x000000070e200000, 0x000000070e400000, 0x000000070e400000|100%|HS|  |TAMS 0x000000070e200000, 0x000000070e400000| Complete 
|  85|0x000000070e400000, 0x000000070e600000, 0x000000070e600000|100%|HC|  |TAMS 0x000000070e400000, 0x000000070e600000| Complete 
|  86|0x000000070e600000, 0x000000070e800000, 0x000000070e800000|100%|HC|  |TAMS 0x000000070e600000, 0x000000070e800000| Complete 
|  87|0x000000070e800000, 0x000000070ea00000, 0x000000070ea00000|100%|HC|  |TAMS 0x000000070e800000, 0x000000070ea00000| Complete 
|  88|0x000000070ea00000, 0x000000070ec00000, 0x000000070ec00000|100%|HC|  |TAMS 0x000000070ea00000, 0x000000070ec00000| Complete 
|  89|0x000000070ec00000, 0x000000070ee00000, 0x000000070ee00000|100%|HC|  |TAMS 0x000000070ec00000, 0x000000070ee00000| Complete 
|  90|0x000000070ee00000, 0x000000070f000000, 0x000000070f000000|100%|HC|  |TAMS 0x000000070ee00000, 0x000000070f000000| Complete 
|  91|0x000000070f000000, 0x000000070f200000, 0x000000070f200000|100%|HC|  |TAMS 0x000000070f000000, 0x000000070f200000| Complete 
|  92|0x000000070f200000, 0x000000070f400000, 0x000000070f400000|100%|HC|  |TAMS 0x000000070f200000, 0x000000070f400000| Complete 
|  93|0x000000070f400000, 0x000000070f600000, 0x000000070f600000|100%|HS|  |TAMS 0x000000070f400000, 0x000000070f600000| Complete 
|  94|0x000000070f600000, 0x000000070f800000, 0x000000070f800000|100%|HC|  |TAMS 0x000000070f600000, 0x000000070f800000| Complete 
|  95|0x000000070f800000, 0x000000070fa00000, 0x000000070fa00000|100%|HC|  |TAMS 0x000000070f800000, 0x000000070fa00000| Complete 
|  96|0x000000070fa00000, 0x000000070fc00000, 0x000000070fc00000|100%|HS|  |TAMS 0x000000070fa00000, 0x000000070fc00000| Complete 
|  97|0x000000070fc00000, 0x000000070fe00000, 0x000000070fe00000|100%|HC|  |TAMS 0x000000070fc00000, 0x000000070fe00000| Complete 
|  98|0x000000070fe00000, 0x0000000710000000, 0x0000000710000000|100%|HC|  |TAMS 0x000000070fe00000, 0x0000000710000000| Complete 
|  99|0x0000000710000000, 0x0000000710200000, 0x0000000710200000|100%|HC|  |TAMS 0x0000000710000000, 0x0000000710200000| Complete 
| 100|0x0000000710200000, 0x0000000710400000, 0x0000000710400000|100%|HC|  |TAMS 0x0000000710200000, 0x0000000710400000| Complete 
| 101|0x0000000710400000, 0x0000000710600000, 0x0000000710600000|100%|HC|  |TAMS 0x0000000710400000, 0x0000000710600000| Complete 
| 102|0x0000000710600000, 0x0000000710800000, 0x0000000710800000|100%|HC|  |TAMS 0x0000000710600000, 0x0000000710800000| Complete 
| 103|0x0000000710800000, 0x0000000710a00000, 0x0000000710a00000|100%|HS|  |TAMS 0x0000000710800000, 0x0000000710a00000| Complete 
| 104|0x0000000710a00000, 0x0000000710c00000, 0x0000000710c00000|100%|HC|  |TAMS 0x0000000710a00000, 0x0000000710c00000| Complete 
| 105|0x0000000710c00000, 0x0000000710e00000, 0x0000000710e00000|100%|HC|  |TAMS 0x0000000710c00000, 0x0000000710e00000| Complete 
| 106|0x0000000710e00000, 0x0000000711000000, 0x0000000711000000|100%|HC|  |TAMS 0x0000000710e00000, 0x0000000711000000| Complete 
| 107|0x0000000711000000, 0x0000000711200000, 0x0000000711200000|100%|HC|  |TAMS 0x0000000711000000, 0x0000000711200000| Complete 
| 108|0x0000000711200000, 0x0000000711200000, 0x0000000711400000|  0%| F|  |TAMS 0x0000000711200000, 0x0000000711200000| Untracked 
| 109|0x0000000711400000, 0x0000000711400000, 0x0000000711600000|  0%| F|  |TAMS 0x0000000711400000, 0x0000000711400000| Untracked 
| 110|0x0000000711600000, 0x0000000711600000, 0x0000000711800000|  0%| F|  |TAMS 0x0000000711600000, 0x0000000711600000| Untracked 
| 111|0x0000000711800000, 0x0000000711800000, 0x0000000711a00000|  0%| F|  |TAMS 0x0000000711800000, 0x0000000711800000| Untracked 
| 112|0x0000000711a00000, 0x0000000711a00000, 0x0000000711c00000|  0%| F|  |TAMS 0x0000000711a00000, 0x0000000711a00000| Untracked 
| 113|0x0000000711c00000, 0x0000000711c00000, 0x0000000711e00000|  0%| F|  |TAMS 0x0000000711c00000, 0x0000000711c00000| Untracked 
| 114|0x0000000711e00000, 0x0000000711e00000, 0x0000000712000000|  0%| F|  |TAMS 0x0000000711e00000, 0x0000000711e00000| Untracked 
| 115|0x0000000712000000, 0x0000000712000000, 0x0000000712200000|  0%| F|  |TAMS 0x0000000712000000, 0x0000000712000000| Untracked 
| 116|0x0000000712200000, 0x0000000712200000, 0x0000000712400000|  0%| F|  |TAMS 0x0000000712200000, 0x0000000712200000| Untracked 
| 117|0x0000000712400000, 0x0000000712400000, 0x0000000712600000|  0%| F|  |TAMS 0x0000000712400000, 0x0000000712400000| Untracked 
| 118|0x0000000712600000, 0x0000000712600000, 0x0000000712800000|  0%| F|  |TAMS 0x0000000712600000, 0x0000000712600000| Untracked 
| 119|0x0000000712800000, 0x0000000712800000, 0x0000000712a00000|  0%| F|  |TAMS 0x0000000712800000, 0x0000000712800000| Untracked 
| 120|0x0000000712a00000, 0x0000000712a00000, 0x0000000712c00000|  0%| F|  |TAMS 0x0000000712a00000, 0x0000000712a00000| Untracked 
| 121|0x0000000712c00000, 0x0000000712c00000, 0x0000000712e00000|  0%| F|  |TAMS 0x0000000712c00000, 0x0000000712c00000| Untracked 
| 122|0x0000000712e00000, 0x0000000712e00000, 0x0000000713000000|  0%| F|  |TAMS 0x0000000712e00000, 0x0000000712e00000| Untracked 
| 123|0x0000000713000000, 0x0000000713000000, 0x0000000713200000|  0%| F|  |TAMS 0x0000000713000000, 0x0000000713000000| Untracked 
| 124|0x0000000713200000, 0x0000000713200000, 0x0000000713400000|  0%| F|  |TAMS 0x0000000713200000, 0x0000000713200000| Untracked 
| 125|0x0000000713400000, 0x0000000713400000, 0x0000000713600000|  0%| F|  |TAMS 0x0000000713400000, 0x0000000713400000| Untracked 
| 126|0x0000000713600000, 0x0000000713600000, 0x0000000713800000|  0%| F|  |TAMS 0x0000000713600000, 0x0000000713600000| Untracked 
| 127|0x0000000713800000, 0x0000000713800000, 0x0000000713a00000|  0%| F|  |TAMS 0x0000000713800000, 0x0000000713800000| Untracked 
| 128|0x0000000713a00000, 0x0000000713a00000, 0x0000000713c00000|  0%| F|  |TAMS 0x0000000713a00000, 0x0000000713a00000| Untracked 
| 129|0x0000000713c00000, 0x0000000713c00000, 0x0000000713e00000|  0%| F|  |TAMS 0x0000000713c00000, 0x0000000713c00000| Untracked 
| 130|0x0000000713e00000, 0x0000000713e00000, 0x0000000714000000|  0%| F|  |TAMS 0x0000000713e00000, 0x0000000713e00000| Untracked 
| 131|0x0000000714000000, 0x0000000714000000, 0x0000000714200000|  0%| F|  |TAMS 0x0000000714000000, 0x0000000714000000| Untracked 
| 132|0x0000000714200000, 0x0000000714200000, 0x0000000714400000|  0%| F|  |TAMS 0x0000000714200000, 0x0000000714200000| Untracked 
| 133|0x0000000714400000, 0x0000000714400000, 0x0000000714600000|  0%| F|  |TAMS 0x0000000714400000, 0x0000000714400000| Untracked 
| 134|0x0000000714600000, 0x0000000714600000, 0x0000000714800000|  0%| F|  |TAMS 0x0000000714600000, 0x0000000714600000| Untracked 
| 135|0x0000000714800000, 0x0000000714800000, 0x0000000714a00000|  0%| F|  |TAMS 0x0000000714800000, 0x0000000714800000| Untracked 
| 136|0x0000000714a00000, 0x0000000714a00000, 0x0000000714c00000|  0%| F|  |TAMS 0x0000000714a00000, 0x0000000714a00000| Untracked 
| 137|0x0000000714c00000, 0x0000000714c00000, 0x0000000714e00000|  0%| F|  |TAMS 0x0000000714c00000, 0x0000000714c00000| Untracked 
| 138|0x0000000714e00000, 0x0000000714e00000, 0x0000000715000000|  0%| F|  |TAMS 0x0000000714e00000, 0x0000000714e00000| Untracked 
| 139|0x0000000715000000, 0x0000000715000000, 0x0000000715200000|  0%| F|  |TAMS 0x0000000715000000, 0x0000000715000000| Untracked 
| 140|0x0000000715200000, 0x0000000715200000, 0x0000000715400000|  0%| F|  |TAMS 0x0000000715200000, 0x0000000715200000| Untracked 
| 141|0x0000000715400000, 0x0000000715400000, 0x0000000715600000|  0%| F|  |TAMS 0x0000000715400000, 0x0000000715400000| Untracked 
| 142|0x0000000715600000, 0x0000000715600000, 0x0000000715800000|  0%| F|  |TAMS 0x0000000715600000, 0x0000000715600000| Untracked 
| 143|0x0000000715800000, 0x0000000715800000, 0x0000000715a00000|  0%| F|  |TAMS 0x0000000715800000, 0x0000000715800000| Untracked 
| 144|0x0000000715a00000, 0x0000000715a00000, 0x0000000715c00000|  0%| F|  |TAMS 0x0000000715a00000, 0x0000000715a00000| Untracked 
| 145|0x0000000715c00000, 0x0000000715c00000, 0x0000000715e00000|  0%| F|  |TAMS 0x0000000715c00000, 0x0000000715c00000| Untracked 
| 146|0x0000000715e00000, 0x0000000715e00000, 0x0000000716000000|  0%| F|  |TAMS 0x0000000715e00000, 0x0000000715e00000| Untracked 
| 147|0x0000000716000000, 0x0000000716000000, 0x0000000716200000|  0%| F|  |TAMS 0x0000000716000000, 0x0000000716000000| Untracked 
| 148|0x0000000716200000, 0x0000000716200000, 0x0000000716400000|  0%| F|  |TAMS 0x0000000716200000, 0x0000000716200000| Untracked 
| 149|0x0000000716400000, 0x0000000716400000, 0x0000000716600000|  0%| F|  |TAMS 0x0000000716400000, 0x0000000716400000| Untracked 
| 150|0x0000000716600000, 0x0000000716600000, 0x0000000716800000|  0%| F|  |TAMS 0x0000000716600000, 0x0000000716600000| Untracked 
| 151|0x0000000716800000, 0x0000000716800000, 0x0000000716a00000|  0%| F|  |TAMS 0x0000000716800000, 0x0000000716800000| Untracked 
| 152|0x0000000716a00000, 0x0000000716a00000, 0x0000000716c00000|  0%| F|  |TAMS 0x0000000716a00000, 0x0000000716a00000| Untracked 
| 153|0x0000000716c00000, 0x0000000716c00000, 0x0000000716e00000|  0%| F|  |TAMS 0x0000000716c00000, 0x0000000716c00000| Untracked 
| 154|0x0000000716e00000, 0x0000000716e00000, 0x0000000717000000|  0%| F|  |TAMS 0x0000000716e00000, 0x0000000716e00000| Untracked 
| 155|0x0000000717000000, 0x0000000717000000, 0x0000000717200000|  0%| F|  |TAMS 0x0000000717000000, 0x0000000717000000| Untracked 
| 156|0x0000000717200000, 0x0000000717200000, 0x0000000717400000|  0%| F|  |TAMS 0x0000000717200000, 0x0000000717200000| Untracked 
| 157|0x0000000717400000, 0x0000000717400000, 0x0000000717600000|  0%| F|  |TAMS 0x0000000717400000, 0x0000000717400000| Untracked 
| 158|0x0000000717600000, 0x0000000717600000, 0x0000000717800000|  0%| F|  |TAMS 0x0000000717600000, 0x0000000717600000| Untracked 
| 159|0x0000000717800000, 0x0000000717800000, 0x0000000717a00000|  0%| F|  |TAMS 0x0000000717800000, 0x0000000717800000| Untracked 
| 160|0x0000000717a00000, 0x0000000717a00000, 0x0000000717c00000|  0%| F|  |TAMS 0x0000000717a00000, 0x0000000717a00000| Untracked 
| 161|0x0000000717c00000, 0x0000000717c00000, 0x0000000717e00000|  0%| F|  |TAMS 0x0000000717c00000, 0x0000000717c00000| Untracked 
| 162|0x0000000717e00000, 0x0000000717e00000, 0x0000000718000000|  0%| F|  |TAMS 0x0000000717e00000, 0x0000000717e00000| Untracked 
| 163|0x0000000718000000, 0x0000000718000000, 0x0000000718200000|  0%| F|  |TAMS 0x0000000718000000, 0x0000000718000000| Untracked 
| 164|0x0000000718200000, 0x0000000718200000, 0x0000000718400000|  0%| F|  |TAMS 0x0000000718200000, 0x0000000718200000| Untracked 
| 165|0x0000000718400000, 0x0000000718400000, 0x0000000718600000|  0%| F|  |TAMS 0x0000000718400000, 0x0000000718400000| Untracked 
| 166|0x0000000718600000, 0x0000000718600000, 0x0000000718800000|  0%| F|  |TAMS 0x0000000718600000, 0x0000000718600000| Untracked 
| 167|0x0000000718800000, 0x0000000718800000, 0x0000000718a00000|  0%| F|  |TAMS 0x0000000718800000, 0x0000000718800000| Untracked 
| 168|0x0000000718a00000, 0x0000000718a00000, 0x0000000718c00000|  0%| F|  |TAMS 0x0000000718a00000, 0x0000000718a00000| Untracked 
| 169|0x0000000718c00000, 0x0000000718c00000, 0x0000000718e00000|  0%| F|  |TAMS 0x0000000718c00000, 0x0000000718c00000| Untracked 
| 170|0x0000000718e00000, 0x0000000718e00000, 0x0000000719000000|  0%| F|  |TAMS 0x0000000718e00000, 0x0000000718e00000| Untracked 
| 171|0x0000000719000000, 0x0000000719000000, 0x0000000719200000|  0%| F|  |TAMS 0x0000000719000000, 0x0000000719000000| Untracked 
| 172|0x0000000719200000, 0x0000000719200000, 0x0000000719400000|  0%| F|  |TAMS 0x0000000719200000, 0x0000000719200000| Untracked 
| 173|0x0000000719400000, 0x0000000719400000, 0x0000000719600000|  0%| F|  |TAMS 0x0000000719400000, 0x0000000719400000| Untracked 
| 174|0x0000000719600000, 0x0000000719600000, 0x0000000719800000|  0%| F|  |TAMS 0x0000000719600000, 0x0000000719600000| Untracked 
| 175|0x0000000719800000, 0x0000000719800000, 0x0000000719a00000|  0%| F|  |TAMS 0x0000000719800000, 0x0000000719800000| Untracked 
| 176|0x0000000719a00000, 0x0000000719a00000, 0x0000000719c00000|  0%| F|  |TAMS 0x0000000719a00000, 0x0000000719a00000| Untracked 
| 177|0x0000000719c00000, 0x0000000719c00000, 0x0000000719e00000|  0%| F|  |TAMS 0x0000000719c00000, 0x0000000719c00000| Untracked 
| 178|0x0000000719e00000, 0x0000000719e00000, 0x000000071a000000|  0%| F|  |TAMS 0x0000000719e00000, 0x0000000719e00000| Untracked 
| 179|0x000000071a000000, 0x000000071a000000, 0x000000071a200000|  0%| F|  |TAMS 0x000000071a000000, 0x000000071a000000| Untracked 
| 180|0x000000071a200000, 0x000000071a200000, 0x000000071a400000|  0%| F|  |TAMS 0x000000071a200000, 0x000000071a200000| Untracked 
| 181|0x000000071a400000, 0x000000071a400000, 0x000000071a600000|  0%| F|  |TAMS 0x000000071a400000, 0x000000071a400000| Untracked 
| 182|0x000000071a600000, 0x000000071a600000, 0x000000071a800000|  0%| F|  |TAMS 0x000000071a600000, 0x000000071a600000| Untracked 
| 183|0x000000071a800000, 0x000000071a800000, 0x000000071aa00000|  0%| F|  |TAMS 0x000000071a800000, 0x000000071a800000| Untracked 
| 184|0x000000071aa00000, 0x000000071aa00000, 0x000000071ac00000|  0%| F|  |TAMS 0x000000071aa00000, 0x000000071aa00000| Untracked 
| 185|0x000000071ac00000, 0x000000071ac00000, 0x000000071ae00000|  0%| F|  |TAMS 0x000000071ac00000, 0x000000071ac00000| Untracked 
| 186|0x000000071ae00000, 0x000000071ae00000, 0x000000071b000000|  0%| F|  |TAMS 0x000000071ae00000, 0x000000071ae00000| Untracked 
| 187|0x000000071b000000, 0x000000071b000000, 0x000000071b200000|  0%| F|  |TAMS 0x000000071b000000, 0x000000071b000000| Untracked 
| 188|0x000000071b200000, 0x000000071b200000, 0x000000071b400000|  0%| F|  |TAMS 0x000000071b200000, 0x000000071b200000| Untracked 
| 189|0x000000071b400000, 0x000000071b400000, 0x000000071b600000|  0%| F|  |TAMS 0x000000071b400000, 0x000000071b400000| Untracked 
| 190|0x000000071b600000, 0x000000071b600000, 0x000000071b800000|  0%| F|  |TAMS 0x000000071b600000, 0x000000071b600000| Untracked 
| 191|0x000000071b800000, 0x000000071b800000, 0x000000071ba00000|  0%| F|  |TAMS 0x000000071b800000, 0x000000071b800000| Untracked 
| 192|0x000000071ba00000, 0x000000071ba00000, 0x000000071bc00000|  0%| F|  |TAMS 0x000000071ba00000, 0x000000071ba00000| Untracked 
| 193|0x000000071bc00000, 0x000000071bc00000, 0x000000071be00000|  0%| F|  |TAMS 0x000000071bc00000, 0x000000071bc00000| Untracked 
| 194|0x000000071be00000, 0x000000071be00000, 0x000000071c000000|  0%| F|  |TAMS 0x000000071be00000, 0x000000071be00000| Untracked 
| 195|0x000000071c000000, 0x000000071c000000, 0x000000071c200000|  0%| F|  |TAMS 0x000000071c000000, 0x000000071c000000| Untracked 
| 196|0x000000071c200000, 0x000000071c200000, 0x000000071c400000|  0%| F|  |TAMS 0x000000071c200000, 0x000000071c200000| Untracked 
| 197|0x000000071c400000, 0x000000071c400000, 0x000000071c600000|  0%| F|  |TAMS 0x000000071c400000, 0x000000071c400000| Untracked 
| 198|0x000000071c600000, 0x000000071c600000, 0x000000071c800000|  0%| F|  |TAMS 0x000000071c600000, 0x000000071c600000| Untracked 
| 199|0x000000071c800000, 0x000000071c800000, 0x000000071ca00000|  0%| F|  |TAMS 0x000000071c800000, 0x000000071c800000| Untracked 
| 200|0x000000071ca00000, 0x000000071ca00000, 0x000000071cc00000|  0%| F|  |TAMS 0x000000071ca00000, 0x000000071ca00000| Untracked 
| 201|0x000000071cc00000, 0x000000071cc00000, 0x000000071ce00000|  0%| F|  |TAMS 0x000000071cc00000, 0x000000071cc00000| Untracked 
| 202|0x000000071ce00000, 0x000000071ce00000, 0x000000071d000000|  0%| F|  |TAMS 0x000000071ce00000, 0x000000071ce00000| Untracked 
| 203|0x000000071d000000, 0x000000071d000000, 0x000000071d200000|  0%| F|  |TAMS 0x000000071d000000, 0x000000071d000000| Untracked 
| 204|0x000000071d200000, 0x000000071d200000, 0x000000071d400000|  0%| F|  |TAMS 0x000000071d200000, 0x000000071d200000| Untracked 
| 205|0x000000071d400000, 0x000000071d400000, 0x000000071d600000|  0%| F|  |TAMS 0x000000071d400000, 0x000000071d400000| Untracked 
| 206|0x000000071d600000, 0x000000071d600000, 0x000000071d800000|  0%| F|  |TAMS 0x000000071d600000, 0x000000071d600000| Untracked 
| 207|0x000000071d800000, 0x000000071d800000, 0x000000071da00000|  0%| F|  |TAMS 0x000000071d800000, 0x000000071d800000| Untracked 
| 208|0x000000071da00000, 0x000000071da00000, 0x000000071dc00000|  0%| F|  |TAMS 0x000000071da00000, 0x000000071da00000| Untracked 
| 209|0x000000071dc00000, 0x000000071dc00000, 0x000000071de00000|  0%| F|  |TAMS 0x000000071dc00000, 0x000000071dc00000| Untracked 
| 210|0x000000071de00000, 0x000000071de00000, 0x000000071e000000|  0%| F|  |TAMS 0x000000071de00000, 0x000000071de00000| Untracked 
| 211|0x000000071e000000, 0x000000071e000000, 0x000000071e200000|  0%| F|  |TAMS 0x000000071e000000, 0x000000071e000000| Untracked 
| 212|0x000000071e200000, 0x000000071e200000, 0x000000071e400000|  0%| F|  |TAMS 0x000000071e200000, 0x000000071e200000| Untracked 
| 213|0x000000071e400000, 0x000000071e400000, 0x000000071e600000|  0%| F|  |TAMS 0x000000071e400000, 0x000000071e400000| Untracked 
| 214|0x000000071e600000, 0x000000071e600000, 0x000000071e800000|  0%| F|  |TAMS 0x000000071e600000, 0x000000071e600000| Untracked 
| 215|0x000000071e800000, 0x000000071e800000, 0x000000071ea00000|  0%| F|  |TAMS 0x000000071e800000, 0x000000071e800000| Untracked 
| 216|0x000000071ea00000, 0x000000071ea00800, 0x000000071ec00000|  0%| E|  |TAMS 0x000000071ea00000, 0x000000071ea00000| Complete 
| 217|0x000000071ec00000, 0x000000071ee00000, 0x000000071ee00000|100%| E|CS|TAMS 0x000000071ec00000, 0x000000071ec00000| Complete 
| 218|0x000000071ee00000, 0x000000071f000000, 0x000000071f000000|100%| E|CS|TAMS 0x000000071ee00000, 0x000000071ee00000| Complete 
| 219|0x000000071f000000, 0x000000071f200000, 0x000000071f200000|100%| E|CS|TAMS 0x000000071f000000, 0x000000071f000000| Complete 
| 220|0x000000071f200000, 0x000000071f400000, 0x000000071f400000|100%| E|CS|TAMS 0x000000071f200000, 0x000000071f200000| Complete 
| 221|0x000000071f400000, 0x000000071f600000, 0x000000071f600000|100%| E|CS|TAMS 0x000000071f400000, 0x000000071f400000| Complete 
| 222|0x000000071f600000, 0x000000071f800000, 0x000000071f800000|100%| E|CS|TAMS 0x000000071f600000, 0x000000071f600000| Complete 
| 223|0x000000071f800000, 0x000000071fa00000, 0x000000071fa00000|100%| E|CS|TAMS 0x000000071f800000, 0x000000071f800000| Complete 
| 224|0x000000071fa00000, 0x000000071fc00000, 0x000000071fc00000|100%| E|CS|TAMS 0x000000071fa00000, 0x000000071fa00000| Complete 
| 225|0x000000071fc00000, 0x000000071fe00000, 0x000000071fe00000|100%| E|CS|TAMS 0x000000071fc00000, 0x000000071fc00000| Complete 
| 226|0x000000071fe00000, 0x0000000720000000, 0x0000000720000000|100%| E|CS|TAMS 0x000000071fe00000, 0x000000071fe00000| Complete 
| 227|0x0000000720000000, 0x0000000720200000, 0x0000000720200000|100%| E|CS|TAMS 0x0000000720000000, 0x0000000720000000| Complete 
| 228|0x0000000720200000, 0x0000000720400000, 0x0000000720400000|100%| E|CS|TAMS 0x0000000720200000, 0x0000000720200000| Complete 
| 229|0x0000000720400000, 0x0000000720600000, 0x0000000720600000|100%| E|CS|TAMS 0x0000000720400000, 0x0000000720400000| Complete 
| 230|0x0000000720600000, 0x0000000720800000, 0x0000000720800000|100%| E|CS|TAMS 0x0000000720600000, 0x0000000720600000| Complete 
| 231|0x0000000720800000, 0x0000000720a00000, 0x0000000720a00000|100%| E|CS|TAMS 0x0000000720800000, 0x0000000720800000| Complete 
| 232|0x0000000720a00000, 0x0000000720c00000, 0x0000000720c00000|100%| E|CS|TAMS 0x0000000720a00000, 0x0000000720a00000| Complete 
| 233|0x0000000720c00000, 0x0000000720e00000, 0x0000000720e00000|100%| E|CS|TAMS 0x0000000720c00000, 0x0000000720c00000| Complete 
| 234|0x0000000720e00000, 0x0000000721000000, 0x0000000721000000|100%| E|CS|TAMS 0x0000000720e00000, 0x0000000720e00000| Complete 
| 235|0x0000000721000000, 0x0000000721200000, 0x0000000721200000|100%| E|CS|TAMS 0x0000000721000000, 0x0000000721000000| Complete 
| 236|0x0000000721200000, 0x0000000721400000, 0x0000000721400000|100%| E|CS|TAMS 0x0000000721200000, 0x0000000721200000| Complete 
| 237|0x0000000721400000, 0x0000000721600000, 0x0000000721600000|100%| E|CS|TAMS 0x0000000721400000, 0x0000000721400000| Complete 
| 238|0x0000000721600000, 0x0000000721800000, 0x0000000721800000|100%| E|CS|TAMS 0x0000000721600000, 0x0000000721600000| Complete 
| 239|0x0000000721800000, 0x0000000721a00000, 0x0000000721a00000|100%| E|CS|TAMS 0x0000000721800000, 0x0000000721800000| Complete 
| 240|0x0000000721a00000, 0x0000000721c00000, 0x0000000721c00000|100%| E|CS|TAMS 0x0000000721a00000, 0x0000000721a00000| Complete 
| 241|0x0000000721c00000, 0x0000000721d181b0, 0x0000000721e00000| 54%| S|CS|TAMS 0x0000000721c00000, 0x0000000721c00000| Complete 
| 242|0x0000000721e00000, 0x0000000722000000, 0x0000000722000000|100%| E|CS|TAMS 0x0000000721e00000, 0x0000000721e00000| Complete 

Card table byte_map: [0x000001ed79d60000,0x000001ed7a550000] _byte_map_base: 0x000001ed76543000

Marking Bits (Prev, Next): (CMBitMap*) 0x000001ed71b0d900, (CMBitMap*) 0x000001ed71b0d940
 Prev Bits: [0x000001ed7ad40000, 0x000001ed7ec58000)
 Next Bits: [0x000001ed0f000000, 0x000001ed12f18000)

Polling page: 0x000001ed6faa0000

Metaspace:

Usage:
  Non-class:     11.43 MB used.
      Class:    880.06 KB used.
       Both:     12.29 MB used.

Virtual space:
  Non-class space:       16.00 MB reserved,      11.56 MB ( 72%) committed,  2 nodes.
      Class space:        1.00 GB reserved,     960.00 KB ( <1%) committed,  1 nodes.
              Both:        1.02 GB reserved,      12.50 MB (  1%) committed. 

Chunk freelists:
   Non-Class:  3.66 MB
       Class:  2.94 MB
        Both:  6.59 MB

MaxMetaspaceSize: 17179869184.00 GB
CompressedClassSpaceSize: 1.00 GB
 - commit_granule_bytes: 65536.
 - commit_granule_words: 8192.
 - virtual_space_node_default_size: 1048576.
 - enlarge_chunks_in_place: 1.
 - new_chunks_are_fully_committed: 0.
 - uncommit_free_chunks: 1.
 - use_allocation_guard: 0.
 - handle_deallocations: 1.


Internal statistics:

num_allocs_failed_limit: 0.
num_arena_births: 86.
num_arena_deaths: 0.
num_vsnodes_births: 3.
num_vsnodes_deaths: 0.
num_space_committed: 196.
num_space_uncommitted: 0.
num_chunks_returned_to_freelist: 0.
num_chunks_taken_from_freelist: 346.
num_chunk_merges: 0.
num_chunk_splits: 278.
num_chunks_enlarged: 230.
num_purges: 0.

CodeHeap 'non-profiled nmethods': size=120000Kb used=745Kb max_used=745Kb free=119254Kb
 bounds [0x000001ed07ad0000, 0x000001ed07d40000, 0x000001ed0f000000]
CodeHeap 'profiled nmethods': size=120000Kb used=3344Kb max_used=3344Kb free=116655Kb
 bounds [0x000001ed005a0000, 0x000001ed008f0000, 0x000001ed07ad0000]
CodeHeap 'non-nmethods': size=5760Kb used=1538Kb max_used=1563Kb free=4222Kb
 bounds [0x000001ed00000000, 0x000001ed00270000, 0x000001ed005a0000]
 total_blobs=2627 nmethods=1704 adapters=836
 compilation: enabled
              stopped_count=0, restarted_count=0
 full_count=0

Compilation events (20 events):
Event: 22.417 Thread 0x000001ed7f6f5700 1694       4       jogamp.opengl.gl4.GL4bcImpl::glBufferDataDelegate (92 bytes)
Event: 22.418 Thread 0x000001ed7f6f5700 nmethod 1694 0x000001ed07b86e10 code [0x000001ed07b86fc0, 0x000001ed07b87288]
Event: 23.505 Thread 0x000001ed15908140 1695       1       com.jogamp.newt.event.NEWTEvent::getEventType (5 bytes)
Event: 23.505 Thread 0x000001ed15908140 nmethod 1695 0x000001ed07b87510 code [0x000001ed07b876a0, 0x000001ed07b87778]
Event: 23.546 Thread 0x000001ed15908140 1696       1       java.util.concurrent.locks.AbstractQueuedSynchronizer::getState (5 bytes)
Event: 23.546 Thread 0x000001ed15908140 nmethod 1696 0x000001ed07b87810 code [0x000001ed07b879a0, 0x000001ed07b87a78]
Event: 23.558 Thread 0x000001ed15908140 1697       1       java.util.concurrent.locks.AbstractQueuedSynchronizer::setState (6 bytes)
Event: 23.558 Thread 0x000001ed15908140 nmethod 1697 0x000001ed07b87b10 code [0x000001ed07b87ca0, 0x000001ed07b87d78]
Event: 24.154 Thread 0x000001ed15908140 1698       1       jogamp.newt.WindowImpl::getSurfaceWidth (5 bytes)
Event: 24.154 Thread 0x000001ed15908140 nmethod 1698 0x000001ed07b87e10 code [0x000001ed07b87fa0, 0x000001ed07b88078]
Event: 24.154 Thread 0x000001ed15908140 1699       1       jogamp.newt.WindowImpl::getSurfaceHeight (5 bytes)
Event: 24.154 Thread 0x000001ed15908140 nmethod 1699 0x000001ed07b88110 code [0x000001ed07b882a0, 0x000001ed07b88378]
Event: 24.942 Thread 0x000001ed7f6f5700 1700       4       processing.opengl.PJOGL::enableVertexAttribArray (11 bytes)
Event: 24.943 Thread 0x000001ed7f6f5700 nmethod 1700 0x000001ed07b88410 code [0x000001ed07b885a0, 0x000001ed07b886c8]
Event: 25.313 Thread 0x000001ed7f6f5700 1701   !   4       java.nio.DirectIntBufferU::get (34 bytes)
Event: 25.314 Thread 0x000001ed7f6f5700 nmethod 1701 0x000001ed07b88810 code [0x000001ed07b889a0, 0x000001ed07b88a98]
Event: 25.490 Thread 0x000001ed7f6f5700 1702       4       processing.opengl.PShader::setUniformVector (96 bytes)
Event: 25.495 Thread 0x000001ed7f6f5700 nmethod 1702 0x000001ed07b88c10 code [0x000001ed07b88de0, 0x000001ed07b89628]
Event: 25.816 Thread 0x000001ed7f6f5700 1703       4       java.lang.CharacterData::of (124 bytes)
Event: 25.817 Thread 0x000001ed7f6f5700 nmethod 1703 0x000001ed07b89e10 code [0x000001ed07b89fa0, 0x000001ed07b8a018]

GC Heap History (16 events):
Event: 0.527 GC heap before
{Heap before GC invocations=0 (full 0):
 garbage-first heap   total 260096K, used 22528K [0x0000000703a00000, 0x0000000800000000)
  region size 2048K, 11 young (22528K), 0 survivors (0K)
 Metaspace       used 10528K, committed 10688K, reserved 1064960K
  class space    used 748K, committed 832K, reserved 1048576K
}
Event: 0.530 GC heap after
{Heap after GC invocations=1 (full 0):
 garbage-first heap   total 260096K, used 6057K [0x0000000703a00000, 0x0000000800000000)
  region size 2048K, 2 young (4096K), 2 survivors (4096K)
 Metaspace       used 10528K, committed 10688K, reserved 1064960K
  class space    used 748K, committed 832K, reserved 1048576K
}
Event: 1.082 GC heap before
{Heap before GC invocations=1 (full 0):
 garbage-first heap   total 260096K, used 32681K [0x0000000703a00000, 0x0000000800000000)
  region size 2048K, 16 young (32768K), 2 survivors (4096K)
 Metaspace       used 11838K, committed 12032K, reserved 1064960K
  class space    used 867K, committed 960K, reserved 1048576K
}
Event: 1.085 GC heap after
{Heap after GC invocations=2 (full 0):
 garbage-first heap   total 260096K, used 10825K [0x0000000703a00000, 0x0000000800000000)
  region size 2048K, 2 young (4096K), 2 survivors (4096K)
 Metaspace       used 11838K, committed 12032K, reserved 1064960K
  class space    used 867K, committed 960K, reserved 1048576K
}
Event: 1.132 GC heap before
{Heap before GC invocations=2 (full 0):
 garbage-first heap   total 260096K, used 119369K [0x0000000703a00000, 0x0000000800000000)
  region size 2048K, 6 young (12288K), 2 survivors (4096K)
 Metaspace       used 11845K, committed 12032K, reserved 1064960K
  class space    used 867K, committed 960K, reserved 1048576K
}
Event: 1.134 GC heap after
{Heap after GC invocations=3 (full 0):
 garbage-first heap   total 260096K, used 67278K [0x0000000703a00000, 0x0000000800000000)
  region size 2048K, 1 young (2048K), 1 survivors (2048K)
 Metaspace       used 11845K, committed 12032K, reserved 1064960K
  class space    used 867K, committed 960K, reserved 1048576K
}
Event: 1.142 GC heap before
{Heap before GC invocations=3 (full 0):
 garbage-first heap   total 260096K, used 116430K [0x0000000703a00000, 0x0000000800000000)
  region size 2048K, 1 young (2048K), 1 survivors (2048K)
 Metaspace       used 11845K, committed 12032K, reserved 1064960K
  class space    used 867K, committed 960K, reserved 1048576K
}
Event: 1.143 GC heap after
{Heap after GC invocations=4 (full 0):
 garbage-first heap   total 260096K, used 85669K [0x0000000703a00000, 0x0000000800000000)
  region size 2048K, 1 young (2048K), 1 survivors (2048K)
 Metaspace       used 11845K, committed 12032K, reserved 1064960K
  class space    used 867K, committed 960K, reserved 1048576K
}
Event: 1.179 GC heap before
{Heap before GC invocations=4 (full 0):
 garbage-first heap   total 260096K, used 120485K [0x0000000703a00000, 0x0000000800000000)
  region size 2048K, 5 young (10240K), 1 survivors (2048K)
 Metaspace       used 11863K, committed 12032K, reserved 1064960K
  class space    used 867K, committed 960K, reserved 1048576K
}
Event: 1.180 GC heap after
{Heap after GC invocations=5 (full 0):
 garbage-first heap   total 260096K, used 108616K [0x0000000703a00000, 0x0000000800000000)
  region size 2048K, 2 young (4096K), 2 survivors (4096K)
 Metaspace       used 11863K, committed 12032K, reserved 1064960K
  class space    used 867K, committed 960K, reserved 1048576K
}
Event: 1.191 GC heap before
{Heap before GC invocations=5 (full 0):
 garbage-first heap   total 260096K, used 120904K [0x0000000703a00000, 0x0000000800000000)
  region size 2048K, 5 young (10240K), 2 survivors (4096K)
 Metaspace       used 11865K, committed 12032K, reserved 1064960K
  class space    used 867K, committed 960K, reserved 1048576K
}
Event: 1.192 GC heap after
{Heap after GC invocations=6 (full 0):
 garbage-first heap   total 260096K, used 114605K [0x0000000703a00000, 0x0000000800000000)
  region size 2048K, 2 young (4096K), 2 survivors (4096K)
 Metaspace       used 11865K, committed 12032K, reserved 1064960K
  class space    used 867K, committed 960K, reserved 1048576K
}
Event: 1.194 GC heap before
{Heap before GC invocations=6 (full 0):
 garbage-first heap   total 260096K, used 118701K [0x0000000703a00000, 0x0000000800000000)
  region size 2048K, 3 young (6144K), 2 survivors (4096K)
 Metaspace       used 11866K, committed 12032K, reserved 1064960K
  class space    used 867K, committed 960K, reserved 1048576K
}
Event: 1.196 GC heap after
{Heap after GC invocations=7 (full 0):
 garbage-first heap   total 497664K, used 116499K [0x0000000703a00000, 0x0000000800000000)
  region size 2048K, 2 young (4096K), 2 survivors (4096K)
 Metaspace       used 11866K, committed 12032K, reserved 1064960K
  class space    used 867K, committed 960K, reserved 1048576K
}
Event: 1.249 GC heap before
{Heap before GC invocations=7 (full 0):
 garbage-first heap   total 497664K, used 222995K [0x0000000703a00000, 0x0000000800000000)
  region size 2048K, 3 young (6144K), 2 survivors (4096K)
 Metaspace       used 11868K, committed 12032K, reserved 1064960K
  class space    used 867K, committed 960K, reserved 1048576K
}
Event: 1.250 GC heap after
{Heap after GC invocations=8 (full 0):
 garbage-first heap   total 497664K, used 165545K [0x0000000703a00000, 0x0000000800000000)
  region size 2048K, 1 young (2048K), 1 survivors (2048K)
 Metaspace       used 11868K, committed 12032K, reserved 1064960K
  class space    used 867K, committed 960K, reserved 1048576K
}

Deoptimization events (20 events):
Event: 1.402 Thread 0x000001ed17ec6970 DEOPT PACKING pc=0x000001ed00771634 sp=0x000000e4144feb80
Event: 1.402 Thread 0x000001ed17ec6970 DEOPT UNPACKING pc=0x000001ed0004e77e sp=0x000000e4144fe070 mode 0
Event: 1.421 Thread 0x000001ed17ec6970 DEOPT PACKING pc=0x000001ed0078430b sp=0x000000e4144feb00
Event: 1.421 Thread 0x000001ed17ec6970 DEOPT UNPACKING pc=0x000001ed0004e77e sp=0x000000e4144fdf88 mode 0
Event: 1.422 Thread 0x000001ed17ec6970 Uncommon trap: trap_request=0xffffff45 fr.pc=0x000001ed07b38454 relative=0x00000000000000b4
Event: 1.423 Thread 0x000001ed17ec6970 Uncommon trap: reason=unstable_if action=reinterpret pc=0x000001ed07b38454 method=processing.opengl.PGraphicsOpenGL$InGeometry.calcTrianglesNormals()V @ 42 c2
Event: 1.423 Thread 0x000001ed17ec6970 DEOPT PACKING pc=0x000001ed07b38454 sp=0x000000e4144feb00
Event: 1.423 Thread 0x000001ed17ec6970 DEOPT UNPACKING pc=0x000001ed0004f92e sp=0x000000e4144fea98 mode 2
Event: 1.423 Thread 0x000001ed17ec6970 Uncommon trap: trap_request=0xffffff45 fr.pc=0x000001ed07b38cc4 relative=0x0000000000000224
Event: 1.423 Thread 0x000001ed17ec6970 Uncommon trap: reason=unstable_if action=reinterpret pc=0x000001ed07b38cc4 method=processing.opengl.PGraphicsOpenGL$Tessellator.tessellateTriangles()V @ 68 c2
Event: 1.423 Thread 0x000001ed17ec6970 DEOPT PACKING pc=0x000001ed07b38cc4 sp=0x000000e4144feb00
Event: 1.423 Thread 0x000001ed17ec6970 DEOPT UNPACKING pc=0x000001ed0004f92e sp=0x000000e4144feaa0 mode 2
Event: 1.429 Thread 0x000001ed17ec6970 Uncommon trap: trap_request=0xffffff45 fr.pc=0x000001ed07b3e788 relative=0x0000000000000cc8
Event: 1.429 Thread 0x000001ed17ec6970 Uncommon trap: reason=unstable_if action=reinterpret pc=0x000001ed07b3e788 method=processing.opengl.PGraphicsOpenGL$Tessellator.splitRawIndices(Z)V @ 402 c2
Event: 1.429 Thread 0x000001ed17ec6970 DEOPT PACKING pc=0x000001ed07b3e788 sp=0x000000e4144fea40
Event: 1.429 Thread 0x000001ed17ec6970 DEOPT UNPACKING pc=0x000001ed0004f92e sp=0x000000e4144fe968 mode 2
Event: 1.470 Thread 0x000001ed17ec6970 DEOPT PACKING pc=0x000001ed00781751 sp=0x000000e4144fec40
Event: 1.470 Thread 0x000001ed17ec6970 DEOPT UNPACKING pc=0x000001ed0004e77e sp=0x000000e4144fe180 mode 0
Event: 1.501 Thread 0x000001ed17ec6970 DEOPT PACKING pc=0x000001ed007c9670 sp=0x000000e4144fe970
Event: 1.501 Thread 0x000001ed17ec6970 DEOPT UNPACKING pc=0x000001ed0004e77e sp=0x000000e4144fde48 mode 0

Classes unloaded (0 events):
No events

Classes redefined (0 events):
No events

Internal exceptions (20 events):
Event: 1.401 Thread 0x000001ed17ec6970 Exception <a 'java/lang/ArrayIndexOutOfBoundsException'{0x000000072175eaf0}> (0x000000072175eaf0) 
thrown [t:\workspace\open\src\hotspot\share\runtime\sharedRuntime.cpp, line 624]
Event: 1.401 Thread 0x000001ed17ec6970 Exception <a 'java/lang/ArrayIndexOutOfBoundsException'{0x000000072175ee38}> (0x000000072175ee38) 
thrown [t:\workspace\open\src\hotspot\share\runtime\sharedRuntime.cpp, line 624]
Event: 1.401 Thread 0x000001ed17ec6970 Exception <a 'java/lang/ArrayIndexOutOfBoundsException'{0x000000072175f180}> (0x000000072175f180) 
thrown [t:\workspace\open\src\hotspot\share\runtime\sharedRuntime.cpp, line 624]
Event: 1.401 Thread 0x000001ed17ec6970 Exception <a 'java/lang/ArrayIndexOutOfBoundsException'{0x000000072175f4c8}> (0x000000072175f4c8) 
thrown [t:\workspace\open\src\hotspot\share\runtime\sharedRuntime.cpp, line 624]
Event: 1.401 Thread 0x000001ed17ec6970 Exception <a 'java/lang/ArrayIndexOutOfBoundsException'{0x000000072175f810}> (0x000000072175f810) 
thrown [t:\workspace\open\src\hotspot\share\runtime\sharedRuntime.cpp, line 624]
Event: 1.401 Thread 0x000001ed17ec6970 Exception <a 'java/lang/ArrayIndexOutOfBoundsException'{0x000000072175fb58}> (0x000000072175fb58) 
thrown [t:\workspace\open\src\hotspot\share\runtime\sharedRuntime.cpp, line 624]
Event: 1.401 Thread 0x000001ed17ec6970 Exception <a 'java/lang/ArrayIndexOutOfBoundsException'{0x000000072175fea0}> (0x000000072175fea0) 
thrown [t:\workspace\open\src\hotspot\share\runtime\sharedRuntime.cpp, line 624]
Event: 1.401 Thread 0x000001ed17ec6970 Exception <a 'java/lang/ArrayIndexOutOfBoundsException'{0x00000007217601e8}> (0x00000007217601e8) 
thrown [t:\workspace\open\src\hotspot\share\runtime\sharedRuntime.cpp, line 624]
Event: 1.401 Thread 0x000001ed17ec6970 Exception <a 'java/lang/ArrayIndexOutOfBoundsException'{0x0000000721760530}> (0x0000000721760530) 
thrown [t:\workspace\open\src\hotspot\share\runtime\sharedRuntime.cpp, line 624]
Event: 1.401 Thread 0x000001ed17ec6970 Exception <a 'java/lang/ArrayIndexOutOfBoundsException'{0x0000000721760878}> (0x0000000721760878) 
thrown [t:\workspace\open\src\hotspot\share\runtime\sharedRuntime.cpp, line 624]
Event: 1.401 Thread 0x000001ed17ec6970 Exception <a 'java/lang/ArrayIndexOutOfBoundsException'{0x0000000721760bc0}> (0x0000000721760bc0) 
thrown [t:\workspace\open\src\hotspot\share\runtime\sharedRuntime.cpp, line 624]
Event: 1.402 Thread 0x000001ed17ec6970 Exception <a 'java/lang/ArrayIndexOutOfBoundsException'{0x0000000721760f08}> (0x0000000721760f08) 
thrown [t:\workspace\open\src\hotspot\share\runtime\sharedRuntime.cpp, line 624]
Event: 1.402 Thread 0x000001ed17ec6970 Exception <a 'java/lang/ArrayIndexOutOfBoundsException'{0x0000000721761250}> (0x0000000721761250) 
thrown [t:\workspace\open\src\hotspot\share\runtime\sharedRuntime.cpp, line 624]
Event: 1.402 Thread 0x000001ed17ec6970 Exception <a 'java/lang/ArrayIndexOutOfBoundsException'{0x0000000721761598}> (0x0000000721761598) 
thrown [t:\workspace\open\src\hotspot\share\runtime\sharedRuntime.cpp, line 624]
Event: 1.402 Thread 0x000001ed17ec6970 Exception <a 'java/lang/ArrayIndexOutOfBoundsException'{0x00000007217618e0}> (0x00000007217618e0) 
thrown [t:\workspace\open\src\hotspot\share\runtime\sharedRuntime.cpp, line 624]
Event: 1.402 Thread 0x000001ed17ec6970 Exception <a 'java/lang/ArrayIndexOutOfBoundsException'{0x0000000721761c28}> (0x0000000721761c28) 
thrown [t:\workspace\open\src\hotspot\share\runtime\sharedRuntime.cpp, line 624]
Event: 1.402 Thread 0x000001ed17ec6970 Exception <a 'java/lang/ArrayIndexOutOfBoundsException'{0x0000000721761f70}> (0x0000000721761f70) 
thrown [t:\workspace\open\src\hotspot\share\runtime\sharedRuntime.cpp, line 624]
Event: 1.402 Thread 0x000001ed17ec6970 Exception <a 'java/lang/ArrayIndexOutOfBoundsException'{0x00000007217622b8}> (0x00000007217622b8) 
thrown [t:\workspace\open\src\hotspot\share\runtime\sharedRuntime.cpp, line 624]
Event: 1.402 Thread 0x000001ed17ec6970 Exception <a 'java/lang/ArrayIndexOutOfBoundsException'{0x0000000721762600}> (0x0000000721762600) 
thrown [t:\workspace\open\src\hotspot\share\runtime\sharedRuntime.cpp, line 624]
Event: 25.789 Thread 0x000001ed15a3bf50 Exception <a 'java/lang/InterruptedException'{0x000000071ef00800}> (0x000000071ef00800) 
thrown [t:\workspace\open\src\hotspot\share\runtime\objectMonitor.cpp, line 1705]

Events (20 events):
Event: 22.310 Executing  VM operation: Cleanup
Event: 22.310 Executing  VM operation: Cleanup done
Event: 23.310 Executing  VM operation: Cleanup
Event: 23.310 Executing  VM operation: Cleanup done
Event: 25.311 Executing  VM operation: Cleanup
Event: 25.312 Executing  VM operation: Cleanup done
Event: 25.789 Thread 0x000001ed17ec39a0 Thread added: 0x000001ed17ec39a0
Event: 25.789 Thread 0x000001ed15a3bf50 Thread exited: 0x000001ed15a3bf50
Event: 25.789 Thread 0x000001ed17ec7410 Thread added: 0x000001ed17ec7410
Event: 25.789 Thread 0x000001ed17ecb3d0 Thread added: 0x000001ed17ecb3d0
Event: 25.789 loading class java/nio/channels/ClosedChannelException
Event: 25.789 loading class java/nio/channels/ClosedChannelException done
Event: 25.789 Thread 0x000001ed17ec39a0 Thread exited: 0x000001ed17ec39a0
Event: 25.789 Thread 0x000001ed17ec6420 Thread added: 0x000001ed17ec6420
Event: 25.790 Thread 0x000001ed15a3aa10 Thread exited: 0x000001ed15a3aa10
Event: 25.793 Thread 0x000001ed15a3d490 Thread exited: 0x000001ed15a3d490
Event: 25.815 Thread 0x000001ed15a3af60 Thread exited: 0x000001ed15a3af60
Event: 25.817 Thread 0x000001ed17ec7410 Thread exited: 0x000001ed17ec7410
Event: 25.891 Thread 0x000001ed17ecb3d0 Thread exited: 0x000001ed17ecb3d0
Event: 25.891 Executing  VM operation: Exit


Dynamic libraries:
0x00007ff62cff0000 - 0x00007ff62d000000 	C:\Program Files\Java\jdk-16.0.2\bin\javaw.exe
0x00007fff8ebf0000 - 0x00007fff8ede5000 	C:\windows\SYSTEM32\ntdll.dll
0x00007fff8de50000 - 0x00007fff8df0e000 	C:\windows\System32\KERNEL32.DLL
0x00007fff8c5c0000 - 0x00007fff8c888000 	C:\windows\System32\KERNELBASE.dll
0x00007fff8cab0000 - 0x00007fff8cbb0000 	C:\windows\System32\ucrtbase.dll
0x00007fff84d80000 - 0x00007fff84d99000 	C:\Program Files\Java\jdk-16.0.2\bin\VCRUNTIME140.dll
0x00007fff851c0000 - 0x00007fff851d8000 	C:\Program Files\Java\jdk-16.0.2\bin\jli.dll
0x00007fff8eb00000 - 0x00007fff8ebac000 	C:\windows\System32\ADVAPI32.dll
0x00007fff8e270000 - 0x00007fff8e30e000 	C:\windows\System32\msvcrt.dll
0x00007fff8e310000 - 0x00007fff8e3ab000 	C:\windows\System32\sechost.dll
0x00007fff8d3a0000 - 0x00007fff8d4ca000 	C:\windows\System32\RPCRT4.dll
0x00007fff8d5f0000 - 0x00007fff8d791000 	C:\windows\System32\USER32.dll
0x00007fff8cbb0000 - 0x00007fff8cbd2000 	C:\windows\System32\win32u.dll
0x00007fff8cef0000 - 0x00007fff8cf1b000 	C:\windows\System32\GDI32.dll
0x00007fff8c310000 - 0x00007fff8c41b000 	C:\windows\System32\gdi32full.dll
0x00007fff63bb0000 - 0x00007fff63e4a000 	C:\windows\WinSxS\amd64_microsoft.windows.common-controls_6595b64144ccf1df_6.0.19041.1110_none_60b5254171f9507e\COMCTL32.dll
0x00007fff8c470000 - 0x00007fff8c50d000 	C:\windows\System32\msvcp_win.dll
0x00007fff85760000 - 0x00007fff8576a000 	C:\windows\SYSTEM32\VERSION.dll
0x00007fff8dd50000 - 0x00007fff8dd80000 	C:\windows\System32\IMM32.DLL
0x00007fff85750000 - 0x00007fff8575c000 	C:\Program Files\Java\jdk-16.0.2\bin\vcruntime140_1.dll
0x00007fff62820000 - 0x00007fff628b1000 	C:\Program Files\Java\jdk-16.0.2\bin\msvcp140.dll
0x00007fff10d20000 - 0x00007fff118cb000 	C:\Program Files\Java\jdk-16.0.2\bin\server\jvm.dll
0x00007fff8d5e0000 - 0x00007fff8d5e8000 	C:\windows\System32\PSAPI.DLL
0x00007fff670e0000 - 0x00007fff67107000 	C:\windows\SYSTEM32\WINMM.dll
0x00007fff85700000 - 0x00007fff85709000 	C:\windows\SYSTEM32\WSOCK32.dll
0x00007fff8dd80000 - 0x00007fff8ddeb000 	C:\windows\System32\WS2_32.dll
0x00007fff8ab90000 - 0x00007fff8aba2000 	C:\windows\SYSTEM32\kernel.appcore.dll
0x00007fff84e20000 - 0x00007fff84e2a000 	C:\Program Files\Java\jdk-16.0.2\bin\jimage.dll
0x00007fff8a0f0000 - 0x00007fff8a2d4000 	C:\windows\SYSTEM32\DBGHELP.DLL
0x00007fff79e40000 - 0x00007fff79e6c000 	C:\windows\SYSTEM32\dbgcore.DLL
0x00007fff8ca20000 - 0x00007fff8caa3000 	C:\windows\System32\bcryptPrimitives.dll
0x00007fff68960000 - 0x00007fff68985000 	C:\Program Files\Java\jdk-16.0.2\bin\java.dll
0x00007fff8e3c0000 - 0x00007fff8eaff000 	C:\windows\System32\SHELL32.dll
0x00007fff8a3f0000 - 0x00007fff8ab80000 	C:\windows\SYSTEM32\windows.storage.dll
0x00007fff8df10000 - 0x00007fff8e265000 	C:\windows\System32\combase.dll
0x00007fff8bcf0000 - 0x00007fff8bd1e000 	C:\windows\SYSTEM32\Wldp.dll
0x00007fff8d4d0000 - 0x00007fff8d57d000 	C:\windows\System32\SHCORE.dll
0x00007fff8db30000 - 0x00007fff8db85000 	C:\windows\System32\shlwapi.dll
0x00007fff8c250000 - 0x00007fff8c26f000 	C:\windows\SYSTEM32\profapi.dll
0x00007fff73f50000 - 0x00007fff73f69000 	C:\Program Files\Java\jdk-16.0.2\bin\net.dll
0x00007fff873d0000 - 0x00007fff874dc000 	C:\windows\SYSTEM32\WINHTTP.dll
0x00007fff8ba50000 - 0x00007fff8baba000 	C:\windows\system32\mswsock.dll
0x00007fff632a0000 - 0x00007fff632b3000 	C:\Program Files\Java\jdk-16.0.2\bin\nio.dll
0x00007fff63280000 - 0x00007fff63298000 	C:\Program Files\Java\jdk-16.0.2\bin\zip.dll
0x00007fff84880000 - 0x00007fff84890000 	C:\Program Files\Java\jdk-16.0.2\bin\verify.dll
0x00007fff413f0000 - 0x00007fff41570000 	C:\Program Files\Java\jdk-16.0.2\bin\awt.dll
0x00007fff8d880000 - 0x00007fff8d94d000 	C:\windows\System32\OLEAUT32.dll
0x00007fff89770000 - 0x00007fff89800000 	C:\windows\SYSTEM32\apphelp.dll
0x00007fff89950000 - 0x00007fff899ee000 	C:\windows\system32\uxtheme.dll
0x00007fff8cc40000 - 0x00007fff8cd55000 	C:\windows\System32\MSCTF.dll
0x00007fff8dc20000 - 0x00007fff8dd4a000 	C:\windows\System32\ole32.dll
0x00007fff89a40000 - 0x00007fff89a6f000 	C:\windows\system32\DWMAPI.DLL
0x00007fff75400000 - 0x00007fff75525000 	C:\windows\system32\opengl32.dll
0x00007fff84f00000 - 0x00007fff84f2c000 	C:\windows\SYSTEM32\GLU32.dll
0x00007fff8bc40000 - 0x00007fff8bc58000 	C:\windows\SYSTEM32\CRYPTSP.dll
0x00007fff8b370000 - 0x00007fff8b3a4000 	C:\windows\system32\rsaenh.dll
0x00007fff8c9f0000 - 0x00007fff8ca17000 	C:\windows\System32\bcrypt.dll
0x00007fff8c1d0000 - 0x00007fff8c1fe000 	C:\windows\SYSTEM32\USERENV.dll
0x00007fff8bc60000 - 0x00007fff8bc6c000 	C:\windows\SYSTEM32\CRYPTBASE.dll
0x00007fff8b6e0000 - 0x00007fff8b71b000 	C:\windows\SYSTEM32\IPHLPAPI.DLL
0x00007fff8e3b0000 - 0x00007fff8e3b8000 	C:\windows\System32\NSI.dll
0x00007fff85a60000 - 0x00007fff85a77000 	C:\windows\SYSTEM32\dhcpcsvc6.DLL
0x00007fff85a40000 - 0x00007fff85a5d000 	C:\windows\SYSTEM32\dhcpcsvc.DLL
0x00007fff8b720000 - 0x00007fff8b7eb000 	C:\windows\SYSTEM32\DNSAPI.dll
0x00000000637c0000 - 0x00000000637cd000 	C:\Users\sethr\AppData\Local\Temp\jogamp_0000\file_cache\jln8141585043898366645\jln3928910192128743733\natives\windows-amd64\gluegen-rt.dll
0x00007fff7ae80000 - 0x00007fff7ae87000 	C:\Program Files\Java\jdk-16.0.2\bin\jawt.dll
0x000000006a440000 - 0x000000006a44d000 	C:\Users\sethr\AppData\Local\Temp\jogamp_0000\file_cache\jln8141585043898366645\jln3928910192128743733\natives\windows-amd64\nativewindow_awt.dll
0x000000006c100000 - 0x000000006c10f000 	C:\Users\sethr\AppData\Local\Temp\jogamp_0000\file_cache\jln8141585043898366645\jln3928910192128743733\natives\windows-amd64\nativewindow_win32.dll
0x000000006cbc0000 - 0x000000006cbd3000 	C:\Users\sethr\AppData\Local\Temp\jogamp_0000\file_cache\jln8141585043898366645\jln3928910192128743733\natives\windows-amd64\newt.dll
0x00007fff867c0000 - 0x00007fff8686e000 	C:\windows\SYSTEM32\mscms.dll
0x00007fff86750000 - 0x00007fff86761000 	C:\windows\SYSTEM32\ColorAdapterClient.dll
0x00007fff507f0000 - 0x00007fff50833000 	C:\windows\SYSTEM32\icm32.dll
0x00007fff8cf20000 - 0x00007fff8d392000 	C:\windows\System32\setupapi.dll
0x00007fff8c420000 - 0x00007fff8c46e000 	C:\windows\System32\cfgmgr32.dll
0x00007fff8c0b0000 - 0x00007fff8c0e4000 	C:\windows\SYSTEM32\DEVOBJ.dll
0x00007fff8cbe0000 - 0x00007fff8cc40000 	C:\windows\System32\WINTRUST.dll
0x00007fff8c890000 - 0x00007fff8c9e6000 	C:\windows\System32\CRYPT32.dll
0x00007fff8be80000 - 0x00007fff8be92000 	C:\windows\SYSTEM32\MSASN1.dll
0x0000000064500000 - 0x00000000645b1000 	C:\Users\sethr\AppData\Local\Temp\jogamp_0000\file_cache\jln8141585043898366645\jln3928910192128743733\natives\windows-amd64\jogl_desktop.dll
0x0000000064340000 - 0x00000000643a2000 	C:\Users\sethr\AppData\Local\Temp\jogamp_0000\file_cache\jln8141585043898366645\jln3928910192128743733\natives\windows-amd64\jogl_mobile.dll
0x00007fff8cd60000 - 0x00007fff8ce09000 	C:\windows\System32\clbcatq.dll
0x00007ffef60a0000 - 0x00007ffef70a0000 	C:\windows\System32\DriverStore\FileRepository\iigd_dch.inf_amd64_14d6d9e2312c79ae\igxelpicd64.dll
0x00007fff8ad20000 - 0x00007fff8ae14000 	C:\windows\system32\dxgi.dll
0x00007fff25920000 - 0x00007fff25d84000 	C:\windows\System32\DriverStore\FileRepository\iigd_dch.inf_amd64_14d6d9e2312c79ae\igdml64.dll
0x00007fff70030000 - 0x00007fff703ed000 	C:\windows\System32\DriverStore\FileRepository\iigd_dch.inf_amd64_14d6d9e2312c79ae\igdgmm64.dll
0x00007fff6cdf0000 - 0x00007fff70028000 	C:\windows\System32\DriverStore\FileRepository\iigd_dch.inf_amd64_14d6d9e2312c79ae\igc64.dll
0x00007fff8c060000 - 0x00007fff8c0ab000 	C:\windows\SYSTEM32\powrprof.dll
0x00007fff8c040000 - 0x00007fff8c052000 	C:\windows\SYSTEM32\UMPDC.dll
0x00007fff742d0000 - 0x00007fff743c9000 	C:\windows\SYSTEM32\textinputframework.dll
0x00007fff89530000 - 0x00007fff89622000 	C:\windows\System32\CoreMessaging.dll
0x00007fff891d0000 - 0x00007fff8952e000 	C:\windows\System32\CoreUIComponents.dll
0x00007fff88540000 - 0x00007fff88694000 	C:\windows\SYSTEM32\wintypes.dll
0x00007fff8b000000 - 0x00007fff8b033000 	C:\windows\SYSTEM32\ntmarta.dll
0x00007fff791a0000 - 0x00007fff79206000 	C:\windows\system32\Oleacc.dll

dbghelp: loaded successfully - version: 4.0.5 - missing functions: none
symbol engine: initialized successfully - sym options: 0x614 - pdb path: .;C:\Program Files\Java\jdk-16.0.2\bin;C:\windows\SYSTEM32;C:\windows\WinSxS\amd64_microsoft.windows.common-controls_6595b64144ccf1df_6.0.19041.1110_none_60b5254171f9507e;C:\Program Files\Java\jdk-16.0.2\bin\server;C:\Users\sethr\AppData\Local\Temp\jogamp_0000\file_cache\jln8141585043898366645\jln3928910192128743733\natives\windows-amd64;C:\windows\System32\DriverStore\FileRepository\iigd_dch.inf_amd64_14d6d9e2312c79ae

VM Arguments:
jvm_args: -Dfile.encoding=Cp1252 -XX:+ShowCodeDetailsInExceptionMessages 
java_command: energywaves.Main
java_class_path (initial): C:\Users\sethr\eclipse-workspace\energywaves\target\classes;C:\Users\sethr\.m2\repository\org\processing\core\3.3.6\core-3.3.6.jar;C:\Users\sethr\.m2\repository\org\jogamp\gluegen\gluegen-rt-main\2.3.2\gluegen-rt-main-2.3.2.jar;C:\Users\sethr\.m2\repository\org\jogamp\gluegen\gluegen-rt\2.3.2\gluegen-rt-2.3.2.jar;C:\Users\sethr\.m2\repository\org\jogamp\gluegen\gluegen-rt\2.3.2\gluegen-rt-2.3.2-natives-android-aarch64.jar;C:\Users\sethr\.m2\repository\org\jogamp\gluegen\gluegen-rt\2.3.2\gluegen-rt-2.3.2-natives-android-armv6.jar;C:\Users\sethr\.m2\repository\org\jogamp\gluegen\gluegen-rt\2.3.2\gluegen-rt-2.3.2-natives-linux-amd64.jar;C:\Users\sethr\.m2\repository\org\jogamp\gluegen\gluegen-rt\2.3.2\gluegen-rt-2.3.2-natives-linux-armv6.jar;C:\Users\sethr\.m2\repository\org\jogamp\gluegen\gluegen-rt\2.3.2\gluegen-rt-2.3.2-natives-linux-armv6hf.jar;C:\Users\sethr\.m2\repository\org\jogamp\gluegen\gluegen-rt\2.3.2\gluegen-rt-2.3.2-natives-linux-i586.jar;C:\Users\sethr\.m2\repository\org\jogamp\gluegen\gluegen-rt\2.3.2\gluegen-rt-2.3.2-natives-macosx-universal.jar;C:\Users\sethr\.m2\repository\org\jogamp\gluegen\gluegen-rt\2.3.2\gluegen-rt-2.3.2-natives-solaris-amd64.jar;C:\Users\sethr\.m2\repository\org\jogamp\gluegen\gluegen-rt\2.3.2\gluegen-rt-2.3.2-natives-solaris-i586.jar;C:\Users\sethr\.m2\repository\org\jogamp\gluegen\gluegen-rt\2.3.2\gluegen-rt-2.3.2-natives-windows-amd64.jar;C:\Users\sethr\.m2\repository\org\jogamp\gluegen\gluegen-rt\2.3.2\gluegen-rt-2.3.2-natives-windows-i586.jar;C:\Users\sethr\.m2\repository\org\jogamp\jogl\jogl-all-main\2.3.2\jogl-all-main-2.3.2.jar;C:\Users\sethr\.m2\repository\org\jogamp\jogl\jogl-all\2.3.2\jogl-all-2.3.2.jar;C:\Users\sethr\.m2\repository\org\jogamp\jogl\jogl-all\2.3.2\jogl-all-2.3.2-natives-android-aarch64.jar;C:\Users\sethr\.m2\repository\org\jogamp\jogl\jogl-all\2.3.2\jogl-all-2.3.2-natives-android-armv6.jar;C:\Users\sethr\.m2\repository\org\jogamp\jogl\jogl-all\2.3.2\jogl-all-2.3.2-natives-l
Launcher Type: SUN_STANDARD

[Global flags]
     intx CICompilerCount                          = 4                                         {product} {ergonomic}
     uint ConcGCThreads                            = 2                                         {product} {ergonomic}
     uint G1ConcRefinementThreads                  = 8                                         {product} {ergonomic}
   size_t G1HeapRegionSize                         = 2097152                                   {product} {ergonomic}
    uintx GCDrainStackTargetSize                   = 64                                        {product} {ergonomic}
   size_t InitialHeapSize                          = 266338304                                 {product} {ergonomic}
   size_t MarkStackSize                            = 4194304                                   {product} {ergonomic}
   size_t MaxHeapSize                              = 4234149888                                {product} {ergonomic}
   size_t MaxNewSize                               = 2539651072                                {product} {ergonomic}
   size_t MinHeapDeltaBytes                        = 2097152                                   {product} {ergonomic}
   size_t MinHeapSize                              = 8388608                                   {product} {ergonomic}
    uintx NonNMethodCodeHeapSize                   = 5839372                                {pd product} {ergonomic}
    uintx NonProfiledCodeHeapSize                  = 122909434                              {pd product} {ergonomic}
    uintx ProfiledCodeHeapSize                     = 122909434                              {pd product} {ergonomic}
    uintx ReservedCodeCacheSize                    = 251658240                              {pd product} {ergonomic}
     bool SegmentedCodeCache                       = true                                      {product} {ergonomic}
     bool ShowCodeDetailsInExceptionMessages       = true                                   {manageable} {command line}
   size_t SoftMaxHeapSize                          = 4234149888                             {manageable} {ergonomic}
     bool UseCompressedClassPointers               = true                           {product lp64_product} {ergonomic}
     bool UseCompressedOops                        = true                           {product lp64_product} {ergonomic}
     bool UseG1GC                                  = true                                      {product} {ergonomic}
     bool UseLargePagesIndividualAllocation        = false                                  {pd product} {ergonomic}

Logging:
Log output configuration:
 #0: stdout all=off uptime,level,tags
 #1: stderr all=off uptime,level,tags

Environment Variables:
PATH=C:\Program Files\Oculus\Support\oculus-runtime;C:\Program Files\Common Files\Oracle\Java\javapath;C:\windows\system32;C:\windows;C:\windows\System32\Wbem;C:\windows\System32\WindowsPowerShell\v1.0\;C:\windows\System32\OpenSSH\;C:\MinGW\mingw32\bin;C:\ProgramData\chocolatey\bin;C:\ProgramData\chocolatey\bin\make.exe;C:\Program Files\Git\cmd;C:\Program Files\nodejs\;C:\Users\sethr\AppData\Local\Programs\Python\Python39\Scripts\;C:\Users\sethr\AppData\Local\Programs\Python\Python39\;C:\Users\sethr\AppData\Local\Microsoft\WindowsApps;C:\Users\sethr\AppData\Local\Programs\Microsoft VS Code\bin;C:\Users\sethr\AppData\Local\GitHubDesktop\bin;C:\Users\sethr\AppData\Roaming\npm
USERNAME=sethr
OS=Windows_NT
PROCESSOR_IDENTIFIER=Intel64 Family 6 Model 140 Stepping 1, GenuineIntel



---------------  S Y S T E M  ---------------

OS:
 Windows 10 , 64 bit Build 19041 (10.0.19041.1348)
OS uptime: 30 days 19:55 hours

CPU: total 8 (initial active 8) (4 cores per cpu, 2 threads per core) family 6 model 140 stepping 1 microcode 0x86, cx8, cmov, fxsr, ht, mmx, 3dnowpref, sse, sse2, sse3, ssse3, sse4.1, sse4.2, popcnt, lzcnt, tsc, tscinvbit, avx, avx2, aes, erms, clmul, bmi1, bmi2, adx, avx512f, avx512dq, avx512cd, avx512bw, avx512vl, sha, fma, vzeroupper, avx512_vpopcntdq, avx512_vpclmulqdq, avx512_vaes, avx512_vnni, clflush, clflushopt, clwb, avx512_vmbi2, avx512_vmbi

Memory: 4k page, system-wide physical 16149M (6933M free)
TotalPageFile size 27525M (AvailPageFile size 7080M)
current process WorkingSet (physical memory assigned to process): 594M, peak: 597M
current process commit charge ("private bytes"): 826M, peak: 837M

vm_info: Java HotSpot(TM) 64-Bit Server VM (16.0.2+7-67) for windows-amd64 JRE (16.0.2+7-67), built on Jun  8 2021 23:24:19 by "mach5one" with MS VC++ 16.7 (VS2019)

END.
