#
# A fatal error has been detected by the Java Runtime Environment:
#
#  EXCEPTION_ACCESS_VIOLATION (0xc0000005) at pc=0x00007ffef6322c4c, pid=1924, tid=35484
#
# JRE version: Java(TM) SE Runtime Environment (16.0.2+7) (build 16.0.2+7-67)
# Java VM: Java HotSpot(TM) 64-Bit Server VM (16.0.2+7-67, mixed mode, sharing, tiered, compressed oops, compressed class ptrs, g1 gc, windows-amd64)
# Problematic frame:
# C  [igxelpicd64.dll+0x282c4c]
#
# No core dump will be written. Minidumps are not enabled by default on client versions of Windows
#
# If you would like to submit a bug report, please visit:
#   https://bugreport.java.com/bugreport/crash.jsp
#

---------------  S U M M A R Y ------------

Command Line: -Dfile.encoding=Cp1252 -XX:+ShowCodeDetailsInExceptionMessages energywaves.Main

Host: 11th Gen Intel(R) Core(TM) i7-1165G7 @ 2.80GHz, 8 cores, 15G,  Windows 10 , 64 bit Build 19041 (10.0.19041.1348)
Time: Wed Dec 15 21:40:12 2021 Eastern Standard Time elapsed time: 22.591676 seconds (0d 0h 0m 22s)

---------------  T H R E A D  ---------------

Current thread (0x0000025d7eb3a9c0):  VMThread "VM Thread" [stack: 0x000000818a000000,0x000000818a100000] [id=35484]

Stack: [0x000000818a000000,0x000000818a100000],  sp=0x000000818a0fe190,  free space=1016k
Native frames: (J=compiled Java code, j=interpreted, Vv=VM code, C=native code)
C  [igxelpicd64.dll+0x282c4c]


siginfo: EXCEPTION_ACCESS_VIOLATION (0xc0000005), reading address 0x00000000000356f8


Register to memory mapping:

RIP=0x00007ffef6322c4c igxelpicd64.dll
RAX=0x0000025d04551720 points into unknown readable memory: 0x0000000000095fc9 | c9 5f 09 00 00 00 00 00
RBX=0x0000025d0268a870 points into unknown readable memory: 0xffffffffffffffff | ff ff ff ff ff ff ff ff
RCX=0x0 is NULL
RDX=0x0000000000000002 is an unknown value
RSP=0x000000818a0fe190 points into unknown readable memory: 0x0000025d0268a870 | 70 a8 68 02 5d 02 00 00
RBP=0x0000000000000016 is an unknown value
RSI=0x0000025d03cd0cf0 points into unknown readable memory: 0x0000000000000000 | 00 00 00 00 00 00 00 00
RDI=0x0 is NULL
R8 =0x0000000000000014 is an unknown value
R9 =0x0 is NULL
R10=0x0 is NULL
R11=0x0000000000000246 is an unknown value
R12=0x0000025d04551b58 points into unknown readable memory: 0x0000025d045508f0 | f0 08 55 04 5d 02 00 00
R13=0x0 is NULL
R14=0x0000025d04551590 points into unknown readable memory: 0x0000025d0271db30 | 30 db 71 02 5d 02 00 00
R15=0x0 is NULL


Registers:
RAX=0x0000025d04551720, RBX=0x0000025d0268a870, RCX=0x0000000000000000, RDX=0x0000000000000002
RSP=0x000000818a0fe190, RBP=0x0000000000000016, RSI=0x0000025d03cd0cf0, RDI=0x0000000000000000
R8 =0x0000000000000014, R9 =0x0000000000000000, R10=0x0000000000000000, R11=0x0000000000000246
R12=0x0000025d04551b58, R13=0x0000000000000000, R14=0x0000025d04551590, R15=0x0000000000000000
RIP=0x00007ffef6322c4c, EFLAGS=0x0000000000010202

Top of Stack: (sp=0x000000818a0fe190)
0x000000818a0fe190:   0000025d0268a870 00007fff8d60d859
0x000000818a0fe1a0:   000000818a0fe228 0000000000000000
0x000000818a0fe1b0:   0000000000000054 0000025d0268a870
0x000000818a0fe1c0:   000000818a0fe3e0 00007fff8ec90ba4
0x000000818a0fe1d0:   000000818a0fe340 0000000000000000
0x000000818a0fe1e0:   0000025d5bdb0b54 0000025d0449a3f8
0x000000818a0fe1f0:   0000000000095fcd 0000000000000000
0x000000818a0fe200:   0000000000000014 0000000000000000
0x000000818a0fe210:   0000000000000000 000000818a0fe330
0x000000818a0fe220:   0000025d03cd0cf0 00007ffef615769c
0x000000818a0fe230:   0000025d00000016 0000025d045508f0
0x000000818a0fe240:   000000818951c000 00007fff8ec0d200
0x000000818a0fe250:   0000008100002880 0000b80219870000
0x000000818a0fe260:   0000000000000000 0000025d5bda0000
0x000000818a0fe270:   00007fff8ec578c0 00000004f46857d4
0x000000818a0fe280:   00000000000004b4 0000025d5bda1c04 

Instructions: (pc=0x00007ffef6322c4c)
0x00007ffef6322b4c:   41 bf 20 00 00 00 48 8b 04 38 4d 8b 3c 07 0f b6
0x00007ffef6322b5c:   bc 24 b0 00 00 00 4c 3b 3d d7 f8 cb 00 41 0f 44
0x00007ffef6322b6c:   e9 89 ac 24 a0 00 00 00 48 85 c9 0f 84 d4 07 00
0x00007ffef6322b7c:   00 0f 1f 00 4c 8b f1 4c 8d a1 c8 05 00 00 49 8b
0x00007ffef6322b8c:   04 24 48 89 84 24 a8 00 00 00 40 84 ff 74 10 48
0x00007ffef6322b9c:   8b d1 48 8b 09 e8 ea 8d e3 ff e9 4f 07 00 00 8b
0x00007ffef6322bac:   96 d0 01 00 00 48 8b 05 58 dd bb 00 83 b8 64 03
0x00007ffef6322bbc:   00 00 02 0f 85 19 02 00 00 83 fa 10 73 0e 48 8d
0x00007ffef6322bcc:   42 04 48 8d 04 c2 48 8d 04 c1 eb 60 8d 4a f0 8b
0x00007ffef6322bdc:   c1 c1 e8 04 83 f8 03 73 1d 0f ae e8 83 e1 0f 4d
0x00007ffef6322bec:   8b 84 c6 80 05 00 00 4d 85 c0 74 25 48 8d 0c c9
0x00007ffef6322bfc:   49 8d 04 c8 eb 36 49 8b 86 98 05 00 00 48 85 c0
0x00007ffef6322c0c:   74 0f 66 90 39 10 74 2f 48 8b 40 50 48 85 c0 75
0x00007ffef6322c1c:   f3 41 80 be a0 05 00 00 00 74 22 8b c2 83 e0 0f
0x00007ffef6322c2c:   48 8d 04 c0 48 8d 40 20 49 8d 04 c6 48 85 c0 74
0x00007ffef6322c3c:   0c 48 8b 48 08 eb 09 48 83 c0 08 eb ef 49 8b c9
0x00007ffef6322c4c:   49 3b 8f f8 56 03 00 0f 86 85 01 00 00 83 fa 10
0x00007ffef6322c5c:   73 0a 48 8d 42 04 48 8d 04 c2 eb 5c 8d 4a f0 8b
0x00007ffef6322c6c:   c1 c1 e8 04 83 f8 03 73 1d 0f ae e8 83 e1 0f 4d
0x00007ffef6322c7c:   8b 84 c6 80 05 00 00 4d 85 c0 74 25 48 8d 0c c9
0x00007ffef6322c8c:   49 8d 04 c8 eb 36 49 8b 86 98 05 00 00 48 85 c0
0x00007ffef6322c9c:   74 0f 66 90 39 10 74 2f 48 8b 40 50 48 85 c0 75
0x00007ffef6322cac:   f3 41 80 be a0 05 00 00 00 74 22 8b c2 83 e0 0f
0x00007ffef6322cbc:   48 8d 04 c0 48 8d 40 20 49 8d 04 c6 48 85 c0 74
0x00007ffef6322ccc:   0c 48 8b 48 08 eb 09 48 83 c0 08 eb ef 49 8b c9
0x00007ffef6322cdc:   49 3b 8e 40 06 00 00 0f 86 f5 00 00 00 48 8b 86
0x00007ffef6322cec:   80 02 00 00 49 89 04 24 4c 89 b6 80 02 00 00 ff
0x00007ffef6322cfc:   86 88 02 00 00 ba 01 00 00 00 49 8b 4e 08 e8 41
0x00007ffef6322d0c:   28 59 00 0f b7 c8 48 2b c1 48 05 00 00 01 00 48
0x00007ffef6322d1c:   01 86 90 02 00 00 ba 01 00 00 00 49 8b 4e 08 e8
0x00007ffef6322d2c:   20 28 59 00 48 01 86 a0 02 00 00 85 ed 74 75 49
0x00007ffef6322d3c:   8b 9f 58 4f 03 00 0f 57 c0 f3 0f 7f 44 24 30 c7 


Stack slot to memory mapping:
stack at sp + 0 slots: 0x0000025d0268a870 points into unknown readable memory: 0xffffffffffffffff | ff ff ff ff ff ff ff ff
stack at sp + 1 slots: 0x00007fff8d60d859 USER32.dll
stack at sp + 2 slots: 0x000000818a0fe228 points into unknown readable memory: 0x00007ffef615769c | 9c 76 15 f6 fe 7f 00 00
stack at sp + 3 slots: 0x0 is NULL
stack at sp + 4 slots: 0x0000000000000054 is an unknown value
stack at sp + 5 slots: 0x0000025d0268a870 points into unknown readable memory: 0xffffffffffffffff | ff ff ff ff ff ff ff ff
stack at sp + 6 slots: 0x000000818a0fe3e0 points into unknown readable memory: 0x0000000000000000 | 00 00 00 00 00 00 00 00
stack at sp + 7 slots: 0x00007fff8ec90ba4 ntdll.dll

VM_Operation (0x000000818bffe570): Exit, mode: safepoint, requested by thread 0x0000025d03d6b4c0


---------------  P R O C E S S  ---------------

Threads class SMR info:
_java_thread_list=0x0000025d026a2c60, length=16, elements={
0x0000025d7eb3d3b0, 0x0000025d7eb3dec0, 0x0000025d7eb50750, 0x0000025d7eb51260,
0x0000025d7eb55b90, 0x0000025d7eb614d0, 0x0000025d7eb86040, 0x0000025d7eb86da0,
0x0000025d7eb89af0, 0x0000025d7f631b80, 0x0000025d7f635010, 0x0000025d020751f0,
0x0000025d03d6ba10, 0x0000025d03d6af70, 0x0000025d03d6b4c0, 0x0000025d7f6996a0
}

Java Threads: ( => current thread )
  0x0000025d7eb3d3b0 JavaThread "Reference Handler" daemon [_thread_blocked, id=38292, stack(0x000000818a100000,0x000000818a200000)]
  0x0000025d7eb3dec0 JavaThread "Finalizer" daemon [_thread_blocked, id=25004, stack(0x000000818a200000,0x000000818a300000)]
  0x0000025d7eb50750 JavaThread "Signal Dispatcher" daemon [_thread_blocked, id=33904, stack(0x000000818a300000,0x000000818a400000)]
  0x0000025d7eb51260 JavaThread "Attach Listener" daemon [_thread_blocked, id=30080, stack(0x000000818a400000,0x000000818a500000)]
  0x0000025d7eb55b90 JavaThread "Service Thread" daemon [_thread_blocked, id=26264, stack(0x000000818a500000,0x000000818a600000)]
  0x0000025d7eb614d0 JavaThread "Monitor Deflation Thread" daemon [_thread_blocked, id=40140, stack(0x000000818a600000,0x000000818a700000)]
  0x0000025d7eb86040 JavaThread "C2 CompilerThread0" daemon [_thread_blocked, id=38456, stack(0x000000818a700000,0x000000818a800000)]
  0x0000025d7eb86da0 JavaThread "C1 CompilerThread0" daemon [_thread_blocked, id=12184, stack(0x000000818a800000,0x000000818a900000)]
  0x0000025d7eb89af0 JavaThread "Sweeper thread" daemon [_thread_blocked, id=15712, stack(0x000000818a900000,0x000000818aa00000)]
  0x0000025d7f631b80 JavaThread "Notification Thread" daemon [_thread_blocked, id=6408, stack(0x000000818aa00000,0x000000818ab00000)]
  0x0000025d7f635010 JavaThread "Common-Cleaner" daemon [_thread_blocked, id=40524, stack(0x000000818ac00000,0x000000818ad00000)]
  0x0000025d020751f0 JavaThread "Java2D Disposer" daemon [_thread_blocked, id=15404, stack(0x000000818ad00000,0x000000818ae00000)]
  0x0000025d03d6ba10 JavaThread "HighResTimerThread" daemon [_thread_blocked, id=14780, stack(0x000000818bb00000,0x000000818bc00000)]
  0x0000025d03d6af70 JavaThread "DestroyJavaVM" [_thread_blocked, id=37160, stack(0x0000008189a00000,0x0000008189b00000)]
  0x0000025d03d6b4c0 JavaThread "main-FPSAWTAnimator#00-Timer0-FPSAWTAnimator#00-Timer1" [_thread_blocked, id=16200, stack(0x000000818bf00000,0x000000818c000000)]
  0x0000025d7f6996a0 JavaThread "AWT-Shutdown" [_thread_blocked, id=34624, stack(0x000000818c000000,0x000000818c100000)]

Other Threads:
=>0x0000025d7eb3a9c0 VMThread "VM Thread" [stack: 0x000000818a000000,0x000000818a100000] [id=35484]
  0x0000025d5e08ce90 GCTaskThread "GC Thread#0" [stack: 0x0000008189b00000,0x0000008189c00000] [id=6096]
  0x0000025d0228cbc0 GCTaskThread "GC Thread#1" [stack: 0x000000818b300000,0x000000818b400000] [id=10872]
  0x0000025d025abd50 GCTaskThread "GC Thread#2" [stack: 0x000000818b400000,0x000000818b500000] [id=8128]
  0x0000025d0260a3d0 GCTaskThread "GC Thread#3" [stack: 0x000000818b500000,0x000000818b600000] [id=31420]
  0x0000025d0260a6e0 GCTaskThread "GC Thread#4" [stack: 0x000000818b600000,0x000000818b700000] [id=1008]
  0x0000025d0260a9f0 GCTaskThread "GC Thread#5" [stack: 0x000000818b700000,0x000000818b800000] [id=740]
  0x0000025d03d02f70 GCTaskThread "GC Thread#6" [stack: 0x000000818c100000,0x000000818c200000] [id=8428]
  0x0000025d03d04e10 GCTaskThread "GC Thread#7" [stack: 0x000000818c200000,0x000000818c300000] [id=23200]
  0x0000025d5e0a0e60 ConcurrentGCThread "G1 Main Marker" terminated
  0x0000025d5e0a1f80 ConcurrentGCThread "G1 Conc#0" [stack: 0x0000008189d00000,0x0000008189e00000] [id=38236]
  0x0000025d7e9f24c0 ConcurrentGCThread "G1 Refine#0" terminated
  0x0000025d7e9f2e50 ConcurrentGCThread "G1 Service" terminated

Threads with active compile tasks:

VM state: at safepoint (shutting down)

VM Mutex/Monitor currently owned by a thread:  ([mutex/lock_event])
[0x0000025d5e03a540] Threads_lock - owner thread: 0x0000025d7eb3a9c0
[0x0000025d5e03aae0] Heap_lock - owner thread: 0x0000025d03d6b4c0

Heap address: 0x0000000703a00000, size: 4038 MB, Compressed Oops mode: Zero based, Oop shift amount: 3

CDS archive(s) mapped at: [0x0000000800000000-0x0000000800bb0000-0x0000000800bb0000), size 12255232, SharedBaseAddress: 0x0000000800000000, ArchiveRelocationMode: 0.
Compressed class space mapped at: 0x0000000800c00000-0x0000000840c00000, reserved size: 1073741824
Narrow klass base: 0x0000000800000000, Narrow klass shift: 3, Narrow klass range: 0x100000000

GC Precious Log:
 CPUs: 8 total, 8 available
 Memory: 16149M
 Large Page Support: Disabled
 NUMA Support: Disabled
 Compressed Oops: Enabled (Zero based)
 Heap Region Size: 2M
 Heap Min Capacity: 8M
 Heap Initial Capacity: 254M
 Heap Max Capacity: 4038M
 Pre-touch: Disabled
 Parallel Workers: 8
 Concurrent Workers: 2
 Concurrent Refinement Workers: 8
 Periodic GC: Disabled

Heap:
 garbage-first heap   total 260096K, used 160972K [0x0000000703a00000, 0x0000000800000000)
  region size 2048K, 76 young (155648K), 1 survivors (2048K)
 Metaspace       used 12537K, committed 12672K, reserved 1064960K
  class space    used 881K, committed 960K, reserved 1048576K

Heap Regions: E=young(eden), S=young(survivor), O=old, HS=humongous(starts), HC=humongous(continues), CS=collection set, F=free, OA=open archive, CA=closed archive, TAMS=top-at-mark-start (previous, next)
|   0|0x0000000703a00000, 0x0000000703c00000, 0x0000000703c00000|100%| O|  |TAMS 0x0000000703a00000, 0x0000000703a00000| Untracked 
|   1|0x0000000703c00000, 0x0000000703e00000, 0x0000000703e00000|100%| O|  |TAMS 0x0000000703c00000, 0x0000000703c00000| Untracked 
|   2|0x0000000703e00000, 0x0000000704000000, 0x0000000704000000|100%| O|  |TAMS 0x0000000703e00000, 0x0000000703e00000| Untracked 
|   3|0x0000000704000000, 0x0000000704200000, 0x0000000704200000|100%| O|  |TAMS 0x0000000704000000, 0x0000000704000000| Untracked 
|   4|0x0000000704200000, 0x0000000704321400, 0x0000000704400000| 56%| O|  |TAMS 0x0000000704200000, 0x0000000704200000| Untracked 
|   5|0x0000000704400000, 0x0000000704400000, 0x0000000704600000|  0%| F|  |TAMS 0x0000000704400000, 0x0000000704400000| Untracked 
|   6|0x0000000704600000, 0x0000000704600000, 0x0000000704800000|  0%| F|  |TAMS 0x0000000704600000, 0x0000000704600000| Untracked 
|   7|0x0000000704800000, 0x0000000704800000, 0x0000000704a00000|  0%| F|  |TAMS 0x0000000704800000, 0x0000000704800000| Untracked 
|   8|0x0000000704a00000, 0x0000000704a00000, 0x0000000704c00000|  0%| F|  |TAMS 0x0000000704a00000, 0x0000000704a00000| Untracked 
|   9|0x0000000704c00000, 0x0000000704c00000, 0x0000000704e00000|  0%| F|  |TAMS 0x0000000704c00000, 0x0000000704c00000| Untracked 
|  10|0x0000000704e00000, 0x0000000704e00000, 0x0000000705000000|  0%| F|  |TAMS 0x0000000704e00000, 0x0000000704e00000| Untracked 
|  11|0x0000000705000000, 0x0000000705000000, 0x0000000705200000|  0%| F|  |TAMS 0x0000000705000000, 0x0000000705000000| Untracked 
|  12|0x0000000705200000, 0x0000000705200000, 0x0000000705400000|  0%| F|  |TAMS 0x0000000705200000, 0x0000000705200000| Untracked 
|  13|0x0000000705400000, 0x0000000705400000, 0x0000000705600000|  0%| F|  |TAMS 0x0000000705400000, 0x0000000705400000| Untracked 
|  14|0x0000000705600000, 0x0000000705600000, 0x0000000705800000|  0%| F|  |TAMS 0x0000000705600000, 0x0000000705600000| Untracked 
|  15|0x0000000705800000, 0x0000000705800000, 0x0000000705a00000|  0%| F|  |TAMS 0x0000000705800000, 0x0000000705800000| Untracked 
|  16|0x0000000705a00000, 0x0000000705a00000, 0x0000000705c00000|  0%| F|  |TAMS 0x0000000705a00000, 0x0000000705a00000| Untracked 
|  17|0x0000000705c00000, 0x0000000705c00000, 0x0000000705e00000|  0%| F|  |TAMS 0x0000000705c00000, 0x0000000705c00000| Untracked 
|  18|0x0000000705e00000, 0x0000000705e00000, 0x0000000706000000|  0%| F|  |TAMS 0x0000000705e00000, 0x0000000705e00000| Untracked 
|  19|0x0000000706000000, 0x0000000706000000, 0x0000000706200000|  0%| F|  |TAMS 0x0000000706000000, 0x0000000706000000| Untracked 
|  20|0x0000000706200000, 0x0000000706200000, 0x0000000706400000|  0%| F|  |TAMS 0x0000000706200000, 0x0000000706200000| Untracked 
|  21|0x0000000706400000, 0x0000000706400000, 0x0000000706600000|  0%| F|  |TAMS 0x0000000706400000, 0x0000000706400000| Untracked 
|  22|0x0000000706600000, 0x0000000706600000, 0x0000000706800000|  0%| F|  |TAMS 0x0000000706600000, 0x0000000706600000| Untracked 
|  23|0x0000000706800000, 0x0000000706800000, 0x0000000706a00000|  0%| F|  |TAMS 0x0000000706800000, 0x0000000706800000| Untracked 
|  24|0x0000000706a00000, 0x0000000706a00000, 0x0000000706c00000|  0%| F|  |TAMS 0x0000000706a00000, 0x0000000706a00000| Untracked 
|  25|0x0000000706c00000, 0x0000000706c00000, 0x0000000706e00000|  0%| F|  |TAMS 0x0000000706c00000, 0x0000000706c00000| Untracked 
|  26|0x0000000706e00000, 0x0000000706e00000, 0x0000000707000000|  0%| F|  |TAMS 0x0000000706e00000, 0x0000000706e00000| Untracked 
|  27|0x0000000707000000, 0x0000000707000000, 0x0000000707200000|  0%| F|  |TAMS 0x0000000707000000, 0x0000000707000000| Untracked 
|  28|0x0000000707200000, 0x0000000707200000, 0x0000000707400000|  0%| F|  |TAMS 0x0000000707200000, 0x0000000707200000| Untracked 
|  29|0x0000000707400000, 0x0000000707400000, 0x0000000707600000|  0%| F|  |TAMS 0x0000000707400000, 0x0000000707400000| Untracked 
|  30|0x0000000707600000, 0x0000000707600000, 0x0000000707800000|  0%| F|  |TAMS 0x0000000707600000, 0x0000000707600000| Untracked 
|  31|0x0000000707800000, 0x0000000707800000, 0x0000000707a00000|  0%| F|  |TAMS 0x0000000707800000, 0x0000000707800000| Untracked 
|  32|0x0000000707a00000, 0x0000000707a00000, 0x0000000707c00000|  0%| F|  |TAMS 0x0000000707a00000, 0x0000000707a00000| Untracked 
|  33|0x0000000707c00000, 0x0000000707c00000, 0x0000000707e00000|  0%| F|  |TAMS 0x0000000707c00000, 0x0000000707c00000| Untracked 
|  34|0x0000000707e00000, 0x0000000707e00000, 0x0000000708000000|  0%| F|  |TAMS 0x0000000707e00000, 0x0000000707e00000| Untracked 
|  35|0x0000000708000000, 0x0000000708000000, 0x0000000708200000|  0%| F|  |TAMS 0x0000000708000000, 0x0000000708000000| Untracked 
|  36|0x0000000708200000, 0x0000000708200000, 0x0000000708400000|  0%| F|  |TAMS 0x0000000708200000, 0x0000000708200000| Untracked 
|  37|0x0000000708400000, 0x0000000708400000, 0x0000000708600000|  0%| F|  |TAMS 0x0000000708400000, 0x0000000708400000| Untracked 
|  38|0x0000000708600000, 0x0000000708600000, 0x0000000708800000|  0%| F|  |TAMS 0x0000000708600000, 0x0000000708600000| Untracked 
|  39|0x0000000708800000, 0x0000000708800000, 0x0000000708a00000|  0%| F|  |TAMS 0x0000000708800000, 0x0000000708800000| Untracked 
|  40|0x0000000708a00000, 0x0000000708a00000, 0x0000000708c00000|  0%| F|  |TAMS 0x0000000708a00000, 0x0000000708a00000| Untracked 
|  41|0x0000000708c00000, 0x0000000708c00000, 0x0000000708e00000|  0%| F|  |TAMS 0x0000000708c00000, 0x0000000708c00000| Untracked 
|  42|0x0000000708e00000, 0x0000000708e00000, 0x0000000709000000|  0%| F|  |TAMS 0x0000000708e00000, 0x0000000708e00000| Untracked 
|  43|0x0000000709000000, 0x0000000709000000, 0x0000000709200000|  0%| F|  |TAMS 0x0000000709000000, 0x0000000709000000| Untracked 
|  44|0x0000000709200000, 0x0000000709200000, 0x0000000709400000|  0%| F|  |TAMS 0x0000000709200000, 0x0000000709200000| Untracked 
|  45|0x0000000709400000, 0x0000000709400000, 0x0000000709600000|  0%| F|  |TAMS 0x0000000709400000, 0x0000000709400000| Untracked 
|  46|0x0000000709600000, 0x0000000709600000, 0x0000000709800000|  0%| F|  |TAMS 0x0000000709600000, 0x0000000709600000| Untracked 
|  47|0x0000000709800000, 0x0000000709800000, 0x0000000709a00000|  0%| F|  |TAMS 0x0000000709800000, 0x0000000709800000| Untracked 
|  48|0x0000000709a00000, 0x0000000709a00000, 0x0000000709c00000|  0%| F|  |TAMS 0x0000000709a00000, 0x0000000709a00000| Untracked 
|  49|0x0000000709c00000, 0x0000000709c00000, 0x0000000709e00000|  0%| F|  |TAMS 0x0000000709c00000, 0x0000000709c00000| Untracked 
|  50|0x0000000709e00000, 0x0000000709e00000, 0x000000070a000000|  0%| F|  |TAMS 0x0000000709e00000, 0x0000000709e00000| Untracked 
|  51|0x000000070a000000, 0x000000070a011e20, 0x000000070a200000|  3%| S|CS|TAMS 0x000000070a000000, 0x000000070a000000| Complete 
|  52|0x000000070a200000, 0x000000070a400000, 0x000000070a400000|100%| E|  |TAMS 0x000000070a200000, 0x000000070a200000| Complete 
|  53|0x000000070a400000, 0x000000070a600000, 0x000000070a600000|100%| E|CS|TAMS 0x000000070a400000, 0x000000070a400000| Complete 
|  54|0x000000070a600000, 0x000000070a800000, 0x000000070a800000|100%| E|CS|TAMS 0x000000070a600000, 0x000000070a600000| Complete 
|  55|0x000000070a800000, 0x000000070aa00000, 0x000000070aa00000|100%| E|CS|TAMS 0x000000070a800000, 0x000000070a800000| Complete 
|  56|0x000000070aa00000, 0x000000070ac00000, 0x000000070ac00000|100%| E|CS|TAMS 0x000000070aa00000, 0x000000070aa00000| Complete 
|  57|0x000000070ac00000, 0x000000070ae00000, 0x000000070ae00000|100%| E|CS|TAMS 0x000000070ac00000, 0x000000070ac00000| Complete 
|  58|0x000000070ae00000, 0x000000070b000000, 0x000000070b000000|100%| E|CS|TAMS 0x000000070ae00000, 0x000000070ae00000| Complete 
|  59|0x000000070b000000, 0x000000070b200000, 0x000000070b200000|100%| E|CS|TAMS 0x000000070b000000, 0x000000070b000000| Complete 
|  60|0x000000070b200000, 0x000000070b400000, 0x000000070b400000|100%| E|CS|TAMS 0x000000070b200000, 0x000000070b200000| Complete 
|  61|0x000000070b400000, 0x000000070b600000, 0x000000070b600000|100%| E|CS|TAMS 0x000000070b400000, 0x000000070b400000| Complete 
|  62|0x000000070b600000, 0x000000070b800000, 0x000000070b800000|100%| E|CS|TAMS 0x000000070b600000, 0x000000070b600000| Complete 
|  63|0x000000070b800000, 0x000000070ba00000, 0x000000070ba00000|100%| E|CS|TAMS 0x000000070b800000, 0x000000070b800000| Complete 
|  64|0x000000070ba00000, 0x000000070bc00000, 0x000000070bc00000|100%| E|CS|TAMS 0x000000070ba00000, 0x000000070ba00000| Complete 
|  65|0x000000070bc00000, 0x000000070be00000, 0x000000070be00000|100%| E|CS|TAMS 0x000000070bc00000, 0x000000070bc00000| Complete 
|  66|0x000000070be00000, 0x000000070c000000, 0x000000070c000000|100%| E|CS|TAMS 0x000000070be00000, 0x000000070be00000| Complete 
|  67|0x000000070c000000, 0x000000070c200000, 0x000000070c200000|100%| E|CS|TAMS 0x000000070c000000, 0x000000070c000000| Complete 
|  68|0x000000070c200000, 0x000000070c400000, 0x000000070c400000|100%| E|CS|TAMS 0x000000070c200000, 0x000000070c200000| Complete 
|  69|0x000000070c400000, 0x000000070c600000, 0x000000070c600000|100%| E|CS|TAMS 0x000000070c400000, 0x000000070c400000| Complete 
|  70|0x000000070c600000, 0x000000070c800000, 0x000000070c800000|100%| E|CS|TAMS 0x000000070c600000, 0x000000070c600000| Complete 
|  71|0x000000070c800000, 0x000000070ca00000, 0x000000070ca00000|100%| E|CS|TAMS 0x000000070c800000, 0x000000070c800000| Complete 
|  72|0x000000070ca00000, 0x000000070cc00000, 0x000000070cc00000|100%| E|CS|TAMS 0x000000070ca00000, 0x000000070ca00000| Complete 
|  73|0x000000070cc00000, 0x000000070ce00000, 0x000000070ce00000|100%| E|CS|TAMS 0x000000070cc00000, 0x000000070cc00000| Complete 
|  74|0x000000070ce00000, 0x000000070d000000, 0x000000070d000000|100%| E|CS|TAMS 0x000000070ce00000, 0x000000070ce00000| Complete 
|  75|0x000000070d000000, 0x000000070d200000, 0x000000070d200000|100%| E|CS|TAMS 0x000000070d000000, 0x000000070d000000| Complete 
|  76|0x000000070d200000, 0x000000070d400000, 0x000000070d400000|100%| E|CS|TAMS 0x000000070d200000, 0x000000070d200000| Complete 
|  77|0x000000070d400000, 0x000000070d600000, 0x000000070d600000|100%| E|CS|TAMS 0x000000070d400000, 0x000000070d400000| Complete 
|  78|0x000000070d600000, 0x000000070d800000, 0x000000070d800000|100%| E|CS|TAMS 0x000000070d600000, 0x000000070d600000| Complete 
|  79|0x000000070d800000, 0x000000070da00000, 0x000000070da00000|100%| E|CS|TAMS 0x000000070d800000, 0x000000070d800000| Complete 
|  80|0x000000070da00000, 0x000000070dc00000, 0x000000070dc00000|100%| E|CS|TAMS 0x000000070da00000, 0x000000070da00000| Complete 
|  81|0x000000070dc00000, 0x000000070de00000, 0x000000070de00000|100%| E|CS|TAMS 0x000000070dc00000, 0x000000070dc00000| Complete 
|  82|0x000000070de00000, 0x000000070e000000, 0x000000070e000000|100%| E|CS|TAMS 0x000000070de00000, 0x000000070de00000| Complete 
|  83|0x000000070e000000, 0x000000070e200000, 0x000000070e200000|100%| E|CS|TAMS 0x000000070e000000, 0x000000070e000000| Complete 
|  84|0x000000070e200000, 0x000000070e400000, 0x000000070e400000|100%| E|CS|TAMS 0x000000070e200000, 0x000000070e200000| Complete 
|  85|0x000000070e400000, 0x000000070e600000, 0x000000070e600000|100%| E|CS|TAMS 0x000000070e400000, 0x000000070e400000| Complete 
|  86|0x000000070e600000, 0x000000070e800000, 0x000000070e800000|100%| E|CS|TAMS 0x000000070e600000, 0x000000070e600000| Complete 
|  87|0x000000070e800000, 0x000000070ea00000, 0x000000070ea00000|100%| E|CS|TAMS 0x000000070e800000, 0x000000070e800000| Complete 
|  88|0x000000070ea00000, 0x000000070ec00000, 0x000000070ec00000|100%| E|CS|TAMS 0x000000070ea00000, 0x000000070ea00000| Complete 
|  89|0x000000070ec00000, 0x000000070ee00000, 0x000000070ee00000|100%| E|CS|TAMS 0x000000070ec00000, 0x000000070ec00000| Complete 
|  90|0x000000070ee00000, 0x000000070f000000, 0x000000070f000000|100%| E|CS|TAMS 0x000000070ee00000, 0x000000070ee00000| Complete 
|  91|0x000000070f000000, 0x000000070f200000, 0x000000070f200000|100%| E|CS|TAMS 0x000000070f000000, 0x000000070f000000| Complete 
|  92|0x000000070f200000, 0x000000070f400000, 0x000000070f400000|100%| E|CS|TAMS 0x000000070f200000, 0x000000070f200000| Complete 
|  93|0x000000070f400000, 0x000000070f600000, 0x000000070f600000|100%| E|CS|TAMS 0x000000070f400000, 0x000000070f400000| Complete 
|  94|0x000000070f600000, 0x000000070f800000, 0x000000070f800000|100%| E|CS|TAMS 0x000000070f600000, 0x000000070f600000| Complete 
|  95|0x000000070f800000, 0x000000070fa00000, 0x000000070fa00000|100%| E|CS|TAMS 0x000000070f800000, 0x000000070f800000| Complete 
|  96|0x000000070fa00000, 0x000000070fc00000, 0x000000070fc00000|100%| E|CS|TAMS 0x000000070fa00000, 0x000000070fa00000| Complete 
|  97|0x000000070fc00000, 0x000000070fe00000, 0x000000070fe00000|100%| E|CS|TAMS 0x000000070fc00000, 0x000000070fc00000| Complete 
|  98|0x000000070fe00000, 0x0000000710000000, 0x0000000710000000|100%| E|CS|TAMS 0x000000070fe00000, 0x000000070fe00000| Complete 
|  99|0x0000000710000000, 0x0000000710200000, 0x0000000710200000|100%| E|CS|TAMS 0x0000000710000000, 0x0000000710000000| Complete 
| 100|0x0000000710200000, 0x0000000710400000, 0x0000000710400000|100%| E|CS|TAMS 0x0000000710200000, 0x0000000710200000| Complete 
| 101|0x0000000710400000, 0x0000000710600000, 0x0000000710600000|100%| E|CS|TAMS 0x0000000710400000, 0x0000000710400000| Complete 
| 102|0x0000000710600000, 0x0000000710800000, 0x0000000710800000|100%| E|CS|TAMS 0x0000000710600000, 0x0000000710600000| Complete 
| 103|0x0000000710800000, 0x0000000710a00000, 0x0000000710a00000|100%| E|CS|TAMS 0x0000000710800000, 0x0000000710800000| Complete 
| 104|0x0000000710a00000, 0x0000000710c00000, 0x0000000710c00000|100%| E|CS|TAMS 0x0000000710a00000, 0x0000000710a00000| Complete 
| 105|0x0000000710c00000, 0x0000000710e00000, 0x0000000710e00000|100%| E|CS|TAMS 0x0000000710c00000, 0x0000000710c00000| Complete 
| 106|0x0000000710e00000, 0x0000000711000000, 0x0000000711000000|100%| E|CS|TAMS 0x0000000710e00000, 0x0000000710e00000| Complete 
| 107|0x0000000711000000, 0x0000000711200000, 0x0000000711200000|100%| E|CS|TAMS 0x0000000711000000, 0x0000000711000000| Complete 
| 108|0x0000000711200000, 0x0000000711400000, 0x0000000711400000|100%| E|CS|TAMS 0x0000000711200000, 0x0000000711200000| Complete 
| 109|0x0000000711400000, 0x0000000711600000, 0x0000000711600000|100%| E|CS|TAMS 0x0000000711400000, 0x0000000711400000| Complete 
| 110|0x0000000711600000, 0x0000000711800000, 0x0000000711800000|100%| E|CS|TAMS 0x0000000711600000, 0x0000000711600000| Complete 
| 111|0x0000000711800000, 0x0000000711a00000, 0x0000000711a00000|100%| E|CS|TAMS 0x0000000711800000, 0x0000000711800000| Complete 
| 112|0x0000000711a00000, 0x0000000711c00000, 0x0000000711c00000|100%| E|CS|TAMS 0x0000000711a00000, 0x0000000711a00000| Complete 
| 113|0x0000000711c00000, 0x0000000711e00000, 0x0000000711e00000|100%| E|CS|TAMS 0x0000000711c00000, 0x0000000711c00000| Complete 
| 114|0x0000000711e00000, 0x0000000712000000, 0x0000000712000000|100%| E|CS|TAMS 0x0000000711e00000, 0x0000000711e00000| Complete 
| 115|0x0000000712000000, 0x0000000712200000, 0x0000000712200000|100%| E|CS|TAMS 0x0000000712000000, 0x0000000712000000| Complete 
| 116|0x0000000712200000, 0x0000000712400000, 0x0000000712400000|100%| E|CS|TAMS 0x0000000712200000, 0x0000000712200000| Complete 
| 117|0x0000000712400000, 0x0000000712600000, 0x0000000712600000|100%| E|CS|TAMS 0x0000000712400000, 0x0000000712400000| Complete 
| 118|0x0000000712600000, 0x0000000712800000, 0x0000000712800000|100%| E|CS|TAMS 0x0000000712600000, 0x0000000712600000| Complete 
| 119|0x0000000712800000, 0x0000000712a00000, 0x0000000712a00000|100%| E|CS|TAMS 0x0000000712800000, 0x0000000712800000| Complete 
| 120|0x0000000712a00000, 0x0000000712c00000, 0x0000000712c00000|100%| E|CS|TAMS 0x0000000712a00000, 0x0000000712a00000| Complete 
| 121|0x0000000712c00000, 0x0000000712e00000, 0x0000000712e00000|100%| E|CS|TAMS 0x0000000712c00000, 0x0000000712c00000| Complete 
| 122|0x0000000712e00000, 0x0000000713000000, 0x0000000713000000|100%| E|CS|TAMS 0x0000000712e00000, 0x0000000712e00000| Complete 
| 123|0x0000000713000000, 0x0000000713200000, 0x0000000713200000|100%| E|CS|TAMS 0x0000000713000000, 0x0000000713000000| Complete 
| 124|0x0000000713200000, 0x0000000713400000, 0x0000000713400000|100%| E|CS|TAMS 0x0000000713200000, 0x0000000713200000| Complete 
| 125|0x0000000713400000, 0x0000000713600000, 0x0000000713600000|100%| E|CS|TAMS 0x0000000713400000, 0x0000000713400000| Complete 
| 126|0x0000000713600000, 0x0000000713800000, 0x0000000713800000|100%| E|CS|TAMS 0x0000000713600000, 0x0000000713600000| Complete 

Card table byte_map: [0x0000025d752e0000,0x0000025d75ad0000] _byte_map_base: 0x0000025d71ac3000

Marking Bits (Prev, Next): (CMBitMap*) 0x0000025d5e090840, (CMBitMap*) 0x0000025d5e090880
 Prev Bits: [0x0000025d762c0000, 0x0000025d7a1d8000)
 Next Bits: [0x0000025d7a1e0000, 0x0000025d7e0f8000)

Polling page: 0x0000025d5d820000

Metaspace:

Usage:
  Non-class:     11.38 MB used.
      Class:    881.16 KB used.
       Both:     12.24 MB used.

Virtual space:
  Non-class space:       16.00 MB reserved,      11.44 MB ( 71%) committed,  2 nodes.
      Class space:        1.00 GB reserved,     960.00 KB ( <1%) committed,  1 nodes.
              Both:        1.02 GB reserved,      12.38 MB (  1%) committed. 

Chunk freelists:
   Non-Class:  3.69 MB
       Class:  2.94 MB
        Both:  6.62 MB

MaxMetaspaceSize: 17179869184.00 GB
CompressedClassSpaceSize: 1.00 GB
 - commit_granule_bytes: 65536.
 - commit_granule_words: 8192.
 - virtual_space_node_default_size: 1048576.
 - enlarge_chunks_in_place: 1.
 - new_chunks_are_fully_committed: 0.
 - uncommit_free_chunks: 1.
 - use_allocation_guard: 0.
 - handle_deallocations: 1.


Internal statistics:

num_allocs_failed_limit: 0.
num_arena_births: 86.
num_arena_deaths: 0.
num_vsnodes_births: 3.
num_vsnodes_deaths: 0.
num_space_committed: 194.
num_space_uncommitted: 0.
num_chunks_returned_to_freelist: 0.
num_chunks_taken_from_freelist: 344.
num_chunk_merges: 0.
num_chunk_splits: 276.
num_chunks_enlarged: 231.
num_purges: 0.

CodeHeap 'non-profiled nmethods': size=120000Kb used=763Kb max_used=763Kb free=119236Kb
 bounds [0x0000025d6d290000, 0x0000025d6d500000, 0x0000025d747c0000]
CodeHeap 'profiled nmethods': size=120000Kb used=3154Kb max_used=3154Kb free=116845Kb
 bounds [0x0000025d65d60000, 0x0000025d66080000, 0x0000025d6d290000]
CodeHeap 'non-nmethods': size=5760Kb used=1534Kb max_used=1564Kb free=4225Kb
 bounds [0x0000025d657c0000, 0x0000025d65a30000, 0x0000025d65d60000]
 total_blobs=2579 nmethods=1660 adapters=832
 compilation: enabled
              stopped_count=0, restarted_count=0
 full_count=0

Compilation events (20 events):
Event: 19.195 Thread 0x0000025d7eb86da0 1651       3       processing.core.PApplet::sin (7 bytes)
Event: 19.195 Thread 0x0000025d7eb86da0 nmethod 1651 0x0000025d6606fe90 code [0x0000025d66070020, 0x0000025d66070138]
Event: 19.195 Thread 0x0000025d7eb86da0 1652       3       processing.opengl.PGraphicsOpenGL::directionalLight (155 bytes)
Event: 19.195 Thread 0x0000025d7eb86da0 nmethod 1652 0x0000025d66070210 code [0x0000025d66070500, 0x0000025d66071678]
Event: 19.195 Thread 0x0000025d7eb86da0 1653       3       processing.opengl.PGraphicsOpenGL::noLightAmbient (34 bytes)
Event: 19.195 Thread 0x0000025d7eb86da0 nmethod 1653 0x0000025d66071d90 code [0x0000025d66071f40, 0x0000025d660720d8]
Event: 19.195 Thread 0x0000025d7eb86da0 1654       3       processing.opengl.PGraphicsOpenGL::lightDiffuse (51 bytes)
Event: 19.195 Thread 0x0000025d7eb86da0 nmethod 1654 0x0000025d66072210 code [0x0000025d660723c0, 0x0000025d66072648]
Event: 19.195 Thread 0x0000025d7eb86da0 1655       3       processing.opengl.PGraphicsOpenGL::lightSpecular (35 bytes)
Event: 19.196 Thread 0x0000025d7eb86da0 nmethod 1655 0x0000025d66072790 code [0x0000025d66072940, 0x0000025d66072ad8]
Event: 19.196 Thread 0x0000025d7eb86da0 1656       3       processing.opengl.PGraphicsOpenGL::noLightFalloff (34 bytes)
Event: 19.196 Thread 0x0000025d7eb86da0 nmethod 1656 0x0000025d66072c10 code [0x0000025d66072dc0, 0x0000025d66072f58]
Event: 19.230 Thread 0x0000025d7eb86da0 1657       3       processing.core.PApplet::strokeWeight (24 bytes)
Event: 19.230 Thread 0x0000025d7eb86da0 nmethod 1657 0x0000025d66073090 code [0x0000025d66073240, 0x0000025d66073558]
Event: 22.500 Thread 0x0000025d7eb86da0 1659       3       jdk.internal.loader.NativeLibraries::find (72 bytes)
Event: 22.501 Thread 0x0000025d7eb86da0 nmethod 1659 0x0000025d66073690 code [0x0000025d660738c0, 0x0000025d66074158]
Event: 22.501 Thread 0x0000025d7eb86da0 1658       3       java.lang.ClassLoader::findNative (21 bytes)
Event: 22.501 Thread 0x0000025d7eb86da0 nmethod 1658 0x0000025d66074390 code [0x0000025d66074560, 0x0000025d66074778]
Event: 22.503 Thread 0x0000025d7eb86040 1660       4       java.lang.CharacterData::of (124 bytes)
Event: 22.503 Thread 0x0000025d7eb86040 nmethod 1660 0x0000025d6d34eb10 code [0x0000025d6d34eca0, 0x0000025d6d34ed18]

GC Heap History (20 events):
Event: 10.222 GC heap before
{Heap before GC invocations=8 (full 0):
 garbage-first heap   total 260096K, used 160820K [0x0000000703a00000, 0x0000000800000000)
  region size 2048K, 76 young (155648K), 2 survivors (4096K)
 Metaspace       used 12321K, committed 12480K, reserved 1064960K
  class space    used 877K, committed 960K, reserved 1048576K
}
Event: 10.224 GC heap after
{Heap after GC invocations=9 (full 0):
 garbage-first heap   total 260096K, used 9694K [0x0000000703a00000, 0x0000000800000000)
  region size 2048K, 2 young (4096K), 2 survivors (4096K)
 Metaspace       used 12321K, committed 12480K, reserved 1064960K
  class space    used 877K, committed 960K, reserved 1048576K
}
Event: 11.426 GC heap before
{Heap before GC invocations=9 (full 0):
 garbage-first heap   total 260096K, used 161246K [0x0000000703a00000, 0x0000000800000000)
  region size 2048K, 76 young (155648K), 2 survivors (4096K)
 Metaspace       used 12375K, committed 12544K, reserved 1064960K
  class space    used 877K, committed 960K, reserved 1048576K
}
Event: 11.428 GC heap after
{Heap after GC invocations=10 (full 0):
 garbage-first heap   total 260096K, used 9327K [0x0000000703a00000, 0x0000000800000000)
  region size 2048K, 2 young (4096K), 2 survivors (4096K)
 Metaspace       used 12375K, committed 12544K, reserved 1064960K
  class space    used 877K, committed 960K, reserved 1048576K
}
Event: 12.650 GC heap before
{Heap before GC invocations=10 (full 0):
 garbage-first heap   total 260096K, used 160879K [0x0000000703a00000, 0x0000000800000000)
  region size 2048K, 76 young (155648K), 2 survivors (4096K)
 Metaspace       used 12375K, committed 12544K, reserved 1064960K
  class space    used 877K, committed 960K, reserved 1048576K
}
Event: 12.652 GC heap after
{Heap after GC invocations=11 (full 0):
 garbage-first heap   total 260096K, used 9670K [0x0000000703a00000, 0x0000000800000000)
  region size 2048K, 2 young (4096K), 2 survivors (4096K)
 Metaspace       used 12375K, committed 12544K, reserved 1064960K
  class space    used 877K, committed 960K, reserved 1048576K
}
Event: 13.895 GC heap before
{Heap before GC invocations=11 (full 0):
 garbage-first heap   total 260096K, used 161222K [0x0000000703a00000, 0x0000000800000000)
  region size 2048K, 76 young (155648K), 2 survivors (4096K)
 Metaspace       used 12375K, committed 12544K, reserved 1064960K
  class space    used 877K, committed 960K, reserved 1048576K
}
Event: 13.897 GC heap after
{Heap after GC invocations=12 (full 0):
 garbage-first heap   total 260096K, used 9434K [0x0000000703a00000, 0x0000000800000000)
  region size 2048K, 2 young (4096K), 2 survivors (4096K)
 Metaspace       used 12375K, committed 12544K, reserved 1064960K
  class space    used 877K, committed 960K, reserved 1048576K
}
Event: 15.135 GC heap before
{Heap before GC invocations=12 (full 0):
 garbage-first heap   total 260096K, used 160986K [0x0000000703a00000, 0x0000000800000000)
  region size 2048K, 76 young (155648K), 2 survivors (4096K)
 Metaspace       used 12442K, committed 12608K, reserved 1064960K
  class space    used 877K, committed 960K, reserved 1048576K
}
Event: 15.137 GC heap after
{Heap after GC invocations=13 (full 0):
 garbage-first heap   total 260096K, used 9387K [0x0000000703a00000, 0x0000000800000000)
  region size 2048K, 2 young (4096K), 2 survivors (4096K)
 Metaspace       used 12442K, committed 12608K, reserved 1064960K
  class space    used 877K, committed 960K, reserved 1048576K
}
Event: 16.360 GC heap before
{Heap before GC invocations=13 (full 0):
 garbage-first heap   total 260096K, used 160939K [0x0000000703a00000, 0x0000000800000000)
  region size 2048K, 76 young (155648K), 2 survivors (4096K)
 Metaspace       used 12442K, committed 12608K, reserved 1064960K
  class space    used 877K, committed 960K, reserved 1048576K
}
Event: 16.361 GC heap after
{Heap after GC invocations=14 (full 0):
 garbage-first heap   total 260096K, used 9317K [0x0000000703a00000, 0x0000000800000000)
  region size 2048K, 2 young (4096K), 2 survivors (4096K)
 Metaspace       used 12442K, committed 12608K, reserved 1064960K
  class space    used 877K, committed 960K, reserved 1048576K
}
Event: 17.600 GC heap before
{Heap before GC invocations=14 (full 0):
 garbage-first heap   total 260096K, used 160869K [0x0000000703a00000, 0x0000000800000000)
  region size 2048K, 76 young (155648K), 2 survivors (4096K)
 Metaspace       used 12442K, committed 12608K, reserved 1064960K
  class space    used 877K, committed 960K, reserved 1048576K
}
Event: 17.602 GC heap after
{Heap after GC invocations=15 (full 0):
 garbage-first heap   total 260096K, used 9325K [0x0000000703a00000, 0x0000000800000000)
  region size 2048K, 2 young (4096K), 2 survivors (4096K)
 Metaspace       used 12442K, committed 12608K, reserved 1064960K
  class space    used 877K, committed 960K, reserved 1048576K
}
Event: 18.820 GC heap before
{Heap before GC invocations=15 (full 0):
 garbage-first heap   total 260096K, used 160877K [0x0000000703a00000, 0x0000000800000000)
  region size 2048K, 76 young (155648K), 2 survivors (4096K)
 Metaspace       used 12442K, committed 12608K, reserved 1064960K
  class space    used 877K, committed 960K, reserved 1048576K
}
Event: 18.821 GC heap after
{Heap after GC invocations=16 (full 0):
 garbage-first heap   total 260096K, used 9639K [0x0000000703a00000, 0x0000000800000000)
  region size 2048K, 2 young (4096K), 2 survivors (4096K)
 Metaspace       used 12442K, committed 12608K, reserved 1064960K
  class space    used 877K, committed 960K, reserved 1048576K
}
Event: 20.042 GC heap before
{Heap before GC invocations=16 (full 0):
 garbage-first heap   total 260096K, used 161191K [0x0000000703a00000, 0x0000000800000000)
  region size 2048K, 76 young (155648K), 2 survivors (4096K)
 Metaspace       used 12493K, committed 12672K, reserved 1064960K
  class space    used 877K, committed 960K, reserved 1048576K
}
Event: 20.044 GC heap after
{Heap after GC invocations=17 (full 0):
 garbage-first heap   total 260096K, used 9351K [0x0000000703a00000, 0x0000000800000000)
  region size 2048K, 1 young (2048K), 1 survivors (2048K)
 Metaspace       used 12493K, committed 12672K, reserved 1064960K
  class space    used 877K, committed 960K, reserved 1048576K
}
Event: 21.283 GC heap before
{Heap before GC invocations=17 (full 0):
 garbage-first heap   total 260096K, used 162951K [0x0000000703a00000, 0x0000000800000000)
  region size 2048K, 76 young (155648K), 1 survivors (2048K)
 Metaspace       used 12493K, committed 12672K, reserved 1064960K
  class space    used 877K, committed 960K, reserved 1048576K
}
Event: 21.284 GC heap after
{Heap after GC invocations=18 (full 0):
 garbage-first heap   total 260096K, used 9420K [0x0000000703a00000, 0x0000000800000000)
  region size 2048K, 1 young (2048K), 1 survivors (2048K)
 Metaspace       used 12493K, committed 12672K, reserved 1064960K
  class space    used 877K, committed 960K, reserved 1048576K
}

Deoptimization events (20 events):
Event: 1.113 Thread 0x0000025d03d6b4c0 DEOPT PACKING pc=0x0000025d6d300a48 sp=0x000000818bffe050
Event: 1.113 Thread 0x0000025d03d6b4c0 DEOPT UNPACKING pc=0x0000025d6580f92e sp=0x000000818bffdfe0 mode 2
Event: 1.193 Thread 0x0000025d03d6b4c0 DEOPT PACKING pc=0x0000025d65f30cb4 sp=0x000000818bffe5e0
Event: 1.193 Thread 0x0000025d03d6b4c0 DEOPT UNPACKING pc=0x0000025d6580e77e sp=0x000000818bffdad0 mode 0
Event: 1.198 Thread 0x0000025d03d6b4c0 DEOPT PACKING pc=0x0000025d65f30cb4 sp=0x000000818bffe5e0
Event: 1.198 Thread 0x0000025d03d6b4c0 DEOPT UNPACKING pc=0x0000025d6580e77e sp=0x000000818bffdad0 mode 0
Event: 1.201 Thread 0x0000025d03d6b4c0 DEOPT PACKING pc=0x0000025d65f30cb4 sp=0x000000818bffe5e0
Event: 1.201 Thread 0x0000025d03d6b4c0 DEOPT UNPACKING pc=0x0000025d6580e77e sp=0x000000818bffdad0 mode 0
Event: 1.203 Thread 0x0000025d03d6b4c0 DEOPT PACKING pc=0x0000025d65f30cb4 sp=0x000000818bffe5e0
Event: 1.203 Thread 0x0000025d03d6b4c0 DEOPT UNPACKING pc=0x0000025d6580e77e sp=0x000000818bffdad0 mode 0
Event: 1.225 Thread 0x0000025d03d6b4c0 DEOPT PACKING pc=0x0000025d65f808d6 sp=0x000000818bffe6a0
Event: 1.225 Thread 0x0000025d03d6b4c0 DEOPT UNPACKING pc=0x0000025d6580e77e sp=0x000000818bffdbd0 mode 0
Event: 1.377 Thread 0x0000025d020089e0 Uncommon trap: trap_request=0xffffff45 fr.pc=0x0000025d6d2f7aec relative=0x00000000000000cc
Event: 1.377 Thread 0x0000025d020089e0 Uncommon trap: reason=unstable_if action=reinterpret pc=0x0000025d6d2f7aec method=java.util.HashMap$HashIterator.<init>(Ljava/util/HashMap;)V @ 38 c2
Event: 1.377 Thread 0x0000025d020089e0 DEOPT PACKING pc=0x0000025d6d2f7aec sp=0x000000818aefef00
Event: 1.377 Thread 0x0000025d020089e0 DEOPT UNPACKING pc=0x0000025d6580f92e sp=0x000000818aefedd0 mode 2
Event: 22.497 Thread 0x0000025d02782390 Uncommon trap: trap_request=0xffffff45 fr.pc=0x0000025d6d2f70a0 relative=0x0000000000000200
Event: 22.497 Thread 0x0000025d02782390 Uncommon trap: reason=unstable_if action=reinterpret pc=0x0000025d6d2f70a0 method=java.util.HashMap$HashIterator.<init>(Ljava/util/HashMap;)V @ 38 c2
Event: 22.497 Thread 0x0000025d02782390 DEOPT PACKING pc=0x0000025d6d2f70a0 sp=0x000000818b8ff110
Event: 22.497 Thread 0x0000025d02782390 DEOPT UNPACKING pc=0x0000025d6580f92e sp=0x000000818b8ff0c8 mode 2

Classes unloaded (0 events):
No events

Classes redefined (0 events):
No events

Internal exceptions (20 events):
Event: 1.203 Thread 0x0000025d03d6b4c0 Exception <a 'java/lang/ArrayIndexOutOfBoundsException'{0x0000000713460c50}> (0x0000000713460c50) 
thrown [t:\workspace\open\src\hotspot\share\runtime\sharedRuntime.cpp, line 624]
Event: 1.203 Thread 0x0000025d03d6b4c0 Exception <a 'java/lang/ArrayIndexOutOfBoundsException'{0x0000000713460f98}> (0x0000000713460f98) 
thrown [t:\workspace\open\src\hotspot\share\runtime\sharedRuntime.cpp, line 624]
Event: 1.203 Thread 0x0000025d03d6b4c0 Exception <a 'java/lang/ArrayIndexOutOfBoundsException'{0x00000007134612e0}> (0x00000007134612e0) 
thrown [t:\workspace\open\src\hotspot\share\runtime\sharedRuntime.cpp, line 624]
Event: 1.203 Thread 0x0000025d03d6b4c0 Exception <a 'java/lang/ArrayIndexOutOfBoundsException'{0x0000000713461628}> (0x0000000713461628) 
thrown [t:\workspace\open\src\hotspot\share\runtime\sharedRuntime.cpp, line 624]
Event: 1.203 Thread 0x0000025d03d6b4c0 Exception <a 'java/lang/ArrayIndexOutOfBoundsException'{0x0000000713461970}> (0x0000000713461970) 
thrown [t:\workspace\open\src\hotspot\share\runtime\sharedRuntime.cpp, line 624]
Event: 1.203 Thread 0x0000025d03d6b4c0 Exception <a 'java/lang/ArrayIndexOutOfBoundsException'{0x0000000713461cb8}> (0x0000000713461cb8) 
thrown [t:\workspace\open\src\hotspot\share\runtime\sharedRuntime.cpp, line 624]
Event: 1.203 Thread 0x0000025d03d6b4c0 Exception <a 'java/lang/ArrayIndexOutOfBoundsException'{0x0000000713462000}> (0x0000000713462000) 
thrown [t:\workspace\open\src\hotspot\share\runtime\sharedRuntime.cpp, line 624]
Event: 1.203 Thread 0x0000025d03d6b4c0 Exception <a 'java/lang/ArrayIndexOutOfBoundsException'{0x0000000713462348}> (0x0000000713462348) 
thrown [t:\workspace\open\src\hotspot\share\runtime\sharedRuntime.cpp, line 624]
Event: 1.203 Thread 0x0000025d03d6b4c0 Exception <a 'java/lang/ArrayIndexOutOfBoundsException'{0x0000000713462690}> (0x0000000713462690) 
thrown [t:\workspace\open\src\hotspot\share\runtime\sharedRuntime.cpp, line 624]
Event: 1.203 Thread 0x0000025d03d6b4c0 Exception <a 'java/lang/ArrayIndexOutOfBoundsException'{0x00000007134629d8}> (0x00000007134629d8) 
thrown [t:\workspace\open\src\hotspot\share\runtime\sharedRuntime.cpp, line 624]
Event: 1.203 Thread 0x0000025d03d6b4c0 Exception <a 'java/lang/ArrayIndexOutOfBoundsException'{0x0000000713462d20}> (0x0000000713462d20) 
thrown [t:\workspace\open\src\hotspot\share\runtime\sharedRuntime.cpp, line 624]
Event: 1.203 Thread 0x0000025d03d6b4c0 Exception <a 'java/lang/ArrayIndexOutOfBoundsException'{0x0000000713463068}> (0x0000000713463068) 
thrown [t:\workspace\open\src\hotspot\share\runtime\sharedRuntime.cpp, line 624]
Event: 1.203 Thread 0x0000025d03d6b4c0 Exception <a 'java/lang/ArrayIndexOutOfBoundsException'{0x00000007134633b0}> (0x00000007134633b0) 
thrown [t:\workspace\open\src\hotspot\share\runtime\sharedRuntime.cpp, line 624]
Event: 1.203 Thread 0x0000025d03d6b4c0 Exception <a 'java/lang/ArrayIndexOutOfBoundsException'{0x00000007134636f8}> (0x00000007134636f8) 
thrown [t:\workspace\open\src\hotspot\share\runtime\sharedRuntime.cpp, line 624]
Event: 1.203 Thread 0x0000025d03d6b4c0 Exception <a 'java/lang/ArrayIndexOutOfBoundsException'{0x0000000713463a40}> (0x0000000713463a40) 
thrown [t:\workspace\open\src\hotspot\share\runtime\sharedRuntime.cpp, line 624]
Event: 1.203 Thread 0x0000025d03d6b4c0 Exception <a 'java/lang/ArrayIndexOutOfBoundsException'{0x0000000713463d88}> (0x0000000713463d88) 
thrown [t:\workspace\open\src\hotspot\share\runtime\sharedRuntime.cpp, line 624]
Event: 1.203 Thread 0x0000025d03d6b4c0 Exception <a 'java/lang/ArrayIndexOutOfBoundsException'{0x00000007134640d0}> (0x00000007134640d0) 
thrown [t:\workspace\open\src\hotspot\share\runtime\sharedRuntime.cpp, line 624]
Event: 1.203 Thread 0x0000025d03d6b4c0 Exception <a 'java/lang/ArrayIndexOutOfBoundsException'{0x0000000713464418}> (0x0000000713464418) 
thrown [t:\workspace\open\src\hotspot\share\runtime\sharedRuntime.cpp, line 624]
Event: 1.203 Thread 0x0000025d03d6b4c0 Exception <a 'java/lang/ArrayIndexOutOfBoundsException'{0x0000000713464760}> (0x0000000713464760) 
thrown [t:\workspace\open\src\hotspot\share\runtime\sharedRuntime.cpp, line 624]
Event: 22.476 Thread 0x0000025d03d6bf60 Exception <a 'java/lang/InterruptedException'{0x000000070a400000}> (0x000000070a400000) 
thrown [t:\workspace\open\src\hotspot\share\runtime\objectMonitor.cpp, line 1705]

Events (20 events):
Event: 18.819 Executing  VM operation: G1CollectForAllocation
Event: 18.821 Executing  VM operation: G1CollectForAllocation done
Event: 20.042 Executing  VM operation: G1CollectForAllocation
Event: 20.044 Executing  VM operation: G1CollectForAllocation done
Event: 21.282 Executing  VM operation: G1CollectForAllocation
Event: 21.284 Executing  VM operation: G1CollectForAllocation done
Event: 22.476 Thread 0x0000025d03d6c4b0 Thread added: 0x0000025d03d6c4b0
Event: 22.476 Thread 0x0000025d7f69d660 Thread added: 0x0000025d7f69d660
Event: 22.476 Thread 0x0000025d7f698c00 Thread added: 0x0000025d7f698c00
Event: 22.476 Thread 0x0000025d03d6bf60 Thread exited: 0x0000025d03d6bf60
Event: 22.477 Thread 0x0000025d7f6996a0 Thread added: 0x0000025d7f6996a0
Event: 22.477 loading class java/nio/channels/ClosedChannelException
Event: 22.477 loading class java/nio/channels/ClosedChannelException done
Event: 22.477 Thread 0x0000025d03d6c4b0 Thread exited: 0x0000025d03d6c4b0
Event: 22.477 Thread 0x0000025d02563360 Thread exited: 0x0000025d02563360
Event: 22.480 Thread 0x0000025d02008f00 Thread exited: 0x0000025d02008f00
Event: 22.502 Thread 0x0000025d02782390 Thread exited: 0x0000025d02782390
Event: 22.505 Thread 0x0000025d7f69d660 Thread exited: 0x0000025d7f69d660
Event: 22.577 Thread 0x0000025d7f698c00 Thread exited: 0x0000025d7f698c00
Event: 22.578 Executing  VM operation: Exit


Dynamic libraries:
0x00007ff62cff0000 - 0x00007ff62d000000 	C:\Program Files\Java\jdk-16.0.2\bin\javaw.exe
0x00007fff8ebf0000 - 0x00007fff8ede5000 	C:\windows\SYSTEM32\ntdll.dll
0x00007fff8de50000 - 0x00007fff8df0e000 	C:\windows\System32\KERNEL32.DLL
0x00007fff8c5c0000 - 0x00007fff8c888000 	C:\windows\System32\KERNELBASE.dll
0x00007fff8cab0000 - 0x00007fff8cbb0000 	C:\windows\System32\ucrtbase.dll
0x00007fff84d80000 - 0x00007fff84d99000 	C:\Program Files\Java\jdk-16.0.2\bin\VCRUNTIME140.dll
0x00007fff851c0000 - 0x00007fff851d8000 	C:\Program Files\Java\jdk-16.0.2\bin\jli.dll
0x00007fff8eb00000 - 0x00007fff8ebac000 	C:\windows\System32\ADVAPI32.dll
0x00007fff8e270000 - 0x00007fff8e30e000 	C:\windows\System32\msvcrt.dll
0x00007fff8e310000 - 0x00007fff8e3ab000 	C:\windows\System32\sechost.dll
0x00007fff8d3a0000 - 0x00007fff8d4ca000 	C:\windows\System32\RPCRT4.dll
0x00007fff8d5f0000 - 0x00007fff8d791000 	C:\windows\System32\USER32.dll
0x00007fff8cbb0000 - 0x00007fff8cbd2000 	C:\windows\System32\win32u.dll
0x00007fff8cef0000 - 0x00007fff8cf1b000 	C:\windows\System32\GDI32.dll
0x00007fff8c310000 - 0x00007fff8c41b000 	C:\windows\System32\gdi32full.dll
0x00007fff8c470000 - 0x00007fff8c50d000 	C:\windows\System32\msvcp_win.dll
0x00007fff63bb0000 - 0x00007fff63e4a000 	C:\windows\WinSxS\amd64_microsoft.windows.common-controls_6595b64144ccf1df_6.0.19041.1110_none_60b5254171f9507e\COMCTL32.dll
0x00007fff85760000 - 0x00007fff8576a000 	C:\windows\SYSTEM32\VERSION.dll
0x00007fff8dd50000 - 0x00007fff8dd80000 	C:\windows\System32\IMM32.DLL
0x00007fff85750000 - 0x00007fff8575c000 	C:\Program Files\Java\jdk-16.0.2\bin\vcruntime140_1.dll
0x00007fff62820000 - 0x00007fff628b1000 	C:\Program Files\Java\jdk-16.0.2\bin\msvcp140.dll
0x00007fff10d20000 - 0x00007fff118cb000 	C:\Program Files\Java\jdk-16.0.2\bin\server\jvm.dll
0x00007fff8d5e0000 - 0x00007fff8d5e8000 	C:\windows\System32\PSAPI.DLL
0x00007fff670e0000 - 0x00007fff67107000 	C:\windows\SYSTEM32\WINMM.dll
0x00007fff85700000 - 0x00007fff85709000 	C:\windows\SYSTEM32\WSOCK32.dll
0x00007fff8dd80000 - 0x00007fff8ddeb000 	C:\windows\System32\WS2_32.dll
0x00007fff8ab90000 - 0x00007fff8aba2000 	C:\windows\SYSTEM32\kernel.appcore.dll
0x00007fff84e20000 - 0x00007fff84e2a000 	C:\Program Files\Java\jdk-16.0.2\bin\jimage.dll
0x00007fff8a0f0000 - 0x00007fff8a2d4000 	C:\windows\SYSTEM32\DBGHELP.DLL
0x00007fff79e40000 - 0x00007fff79e6c000 	C:\windows\SYSTEM32\dbgcore.DLL
0x00007fff8ca20000 - 0x00007fff8caa3000 	C:\windows\System32\bcryptPrimitives.dll
0x00007fff68960000 - 0x00007fff68985000 	C:\Program Files\Java\jdk-16.0.2\bin\java.dll
0x00007fff8e3c0000 - 0x00007fff8eaff000 	C:\windows\System32\SHELL32.dll
0x00007fff8a3f0000 - 0x00007fff8ab80000 	C:\windows\SYSTEM32\windows.storage.dll
0x00007fff8df10000 - 0x00007fff8e265000 	C:\windows\System32\combase.dll
0x00007fff8bcf0000 - 0x00007fff8bd1e000 	C:\windows\SYSTEM32\Wldp.dll
0x00007fff8d4d0000 - 0x00007fff8d57d000 	C:\windows\System32\SHCORE.dll
0x00007fff8db30000 - 0x00007fff8db85000 	C:\windows\System32\shlwapi.dll
0x00007fff8c250000 - 0x00007fff8c26f000 	C:\windows\SYSTEM32\profapi.dll
0x00007fff73f50000 - 0x00007fff73f69000 	C:\Program Files\Java\jdk-16.0.2\bin\net.dll
0x00007fff873d0000 - 0x00007fff874dc000 	C:\windows\SYSTEM32\WINHTTP.dll
0x00007fff8ba50000 - 0x00007fff8baba000 	C:\windows\system32\mswsock.dll
0x00007fff632a0000 - 0x00007fff632b3000 	C:\Program Files\Java\jdk-16.0.2\bin\nio.dll
0x00007fff63280000 - 0x00007fff63298000 	C:\Program Files\Java\jdk-16.0.2\bin\zip.dll
0x00007fff84880000 - 0x00007fff84890000 	C:\Program Files\Java\jdk-16.0.2\bin\verify.dll
0x00007fff413f0000 - 0x00007fff41570000 	C:\Program Files\Java\jdk-16.0.2\bin\awt.dll
0x00007fff8d880000 - 0x00007fff8d94d000 	C:\windows\System32\OLEAUT32.dll
0x00007fff89770000 - 0x00007fff89800000 	C:\windows\SYSTEM32\apphelp.dll
0x00007fff89950000 - 0x00007fff899ee000 	C:\windows\system32\uxtheme.dll
0x00007fff8cc40000 - 0x00007fff8cd55000 	C:\windows\System32\MSCTF.dll
0x00007fff8dc20000 - 0x00007fff8dd4a000 	C:\windows\System32\ole32.dll
0x00007fff89a40000 - 0x00007fff89a6f000 	C:\windows\system32\DWMAPI.DLL
0x00007fff75400000 - 0x00007fff75525000 	C:\windows\system32\opengl32.dll
0x00007fff84f00000 - 0x00007fff84f2c000 	C:\windows\SYSTEM32\GLU32.dll
0x00007fff8bc40000 - 0x00007fff8bc58000 	C:\windows\SYSTEM32\CRYPTSP.dll
0x00007fff8b370000 - 0x00007fff8b3a4000 	C:\windows\system32\rsaenh.dll
0x00007fff8c9f0000 - 0x00007fff8ca17000 	C:\windows\System32\bcrypt.dll
0x00007fff8c1d0000 - 0x00007fff8c1fe000 	C:\windows\SYSTEM32\USERENV.dll
0x00007fff8bc60000 - 0x00007fff8bc6c000 	C:\windows\SYSTEM32\CRYPTBASE.dll
0x00007fff8b6e0000 - 0x00007fff8b71b000 	C:\windows\SYSTEM32\IPHLPAPI.DLL
0x00007fff8e3b0000 - 0x00007fff8e3b8000 	C:\windows\System32\NSI.dll
0x00007fff85a60000 - 0x00007fff85a77000 	C:\windows\SYSTEM32\dhcpcsvc6.DLL
0x00007fff85a40000 - 0x00007fff85a5d000 	C:\windows\SYSTEM32\dhcpcsvc.DLL
0x00007fff8b720000 - 0x00007fff8b7eb000 	C:\windows\SYSTEM32\DNSAPI.dll
0x00000000637c0000 - 0x00000000637cd000 	C:\Users\sethr\AppData\Local\Temp\jogamp_0000\file_cache\jln7268038690781077821\jln12801391144274407259\natives\windows-amd64\gluegen-rt.dll
0x00007fff7aea0000 - 0x00007fff7aea7000 	C:\Program Files\Java\jdk-16.0.2\bin\jawt.dll
0x000000006a440000 - 0x000000006a44d000 	C:\Users\sethr\AppData\Local\Temp\jogamp_0000\file_cache\jln7268038690781077821\jln12801391144274407259\natives\windows-amd64\nativewindow_awt.dll
0x000000006c100000 - 0x000000006c10f000 	C:\Users\sethr\AppData\Local\Temp\jogamp_0000\file_cache\jln7268038690781077821\jln12801391144274407259\natives\windows-amd64\nativewindow_win32.dll
0x000000006cbc0000 - 0x000000006cbd3000 	C:\Users\sethr\AppData\Local\Temp\jogamp_0000\file_cache\jln7268038690781077821\jln12801391144274407259\natives\windows-amd64\newt.dll
0x00007fff867c0000 - 0x00007fff8686e000 	C:\windows\SYSTEM32\mscms.dll
0x00007fff86750000 - 0x00007fff86761000 	C:\windows\SYSTEM32\ColorAdapterClient.dll
0x00007fff507f0000 - 0x00007fff50833000 	C:\windows\SYSTEM32\icm32.dll
0x00007fff8cf20000 - 0x00007fff8d392000 	C:\windows\System32\setupapi.dll
0x00007fff8c420000 - 0x00007fff8c46e000 	C:\windows\System32\cfgmgr32.dll
0x00007fff8c0b0000 - 0x00007fff8c0e4000 	C:\windows\SYSTEM32\DEVOBJ.dll
0x00007fff8cbe0000 - 0x00007fff8cc40000 	C:\windows\System32\WINTRUST.dll
0x00007fff8c890000 - 0x00007fff8c9e6000 	C:\windows\System32\CRYPT32.dll
0x00007fff8be80000 - 0x00007fff8be92000 	C:\windows\SYSTEM32\MSASN1.dll
0x0000000064500000 - 0x00000000645b1000 	C:\Users\sethr\AppData\Local\Temp\jogamp_0000\file_cache\jln7268038690781077821\jln12801391144274407259\natives\windows-amd64\jogl_desktop.dll
0x0000000064340000 - 0x00000000643a2000 	C:\Users\sethr\AppData\Local\Temp\jogamp_0000\file_cache\jln7268038690781077821\jln12801391144274407259\natives\windows-amd64\jogl_mobile.dll
0x00007fff8cd60000 - 0x00007fff8ce09000 	C:\windows\System32\clbcatq.dll
0x00007ffef60a0000 - 0x00007ffef70a0000 	C:\windows\System32\DriverStore\FileRepository\iigd_dch.inf_amd64_14d6d9e2312c79ae\igxelpicd64.dll
0x00007fff8ad20000 - 0x00007fff8ae14000 	C:\windows\system32\dxgi.dll
0x00007fff25920000 - 0x00007fff25d84000 	C:\windows\System32\DriverStore\FileRepository\iigd_dch.inf_amd64_14d6d9e2312c79ae\igdml64.dll
0x00007fff70030000 - 0x00007fff703ed000 	C:\windows\System32\DriverStore\FileRepository\iigd_dch.inf_amd64_14d6d9e2312c79ae\igdgmm64.dll
0x00007fff6cdf0000 - 0x00007fff70028000 	C:\windows\System32\DriverStore\FileRepository\iigd_dch.inf_amd64_14d6d9e2312c79ae\igc64.dll
0x00007fff8c060000 - 0x00007fff8c0ab000 	C:\windows\SYSTEM32\powrprof.dll
0x00007fff8c040000 - 0x00007fff8c052000 	C:\windows\SYSTEM32\UMPDC.dll
0x00007fff742d0000 - 0x00007fff743c9000 	C:\windows\SYSTEM32\textinputframework.dll
0x00007fff89530000 - 0x00007fff89622000 	C:\windows\System32\CoreMessaging.dll
0x00007fff891d0000 - 0x00007fff8952e000 	C:\windows\System32\CoreUIComponents.dll
0x00007fff8b000000 - 0x00007fff8b033000 	C:\windows\SYSTEM32\ntmarta.dll
0x00007fff88540000 - 0x00007fff88694000 	C:\windows\SYSTEM32\wintypes.dll
0x00007fff791a0000 - 0x00007fff79206000 	C:\windows\system32\Oleacc.dll

dbghelp: loaded successfully - version: 4.0.5 - missing functions: none
symbol engine: initialized successfully - sym options: 0x614 - pdb path: .;C:\Program Files\Java\jdk-16.0.2\bin;C:\windows\SYSTEM32;C:\windows\WinSxS\amd64_microsoft.windows.common-controls_6595b64144ccf1df_6.0.19041.1110_none_60b5254171f9507e;C:\Program Files\Java\jdk-16.0.2\bin\server;C:\Users\sethr\AppData\Local\Temp\jogamp_0000\file_cache\jln7268038690781077821\jln12801391144274407259\natives\windows-amd64;C:\windows\System32\DriverStore\FileRepository\iigd_dch.inf_amd64_14d6d9e2312c79ae

VM Arguments:
jvm_args: -Dfile.encoding=Cp1252 -XX:+ShowCodeDetailsInExceptionMessages 
java_command: energywaves.Main
java_class_path (initial): C:\Users\sethr\eclipse-workspace\energywaves\target\classes;C:\Users\sethr\.m2\repository\org\processing\core\3.3.6\core-3.3.6.jar;C:\Users\sethr\.m2\repository\org\jogamp\gluegen\gluegen-rt-main\2.3.2\gluegen-rt-main-2.3.2.jar;C:\Users\sethr\.m2\repository\org\jogamp\gluegen\gluegen-rt\2.3.2\gluegen-rt-2.3.2.jar;C:\Users\sethr\.m2\repository\org\jogamp\gluegen\gluegen-rt\2.3.2\gluegen-rt-2.3.2-natives-android-aarch64.jar;C:\Users\sethr\.m2\repository\org\jogamp\gluegen\gluegen-rt\2.3.2\gluegen-rt-2.3.2-natives-android-armv6.jar;C:\Users\sethr\.m2\repository\org\jogamp\gluegen\gluegen-rt\2.3.2\gluegen-rt-2.3.2-natives-linux-amd64.jar;C:\Users\sethr\.m2\repository\org\jogamp\gluegen\gluegen-rt\2.3.2\gluegen-rt-2.3.2-natives-linux-armv6.jar;C:\Users\sethr\.m2\repository\org\jogamp\gluegen\gluegen-rt\2.3.2\gluegen-rt-2.3.2-natives-linux-armv6hf.jar;C:\Users\sethr\.m2\repository\org\jogamp\gluegen\gluegen-rt\2.3.2\gluegen-rt-2.3.2-natives-linux-i586.jar;C:\Users\sethr\.m2\repository\org\jogamp\gluegen\gluegen-rt\2.3.2\gluegen-rt-2.3.2-natives-macosx-universal.jar;C:\Users\sethr\.m2\repository\org\jogamp\gluegen\gluegen-rt\2.3.2\gluegen-rt-2.3.2-natives-solaris-amd64.jar;C:\Users\sethr\.m2\repository\org\jogamp\gluegen\gluegen-rt\2.3.2\gluegen-rt-2.3.2-natives-solaris-i586.jar;C:\Users\sethr\.m2\repository\org\jogamp\gluegen\gluegen-rt\2.3.2\gluegen-rt-2.3.2-natives-windows-amd64.jar;C:\Users\sethr\.m2\repository\org\jogamp\gluegen\gluegen-rt\2.3.2\gluegen-rt-2.3.2-natives-windows-i586.jar;C:\Users\sethr\.m2\repository\org\jogamp\jogl\jogl-all-main\2.3.2\jogl-all-main-2.3.2.jar;C:\Users\sethr\.m2\repository\org\jogamp\jogl\jogl-all\2.3.2\jogl-all-2.3.2.jar;C:\Users\sethr\.m2\repository\org\jogamp\jogl\jogl-all\2.3.2\jogl-all-2.3.2-natives-android-aarch64.jar;C:\Users\sethr\.m2\repository\org\jogamp\jogl\jogl-all\2.3.2\jogl-all-2.3.2-natives-android-armv6.jar;C:\Users\sethr\.m2\repository\org\jogamp\jogl\jogl-all\2.3.2\jogl-all-2.3.2-natives-l
Launcher Type: SUN_STANDARD

[Global flags]
     intx CICompilerCount                          = 4                                         {product} {ergonomic}
     uint ConcGCThreads                            = 2                                         {product} {ergonomic}
     uint G1ConcRefinementThreads                  = 8                                         {product} {ergonomic}
   size_t G1HeapRegionSize                         = 2097152                                   {product} {ergonomic}
    uintx GCDrainStackTargetSize                   = 64                                        {product} {ergonomic}
   size_t InitialHeapSize                          = 266338304                                 {product} {ergonomic}
   size_t MarkStackSize                            = 4194304                                   {product} {ergonomic}
   size_t MaxHeapSize                              = 4234149888                                {product} {ergonomic}
   size_t MaxNewSize                               = 2539651072                                {product} {ergonomic}
   size_t MinHeapDeltaBytes                        = 2097152                                   {product} {ergonomic}
   size_t MinHeapSize                              = 8388608                                   {product} {ergonomic}
    uintx NonNMethodCodeHeapSize                   = 5839372                                {pd product} {ergonomic}
    uintx NonProfiledCodeHeapSize                  = 122909434                              {pd product} {ergonomic}
    uintx ProfiledCodeHeapSize                     = 122909434                              {pd product} {ergonomic}
    uintx ReservedCodeCacheSize                    = 251658240                              {pd product} {ergonomic}
     bool SegmentedCodeCache                       = true                                      {product} {ergonomic}
     bool ShowCodeDetailsInExceptionMessages       = true                                   {manageable} {command line}
   size_t SoftMaxHeapSize                          = 4234149888                             {manageable} {ergonomic}
     bool UseCompressedClassPointers               = true                           {product lp64_product} {ergonomic}
     bool UseCompressedOops                        = true                           {product lp64_product} {ergonomic}
     bool UseG1GC                                  = true                                      {product} {ergonomic}
     bool UseLargePagesIndividualAllocation        = false                                  {pd product} {ergonomic}

Logging:
Log output configuration:
 #0: stdout all=off uptime,level,tags
 #1: stderr all=off uptime,level,tags

Environment Variables:
PATH=C:\Program Files\Oculus\Support\oculus-runtime;C:\Program Files\Common Files\Oracle\Java\javapath;C:\windows\system32;C:\windows;C:\windows\System32\Wbem;C:\windows\System32\WindowsPowerShell\v1.0\;C:\windows\System32\OpenSSH\;C:\MinGW\mingw32\bin;C:\ProgramData\chocolatey\bin;C:\ProgramData\chocolatey\bin\make.exe;C:\Program Files\Git\cmd;C:\Program Files\nodejs\;C:\Users\sethr\AppData\Local\Programs\Python\Python39\Scripts\;C:\Users\sethr\AppData\Local\Programs\Python\Python39\;C:\Users\sethr\AppData\Local\Microsoft\WindowsApps;C:\Users\sethr\AppData\Local\Programs\Microsoft VS Code\bin;C:\Users\sethr\AppData\Local\GitHubDesktop\bin;C:\Users\sethr\AppData\Roaming\npm
USERNAME=sethr
OS=Windows_NT
PROCESSOR_IDENTIFIER=Intel64 Family 6 Model 140 Stepping 1, GenuineIntel



---------------  S Y S T E M  ---------------

OS:
 Windows 10 , 64 bit Build 19041 (10.0.19041.1348)
OS uptime: 30 days 19:30 hours

CPU: total 8 (initial active 8) (4 cores per cpu, 2 threads per core) family 6 model 140 stepping 1 microcode 0x86, cx8, cmov, fxsr, ht, mmx, 3dnowpref, sse, sse2, sse3, ssse3, sse4.1, sse4.2, popcnt, lzcnt, tsc, tscinvbit, avx, avx2, aes, erms, clmul, bmi1, bmi2, adx, avx512f, avx512dq, avx512cd, avx512bw, avx512vl, sha, fma, vzeroupper, avx512_vpopcntdq, avx512_vpclmulqdq, avx512_vaes, avx512_vnni, clflush, clflushopt, clwb, avx512_vmbi2, avx512_vmbi

Memory: 4k page, system-wide physical 16149M (6867M free)
TotalPageFile size 27525M (AvailPageFile size 7692M)
current process WorkingSet (physical memory assigned to process): 429M, peak: 433M
current process commit charge ("private bytes"): 521M, peak: 534M

vm_info: Java HotSpot(TM) 64-Bit Server VM (16.0.2+7-67) for windows-amd64 JRE (16.0.2+7-67), built on Jun  8 2021 23:24:19 by "mach5one" with MS VC++ 16.7 (VS2019)

END.
