#
# A fatal error has been detected by the Java Runtime Environment:
#
#  EXCEPTION_ACCESS_VIOLATION (0xc0000005) at pc=0x00007ff8544e2c4c, pid=5488, tid=20884
#
# JRE version: Java(TM) SE Runtime Environment (16.0.2+7) (build 16.0.2+7-67)
# Java VM: Java HotSpot(TM) 64-Bit Server VM (16.0.2+7-67, mixed mode, sharing, tiered, compressed oops, compressed class ptrs, g1 gc, windows-amd64)
# Problematic frame:
# C  [igxelpicd64.dll+0x282c4c]
#
# No core dump will be written. Minidumps are not enabled by default on client versions of Windows
#
# If you would like to submit a bug report, please visit:
#   https://bugreport.java.com/bugreport/crash.jsp
#

---------------  S U M M A R Y ------------

Command Line: -Dfile.encoding=Cp1252 -XX:+ShowCodeDetailsInExceptionMessages energywaves.Main

Host: 11th Gen Intel(R) Core(TM) i7-1165G7 @ 2.80GHz, 8 cores, 15G,  Windows 10 , 64 bit Build 19041 (10.0.19041.1466)
Time: Wed Jan 19 09:49:52 2022 Eastern Standard Time elapsed time: 95.910847 seconds (0d 0h 1m 35s)

---------------  T H R E A D  ---------------

Current thread (0x0000021e7f32ac40):  VMThread "VM Thread" [stack: 0x000000b334c00000,0x000000b334d00000] [id=20884]

Stack: [0x000000b334c00000,0x000000b334d00000],  sp=0x000000b334cfe4d0,  free space=1017k
Native frames: (J=compiled Java code, j=interpreted, Vv=VM code, C=native code)
C  [igxelpicd64.dll+0x282c4c]


siginfo: EXCEPTION_ACCESS_VIOLATION (0xc0000005), reading address 0x00000000000356f8


Register to memory mapping:

RIP=0x00007ff8544e2c4c igxelpicd64.dll
RAX=0x0000021e02bc0f10 points into unknown readable memory: 0x000000000014390a | 0a 39 14 00 00 00 00 00
RBX=0x0000021e00a7ab70 points into unknown readable memory: 0xffffffffffffffff | ff ff ff ff ff ff ff ff
RCX=0x0 is NULL
RDX=0x0000000000000002 is an unknown value
RSP=0x000000b334cfe4d0 points into unknown readable memory: 0x0000021e00a7ab70 | 70 ab a7 00 1e 02 00 00
RBP=0x0000000000000016 is an unknown value
RSI=0x0000021e0054c6a0 points into unknown readable memory: 0x00007ff8ce152f00 | 00 2f 15 ce f8 7f 00 00
RDI=0x0 is NULL
R8 =0x0000000000000014 is an unknown value
R9 =0x0 is NULL
R10=0x0 is NULL
R11=0x0000000000000246 is an unknown value
R12=0x0000021e02bc1348 points into unknown readable memory: 0x0000021e02bc0730 | 30 07 bc 02 1e 02 00 00
R13=0x0 is NULL
R14=0x0000021e02bc0d80 points into unknown readable memory: 0x0000021e0090d3d0 | d0 d3 90 00 1e 02 00 00
R15=0x0 is NULL


Registers:
RAX=0x0000021e02bc0f10, RBX=0x0000021e00a7ab70, RCX=0x0000000000000000, RDX=0x0000000000000002
RSP=0x000000b334cfe4d0, RBP=0x0000000000000016, RSI=0x0000021e0054c6a0, RDI=0x0000000000000000
R8 =0x0000000000000014, R9 =0x0000000000000000, R10=0x0000000000000000, R11=0x0000000000000246
R12=0x0000021e02bc1348, R13=0x0000000000000000, R14=0x0000021e02bc0d80, R15=0x0000000000000000
RIP=0x00007ff8544e2c4c, EFLAGS=0x0000000000010202

Top of Stack: (sp=0x000000b334cfe4d0)
0x000000b334cfe4d0:   0000021e00a7ab70 00007ff8ce1bd859
0x000000b334cfe4e0:   000000b334cfe568 0000000000000000
0x000000b334cfe4f0:   0000000000000054 0000021e00a7ab70
0x000000b334cfe500:   0000000000000000 00007ff8cfe10ba4
0x000000b334cfe510:   000000007a000004 01487ab5012289b4
0x000000b334cfe520:   0000000000000000 0000021e02cfceb8
0x000000b334cfe530:   0000000000143927 0000000000000000
0x000000b334cfe540:   0000000000000014 0000000000000000
0x000000b334cfe550:   0000000000000000 000000b334cfe670
0x000000b334cfe560:   0000021e0054c6a0 00007ff85431769c
0x000000b334cfe570:   0000021e00000016 0000021e02bc0730
0x000000b334cfe580:   0000000000000000 000000007a000000
0x000000b334cfe590:   000000b300000894 0000b802196a0000
0x000000b334cfe5a0:   0000000000000000 012f19e301c8f5e1
0x000000b334cfe5b0:   0000000000000000 000000007a000004
0x000000b334cfe5c0:   00f5d1e9013b9be7 0000000000000000 

Instructions: (pc=0x00007ff8544e2c4c)
0x00007ff8544e2b4c:   41 bf 20 00 00 00 48 8b 04 38 4d 8b 3c 07 0f b6
0x00007ff8544e2b5c:   bc 24 b0 00 00 00 4c 3b 3d d7 f8 cb 00 41 0f 44
0x00007ff8544e2b6c:   e9 89 ac 24 a0 00 00 00 48 85 c9 0f 84 d4 07 00
0x00007ff8544e2b7c:   00 0f 1f 00 4c 8b f1 4c 8d a1 c8 05 00 00 49 8b
0x00007ff8544e2b8c:   04 24 48 89 84 24 a8 00 00 00 40 84 ff 74 10 48
0x00007ff8544e2b9c:   8b d1 48 8b 09 e8 ea 8d e3 ff e9 4f 07 00 00 8b
0x00007ff8544e2bac:   96 d0 01 00 00 48 8b 05 58 dd bb 00 83 b8 64 03
0x00007ff8544e2bbc:   00 00 02 0f 85 19 02 00 00 83 fa 10 73 0e 48 8d
0x00007ff8544e2bcc:   42 04 48 8d 04 c2 48 8d 04 c1 eb 60 8d 4a f0 8b
0x00007ff8544e2bdc:   c1 c1 e8 04 83 f8 03 73 1d 0f ae e8 83 e1 0f 4d
0x00007ff8544e2bec:   8b 84 c6 80 05 00 00 4d 85 c0 74 25 48 8d 0c c9
0x00007ff8544e2bfc:   49 8d 04 c8 eb 36 49 8b 86 98 05 00 00 48 85 c0
0x00007ff8544e2c0c:   74 0f 66 90 39 10 74 2f 48 8b 40 50 48 85 c0 75
0x00007ff8544e2c1c:   f3 41 80 be a0 05 00 00 00 74 22 8b c2 83 e0 0f
0x00007ff8544e2c2c:   48 8d 04 c0 48 8d 40 20 49 8d 04 c6 48 85 c0 74
0x00007ff8544e2c3c:   0c 48 8b 48 08 eb 09 48 83 c0 08 eb ef 49 8b c9
0x00007ff8544e2c4c:   49 3b 8f f8 56 03 00 0f 86 85 01 00 00 83 fa 10
0x00007ff8544e2c5c:   73 0a 48 8d 42 04 48 8d 04 c2 eb 5c 8d 4a f0 8b
0x00007ff8544e2c6c:   c1 c1 e8 04 83 f8 03 73 1d 0f ae e8 83 e1 0f 4d
0x00007ff8544e2c7c:   8b 84 c6 80 05 00 00 4d 85 c0 74 25 48 8d 0c c9
0x00007ff8544e2c8c:   49 8d 04 c8 eb 36 49 8b 86 98 05 00 00 48 85 c0
0x00007ff8544e2c9c:   74 0f 66 90 39 10 74 2f 48 8b 40 50 48 85 c0 75
0x00007ff8544e2cac:   f3 41 80 be a0 05 00 00 00 74 22 8b c2 83 e0 0f
0x00007ff8544e2cbc:   48 8d 04 c0 48 8d 40 20 49 8d 04 c6 48 85 c0 74
0x00007ff8544e2ccc:   0c 48 8b 48 08 eb 09 48 83 c0 08 eb ef 49 8b c9
0x00007ff8544e2cdc:   49 3b 8e 40 06 00 00 0f 86 f5 00 00 00 48 8b 86
0x00007ff8544e2cec:   80 02 00 00 49 89 04 24 4c 89 b6 80 02 00 00 ff
0x00007ff8544e2cfc:   86 88 02 00 00 ba 01 00 00 00 49 8b 4e 08 e8 41
0x00007ff8544e2d0c:   28 59 00 0f b7 c8 48 2b c1 48 05 00 00 01 00 48
0x00007ff8544e2d1c:   01 86 90 02 00 00 ba 01 00 00 00 49 8b 4e 08 e8
0x00007ff8544e2d2c:   20 28 59 00 48 01 86 a0 02 00 00 85 ed 74 75 49
0x00007ff8544e2d3c:   8b 9f 58 4f 03 00 0f 57 c0 f3 0f 7f 44 24 30 c7 


Stack slot to memory mapping:
stack at sp + 0 slots: 0x0000021e00a7ab70 points into unknown readable memory: 0xffffffffffffffff | ff ff ff ff ff ff ff ff
stack at sp + 1 slots: 0x00007ff8ce1bd859 USER32.dll
stack at sp + 2 slots: 0x000000b334cfe568 points into unknown readable memory: 0x00007ff85431769c | 9c 76 31 54 f8 7f 00 00
stack at sp + 3 slots: 0x0 is NULL
stack at sp + 4 slots: 0x0000000000000054 is an unknown value
stack at sp + 5 slots: 0x0000021e00a7ab70 points into unknown readable memory: 0xffffffffffffffff | ff ff ff ff ff ff ff ff
stack at sp + 6 slots: 0x0 is NULL
stack at sp + 7 slots: 0x00007ff8cfe10ba4 ntdll.dll

VM_Operation (0x000000b3369fe510): Exit, mode: safepoint, requested by thread 0x0000021e001bab20


---------------  P R O C E S S  ---------------

Threads class SMR info:
_java_thread_list=0x0000021e00713cd0, length=15, elements={
0x0000021e7f32da30, 0x0000021e7f32eb50, 0x0000021e7f340f40, 0x0000021e7f347980,
0x0000021e7f348290, 0x0000021e7f348f80, 0x0000021e7f35e650, 0x0000021e7f370bc0,
0x0000021e001311b0, 0x0000021e00133600, 0x0000021e0050ddf0, 0x0000021e02c84350,
0x0000021e5c83c380, 0x0000021e001bab20, 0x0000021e02e07390
}

Java Threads: ( => current thread )
  0x0000021e7f32da30 JavaThread "Reference Handler" daemon [_thread_blocked, id=17316, stack(0x000000b334d00000,0x000000b334e00000)]
  0x0000021e7f32eb50 JavaThread "Finalizer" daemon [_thread_blocked, id=9424, stack(0x000000b334e00000,0x000000b334f00000)]
  0x0000021e7f340f40 JavaThread "Attach Listener" daemon [_thread_blocked, id=23396, stack(0x000000b335000000,0x000000b335100000)]
  0x0000021e7f347980 JavaThread "Service Thread" daemon [_thread_blocked, id=12548, stack(0x000000b335100000,0x000000b335200000)]
  0x0000021e7f348290 JavaThread "Monitor Deflation Thread" daemon [_thread_blocked, id=25872, stack(0x000000b335200000,0x000000b335300000)]
  0x0000021e7f348f80 JavaThread "C2 CompilerThread0" daemon [_thread_blocked, id=8972, stack(0x000000b335300000,0x000000b335400000)]
  0x0000021e7f35e650 JavaThread "C1 CompilerThread0" daemon [_thread_blocked, id=7004, stack(0x000000b335400000,0x000000b335500000)]
  0x0000021e7f370bc0 JavaThread "Sweeper thread" daemon [_thread_blocked, id=20504, stack(0x000000b335500000,0x000000b335600000)]
  0x0000021e001311b0 JavaThread "Notification Thread" daemon [_thread_blocked, id=21756, stack(0x000000b335600000,0x000000b335700000)]
  0x0000021e00133600 JavaThread "Common-Cleaner" daemon [_thread_blocked, id=4588, stack(0x000000b335800000,0x000000b335900000)]
  0x0000021e0050ddf0 JavaThread "Java2D Disposer" daemon [_thread_blocked, id=20900, stack(0x000000b335900000,0x000000b335a00000)]
  0x0000021e02c84350 JavaThread "HighResTimerThread" daemon [_thread_blocked, id=13096, stack(0x000000b336500000,0x000000b336600000)]
  0x0000021e5c83c380 JavaThread "DestroyJavaVM" [_thread_blocked, id=6264, stack(0x000000b334600000,0x000000b334700000)]
  0x0000021e001bab20 JavaThread "main-FPSAWTAnimator#00-Timer0-FPSAWTAnimator#00-Timer1" [_thread_blocked, id=26712, stack(0x000000b336900000,0x000000b336a00000)]
  0x0000021e02e07390 JavaThread "AWT-Shutdown" [_thread_blocked, id=11140, stack(0x000000b336600000,0x000000b336700000)]

Other Threads:
=>0x0000021e7f32ac40 VMThread "VM Thread" [stack: 0x000000b334c00000,0x000000b334d00000] [id=20884]
  0x0000021e5c88d450 GCTaskThread "GC Thread#0" [stack: 0x000000b334700000,0x000000b334800000] [id=8600]
  0x0000021e00853b30 GCTaskThread "GC Thread#1" [stack: 0x000000b335c00000,0x000000b335d00000] [id=15468]
  0x0000021e00853e40 GCTaskThread "GC Thread#2" [stack: 0x000000b335d00000,0x000000b335e00000] [id=11296]
  0x0000021e00854150 GCTaskThread "GC Thread#3" [stack: 0x000000b335e00000,0x000000b335f00000] [id=148]
  0x0000021e00858470 GCTaskThread "GC Thread#4" [stack: 0x000000b335f00000,0x000000b336000000] [id=21824]
  0x0000021e00858780 GCTaskThread "GC Thread#5" [stack: 0x000000b336000000,0x000000b336100000] [id=15940]
  0x0000021e02536270 GCTaskThread "GC Thread#6" [stack: 0x000000b336700000,0x000000b336800000] [id=19220]
  0x0000021e02538110 GCTaskThread "GC Thread#7" [stack: 0x000000b336a00000,0x000000b336b00000] [id=2972]
  0x0000021e5c8a0410 ConcurrentGCThread "G1 Main Marker" terminated
  0x0000021e5c8a1530 ConcurrentGCThread "G1 Conc#0" [stack: 0x000000b334900000,0x000000b334a00000] [id=12840]
  0x0000021e7f1e24c0 ConcurrentGCThread "G1 Refine#0" terminated
  0x0000021e7f1e2e50 ConcurrentGCThread "G1 Service" terminated

Threads with active compile tasks:

VM state: at safepoint (shutting down)

VM Mutex/Monitor currently owned by a thread:  ([mutex/lock_event])
[0x0000021e5c839910] Threads_lock - owner thread: 0x0000021e7f32ac40
[0x0000021e5c839520] Heap_lock - owner thread: 0x0000021e001bab20

Heap address: 0x0000000703a00000, size: 4038 MB, Compressed Oops mode: Zero based, Oop shift amount: 3

CDS archive(s) mapped at: [0x0000000800000000-0x0000000800bb0000-0x0000000800bb0000), size 12255232, SharedBaseAddress: 0x0000000800000000, ArchiveRelocationMode: 0.
Compressed class space mapped at: 0x0000000800c00000-0x0000000840c00000, reserved size: 1073741824
Narrow klass base: 0x0000000800000000, Narrow klass shift: 3, Narrow klass range: 0x100000000

GC Precious Log:
 CPUs: 8 total, 8 available
 Memory: 16149M
 Large Page Support: Disabled
 NUMA Support: Disabled
 Compressed Oops: Enabled (Zero based)
 Heap Region Size: 2M
 Heap Min Capacity: 8M
 Heap Initial Capacity: 254M
 Heap Max Capacity: 4038M
 Pre-touch: Disabled
 Parallel Workers: 8
 Concurrent Workers: 2
 Concurrent Refinement Workers: 8
 Periodic GC: Disabled

Heap:
 garbage-first heap   total 520192K, used 259783K [0x0000000703a00000, 0x0000000800000000)
  region size 2048K, 43 young (88064K), 2 survivors (4096K)
 Metaspace       used 12748K, committed 12928K, reserved 1064960K
  class space    used 883K, committed 960K, reserved 1048576K

Heap Regions: E=young(eden), S=young(survivor), O=old, HS=humongous(starts), HC=humongous(continues), CS=collection set, F=free, OA=open archive, CA=closed archive, TAMS=top-at-mark-start (previous, next)
|   0|0x0000000703a00000, 0x0000000703c00000, 0x0000000703c00000|100%| O|  |TAMS 0x0000000703a00000, 0x0000000703c00000| Untracked 
|   1|0x0000000703c00000, 0x0000000703c00000, 0x0000000703e00000|  0%| F|  |TAMS 0x0000000703c00000, 0x0000000703c00000| Untracked 
|   2|0x0000000703e00000, 0x0000000704000000, 0x0000000704000000|100%| O|  |TAMS 0x0000000703e00000, 0x0000000704000000| Untracked 
|   3|0x0000000704000000, 0x000000070410d800, 0x0000000704200000| 52%| O|  |TAMS 0x0000000704000000, 0x000000070410d800| Untracked 
|   4|0x0000000704200000, 0x0000000704400000, 0x0000000704400000|100%|HS|  |TAMS 0x0000000704200000, 0x0000000704400000| Complete 
|   5|0x0000000704400000, 0x0000000704600000, 0x0000000704600000|100%|HC|  |TAMS 0x0000000704400000, 0x0000000704600000| Complete 
|   6|0x0000000704600000, 0x0000000704800000, 0x0000000704800000|100%|HC|  |TAMS 0x0000000704600000, 0x0000000704800000| Complete 
|   7|0x0000000704800000, 0x0000000704a00000, 0x0000000704a00000|100%|HC|  |TAMS 0x0000000704800000, 0x0000000704a00000| Complete 
|   8|0x0000000704a00000, 0x0000000704c00000, 0x0000000704c00000|100%|HC|  |TAMS 0x0000000704a00000, 0x0000000704c00000| Complete 
|   9|0x0000000704c00000, 0x0000000704e00000, 0x0000000704e00000|100%|HC|  |TAMS 0x0000000704c00000, 0x0000000704e00000| Complete 
|  10|0x0000000704e00000, 0x0000000705000000, 0x0000000705000000|100%|HC|  |TAMS 0x0000000704e00000, 0x0000000705000000| Complete 
|  11|0x0000000705000000, 0x0000000705200000, 0x0000000705200000|100%|HS|  |TAMS 0x0000000705000000, 0x0000000705200000| Complete 
|  12|0x0000000705200000, 0x0000000705400000, 0x0000000705400000|100%|HC|  |TAMS 0x0000000705200000, 0x0000000705400000| Complete 
|  13|0x0000000705400000, 0x0000000705600000, 0x0000000705600000|100%|HC|  |TAMS 0x0000000705400000, 0x0000000705600000| Complete 
|  14|0x0000000705600000, 0x0000000705800000, 0x0000000705800000|100%|HC|  |TAMS 0x0000000705600000, 0x0000000705800000| Complete 
|  15|0x0000000705800000, 0x0000000705a00000, 0x0000000705a00000|100%|HC|  |TAMS 0x0000000705800000, 0x0000000705a00000| Complete 
|  16|0x0000000705a00000, 0x0000000705c00000, 0x0000000705c00000|100%|HS|  |TAMS 0x0000000705a00000, 0x0000000705c00000| Complete 
|  17|0x0000000705c00000, 0x0000000705e00000, 0x0000000705e00000|100%|HC|  |TAMS 0x0000000705c00000, 0x0000000705e00000| Complete 
|  18|0x0000000705e00000, 0x0000000706000000, 0x0000000706000000|100%|HC|  |TAMS 0x0000000705e00000, 0x0000000706000000| Complete 
|  19|0x0000000706000000, 0x0000000706200000, 0x0000000706200000|100%|HS|  |TAMS 0x0000000706000000, 0x0000000706200000| Complete 
|  20|0x0000000706200000, 0x0000000706400000, 0x0000000706400000|100%|HC|  |TAMS 0x0000000706200000, 0x0000000706400000| Complete 
|  21|0x0000000706400000, 0x0000000706600000, 0x0000000706600000|100%|HC|  |TAMS 0x0000000706400000, 0x0000000706600000| Complete 
|  22|0x0000000706600000, 0x0000000706800000, 0x0000000706800000|100%|HS|  |TAMS 0x0000000706600000, 0x0000000706800000| Complete 
|  23|0x0000000706800000, 0x0000000706a00000, 0x0000000706a00000|100%|HC|  |TAMS 0x0000000706800000, 0x0000000706a00000| Complete 
|  24|0x0000000706a00000, 0x0000000706c00000, 0x0000000706c00000|100%|HC|  |TAMS 0x0000000706a00000, 0x0000000706c00000| Complete 
|  25|0x0000000706c00000, 0x0000000706e00000, 0x0000000706e00000|100%|HS|  |TAMS 0x0000000706c00000, 0x0000000706e00000| Complete 
|  26|0x0000000706e00000, 0x0000000707000000, 0x0000000707000000|100%|HC|  |TAMS 0x0000000706e00000, 0x0000000707000000| Complete 
|  27|0x0000000707000000, 0x0000000707200000, 0x0000000707200000|100%|HC|  |TAMS 0x0000000707000000, 0x0000000707200000| Complete 
|  28|0x0000000707200000, 0x0000000707400000, 0x0000000707400000|100%|HS|  |TAMS 0x0000000707200000, 0x0000000707400000| Complete 
|  29|0x0000000707400000, 0x0000000707600000, 0x0000000707600000|100%|HC|  |TAMS 0x0000000707400000, 0x0000000707600000| Complete 
|  30|0x0000000707600000, 0x0000000707800000, 0x0000000707800000|100%|HC|  |TAMS 0x0000000707600000, 0x0000000707800000| Complete 
|  31|0x0000000707800000, 0x0000000707a00000, 0x0000000707a00000|100%|HS|  |TAMS 0x0000000707800000, 0x0000000707a00000| Complete 
|  32|0x0000000707a00000, 0x0000000707c00000, 0x0000000707c00000|100%|HC|  |TAMS 0x0000000707a00000, 0x0000000707c00000| Complete 
|  33|0x0000000707c00000, 0x0000000707e00000, 0x0000000707e00000|100%|HC|  |TAMS 0x0000000707c00000, 0x0000000707e00000| Complete 
|  34|0x0000000707e00000, 0x0000000708000000, 0x0000000708000000|100%|HS|  |TAMS 0x0000000707e00000, 0x0000000708000000| Complete 
|  35|0x0000000708000000, 0x0000000708200000, 0x0000000708200000|100%|HC|  |TAMS 0x0000000708000000, 0x0000000708200000| Complete 
|  36|0x0000000708200000, 0x0000000708400000, 0x0000000708400000|100%|HS|  |TAMS 0x0000000708200000, 0x0000000708200000| Complete 
|  37|0x0000000708400000, 0x0000000708600000, 0x0000000708600000|100%|HC|  |TAMS 0x0000000708400000, 0x0000000708400000| Complete 
|  38|0x0000000708600000, 0x0000000708800000, 0x0000000708800000|100%|HC|  |TAMS 0x0000000708600000, 0x0000000708600000| Complete 
|  39|0x0000000708800000, 0x0000000708800000, 0x0000000708a00000|  0%| F|  |TAMS 0x0000000708800000, 0x0000000708800000| Untracked 
|  40|0x0000000708a00000, 0x0000000708a00000, 0x0000000708c00000|  0%| F|  |TAMS 0x0000000708a00000, 0x0000000708a00000| Untracked 
|  41|0x0000000708c00000, 0x0000000708c00000, 0x0000000708e00000|  0%| F|  |TAMS 0x0000000708c00000, 0x0000000708c00000| Untracked 
|  42|0x0000000708e00000, 0x0000000708e00000, 0x0000000709000000|  0%| F|  |TAMS 0x0000000708e00000, 0x0000000708e00000| Untracked 
|  43|0x0000000709000000, 0x0000000709000000, 0x0000000709200000|  0%| F|  |TAMS 0x0000000709000000, 0x0000000709000000| Untracked 
|  44|0x0000000709200000, 0x0000000709400000, 0x0000000709400000|100%|HS|  |TAMS 0x0000000709200000, 0x0000000709400000| Complete 
|  45|0x0000000709400000, 0x0000000709600000, 0x0000000709600000|100%|HC|  |TAMS 0x0000000709400000, 0x0000000709600000| Complete 
|  46|0x0000000709600000, 0x0000000709800000, 0x0000000709800000|100%|HC|  |TAMS 0x0000000709600000, 0x0000000709800000| Complete 
|  47|0x0000000709800000, 0x0000000709a00000, 0x0000000709a00000|100%|HC|  |TAMS 0x0000000709800000, 0x0000000709a00000| Complete 
|  48|0x0000000709a00000, 0x0000000709c00000, 0x0000000709c00000|100%|HC|  |TAMS 0x0000000709a00000, 0x0000000709c00000| Complete 
|  49|0x0000000709c00000, 0x0000000709e00000, 0x0000000709e00000|100%|HC|  |TAMS 0x0000000709c00000, 0x0000000709e00000| Complete 
|  50|0x0000000709e00000, 0x000000070a000000, 0x000000070a000000|100%|HC|  |TAMS 0x0000000709e00000, 0x000000070a000000| Complete 
|  51|0x000000070a000000, 0x000000070a200000, 0x000000070a200000|100%|HS|  |TAMS 0x000000070a000000, 0x000000070a200000| Complete 
|  52|0x000000070a200000, 0x000000070a400000, 0x000000070a400000|100%|HC|  |TAMS 0x000000070a200000, 0x000000070a400000| Complete 
|  53|0x000000070a400000, 0x000000070a600000, 0x000000070a600000|100%|HC|  |TAMS 0x000000070a400000, 0x000000070a600000| Complete 
|  54|0x000000070a600000, 0x000000070a800000, 0x000000070a800000|100%|HS|  |TAMS 0x000000070a600000, 0x000000070a800000| Complete 
|  55|0x000000070a800000, 0x000000070aa00000, 0x000000070aa00000|100%|HC|  |TAMS 0x000000070a800000, 0x000000070aa00000| Complete 
|  56|0x000000070aa00000, 0x000000070ac00000, 0x000000070ac00000|100%|HC|  |TAMS 0x000000070aa00000, 0x000000070ac00000| Complete 
|  57|0x000000070ac00000, 0x000000070ac00000, 0x000000070ae00000|  0%| F|  |TAMS 0x000000070ac00000, 0x000000070ac00000| Untracked 
|  58|0x000000070ae00000, 0x000000070ae00000, 0x000000070b000000|  0%| F|  |TAMS 0x000000070ae00000, 0x000000070ae00000| Untracked 
|  59|0x000000070b000000, 0x000000070b000000, 0x000000070b200000|  0%| F|  |TAMS 0x000000070b000000, 0x000000070b000000| Untracked 
|  60|0x000000070b200000, 0x000000070b200000, 0x000000070b400000|  0%| F|  |TAMS 0x000000070b200000, 0x000000070b200000| Untracked 
|  61|0x000000070b400000, 0x000000070b400000, 0x000000070b600000|  0%| F|  |TAMS 0x000000070b400000, 0x000000070b400000| Untracked 
|  62|0x000000070b600000, 0x000000070b600000, 0x000000070b800000|  0%| F|  |TAMS 0x000000070b600000, 0x000000070b600000| Untracked 
|  63|0x000000070b800000, 0x000000070b800000, 0x000000070ba00000|  0%| F|  |TAMS 0x000000070b800000, 0x000000070b800000| Untracked 
|  64|0x000000070ba00000, 0x000000070ba00000, 0x000000070bc00000|  0%| F|  |TAMS 0x000000070ba00000, 0x000000070ba00000| Untracked 
|  65|0x000000070bc00000, 0x000000070bc00000, 0x000000070be00000|  0%| F|  |TAMS 0x000000070bc00000, 0x000000070bc00000| Untracked 
|  66|0x000000070be00000, 0x000000070be00000, 0x000000070c000000|  0%| F|  |TAMS 0x000000070be00000, 0x000000070be00000| Untracked 
|  67|0x000000070c000000, 0x000000070c000000, 0x000000070c200000|  0%| F|  |TAMS 0x000000070c000000, 0x000000070c000000| Untracked 
|  68|0x000000070c200000, 0x000000070c200000, 0x000000070c400000|  0%| F|  |TAMS 0x000000070c200000, 0x000000070c200000| Untracked 
|  69|0x000000070c400000, 0x000000070c400000, 0x000000070c600000|  0%| F|  |TAMS 0x000000070c400000, 0x000000070c400000| Untracked 
|  70|0x000000070c600000, 0x000000070c600000, 0x000000070c800000|  0%| F|  |TAMS 0x000000070c600000, 0x000000070c600000| Untracked 
|  71|0x000000070c800000, 0x000000070c800000, 0x000000070ca00000|  0%| F|  |TAMS 0x000000070c800000, 0x000000070c800000| Untracked 
|  72|0x000000070ca00000, 0x000000070ca00000, 0x000000070cc00000|  0%| F|  |TAMS 0x000000070ca00000, 0x000000070ca00000| Untracked 
|  73|0x000000070cc00000, 0x000000070cc00000, 0x000000070ce00000|  0%| F|  |TAMS 0x000000070cc00000, 0x000000070cc00000| Untracked 
|  74|0x000000070ce00000, 0x000000070ce00000, 0x000000070d000000|  0%| F|  |TAMS 0x000000070ce00000, 0x000000070ce00000| Untracked 
|  75|0x000000070d000000, 0x000000070d000000, 0x000000070d200000|  0%| F|  |TAMS 0x000000070d000000, 0x000000070d000000| Untracked 
|  76|0x000000070d200000, 0x000000070d200000, 0x000000070d400000|  0%| F|  |TAMS 0x000000070d200000, 0x000000070d200000| Untracked 
|  77|0x000000070d400000, 0x000000070d400000, 0x000000070d600000|  0%| F|  |TAMS 0x000000070d400000, 0x000000070d400000| Untracked 
|  78|0x000000070d600000, 0x000000070d600000, 0x000000070d800000|  0%| F|  |TAMS 0x000000070d600000, 0x000000070d600000| Untracked 
|  79|0x000000070d800000, 0x000000070d800000, 0x000000070da00000|  0%| F|  |TAMS 0x000000070d800000, 0x000000070d800000| Untracked 
|  80|0x000000070da00000, 0x000000070dc00000, 0x000000070dc00000|100%|HS|  |TAMS 0x000000070da00000, 0x000000070dc00000| Complete 
|  81|0x000000070dc00000, 0x000000070de00000, 0x000000070de00000|100%|HC|  |TAMS 0x000000070dc00000, 0x000000070de00000| Complete 
|  82|0x000000070de00000, 0x000000070e000000, 0x000000070e000000|100%|HS|  |TAMS 0x000000070de00000, 0x000000070e000000| Complete 
|  83|0x000000070e000000, 0x000000070e200000, 0x000000070e200000|100%|HC|  |TAMS 0x000000070e000000, 0x000000070e200000| Complete 
|  84|0x000000070e200000, 0x000000070e400000, 0x000000070e400000|100%|HC|  |TAMS 0x000000070e200000, 0x000000070e400000| Complete 
|  85|0x000000070e400000, 0x000000070e600000, 0x000000070e600000|100%|HC|  |TAMS 0x000000070e400000, 0x000000070e600000| Complete 
|  86|0x000000070e600000, 0x000000070e800000, 0x000000070e800000|100%|HC|  |TAMS 0x000000070e600000, 0x000000070e800000| Complete 
|  87|0x000000070e800000, 0x000000070ea00000, 0x000000070ea00000|100%|HC|  |TAMS 0x000000070e800000, 0x000000070ea00000| Complete 
|  88|0x000000070ea00000, 0x000000070ec00000, 0x000000070ec00000|100%|HC|  |TAMS 0x000000070ea00000, 0x000000070ec00000| Complete 
|  89|0x000000070ec00000, 0x000000070ee00000, 0x000000070ee00000|100%|HC|  |TAMS 0x000000070ec00000, 0x000000070ee00000| Complete 
|  90|0x000000070ee00000, 0x000000070f000000, 0x000000070f000000|100%|HC|  |TAMS 0x000000070ee00000, 0x000000070f000000| Complete 
|  91|0x000000070f000000, 0x000000070f200000, 0x000000070f200000|100%|HS|  |TAMS 0x000000070f000000, 0x000000070f200000| Complete 
|  92|0x000000070f200000, 0x000000070f400000, 0x000000070f400000|100%|HC|  |TAMS 0x000000070f200000, 0x000000070f400000| Complete 
|  93|0x000000070f400000, 0x000000070f600000, 0x000000070f600000|100%|HC|  |TAMS 0x000000070f400000, 0x000000070f600000| Complete 
|  94|0x000000070f600000, 0x000000070f800000, 0x000000070f800000|100%|HS|  |TAMS 0x000000070f600000, 0x000000070f800000| Complete 
|  95|0x000000070f800000, 0x000000070fa00000, 0x000000070fa00000|100%|HC|  |TAMS 0x000000070f800000, 0x000000070fa00000| Complete 
|  96|0x000000070fa00000, 0x000000070fc00000, 0x000000070fc00000|100%|HC|  |TAMS 0x000000070fa00000, 0x000000070fc00000| Complete 
|  97|0x000000070fc00000, 0x000000070fe00000, 0x000000070fe00000|100%|HC|  |TAMS 0x000000070fc00000, 0x000000070fe00000| Complete 
|  98|0x000000070fe00000, 0x0000000710000000, 0x0000000710000000|100%|HC|  |TAMS 0x000000070fe00000, 0x0000000710000000| Complete 
|  99|0x0000000710000000, 0x0000000710200000, 0x0000000710200000|100%|HC|  |TAMS 0x0000000710000000, 0x0000000710200000| Complete 
| 100|0x0000000710200000, 0x0000000710400000, 0x0000000710400000|100%|HC|  |TAMS 0x0000000710200000, 0x0000000710400000| Complete 
| 101|0x0000000710400000, 0x0000000710600000, 0x0000000710600000|100%|HS|  |TAMS 0x0000000710400000, 0x0000000710600000| Complete 
| 102|0x0000000710600000, 0x0000000710800000, 0x0000000710800000|100%|HC|  |TAMS 0x0000000710600000, 0x0000000710800000| Complete 
| 103|0x0000000710800000, 0x0000000710a00000, 0x0000000710a00000|100%|HC|  |TAMS 0x0000000710800000, 0x0000000710a00000| Complete 
| 104|0x0000000710a00000, 0x0000000710c00000, 0x0000000710c00000|100%|HC|  |TAMS 0x0000000710a00000, 0x0000000710c00000| Complete 
| 105|0x0000000710c00000, 0x0000000710e00000, 0x0000000710e00000|100%|HC|  |TAMS 0x0000000710c00000, 0x0000000710e00000| Complete 
| 106|0x0000000710e00000, 0x0000000711000000, 0x0000000711000000|100%|HS|  |TAMS 0x0000000710e00000, 0x0000000711000000| Complete 
| 107|0x0000000711000000, 0x0000000711200000, 0x0000000711200000|100%|HC|  |TAMS 0x0000000711000000, 0x0000000711200000| Complete 
| 108|0x0000000711200000, 0x0000000711400000, 0x0000000711400000|100%|HC|  |TAMS 0x0000000711200000, 0x0000000711400000| Complete 
| 109|0x0000000711400000, 0x0000000711600000, 0x0000000711600000|100%|HS|  |TAMS 0x0000000711400000, 0x0000000711600000| Complete 
| 110|0x0000000711600000, 0x0000000711800000, 0x0000000711800000|100%|HC|  |TAMS 0x0000000711600000, 0x0000000711800000| Complete 
| 111|0x0000000711800000, 0x0000000711a00000, 0x0000000711a00000|100%|HC|  |TAMS 0x0000000711800000, 0x0000000711a00000| Complete 
| 112|0x0000000711a00000, 0x0000000711c00000, 0x0000000711c00000|100%|HS|  |TAMS 0x0000000711a00000, 0x0000000711c00000| Complete 
| 113|0x0000000711c00000, 0x0000000711e00000, 0x0000000711e00000|100%|HC|  |TAMS 0x0000000711c00000, 0x0000000711e00000| Complete 
| 114|0x0000000711e00000, 0x0000000712000000, 0x0000000712000000|100%|HC|  |TAMS 0x0000000711e00000, 0x0000000712000000| Complete 
| 115|0x0000000712000000, 0x0000000712000000, 0x0000000712200000|  0%| F|  |TAMS 0x0000000712000000, 0x0000000712000000| Untracked 
| 116|0x0000000712200000, 0x0000000712200000, 0x0000000712400000|  0%| F|  |TAMS 0x0000000712200000, 0x0000000712200000| Untracked 
| 117|0x0000000712400000, 0x0000000712400000, 0x0000000712600000|  0%| F|  |TAMS 0x0000000712400000, 0x0000000712400000| Untracked 
| 118|0x0000000712600000, 0x0000000712600000, 0x0000000712800000|  0%| F|  |TAMS 0x0000000712600000, 0x0000000712600000| Untracked 
| 119|0x0000000712800000, 0x0000000712800000, 0x0000000712a00000|  0%| F|  |TAMS 0x0000000712800000, 0x0000000712800000| Untracked 
| 120|0x0000000712a00000, 0x0000000712a00000, 0x0000000712c00000|  0%| F|  |TAMS 0x0000000712a00000, 0x0000000712a00000| Untracked 
| 121|0x0000000712c00000, 0x0000000712c00000, 0x0000000712e00000|  0%| F|  |TAMS 0x0000000712c00000, 0x0000000712c00000| Untracked 
| 122|0x0000000712e00000, 0x0000000712e00000, 0x0000000713000000|  0%| F|  |TAMS 0x0000000712e00000, 0x0000000712e00000| Untracked 
| 123|0x0000000713000000, 0x0000000713000000, 0x0000000713200000|  0%| F|  |TAMS 0x0000000713000000, 0x0000000713000000| Untracked 
| 124|0x0000000713200000, 0x0000000713200000, 0x0000000713400000|  0%| F|  |TAMS 0x0000000713200000, 0x0000000713200000| Untracked 
| 125|0x0000000713400000, 0x0000000713400000, 0x0000000713600000|  0%| F|  |TAMS 0x0000000713400000, 0x0000000713400000| Untracked 
| 126|0x0000000713600000, 0x0000000713600000, 0x0000000713800000|  0%| F|  |TAMS 0x0000000713600000, 0x0000000713600000| Untracked 
| 127|0x0000000713800000, 0x0000000713800000, 0x0000000713a00000|  0%| F|  |TAMS 0x0000000713800000, 0x0000000713800000| Untracked 
| 128|0x0000000713a00000, 0x0000000713a00000, 0x0000000713c00000|  0%| F|  |TAMS 0x0000000713a00000, 0x0000000713a00000| Untracked 
| 129|0x0000000713c00000, 0x0000000713c00000, 0x0000000713e00000|  0%| F|  |TAMS 0x0000000713c00000, 0x0000000713c00000| Untracked 
| 130|0x0000000713e00000, 0x0000000713e00000, 0x0000000714000000|  0%| F|  |TAMS 0x0000000713e00000, 0x0000000713e00000| Untracked 
| 131|0x0000000714000000, 0x0000000714000000, 0x0000000714200000|  0%| F|  |TAMS 0x0000000714000000, 0x0000000714000000| Untracked 
| 132|0x0000000714200000, 0x0000000714200000, 0x0000000714400000|  0%| F|  |TAMS 0x0000000714200000, 0x0000000714200000| Untracked 
| 133|0x0000000714400000, 0x0000000714400000, 0x0000000714600000|  0%| F|  |TAMS 0x0000000714400000, 0x0000000714400000| Untracked 
| 134|0x0000000714600000, 0x0000000714600000, 0x0000000714800000|  0%| F|  |TAMS 0x0000000714600000, 0x0000000714600000| Untracked 
| 135|0x0000000714800000, 0x0000000714800000, 0x0000000714a00000|  0%| F|  |TAMS 0x0000000714800000, 0x0000000714800000| Untracked 
| 136|0x0000000714a00000, 0x0000000714a00000, 0x0000000714c00000|  0%| F|  |TAMS 0x0000000714a00000, 0x0000000714a00000| Untracked 
| 137|0x0000000714c00000, 0x0000000714c00000, 0x0000000714e00000|  0%| F|  |TAMS 0x0000000714c00000, 0x0000000714c00000| Untracked 
| 138|0x0000000714e00000, 0x0000000714e00000, 0x0000000715000000|  0%| F|  |TAMS 0x0000000714e00000, 0x0000000714e00000| Untracked 
| 139|0x0000000715000000, 0x0000000715000000, 0x0000000715200000|  0%| F|  |TAMS 0x0000000715000000, 0x0000000715000000| Untracked 
| 140|0x0000000715200000, 0x0000000715200000, 0x0000000715400000|  0%| F|  |TAMS 0x0000000715200000, 0x0000000715200000| Untracked 
| 141|0x0000000715400000, 0x0000000715400000, 0x0000000715600000|  0%| F|  |TAMS 0x0000000715400000, 0x0000000715400000| Untracked 
| 142|0x0000000715600000, 0x0000000715600000, 0x0000000715800000|  0%| F|  |TAMS 0x0000000715600000, 0x0000000715600000| Untracked 
| 143|0x0000000715800000, 0x0000000715800000, 0x0000000715a00000|  0%| F|  |TAMS 0x0000000715800000, 0x0000000715800000| Untracked 
| 144|0x0000000715a00000, 0x0000000715a00000, 0x0000000715c00000|  0%| F|  |TAMS 0x0000000715a00000, 0x0000000715a00000| Untracked 
| 145|0x0000000715c00000, 0x0000000715c00000, 0x0000000715e00000|  0%| F|  |TAMS 0x0000000715c00000, 0x0000000715c00000| Untracked 
| 146|0x0000000715e00000, 0x0000000715e00000, 0x0000000716000000|  0%| F|  |TAMS 0x0000000715e00000, 0x0000000715e00000| Untracked 
| 147|0x0000000716000000, 0x0000000716000000, 0x0000000716200000|  0%| F|  |TAMS 0x0000000716000000, 0x0000000716000000| Untracked 
| 148|0x0000000716200000, 0x0000000716200000, 0x0000000716400000|  0%| F|  |TAMS 0x0000000716200000, 0x0000000716200000| Untracked 
| 149|0x0000000716400000, 0x0000000716400000, 0x0000000716600000|  0%| F|  |TAMS 0x0000000716400000, 0x0000000716400000| Untracked 
| 150|0x0000000716600000, 0x0000000716600000, 0x0000000716800000|  0%| F|  |TAMS 0x0000000716600000, 0x0000000716600000| Untracked 
| 151|0x0000000716800000, 0x0000000716800000, 0x0000000716a00000|  0%| F|  |TAMS 0x0000000716800000, 0x0000000716800000| Untracked 
| 152|0x0000000716a00000, 0x0000000716a00000, 0x0000000716c00000|  0%| F|  |TAMS 0x0000000716a00000, 0x0000000716a00000| Untracked 
| 153|0x0000000716c00000, 0x0000000716c00000, 0x0000000716e00000|  0%| F|  |TAMS 0x0000000716c00000, 0x0000000716c00000| Untracked 
| 154|0x0000000716e00000, 0x0000000716e00000, 0x0000000717000000|  0%| F|  |TAMS 0x0000000716e00000, 0x0000000716e00000| Untracked 
| 155|0x0000000717000000, 0x0000000717000000, 0x0000000717200000|  0%| F|  |TAMS 0x0000000717000000, 0x0000000717000000| Untracked 
| 156|0x0000000717200000, 0x0000000717200000, 0x0000000717400000|  0%| F|  |TAMS 0x0000000717200000, 0x0000000717200000| Untracked 
| 157|0x0000000717400000, 0x0000000717400000, 0x0000000717600000|  0%| F|  |TAMS 0x0000000717400000, 0x0000000717400000| Untracked 
| 158|0x0000000717600000, 0x0000000717600000, 0x0000000717800000|  0%| F|  |TAMS 0x0000000717600000, 0x0000000717600000| Untracked 
| 159|0x0000000717800000, 0x0000000717800000, 0x0000000717a00000|  0%| F|  |TAMS 0x0000000717800000, 0x0000000717800000| Untracked 
| 160|0x0000000717a00000, 0x0000000717a00000, 0x0000000717c00000|  0%| F|  |TAMS 0x0000000717a00000, 0x0000000717a00000| Untracked 
| 161|0x0000000717c00000, 0x0000000717c00000, 0x0000000717e00000|  0%| F|  |TAMS 0x0000000717c00000, 0x0000000717c00000| Untracked 
| 162|0x0000000717e00000, 0x0000000717e00000, 0x0000000718000000|  0%| F|  |TAMS 0x0000000717e00000, 0x0000000717e00000| Untracked 
| 163|0x0000000718000000, 0x0000000718000000, 0x0000000718200000|  0%| F|  |TAMS 0x0000000718000000, 0x0000000718000000| Untracked 
| 164|0x0000000718200000, 0x0000000718200000, 0x0000000718400000|  0%| F|  |TAMS 0x0000000718200000, 0x0000000718200000| Untracked 
| 165|0x0000000718400000, 0x0000000718400000, 0x0000000718600000|  0%| F|  |TAMS 0x0000000718400000, 0x0000000718400000| Untracked 
| 166|0x0000000718600000, 0x0000000718600000, 0x0000000718800000|  0%| F|  |TAMS 0x0000000718600000, 0x0000000718600000| Untracked 
| 167|0x0000000718800000, 0x0000000718800000, 0x0000000718a00000|  0%| F|  |TAMS 0x0000000718800000, 0x0000000718800000| Untracked 
| 168|0x0000000718a00000, 0x0000000718a00000, 0x0000000718c00000|  0%| F|  |TAMS 0x0000000718a00000, 0x0000000718a00000| Untracked 
| 169|0x0000000718c00000, 0x0000000718c00000, 0x0000000718e00000|  0%| F|  |TAMS 0x0000000718c00000, 0x0000000718c00000| Untracked 
| 170|0x0000000718e00000, 0x0000000718e00000, 0x0000000719000000|  0%| F|  |TAMS 0x0000000718e00000, 0x0000000718e00000| Untracked 
| 171|0x0000000719000000, 0x0000000719000000, 0x0000000719200000|  0%| F|  |TAMS 0x0000000719000000, 0x0000000719000000| Untracked 
| 172|0x0000000719200000, 0x0000000719200000, 0x0000000719400000|  0%| F|  |TAMS 0x0000000719200000, 0x0000000719200000| Untracked 
| 173|0x0000000719400000, 0x0000000719400000, 0x0000000719600000|  0%| F|  |TAMS 0x0000000719400000, 0x0000000719400000| Untracked 
| 174|0x0000000719600000, 0x0000000719600000, 0x0000000719800000|  0%| F|  |TAMS 0x0000000719600000, 0x0000000719600000| Untracked 
| 175|0x0000000719800000, 0x0000000719800000, 0x0000000719a00000|  0%| F|  |TAMS 0x0000000719800000, 0x0000000719800000| Untracked 
| 176|0x0000000719a00000, 0x0000000719a00000, 0x0000000719c00000|  0%| F|  |TAMS 0x0000000719a00000, 0x0000000719a00000| Untracked 
| 177|0x0000000719c00000, 0x0000000719c00000, 0x0000000719e00000|  0%| F|  |TAMS 0x0000000719c00000, 0x0000000719c00000| Untracked 
| 178|0x0000000719e00000, 0x0000000719e00000, 0x000000071a000000|  0%| F|  |TAMS 0x0000000719e00000, 0x0000000719e00000| Untracked 
| 179|0x000000071a000000, 0x000000071a000000, 0x000000071a200000|  0%| F|  |TAMS 0x000000071a000000, 0x000000071a000000| Untracked 
| 180|0x000000071a200000, 0x000000071a200000, 0x000000071a400000|  0%| F|  |TAMS 0x000000071a200000, 0x000000071a200000| Untracked 
| 181|0x000000071a400000, 0x000000071a400000, 0x000000071a600000|  0%| F|  |TAMS 0x000000071a400000, 0x000000071a400000| Untracked 
| 182|0x000000071a600000, 0x000000071a600000, 0x000000071a800000|  0%| F|  |TAMS 0x000000071a600000, 0x000000071a600000| Untracked 
| 183|0x000000071a800000, 0x000000071a800000, 0x000000071aa00000|  0%| F|  |TAMS 0x000000071a800000, 0x000000071a800000| Untracked 
| 184|0x000000071aa00000, 0x000000071aa00000, 0x000000071ac00000|  0%| F|  |TAMS 0x000000071aa00000, 0x000000071aa00000| Untracked 
| 185|0x000000071ac00000, 0x000000071ac00000, 0x000000071ae00000|  0%| F|  |TAMS 0x000000071ac00000, 0x000000071ac00000| Untracked 
| 186|0x000000071ae00000, 0x000000071ae00000, 0x000000071b000000|  0%| F|  |TAMS 0x000000071ae00000, 0x000000071ae00000| Untracked 
| 187|0x000000071b000000, 0x000000071b000000, 0x000000071b200000|  0%| F|  |TAMS 0x000000071b000000, 0x000000071b000000| Untracked 
| 188|0x000000071b200000, 0x000000071b200000, 0x000000071b400000|  0%| F|  |TAMS 0x000000071b200000, 0x000000071b200000| Untracked 
| 189|0x000000071b400000, 0x000000071b400000, 0x000000071b600000|  0%| F|  |TAMS 0x000000071b400000, 0x000000071b400000| Untracked 
| 190|0x000000071b600000, 0x000000071b600000, 0x000000071b800000|  0%| F|  |TAMS 0x000000071b600000, 0x000000071b600000| Untracked 
| 191|0x000000071b800000, 0x000000071b800000, 0x000000071ba00000|  0%| F|  |TAMS 0x000000071b800000, 0x000000071b800000| Untracked 
| 192|0x000000071ba00000, 0x000000071ba00000, 0x000000071bc00000|  0%| F|  |TAMS 0x000000071ba00000, 0x000000071ba00000| Untracked 
| 193|0x000000071bc00000, 0x000000071bc00000, 0x000000071be00000|  0%| F|  |TAMS 0x000000071bc00000, 0x000000071bc00000| Untracked 
| 194|0x000000071be00000, 0x000000071be00000, 0x000000071c000000|  0%| F|  |TAMS 0x000000071be00000, 0x000000071be00000| Untracked 
| 195|0x000000071c000000, 0x000000071c000000, 0x000000071c200000|  0%| F|  |TAMS 0x000000071c000000, 0x000000071c000000| Untracked 
| 196|0x000000071c200000, 0x000000071c200000, 0x000000071c400000|  0%| F|  |TAMS 0x000000071c200000, 0x000000071c200000| Untracked 
| 197|0x000000071c400000, 0x000000071c400000, 0x000000071c600000|  0%| F|  |TAMS 0x000000071c400000, 0x000000071c400000| Untracked 
| 198|0x000000071c600000, 0x000000071c600000, 0x000000071c800000|  0%| F|  |TAMS 0x000000071c600000, 0x000000071c600000| Untracked 
| 199|0x000000071c800000, 0x000000071c800000, 0x000000071ca00000|  0%| F|  |TAMS 0x000000071c800000, 0x000000071c800000| Untracked 
| 200|0x000000071ca00000, 0x000000071ca00000, 0x000000071cc00000|  0%| F|  |TAMS 0x000000071ca00000, 0x000000071ca00000| Untracked 
| 201|0x000000071cc00000, 0x000000071cc00000, 0x000000071ce00000|  0%| F|  |TAMS 0x000000071cc00000, 0x000000071cc00000| Untracked 
| 202|0x000000071ce00000, 0x000000071ce00000, 0x000000071d000000|  0%| F|  |TAMS 0x000000071ce00000, 0x000000071ce00000| Untracked 
| 203|0x000000071d000000, 0x000000071d000000, 0x000000071d200000|  0%| F|  |TAMS 0x000000071d000000, 0x000000071d000000| Untracked 
| 204|0x000000071d200000, 0x000000071d200000, 0x000000071d400000|  0%| F|  |TAMS 0x000000071d200000, 0x000000071d200000| Untracked 
| 205|0x000000071d400000, 0x000000071d400000, 0x000000071d600000|  0%| F|  |TAMS 0x000000071d400000, 0x000000071d400000| Untracked 
| 206|0x000000071d600000, 0x000000071d600000, 0x000000071d800000|  0%| F|  |TAMS 0x000000071d600000, 0x000000071d600000| Untracked 
| 207|0x000000071d800000, 0x000000071d800000, 0x000000071da00000|  0%| F|  |TAMS 0x000000071d800000, 0x000000071d800000| Untracked 
| 208|0x000000071da00000, 0x000000071da00000, 0x000000071dc00000|  0%| F|  |TAMS 0x000000071da00000, 0x000000071da00000| Untracked 
| 209|0x000000071dc00000, 0x000000071dc00000, 0x000000071de00000|  0%| F|  |TAMS 0x000000071dc00000, 0x000000071dc00000| Untracked 
| 210|0x000000071de00000, 0x000000071de00000, 0x000000071e000000|  0%| F|  |TAMS 0x000000071de00000, 0x000000071de00000| Untracked 
| 211|0x000000071e000000, 0x000000071e100800, 0x000000071e200000| 50%| E|  |TAMS 0x000000071e000000, 0x000000071e000000| Complete 
| 212|0x000000071e200000, 0x000000071e400000, 0x000000071e400000|100%| E|CS|TAMS 0x000000071e200000, 0x000000071e200000| Complete 
| 213|0x000000071e400000, 0x000000071e600000, 0x000000071e600000|100%| E|CS|TAMS 0x000000071e400000, 0x000000071e400000| Complete 
| 214|0x000000071e600000, 0x000000071e800000, 0x000000071e800000|100%| E|CS|TAMS 0x000000071e600000, 0x000000071e600000| Complete 
| 215|0x000000071e800000, 0x000000071ea00000, 0x000000071ea00000|100%| E|CS|TAMS 0x000000071e800000, 0x000000071e800000| Complete 
| 216|0x000000071ea00000, 0x000000071ec00000, 0x000000071ec00000|100%| E|CS|TAMS 0x000000071ea00000, 0x000000071ea00000| Complete 
| 217|0x000000071ec00000, 0x000000071ee00000, 0x000000071ee00000|100%| E|CS|TAMS 0x000000071ec00000, 0x000000071ec00000| Complete 
| 218|0x000000071ee00000, 0x000000071f000000, 0x000000071f000000|100%| E|CS|TAMS 0x000000071ee00000, 0x000000071ee00000| Complete 
| 219|0x000000071f000000, 0x000000071f200000, 0x000000071f200000|100%| E|CS|TAMS 0x000000071f000000, 0x000000071f000000| Complete 
| 220|0x000000071f200000, 0x000000071f400000, 0x000000071f400000|100%| E|CS|TAMS 0x000000071f200000, 0x000000071f200000| Complete 
| 221|0x000000071f400000, 0x000000071f600000, 0x000000071f600000|100%| E|CS|TAMS 0x000000071f400000, 0x000000071f400000| Complete 
| 222|0x000000071f600000, 0x000000071f800000, 0x000000071f800000|100%| E|CS|TAMS 0x000000071f600000, 0x000000071f600000| Complete 
| 223|0x000000071f800000, 0x000000071fa00000, 0x000000071fa00000|100%| E|CS|TAMS 0x000000071f800000, 0x000000071f800000| Complete 
| 224|0x000000071fa00000, 0x000000071fc00000, 0x000000071fc00000|100%| E|CS|TAMS 0x000000071fa00000, 0x000000071fa00000| Complete 
| 225|0x000000071fc00000, 0x000000071fe00000, 0x000000071fe00000|100%| E|CS|TAMS 0x000000071fc00000, 0x000000071fc00000| Complete 
| 226|0x000000071fe00000, 0x0000000720000000, 0x0000000720000000|100%| E|CS|TAMS 0x000000071fe00000, 0x000000071fe00000| Complete 
| 227|0x0000000720000000, 0x0000000720200000, 0x0000000720200000|100%| E|CS|TAMS 0x0000000720000000, 0x0000000720000000| Complete 
| 228|0x0000000720200000, 0x0000000720400000, 0x0000000720400000|100%| E|CS|TAMS 0x0000000720200000, 0x0000000720200000| Complete 
| 229|0x0000000720400000, 0x0000000720600000, 0x0000000720600000|100%| E|CS|TAMS 0x0000000720400000, 0x0000000720400000| Complete 
| 230|0x0000000720600000, 0x0000000720800000, 0x0000000720800000|100%| E|CS|TAMS 0x0000000720600000, 0x0000000720600000| Complete 
| 231|0x0000000720800000, 0x0000000720a00000, 0x0000000720a00000|100%| E|CS|TAMS 0x0000000720800000, 0x0000000720800000| Complete 
| 232|0x0000000720a00000, 0x0000000720c00000, 0x0000000720c00000|100%| E|CS|TAMS 0x0000000720a00000, 0x0000000720a00000| Complete 
| 233|0x0000000720c00000, 0x0000000720e00000, 0x0000000720e00000|100%| E|CS|TAMS 0x0000000720c00000, 0x0000000720c00000| Complete 
| 234|0x0000000720e00000, 0x0000000721000000, 0x0000000721000000|100%| E|CS|TAMS 0x0000000720e00000, 0x0000000720e00000| Complete 
| 235|0x0000000721000000, 0x0000000721200000, 0x0000000721200000|100%| E|CS|TAMS 0x0000000721000000, 0x0000000721000000| Complete 
| 236|0x0000000721200000, 0x0000000721400000, 0x0000000721400000|100%| E|CS|TAMS 0x0000000721200000, 0x0000000721200000| Complete 
| 237|0x0000000721400000, 0x0000000721600000, 0x0000000721600000|100%| E|CS|TAMS 0x0000000721400000, 0x0000000721400000| Complete 
| 238|0x0000000721600000, 0x0000000721800000, 0x0000000721800000|100%| E|CS|TAMS 0x0000000721600000, 0x0000000721600000| Complete 
| 239|0x0000000721800000, 0x0000000721a00000, 0x0000000721a00000|100%| E|CS|TAMS 0x0000000721800000, 0x0000000721800000| Complete 
| 240|0x0000000721a00000, 0x0000000721c00000, 0x0000000721c00000|100%| E|CS|TAMS 0x0000000721a00000, 0x0000000721a00000| Complete 
| 241|0x0000000721c00000, 0x0000000721e00000, 0x0000000721e00000|100%| E|CS|TAMS 0x0000000721c00000, 0x0000000721c00000| Complete 
| 242|0x0000000721e00000, 0x0000000722000000, 0x0000000722000000|100%| E|CS|TAMS 0x0000000721e00000, 0x0000000721e00000| Complete 
| 243|0x0000000722000000, 0x0000000722200000, 0x0000000722200000|100%| E|CS|TAMS 0x0000000722000000, 0x0000000722000000| Complete 
| 244|0x0000000722200000, 0x0000000722400000, 0x0000000722400000|100%| E|CS|TAMS 0x0000000722200000, 0x0000000722200000| Complete 
| 245|0x0000000722400000, 0x0000000722600000, 0x0000000722600000|100%| E|CS|TAMS 0x0000000722400000, 0x0000000722400000| Complete 
| 246|0x0000000722600000, 0x0000000722800000, 0x0000000722800000|100%| E|CS|TAMS 0x0000000722600000, 0x0000000722600000| Complete 
| 247|0x0000000722800000, 0x0000000722a00000, 0x0000000722a00000|100%| E|CS|TAMS 0x0000000722800000, 0x0000000722800000| Complete 
| 248|0x0000000722a00000, 0x0000000722c00000, 0x0000000722c00000|100%| E|CS|TAMS 0x0000000722a00000, 0x0000000722a00000| Complete 
| 249|0x0000000722c00000, 0x0000000722e00000, 0x0000000722e00000|100%| E|CS|TAMS 0x0000000722c00000, 0x0000000722c00000| Complete 
| 250|0x0000000722e00000, 0x0000000723000000, 0x0000000723000000|100%| E|CS|TAMS 0x0000000722e00000, 0x0000000722e00000| Complete 
| 251|0x0000000723000000, 0x00000007230a47c0, 0x0000000723200000| 32%| S|CS|TAMS 0x0000000723000000, 0x0000000723000000| Complete 
| 252|0x0000000723200000, 0x0000000723400000, 0x0000000723400000|100%| S|CS|TAMS 0x0000000723200000, 0x0000000723200000| Complete 
| 253|0x0000000723400000, 0x0000000723600000, 0x0000000723600000|100%| E|CS|TAMS 0x0000000723400000, 0x0000000723400000| Complete 

Card table byte_map: [0x0000021e73ae0000,0x0000021e742d0000] _byte_map_base: 0x0000021e702c3000

Marking Bits (Prev, Next): (CMBitMap*) 0x0000021e5c88fdf0, (CMBitMap*) 0x0000021e5c88fe30
 Prev Bits: [0x0000021e74ac0000, 0x0000021e789d8000)
 Next Bits: [0x0000021e789e0000, 0x0000021e7c8f8000)

Polling page: 0x0000021e5c020000

Metaspace:

Usage:
  Non-class:     11.59 MB used.
      Class:    883.34 KB used.
       Both:     12.45 MB used.

Virtual space:
  Non-class space:       16.00 MB reserved,      11.69 MB ( 73%) committed,  2 nodes.
      Class space:        1.00 GB reserved,     960.00 KB ( <1%) committed,  1 nodes.
              Both:        1.02 GB reserved,      12.62 MB (  1%) committed. 

Chunk freelists:
   Non-Class:  3.86 MB
       Class:  2.94 MB
        Both:  6.80 MB

MaxMetaspaceSize: 17179869184.00 GB
CompressedClassSpaceSize: 1.00 GB
 - commit_granule_bytes: 65536.
 - commit_granule_words: 8192.
 - virtual_space_node_default_size: 1048576.
 - enlarge_chunks_in_place: 1.
 - new_chunks_are_fully_committed: 0.
 - uncommit_free_chunks: 1.
 - use_allocation_guard: 0.
 - handle_deallocations: 1.


Internal statistics:

num_allocs_failed_limit: 0.
num_arena_births: 86.
num_arena_deaths: 0.
num_vsnodes_births: 3.
num_vsnodes_deaths: 0.
num_space_committed: 198.
num_space_uncommitted: 0.
num_chunks_returned_to_freelist: 0.
num_chunks_taken_from_freelist: 345.
num_chunk_merges: 0.
num_chunk_splits: 281.
num_chunks_enlarged: 233.
num_purges: 0.

CodeHeap 'non-profiled nmethods': size=120000Kb used=1148Kb max_used=1148Kb free=118851Kb
 bounds [0x0000021e6ba90000, 0x0000021e6bd00000, 0x0000021e72fc0000]
CodeHeap 'profiled nmethods': size=120000Kb used=3736Kb max_used=3736Kb free=116263Kb
 bounds [0x0000021e64560000, 0x0000021e64910000, 0x0000021e6ba90000]
CodeHeap 'non-nmethods': size=5760Kb used=1540Kb max_used=1575Kb free=4219Kb
 bounds [0x0000021e63fc0000, 0x0000021e64230000, 0x0000021e64560000]
 total_blobs=2895 nmethods=1966 adapters=842
 compilation: enabled
              stopped_count=0, restarted_count=0
 full_count=0

Compilation events (20 events):
Event: 92.602 Thread 0x0000021e7f35e650 1957       3       com.jogamp.newt.event.MouseEvent::<init> (134 bytes)
Event: 92.603 Thread 0x0000021e7f35e650 nmethod 1957 0x0000021e64902710 code [0x0000021e64902940, 0x0000021e64903048]
Event: 92.626 Thread 0x0000021e7f35e650 1958       3       jogamp.newt.WindowImpl::sendMouseEvent (21 bytes)
Event: 92.626 Thread 0x0000021e7f35e650 nmethod 1958 0x0000021e64903290 code [0x0000021e64903460, 0x0000021e649036b8]
Event: 92.626 Thread 0x0000021e7f35e650 1959       3       com.jogamp.newt.event.MouseEvent::getRotationXYZ (36 bytes)
Event: 92.626 Thread 0x0000021e7f35e650 nmethod 1959 0x0000021e64903790 code [0x0000021e64903940, 0x0000021e64903b78]
Event: 92.626 Thread 0x0000021e7f35e650 1960       3       jogamp.newt.WindowImpl::doMouseEvent (93 bytes)
Event: 92.626 Thread 0x0000021e7f35e650 nmethod 1960 0x0000021e64903c10 code [0x0000021e64903e80, 0x0000021e649048e8]
Event: 92.647 Thread 0x0000021e7f35e650 1961       3       com.jogamp.newt.event.InputEvent::getButtonMask (19 bytes)
Event: 92.647 Thread 0x0000021e7f35e650 nmethod 1961 0x0000021e64904d10 code [0x0000021e64904ec0, 0x0000021e64905058]
Event: 92.647 Thread 0x0000021e7f35e650 1962       3       jogamp.newt.WindowImpl::isPointerConfined (12 bytes)
Event: 92.647 Thread 0x0000021e7f35e650 nmethod 1962 0x0000021e64905110 code [0x0000021e649052c0, 0x0000021e649054a8]
Event: 92.969 Thread 0x0000021e7f35e650 1963       3       com.jogamp.nativewindow.util.Point::set (11 bytes)
Event: 92.969 Thread 0x0000021e7f35e650 nmethod 1963 0x0000021e64905590 code [0x0000021e64905720, 0x0000021e64905838]
Event: 93.013 Thread 0x0000021e7f35e650 1964       3       com.jogamp.newt.event.InputEvent::getButtonDownCount (11 bytes)
Event: 93.013 Thread 0x0000021e7f35e650 nmethod 1964 0x0000021e64905910 code [0x0000021e64905ac0, 0x0000021e64905c08]
Event: 93.079 Thread 0x0000021e7f35e650 1965       3       processing.opengl.PSurfaceJOGL$NEWTMouseListener::mouseMoved (10 bytes)
Event: 93.080 Thread 0x0000021e7f35e650 nmethod 1965 0x0000021e64905c90 code [0x0000021e64905e40, 0x0000021e64905fa8]
Event: 95.822 Thread 0x0000021e7f348f80 1966       4       java.lang.CharacterData::of (124 bytes)
Event: 95.822 Thread 0x0000021e7f348f80 nmethod 1966 0x0000021e6bbaef90 code [0x0000021e6bbaf120, 0x0000021e6bbaf198]

GC Heap History (16 events):
Event: 1.292 GC heap before
{Heap before GC invocations=0 (full 0):
 garbage-first heap   total 260096K, used 20480K [0x0000000703a00000, 0x0000000800000000)
  region size 2048K, 11 young (22528K), 0 survivors (0K)
 Metaspace       used 2875K, committed 3008K, reserved 1056768K
  class space    used 221K, committed 256K, reserved 1048576K
}
Event: 1.295 GC heap after
{Heap after GC invocations=1 (full 0):
 garbage-first heap   total 260096K, used 5242K [0x0000000703a00000, 0x0000000800000000)
  region size 2048K, 2 young (4096K), 2 survivors (4096K)
 Metaspace       used 2875K, committed 3008K, reserved 1056768K
  class space    used 221K, committed 256K, reserved 1048576K
}
Event: 4.329 GC heap before
{Heap before GC invocations=1 (full 0):
 garbage-first heap   total 260096K, used 38010K [0x0000000703a00000, 0x0000000800000000)
  region size 2048K, 18 young (36864K), 2 survivors (4096K)
 Metaspace       used 11905K, committed 12096K, reserved 1064960K
  class space    used 870K, committed 960K, reserved 1048576K
}
Event: 4.333 GC heap after
{Heap after GC invocations=2 (full 0):
 garbage-first heap   total 260096K, used 8058K [0x0000000703a00000, 0x0000000800000000)
  region size 2048K, 2 young (4096K), 2 survivors (4096K)
 Metaspace       used 11905K, committed 12096K, reserved 1064960K
  class space    used 870K, committed 960K, reserved 1048576K
}
Event: 4.427 GC heap before
{Heap before GC invocations=2 (full 0):
 garbage-first heap   total 260096K, used 126842K [0x0000000703a00000, 0x0000000800000000)
  region size 2048K, 11 young (22528K), 2 survivors (4096K)
 Metaspace       used 11936K, committed 12096K, reserved 1064960K
  class space    used 870K, committed 960K, reserved 1048576K
}
Event: 4.428 GC heap after
{Heap after GC invocations=3 (full 0):
 garbage-first heap   total 260096K, used 67342K [0x0000000703a00000, 0x0000000800000000)
  region size 2048K, 2 young (4096K), 2 survivors (4096K)
 Metaspace       used 11936K, committed 12096K, reserved 1064960K
  class space    used 870K, committed 960K, reserved 1048576K
}
Event: 4.439 GC heap before
{Heap before GC invocations=3 (full 0):
 garbage-first heap   total 260096K, used 116494K [0x0000000703a00000, 0x0000000800000000)
  region size 2048K, 2 young (4096K), 2 survivors (4096K)
 Metaspace       used 11936K, committed 12096K, reserved 1064960K
  class space    used 870K, committed 960K, reserved 1048576K
}
Event: 4.440 GC heap after
{Heap after GC invocations=4 (full 0):
 garbage-first heap   total 260096K, used 85719K [0x0000000703a00000, 0x0000000800000000)
  region size 2048K, 2 young (4096K), 2 survivors (4096K)
 Metaspace       used 11936K, committed 12096K, reserved 1064960K
  class space    used 870K, committed 960K, reserved 1048576K
}
Event: 4.494 GC heap before
{Heap before GC invocations=4 (full 0):
 garbage-first heap   total 260096K, used 126679K [0x0000000703a00000, 0x0000000800000000)
  region size 2048K, 8 young (16384K), 2 survivors (4096K)
 Metaspace       used 11953K, committed 12160K, reserved 1064960K
  class space    used 870K, committed 960K, reserved 1048576K
}
Event: 4.495 GC heap after
{Heap after GC invocations=5 (full 0):
 garbage-first heap   total 260096K, used 110871K [0x0000000703a00000, 0x0000000800000000)
  region size 2048K, 3 young (6144K), 3 survivors (6144K)
 Metaspace       used 11953K, committed 12160K, reserved 1064960K
  class space    used 870K, committed 960K, reserved 1048576K
}
Event: 4.500 GC heap before
{Heap before GC invocations=5 (full 0):
 garbage-first heap   total 260096K, used 119063K [0x0000000703a00000, 0x0000000800000000)
  region size 2048K, 4 young (8192K), 3 survivors (6144K)
 Metaspace       used 11956K, committed 12160K, reserved 1064960K
  class space    used 870K, committed 960K, reserved 1048576K
}
Event: 4.501 GC heap after
{Heap after GC invocations=6 (full 0):
 garbage-first heap   total 260096K, used 114871K [0x0000000703a00000, 0x0000000800000000)
  region size 2048K, 3 young (6144K), 3 survivors (6144K)
 Metaspace       used 11956K, committed 12160K, reserved 1064960K
  class space    used 870K, committed 960K, reserved 1048576K
}
Event: 4.505 GC heap before
{Heap before GC invocations=6 (full 0):
 garbage-first heap   total 260096K, used 123063K [0x0000000703a00000, 0x0000000800000000)
  region size 2048K, 4 young (8192K), 3 survivors (6144K)
 Metaspace       used 11956K, committed 12160K, reserved 1064960K
  class space    used 870K, committed 960K, reserved 1048576K
}
Event: 4.508 GC heap after
{Heap after GC invocations=7 (full 0):
 garbage-first heap   total 520192K, used 118476K [0x0000000703a00000, 0x0000000800000000)
  region size 2048K, 3 young (6144K), 3 survivors (6144K)
 Metaspace       used 11956K, committed 12160K, reserved 1064960K
  class space    used 870K, committed 960K, reserved 1048576K
}
Event: 4.583 GC heap before
{Heap before GC invocations=7 (full 0):
 garbage-first heap   total 520192K, used 239308K [0x0000000703a00000, 0x0000000800000000)
  region size 2048K, 4 young (8192K), 3 survivors (6144K)
 Metaspace       used 11958K, committed 12160K, reserved 1064960K
  class space    used 870K, committed 960K, reserved 1048576K
}
Event: 4.584 GC heap after
{Heap after GC invocations=8 (full 0):
 garbage-first heap   total 520192K, used 171719K [0x0000000703a00000, 0x0000000800000000)
  region size 2048K, 2 young (4096K), 2 survivors (4096K)
 Metaspace       used 11958K, committed 12160K, reserved 1064960K
  class space    used 870K, committed 960K, reserved 1048576K
}

Deoptimization events (20 events):
Event: 5.039 Thread 0x0000021e001bab20 DEOPT PACKING pc=0x0000021e6477f7d3 sp=0x000000b3369fe5e0
Event: 5.039 Thread 0x0000021e001bab20 DEOPT UNPACKING pc=0x0000021e6400e77e sp=0x000000b3369fdb68 mode 0
Event: 5.096 Thread 0x0000021e001bab20 DEOPT PACKING pc=0x0000021e6477f7d3 sp=0x000000b3369fe5e0
Event: 5.096 Thread 0x0000021e001bab20 DEOPT UNPACKING pc=0x0000021e6400e77e sp=0x000000b3369fdb68 mode 0
Event: 5.154 Thread 0x0000021e001bab20 DEOPT PACKING pc=0x0000021e6477f7d3 sp=0x000000b3369fe5e0
Event: 5.154 Thread 0x0000021e001bab20 DEOPT UNPACKING pc=0x0000021e6400e77e sp=0x000000b3369fdb68 mode 0
Event: 5.213 Thread 0x0000021e001bab20 DEOPT PACKING pc=0x0000021e6477f7d3 sp=0x000000b3369fe5e0
Event: 5.213 Thread 0x0000021e001bab20 DEOPT UNPACKING pc=0x0000021e6400e77e sp=0x000000b3369fdb68 mode 0
Event: 95.815 Thread 0x0000021e02e0a360 Uncommon trap: trap_request=0xffffff45 fr.pc=0x0000021e6bb14f80 relative=0x0000000000000060
Event: 95.815 Thread 0x0000021e02e0a360 Uncommon trap: reason=unstable_if action=reinterpret pc=0x0000021e6bb14f80 method=java.util.HashMap.keySet()Ljava/util/Set; @ 6 c2
Event: 95.815 Thread 0x0000021e02e0a360 DEOPT PACKING pc=0x0000021e6bb14f80 sp=0x000000b3343ff0a0
Event: 95.816 Thread 0x0000021e02e0a360 DEOPT UNPACKING pc=0x0000021e6400f92e sp=0x000000b3343ff038 mode 2
Event: 95.816 Thread 0x0000021e00a2c250 Uncommon trap: trap_request=0xffffff45 fr.pc=0x0000021e6bb8f700 relative=0x0000000000000060
Event: 95.816 Thread 0x0000021e00a2c250 Uncommon trap: reason=unstable_if action=reinterpret pc=0x0000021e6bb8f700 method=java.util.HashMap.values()Ljava/util/Collection; @ 6 c2
Event: 95.816 Thread 0x0000021e00a2c250 DEOPT PACKING pc=0x0000021e6bb8f700 sp=0x000000b3363fef50
Event: 95.816 Thread 0x0000021e00a2c250 DEOPT UNPACKING pc=0x0000021e6400f92e sp=0x000000b3363feee8 mode 2
Event: 95.816 Thread 0x0000021e00a2c250 Uncommon trap: trap_request=0xffffff45 fr.pc=0x0000021e6bb70dec relative=0x00000000000000cc
Event: 95.816 Thread 0x0000021e00a2c250 Uncommon trap: reason=unstable_if action=reinterpret pc=0x0000021e6bb70dec method=java.util.HashMap$HashIterator.<init>(Ljava/util/HashMap;)V @ 38 c2
Event: 95.816 Thread 0x0000021e00a2c250 DEOPT PACKING pc=0x0000021e6bb70dec sp=0x000000b3363fefa0
Event: 95.816 Thread 0x0000021e00a2c250 DEOPT UNPACKING pc=0x0000021e6400f92e sp=0x000000b3363fee70 mode 2

Classes unloaded (0 events):
No events

Classes redefined (0 events):
No events

Internal exceptions (20 events):
Event: 4.965 Thread 0x0000021e001bab20 Exception <a 'java/lang/ArrayIndexOutOfBoundsException'{0x0000000722aef880}> (0x0000000722aef880) 
thrown [t:\workspace\open\src\hotspot\share\runtime\sharedRuntime.cpp, line 624]
Event: 4.965 Thread 0x0000021e001bab20 Exception <a 'java/lang/ArrayIndexOutOfBoundsException'{0x0000000722aefbc8}> (0x0000000722aefbc8) 
thrown [t:\workspace\open\src\hotspot\share\runtime\sharedRuntime.cpp, line 624]
Event: 4.965 Thread 0x0000021e001bab20 Exception <a 'java/lang/ArrayIndexOutOfBoundsException'{0x0000000722aeff10}> (0x0000000722aeff10) 
thrown [t:\workspace\open\src\hotspot\share\runtime\sharedRuntime.cpp, line 624]
Event: 4.965 Thread 0x0000021e001bab20 Exception <a 'java/lang/ArrayIndexOutOfBoundsException'{0x0000000722af0258}> (0x0000000722af0258) 
thrown [t:\workspace\open\src\hotspot\share\runtime\sharedRuntime.cpp, line 624]
Event: 4.965 Thread 0x0000021e001bab20 Exception <a 'java/lang/ArrayIndexOutOfBoundsException'{0x0000000722af05a0}> (0x0000000722af05a0) 
thrown [t:\workspace\open\src\hotspot\share\runtime\sharedRuntime.cpp, line 624]
Event: 4.965 Thread 0x0000021e001bab20 Exception <a 'java/lang/ArrayIndexOutOfBoundsException'{0x0000000722af08e8}> (0x0000000722af08e8) 
thrown [t:\workspace\open\src\hotspot\share\runtime\sharedRuntime.cpp, line 624]
Event: 4.965 Thread 0x0000021e001bab20 Exception <a 'java/lang/ArrayIndexOutOfBoundsException'{0x0000000722af0c30}> (0x0000000722af0c30) 
thrown [t:\workspace\open\src\hotspot\share\runtime\sharedRuntime.cpp, line 624]
Event: 4.965 Thread 0x0000021e001bab20 Exception <a 'java/lang/ArrayIndexOutOfBoundsException'{0x0000000722af0f78}> (0x0000000722af0f78) 
thrown [t:\workspace\open\src\hotspot\share\runtime\sharedRuntime.cpp, line 624]
Event: 4.965 Thread 0x0000021e001bab20 Exception <a 'java/lang/ArrayIndexOutOfBoundsException'{0x0000000722af12c0}> (0x0000000722af12c0) 
thrown [t:\workspace\open\src\hotspot\share\runtime\sharedRuntime.cpp, line 624]
Event: 4.965 Thread 0x0000021e001bab20 Exception <a 'java/lang/ArrayIndexOutOfBoundsException'{0x0000000722af1608}> (0x0000000722af1608) 
thrown [t:\workspace\open\src\hotspot\share\runtime\sharedRuntime.cpp, line 624]
Event: 4.965 Thread 0x0000021e001bab20 Exception <a 'java/lang/ArrayIndexOutOfBoundsException'{0x0000000722af1950}> (0x0000000722af1950) 
thrown [t:\workspace\open\src\hotspot\share\runtime\sharedRuntime.cpp, line 624]
Event: 4.965 Thread 0x0000021e001bab20 Exception <a 'java/lang/ArrayIndexOutOfBoundsException'{0x0000000722af1c98}> (0x0000000722af1c98) 
thrown [t:\workspace\open\src\hotspot\share\runtime\sharedRuntime.cpp, line 624]
Event: 4.965 Thread 0x0000021e001bab20 Exception <a 'java/lang/ArrayIndexOutOfBoundsException'{0x0000000722af1fe0}> (0x0000000722af1fe0) 
thrown [t:\workspace\open\src\hotspot\share\runtime\sharedRuntime.cpp, line 624]
Event: 4.965 Thread 0x0000021e001bab20 Exception <a 'java/lang/ArrayIndexOutOfBoundsException'{0x0000000722af2328}> (0x0000000722af2328) 
thrown [t:\workspace\open\src\hotspot\share\runtime\sharedRuntime.cpp, line 624]
Event: 4.965 Thread 0x0000021e001bab20 Exception <a 'java/lang/ArrayIndexOutOfBoundsException'{0x0000000722af2670}> (0x0000000722af2670) 
thrown [t:\workspace\open\src\hotspot\share\runtime\sharedRuntime.cpp, line 624]
Event: 4.966 Thread 0x0000021e001bab20 Exception <a 'java/lang/ArrayIndexOutOfBoundsException'{0x0000000722af29b8}> (0x0000000722af29b8) 
thrown [t:\workspace\open\src\hotspot\share\runtime\sharedRuntime.cpp, line 624]
Event: 4.966 Thread 0x0000021e001bab20 Exception <a 'java/lang/ArrayIndexOutOfBoundsException'{0x0000000722af2d00}> (0x0000000722af2d00) 
thrown [t:\workspace\open\src\hotspot\share\runtime\sharedRuntime.cpp, line 624]
Event: 4.966 Thread 0x0000021e001bab20 Exception <a 'java/lang/ArrayIndexOutOfBoundsException'{0x0000000722af3048}> (0x0000000722af3048) 
thrown [t:\workspace\open\src\hotspot\share\runtime\sharedRuntime.cpp, line 624]
Event: 4.966 Thread 0x0000021e001bab20 Exception <a 'java/lang/ArrayIndexOutOfBoundsException'{0x0000000722af3390}> (0x0000000722af3390) 
thrown [t:\workspace\open\src\hotspot\share\runtime\sharedRuntime.cpp, line 624]
Event: 95.794 Thread 0x0000021e0259e4a0 Exception <a 'java/lang/InterruptedException'{0x000000071e5e6900}> (0x000000071e5e6900) 
thrown [t:\workspace\open\src\hotspot\share\runtime\objectMonitor.cpp, line 1705]

Events (20 events):
Event: 89.680 Executing  VM operation: Cleanup done
Event: 92.682 Executing  VM operation: Cleanup
Event: 92.682 Executing  VM operation: Cleanup done
Event: 94.682 Executing  VM operation: Cleanup
Event: 94.683 Executing  VM operation: Cleanup done
Event: 95.794 Thread 0x0000021e02e0a360 Thread added: 0x0000021e02e0a360
Event: 95.794 Thread 0x0000021e02e078e0 Thread added: 0x0000021e02e078e0
Event: 95.794 Thread 0x0000021e0259e4a0 Thread exited: 0x0000021e0259e4a0
Event: 95.794 Thread 0x0000021e02e088d0 Thread added: 0x0000021e02e088d0
Event: 95.795 Thread 0x0000021e02e07390 Thread added: 0x0000021e02e07390
Event: 95.795 loading class java/nio/channels/ClosedChannelException
Event: 95.795 loading class java/nio/channels/ClosedChannelException done
Event: 95.795 Thread 0x0000021e02e088d0 Thread exited: 0x0000021e02e088d0
Event: 95.795 Thread 0x0000021e009e9730 Thread exited: 0x0000021e009e9730
Event: 95.798 Thread 0x0000021e0031c710 Thread exited: 0x0000021e0031c710
Event: 95.821 Thread 0x0000021e00a2c250 Thread exited: 0x0000021e00a2c250
Event: 95.824 Thread 0x0000021e02e0a360 Thread exited: 0x0000021e02e0a360
Event: 95.896 Thread 0x0000021e02e078e0 Thread exited: 0x0000021e02e078e0
Event: 95.898 Thread 0x0000021e7f340430 Thread exited: 0x0000021e7f340430
Event: 95.898 Executing  VM operation: Exit


Dynamic libraries:
0x00007ff698550000 - 0x00007ff698560000 	C:\Program Files\Java\jdk-16.0.2\bin\javaw.exe
0x00007ff8cfd70000 - 0x00007ff8cff65000 	C:\windows\SYSTEM32\ntdll.dll
0x00007ff8cddb0000 - 0x00007ff8cde6e000 	C:\windows\System32\KERNEL32.DLL
0x00007ff8cd790000 - 0x00007ff8cda58000 	C:\windows\System32\KERNELBASE.dll
0x00007ff8cd480000 - 0x00007ff8cd580000 	C:\windows\System32\ucrtbase.dll
0x00007ff8c7330000 - 0x00007ff8c7348000 	C:\Program Files\Java\jdk-16.0.2\bin\jli.dll
0x00007ff8c7350000 - 0x00007ff8c7369000 	C:\Program Files\Java\jdk-16.0.2\bin\VCRUNTIME140.dll
0x00007ff8ce9e0000 - 0x00007ff8cea8e000 	C:\windows\System32\ADVAPI32.dll
0x00007ff8cdf50000 - 0x00007ff8cdfee000 	C:\windows\System32\msvcrt.dll
0x00007ff8cf700000 - 0x00007ff8cf79c000 	C:\windows\System32\sechost.dll
0x00007ff8ce070000 - 0x00007ff8ce195000 	C:\windows\System32\RPCRT4.dll
0x00007ff8ce1a0000 - 0x00007ff8ce341000 	C:\windows\System32\USER32.dll
0x00007ff8cdd80000 - 0x00007ff8cdda2000 	C:\windows\System32\win32u.dll
0x00007ff8cf7a0000 - 0x00007ff8cf7cb000 	C:\windows\System32\GDI32.dll
0x00007ff8b6070000 - 0x00007ff8b630a000 	C:\windows\WinSxS\amd64_microsoft.windows.common-controls_6595b64144ccf1df_6.0.19041.1110_none_60b5254171f9507e\COMCTL32.dll
0x00007ff8cdb10000 - 0x00007ff8cdc1d000 	C:\windows\System32\gdi32full.dll
0x00007ff8cd580000 - 0x00007ff8cd61d000 	C:\windows\System32\msvcp_win.dll
0x00007ff8c4310000 - 0x00007ff8c431a000 	C:\windows\SYSTEM32\VERSION.dll
0x00007ff8cfd00000 - 0x00007ff8cfd30000 	C:\windows\System32\IMM32.DLL
0x00007ff8c8a90000 - 0x00007ff8c8a9c000 	C:\Program Files\Java\jdk-16.0.2\bin\vcruntime140_1.dll
0x00007ff8a1ad0000 - 0x00007ff8a1b61000 	C:\Program Files\Java\jdk-16.0.2\bin\msvcp140.dll
0x00007ff855260000 - 0x00007ff855e0b000 	C:\Program Files\Java\jdk-16.0.2\bin\server\jvm.dll
0x00007ff8ce060000 - 0x00007ff8ce068000 	C:\windows\System32\PSAPI.DLL
0x00007ff8af880000 - 0x00007ff8af8a7000 	C:\windows\SYSTEM32\WINMM.dll
0x00007ff8c7320000 - 0x00007ff8c7329000 	C:\windows\SYSTEM32\WSOCK32.dll
0x00007ff8cea90000 - 0x00007ff8ceafb000 	C:\windows\System32\WS2_32.dll
0x00007ff8cbcf0000 - 0x00007ff8cbd02000 	C:\windows\SYSTEM32\kernel.appcore.dll
0x00007ff8c7310000 - 0x00007ff8c731a000 	C:\Program Files\Java\jdk-16.0.2\bin\jimage.dll
0x00007ff8cb0e0000 - 0x00007ff8cb2c4000 	C:\windows\SYSTEM32\DBGHELP.DLL
0x00007ff8af6b0000 - 0x00007ff8af6dc000 	C:\windows\SYSTEM32\dbgcore.DLL
0x00007ff8cd6d0000 - 0x00007ff8cd752000 	C:\windows\System32\bcryptPrimitives.dll
0x00007ff8c6ed0000 - 0x00007ff8c6ef5000 	C:\Program Files\Java\jdk-16.0.2\bin\java.dll
0x00007ff8cef00000 - 0x00007ff8cf644000 	C:\windows\System32\SHELL32.dll
0x00007ff8cb550000 - 0x00007ff8cbce5000 	C:\windows\SYSTEM32\windows.storage.dll
0x00007ff8ce470000 - 0x00007ff8ce7c5000 	C:\windows\System32\combase.dll
0x00007ff8cce60000 - 0x00007ff8cce8e000 	C:\windows\SYSTEM32\Wldp.dll
0x00007ff8cf650000 - 0x00007ff8cf6fd000 	C:\windows\System32\SHCORE.dll
0x00007ff8ce7d0000 - 0x00007ff8ce825000 	C:\windows\System32\shlwapi.dll
0x00007ff8cd3c0000 - 0x00007ff8cd3df000 	C:\windows\SYSTEM32\profapi.dll
0x00007ff8c6eb0000 - 0x00007ff8c6ec9000 	C:\Program Files\Java\jdk-16.0.2\bin\net.dll
0x00007ff8c84e0000 - 0x00007ff8c85ec000 	C:\windows\SYSTEM32\WINHTTP.dll
0x00007ff8ccbc0000 - 0x00007ff8ccc2a000 	C:\windows\system32\mswsock.dll
0x00007ff8b6f60000 - 0x00007ff8b6f73000 	C:\Program Files\Java\jdk-16.0.2\bin\nio.dll
0x00007ff8aaf10000 - 0x00007ff8aaf28000 	C:\Program Files\Java\jdk-16.0.2\bin\zip.dll
0x00007ff8c7300000 - 0x00007ff8c7310000 	C:\Program Files\Java\jdk-16.0.2\bin\verify.dll
0x00007ff8591f0000 - 0x00007ff859370000 	C:\Program Files\Java\jdk-16.0.2\bin\awt.dll
0x00007ff8cee30000 - 0x00007ff8ceefd000 	C:\windows\System32\OLEAUT32.dll
0x00007ff8ca8d0000 - 0x00007ff8ca960000 	C:\windows\SYSTEM32\apphelp.dll
0x00007ff8caa60000 - 0x00007ff8caafe000 	C:\windows\system32\uxtheme.dll
0x00007ff8ce350000 - 0x00007ff8ce465000 	C:\windows\System32\MSCTF.dll
0x00007ff8ce8b0000 - 0x00007ff8ce9da000 	C:\windows\System32\ole32.dll
0x00007ff8cabc0000 - 0x00007ff8cabef000 	C:\windows\system32\DWMAPI.DLL
0x00007ff8b5e40000 - 0x00007ff8b5f65000 	C:\windows\system32\opengl32.dll
0x00007ff8bdbe0000 - 0x00007ff8bdc0c000 	C:\windows\SYSTEM32\GLU32.dll
0x00007ff8ccdb0000 - 0x00007ff8ccdc8000 	C:\windows\SYSTEM32\CRYPTSP.dll
0x00007ff8cc4e0000 - 0x00007ff8cc514000 	C:\windows\system32\rsaenh.dll
0x00007ff8cd760000 - 0x00007ff8cd787000 	C:\windows\System32\bcrypt.dll
0x00007ff8cd380000 - 0x00007ff8cd3ae000 	C:\windows\SYSTEM32\USERENV.dll
0x00007ff8ccdd0000 - 0x00007ff8ccddc000 	C:\windows\SYSTEM32\CRYPTBASE.dll
0x00007ff8cc8b0000 - 0x00007ff8cc8eb000 	C:\windows\SYSTEM32\IPHLPAPI.DLL
0x00007ff8cdff0000 - 0x00007ff8cdff8000 	C:\windows\System32\NSI.dll
0x00007ff8c5480000 - 0x00007ff8c5497000 	C:\windows\SYSTEM32\dhcpcsvc6.DLL
0x00007ff8c5530000 - 0x00007ff8c554d000 	C:\windows\SYSTEM32\dhcpcsvc.DLL
0x00007ff8cc940000 - 0x00007ff8cca0b000 	C:\windows\SYSTEM32\DNSAPI.dll
0x00000000637c0000 - 0x00000000637cd000 	C:\Users\sethr\AppData\Local\Temp\jogamp_0000\file_cache\jln15998273324156069688\jln8226037245609987783\natives\windows-amd64\gluegen-rt.dll
0x00007ff8c43c0000 - 0x00007ff8c43c7000 	C:\Program Files\Java\jdk-16.0.2\bin\jawt.dll
0x000000006a440000 - 0x000000006a44d000 	C:\Users\sethr\AppData\Local\Temp\jogamp_0000\file_cache\jln15998273324156069688\jln8226037245609987783\natives\windows-amd64\nativewindow_awt.dll
0x000000006c100000 - 0x000000006c10f000 	C:\Users\sethr\AppData\Local\Temp\jogamp_0000\file_cache\jln15998273324156069688\jln8226037245609987783\natives\windows-amd64\nativewindow_win32.dll
0x000000006cbc0000 - 0x000000006cbd3000 	C:\Users\sethr\AppData\Local\Temp\jogamp_0000\file_cache\jln15998273324156069688\jln8226037245609987783\natives\windows-amd64\newt.dll
0x00007ff8c7960000 - 0x00007ff8c7a0e000 	C:\windows\SYSTEM32\mscms.dll
0x00007ff8c7900000 - 0x00007ff8c7911000 	C:\windows\SYSTEM32\ColorAdapterClient.dll
0x00007ff8a3340000 - 0x00007ff8a3383000 	C:\windows\SYSTEM32\icm32.dll
0x00007ff8cf880000 - 0x00007ff8cfcf2000 	C:\windows\System32\setupapi.dll
0x00007ff8cd620000 - 0x00007ff8cd66e000 	C:\windows\System32\cfgmgr32.dll
0x00007ff8cd1b0000 - 0x00007ff8cd1e4000 	C:\windows\SYSTEM32\DEVOBJ.dll
0x00007ff8cd670000 - 0x00007ff8cd6d0000 	C:\windows\System32\WINTRUST.dll
0x00007ff8cdc20000 - 0x00007ff8cdd76000 	C:\windows\System32\CRYPT32.dll
0x00007ff8ccff0000 - 0x00007ff8cd002000 	C:\windows\SYSTEM32\MSASN1.dll
0x0000000064500000 - 0x00000000645b1000 	C:\Users\sethr\AppData\Local\Temp\jogamp_0000\file_cache\jln15998273324156069688\jln8226037245609987783\natives\windows-amd64\jogl_desktop.dll
0x0000000064340000 - 0x00000000643a2000 	C:\Users\sethr\AppData\Local\Temp\jogamp_0000\file_cache\jln15998273324156069688\jln8226037245609987783\natives\windows-amd64\jogl_mobile.dll
0x00007ff8cf7d0000 - 0x00007ff8cf879000 	C:\windows\System32\clbcatq.dll
0x00007ff854260000 - 0x00007ff855260000 	C:\windows\System32\DriverStore\FileRepository\iigd_dch.inf_amd64_14d6d9e2312c79ae\igxelpicd64.dll
0x00007ff8cbd70000 - 0x00007ff8cbe64000 	C:\windows\system32\dxgi.dll
0x00007ff858d80000 - 0x00007ff8591e4000 	C:\windows\System32\DriverStore\FileRepository\iigd_dch.inf_amd64_14d6d9e2312c79ae\igdml64.dll
0x00007ff8bff00000 - 0x00007ff8c02bd000 	C:\windows\System32\DriverStore\FileRepository\iigd_dch.inf_amd64_14d6d9e2312c79ae\igdgmm64.dll
0x00007ff8b91b0000 - 0x00007ff8bc3e8000 	C:\windows\System32\DriverStore\FileRepository\iigd_dch.inf_amd64_14d6d9e2312c79ae\igc64.dll
0x00007ff8cd240000 - 0x00007ff8cd28b000 	C:\windows\SYSTEM32\powrprof.dll
0x00007ff8cd220000 - 0x00007ff8cd232000 	C:\windows\SYSTEM32\UMPDC.dll
0x00007ff8b8c60000 - 0x00007ff8b8d59000 	C:\windows\SYSTEM32\textinputframework.dll
0x00007ff8c9ed0000 - 0x00007ff8ca22e000 	C:\windows\System32\CoreUIComponents.dll
0x00007ff8ca5b0000 - 0x00007ff8ca6a2000 	C:\windows\System32\CoreMessaging.dll
0x00007ff8c8ef0000 - 0x00007ff8c9044000 	C:\windows\SYSTEM32\wintypes.dll
0x00007ff8cc170000 - 0x00007ff8cc1a3000 	C:\windows\SYSTEM32\ntmarta.dll
0x00007ff8a31d0000 - 0x00007ff8a3236000 	C:\windows\system32\Oleacc.dll

dbghelp: loaded successfully - version: 4.0.5 - missing functions: none
symbol engine: initialized successfully - sym options: 0x614 - pdb path: .;C:\Program Files\Java\jdk-16.0.2\bin;C:\windows\SYSTEM32;C:\windows\WinSxS\amd64_microsoft.windows.common-controls_6595b64144ccf1df_6.0.19041.1110_none_60b5254171f9507e;C:\Program Files\Java\jdk-16.0.2\bin\server;C:\Users\sethr\AppData\Local\Temp\jogamp_0000\file_cache\jln15998273324156069688\jln8226037245609987783\natives\windows-amd64;C:\windows\System32\DriverStore\FileRepository\iigd_dch.inf_amd64_14d6d9e2312c79ae

VM Arguments:
jvm_args: -Dfile.encoding=Cp1252 -XX:+ShowCodeDetailsInExceptionMessages 
java_command: energywaves.Main
java_class_path (initial): C:\Users\sethr\eclipse-workspace\energywaves\target\classes;C:\Users\sethr\.m2\repository\org\processing\core\3.3.6\core-3.3.6.jar;C:\Users\sethr\.m2\repository\org\jogamp\gluegen\gluegen-rt-main\2.3.2\gluegen-rt-main-2.3.2.jar;C:\Users\sethr\.m2\repository\org\jogamp\gluegen\gluegen-rt\2.3.2\gluegen-rt-2.3.2.jar;C:\Users\sethr\.m2\repository\org\jogamp\gluegen\gluegen-rt\2.3.2\gluegen-rt-2.3.2-natives-android-aarch64.jar;C:\Users\sethr\.m2\repository\org\jogamp\gluegen\gluegen-rt\2.3.2\gluegen-rt-2.3.2-natives-android-armv6.jar;C:\Users\sethr\.m2\repository\org\jogamp\gluegen\gluegen-rt\2.3.2\gluegen-rt-2.3.2-natives-linux-amd64.jar;C:\Users\sethr\.m2\repository\org\jogamp\gluegen\gluegen-rt\2.3.2\gluegen-rt-2.3.2-natives-linux-armv6.jar;C:\Users\sethr\.m2\repository\org\jogamp\gluegen\gluegen-rt\2.3.2\gluegen-rt-2.3.2-natives-linux-armv6hf.jar;C:\Users\sethr\.m2\repository\org\jogamp\gluegen\gluegen-rt\2.3.2\gluegen-rt-2.3.2-natives-linux-i586.jar;C:\Users\sethr\.m2\repository\org\jogamp\gluegen\gluegen-rt\2.3.2\gluegen-rt-2.3.2-natives-macosx-universal.jar;C:\Users\sethr\.m2\repository\org\jogamp\gluegen\gluegen-rt\2.3.2\gluegen-rt-2.3.2-natives-solaris-amd64.jar;C:\Users\sethr\.m2\repository\org\jogamp\gluegen\gluegen-rt\2.3.2\gluegen-rt-2.3.2-natives-solaris-i586.jar;C:\Users\sethr\.m2\repository\org\jogamp\gluegen\gluegen-rt\2.3.2\gluegen-rt-2.3.2-natives-windows-amd64.jar;C:\Users\sethr\.m2\repository\org\jogamp\gluegen\gluegen-rt\2.3.2\gluegen-rt-2.3.2-natives-windows-i586.jar;C:\Users\sethr\.m2\repository\org\jogamp\jogl\jogl-all-main\2.3.2\jogl-all-main-2.3.2.jar;C:\Users\sethr\.m2\repository\org\jogamp\jogl\jogl-all\2.3.2\jogl-all-2.3.2.jar;C:\Users\sethr\.m2\repository\org\jogamp\jogl\jogl-all\2.3.2\jogl-all-2.3.2-natives-android-aarch64.jar;C:\Users\sethr\.m2\repository\org\jogamp\jogl\jogl-all\2.3.2\jogl-all-2.3.2-natives-android-armv6.jar;C:\Users\sethr\.m2\repository\org\jogamp\jogl\jogl-all\2.3.2\jogl-all-2.3.2-natives-l
Launcher Type: SUN_STANDARD

[Global flags]
     intx CICompilerCount                          = 4                                         {product} {ergonomic}
     uint ConcGCThreads                            = 2                                         {product} {ergonomic}
     uint G1ConcRefinementThreads                  = 8                                         {product} {ergonomic}
   size_t G1HeapRegionSize                         = 2097152                                   {product} {ergonomic}
    uintx GCDrainStackTargetSize                   = 64                                        {product} {ergonomic}
   size_t InitialHeapSize                          = 266338304                                 {product} {ergonomic}
   size_t MarkStackSize                            = 4194304                                   {product} {ergonomic}
   size_t MaxHeapSize                              = 4234149888                                {product} {ergonomic}
   size_t MaxNewSize                               = 2539651072                                {product} {ergonomic}
   size_t MinHeapDeltaBytes                        = 2097152                                   {product} {ergonomic}
   size_t MinHeapSize                              = 8388608                                   {product} {ergonomic}
    uintx NonNMethodCodeHeapSize                   = 5839372                                {pd product} {ergonomic}
    uintx NonProfiledCodeHeapSize                  = 122909434                              {pd product} {ergonomic}
    uintx ProfiledCodeHeapSize                     = 122909434                              {pd product} {ergonomic}
    uintx ReservedCodeCacheSize                    = 251658240                              {pd product} {ergonomic}
     bool SegmentedCodeCache                       = true                                      {product} {ergonomic}
     bool ShowCodeDetailsInExceptionMessages       = true                                   {manageable} {command line}
   size_t SoftMaxHeapSize                          = 4234149888                             {manageable} {ergonomic}
     bool UseCompressedClassPointers               = true                           {product lp64_product} {ergonomic}
     bool UseCompressedOops                        = true                           {product lp64_product} {ergonomic}
     bool UseG1GC                                  = true                                      {product} {ergonomic}
     bool UseLargePagesIndividualAllocation        = false                                  {pd product} {ergonomic}

Logging:
Log output configuration:
 #0: stdout all=off uptime,level,tags
 #1: stderr all=off uptime,level,tags

Environment Variables:
PATH=C:\Program Files\Oculus\Support\oculus-runtime;C:\Program Files\Common Files\Oracle\Java\javapath;C:\windows\system32;C:\windows;C:\windows\System32\Wbem;C:\windows\System32\WindowsPowerShell\v1.0\;C:\windows\System32\OpenSSH\;C:\MinGW\mingw32\bin;C:\ProgramData\chocolatey\bin;C:\ProgramData\chocolatey\bin\make.exe;C:\Program Files\Git\cmd;C:\Program Files\nodejs\;C:\Users\sethr\AppData\Local\Programs\Python\Python39\Scripts\;C:\Users\sethr\AppData\Local\Programs\Python\Python39\;C:\Users\sethr\AppData\Local\Microsoft\WindowsApps;C:\Users\sethr\AppData\Local\Programs\Microsoft VS Code\bin;C:\Users\sethr\AppData\Local\GitHubDesktop\bin;C:\Users\sethr\AppData\Roaming\npm
USERNAME=sethr
OS=Windows_NT
PROCESSOR_IDENTIFIER=Intel64 Family 6 Model 140 Stepping 1, GenuineIntel



---------------  S Y S T E M  ---------------

OS:
 Windows 10 , 64 bit Build 19041 (10.0.19041.1466)
OS uptime: 4 days 15:12 hours

CPU: total 8 (initial active 8) (4 cores per cpu, 2 threads per core) family 6 model 140 stepping 1 microcode 0x86, cx8, cmov, fxsr, ht, mmx, 3dnowpref, sse, sse2, sse3, ssse3, sse4.1, sse4.2, popcnt, lzcnt, tsc, tscinvbit, avx, avx2, aes, erms, clmul, bmi1, bmi2, adx, avx512f, avx512dq, avx512cd, avx512bw, avx512vl, sha, fma, vzeroupper, avx512_vpopcntdq, avx512_vpclmulqdq, avx512_vaes, avx512_vnni, clflush, clflushopt, clwb, avx512_vmbi2, avx512_vmbi

Memory: 4k page, system-wide physical 16149M (7097M free)
TotalPageFile size 32021M (AvailPageFile size 21010M)
current process WorkingSet (physical memory assigned to process): 673M, peak: 675M
current process commit charge ("private bytes"): 895M, peak: 911M

vm_info: Java HotSpot(TM) 64-Bit Server VM (16.0.2+7-67) for windows-amd64 JRE (16.0.2+7-67), built on Jun  8 2021 23:24:19 by "mach5one" with MS VC++ 16.7 (VS2019)

END.
