#
# A fatal error has been detected by the Java Runtime Environment:
#
#  EXCEPTION_ACCESS_VIOLATION (0xc0000005) at pc=0x00007ffc69202c4c, pid=20580, tid=17340
#
# JRE version: Java(TM) SE Runtime Environment (16.0.2+7) (build 16.0.2+7-67)
# Java VM: Java HotSpot(TM) 64-Bit Server VM (16.0.2+7-67, mixed mode, sharing, tiered, compressed oops, compressed class ptrs, g1 gc, windows-amd64)
# Problematic frame:
# C  [igxelpicd64.dll+0x282c4c]
#
# No core dump will be written. Minidumps are not enabled by default on client versions of Windows
#
# If you would like to submit a bug report, please visit:
#   https://bugreport.java.com/bugreport/crash.jsp
#

---------------  S U M M A R Y ------------

Command Line: -Dfile.encoding=Cp1252 -XX:+ShowCodeDetailsInExceptionMessages energywaves.Main

Host: 11th Gen Intel(R) Core(TM) i7-1165G7 @ 2.80GHz, 8 cores, 15G,  Windows 10 , 64 bit Build 19041 (10.0.19041.1348)
Time: Thu Dec 16 21:31:08 2021 Eastern Standard Time elapsed time: 3.471372 seconds (0d 0h 0m 3s)

---------------  T H R E A D  ---------------

Current thread (0x0000022a2f547d50):  VMThread "VM Thread" [stack: 0x0000007ac4400000,0x0000007ac4500000] [id=17340]

Stack: [0x0000007ac4400000,0x0000007ac4500000],  sp=0x0000007ac44fe5d0,  free space=1017k
Native frames: (J=compiled Java code, j=interpreted, Vv=VM code, C=native code)
C  [igxelpicd64.dll+0x282c4c]


siginfo: EXCEPTION_ACCESS_VIOLATION (0xc0000005), reading address 0x00000000000356f8


Register to memory mapping:

RIP=0x00007ffc69202c4c igxelpicd64.dll
RAX=0x0000022a3eb31240 points into unknown readable memory: 0x000000000000ea3b | 3b ea 00 00 00 00 00 00
RBX=0x0000022a319f0d40 points into unknown readable memory: 0xffffffffffffffff | ff ff ff ff ff ff ff ff
RCX=0x0 is NULL
RDX=0x0000000000000002 is an unknown value
RSP=0x0000007ac44fe5d0 points into unknown readable memory: 0x0000022a319f0d40 | 40 0d 9f 31 2a 02 00 00
RBP=0x0000000000000016 is an unknown value
RSI=0x0000022a31c5b680 points into unknown readable memory: 0x0000000000000000 | 00 00 00 00 00 00 00 00
RDI=0x0 is NULL
R8 =0x0000000000000014 is an unknown value
R9 =0x0 is NULL
R10=0x0 is NULL
R11=0x0000000000000246 is an unknown value
R12=0x0000022a3eb31678 points into unknown readable memory: 0x0000022a3eb329f0 | f0 29 b3 3e 2a 02 00 00
R13=0x0 is NULL
R14=0x0000022a3eb310b0 points into unknown readable memory: 0x0000022a30bbcb30 | 30 cb bb 30 2a 02 00 00
R15=0x0 is NULL


Registers:
RAX=0x0000022a3eb31240, RBX=0x0000022a319f0d40, RCX=0x0000000000000000, RDX=0x0000000000000002
RSP=0x0000007ac44fe5d0, RBP=0x0000000000000016, RSI=0x0000022a31c5b680, RDI=0x0000000000000000
R8 =0x0000000000000014, R9 =0x0000000000000000, R10=0x0000000000000000, R11=0x0000000000000246
R12=0x0000022a3eb31678, R13=0x0000000000000000, R14=0x0000022a3eb310b0, R15=0x0000000000000000
RIP=0x00007ffc69202c4c, EFLAGS=0x0000000000010202

Top of Stack: (sp=0x0000007ac44fe5d0)
0x0000007ac44fe5d0:   0000022a319f0d40 00007ffcfb71d859
0x0000007ac44fe5e0:   0000007ac44fe668 0000000000000000
0x0000007ac44fe5f0:   0000000000000054 0000022a319f0d40
0x0000007ac44fe600:   0000000000000000 00007ffcfc650ba4
0x0000007ac44fe610:   000000007a000004 0000000000000000
0x0000007ac44fe620:   0000000000000000 0000022a322a5eb8
0x0000007ac44fe630:   000000000000ea45 0000000000000000
0x0000007ac44fe640:   0000000000000014 0000000000000000
0x0000007ac44fe650:   0000000000000000 0000007ac44fe770
0x0000007ac44fe660:   0000022a31c5b680 00007ffc6903769c
0x0000007ac44fe670:   0000022a00000016 0000022a3eb329f0
0x0000007ac44fe680:   0000000000000000 000000007a000000
0x0000007ac44fe690:   0000007a00000894 0000b802196a0000
0x0000007ac44fe6a0:   0000000000000000 0000022a0a7a0000
0x0000007ac44fe6b0:   0000000000000000 000000007a000004
0x0000007ac44fe6c0:   00000000000004b4 0000000000000000 

Instructions: (pc=0x00007ffc69202c4c)
0x00007ffc69202b4c:   41 bf 20 00 00 00 48 8b 04 38 4d 8b 3c 07 0f b6
0x00007ffc69202b5c:   bc 24 b0 00 00 00 4c 3b 3d d7 f8 cb 00 41 0f 44
0x00007ffc69202b6c:   e9 89 ac 24 a0 00 00 00 48 85 c9 0f 84 d4 07 00
0x00007ffc69202b7c:   00 0f 1f 00 4c 8b f1 4c 8d a1 c8 05 00 00 49 8b
0x00007ffc69202b8c:   04 24 48 89 84 24 a8 00 00 00 40 84 ff 74 10 48
0x00007ffc69202b9c:   8b d1 48 8b 09 e8 ea 8d e3 ff e9 4f 07 00 00 8b
0x00007ffc69202bac:   96 d0 01 00 00 48 8b 05 58 dd bb 00 83 b8 64 03
0x00007ffc69202bbc:   00 00 02 0f 85 19 02 00 00 83 fa 10 73 0e 48 8d
0x00007ffc69202bcc:   42 04 48 8d 04 c2 48 8d 04 c1 eb 60 8d 4a f0 8b
0x00007ffc69202bdc:   c1 c1 e8 04 83 f8 03 73 1d 0f ae e8 83 e1 0f 4d
0x00007ffc69202bec:   8b 84 c6 80 05 00 00 4d 85 c0 74 25 48 8d 0c c9
0x00007ffc69202bfc:   49 8d 04 c8 eb 36 49 8b 86 98 05 00 00 48 85 c0
0x00007ffc69202c0c:   74 0f 66 90 39 10 74 2f 48 8b 40 50 48 85 c0 75
0x00007ffc69202c1c:   f3 41 80 be a0 05 00 00 00 74 22 8b c2 83 e0 0f
0x00007ffc69202c2c:   48 8d 04 c0 48 8d 40 20 49 8d 04 c6 48 85 c0 74
0x00007ffc69202c3c:   0c 48 8b 48 08 eb 09 48 83 c0 08 eb ef 49 8b c9
0x00007ffc69202c4c:   49 3b 8f f8 56 03 00 0f 86 85 01 00 00 83 fa 10
0x00007ffc69202c5c:   73 0a 48 8d 42 04 48 8d 04 c2 eb 5c 8d 4a f0 8b
0x00007ffc69202c6c:   c1 c1 e8 04 83 f8 03 73 1d 0f ae e8 83 e1 0f 4d
0x00007ffc69202c7c:   8b 84 c6 80 05 00 00 4d 85 c0 74 25 48 8d 0c c9
0x00007ffc69202c8c:   49 8d 04 c8 eb 36 49 8b 86 98 05 00 00 48 85 c0
0x00007ffc69202c9c:   74 0f 66 90 39 10 74 2f 48 8b 40 50 48 85 c0 75
0x00007ffc69202cac:   f3 41 80 be a0 05 00 00 00 74 22 8b c2 83 e0 0f
0x00007ffc69202cbc:   48 8d 04 c0 48 8d 40 20 49 8d 04 c6 48 85 c0 74
0x00007ffc69202ccc:   0c 48 8b 48 08 eb 09 48 83 c0 08 eb ef 49 8b c9
0x00007ffc69202cdc:   49 3b 8e 40 06 00 00 0f 86 f5 00 00 00 48 8b 86
0x00007ffc69202cec:   80 02 00 00 49 89 04 24 4c 89 b6 80 02 00 00 ff
0x00007ffc69202cfc:   86 88 02 00 00 ba 01 00 00 00 49 8b 4e 08 e8 41
0x00007ffc69202d0c:   28 59 00 0f b7 c8 48 2b c1 48 05 00 00 01 00 48
0x00007ffc69202d1c:   01 86 90 02 00 00 ba 01 00 00 00 49 8b 4e 08 e8
0x00007ffc69202d2c:   20 28 59 00 48 01 86 a0 02 00 00 85 ed 74 75 49
0x00007ffc69202d3c:   8b 9f 58 4f 03 00 0f 57 c0 f3 0f 7f 44 24 30 c7 


Stack slot to memory mapping:
stack at sp + 0 slots: 0x0000022a319f0d40 points into unknown readable memory: 0xffffffffffffffff | ff ff ff ff ff ff ff ff
stack at sp + 1 slots: 0x00007ffcfb71d859 USER32.dll
stack at sp + 2 slots: 0x0000007ac44fe668 points into unknown readable memory: 0x00007ffc6903769c | 9c 76 03 69 fc 7f 00 00
stack at sp + 3 slots: 0x0 is NULL
stack at sp + 4 slots: 0x0000000000000054 is an unknown value
stack at sp + 5 slots: 0x0000022a319f0d40 points into unknown readable memory: 0xffffffffffffffff | ff ff ff ff ff ff ff ff
stack at sp + 6 slots: 0x0 is NULL
stack at sp + 7 slots: 0x00007ffcfc650ba4 ntdll.dll

VM_Operation (0x0000007ac64fe720): Exit, mode: safepoint, requested by thread 0x0000022a30b3a3c0


---------------  P R O C E S S  ---------------

Threads class SMR info:
_java_thread_list=0x0000022a3218acc0, length=16, elements={
0x0000022a2f54cb50, 0x0000022a2f54d660, 0x0000022a2f5611a0, 0x0000022a2f561ab0,
0x0000022a2f5643d0, 0x0000022a2f56ed00, 0x0000022a2f573f00, 0x0000022a2f574900,
0x0000022a2f57f640, 0x0000022a30126040, 0x0000022a301288a0, 0x0000022a303f9d40,
0x0000022a30b3b900, 0x0000022a30b3a910, 0x0000022a30b3a3c0, 0x0000022a3e9b40a0
}

Java Threads: ( => current thread )
  0x0000022a2f54cb50 JavaThread "Reference Handler" daemon [_thread_blocked, id=9452, stack(0x0000007ac4500000,0x0000007ac4600000)]
  0x0000022a2f54d660 JavaThread "Finalizer" daemon [_thread_blocked, id=13348, stack(0x0000007ac4600000,0x0000007ac4700000)]
  0x0000022a2f5611a0 JavaThread "Signal Dispatcher" daemon [_thread_blocked, id=4368, stack(0x0000007ac4700000,0x0000007ac4800000)]
  0x0000022a2f561ab0 JavaThread "Attach Listener" daemon [_thread_blocked, id=10960, stack(0x0000007ac4800000,0x0000007ac4900000)]
  0x0000022a2f5643d0 JavaThread "Service Thread" daemon [_thread_blocked, id=6044, stack(0x0000007ac4900000,0x0000007ac4a00000)]
  0x0000022a2f56ed00 JavaThread "Monitor Deflation Thread" daemon [_thread_blocked, id=5316, stack(0x0000007ac4a00000,0x0000007ac4b00000)]
  0x0000022a2f573f00 JavaThread "C2 CompilerThread0" daemon [_thread_blocked, id=16512, stack(0x0000007ac4b00000,0x0000007ac4c00000)]
  0x0000022a2f574900 JavaThread "C1 CompilerThread0" daemon [_thread_blocked, id=16380, stack(0x0000007ac4c00000,0x0000007ac4d00000)]
  0x0000022a2f57f640 JavaThread "Sweeper thread" daemon [_thread_blocked, id=8412, stack(0x0000007ac4d00000,0x0000007ac4e00000)]
  0x0000022a30126040 JavaThread "Notification Thread" daemon [_thread_blocked, id=15420, stack(0x0000007ac4e00000,0x0000007ac4f00000)]
  0x0000022a301288a0 JavaThread "Common-Cleaner" daemon [_thread_blocked, id=3852, stack(0x0000007ac5000000,0x0000007ac5100000)]
  0x0000022a303f9d40 JavaThread "Java2D Disposer" daemon [_thread_blocked, id=15124, stack(0x0000007ac5100000,0x0000007ac5200000)]
  0x0000022a30b3b900 JavaThread "HighResTimerThread" daemon [_thread_blocked, id=16940, stack(0x0000007ac6000000,0x0000007ac6100000)]
  0x0000022a30b3a910 JavaThread "DestroyJavaVM" [_thread_blocked, id=15804, stack(0x0000007ac3e00000,0x0000007ac3f00000)]
  0x0000022a30b3a3c0 JavaThread "main-FPSAWTAnimator#00-Timer0-FPSAWTAnimator#00-Timer1" [_thread_blocked, id=19492, stack(0x0000007ac6400000,0x0000007ac6500000)]
  0x0000022a3e9b40a0 JavaThread "AWT-Shutdown" [_thread_blocked, id=18180, stack(0x0000007ac6100000,0x0000007ac6200000)]

Other Threads:
=>0x0000022a2f547d50 VMThread "VM Thread" [stack: 0x0000007ac4400000,0x0000007ac4500000] [id=17340]
  0x0000022a0aadc390 GCTaskThread "GC Thread#0" [stack: 0x0000007ac3f00000,0x0000007ac4000000] [id=17848]
  0x0000022a31c8c340 GCTaskThread "GC Thread#1" [stack: 0x0000007ac5a00000,0x0000007ac5b00000] [id=18456]
  0x0000022a31c8cfd0 GCTaskThread "GC Thread#2" [stack: 0x0000007ac5b00000,0x0000007ac5c00000] [id=20300]
  0x0000022a31c8d2e0 GCTaskThread "GC Thread#3" [stack: 0x0000007ac5c00000,0x0000007ac5d00000] [id=16832]
  0x0000022a31c8d900 GCTaskThread "GC Thread#4" [stack: 0x0000007ac5d00000,0x0000007ac5e00000] [id=3804]
  0x0000022a31c8d5f0 GCTaskThread "GC Thread#5" [stack: 0x0000007ac5e00000,0x0000007ac5f00000] [id=21448]
  0x0000022a31c8c9b0 GCTaskThread "GC Thread#6" [stack: 0x0000007ac5f00000,0x0000007ac6000000] [id=3416]
  0x0000022a30b9ee60 GCTaskThread "GC Thread#7" [stack: 0x0000007ac6600000,0x0000007ac6700000] [id=20796]
  0x0000022a0aaee7e0 ConcurrentGCThread "G1 Main Marker" terminated
  0x0000022a0aaf0570 ConcurrentGCThread "G1 Conc#0" [stack: 0x0000007ac4100000,0x0000007ac4200000] [id=12384]
  0x0000022a2f4020c0 ConcurrentGCThread "G1 Refine#0" terminated
  0x0000022a2f402a50 ConcurrentGCThread "G1 Service" terminated

Threads with active compile tasks:

VM state: at safepoint (shutting down)

VM Mutex/Monitor currently owned by a thread:  ([mutex/lock_event])
[0x0000022a0aa89d00] Threads_lock - owner thread: 0x0000022a2f547d50
[0x0000022a0aa890a0] Heap_lock - owner thread: 0x0000022a30b3a3c0

Heap address: 0x0000000703a00000, size: 4038 MB, Compressed Oops mode: Zero based, Oop shift amount: 3

CDS archive(s) mapped at: [0x0000000800000000-0x0000000800bb0000-0x0000000800bb0000), size 12255232, SharedBaseAddress: 0x0000000800000000, ArchiveRelocationMode: 0.
Compressed class space mapped at: 0x0000000800c00000-0x0000000840c00000, reserved size: 1073741824
Narrow klass base: 0x0000000800000000, Narrow klass shift: 3, Narrow klass range: 0x100000000

GC Precious Log:
 CPUs: 8 total, 8 available
 Memory: 16149M
 Large Page Support: Disabled
 NUMA Support: Disabled
 Compressed Oops: Enabled (Zero based)
 Heap Region Size: 2M
 Heap Min Capacity: 8M
 Heap Initial Capacity: 254M
 Heap Max Capacity: 4038M
 Pre-touch: Disabled
 Parallel Workers: 8
 Concurrent Workers: 2
 Concurrent Refinement Workers: 8
 Periodic GC: Disabled

Heap:
 garbage-first heap   total 260096K, used 99537K [0x0000000703a00000, 0x0000000800000000)
  region size 2048K, 15 young (30720K), 3 survivors (6144K)
 Metaspace       used 12374K, committed 12544K, reserved 1064960K
  class space    used 880K, committed 960K, reserved 1048576K

Heap Regions: E=young(eden), S=young(survivor), O=old, HS=humongous(starts), HC=humongous(continues), CS=collection set, F=free, OA=open archive, CA=closed archive, TAMS=top-at-mark-start (previous, next)
|   0|0x0000000703a00000, 0x0000000703c00000, 0x0000000703c00000|100%|HS|  |TAMS 0x0000000703a00000, 0x0000000703a00000| Complete 
|   1|0x0000000703c00000, 0x0000000703e00000, 0x0000000703e00000|100%|HS|  |TAMS 0x0000000703c00000, 0x0000000703c00000| Complete 
|   2|0x0000000703e00000, 0x0000000704000000, 0x0000000704000000|100%|HS|  |TAMS 0x0000000703e00000, 0x0000000703e00000| Complete 
|   3|0x0000000704000000, 0x0000000704200000, 0x0000000704200000|100%| O|  |TAMS 0x0000000704000000, 0x0000000704000000| Untracked 
|   4|0x0000000704200000, 0x0000000704339e00, 0x0000000704400000| 61%| O|  |TAMS 0x0000000704200000, 0x0000000704200000| Untracked 
|   5|0x0000000704400000, 0x0000000704600000, 0x0000000704600000|100%|HS|  |TAMS 0x0000000704400000, 0x0000000704400000| Complete 
|   6|0x0000000704600000, 0x0000000704800000, 0x0000000704800000|100%|HC|  |TAMS 0x0000000704600000, 0x0000000704600000| Complete 
|   7|0x0000000704800000, 0x0000000704a00000, 0x0000000704a00000|100%|HS|  |TAMS 0x0000000704800000, 0x0000000704800000| Complete 
|   8|0x0000000704a00000, 0x0000000704c00000, 0x0000000704c00000|100%|HS|  |TAMS 0x0000000704a00000, 0x0000000704a00000| Complete 
|   9|0x0000000704c00000, 0x0000000704e00000, 0x0000000704e00000|100%|HC|  |TAMS 0x0000000704c00000, 0x0000000704c00000| Complete 
|  10|0x0000000704e00000, 0x0000000705000000, 0x0000000705000000|100%|HS|  |TAMS 0x0000000704e00000, 0x0000000704e00000| Complete 
|  11|0x0000000705000000, 0x0000000705200000, 0x0000000705200000|100%|HC|  |TAMS 0x0000000705000000, 0x0000000705000000| Complete 
|  12|0x0000000705200000, 0x0000000705400000, 0x0000000705400000|100%|HS|  |TAMS 0x0000000705200000, 0x0000000705200000| Complete 
|  13|0x0000000705400000, 0x0000000705600000, 0x0000000705600000|100%|HS|  |TAMS 0x0000000705400000, 0x0000000705400000| Complete 
|  14|0x0000000705600000, 0x0000000705800000, 0x0000000705800000|100%|HS|  |TAMS 0x0000000705600000, 0x0000000705600000| Complete 
|  15|0x0000000705800000, 0x0000000705a00000, 0x0000000705a00000|100%|HS|  |TAMS 0x0000000705800000, 0x0000000705800000| Complete 
|  16|0x0000000705a00000, 0x0000000705c00000, 0x0000000705c00000|100%|HS|  |TAMS 0x0000000705a00000, 0x0000000705a00000| Complete 
|  17|0x0000000705c00000, 0x0000000705e00000, 0x0000000705e00000|100%|HS|  |TAMS 0x0000000705c00000, 0x0000000705c00000| Complete 
|  18|0x0000000705e00000, 0x0000000706000000, 0x0000000706000000|100%|HS|  |TAMS 0x0000000705e00000, 0x0000000705e00000| Complete 
|  19|0x0000000706000000, 0x0000000706200000, 0x0000000706200000|100%|HS|  |TAMS 0x0000000706000000, 0x0000000706000000| Complete 
|  20|0x0000000706200000, 0x0000000706400000, 0x0000000706400000|100%|HS|  |TAMS 0x0000000706200000, 0x0000000706200000| Complete 
|  21|0x0000000706400000, 0x0000000706600000, 0x0000000706600000|100%|HC|  |TAMS 0x0000000706400000, 0x0000000706400000| Complete 
|  22|0x0000000706600000, 0x0000000706800000, 0x0000000706800000|100%|HS|  |TAMS 0x0000000706600000, 0x0000000706600000| Complete 
|  23|0x0000000706800000, 0x0000000706a00000, 0x0000000706a00000|100%|HS|  |TAMS 0x0000000706800000, 0x0000000706800000| Complete 
|  24|0x0000000706a00000, 0x0000000706c00000, 0x0000000706c00000|100%|HS|  |TAMS 0x0000000706a00000, 0x0000000706a00000| Complete 
|  25|0x0000000706c00000, 0x0000000706e00000, 0x0000000706e00000|100%|HC|  |TAMS 0x0000000706c00000, 0x0000000706c00000| Complete 
|  26|0x0000000706e00000, 0x0000000707000000, 0x0000000707000000|100%|HC|  |TAMS 0x0000000706e00000, 0x0000000706e00000| Complete 
|  27|0x0000000707000000, 0x0000000707200000, 0x0000000707200000|100%|HS|  |TAMS 0x0000000707000000, 0x0000000707000000| Complete 
|  28|0x0000000707200000, 0x0000000707400000, 0x0000000707400000|100%|HS|  |TAMS 0x0000000707200000, 0x0000000707200000| Complete 
|  29|0x0000000707400000, 0x0000000707600000, 0x0000000707600000|100%|HC|  |TAMS 0x0000000707400000, 0x0000000707400000| Complete 
|  30|0x0000000707600000, 0x0000000707800000, 0x0000000707800000|100%|HS|  |TAMS 0x0000000707600000, 0x0000000707600000| Complete 
|  31|0x0000000707800000, 0x0000000707a00000, 0x0000000707a00000|100%|HC|  |TAMS 0x0000000707800000, 0x0000000707800000| Complete 
|  32|0x0000000707a00000, 0x0000000707c00000, 0x0000000707c00000|100%|HS|  |TAMS 0x0000000707a00000, 0x0000000707a00000| Complete 
|  33|0x0000000707c00000, 0x0000000707e00000, 0x0000000707e00000|100%|HS|  |TAMS 0x0000000707c00000, 0x0000000707c00000| Complete 
|  34|0x0000000707e00000, 0x0000000708000000, 0x0000000708000000|100%|HS|  |TAMS 0x0000000707e00000, 0x0000000707e00000| Complete 
|  35|0x0000000708000000, 0x0000000708200000, 0x0000000708200000|100%|HS|  |TAMS 0x0000000708000000, 0x0000000708000000| Complete 
|  36|0x0000000708200000, 0x0000000708200000, 0x0000000708400000|  0%| F|  |TAMS 0x0000000708200000, 0x0000000708200000| Untracked 
|  37|0x0000000708400000, 0x0000000708400000, 0x0000000708600000|  0%| F|  |TAMS 0x0000000708400000, 0x0000000708400000| Untracked 
|  38|0x0000000708600000, 0x0000000708600000, 0x0000000708800000|  0%| F|  |TAMS 0x0000000708600000, 0x0000000708600000| Untracked 
|  39|0x0000000708800000, 0x0000000708800000, 0x0000000708a00000|  0%| F|  |TAMS 0x0000000708800000, 0x0000000708800000| Untracked 
|  40|0x0000000708a00000, 0x0000000708a00000, 0x0000000708c00000|  0%| F|  |TAMS 0x0000000708a00000, 0x0000000708a00000| Untracked 
|  41|0x0000000708c00000, 0x0000000708c00000, 0x0000000708e00000|  0%| F|  |TAMS 0x0000000708c00000, 0x0000000708c00000| Untracked 
|  42|0x0000000708e00000, 0x0000000708e00000, 0x0000000709000000|  0%| F|  |TAMS 0x0000000708e00000, 0x0000000708e00000| Untracked 
|  43|0x0000000709000000, 0x0000000709000000, 0x0000000709200000|  0%| F|  |TAMS 0x0000000709000000, 0x0000000709000000| Untracked 
|  44|0x0000000709200000, 0x0000000709200000, 0x0000000709400000|  0%| F|  |TAMS 0x0000000709200000, 0x0000000709200000| Untracked 
|  45|0x0000000709400000, 0x0000000709400000, 0x0000000709600000|  0%| F|  |TAMS 0x0000000709400000, 0x0000000709400000| Untracked 
|  46|0x0000000709600000, 0x0000000709600000, 0x0000000709800000|  0%| F|  |TAMS 0x0000000709600000, 0x0000000709600000| Untracked 
|  47|0x0000000709800000, 0x0000000709800000, 0x0000000709a00000|  0%| F|  |TAMS 0x0000000709800000, 0x0000000709800000| Untracked 
|  48|0x0000000709a00000, 0x0000000709a00000, 0x0000000709c00000|  0%| F|  |TAMS 0x0000000709a00000, 0x0000000709a00000| Untracked 
|  49|0x0000000709c00000, 0x0000000709c00000, 0x0000000709e00000|  0%| F|  |TAMS 0x0000000709c00000, 0x0000000709c00000| Untracked 
|  50|0x0000000709e00000, 0x0000000709e00000, 0x000000070a000000|  0%| F|  |TAMS 0x0000000709e00000, 0x0000000709e00000| Untracked 
|  51|0x000000070a000000, 0x000000070a000000, 0x000000070a200000|  0%| F|  |TAMS 0x000000070a000000, 0x000000070a000000| Untracked 
|  52|0x000000070a200000, 0x000000070a200000, 0x000000070a400000|  0%| F|  |TAMS 0x000000070a200000, 0x000000070a200000| Untracked 
|  53|0x000000070a400000, 0x000000070a400000, 0x000000070a600000|  0%| F|  |TAMS 0x000000070a400000, 0x000000070a400000| Untracked 
|  54|0x000000070a600000, 0x000000070a600000, 0x000000070a800000|  0%| F|  |TAMS 0x000000070a600000, 0x000000070a600000| Untracked 
|  55|0x000000070a800000, 0x000000070a800000, 0x000000070aa00000|  0%| F|  |TAMS 0x000000070a800000, 0x000000070a800000| Untracked 
|  56|0x000000070aa00000, 0x000000070aa00000, 0x000000070ac00000|  0%| F|  |TAMS 0x000000070aa00000, 0x000000070aa00000| Untracked 
|  57|0x000000070ac00000, 0x000000070ac00000, 0x000000070ae00000|  0%| F|  |TAMS 0x000000070ac00000, 0x000000070ac00000| Untracked 
|  58|0x000000070ae00000, 0x000000070ae00000, 0x000000070b000000|  0%| F|  |TAMS 0x000000070ae00000, 0x000000070ae00000| Untracked 
|  59|0x000000070b000000, 0x000000070b000000, 0x000000070b200000|  0%| F|  |TAMS 0x000000070b000000, 0x000000070b000000| Untracked 
|  60|0x000000070b200000, 0x000000070b200000, 0x000000070b400000|  0%| F|  |TAMS 0x000000070b200000, 0x000000070b200000| Untracked 
|  61|0x000000070b400000, 0x000000070b400000, 0x000000070b600000|  0%| F|  |TAMS 0x000000070b400000, 0x000000070b400000| Untracked 
|  62|0x000000070b600000, 0x000000070b600000, 0x000000070b800000|  0%| F|  |TAMS 0x000000070b600000, 0x000000070b600000| Untracked 
|  63|0x000000070b800000, 0x000000070b800000, 0x000000070ba00000|  0%| F|  |TAMS 0x000000070b800000, 0x000000070b800000| Untracked 
|  64|0x000000070ba00000, 0x000000070ba00000, 0x000000070bc00000|  0%| F|  |TAMS 0x000000070ba00000, 0x000000070ba00000| Untracked 
|  65|0x000000070bc00000, 0x000000070bc00000, 0x000000070be00000|  0%| F|  |TAMS 0x000000070bc00000, 0x000000070bc00000| Untracked 
|  66|0x000000070be00000, 0x000000070be00000, 0x000000070c000000|  0%| F|  |TAMS 0x000000070be00000, 0x000000070be00000| Untracked 
|  67|0x000000070c000000, 0x000000070c000000, 0x000000070c200000|  0%| F|  |TAMS 0x000000070c000000, 0x000000070c000000| Untracked 
|  68|0x000000070c200000, 0x000000070c200000, 0x000000070c400000|  0%| F|  |TAMS 0x000000070c200000, 0x000000070c200000| Untracked 
|  69|0x000000070c400000, 0x000000070c400000, 0x000000070c600000|  0%| F|  |TAMS 0x000000070c400000, 0x000000070c400000| Untracked 
|  70|0x000000070c600000, 0x000000070c600000, 0x000000070c800000|  0%| F|  |TAMS 0x000000070c600000, 0x000000070c600000| Untracked 
|  71|0x000000070c800000, 0x000000070c800000, 0x000000070ca00000|  0%| F|  |TAMS 0x000000070c800000, 0x000000070c800000| Untracked 
|  72|0x000000070ca00000, 0x000000070ca00000, 0x000000070cc00000|  0%| F|  |TAMS 0x000000070ca00000, 0x000000070ca00000| Untracked 
|  73|0x000000070cc00000, 0x000000070cc00000, 0x000000070ce00000|  0%| F|  |TAMS 0x000000070cc00000, 0x000000070cc00000| Untracked 
|  74|0x000000070ce00000, 0x000000070ce00000, 0x000000070d000000|  0%| F|  |TAMS 0x000000070ce00000, 0x000000070ce00000| Untracked 
|  75|0x000000070d000000, 0x000000070d000000, 0x000000070d200000|  0%| F|  |TAMS 0x000000070d000000, 0x000000070d000000| Untracked 
|  76|0x000000070d200000, 0x000000070d200000, 0x000000070d400000|  0%| F|  |TAMS 0x000000070d200000, 0x000000070d200000| Untracked 
|  77|0x000000070d400000, 0x000000070d400000, 0x000000070d600000|  0%| F|  |TAMS 0x000000070d400000, 0x000000070d400000| Untracked 
|  78|0x000000070d600000, 0x000000070d600000, 0x000000070d800000|  0%| F|  |TAMS 0x000000070d600000, 0x000000070d600000| Untracked 
|  79|0x000000070d800000, 0x000000070d800000, 0x000000070da00000|  0%| F|  |TAMS 0x000000070d800000, 0x000000070d800000| Untracked 
|  80|0x000000070da00000, 0x000000070da00000, 0x000000070dc00000|  0%| F|  |TAMS 0x000000070da00000, 0x000000070da00000| Untracked 
|  81|0x000000070dc00000, 0x000000070dc00000, 0x000000070de00000|  0%| F|  |TAMS 0x000000070dc00000, 0x000000070dc00000| Untracked 
|  82|0x000000070de00000, 0x000000070de00000, 0x000000070e000000|  0%| F|  |TAMS 0x000000070de00000, 0x000000070de00000| Untracked 
|  83|0x000000070e000000, 0x000000070e000000, 0x000000070e200000|  0%| F|  |TAMS 0x000000070e000000, 0x000000070e000000| Untracked 
|  84|0x000000070e200000, 0x000000070e200000, 0x000000070e400000|  0%| F|  |TAMS 0x000000070e200000, 0x000000070e200000| Untracked 
|  85|0x000000070e400000, 0x000000070e400000, 0x000000070e600000|  0%| F|  |TAMS 0x000000070e400000, 0x000000070e400000| Untracked 
|  86|0x000000070e600000, 0x000000070e600000, 0x000000070e800000|  0%| F|  |TAMS 0x000000070e600000, 0x000000070e600000| Untracked 
|  87|0x000000070e800000, 0x000000070e800000, 0x000000070ea00000|  0%| F|  |TAMS 0x000000070e800000, 0x000000070e800000| Untracked 
|  88|0x000000070ea00000, 0x000000070ea00000, 0x000000070ec00000|  0%| F|  |TAMS 0x000000070ea00000, 0x000000070ea00000| Untracked 
|  89|0x000000070ec00000, 0x000000070ec00000, 0x000000070ee00000|  0%| F|  |TAMS 0x000000070ec00000, 0x000000070ec00000| Untracked 
|  90|0x000000070ee00000, 0x000000070ee00000, 0x000000070f000000|  0%| F|  |TAMS 0x000000070ee00000, 0x000000070ee00000| Untracked 
|  91|0x000000070f000000, 0x000000070f000000, 0x000000070f200000|  0%| F|  |TAMS 0x000000070f000000, 0x000000070f000000| Untracked 
|  92|0x000000070f200000, 0x000000070f200000, 0x000000070f400000|  0%| F|  |TAMS 0x000000070f200000, 0x000000070f200000| Untracked 
|  93|0x000000070f400000, 0x000000070f400000, 0x000000070f600000|  0%| F|  |TAMS 0x000000070f400000, 0x000000070f400000| Untracked 
|  94|0x000000070f600000, 0x000000070f600000, 0x000000070f800000|  0%| F|  |TAMS 0x000000070f600000, 0x000000070f600000| Untracked 
|  95|0x000000070f800000, 0x000000070f800000, 0x000000070fa00000|  0%| F|  |TAMS 0x000000070f800000, 0x000000070f800000| Untracked 
|  96|0x000000070fa00000, 0x000000070fa00000, 0x000000070fc00000|  0%| F|  |TAMS 0x000000070fa00000, 0x000000070fa00000| Untracked 
|  97|0x000000070fc00000, 0x000000070fc00000, 0x000000070fe00000|  0%| F|  |TAMS 0x000000070fc00000, 0x000000070fc00000| Untracked 
|  98|0x000000070fe00000, 0x000000070fe00000, 0x0000000710000000|  0%| F|  |TAMS 0x000000070fe00000, 0x000000070fe00000| Untracked 
|  99|0x0000000710000000, 0x0000000710000000, 0x0000000710200000|  0%| F|  |TAMS 0x0000000710000000, 0x0000000710000000| Untracked 
| 100|0x0000000710200000, 0x0000000710200000, 0x0000000710400000|  0%| F|  |TAMS 0x0000000710200000, 0x0000000710200000| Untracked 
| 101|0x0000000710400000, 0x0000000710400000, 0x0000000710600000|  0%| F|  |TAMS 0x0000000710400000, 0x0000000710400000| Untracked 
| 102|0x0000000710600000, 0x0000000710600000, 0x0000000710800000|  0%| F|  |TAMS 0x0000000710600000, 0x0000000710600000| Untracked 
| 103|0x0000000710800000, 0x0000000710800000, 0x0000000710a00000|  0%| F|  |TAMS 0x0000000710800000, 0x0000000710800000| Untracked 
| 104|0x0000000710a00000, 0x0000000710a00000, 0x0000000710c00000|  0%| F|  |TAMS 0x0000000710a00000, 0x0000000710a00000| Untracked 
| 105|0x0000000710c00000, 0x0000000710c00000, 0x0000000710e00000|  0%| F|  |TAMS 0x0000000710c00000, 0x0000000710c00000| Untracked 
| 106|0x0000000710e00000, 0x0000000710ffa8f0, 0x0000000711000000| 98%| S|CS|TAMS 0x0000000710e00000, 0x0000000710e00000| Complete 
| 107|0x0000000711000000, 0x0000000711200000, 0x0000000711200000|100%| S|CS|TAMS 0x0000000711000000, 0x0000000711000000| Complete 
| 108|0x0000000711200000, 0x0000000711400000, 0x0000000711400000|100%| S|CS|TAMS 0x0000000711200000, 0x0000000711200000| Complete 
| 109|0x0000000711400000, 0x0000000711400000, 0x0000000711600000|  0%| F|  |TAMS 0x0000000711400000, 0x0000000711400000| Untracked 
| 110|0x0000000711600000, 0x0000000711600000, 0x0000000711800000|  0%| F|  |TAMS 0x0000000711600000, 0x0000000711600000| Untracked 
| 111|0x0000000711800000, 0x0000000711800000, 0x0000000711a00000|  0%| F|  |TAMS 0x0000000711800000, 0x0000000711800000| Untracked 
| 112|0x0000000711a00000, 0x0000000711a00000, 0x0000000711c00000|  0%| F|  |TAMS 0x0000000711a00000, 0x0000000711a00000| Untracked 
| 113|0x0000000711c00000, 0x0000000711c00000, 0x0000000711e00000|  0%| F|  |TAMS 0x0000000711c00000, 0x0000000711c00000| Untracked 
| 114|0x0000000711e00000, 0x0000000711e00000, 0x0000000712000000|  0%| F|  |TAMS 0x0000000711e00000, 0x0000000711e00000| Untracked 
| 115|0x0000000712000000, 0x0000000712200000, 0x0000000712200000|100%| E|  |TAMS 0x0000000712000000, 0x0000000712000000| Complete 
| 116|0x0000000712200000, 0x0000000712400000, 0x0000000712400000|100%| E|CS|TAMS 0x0000000712200000, 0x0000000712200000| Complete 
| 117|0x0000000712400000, 0x0000000712600000, 0x0000000712600000|100%| E|CS|TAMS 0x0000000712400000, 0x0000000712400000| Complete 
| 118|0x0000000712600000, 0x0000000712800000, 0x0000000712800000|100%| E|CS|TAMS 0x0000000712600000, 0x0000000712600000| Complete 
| 119|0x0000000712800000, 0x0000000712a00000, 0x0000000712a00000|100%| E|CS|TAMS 0x0000000712800000, 0x0000000712800000| Complete 
| 120|0x0000000712a00000, 0x0000000712c00000, 0x0000000712c00000|100%| E|CS|TAMS 0x0000000712a00000, 0x0000000712a00000| Complete 
| 121|0x0000000712c00000, 0x0000000712e00000, 0x0000000712e00000|100%| E|CS|TAMS 0x0000000712c00000, 0x0000000712c00000| Complete 
| 122|0x0000000712e00000, 0x0000000713000000, 0x0000000713000000|100%| E|  |TAMS 0x0000000712e00000, 0x0000000712e00000| Complete 
| 123|0x0000000713000000, 0x0000000713200000, 0x0000000713200000|100%| E|CS|TAMS 0x0000000713000000, 0x0000000713000000| Complete 
| 124|0x0000000713200000, 0x0000000713400000, 0x0000000713400000|100%| E|CS|TAMS 0x0000000713200000, 0x0000000713200000| Complete 
| 125|0x0000000713400000, 0x0000000713600000, 0x0000000713600000|100%| E|CS|TAMS 0x0000000713400000, 0x0000000713400000| Complete 
| 126|0x0000000713600000, 0x0000000713800000, 0x0000000713800000|100%| E|CS|TAMS 0x0000000713600000, 0x0000000713600000| Complete 

Card table byte_map: [0x0000022a23c60000,0x0000022a24450000] _byte_map_base: 0x0000022a20443000

Marking Bits (Prev, Next): (CMBitMap*) 0x0000022a0aadd9a0, (CMBitMap*) 0x0000022a0aadd9e0
 Prev Bits: [0x0000022a24c40000, 0x0000022a28b58000)
 Next Bits: [0x0000022a28b60000, 0x0000022a2ca78000)

Polling page: 0x0000022a0ab70000

Metaspace:

Usage:
  Non-class:     11.22 MB used.
      Class:    880.06 KB used.
       Both:     12.08 MB used.

Virtual space:
  Non-class space:       16.00 MB reserved,      11.31 MB ( 71%) committed,  2 nodes.
      Class space:        1.00 GB reserved,     960.00 KB ( <1%) committed,  1 nodes.
              Both:        1.02 GB reserved,      12.25 MB (  1%) committed. 

Chunk freelists:
   Non-Class:  3.86 MB
       Class:  2.94 MB
        Both:  6.80 MB

MaxMetaspaceSize: 17179869184.00 GB
CompressedClassSpaceSize: 1.00 GB
 - commit_granule_bytes: 65536.
 - commit_granule_words: 8192.
 - virtual_space_node_default_size: 1048576.
 - enlarge_chunks_in_place: 1.
 - new_chunks_are_fully_committed: 0.
 - uncommit_free_chunks: 1.
 - use_allocation_guard: 0.
 - handle_deallocations: 1.


Internal statistics:

num_allocs_failed_limit: 0.
num_arena_births: 86.
num_arena_deaths: 0.
num_vsnodes_births: 3.
num_vsnodes_deaths: 0.
num_space_committed: 192.
num_space_uncommitted: 0.
num_chunks_returned_to_freelist: 0.
num_chunks_taken_from_freelist: 342.
num_chunk_merges: 0.
num_chunk_splits: 273.
num_chunks_enlarged: 221.
num_purges: 0.

CodeHeap 'non-profiled nmethods': size=120000Kb used=731Kb max_used=731Kb free=119268Kb
 bounds [0x0000022a1b4e0000, 0x0000022a1b750000, 0x0000022a22a10000]
CodeHeap 'profiled nmethods': size=120000Kb used=2886Kb max_used=2886Kb free=117114Kb
 bounds [0x0000022a13fb0000, 0x0000022a14290000, 0x0000022a1b4e0000]
CodeHeap 'non-nmethods': size=5760Kb used=1541Kb max_used=1567Kb free=4218Kb
 bounds [0x0000022a13a10000, 0x0000022a13c80000, 0x0000022a13fb0000]
 total_blobs=2408 nmethods=1483 adapters=838
 compilation: enabled
              stopped_count=0, restarted_count=0
 full_count=0

Compilation events (20 events):
Event: 3.007 Thread 0x0000022a2f574900 1474   !   3       jdk.internal.misc.ScopedMemoryAccess::putInt (25 bytes)
Event: 3.007 Thread 0x0000022a2f574900 nmethod 1474 0x0000022a1427d310 code [0x0000022a1427d500, 0x0000022a1427da98]
Event: 3.007 Thread 0x0000022a2f574900 1475   !   3       jdk.internal.misc.ScopedMemoryAccess::putIntInternal (37 bytes)
Event: 3.008 Thread 0x0000022a2f574900 nmethod 1475 0x0000022a1427dd10 code [0x0000022a1427dee0, 0x0000022a1427e228]
Event: 3.058 Thread 0x0000022a2f573f00 1476       4       processing.opengl.PJOGL::enableVertexAttribArray (11 bytes)
Event: 3.059 Thread 0x0000022a2f573f00 nmethod 1476 0x0000022a1b596190 code [0x0000022a1b596320, 0x0000022a1b596448]
Event: 3.079 Thread 0x0000022a2f574900 1477       1       jogamp.common.util.locks.RecursiveLockImpl01Unfairish$SingleThreadSync::getQSz (5 bytes)
Event: 3.080 Thread 0x0000022a2f574900 nmethod 1477 0x0000022a1b596590 code [0x0000022a1b596720, 0x0000022a1b5967f8]
Event: 3.098 Thread 0x0000022a2f573f00 1478       4       processing.opengl.PJOGL::disableVertexAttribArray (11 bytes)
Event: 3.099 Thread 0x0000022a2f573f00 nmethod 1478 0x0000022a1b596890 code [0x0000022a1b596a20, 0x0000022a1b596b48]
Event: 3.113 Thread 0x0000022a2f574900 1479       3       jogamp.common.util.locks.RecursiveLockImpl01Unfairish$SingleThreadSync::setOwner (6 bytes)
Event: 3.113 Thread 0x0000022a2f574900 nmethod 1479 0x0000022a1427e410 code [0x0000022a1427e5a0, 0x0000022a1427e718]
Event: 3.113 Thread 0x0000022a2f574900 1480   !   3       jogamp.common.util.locks.RecursiveLockImpl01Unfairish::lock (124 bytes)
Event: 3.114 Thread 0x0000022a2f574900 nmethod 1480 0x0000022a1427e790 code [0x0000022a1427eac0, 0x0000022a1427fbf8]
Event: 3.147 Thread 0x0000022a2f574900 1481   !   3       jogamp.common.util.locks.RecursiveLockImpl01Unfairish::unlock (23 bytes)
Event: 3.147 Thread 0x0000022a2f574900 nmethod 1481 0x0000022a14280590 code [0x0000022a14280740, 0x0000022a14280a08]
Event: 3.147 Thread 0x0000022a2f574900 1482   !   3       jogamp.common.util.locks.RecursiveLockImpl01Unfairish::unlock (196 bytes)
Event: 3.147 Thread 0x0000022a2f574900 nmethod 1482 0x0000022a14280b10 code [0x0000022a14280d20, 0x0000022a142814d8]
Event: 3.375 Thread 0x0000022a2f573f00 1483       4       java.lang.CharacterData::of (124 bytes)
Event: 3.375 Thread 0x0000022a2f573f00 nmethod 1483 0x0000022a1b596c90 code [0x0000022a1b596e20, 0x0000022a1b596e98]

GC Heap History (4 events):
Event: 0.733 GC heap before
{Heap before GC invocations=0 (full 0):
 garbage-first heap   total 260096K, used 22528K [0x0000000703a00000, 0x0000000800000000)
  region size 2048K, 11 young (22528K), 0 survivors (0K)
 Metaspace       used 11131K, committed 11264K, reserved 1064960K
  class space    used 803K, committed 832K, reserved 1048576K
}
Event: 0.740 GC heap after
{Heap after GC invocations=1 (full 0):
 garbage-first heap   total 260096K, used 3290K [0x0000000703a00000, 0x0000000800000000)
  region size 2048K, 2 young (4096K), 2 survivors (4096K)
 Metaspace       used 11131K, committed 11264K, reserved 1064960K
  class space    used 803K, committed 832K, reserved 1048576K
}
Event: 1.052 GC heap before
{Heap before GC invocations=1 (full 0):
 garbage-first heap   total 260096K, used 40154K [0x0000000703a00000, 0x0000000800000000)
  region size 2048K, 18 young (36864K), 2 survivors (4096K)
 Metaspace       used 11842K, committed 12032K, reserved 1064960K
  class space    used 867K, committed 960K, reserved 1048576K
}
Event: 1.055 GC heap after
{Heap after GC invocations=2 (full 0):
 garbage-first heap   total 260096K, used 15569K [0x0000000703a00000, 0x0000000800000000)
  region size 2048K, 3 young (6144K), 3 survivors (6144K)
 Metaspace       used 11842K, committed 12032K, reserved 1064960K
  class space    used 867K, committed 960K, reserved 1048576K
}

Deoptimization events (20 events):
Event: 1.365 Thread 0x0000022a303fa260 Uncommon trap: trap_request=0xffffff45 fr.pc=0x0000022a1b542cec relative=0x00000000000000cc
Event: 1.365 Thread 0x0000022a303fa260 Uncommon trap: reason=unstable_if action=reinterpret pc=0x0000022a1b542cec method=java.util.HashMap$HashIterator.<init>(Ljava/util/HashMap;)V @ 38 c2
Event: 1.365 Thread 0x0000022a303fa260 DEOPT PACKING pc=0x0000022a1b542cec sp=0x0000007ac52febf0
Event: 1.365 Thread 0x0000022a303fa260 DEOPT UNPACKING pc=0x0000022a13a5f92e sp=0x0000007ac52feac0 mode 2
Event: 1.385 Thread 0x0000022a30b3a3c0 DEOPT PACKING pc=0x0000022a1420c020 sp=0x0000007ac64fe800
Event: 1.385 Thread 0x0000022a30b3a3c0 DEOPT UNPACKING pc=0x0000022a13a5e77e sp=0x0000007ac64fdd88 mode 0
Event: 1.388 Thread 0x0000022a30b3a3c0 Uncommon trap: trap_request=0xffffff45 fr.pc=0x0000022a1b576174 relative=0x00000000000018b4
Event: 1.388 Thread 0x0000022a30b3a3c0 Uncommon trap: reason=unstable_if action=reinterpret pc=0x0000022a1b576174 method=energywaves.Mesh.draw(Lprocessing/core/PApplet;)V @ 333 c2
Event: 1.388 Thread 0x0000022a30b3a3c0 DEOPT PACKING pc=0x0000022a1b576174 sp=0x0000007ac64fe8b0
Event: 1.388 Thread 0x0000022a30b3a3c0 DEOPT UNPACKING pc=0x0000022a13a5f92e sp=0x0000007ac64fe898 mode 2
Event: 1.431 Thread 0x0000022a30b3a3c0 DEOPT PACKING pc=0x0000022a1420c30f sp=0x0000007ac64fe800
Event: 1.431 Thread 0x0000022a30b3a3c0 DEOPT UNPACKING pc=0x0000022a13a5e77e sp=0x0000007ac64fdd88 mode 0
Event: 1.468 Thread 0x0000022a30b3a3c0 DEOPT PACKING pc=0x0000022a1420c30f sp=0x0000007ac64fe800
Event: 1.468 Thread 0x0000022a30b3a3c0 DEOPT UNPACKING pc=0x0000022a13a5e77e sp=0x0000007ac64fdd88 mode 0
Event: 1.509 Thread 0x0000022a30b3a3c0 DEOPT PACKING pc=0x0000022a1420c30f sp=0x0000007ac64fe800
Event: 1.509 Thread 0x0000022a30b3a3c0 DEOPT UNPACKING pc=0x0000022a13a5e77e sp=0x0000007ac64fdd88 mode 0
Event: 3.370 Thread 0x0000022a30a73030 Uncommon trap: trap_request=0xffffff45 fr.pc=0x0000022a1b543220 relative=0x0000000000000200
Event: 3.370 Thread 0x0000022a30a73030 Uncommon trap: reason=unstable_if action=reinterpret pc=0x0000022a1b543220 method=java.util.HashMap$HashIterator.<init>(Ljava/util/HashMap;)V @ 38 c2
Event: 3.370 Thread 0x0000022a30a73030 DEOPT PACKING pc=0x0000022a1b543220 sp=0x0000007ac56fed10
Event: 3.370 Thread 0x0000022a30a73030 DEOPT UNPACKING pc=0x0000022a13a5f92e sp=0x0000007ac56fecb8 mode 2

Classes unloaded (0 events):
No events

Classes redefined (0 events):
No events

Internal exceptions (20 events):
Event: 1.281 Thread 0x0000022a30b3a3c0 Exception <a 'java/lang/ArrayIndexOutOfBoundsException'{0x000000071254ec10}> (0x000000071254ec10) 
thrown [t:\workspace\open\src\hotspot\share\runtime\sharedRuntime.cpp, line 624]
Event: 1.281 Thread 0x0000022a30b3a3c0 Exception <a 'java/lang/ArrayIndexOutOfBoundsException'{0x000000071254ef58}> (0x000000071254ef58) 
thrown [t:\workspace\open\src\hotspot\share\runtime\sharedRuntime.cpp, line 624]
Event: 1.281 Thread 0x0000022a30b3a3c0 Exception <a 'java/lang/ArrayIndexOutOfBoundsException'{0x000000071254f2a0}> (0x000000071254f2a0) 
thrown [t:\workspace\open\src\hotspot\share\runtime\sharedRuntime.cpp, line 624]
Event: 1.281 Thread 0x0000022a30b3a3c0 Exception <a 'java/lang/ArrayIndexOutOfBoundsException'{0x000000071254f5e8}> (0x000000071254f5e8) 
thrown [t:\workspace\open\src\hotspot\share\runtime\sharedRuntime.cpp, line 624]
Event: 1.281 Thread 0x0000022a30b3a3c0 Exception <a 'java/lang/ArrayIndexOutOfBoundsException'{0x000000071254f930}> (0x000000071254f930) 
thrown [t:\workspace\open\src\hotspot\share\runtime\sharedRuntime.cpp, line 624]
Event: 1.281 Thread 0x0000022a30b3a3c0 Exception <a 'java/lang/ArrayIndexOutOfBoundsException'{0x000000071254fc78}> (0x000000071254fc78) 
thrown [t:\workspace\open\src\hotspot\share\runtime\sharedRuntime.cpp, line 624]
Event: 1.281 Thread 0x0000022a30b3a3c0 Exception <a 'java/lang/ArrayIndexOutOfBoundsException'{0x000000071254ffc0}> (0x000000071254ffc0) 
thrown [t:\workspace\open\src\hotspot\share\runtime\sharedRuntime.cpp, line 624]
Event: 1.281 Thread 0x0000022a30b3a3c0 Exception <a 'java/lang/ArrayIndexOutOfBoundsException'{0x0000000712550308}> (0x0000000712550308) 
thrown [t:\workspace\open\src\hotspot\share\runtime\sharedRuntime.cpp, line 624]
Event: 1.281 Thread 0x0000022a30b3a3c0 Exception <a 'java/lang/ArrayIndexOutOfBoundsException'{0x0000000712550650}> (0x0000000712550650) 
thrown [t:\workspace\open\src\hotspot\share\runtime\sharedRuntime.cpp, line 624]
Event: 1.281 Thread 0x0000022a30b3a3c0 Exception <a 'java/lang/ArrayIndexOutOfBoundsException'{0x0000000712550998}> (0x0000000712550998) 
thrown [t:\workspace\open\src\hotspot\share\runtime\sharedRuntime.cpp, line 624]
Event: 1.281 Thread 0x0000022a30b3a3c0 Exception <a 'java/lang/ArrayIndexOutOfBoundsException'{0x0000000712550ce0}> (0x0000000712550ce0) 
thrown [t:\workspace\open\src\hotspot\share\runtime\sharedRuntime.cpp, line 624]
Event: 1.281 Thread 0x0000022a30b3a3c0 Exception <a 'java/lang/ArrayIndexOutOfBoundsException'{0x0000000712551028}> (0x0000000712551028) 
thrown [t:\workspace\open\src\hotspot\share\runtime\sharedRuntime.cpp, line 624]
Event: 1.281 Thread 0x0000022a30b3a3c0 Exception <a 'java/lang/ArrayIndexOutOfBoundsException'{0x0000000712551370}> (0x0000000712551370) 
thrown [t:\workspace\open\src\hotspot\share\runtime\sharedRuntime.cpp, line 624]
Event: 1.281 Thread 0x0000022a30b3a3c0 Exception <a 'java/lang/ArrayIndexOutOfBoundsException'{0x00000007125516b8}> (0x00000007125516b8) 
thrown [t:\workspace\open\src\hotspot\share\runtime\sharedRuntime.cpp, line 624]
Event: 1.281 Thread 0x0000022a30b3a3c0 Exception <a 'java/lang/ArrayIndexOutOfBoundsException'{0x0000000712551a00}> (0x0000000712551a00) 
thrown [t:\workspace\open\src\hotspot\share\runtime\sharedRuntime.cpp, line 624]
Event: 1.281 Thread 0x0000022a30b3a3c0 Exception <a 'java/lang/ArrayIndexOutOfBoundsException'{0x0000000712551d48}> (0x0000000712551d48) 
thrown [t:\workspace\open\src\hotspot\share\runtime\sharedRuntime.cpp, line 624]
Event: 1.281 Thread 0x0000022a30b3a3c0 Exception <a 'java/lang/ArrayIndexOutOfBoundsException'{0x0000000712552090}> (0x0000000712552090) 
thrown [t:\workspace\open\src\hotspot\share\runtime\sharedRuntime.cpp, line 624]
Event: 1.281 Thread 0x0000022a30b3a3c0 Exception <a 'java/lang/ArrayIndexOutOfBoundsException'{0x00000007125523d8}> (0x00000007125523d8) 
thrown [t:\workspace\open\src\hotspot\share\runtime\sharedRuntime.cpp, line 624]
Event: 1.281 Thread 0x0000022a30b3a3c0 Exception <a 'java/lang/ArrayIndexOutOfBoundsException'{0x0000000712552720}> (0x0000000712552720) 
thrown [t:\workspace\open\src\hotspot\share\runtime\sharedRuntime.cpp, line 624]
Event: 3.348 Thread 0x0000022a30b3ae60 Exception <a 'java/lang/InterruptedException'{0x0000000712000000}> (0x0000000712000000) 
thrown [t:\workspace\open\src\hotspot\share\runtime\objectMonitor.cpp, line 1705]

Events (20 events):
Event: 1.507 Thread 0x0000022a32195010 Thread exited: 0x0000022a32195010
Event: 1.640 Thread 0x0000022a3216f440 Thread exited: 0x0000022a3216f440
Event: 2.119 Executing  VM operation: Cleanup
Event: 2.119 Executing  VM operation: Cleanup done
Event: 3.119 Executing  VM operation: Cleanup
Event: 3.120 Executing  VM operation: Cleanup done
Event: 3.348 Thread 0x0000022a30b3b3b0 Thread added: 0x0000022a30b3b3b0
Event: 3.348 Thread 0x0000022a3e9b6080 Thread added: 0x0000022a3e9b6080
Event: 3.348 Thread 0x0000022a3e9b30b0 Thread added: 0x0000022a3e9b30b0
Event: 3.348 Thread 0x0000022a30b3ae60 Thread exited: 0x0000022a30b3ae60
Event: 3.349 Thread 0x0000022a3e9b40a0 Thread added: 0x0000022a3e9b40a0
Event: 3.349 loading class java/nio/channels/ClosedChannelException
Event: 3.349 loading class java/nio/channels/ClosedChannelException done
Event: 3.349 Thread 0x0000022a307f98b0 Thread exited: 0x0000022a307f98b0
Event: 3.349 Thread 0x0000022a30b3b3b0 Thread exited: 0x0000022a30b3b3b0
Event: 3.352 Thread 0x0000022a303fc790 Thread exited: 0x0000022a303fc790
Event: 3.373 Thread 0x0000022a30a73030 Thread exited: 0x0000022a30a73030
Event: 3.376 Thread 0x0000022a3e9b30b0 Thread exited: 0x0000022a3e9b30b0
Event: 3.451 Thread 0x0000022a3e9b6080 Thread exited: 0x0000022a3e9b6080
Event: 3.451 Executing  VM operation: Exit


Dynamic libraries:
0x00007ff745bd0000 - 0x00007ff745be0000 	C:\Program Files\Java\jdk-16.0.2\bin\javaw.exe
0x00007ffcfc5b0000 - 0x00007ffcfc7a5000 	C:\windows\SYSTEM32\ntdll.dll
0x00007ffcfc490000 - 0x00007ffcfc54e000 	C:\windows\System32\KERNEL32.DLL
0x00007ffcf9df0000 - 0x00007ffcfa0b8000 	C:\windows\System32\KERNELBASE.dll
0x00007ffcf9cf0000 - 0x00007ffcf9df0000 	C:\windows\System32\ucrtbase.dll
0x00007ffcc2640000 - 0x00007ffcc2659000 	C:\Program Files\Java\jdk-16.0.2\bin\VCRUNTIME140.dll
0x00007ffcdfde0000 - 0x00007ffcdfdf8000 	C:\Program Files\Java\jdk-16.0.2\bin\jli.dll
0x00007ffcfaff0000 - 0x00007ffcfb09c000 	C:\windows\System32\ADVAPI32.dll
0x00007ffcfc370000 - 0x00007ffcfc40e000 	C:\windows\System32\msvcrt.dll
0x00007ffcfc0b0000 - 0x00007ffcfc14b000 	C:\windows\System32\sechost.dll
0x00007ffcfaec0000 - 0x00007ffcfafea000 	C:\windows\System32\RPCRT4.dll
0x00007ffcfb700000 - 0x00007ffcfb8a1000 	C:\windows\System32\USER32.dll
0x00007ffcfa170000 - 0x00007ffcfa192000 	C:\windows\System32\win32u.dll
0x00007ffcfbed0000 - 0x00007ffcfbefb000 	C:\windows\System32\GDI32.dll
0x00007ffcda9c0000 - 0x00007ffcdac5a000 	C:\windows\WinSxS\amd64_microsoft.windows.common-controls_6595b64144ccf1df_6.0.19041.1110_none_60b5254171f9507e\COMCTL32.dll
0x00007ffcfa290000 - 0x00007ffcfa39d000 	C:\windows\System32\gdi32full.dll
0x00007ffcfa1a0000 - 0x00007ffcfa23d000 	C:\windows\System32\msvcp_win.dll
0x00007ffcef800000 - 0x00007ffcef80a000 	C:\windows\SYSTEM32\VERSION.dll
0x00007ffcfb100000 - 0x00007ffcfb130000 	C:\windows\System32\IMM32.DLL
0x00007ffcf3890000 - 0x00007ffcf389c000 	C:\Program Files\Java\jdk-16.0.2\bin\vcruntime140_1.dll
0x00007ffc8a2f0000 - 0x00007ffc8a381000 	C:\Program Files\Java\jdk-16.0.2\bin\msvcp140.dll
0x00007ffc7f3e0000 - 0x00007ffc7ff8b000 	C:\Program Files\Java\jdk-16.0.2\bin\server\jvm.dll
0x00007ffcfb130000 - 0x00007ffcfb138000 	C:\windows\System32\PSAPI.DLL
0x00007ffcec570000 - 0x00007ffcec579000 	C:\windows\SYSTEM32\WSOCK32.dll
0x00007ffcdac60000 - 0x00007ffcdac87000 	C:\windows\SYSTEM32\WINMM.dll
0x00007ffcfb5b0000 - 0x00007ffcfb61b000 	C:\windows\System32\WS2_32.dll
0x00007ffcf8570000 - 0x00007ffcf8582000 	C:\windows\SYSTEM32\kernel.appcore.dll
0x00007ffce7270000 - 0x00007ffce727a000 	C:\Program Files\Java\jdk-16.0.2\bin\jimage.dll
0x00007ffcf8240000 - 0x00007ffcf8424000 	C:\windows\SYSTEM32\DBGHELP.DLL
0x00007ffce76f0000 - 0x00007ffce771c000 	C:\windows\SYSTEM32\dbgcore.DLL
0x00007ffcfa500000 - 0x00007ffcfa582000 	C:\windows\System32\bcryptPrimitives.dll
0x00007ffcb3d10000 - 0x00007ffcb3d35000 	C:\Program Files\Java\jdk-16.0.2\bin\java.dll
0x00007ffcfa770000 - 0x00007ffcfaeb4000 	C:\windows\System32\SHELL32.dll
0x00007ffcf79d0000 - 0x00007ffcf8164000 	C:\windows\SYSTEM32\windows.storage.dll
0x00007ffcfb250000 - 0x00007ffcfb5a5000 	C:\windows\System32\combase.dll
0x00007ffcf9710000 - 0x00007ffcf973e000 	C:\windows\SYSTEM32\Wldp.dll
0x00007ffcfc1e0000 - 0x00007ffcfc28d000 	C:\windows\System32\SHCORE.dll
0x00007ffcfb0a0000 - 0x00007ffcfb0f5000 	C:\windows\System32\shlwapi.dll
0x00007ffcf9c00000 - 0x00007ffcf9c1f000 	C:\windows\SYSTEM32\profapi.dll
0x00007ffcc1980000 - 0x00007ffcc1999000 	C:\Program Files\Java\jdk-16.0.2\bin\net.dll
0x00007ffcf4a20000 - 0x00007ffcf4b2c000 	C:\windows\SYSTEM32\WINHTTP.dll
0x00007ffcf9470000 - 0x00007ffcf94da000 	C:\windows\system32\mswsock.dll
0x00007ffcb6aa0000 - 0x00007ffcb6ab3000 	C:\Program Files\Java\jdk-16.0.2\bin\nio.dll
0x00007ffcb55b0000 - 0x00007ffcb55c8000 	C:\Program Files\Java\jdk-16.0.2\bin\zip.dll
0x00007ffce5f60000 - 0x00007ffce5f70000 	C:\Program Files\Java\jdk-16.0.2\bin\verify.dll
0x00007ffcdc820000 - 0x00007ffcdc9a0000 	C:\Program Files\Java\jdk-16.0.2\bin\awt.dll
0x00007ffcfb620000 - 0x00007ffcfb6ed000 	C:\windows\System32\OLEAUT32.dll
0x00007ffcf7190000 - 0x00007ffcf7220000 	C:\windows\SYSTEM32\apphelp.dll
0x00007ffcf72f0000 - 0x00007ffcf738e000 	C:\windows\system32\uxtheme.dll
0x00007ffcfa5f0000 - 0x00007ffcfa705000 	C:\windows\System32\MSCTF.dll
0x00007ffcfb8b0000 - 0x00007ffcfb9da000 	C:\windows\System32\ole32.dll
0x00007ffcf74e0000 - 0x00007ffcf750f000 	C:\windows\system32\DWMAPI.DLL
0x00007ffcc8b20000 - 0x00007ffcc8c45000 	C:\windows\system32\opengl32.dll
0x00007ffce1670000 - 0x00007ffce169c000 	C:\windows\SYSTEM32\GLU32.dll
0x00007ffcf9660000 - 0x00007ffcf9678000 	C:\windows\SYSTEM32\CRYPTSP.dll
0x00007ffcf8d80000 - 0x00007ffcf8db4000 	C:\windows\system32\rsaenh.dll
0x00007ffcf9cc0000 - 0x00007ffcf9ce7000 	C:\windows\System32\bcrypt.dll
0x00007ffcf9b80000 - 0x00007ffcf9bae000 	C:\windows\SYSTEM32\USERENV.dll
0x00007ffcf9680000 - 0x00007ffcf968c000 	C:\windows\SYSTEM32\CRYPTBASE.dll
0x00007ffcf9110000 - 0x00007ffcf914b000 	C:\windows\SYSTEM32\IPHLPAPI.DLL
0x00007ffcfbec0000 - 0x00007ffcfbec8000 	C:\windows\System32\NSI.dll
0x00007ffcef4b0000 - 0x00007ffcef4c7000 	C:\windows\SYSTEM32\dhcpcsvc6.DLL
0x00007ffcef930000 - 0x00007ffcef94d000 	C:\windows\SYSTEM32\dhcpcsvc.DLL
0x00007ffcf9150000 - 0x00007ffcf921b000 	C:\windows\SYSTEM32\DNSAPI.dll
0x00000000637c0000 - 0x00000000637cd000 	C:\Users\sethr\AppData\Local\Temp\jogamp_0000\file_cache\jln2853857206825063077\jln9526071179717851304\natives\windows-amd64\gluegen-rt.dll
0x00007ffcf3f20000 - 0x00007ffcf3f27000 	C:\Program Files\Java\jdk-16.0.2\bin\jawt.dll
0x000000006a440000 - 0x000000006a44d000 	C:\Users\sethr\AppData\Local\Temp\jogamp_0000\file_cache\jln2853857206825063077\jln9526071179717851304\natives\windows-amd64\nativewindow_awt.dll
0x000000006c100000 - 0x000000006c10f000 	C:\Users\sethr\AppData\Local\Temp\jogamp_0000\file_cache\jln2853857206825063077\jln9526071179717851304\natives\windows-amd64\nativewindow_win32.dll
0x000000006cbc0000 - 0x000000006cbd3000 	C:\Users\sethr\AppData\Local\Temp\jogamp_0000\file_cache\jln2853857206825063077\jln9526071179717851304\natives\windows-amd64\newt.dll
0x00007ffcf4300000 - 0x00007ffcf43ae000 	C:\windows\SYSTEM32\mscms.dll
0x00007ffcf42c0000 - 0x00007ffcf42d1000 	C:\windows\SYSTEM32\ColorAdapterClient.dll
0x00007ffcb5910000 - 0x00007ffcb5953000 	C:\windows\SYSTEM32\icm32.dll
0x00007ffcfb9e0000 - 0x00007ffcfbe52000 	C:\windows\System32\setupapi.dll
0x00007ffcfa240000 - 0x00007ffcfa28e000 	C:\windows\System32\cfgmgr32.dll
0x00007ffcf9a60000 - 0x00007ffcf9a94000 	C:\windows\SYSTEM32\DEVOBJ.dll
0x00007ffcfa590000 - 0x00007ffcfa5f0000 	C:\windows\System32\WINTRUST.dll
0x00007ffcfa3a0000 - 0x00007ffcfa4f6000 	C:\windows\System32\CRYPT32.dll
0x00007ffcf98a0000 - 0x00007ffcf98b2000 	C:\windows\SYSTEM32\MSASN1.dll
0x0000000064500000 - 0x00000000645b1000 	C:\Users\sethr\AppData\Local\Temp\jogamp_0000\file_cache\jln2853857206825063077\jln9526071179717851304\natives\windows-amd64\jogl_desktop.dll
0x0000000064340000 - 0x00000000643a2000 	C:\Users\sethr\AppData\Local\Temp\jogamp_0000\file_cache\jln2853857206825063077\jln9526071179717851304\natives\windows-amd64\jogl_mobile.dll
0x00007ffcfb1a0000 - 0x00007ffcfb249000 	C:\windows\System32\clbcatq.dll
0x00007ffc68f80000 - 0x00007ffc69f80000 	C:\windows\System32\DriverStore\FileRepository\iigd_dch.inf_amd64_14d6d9e2312c79ae\igxelpicd64.dll
0x00007ffcf86d0000 - 0x00007ffcf87c4000 	C:\windows\system32\dxgi.dll
0x00007ffc7ee20000 - 0x00007ffc7f284000 	C:\windows\System32\DriverStore\FileRepository\iigd_dch.inf_amd64_14d6d9e2312c79ae\igdml64.dll
0x00007ffcccd00000 - 0x00007ffccd0bd000 	C:\windows\System32\DriverStore\FileRepository\iigd_dch.inf_amd64_14d6d9e2312c79ae\igdgmm64.dll
0x00007ffcc9ac0000 - 0x00007ffccccf8000 	C:\windows\System32\DriverStore\FileRepository\iigd_dch.inf_amd64_14d6d9e2312c79ae\igc64.dll
0x00007ffcf9280000 - 0x00007ffcf92cb000 	C:\windows\SYSTEM32\powrprof.dll
0x00007ffcf90f0000 - 0x00007ffcf9102000 	C:\windows\SYSTEM32\UMPDC.dll
0x00007ffcd1810000 - 0x00007ffcd1909000 	C:\windows\SYSTEM32\textinputframework.dll
0x00007ffcf69f0000 - 0x00007ffcf6d4e000 	C:\windows\System32\CoreUIComponents.dll
0x00007ffcf6d50000 - 0x00007ffcf6e42000 	C:\windows\System32\CoreMessaging.dll
0x00007ffcf8b30000 - 0x00007ffcf8b63000 	C:\windows\SYSTEM32\ntmarta.dll
0x00007ffcf61d0000 - 0x00007ffcf6324000 	C:\windows\SYSTEM32\wintypes.dll
0x00007ffcf3a80000 - 0x00007ffcf3ae6000 	C:\windows\system32\Oleacc.dll

dbghelp: loaded successfully - version: 4.0.5 - missing functions: none
symbol engine: initialized successfully - sym options: 0x614 - pdb path: .;C:\Program Files\Java\jdk-16.0.2\bin;C:\windows\SYSTEM32;C:\windows\WinSxS\amd64_microsoft.windows.common-controls_6595b64144ccf1df_6.0.19041.1110_none_60b5254171f9507e;C:\Program Files\Java\jdk-16.0.2\bin\server;C:\Users\sethr\AppData\Local\Temp\jogamp_0000\file_cache\jln2853857206825063077\jln9526071179717851304\natives\windows-amd64;C:\windows\System32\DriverStore\FileRepository\iigd_dch.inf_amd64_14d6d9e2312c79ae

VM Arguments:
jvm_args: -Dfile.encoding=Cp1252 -XX:+ShowCodeDetailsInExceptionMessages 
java_command: energywaves.Main
java_class_path (initial): C:\Users\sethr\eclipse-workspace\energywaves\target\classes;C:\Users\sethr\.m2\repository\org\processing\core\3.3.6\core-3.3.6.jar;C:\Users\sethr\.m2\repository\org\jogamp\gluegen\gluegen-rt-main\2.3.2\gluegen-rt-main-2.3.2.jar;C:\Users\sethr\.m2\repository\org\jogamp\gluegen\gluegen-rt\2.3.2\gluegen-rt-2.3.2.jar;C:\Users\sethr\.m2\repository\org\jogamp\gluegen\gluegen-rt\2.3.2\gluegen-rt-2.3.2-natives-android-aarch64.jar;C:\Users\sethr\.m2\repository\org\jogamp\gluegen\gluegen-rt\2.3.2\gluegen-rt-2.3.2-natives-android-armv6.jar;C:\Users\sethr\.m2\repository\org\jogamp\gluegen\gluegen-rt\2.3.2\gluegen-rt-2.3.2-natives-linux-amd64.jar;C:\Users\sethr\.m2\repository\org\jogamp\gluegen\gluegen-rt\2.3.2\gluegen-rt-2.3.2-natives-linux-armv6.jar;C:\Users\sethr\.m2\repository\org\jogamp\gluegen\gluegen-rt\2.3.2\gluegen-rt-2.3.2-natives-linux-armv6hf.jar;C:\Users\sethr\.m2\repository\org\jogamp\gluegen\gluegen-rt\2.3.2\gluegen-rt-2.3.2-natives-linux-i586.jar;C:\Users\sethr\.m2\repository\org\jogamp\gluegen\gluegen-rt\2.3.2\gluegen-rt-2.3.2-natives-macosx-universal.jar;C:\Users\sethr\.m2\repository\org\jogamp\gluegen\gluegen-rt\2.3.2\gluegen-rt-2.3.2-natives-solaris-amd64.jar;C:\Users\sethr\.m2\repository\org\jogamp\gluegen\gluegen-rt\2.3.2\gluegen-rt-2.3.2-natives-solaris-i586.jar;C:\Users\sethr\.m2\repository\org\jogamp\gluegen\gluegen-rt\2.3.2\gluegen-rt-2.3.2-natives-windows-amd64.jar;C:\Users\sethr\.m2\repository\org\jogamp\gluegen\gluegen-rt\2.3.2\gluegen-rt-2.3.2-natives-windows-i586.jar;C:\Users\sethr\.m2\repository\org\jogamp\jogl\jogl-all-main\2.3.2\jogl-all-main-2.3.2.jar;C:\Users\sethr\.m2\repository\org\jogamp\jogl\jogl-all\2.3.2\jogl-all-2.3.2.jar;C:\Users\sethr\.m2\repository\org\jogamp\jogl\jogl-all\2.3.2\jogl-all-2.3.2-natives-android-aarch64.jar;C:\Users\sethr\.m2\repository\org\jogamp\jogl\jogl-all\2.3.2\jogl-all-2.3.2-natives-android-armv6.jar;C:\Users\sethr\.m2\repository\org\jogamp\jogl\jogl-all\2.3.2\jogl-all-2.3.2-natives-l
Launcher Type: SUN_STANDARD

[Global flags]
     intx CICompilerCount                          = 4                                         {product} {ergonomic}
     uint ConcGCThreads                            = 2                                         {product} {ergonomic}
     uint G1ConcRefinementThreads                  = 8                                         {product} {ergonomic}
   size_t G1HeapRegionSize                         = 2097152                                   {product} {ergonomic}
    uintx GCDrainStackTargetSize                   = 64                                        {product} {ergonomic}
   size_t InitialHeapSize                          = 266338304                                 {product} {ergonomic}
   size_t MarkStackSize                            = 4194304                                   {product} {ergonomic}
   size_t MaxHeapSize                              = 4234149888                                {product} {ergonomic}
   size_t MaxNewSize                               = 2539651072                                {product} {ergonomic}
   size_t MinHeapDeltaBytes                        = 2097152                                   {product} {ergonomic}
   size_t MinHeapSize                              = 8388608                                   {product} {ergonomic}
    uintx NonNMethodCodeHeapSize                   = 5839372                                {pd product} {ergonomic}
    uintx NonProfiledCodeHeapSize                  = 122909434                              {pd product} {ergonomic}
    uintx ProfiledCodeHeapSize                     = 122909434                              {pd product} {ergonomic}
    uintx ReservedCodeCacheSize                    = 251658240                              {pd product} {ergonomic}
     bool SegmentedCodeCache                       = true                                      {product} {ergonomic}
     bool ShowCodeDetailsInExceptionMessages       = true                                   {manageable} {command line}
   size_t SoftMaxHeapSize                          = 4234149888                             {manageable} {ergonomic}
     bool UseCompressedClassPointers               = true                           {product lp64_product} {ergonomic}
     bool UseCompressedOops                        = true                           {product lp64_product} {ergonomic}
     bool UseG1GC                                  = true                                      {product} {ergonomic}
     bool UseLargePagesIndividualAllocation        = false                                  {pd product} {ergonomic}

Logging:
Log output configuration:
 #0: stdout all=off uptime,level,tags
 #1: stderr all=off uptime,level,tags

Environment Variables:
PATH=C:\Program Files\Oculus\Support\oculus-runtime;C:\Program Files\Common Files\Oracle\Java\javapath;C:\windows\system32;C:\windows;C:\windows\System32\Wbem;C:\windows\System32\WindowsPowerShell\v1.0\;C:\windows\System32\OpenSSH\;C:\MinGW\mingw32\bin;C:\ProgramData\chocolatey\bin;C:\ProgramData\chocolatey\bin\make.exe;C:\Program Files\Git\cmd;C:\Program Files\nodejs\;C:\Users\sethr\AppData\Local\Programs\Python\Python39\Scripts\;C:\Users\sethr\AppData\Local\Programs\Python\Python39\;C:\Users\sethr\AppData\Local\Microsoft\WindowsApps;C:\Users\sethr\AppData\Local\Programs\Microsoft VS Code\bin;C:\Users\sethr\AppData\Local\GitHubDesktop\bin;C:\Users\sethr\AppData\Roaming\npm
USERNAME=sethr
OS=Windows_NT
PROCESSOR_IDENTIFIER=Intel64 Family 6 Model 140 Stepping 1, GenuineIntel



---------------  S Y S T E M  ---------------

OS:
 Windows 10 , 64 bit Build 19041 (10.0.19041.1348)
OS uptime: 0 days 15:36 hours

CPU: total 8 (initial active 8) (4 cores per cpu, 2 threads per core) family 6 model 140 stepping 1 microcode 0x86, cx8, cmov, fxsr, ht, mmx, 3dnowpref, sse, sse2, sse3, ssse3, sse4.1, sse4.2, popcnt, lzcnt, tsc, tscinvbit, avx, avx2, aes, erms, clmul, bmi1, bmi2, adx, avx512f, avx512dq, avx512cd, avx512bw, avx512vl, sha, fma, vzeroupper, avx512_vpopcntdq, avx512_vpclmulqdq, avx512_vaes, avx512_vnni, clflush, clflushopt, clwb, avx512_vmbi2, avx512_vmbi

Memory: 4k page, system-wide physical 16149M (8783M free)
TotalPageFile size 22549M (AvailPageFile size 13126M)
current process WorkingSet (physical memory assigned to process): 392M, peak: 393M
current process commit charge ("private bytes"): 574M, peak: 575M

vm_info: Java HotSpot(TM) 64-Bit Server VM (16.0.2+7-67) for windows-amd64 JRE (16.0.2+7-67), built on Jun  8 2021 23:24:19 by "mach5one" with MS VC++ 16.7 (VS2019)

END.
