#
# A fatal error has been detected by the Java Runtime Environment:
#
#  EXCEPTION_ACCESS_VIOLATION (0xc0000005) at pc=0x00007ffef6322c4c, pid=30244, tid=40108
#
# JRE version: Java(TM) SE Runtime Environment (16.0.2+7) (build 16.0.2+7-67)
# Java VM: Java HotSpot(TM) 64-Bit Server VM (16.0.2+7-67, mixed mode, sharing, tiered, compressed oops, compressed class ptrs, g1 gc, windows-amd64)
# Problematic frame:
# C  [igxelpicd64.dll+0x282c4c]
#
# No core dump will be written. Minidumps are not enabled by default on client versions of Windows
#
# If you would like to submit a bug report, please visit:
#   https://bugreport.java.com/bugreport/crash.jsp
#

---------------  S U M M A R Y ------------

Command Line: -Dfile.encoding=Cp1252 -XX:+ShowCodeDetailsInExceptionMessages energywaves.Main

Host: 11th Gen Intel(R) Core(TM) i7-1165G7 @ 2.80GHz, 8 cores, 15G,  Windows 10 , 64 bit Build 19041 (10.0.19041.1348)
Time: Wed Dec 15 22:50:38 2021 Eastern Standard Time elapsed time: 3.157498 seconds (0d 0h 0m 3s)

---------------  T H R E A D  ---------------

Current thread (0x00000242fec07ad0):  VMThread "VM Thread" [stack: 0x000000622d900000,0x000000622da00000] [id=40108]

Stack: [0x000000622d900000,0x000000622da00000],  sp=0x000000622d9fe260,  free space=1016k
Native frames: (J=compiled Java code, j=interpreted, Vv=VM code, C=native code)
C  [igxelpicd64.dll+0x282c4c]


siginfo: EXCEPTION_ACCESS_VIOLATION (0xc0000005), reading address 0x00000000000356f8


Register to memory mapping:

RIP=0x00007ffef6322c4c igxelpicd64.dll
RAX=0x0000024296bb52a0 points into unknown readable memory: 0x000000000001399d | 9d 39 01 00 00 00 00 00
RBX=0x00000242956346a0 points into unknown readable memory: 0xffffffffffffffff | ff ff ff ff ff ff ff ff
RCX=0x0 is NULL
RDX=0x0000000000000002 is an unknown value
RSP=0x000000622d9fe260 points into unknown readable memory: 0x00000242956346a0 | a0 46 63 95 42 02 00 00
RBP=0x0000000000000016 is an unknown value
RSI=0x0000024295703a40 points into unknown readable memory: 0x0000000000000000 | 00 00 00 00 00 00 00 00
RDI=0x0 is NULL
R8 =0x0000000000000014 is an unknown value
R9 =0x0 is NULL
R10=0x0 is NULL
R11=0x0000000000000246 is an unknown value
R12=0x0000024296bb56d8 points into unknown readable memory: 0x0000024296bb5db0 | b0 5d bb 96 42 02 00 00
R13=0x0 is NULL
R14=0x0000024296bb5110 points into unknown readable memory: 0x00000242955dd560 | 60 d5 5d 95 42 02 00 00
R15=0x0 is NULL


Registers:
RAX=0x0000024296bb52a0, RBX=0x00000242956346a0, RCX=0x0000000000000000, RDX=0x0000000000000002
RSP=0x000000622d9fe260, RBP=0x0000000000000016, RSI=0x0000024295703a40, RDI=0x0000000000000000
R8 =0x0000000000000014, R9 =0x0000000000000000, R10=0x0000000000000000, R11=0x0000000000000246
R12=0x0000024296bb56d8, R13=0x0000000000000000, R14=0x0000024296bb5110, R15=0x0000000000000000
RIP=0x00007ffef6322c4c, EFLAGS=0x0000000000010206

Top of Stack: (sp=0x000000622d9fe260)
0x000000622d9fe260:   00000242956346a0 00007fff8d60d859
0x000000622d9fe270:   000000622d9fe2f8 0000000000000000
0x000000622d9fe280:   0000000000000054 00000242956346a0
0x000000622d9fe290:   0000000000000000 00007fff8ec90ba4
0x000000622d9fe2a0:   000000007a000004 0000000000000000
0x000000622d9fe2b0:   0000000000000000 0000024296b02138
0x000000622d9fe2c0:   0000000000013db1 0000000000000000
0x000000622d9fe2d0:   0000000000000014 0000000000000000
0x000000622d9fe2e0:   0000000000000000 000000622d9fe400
0x000000622d9fe2f0:   0000024295703a40 00007ffef615769c
0x000000622d9fe300:   0000024200000016 0000024296bb5db0
0x000000622d9fe310:   0000000000000000 000000007a000000
0x000000622d9fe320:   0000006200000984 0000b802196a0000
0x000000622d9fe330:   0000000000000000 00000242eed10000
0x000000622d9fe340:   0000000000000000 000000007a000004
0x000000622d9fe350:   00000000000004b4 0000000000000000 

Instructions: (pc=0x00007ffef6322c4c)
0x00007ffef6322b4c:   41 bf 20 00 00 00 48 8b 04 38 4d 8b 3c 07 0f b6
0x00007ffef6322b5c:   bc 24 b0 00 00 00 4c 3b 3d d7 f8 cb 00 41 0f 44
0x00007ffef6322b6c:   e9 89 ac 24 a0 00 00 00 48 85 c9 0f 84 d4 07 00
0x00007ffef6322b7c:   00 0f 1f 00 4c 8b f1 4c 8d a1 c8 05 00 00 49 8b
0x00007ffef6322b8c:   04 24 48 89 84 24 a8 00 00 00 40 84 ff 74 10 48
0x00007ffef6322b9c:   8b d1 48 8b 09 e8 ea 8d e3 ff e9 4f 07 00 00 8b
0x00007ffef6322bac:   96 d0 01 00 00 48 8b 05 58 dd bb 00 83 b8 64 03
0x00007ffef6322bbc:   00 00 02 0f 85 19 02 00 00 83 fa 10 73 0e 48 8d
0x00007ffef6322bcc:   42 04 48 8d 04 c2 48 8d 04 c1 eb 60 8d 4a f0 8b
0x00007ffef6322bdc:   c1 c1 e8 04 83 f8 03 73 1d 0f ae e8 83 e1 0f 4d
0x00007ffef6322bec:   8b 84 c6 80 05 00 00 4d 85 c0 74 25 48 8d 0c c9
0x00007ffef6322bfc:   49 8d 04 c8 eb 36 49 8b 86 98 05 00 00 48 85 c0
0x00007ffef6322c0c:   74 0f 66 90 39 10 74 2f 48 8b 40 50 48 85 c0 75
0x00007ffef6322c1c:   f3 41 80 be a0 05 00 00 00 74 22 8b c2 83 e0 0f
0x00007ffef6322c2c:   48 8d 04 c0 48 8d 40 20 49 8d 04 c6 48 85 c0 74
0x00007ffef6322c3c:   0c 48 8b 48 08 eb 09 48 83 c0 08 eb ef 49 8b c9
0x00007ffef6322c4c:   49 3b 8f f8 56 03 00 0f 86 85 01 00 00 83 fa 10
0x00007ffef6322c5c:   73 0a 48 8d 42 04 48 8d 04 c2 eb 5c 8d 4a f0 8b
0x00007ffef6322c6c:   c1 c1 e8 04 83 f8 03 73 1d 0f ae e8 83 e1 0f 4d
0x00007ffef6322c7c:   8b 84 c6 80 05 00 00 4d 85 c0 74 25 48 8d 0c c9
0x00007ffef6322c8c:   49 8d 04 c8 eb 36 49 8b 86 98 05 00 00 48 85 c0
0x00007ffef6322c9c:   74 0f 66 90 39 10 74 2f 48 8b 40 50 48 85 c0 75
0x00007ffef6322cac:   f3 41 80 be a0 05 00 00 00 74 22 8b c2 83 e0 0f
0x00007ffef6322cbc:   48 8d 04 c0 48 8d 40 20 49 8d 04 c6 48 85 c0 74
0x00007ffef6322ccc:   0c 48 8b 48 08 eb 09 48 83 c0 08 eb ef 49 8b c9
0x00007ffef6322cdc:   49 3b 8e 40 06 00 00 0f 86 f5 00 00 00 48 8b 86
0x00007ffef6322cec:   80 02 00 00 49 89 04 24 4c 89 b6 80 02 00 00 ff
0x00007ffef6322cfc:   86 88 02 00 00 ba 01 00 00 00 49 8b 4e 08 e8 41
0x00007ffef6322d0c:   28 59 00 0f b7 c8 48 2b c1 48 05 00 00 01 00 48
0x00007ffef6322d1c:   01 86 90 02 00 00 ba 01 00 00 00 49 8b 4e 08 e8
0x00007ffef6322d2c:   20 28 59 00 48 01 86 a0 02 00 00 85 ed 74 75 49
0x00007ffef6322d3c:   8b 9f 58 4f 03 00 0f 57 c0 f3 0f 7f 44 24 30 c7 


Stack slot to memory mapping:
stack at sp + 0 slots: 0x00000242956346a0 points into unknown readable memory: 0xffffffffffffffff | ff ff ff ff ff ff ff ff
stack at sp + 1 slots: 0x00007fff8d60d859 USER32.dll
stack at sp + 2 slots: 0x000000622d9fe2f8 points into unknown readable memory: 0x00007ffef615769c | 9c 76 15 f6 fe 7f 00 00
stack at sp + 3 slots: 0x0 is NULL
stack at sp + 4 slots: 0x0000000000000054 is an unknown value
stack at sp + 5 slots: 0x00000242956346a0 points into unknown readable memory: 0xffffffffffffffff | ff ff ff ff ff ff ff ff
stack at sp + 6 slots: 0x0 is NULL
stack at sp + 7 slots: 0x00007fff8ec90ba4 ntdll.dll

VM_Operation (0x000000622fafe9d0): Exit, mode: safepoint, requested by thread 0x00000242963e20d0


---------------  P R O C E S S  ---------------

Threads class SMR info:
_java_thread_list=0x0000024296f23c60, length=16, elements={
0x00000242fec0eee0, 0x00000242fec0f9f0, 0x00000242fec20130, 0x00000242fec20c40,
0x00000242fec25570, 0x00000242fec27e90, 0x00000242fec2a8d0, 0x00000242fec34d60,
0x00000242fec356b0, 0x00000242ff913390, 0x00000242ff918fd0, 0x00000242ff9806c0,
0x00000242963e2b70, 0x00000242963e1b80, 0x00000242963e20d0, 0x0000024296c0bef0
}

Java Threads: ( => current thread )
  0x00000242fec0eee0 JavaThread "Reference Handler" daemon [_thread_blocked, id=18820, stack(0x000000622da00000,0x000000622db00000)]
  0x00000242fec0f9f0 JavaThread "Finalizer" daemon [_thread_blocked, id=4692, stack(0x000000622db00000,0x000000622dc00000)]
  0x00000242fec20130 JavaThread "Signal Dispatcher" daemon [_thread_blocked, id=32048, stack(0x000000622dc00000,0x000000622dd00000)]
  0x00000242fec20c40 JavaThread "Attach Listener" daemon [_thread_blocked, id=21360, stack(0x000000622dd00000,0x000000622de00000)]
  0x00000242fec25570 JavaThread "Service Thread" daemon [_thread_blocked, id=20888, stack(0x000000622de00000,0x000000622df00000)]
  0x00000242fec27e90 JavaThread "Monitor Deflation Thread" daemon [_thread_blocked, id=30656, stack(0x000000622df00000,0x000000622e000000)]
  0x00000242fec2a8d0 JavaThread "C2 CompilerThread0" daemon [_thread_blocked, id=38556, stack(0x000000622e000000,0x000000622e100000)]
  0x00000242fec34d60 JavaThread "C1 CompilerThread0" daemon [_thread_blocked, id=31464, stack(0x000000622e100000,0x000000622e200000)]
  0x00000242fec356b0 JavaThread "Sweeper thread" daemon [_thread_blocked, id=13520, stack(0x000000622e200000,0x000000622e300000)]
  0x00000242ff913390 JavaThread "Notification Thread" daemon [_thread_blocked, id=5836, stack(0x000000622e300000,0x000000622e400000)]
  0x00000242ff918fd0 JavaThread "Common-Cleaner" daemon [_thread_blocked, id=15292, stack(0x000000622e500000,0x000000622e600000)]
  0x00000242ff9806c0 JavaThread "Java2D Disposer" daemon [_thread_blocked, id=24968, stack(0x000000622e600000,0x000000622e700000)]
  0x00000242963e2b70 JavaThread "HighResTimerThread" daemon [_thread_blocked, id=9888, stack(0x000000622f600000,0x000000622f700000)]
  0x00000242963e1b80 JavaThread "DestroyJavaVM" [_thread_blocked, id=12952, stack(0x000000622d300000,0x000000622d400000)]
  0x00000242963e20d0 JavaThread "main-FPSAWTAnimator#00-Timer0-FPSAWTAnimator#00-Timer1" [_thread_blocked, id=34352, stack(0x000000622fa00000,0x000000622fb00000)]
  0x0000024296c0bef0 JavaThread "AWT-Shutdown" [_thread_blocked, id=9672, stack(0x000000622f800000,0x000000622f900000)]

Other Threads:
=>0x00000242fec07ad0 VMThread "VM Thread" [stack: 0x000000622d900000,0x000000622da00000] [id=40108]
  0x00000242f107d660 GCTaskThread "GC Thread#0" [stack: 0x000000622d400000,0x000000622d500000] [id=18276]
  0x00000242954ead10 GCTaskThread "GC Thread#1" [stack: 0x000000622ed00000,0x000000622ee00000] [id=17060]
  0x00000242954cf470 GCTaskThread "GC Thread#2" [stack: 0x000000622ee00000,0x000000622ef00000] [id=12364]
  0x00000242954cf780 GCTaskThread "GC Thread#3" [stack: 0x000000622ef00000,0x000000622f000000] [id=31260]
  0x00000242954cfa90 GCTaskThread "GC Thread#4" [stack: 0x000000622f000000,0x000000622f100000] [id=27480]
  0x00000242954cfda0 GCTaskThread "GC Thread#5" [stack: 0x000000622f100000,0x000000622f200000] [id=14852]
  0x0000024295625cf0 GCTaskThread "GC Thread#6" [stack: 0x000000622f200000,0x000000622f300000] [id=12968]
  0x00000242963f33f0 GCTaskThread "GC Thread#7" [stack: 0x000000622fb00000,0x000000622fc00000] [id=38316]
  0x00000242f108f610 ConcurrentGCThread "G1 Main Marker" terminated
  0x00000242f1090730 ConcurrentGCThread "G1 Conc#0" [stack: 0x000000622d600000,0x000000622d700000] [id=36872]
  0x00000242f11065d0 ConcurrentGCThread "G1 Refine#0" terminated
  0x00000242feac24c0 ConcurrentGCThread "G1 Service" terminated

Threads with active compile tasks:

VM state: at safepoint (shutting down)

VM Mutex/Monitor currently owned by a thread:  ([mutex/lock_event])
[0x00000242f1029af0] Threads_lock - owner thread: 0x00000242fec07ad0
[0x00000242f10295e0] Heap_lock - owner thread: 0x00000242963e20d0

Heap address: 0x0000000703a00000, size: 4038 MB, Compressed Oops mode: Zero based, Oop shift amount: 3

CDS archive(s) mapped at: [0x0000000800000000-0x0000000800bb0000-0x0000000800bb0000), size 12255232, SharedBaseAddress: 0x0000000800000000, ArchiveRelocationMode: 0.
Compressed class space mapped at: 0x0000000800c00000-0x0000000840c00000, reserved size: 1073741824
Narrow klass base: 0x0000000800000000, Narrow klass shift: 3, Narrow klass range: 0x100000000

GC Precious Log:
 CPUs: 8 total, 8 available
 Memory: 16149M
 Large Page Support: Disabled
 NUMA Support: Disabled
 Compressed Oops: Enabled (Zero based)
 Heap Region Size: 2M
 Heap Min Capacity: 8M
 Heap Initial Capacity: 254M
 Heap Max Capacity: 4038M
 Pre-touch: Disabled
 Parallel Workers: 8
 Concurrent Workers: 2
 Concurrent Refinement Workers: 8
 Periodic GC: Disabled

Heap:
 garbage-first heap   total 260096K, used 123171K [0x0000000703a00000, 0x0000000800000000)
  region size 2048K, 8 young (16384K), 1 survivors (2048K)
 Metaspace       used 12250K, committed 12416K, reserved 1064960K
  class space    used 880K, committed 960K, reserved 1048576K

Heap Regions: E=young(eden), S=young(survivor), O=old, HS=humongous(starts), HC=humongous(continues), CS=collection set, F=free, OA=open archive, CA=closed archive, TAMS=top-at-mark-start (previous, next)
|   0|0x0000000703a00000, 0x0000000703a00000, 0x0000000703c00000|  0%| F|  |TAMS 0x0000000703a00000, 0x0000000703a00000| Untracked 
|   1|0x0000000703c00000, 0x0000000703e00000, 0x0000000703e00000|100%| O|  |TAMS 0x0000000703c00000, 0x0000000703e00000| Untracked 
|   2|0x0000000703e00000, 0x0000000704000000, 0x0000000704000000|100%|HS|  |TAMS 0x0000000703e00000, 0x0000000704000000| Complete 
|   3|0x0000000704000000, 0x0000000704200000, 0x0000000704200000|100%|HC|  |TAMS 0x0000000704000000, 0x0000000704200000| Complete 
|   4|0x0000000704200000, 0x0000000704400000, 0x0000000704400000|100%| O|  |TAMS 0x0000000704200000, 0x0000000704400000| Untracked 
|   5|0x0000000704400000, 0x00000007044bc000, 0x0000000704600000| 36%| O|  |TAMS 0x0000000704400000, 0x00000007044bc000| Untracked 
|   6|0x0000000704600000, 0x0000000704800000, 0x0000000704800000|100%|HS|  |TAMS 0x0000000704600000, 0x0000000704600000| Complete 
|   7|0x0000000704800000, 0x0000000704a00000, 0x0000000704a00000|100%|HC|  |TAMS 0x0000000704800000, 0x0000000704800000| Complete 
|   8|0x0000000704a00000, 0x0000000704a00000, 0x0000000704c00000|  0%| F|  |TAMS 0x0000000704a00000, 0x0000000704a00000| Untracked 
|   9|0x0000000704c00000, 0x0000000704c00000, 0x0000000704e00000|  0%| F|  |TAMS 0x0000000704c00000, 0x0000000704c00000| Untracked 
|  10|0x0000000704e00000, 0x0000000705000000, 0x0000000705000000|100%|HS|  |TAMS 0x0000000704e00000, 0x0000000705000000| Complete 
|  11|0x0000000705000000, 0x0000000705200000, 0x0000000705200000|100%|HS|  |TAMS 0x0000000705000000, 0x0000000705200000| Complete 
|  12|0x0000000705200000, 0x0000000705400000, 0x0000000705400000|100%|HC|  |TAMS 0x0000000705200000, 0x0000000705400000| Complete 
|  13|0x0000000705400000, 0x0000000705600000, 0x0000000705600000|100%|HC|  |TAMS 0x0000000705400000, 0x0000000705600000| Complete 
|  14|0x0000000705600000, 0x0000000705800000, 0x0000000705800000|100%|HC|  |TAMS 0x0000000705600000, 0x0000000705800000| Complete 
|  15|0x0000000705800000, 0x0000000705a00000, 0x0000000705a00000|100%|HC|  |TAMS 0x0000000705800000, 0x0000000705a00000| Complete 
|  16|0x0000000705a00000, 0x0000000705c00000, 0x0000000705c00000|100%|HS|  |TAMS 0x0000000705a00000, 0x0000000705c00000| Complete 
|  17|0x0000000705c00000, 0x0000000705e00000, 0x0000000705e00000|100%|HC|  |TAMS 0x0000000705c00000, 0x0000000705e00000| Complete 
|  18|0x0000000705e00000, 0x0000000705e00000, 0x0000000706000000|  0%| F|  |TAMS 0x0000000705e00000, 0x0000000705e00000| Untracked 
|  19|0x0000000706000000, 0x0000000706200000, 0x0000000706200000|100%|HS|  |TAMS 0x0000000706000000, 0x0000000706200000| Complete 
|  20|0x0000000706200000, 0x0000000706400000, 0x0000000706400000|100%|HC|  |TAMS 0x0000000706200000, 0x0000000706400000| Complete 
|  21|0x0000000706400000, 0x0000000706600000, 0x0000000706600000|100%|HC|  |TAMS 0x0000000706400000, 0x0000000706600000| Complete 
|  22|0x0000000706600000, 0x0000000706800000, 0x0000000706800000|100%|HC|  |TAMS 0x0000000706600000, 0x0000000706800000| Complete 
|  23|0x0000000706800000, 0x0000000706a00000, 0x0000000706a00000|100%|HS|  |TAMS 0x0000000706800000, 0x0000000706a00000| Complete 
|  24|0x0000000706a00000, 0x0000000706c00000, 0x0000000706c00000|100%|HC|  |TAMS 0x0000000706a00000, 0x0000000706c00000| Complete 
|  25|0x0000000706c00000, 0x0000000706e00000, 0x0000000706e00000|100%|HS|  |TAMS 0x0000000706c00000, 0x0000000706e00000| Complete 
|  26|0x0000000706e00000, 0x0000000707000000, 0x0000000707000000|100%|HC|  |TAMS 0x0000000706e00000, 0x0000000707000000| Complete 
|  27|0x0000000707000000, 0x0000000707200000, 0x0000000707200000|100%|HC|  |TAMS 0x0000000707000000, 0x0000000707200000| Complete 
|  28|0x0000000707200000, 0x0000000707400000, 0x0000000707400000|100%|HC|  |TAMS 0x0000000707200000, 0x0000000707400000| Complete 
|  29|0x0000000707400000, 0x0000000707600000, 0x0000000707600000|100%|HS|  |TAMS 0x0000000707400000, 0x0000000707600000| Complete 
|  30|0x0000000707600000, 0x0000000707800000, 0x0000000707800000|100%|HC|  |TAMS 0x0000000707600000, 0x0000000707800000| Complete 
|  31|0x0000000707800000, 0x0000000707a00000, 0x0000000707a00000|100%|HC|  |TAMS 0x0000000707800000, 0x0000000707a00000| Complete 
|  32|0x0000000707a00000, 0x0000000707c00000, 0x0000000707c00000|100%|HS|  |TAMS 0x0000000707a00000, 0x0000000707c00000| Complete 
|  33|0x0000000707c00000, 0x0000000707e00000, 0x0000000707e00000|100%|HC|  |TAMS 0x0000000707c00000, 0x0000000707e00000| Complete 
|  34|0x0000000707e00000, 0x0000000708000000, 0x0000000708000000|100%|HS|  |TAMS 0x0000000707e00000, 0x0000000708000000| Complete 
|  35|0x0000000708000000, 0x0000000708200000, 0x0000000708200000|100%|HC|  |TAMS 0x0000000708000000, 0x0000000708200000| Complete 
|  36|0x0000000708200000, 0x0000000708400000, 0x0000000708400000|100%|HS|  |TAMS 0x0000000708200000, 0x0000000708400000| Complete 
|  37|0x0000000708400000, 0x0000000708600000, 0x0000000708600000|100%|HC|  |TAMS 0x0000000708400000, 0x0000000708600000| Complete 
|  38|0x0000000708600000, 0x0000000708800000, 0x0000000708800000|100%|HS|  |TAMS 0x0000000708600000, 0x0000000708800000| Complete 
|  39|0x0000000708800000, 0x0000000708a00000, 0x0000000708a00000|100%|HC|  |TAMS 0x0000000708800000, 0x0000000708a00000| Complete 
|  40|0x0000000708a00000, 0x0000000708c00000, 0x0000000708c00000|100%|HS|  |TAMS 0x0000000708a00000, 0x0000000708c00000| Complete 
|  41|0x0000000708c00000, 0x0000000708e00000, 0x0000000708e00000|100%|HC|  |TAMS 0x0000000708c00000, 0x0000000708e00000| Complete 
|  42|0x0000000708e00000, 0x0000000709000000, 0x0000000709000000|100%|HS|  |TAMS 0x0000000708e00000, 0x0000000709000000| Complete 
|  43|0x0000000709000000, 0x0000000709200000, 0x0000000709200000|100%|HC|  |TAMS 0x0000000709000000, 0x0000000709200000| Complete 
|  44|0x0000000709200000, 0x0000000709400000, 0x0000000709400000|100%|HS|  |TAMS 0x0000000709200000, 0x0000000709400000| Complete 
|  45|0x0000000709400000, 0x0000000709600000, 0x0000000709600000|100%|HC|  |TAMS 0x0000000709400000, 0x0000000709600000| Complete 
|  46|0x0000000709600000, 0x0000000709800000, 0x0000000709800000|100%|HS|  |TAMS 0x0000000709600000, 0x0000000709800000| Complete 
|  47|0x0000000709800000, 0x0000000709a00000, 0x0000000709a00000|100%|HS|  |TAMS 0x0000000709800000, 0x0000000709a00000| Complete 
|  48|0x0000000709a00000, 0x0000000709c00000, 0x0000000709c00000|100%|HC|  |TAMS 0x0000000709a00000, 0x0000000709c00000| Complete 
|  49|0x0000000709c00000, 0x0000000709e00000, 0x0000000709e00000|100%|HC|  |TAMS 0x0000000709c00000, 0x0000000709e00000| Complete 
|  50|0x0000000709e00000, 0x000000070a000000, 0x000000070a000000|100%|HS|  |TAMS 0x0000000709e00000, 0x000000070a000000| Complete 
|  51|0x000000070a000000, 0x000000070a200000, 0x000000070a200000|100%|HC|  |TAMS 0x000000070a000000, 0x000000070a200000| Complete 
|  52|0x000000070a200000, 0x000000070a400000, 0x000000070a400000|100%|HS|  |TAMS 0x000000070a200000, 0x000000070a400000| Complete 
|  53|0x000000070a400000, 0x000000070a600000, 0x000000070a600000|100%|HC|  |TAMS 0x000000070a400000, 0x000000070a600000| Complete 
|  54|0x000000070a600000, 0x000000070a600000, 0x000000070a800000|  0%| F|  |TAMS 0x000000070a600000, 0x000000070a600000| Untracked 
|  55|0x000000070a800000, 0x000000070a800000, 0x000000070aa00000|  0%| F|  |TAMS 0x000000070a800000, 0x000000070a800000| Untracked 
|  56|0x000000070aa00000, 0x000000070ac00000, 0x000000070ac00000|100%|HS|  |TAMS 0x000000070aa00000, 0x000000070ac00000| Complete 
|  57|0x000000070ac00000, 0x000000070ae00000, 0x000000070ae00000|100%|HC|  |TAMS 0x000000070ac00000, 0x000000070ae00000| Complete 
|  58|0x000000070ae00000, 0x000000070b000000, 0x000000070b000000|100%|HC|  |TAMS 0x000000070ae00000, 0x000000070b000000| Complete 
|  59|0x000000070b000000, 0x000000070b200000, 0x000000070b200000|100%|HC|  |TAMS 0x000000070b000000, 0x000000070b200000| Complete 
|  60|0x000000070b200000, 0x000000070b200000, 0x000000070b400000|  0%| F|  |TAMS 0x000000070b200000, 0x000000070b200000| Untracked 
|  61|0x000000070b400000, 0x000000070b400000, 0x000000070b600000|  0%| F|  |TAMS 0x000000070b400000, 0x000000070b400000| Untracked 
|  62|0x000000070b600000, 0x000000070b600000, 0x000000070b800000|  0%| F|  |TAMS 0x000000070b600000, 0x000000070b600000| Untracked 
|  63|0x000000070b800000, 0x000000070b800000, 0x000000070ba00000|  0%| F|  |TAMS 0x000000070b800000, 0x000000070b800000| Untracked 
|  64|0x000000070ba00000, 0x000000070ba00000, 0x000000070bc00000|  0%| F|  |TAMS 0x000000070ba00000, 0x000000070ba00000| Untracked 
|  65|0x000000070bc00000, 0x000000070bc00000, 0x000000070be00000|  0%| F|  |TAMS 0x000000070bc00000, 0x000000070bc00000| Untracked 
|  66|0x000000070be00000, 0x000000070be00000, 0x000000070c000000|  0%| F|  |TAMS 0x000000070be00000, 0x000000070be00000| Untracked 
|  67|0x000000070c000000, 0x000000070c000000, 0x000000070c200000|  0%| F|  |TAMS 0x000000070c000000, 0x000000070c000000| Untracked 
|  68|0x000000070c200000, 0x000000070c200000, 0x000000070c400000|  0%| F|  |TAMS 0x000000070c200000, 0x000000070c200000| Untracked 
|  69|0x000000070c400000, 0x000000070c400000, 0x000000070c600000|  0%| F|  |TAMS 0x000000070c400000, 0x000000070c400000| Untracked 
|  70|0x000000070c600000, 0x000000070c600000, 0x000000070c800000|  0%| F|  |TAMS 0x000000070c600000, 0x000000070c600000| Untracked 
|  71|0x000000070c800000, 0x000000070c800000, 0x000000070ca00000|  0%| F|  |TAMS 0x000000070c800000, 0x000000070c800000| Untracked 
|  72|0x000000070ca00000, 0x000000070ca00000, 0x000000070cc00000|  0%| F|  |TAMS 0x000000070ca00000, 0x000000070ca00000| Untracked 
|  73|0x000000070cc00000, 0x000000070cc00000, 0x000000070ce00000|  0%| F|  |TAMS 0x000000070cc00000, 0x000000070cc00000| Untracked 
|  74|0x000000070ce00000, 0x000000070ce00000, 0x000000070d000000|  0%| F|  |TAMS 0x000000070ce00000, 0x000000070ce00000| Untracked 
|  75|0x000000070d000000, 0x000000070d000000, 0x000000070d200000|  0%| F|  |TAMS 0x000000070d000000, 0x000000070d000000| Untracked 
|  76|0x000000070d200000, 0x000000070d200000, 0x000000070d400000|  0%| F|  |TAMS 0x000000070d200000, 0x000000070d200000| Untracked 
|  77|0x000000070d400000, 0x000000070d400000, 0x000000070d600000|  0%| F|  |TAMS 0x000000070d400000, 0x000000070d400000| Untracked 
|  78|0x000000070d600000, 0x000000070d600000, 0x000000070d800000|  0%| F|  |TAMS 0x000000070d600000, 0x000000070d600000| Untracked 
|  79|0x000000070d800000, 0x000000070d800000, 0x000000070da00000|  0%| F|  |TAMS 0x000000070d800000, 0x000000070d800000| Untracked 
|  80|0x000000070da00000, 0x000000070da00000, 0x000000070dc00000|  0%| F|  |TAMS 0x000000070da00000, 0x000000070da00000| Untracked 
|  81|0x000000070dc00000, 0x000000070dc00000, 0x000000070de00000|  0%| F|  |TAMS 0x000000070dc00000, 0x000000070dc00000| Untracked 
|  82|0x000000070de00000, 0x000000070de00000, 0x000000070e000000|  0%| F|  |TAMS 0x000000070de00000, 0x000000070de00000| Untracked 
|  83|0x000000070e000000, 0x000000070e000000, 0x000000070e200000|  0%| F|  |TAMS 0x000000070e000000, 0x000000070e000000| Untracked 
|  84|0x000000070e200000, 0x000000070e200000, 0x000000070e400000|  0%| F|  |TAMS 0x000000070e200000, 0x000000070e200000| Untracked 
|  85|0x000000070e400000, 0x000000070e400000, 0x000000070e600000|  0%| F|  |TAMS 0x000000070e400000, 0x000000070e400000| Untracked 
|  86|0x000000070e600000, 0x000000070e600000, 0x000000070e800000|  0%| F|  |TAMS 0x000000070e600000, 0x000000070e600000| Untracked 
|  87|0x000000070e800000, 0x000000070e800000, 0x000000070ea00000|  0%| F|  |TAMS 0x000000070e800000, 0x000000070e800000| Untracked 
|  88|0x000000070ea00000, 0x000000070ea00000, 0x000000070ec00000|  0%| F|  |TAMS 0x000000070ea00000, 0x000000070ea00000| Untracked 
|  89|0x000000070ec00000, 0x000000070ec00000, 0x000000070ee00000|  0%| F|  |TAMS 0x000000070ec00000, 0x000000070ec00000| Untracked 
|  90|0x000000070ee00000, 0x000000070ee00000, 0x000000070f000000|  0%| F|  |TAMS 0x000000070ee00000, 0x000000070ee00000| Untracked 
|  91|0x000000070f000000, 0x000000070f000000, 0x000000070f200000|  0%| F|  |TAMS 0x000000070f000000, 0x000000070f000000| Untracked 
|  92|0x000000070f200000, 0x000000070f200000, 0x000000070f400000|  0%| F|  |TAMS 0x000000070f200000, 0x000000070f200000| Untracked 
|  93|0x000000070f400000, 0x000000070f400000, 0x000000070f600000|  0%| F|  |TAMS 0x000000070f400000, 0x000000070f400000| Untracked 
|  94|0x000000070f600000, 0x000000070f600000, 0x000000070f800000|  0%| F|  |TAMS 0x000000070f600000, 0x000000070f600000| Untracked 
|  95|0x000000070f800000, 0x000000070f800000, 0x000000070fa00000|  0%| F|  |TAMS 0x000000070f800000, 0x000000070f800000| Untracked 
|  96|0x000000070fa00000, 0x000000070fa00000, 0x000000070fc00000|  0%| F|  |TAMS 0x000000070fa00000, 0x000000070fa00000| Untracked 
|  97|0x000000070fc00000, 0x000000070fc00000, 0x000000070fe00000|  0%| F|  |TAMS 0x000000070fc00000, 0x000000070fc00000| Untracked 
|  98|0x000000070fe00000, 0x000000070fe00000, 0x0000000710000000|  0%| F|  |TAMS 0x000000070fe00000, 0x000000070fe00000| Untracked 
|  99|0x0000000710000000, 0x0000000710000000, 0x0000000710200000|  0%| F|  |TAMS 0x0000000710000000, 0x0000000710000000| Untracked 
| 100|0x0000000710200000, 0x0000000710200000, 0x0000000710400000|  0%| F|  |TAMS 0x0000000710200000, 0x0000000710200000| Untracked 
| 101|0x0000000710400000, 0x0000000710400000, 0x0000000710600000|  0%| F|  |TAMS 0x0000000710400000, 0x0000000710400000| Untracked 
| 102|0x0000000710600000, 0x0000000710600000, 0x0000000710800000|  0%| F|  |TAMS 0x0000000710600000, 0x0000000710600000| Untracked 
| 103|0x0000000710800000, 0x0000000710800000, 0x0000000710a00000|  0%| F|  |TAMS 0x0000000710800000, 0x0000000710800000| Untracked 
| 104|0x0000000710a00000, 0x0000000710a00000, 0x0000000710c00000|  0%| F|  |TAMS 0x0000000710a00000, 0x0000000710a00000| Untracked 
| 105|0x0000000710c00000, 0x0000000710c00000, 0x0000000710e00000|  0%| F|  |TAMS 0x0000000710c00000, 0x0000000710c00000| Untracked 
| 106|0x0000000710e00000, 0x0000000710e00000, 0x0000000711000000|  0%| F|  |TAMS 0x0000000710e00000, 0x0000000710e00000| Untracked 
| 107|0x0000000711000000, 0x0000000711000000, 0x0000000711200000|  0%| F|  |TAMS 0x0000000711000000, 0x0000000711000000| Untracked 
| 108|0x0000000711200000, 0x0000000711200000, 0x0000000711400000|  0%| F|  |TAMS 0x0000000711200000, 0x0000000711200000| Untracked 
| 109|0x0000000711400000, 0x0000000711400000, 0x0000000711600000|  0%| F|  |TAMS 0x0000000711400000, 0x0000000711400000| Untracked 
| 110|0x0000000711600000, 0x0000000711600000, 0x0000000711800000|  0%| F|  |TAMS 0x0000000711600000, 0x0000000711600000| Untracked 
| 111|0x0000000711800000, 0x0000000711800000, 0x0000000711a00000|  0%| F|  |TAMS 0x0000000711800000, 0x0000000711800000| Untracked 
| 112|0x0000000711a00000, 0x0000000711a00000, 0x0000000711c00000|  0%| F|  |TAMS 0x0000000711a00000, 0x0000000711a00000| Untracked 
| 113|0x0000000711c00000, 0x0000000711c00000, 0x0000000711e00000|  0%| F|  |TAMS 0x0000000711c00000, 0x0000000711c00000| Untracked 
| 114|0x0000000711e00000, 0x0000000711e00000, 0x0000000712000000|  0%| F|  |TAMS 0x0000000711e00000, 0x0000000711e00000| Untracked 
| 115|0x0000000712000000, 0x0000000712000000, 0x0000000712200000|  0%| F|  |TAMS 0x0000000712000000, 0x0000000712000000| Untracked 
| 116|0x0000000712200000, 0x0000000712200000, 0x0000000712400000|  0%| F|  |TAMS 0x0000000712200000, 0x0000000712200000| Untracked 
| 117|0x0000000712400000, 0x0000000712400000, 0x0000000712600000|  0%| F|  |TAMS 0x0000000712400000, 0x0000000712400000| Untracked 
| 118|0x0000000712600000, 0x0000000712600000, 0x0000000712800000|  0%| F|  |TAMS 0x0000000712600000, 0x0000000712600000| Untracked 
| 119|0x0000000712800000, 0x00000007129f59b0, 0x0000000712a00000| 97%| E|  |TAMS 0x0000000712800000, 0x0000000712800000| Complete 
| 120|0x0000000712a00000, 0x0000000712c00000, 0x0000000712c00000|100%| E|CS|TAMS 0x0000000712a00000, 0x0000000712a00000| Complete 
| 121|0x0000000712c00000, 0x0000000712e00000, 0x0000000712e00000|100%| E|CS|TAMS 0x0000000712c00000, 0x0000000712c00000| Complete 
| 122|0x0000000712e00000, 0x0000000713000000, 0x0000000713000000|100%| E|CS|TAMS 0x0000000712e00000, 0x0000000712e00000| Complete 
| 123|0x0000000713000000, 0x0000000713200000, 0x0000000713200000|100%| E|CS|TAMS 0x0000000713000000, 0x0000000713000000| Complete 
| 124|0x0000000713200000, 0x000000071338ce18, 0x0000000713400000| 77%| S|CS|TAMS 0x0000000713200000, 0x0000000713200000| Complete 
| 125|0x0000000713400000, 0x0000000713600000, 0x0000000713600000|100%| E|CS|TAMS 0x0000000713400000, 0x0000000713400000| Complete 
| 126|0x0000000713600000, 0x0000000713800000, 0x0000000713800000|100%| E|CS|TAMS 0x0000000713600000, 0x0000000713600000| Complete 

Card table byte_map: [0x00000242f92d0000,0x00000242f9ac0000] _byte_map_base: 0x00000242f5ab3000

Marking Bits (Prev, Next): (CMBitMap*) 0x00000242f107eff0, (CMBitMap*) 0x00000242f107f030
 Prev Bits: [0x00000242fa2b0000, 0x00000242fe1c8000)
 Next Bits: [0x000002428f000000, 0x0000024292f18000)

Polling page: 0x00000242eefe0000

Metaspace:

Usage:
  Non-class:     11.10 MB used.
      Class:    880.06 KB used.
       Both:     11.96 MB used.

Virtual space:
  Non-class space:       16.00 MB reserved,      11.19 MB ( 70%) committed,  2 nodes.
      Class space:        1.00 GB reserved,     960.00 KB ( <1%) committed,  1 nodes.
              Both:        1.02 GB reserved,      12.12 MB (  1%) committed. 

Chunk freelists:
   Non-Class:  3.97 MB
       Class:  2.94 MB
        Both:  6.91 MB

MaxMetaspaceSize: 17179869184.00 GB
CompressedClassSpaceSize: 1.00 GB
 - commit_granule_bytes: 65536.
 - commit_granule_words: 8192.
 - virtual_space_node_default_size: 1048576.
 - enlarge_chunks_in_place: 1.
 - new_chunks_are_fully_committed: 0.
 - uncommit_free_chunks: 1.
 - use_allocation_guard: 0.
 - handle_deallocations: 1.


Internal statistics:

num_allocs_failed_limit: 0.
num_arena_births: 86.
num_arena_deaths: 0.
num_vsnodes_births: 3.
num_vsnodes_deaths: 0.
num_space_committed: 190.
num_space_uncommitted: 0.
num_chunks_returned_to_freelist: 0.
num_chunks_taken_from_freelist: 335.
num_chunk_merges: 0.
num_chunk_splits: 267.
num_chunks_enlarged: 220.
num_purges: 0.

CodeHeap 'non-profiled nmethods': size=120000Kb used=593Kb max_used=593Kb free=119406Kb
 bounds [0x0000024287ad0000, 0x0000024287d40000, 0x000002428f000000]
CodeHeap 'profiled nmethods': size=120000Kb used=2524Kb max_used=2524Kb free=117475Kb
 bounds [0x00000242805a0000, 0x0000024280820000, 0x0000024287ad0000]
CodeHeap 'non-nmethods': size=5760Kb used=1536Kb max_used=1564Kb free=4223Kb
 bounds [0x0000024280000000, 0x0000024280270000, 0x00000242805a0000]
 total_blobs=2270 nmethods=1347 adapters=836
 compilation: enabled
              stopped_count=0, restarted_count=0
 full_count=0

Compilation events (20 events):
Event: 2.632 Thread 0x00000242fec34d60 1336       3       processing.core.PMatrix3D::set (127 bytes)
Event: 2.633 Thread 0x00000242fec34d60 nmethod 1336 0x0000024280812610 code [0x0000024280812840, 0x0000024280812f38]
Event: 2.633 Thread 0x00000242fec34d60 1338       3       processing.opengl.PGraphicsOpenGL::report (75 bytes)
Event: 2.633 Thread 0x00000242fec34d60 nmethod 1338 0x0000024280813210 code [0x00000242808134a0, 0x0000024280813e88]
Event: 2.633 Thread 0x00000242fec34d60 1337       1       processing.opengl.PGraphicsOpenGL::setCurrentPG (6 bytes)
Event: 2.633 Thread 0x00000242fec34d60 nmethod 1337 0x0000024287b62110 code [0x0000024287b622a0, 0x0000024287b623b8]
Event: 2.635 Thread 0x00000242fec34d60 1339       3       processing.core.PMatrix3D::apply (613 bytes)
Event: 2.635 Thread 0x00000242fec34d60 nmethod 1339 0x0000024280814290 code [0x0000024280814420, 0x00000242808149f8]
Event: 2.651 Thread 0x00000242fec34d60 1340       3       processing.opengl.PGL::updateIntBuffer (41 bytes)
Event: 2.652 Thread 0x00000242fec34d60 nmethod 1340 0x0000024280814b10 code [0x0000024280814d40, 0x0000024280815658]
Event: 2.653 Thread 0x00000242fec2a8d0 1341       4       processing.opengl.PShader::setAttributeVBO (34 bytes)
Event: 2.657 Thread 0x00000242fec2a8d0 nmethod 1341 0x0000024287b62410 code [0x0000024287b625e0, 0x0000024287b62cb8]
Event: 2.959 Thread 0x00000242fec34d60 1343       3       jogamp.newt.WindowImpl::getGraphicsConfiguration (10 bytes)
Event: 2.959 Thread 0x00000242fec34d60 nmethod 1343 0x0000024280815990 code [0x0000024280815b40, 0x0000024280815d78]
Event: 2.974 Thread 0x00000242fec2a8d0 1344       4       processing.core.PApplet::arrayCopy (10 bytes)
Event: 2.975 Thread 0x00000242fec2a8d0 nmethod 1344 0x0000024287b63910 code [0x0000024287b63aa0, 0x0000024287b63cb8]
Event: 2.980 Thread 0x00000242fec34d60 1345       3       java.lang.ThreadLocal$ThreadLocalMap::set (133 bytes)
Event: 2.981 Thread 0x00000242fec34d60 nmethod 1345 0x0000024280815e90 code [0x0000024280816120, 0x0000024280816e68]
Event: 3.071 Thread 0x00000242fec2a8d0 1347       4       java.lang.CharacterData::of (124 bytes)
Event: 3.072 Thread 0x00000242fec2a8d0 nmethod 1347 0x0000024287b64210 code [0x0000024287b643a0, 0x0000024287b64418]

GC Heap History (10 events):
Event: 0.661 GC heap before
{Heap before GC invocations=0 (full 0):
 garbage-first heap   total 260096K, used 22528K [0x0000000703a00000, 0x0000000800000000)
  region size 2048K, 11 young (22528K), 0 survivors (0K)
 Metaspace       used 10847K, committed 11008K, reserved 1064960K
  class space    used 783K, committed 832K, reserved 1048576K
}
Event: 0.668 GC heap after
{Heap after GC invocations=1 (full 0):
 garbage-first heap   total 260096K, used 4797K [0x0000000703a00000, 0x0000000800000000)
  region size 2048K, 2 young (4096K), 2 survivors (4096K)
 Metaspace       used 10847K, committed 11008K, reserved 1064960K
  class space    used 783K, committed 832K, reserved 1048576K
}
Event: 1.072 GC heap before
{Heap before GC invocations=1 (full 0):
 garbage-first heap   total 260096K, used 39613K [0x0000000703a00000, 0x0000000800000000)
  region size 2048K, 17 young (34816K), 2 survivors (4096K)
 Metaspace       used 11837K, committed 12032K, reserved 1064960K
  class space    used 867K, committed 960K, reserved 1048576K
}
Event: 1.075 GC heap after
{Heap after GC invocations=2 (full 0):
 garbage-first heap   total 260096K, used 15547K [0x0000000703a00000, 0x0000000800000000)
  region size 2048K, 3 young (6144K), 3 survivors (6144K)
 Metaspace       used 11837K, committed 12032K, reserved 1064960K
  class space    used 867K, committed 960K, reserved 1048576K
}
Event: 1.148 GC heap before
{Heap before GC invocations=2 (full 0):
 garbage-first heap   total 260096K, used 130235K [0x0000000703a00000, 0x0000000800000000)
  region size 2048K, 11 young (22528K), 3 survivors (6144K)
 Metaspace       used 11857K, committed 12032K, reserved 1064960K
  class space    used 867K, committed 960K, reserved 1048576K
}
Event: 1.150 GC heap after
{Heap after GC invocations=3 (full 0):
 garbage-first heap   total 260096K, used 78218K [0x0000000703a00000, 0x0000000800000000)
  region size 2048K, 2 young (4096K), 2 survivors (4096K)
 Metaspace       used 11857K, committed 12032K, reserved 1064960K
  class space    used 867K, committed 960K, reserved 1048576K
}
Event: 1.166 GC heap before
{Heap before GC invocations=3 (full 0):
 garbage-first heap   total 260096K, used 117130K [0x0000000703a00000, 0x0000000800000000)
  region size 2048K, 3 young (6144K), 2 survivors (4096K)
 Metaspace       used 11860K, committed 12032K, reserved 1064960K
  class space    used 867K, committed 960K, reserved 1048576K
}
Event: 1.167 GC heap after
{Heap after GC invocations=4 (full 0):
 garbage-first heap   total 260096K, used 98673K [0x0000000703a00000, 0x0000000800000000)
  region size 2048K, 1 young (2048K), 1 survivors (2048K)
 Metaspace       used 11860K, committed 12032K, reserved 1064960K
  class space    used 867K, committed 960K, reserved 1048576K
}
Event: 1.172 GC heap before
{Heap before GC invocations=4 (full 0):
 garbage-first heap   total 260096K, used 117105K [0x0000000703a00000, 0x0000000800000000)
  region size 2048K, 2 young (4096K), 1 survivors (2048K)
 Metaspace       used 11860K, committed 12032K, reserved 1064960K
  class space    used 867K, committed 960K, reserved 1048576K
}
Event: 1.173 GC heap after
{Heap after GC invocations=5 (full 0):
 garbage-first heap   total 260096K, used 106787K [0x0000000703a00000, 0x0000000800000000)
  region size 2048K, 1 young (2048K), 1 survivors (2048K)
 Metaspace       used 11860K, committed 12032K, reserved 1064960K
  class space    used 867K, committed 960K, reserved 1048576K
}

Deoptimization events (20 events):
Event: 1.304 Thread 0x00000242963e20d0 DEOPT PACKING pc=0x0000024287b41484 sp=0x000000622fafe8d0
Event: 1.304 Thread 0x00000242963e20d0 DEOPT UNPACKING pc=0x000002428004f92e sp=0x000000622fafe7f8 mode 2
Event: 1.322 Thread 0x00000242963e20d0 DEOPT PACKING pc=0x00000242807c9511 sp=0x000000622fafeb00
Event: 1.322 Thread 0x00000242963e20d0 DEOPT UNPACKING pc=0x000002428004e77e sp=0x000000622fafe040 mode 0
Event: 1.329 Thread 0x00000242963e20d0 Uncommon trap: trap_request=0xffffff45 fr.pc=0x0000024287b52ef4 relative=0x00000000000018b4
Event: 1.329 Thread 0x00000242963e20d0 Uncommon trap: reason=unstable_if action=reinterpret pc=0x0000024287b52ef4 method=energywaves.Mesh.draw(Lprocessing/core/PApplet;)V @ 319 c2
Event: 1.329 Thread 0x00000242963e20d0 DEOPT PACKING pc=0x0000024287b52ef4 sp=0x000000622fafeb60
Event: 1.329 Thread 0x00000242963e20d0 DEOPT UNPACKING pc=0x000002428004f92e sp=0x000000622fafeb50 mode 2
Event: 1.384 Thread 0x00000242ff980be0 Uncommon trap: trap_request=0xffffff45 fr.pc=0x0000024287b33200 relative=0x0000000000000060
Event: 1.384 Thread 0x00000242ff980be0 Uncommon trap: reason=unstable_if action=reinterpret pc=0x0000024287b33200 method=java.util.HashMap.keySet()Ljava/util/Set; @ 6 c2
Event: 1.384 Thread 0x00000242ff980be0 DEOPT PACKING pc=0x0000024287b33200 sp=0x000000622e7ff070
Event: 1.384 Thread 0x00000242ff980be0 DEOPT UNPACKING pc=0x000002428004f92e sp=0x000000622e7ff008 mode 2
Event: 1.384 Thread 0x00000242ff980be0 Uncommon trap: trap_request=0xffffff45 fr.pc=0x0000024287b3356c relative=0x00000000000000cc
Event: 1.384 Thread 0x00000242ff980be0 Uncommon trap: reason=unstable_if action=reinterpret pc=0x0000024287b3356c method=java.util.HashMap$HashIterator.<init>(Ljava/util/HashMap;)V @ 38 c2
Event: 1.384 Thread 0x00000242ff980be0 DEOPT PACKING pc=0x0000024287b3356c sp=0x000000622e7ff060
Event: 1.384 Thread 0x00000242ff980be0 DEOPT UNPACKING pc=0x000002428004f92e sp=0x000000622e7fef30 mode 2
Event: 3.064 Thread 0x00000242955b5950 Uncommon trap: trap_request=0xffffff45 fr.pc=0x0000024287b32ea0 relative=0x0000000000000200
Event: 3.064 Thread 0x00000242955b5950 Uncommon trap: reason=unstable_if action=reinterpret pc=0x0000024287b32ea0 method=java.util.HashMap$HashIterator.<init>(Ljava/util/HashMap;)V @ 38 c2
Event: 3.064 Thread 0x00000242955b5950 DEOPT PACKING pc=0x0000024287b32ea0 sp=0x000000622ecfef20
Event: 3.064 Thread 0x00000242955b5950 DEOPT UNPACKING pc=0x000002428004f92e sp=0x000000622ecfeec8 mode 2

Classes unloaded (0 events):
No events

Classes redefined (0 events):
No events

Internal exceptions (20 events):
Event: 1.059 Thread 0x00000242963e20d0 Exception <a 'java/lang/ArrayIndexOutOfBoundsException'{0x00000007127c2860}> (0x00000007127c2860) 
thrown [t:\workspace\open\src\hotspot\share\runtime\sharedRuntime.cpp, line 624]
Event: 1.059 Thread 0x00000242963e20d0 Exception <a 'java/lang/ArrayIndexOutOfBoundsException'{0x00000007127c2ba8}> (0x00000007127c2ba8) 
thrown [t:\workspace\open\src\hotspot\share\runtime\sharedRuntime.cpp, line 624]
Event: 1.059 Thread 0x00000242963e20d0 Exception <a 'java/lang/ArrayIndexOutOfBoundsException'{0x00000007127c2ef0}> (0x00000007127c2ef0) 
thrown [t:\workspace\open\src\hotspot\share\runtime\sharedRuntime.cpp, line 624]
Event: 1.059 Thread 0x00000242963e20d0 Exception <a 'java/lang/ArrayIndexOutOfBoundsException'{0x00000007127c3238}> (0x00000007127c3238) 
thrown [t:\workspace\open\src\hotspot\share\runtime\sharedRuntime.cpp, line 624]
Event: 1.059 Thread 0x00000242963e20d0 Exception <a 'java/lang/ArrayIndexOutOfBoundsException'{0x00000007127c3580}> (0x00000007127c3580) 
thrown [t:\workspace\open\src\hotspot\share\runtime\sharedRuntime.cpp, line 624]
Event: 1.059 Thread 0x00000242963e20d0 Exception <a 'java/lang/ArrayIndexOutOfBoundsException'{0x00000007127c38c8}> (0x00000007127c38c8) 
thrown [t:\workspace\open\src\hotspot\share\runtime\sharedRuntime.cpp, line 624]
Event: 1.059 Thread 0x00000242963e20d0 Exception <a 'java/lang/ArrayIndexOutOfBoundsException'{0x00000007127c3c10}> (0x00000007127c3c10) 
thrown [t:\workspace\open\src\hotspot\share\runtime\sharedRuntime.cpp, line 624]
Event: 1.059 Thread 0x00000242963e20d0 Exception <a 'java/lang/ArrayIndexOutOfBoundsException'{0x00000007127c3f58}> (0x00000007127c3f58) 
thrown [t:\workspace\open\src\hotspot\share\runtime\sharedRuntime.cpp, line 624]
Event: 1.059 Thread 0x00000242963e20d0 Exception <a 'java/lang/ArrayIndexOutOfBoundsException'{0x00000007127c42a0}> (0x00000007127c42a0) 
thrown [t:\workspace\open\src\hotspot\share\runtime\sharedRuntime.cpp, line 624]
Event: 1.059 Thread 0x00000242963e20d0 Exception <a 'java/lang/ArrayIndexOutOfBoundsException'{0x00000007127c45e8}> (0x00000007127c45e8) 
thrown [t:\workspace\open\src\hotspot\share\runtime\sharedRuntime.cpp, line 624]
Event: 1.059 Thread 0x00000242963e20d0 Exception <a 'java/lang/ArrayIndexOutOfBoundsException'{0x00000007127c4930}> (0x00000007127c4930) 
thrown [t:\workspace\open\src\hotspot\share\runtime\sharedRuntime.cpp, line 624]
Event: 1.059 Thread 0x00000242963e20d0 Exception <a 'java/lang/ArrayIndexOutOfBoundsException'{0x00000007127c4c78}> (0x00000007127c4c78) 
thrown [t:\workspace\open\src\hotspot\share\runtime\sharedRuntime.cpp, line 624]
Event: 1.059 Thread 0x00000242963e20d0 Exception <a 'java/lang/ArrayIndexOutOfBoundsException'{0x00000007127c4fc0}> (0x00000007127c4fc0) 
thrown [t:\workspace\open\src\hotspot\share\runtime\sharedRuntime.cpp, line 624]
Event: 1.059 Thread 0x00000242963e20d0 Exception <a 'java/lang/ArrayIndexOutOfBoundsException'{0x00000007127c5308}> (0x00000007127c5308) 
thrown [t:\workspace\open\src\hotspot\share\runtime\sharedRuntime.cpp, line 624]
Event: 1.059 Thread 0x00000242963e20d0 Exception <a 'java/lang/ArrayIndexOutOfBoundsException'{0x00000007127c5650}> (0x00000007127c5650) 
thrown [t:\workspace\open\src\hotspot\share\runtime\sharedRuntime.cpp, line 624]
Event: 1.059 Thread 0x00000242963e20d0 Exception <a 'java/lang/ArrayIndexOutOfBoundsException'{0x00000007127c5998}> (0x00000007127c5998) 
thrown [t:\workspace\open\src\hotspot\share\runtime\sharedRuntime.cpp, line 624]
Event: 1.059 Thread 0x00000242963e20d0 Exception <a 'java/lang/ArrayIndexOutOfBoundsException'{0x00000007127c5ce0}> (0x00000007127c5ce0) 
thrown [t:\workspace\open\src\hotspot\share\runtime\sharedRuntime.cpp, line 624]
Event: 1.059 Thread 0x00000242963e20d0 Exception <a 'java/lang/ArrayIndexOutOfBoundsException'{0x00000007127c6028}> (0x00000007127c6028) 
thrown [t:\workspace\open\src\hotspot\share\runtime\sharedRuntime.cpp, line 624]
Event: 1.059 Thread 0x00000242963e20d0 Exception <a 'java/lang/ArrayIndexOutOfBoundsException'{0x00000007127c6370}> (0x00000007127c6370) 
thrown [t:\workspace\open\src\hotspot\share\runtime\sharedRuntime.cpp, line 624]
Event: 3.041 Thread 0x00000242963e30c0 Exception <a 'java/lang/InterruptedException'{0x0000000712daab90}> (0x0000000712daab90) 
thrown [t:\workspace\open\src\hotspot\share\runtime\objectMonitor.cpp, line 1705]

Events (20 events):
Event: 1.384 Thread 0x00000242ff980be0 Thread exited: 0x00000242ff980be0
Event: 1.384 Thread 0x0000024295274c40 Thread exited: 0x0000024295274c40
Event: 1.457 Thread 0x0000024296bbca90 Thread exited: 0x0000024296bbca90
Event: 1.535 Thread 0x0000024294fa4370 Thread exited: 0x0000024294fa4370
Event: 2.196 Executing  VM operation: Cleanup
Event: 2.197 Executing  VM operation: Cleanup done
Event: 3.041 Thread 0x00000242963e2620 Thread added: 0x00000242963e2620
Event: 3.041 Thread 0x00000242963e30c0 Thread exited: 0x00000242963e30c0
Event: 3.041 Thread 0x0000024296c133d0 Thread added: 0x0000024296c133d0
Event: 3.041 Thread 0x0000024296c0d430 Thread added: 0x0000024296c0d430
Event: 3.041 loading class java/nio/channels/ClosedChannelException
Event: 3.041 loading class java/nio/channels/ClosedChannelException done
Event: 3.041 Thread 0x0000024296c0bef0 Thread added: 0x0000024296c0bef0
Event: 3.041 Thread 0x00000242963e2620 Thread exited: 0x00000242963e2620
Event: 3.042 Thread 0x00000242951c4340 Thread exited: 0x00000242951c4340
Event: 3.045 Thread 0x00000242ffbdbb70 Thread exited: 0x00000242ffbdbb70
Event: 3.069 Thread 0x00000242955b5950 Thread exited: 0x00000242955b5950
Event: 3.071 Thread 0x0000024296c133d0 Thread exited: 0x0000024296c133d0
Event: 3.142 Thread 0x0000024296c0d430 Thread exited: 0x0000024296c0d430
Event: 3.142 Executing  VM operation: Exit


Dynamic libraries:
0x00007ff62cff0000 - 0x00007ff62d000000 	C:\Program Files\Java\jdk-16.0.2\bin\javaw.exe
0x00007fff8ebf0000 - 0x00007fff8ede5000 	C:\windows\SYSTEM32\ntdll.dll
0x00007fff8de50000 - 0x00007fff8df0e000 	C:\windows\System32\KERNEL32.DLL
0x00007fff8c5c0000 - 0x00007fff8c888000 	C:\windows\System32\KERNELBASE.dll
0x00007fff8cab0000 - 0x00007fff8cbb0000 	C:\windows\System32\ucrtbase.dll
0x00007fff851c0000 - 0x00007fff851d8000 	C:\Program Files\Java\jdk-16.0.2\bin\jli.dll
0x00007fff84d80000 - 0x00007fff84d99000 	C:\Program Files\Java\jdk-16.0.2\bin\VCRUNTIME140.dll
0x00007fff8eb00000 - 0x00007fff8ebac000 	C:\windows\System32\ADVAPI32.dll
0x00007fff8e270000 - 0x00007fff8e30e000 	C:\windows\System32\msvcrt.dll
0x00007fff8e310000 - 0x00007fff8e3ab000 	C:\windows\System32\sechost.dll
0x00007fff8d3a0000 - 0x00007fff8d4ca000 	C:\windows\System32\RPCRT4.dll
0x00007fff8d5f0000 - 0x00007fff8d791000 	C:\windows\System32\USER32.dll
0x00007fff8cbb0000 - 0x00007fff8cbd2000 	C:\windows\System32\win32u.dll
0x00007fff8cef0000 - 0x00007fff8cf1b000 	C:\windows\System32\GDI32.dll
0x00007fff8c310000 - 0x00007fff8c41b000 	C:\windows\System32\gdi32full.dll
0x00007fff63bb0000 - 0x00007fff63e4a000 	C:\windows\WinSxS\amd64_microsoft.windows.common-controls_6595b64144ccf1df_6.0.19041.1110_none_60b5254171f9507e\COMCTL32.dll
0x00007fff8c470000 - 0x00007fff8c50d000 	C:\windows\System32\msvcp_win.dll
0x00007fff85760000 - 0x00007fff8576a000 	C:\windows\SYSTEM32\VERSION.dll
0x00007fff8dd50000 - 0x00007fff8dd80000 	C:\windows\System32\IMM32.DLL
0x00007fff85750000 - 0x00007fff8575c000 	C:\Program Files\Java\jdk-16.0.2\bin\vcruntime140_1.dll
0x00007fff62820000 - 0x00007fff628b1000 	C:\Program Files\Java\jdk-16.0.2\bin\msvcp140.dll
0x00007fff10d20000 - 0x00007fff118cb000 	C:\Program Files\Java\jdk-16.0.2\bin\server\jvm.dll
0x00007fff8d5e0000 - 0x00007fff8d5e8000 	C:\windows\System32\PSAPI.DLL
0x00007fff85700000 - 0x00007fff85709000 	C:\windows\SYSTEM32\WSOCK32.dll
0x00007fff8dd80000 - 0x00007fff8ddeb000 	C:\windows\System32\WS2_32.dll
0x00007fff670e0000 - 0x00007fff67107000 	C:\windows\SYSTEM32\WINMM.dll
0x00007fff8ab90000 - 0x00007fff8aba2000 	C:\windows\SYSTEM32\kernel.appcore.dll
0x00007fff84e20000 - 0x00007fff84e2a000 	C:\Program Files\Java\jdk-16.0.2\bin\jimage.dll
0x00007fff8a0f0000 - 0x00007fff8a2d4000 	C:\windows\SYSTEM32\DBGHELP.DLL
0x00007fff79e40000 - 0x00007fff79e6c000 	C:\windows\SYSTEM32\dbgcore.DLL
0x00007fff8ca20000 - 0x00007fff8caa3000 	C:\windows\System32\bcryptPrimitives.dll
0x00007fff68960000 - 0x00007fff68985000 	C:\Program Files\Java\jdk-16.0.2\bin\java.dll
0x00007fff8e3c0000 - 0x00007fff8eaff000 	C:\windows\System32\SHELL32.dll
0x00007fff8a3f0000 - 0x00007fff8ab80000 	C:\windows\SYSTEM32\windows.storage.dll
0x00007fff8df10000 - 0x00007fff8e265000 	C:\windows\System32\combase.dll
0x00007fff8bcf0000 - 0x00007fff8bd1e000 	C:\windows\SYSTEM32\Wldp.dll
0x00007fff8d4d0000 - 0x00007fff8d57d000 	C:\windows\System32\SHCORE.dll
0x00007fff8db30000 - 0x00007fff8db85000 	C:\windows\System32\shlwapi.dll
0x00007fff8c250000 - 0x00007fff8c26f000 	C:\windows\SYSTEM32\profapi.dll
0x00007fff73f50000 - 0x00007fff73f69000 	C:\Program Files\Java\jdk-16.0.2\bin\net.dll
0x00007fff873d0000 - 0x00007fff874dc000 	C:\windows\SYSTEM32\WINHTTP.dll
0x00007fff8ba50000 - 0x00007fff8baba000 	C:\windows\system32\mswsock.dll
0x00007fff632a0000 - 0x00007fff632b3000 	C:\Program Files\Java\jdk-16.0.2\bin\nio.dll
0x00007fff63280000 - 0x00007fff63298000 	C:\Program Files\Java\jdk-16.0.2\bin\zip.dll
0x00007fff84880000 - 0x00007fff84890000 	C:\Program Files\Java\jdk-16.0.2\bin\verify.dll
0x00007fff3ed30000 - 0x00007fff3eeb0000 	C:\Program Files\Java\jdk-16.0.2\bin\awt.dll
0x00007fff8d880000 - 0x00007fff8d94d000 	C:\windows\System32\OLEAUT32.dll
0x00007fff89770000 - 0x00007fff89800000 	C:\windows\SYSTEM32\apphelp.dll
0x00007fff89950000 - 0x00007fff899ee000 	C:\windows\system32\uxtheme.dll
0x00007fff8cc40000 - 0x00007fff8cd55000 	C:\windows\System32\MSCTF.dll
0x00007fff8dc20000 - 0x00007fff8dd4a000 	C:\windows\System32\ole32.dll
0x00007fff89a40000 - 0x00007fff89a6f000 	C:\windows\system32\DWMAPI.DLL
0x00007fff75400000 - 0x00007fff75525000 	C:\windows\system32\opengl32.dll
0x00007fff84f00000 - 0x00007fff84f2c000 	C:\windows\SYSTEM32\GLU32.dll
0x00007fff8bc40000 - 0x00007fff8bc58000 	C:\windows\SYSTEM32\CRYPTSP.dll
0x00007fff8b370000 - 0x00007fff8b3a4000 	C:\windows\system32\rsaenh.dll
0x00007fff8c9f0000 - 0x00007fff8ca17000 	C:\windows\System32\bcrypt.dll
0x00007fff8c1d0000 - 0x00007fff8c1fe000 	C:\windows\SYSTEM32\USERENV.dll
0x00007fff8bc60000 - 0x00007fff8bc6c000 	C:\windows\SYSTEM32\CRYPTBASE.dll
0x00007fff8b6e0000 - 0x00007fff8b71b000 	C:\windows\SYSTEM32\IPHLPAPI.DLL
0x00007fff8e3b0000 - 0x00007fff8e3b8000 	C:\windows\System32\NSI.dll
0x00007fff85a60000 - 0x00007fff85a77000 	C:\windows\SYSTEM32\dhcpcsvc6.DLL
0x00007fff85a40000 - 0x00007fff85a5d000 	C:\windows\SYSTEM32\dhcpcsvc.DLL
0x00007fff8b720000 - 0x00007fff8b7eb000 	C:\windows\SYSTEM32\DNSAPI.dll
0x00000000637c0000 - 0x00000000637cd000 	C:\Users\sethr\AppData\Local\Temp\jogamp_0000\file_cache\jln66425107129654181\jln18177398416100853602\natives\windows-amd64\gluegen-rt.dll
0x00007fff73ca0000 - 0x00007fff73ca7000 	C:\Program Files\Java\jdk-16.0.2\bin\jawt.dll
0x000000006a440000 - 0x000000006a44d000 	C:\Users\sethr\AppData\Local\Temp\jogamp_0000\file_cache\jln66425107129654181\jln18177398416100853602\natives\windows-amd64\nativewindow_awt.dll
0x000000006c100000 - 0x000000006c10f000 	C:\Users\sethr\AppData\Local\Temp\jogamp_0000\file_cache\jln66425107129654181\jln18177398416100853602\natives\windows-amd64\nativewindow_win32.dll
0x000000006cbc0000 - 0x000000006cbd3000 	C:\Users\sethr\AppData\Local\Temp\jogamp_0000\file_cache\jln66425107129654181\jln18177398416100853602\natives\windows-amd64\newt.dll
0x00007fff867c0000 - 0x00007fff8686e000 	C:\windows\SYSTEM32\mscms.dll
0x00007fff86750000 - 0x00007fff86761000 	C:\windows\SYSTEM32\ColorAdapterClient.dll
0x00007fff507f0000 - 0x00007fff50833000 	C:\windows\SYSTEM32\icm32.dll
0x00007fff8cf20000 - 0x00007fff8d392000 	C:\windows\System32\setupapi.dll
0x00007fff8c420000 - 0x00007fff8c46e000 	C:\windows\System32\cfgmgr32.dll
0x00007fff8c0b0000 - 0x00007fff8c0e4000 	C:\windows\SYSTEM32\DEVOBJ.dll
0x00007fff8cbe0000 - 0x00007fff8cc40000 	C:\windows\System32\WINTRUST.dll
0x00007fff8c890000 - 0x00007fff8c9e6000 	C:\windows\System32\CRYPT32.dll
0x00007fff8be80000 - 0x00007fff8be92000 	C:\windows\SYSTEM32\MSASN1.dll
0x0000000064500000 - 0x00000000645b1000 	C:\Users\sethr\AppData\Local\Temp\jogamp_0000\file_cache\jln66425107129654181\jln18177398416100853602\natives\windows-amd64\jogl_desktop.dll
0x0000000064340000 - 0x00000000643a2000 	C:\Users\sethr\AppData\Local\Temp\jogamp_0000\file_cache\jln66425107129654181\jln18177398416100853602\natives\windows-amd64\jogl_mobile.dll
0x00007fff8cd60000 - 0x00007fff8ce09000 	C:\windows\System32\clbcatq.dll
0x00007ffef60a0000 - 0x00007ffef70a0000 	C:\windows\System32\DriverStore\FileRepository\iigd_dch.inf_amd64_14d6d9e2312c79ae\igxelpicd64.dll
0x00007fff8ad20000 - 0x00007fff8ae14000 	C:\windows\system32\dxgi.dll
0x00007fff04e40000 - 0x00007fff052a4000 	C:\windows\System32\DriverStore\FileRepository\iigd_dch.inf_amd64_14d6d9e2312c79ae\igdml64.dll
0x00007fff70030000 - 0x00007fff703ed000 	C:\windows\System32\DriverStore\FileRepository\iigd_dch.inf_amd64_14d6d9e2312c79ae\igdgmm64.dll
0x00007fff6cdf0000 - 0x00007fff70028000 	C:\windows\System32\DriverStore\FileRepository\iigd_dch.inf_amd64_14d6d9e2312c79ae\igc64.dll
0x00007fff8c060000 - 0x00007fff8c0ab000 	C:\windows\SYSTEM32\powrprof.dll
0x00007fff8c040000 - 0x00007fff8c052000 	C:\windows\SYSTEM32\UMPDC.dll
0x00007fff742d0000 - 0x00007fff743c9000 	C:\windows\SYSTEM32\textinputframework.dll
0x00007fff89530000 - 0x00007fff89622000 	C:\windows\System32\CoreMessaging.dll
0x00007fff891d0000 - 0x00007fff8952e000 	C:\windows\System32\CoreUIComponents.dll
0x00007fff88540000 - 0x00007fff88694000 	C:\windows\SYSTEM32\wintypes.dll
0x00007fff8b000000 - 0x00007fff8b033000 	C:\windows\SYSTEM32\ntmarta.dll
0x00007fff791a0000 - 0x00007fff79206000 	C:\windows\system32\Oleacc.dll

dbghelp: loaded successfully - version: 4.0.5 - missing functions: none
symbol engine: initialized successfully - sym options: 0x614 - pdb path: .;C:\Program Files\Java\jdk-16.0.2\bin;C:\windows\SYSTEM32;C:\windows\WinSxS\amd64_microsoft.windows.common-controls_6595b64144ccf1df_6.0.19041.1110_none_60b5254171f9507e;C:\Program Files\Java\jdk-16.0.2\bin\server;C:\Users\sethr\AppData\Local\Temp\jogamp_0000\file_cache\jln66425107129654181\jln18177398416100853602\natives\windows-amd64;C:\windows\System32\DriverStore\FileRepository\iigd_dch.inf_amd64_14d6d9e2312c79ae

VM Arguments:
jvm_args: -Dfile.encoding=Cp1252 -XX:+ShowCodeDetailsInExceptionMessages 
java_command: energywaves.Main
java_class_path (initial): C:\Users\sethr\eclipse-workspace\energywaves\target\classes;C:\Users\sethr\.m2\repository\org\processing\core\3.3.6\core-3.3.6.jar;C:\Users\sethr\.m2\repository\org\jogamp\gluegen\gluegen-rt-main\2.3.2\gluegen-rt-main-2.3.2.jar;C:\Users\sethr\.m2\repository\org\jogamp\gluegen\gluegen-rt\2.3.2\gluegen-rt-2.3.2.jar;C:\Users\sethr\.m2\repository\org\jogamp\gluegen\gluegen-rt\2.3.2\gluegen-rt-2.3.2-natives-android-aarch64.jar;C:\Users\sethr\.m2\repository\org\jogamp\gluegen\gluegen-rt\2.3.2\gluegen-rt-2.3.2-natives-android-armv6.jar;C:\Users\sethr\.m2\repository\org\jogamp\gluegen\gluegen-rt\2.3.2\gluegen-rt-2.3.2-natives-linux-amd64.jar;C:\Users\sethr\.m2\repository\org\jogamp\gluegen\gluegen-rt\2.3.2\gluegen-rt-2.3.2-natives-linux-armv6.jar;C:\Users\sethr\.m2\repository\org\jogamp\gluegen\gluegen-rt\2.3.2\gluegen-rt-2.3.2-natives-linux-armv6hf.jar;C:\Users\sethr\.m2\repository\org\jogamp\gluegen\gluegen-rt\2.3.2\gluegen-rt-2.3.2-natives-linux-i586.jar;C:\Users\sethr\.m2\repository\org\jogamp\gluegen\gluegen-rt\2.3.2\gluegen-rt-2.3.2-natives-macosx-universal.jar;C:\Users\sethr\.m2\repository\org\jogamp\gluegen\gluegen-rt\2.3.2\gluegen-rt-2.3.2-natives-solaris-amd64.jar;C:\Users\sethr\.m2\repository\org\jogamp\gluegen\gluegen-rt\2.3.2\gluegen-rt-2.3.2-natives-solaris-i586.jar;C:\Users\sethr\.m2\repository\org\jogamp\gluegen\gluegen-rt\2.3.2\gluegen-rt-2.3.2-natives-windows-amd64.jar;C:\Users\sethr\.m2\repository\org\jogamp\gluegen\gluegen-rt\2.3.2\gluegen-rt-2.3.2-natives-windows-i586.jar;C:\Users\sethr\.m2\repository\org\jogamp\jogl\jogl-all-main\2.3.2\jogl-all-main-2.3.2.jar;C:\Users\sethr\.m2\repository\org\jogamp\jogl\jogl-all\2.3.2\jogl-all-2.3.2.jar;C:\Users\sethr\.m2\repository\org\jogamp\jogl\jogl-all\2.3.2\jogl-all-2.3.2-natives-android-aarch64.jar;C:\Users\sethr\.m2\repository\org\jogamp\jogl\jogl-all\2.3.2\jogl-all-2.3.2-natives-android-armv6.jar;C:\Users\sethr\.m2\repository\org\jogamp\jogl\jogl-all\2.3.2\jogl-all-2.3.2-natives-l
Launcher Type: SUN_STANDARD

[Global flags]
     intx CICompilerCount                          = 4                                         {product} {ergonomic}
     uint ConcGCThreads                            = 2                                         {product} {ergonomic}
     uint G1ConcRefinementThreads                  = 8                                         {product} {ergonomic}
   size_t G1HeapRegionSize                         = 2097152                                   {product} {ergonomic}
    uintx GCDrainStackTargetSize                   = 64                                        {product} {ergonomic}
   size_t InitialHeapSize                          = 266338304                                 {product} {ergonomic}
   size_t MarkStackSize                            = 4194304                                   {product} {ergonomic}
   size_t MaxHeapSize                              = 4234149888                                {product} {ergonomic}
   size_t MaxNewSize                               = 2539651072                                {product} {ergonomic}
   size_t MinHeapDeltaBytes                        = 2097152                                   {product} {ergonomic}
   size_t MinHeapSize                              = 8388608                                   {product} {ergonomic}
    uintx NonNMethodCodeHeapSize                   = 5839372                                {pd product} {ergonomic}
    uintx NonProfiledCodeHeapSize                  = 122909434                              {pd product} {ergonomic}
    uintx ProfiledCodeHeapSize                     = 122909434                              {pd product} {ergonomic}
    uintx ReservedCodeCacheSize                    = 251658240                              {pd product} {ergonomic}
     bool SegmentedCodeCache                       = true                                      {product} {ergonomic}
     bool ShowCodeDetailsInExceptionMessages       = true                                   {manageable} {command line}
   size_t SoftMaxHeapSize                          = 4234149888                             {manageable} {ergonomic}
     bool UseCompressedClassPointers               = true                           {product lp64_product} {ergonomic}
     bool UseCompressedOops                        = true                           {product lp64_product} {ergonomic}
     bool UseG1GC                                  = true                                      {product} {ergonomic}
     bool UseLargePagesIndividualAllocation        = false                                  {pd product} {ergonomic}

Logging:
Log output configuration:
 #0: stdout all=off uptime,level,tags
 #1: stderr all=off uptime,level,tags

Environment Variables:
PATH=C:\Program Files\Oculus\Support\oculus-runtime;C:\Program Files\Common Files\Oracle\Java\javapath;C:\windows\system32;C:\windows;C:\windows\System32\Wbem;C:\windows\System32\WindowsPowerShell\v1.0\;C:\windows\System32\OpenSSH\;C:\MinGW\mingw32\bin;C:\ProgramData\chocolatey\bin;C:\ProgramData\chocolatey\bin\make.exe;C:\Program Files\Git\cmd;C:\Program Files\nodejs\;C:\Users\sethr\AppData\Local\Programs\Python\Python39\Scripts\;C:\Users\sethr\AppData\Local\Programs\Python\Python39\;C:\Users\sethr\AppData\Local\Microsoft\WindowsApps;C:\Users\sethr\AppData\Local\Programs\Microsoft VS Code\bin;C:\Users\sethr\AppData\Local\GitHubDesktop\bin;C:\Users\sethr\AppData\Roaming\npm
USERNAME=sethr
OS=Windows_NT
PROCESSOR_IDENTIFIER=Intel64 Family 6 Model 140 Stepping 1, GenuineIntel



---------------  S Y S T E M  ---------------

OS:
 Windows 10 , 64 bit Build 19041 (10.0.19041.1348)
OS uptime: 30 days 20:40 hours

CPU: total 8 (initial active 8) (4 cores per cpu, 2 threads per core) family 6 model 140 stepping 1 microcode 0x86, cx8, cmov, fxsr, ht, mmx, 3dnowpref, sse, sse2, sse3, ssse3, sse4.1, sse4.2, popcnt, lzcnt, tsc, tscinvbit, avx, avx2, aes, erms, clmul, bmi1, bmi2, adx, avx512f, avx512dq, avx512cd, avx512bw, avx512vl, sha, fma, vzeroupper, avx512_vpopcntdq, avx512_vpclmulqdq, avx512_vaes, avx512_vnni, clflush, clflushopt, clwb, avx512_vmbi2, avx512_vmbi

Memory: 4k page, system-wide physical 16149M (6923M free)
TotalPageFile size 27525M (AvailPageFile size 7164M)
current process WorkingSet (physical memory assigned to process): 417M, peak: 424M
current process commit charge ("private bytes"): 541M, peak: 545M

vm_info: Java HotSpot(TM) 64-Bit Server VM (16.0.2+7-67) for windows-amd64 JRE (16.0.2+7-67), built on Jun  8 2021 23:24:19 by "mach5one" with MS VC++ 16.7 (VS2019)

END.
