#
# A fatal error has been detected by the Java Runtime Environment:
#
#  EXCEPTION_ACCESS_VIOLATION (0xc0000005) at pc=0x00007ffc6dc82c4c, pid=10488, tid=14528
#
# JRE version: Java(TM) SE Runtime Environment (16.0.2+7) (build 16.0.2+7-67)
# Java VM: Java HotSpot(TM) 64-Bit Server VM (16.0.2+7-67, mixed mode, sharing, tiered, compressed oops, compressed class ptrs, g1 gc, windows-amd64)
# Problematic frame:
# C  [igxelpicd64.dll+0x282c4c]
#
# No core dump will be written. Minidumps are not enabled by default on client versions of Windows
#
# If you would like to submit a bug report, please visit:
#   https://bugreport.java.com/bugreport/crash.jsp
#

---------------  S U M M A R Y ------------

Command Line: -Dfile.encoding=Cp1252 -XX:+ShowCodeDetailsInExceptionMessages energywaves.Main

Host: 11th Gen Intel(R) Core(TM) i7-1165G7 @ 2.80GHz, 8 cores, 15G,  Windows 10 , 64 bit Build 19041 (10.0.19041.1348)
Time: Fri Dec 17 08:37:35 2021 Eastern Standard Time elapsed time: 55.321421 seconds (0d 0h 0m 55s)

---------------  T H R E A D  ---------------

Current thread (0x000001bedb0cc5e0):  VMThread "VM Thread" [stack: 0x00000044be400000,0x00000044be500000] [id=14528]

Stack: [0x00000044be400000,0x00000044be500000],  sp=0x00000044be4fe060,  free space=1016k
Native frames: (J=compiled Java code, j=interpreted, Vv=VM code, C=native code)
C  [igxelpicd64.dll+0x282c4c]


siginfo: EXCEPTION_ACCESS_VIOLATION (0xc0000005), reading address 0x00000000000356f8


Register to memory mapping:

RIP=0x00007ffc6dc82c4c igxelpicd64.dll
RAX=0x000001bede611a50 points into unknown readable memory: 0x0000000000059c9c | 9c 9c 05 00 00 00 00 00
RBX=0x000001bedc7c2d40 points into unknown readable memory: 0xffffffffffffffff | ff ff ff ff ff ff ff ff
RCX=0x0 is NULL
RDX=0x0000000000000002 is an unknown value
RSP=0x00000044be4fe060 points into unknown readable memory: 0x000001bedc7c2d40 | 40 2d 7c dc be 01 00 00
RBP=0x0000000000000016 is an unknown value
RSI=0x000001bedc12b750 points into unknown readable memory: 0x00007ffcfafa7f00 | 00 7f fa fa fc 7f 00 00
RDI=0x0 is NULL
R8 =0x0000000000000014 is an unknown value
R9 =0x0 is NULL
R10=0x0 is NULL
R11=0x0000000000000246 is an unknown value
R12=0x000001bede611e88 points into unknown readable memory: 0x000001bede610c20 | 20 0c 61 de be 01 00 00
R13=0x0 is NULL
R14=0x000001bede6118c0 points into unknown readable memory: 0x000001bedd6ea920 | 20 a9 6e dd be 01 00 00
R15=0x0 is NULL


Registers:
RAX=0x000001bede611a50, RBX=0x000001bedc7c2d40, RCX=0x0000000000000000, RDX=0x0000000000000002
RSP=0x00000044be4fe060, RBP=0x0000000000000016, RSI=0x000001bedc12b750, RDI=0x0000000000000000
R8 =0x0000000000000014, R9 =0x0000000000000000, R10=0x0000000000000000, R11=0x0000000000000246
R12=0x000001bede611e88, R13=0x0000000000000000, R14=0x000001bede6118c0, R15=0x0000000000000000
RIP=0x00007ffc6dc82c4c, EFLAGS=0x0000000000010206

Top of Stack: (sp=0x00000044be4fe060)
0x00000044be4fe060:   000001bedc7c2d40 00007ffcfb71d859
0x00000044be4fe070:   00000044be4fe0f8 0000000000000000
0x00000044be4fe080:   0000000000000054 000001bedc7c2d40
0x00000044be4fe090:   00000044be4fe2b0 00007ffcfc650ba4
0x00000044be4fe0a0:   00000044be4fe210 0000000000000000
0x00000044be4fe0b0:   000001beb6280b54 000001bede0a0bb8
0x00000044be4fe0c0:   0000000000059cb3 0000000000000000
0x00000044be4fe0d0:   0000000000000014 0000000000000000
0x00000044be4fe0e0:   0000000000000000 00000044be4fe200
0x00000044be4fe0f0:   000001bedc12b750 00007ffc6dab769c
0x00000044be4fe100:   000001be00000016 000001bede610c20
0x00000044be4fe110:   00000044bd9eb000 00007ffcfc5cd200
0x00000044be4fe120:   0000004400001868 0000b80219800000
0x00000044be4fe130:   0000000000000000 000001beb6270000
0x00000044be4fe140:   00007ffcfc6178c0 00000004f46857d4
0x00000044be4fe150:   00000000000004b4 000001beb6271c04 

Instructions: (pc=0x00007ffc6dc82c4c)
0x00007ffc6dc82b4c:   41 bf 20 00 00 00 48 8b 04 38 4d 8b 3c 07 0f b6
0x00007ffc6dc82b5c:   bc 24 b0 00 00 00 4c 3b 3d d7 f8 cb 00 41 0f 44
0x00007ffc6dc82b6c:   e9 89 ac 24 a0 00 00 00 48 85 c9 0f 84 d4 07 00
0x00007ffc6dc82b7c:   00 0f 1f 00 4c 8b f1 4c 8d a1 c8 05 00 00 49 8b
0x00007ffc6dc82b8c:   04 24 48 89 84 24 a8 00 00 00 40 84 ff 74 10 48
0x00007ffc6dc82b9c:   8b d1 48 8b 09 e8 ea 8d e3 ff e9 4f 07 00 00 8b
0x00007ffc6dc82bac:   96 d0 01 00 00 48 8b 05 58 dd bb 00 83 b8 64 03
0x00007ffc6dc82bbc:   00 00 02 0f 85 19 02 00 00 83 fa 10 73 0e 48 8d
0x00007ffc6dc82bcc:   42 04 48 8d 04 c2 48 8d 04 c1 eb 60 8d 4a f0 8b
0x00007ffc6dc82bdc:   c1 c1 e8 04 83 f8 03 73 1d 0f ae e8 83 e1 0f 4d
0x00007ffc6dc82bec:   8b 84 c6 80 05 00 00 4d 85 c0 74 25 48 8d 0c c9
0x00007ffc6dc82bfc:   49 8d 04 c8 eb 36 49 8b 86 98 05 00 00 48 85 c0
0x00007ffc6dc82c0c:   74 0f 66 90 39 10 74 2f 48 8b 40 50 48 85 c0 75
0x00007ffc6dc82c1c:   f3 41 80 be a0 05 00 00 00 74 22 8b c2 83 e0 0f
0x00007ffc6dc82c2c:   48 8d 04 c0 48 8d 40 20 49 8d 04 c6 48 85 c0 74
0x00007ffc6dc82c3c:   0c 48 8b 48 08 eb 09 48 83 c0 08 eb ef 49 8b c9
0x00007ffc6dc82c4c:   49 3b 8f f8 56 03 00 0f 86 85 01 00 00 83 fa 10
0x00007ffc6dc82c5c:   73 0a 48 8d 42 04 48 8d 04 c2 eb 5c 8d 4a f0 8b
0x00007ffc6dc82c6c:   c1 c1 e8 04 83 f8 03 73 1d 0f ae e8 83 e1 0f 4d
0x00007ffc6dc82c7c:   8b 84 c6 80 05 00 00 4d 85 c0 74 25 48 8d 0c c9
0x00007ffc6dc82c8c:   49 8d 04 c8 eb 36 49 8b 86 98 05 00 00 48 85 c0
0x00007ffc6dc82c9c:   74 0f 66 90 39 10 74 2f 48 8b 40 50 48 85 c0 75
0x00007ffc6dc82cac:   f3 41 80 be a0 05 00 00 00 74 22 8b c2 83 e0 0f
0x00007ffc6dc82cbc:   48 8d 04 c0 48 8d 40 20 49 8d 04 c6 48 85 c0 74
0x00007ffc6dc82ccc:   0c 48 8b 48 08 eb 09 48 83 c0 08 eb ef 49 8b c9
0x00007ffc6dc82cdc:   49 3b 8e 40 06 00 00 0f 86 f5 00 00 00 48 8b 86
0x00007ffc6dc82cec:   80 02 00 00 49 89 04 24 4c 89 b6 80 02 00 00 ff
0x00007ffc6dc82cfc:   86 88 02 00 00 ba 01 00 00 00 49 8b 4e 08 e8 41
0x00007ffc6dc82d0c:   28 59 00 0f b7 c8 48 2b c1 48 05 00 00 01 00 48
0x00007ffc6dc82d1c:   01 86 90 02 00 00 ba 01 00 00 00 49 8b 4e 08 e8
0x00007ffc6dc82d2c:   20 28 59 00 48 01 86 a0 02 00 00 85 ed 74 75 49
0x00007ffc6dc82d3c:   8b 9f 58 4f 03 00 0f 57 c0 f3 0f 7f 44 24 30 c7 


Stack slot to memory mapping:
stack at sp + 0 slots: 0x000001bedc7c2d40 points into unknown readable memory: 0xffffffffffffffff | ff ff ff ff ff ff ff ff
stack at sp + 1 slots: 0x00007ffcfb71d859 USER32.dll
stack at sp + 2 slots: 0x00000044be4fe0f8 points into unknown readable memory: 0x00007ffc6dab769c | 9c 76 ab 6d fc 7f 00 00
stack at sp + 3 slots: 0x0 is NULL
stack at sp + 4 slots: 0x0000000000000054 is an unknown value
stack at sp + 5 slots: 0x000001bedc7c2d40 points into unknown readable memory: 0xffffffffffffffff | ff ff ff ff ff ff ff ff
stack at sp + 6 slots: 0x00000044be4fe2b0 points into unknown readable memory: 0x0000000000000000 | 00 00 00 00 00 00 00 00
stack at sp + 7 slots: 0x00007ffcfc650ba4 ntdll.dll

VM_Operation (0x00000044c01fe880): Exit, mode: safepoint, requested by thread 0x000001bedd7d3150


---------------  P R O C E S S  ---------------

Threads class SMR info:
_java_thread_list=0x000001bede4bbf00, length=16, elements={
0x000001bedb0cefd0, 0x000001bedb0d1af0, 0x000001bedb0e0790, 0x000001bedb0e31b0,
0x000001bedb0e5ad0, 0x000001bedb0e83f0, 0x000001bedb0f45f0, 0x000001bedb115000,
0x000001bedb115950, 0x000001bedbd274f0, 0x000001bedbd2d130, 0x000001bedc31f130,
0x000001bedd7d36a0, 0x000001bedd7d2c00, 0x000001bedd7d3150, 0x000001bedbe57550
}

Java Threads: ( => current thread )
  0x000001bedb0cefd0 JavaThread "Reference Handler" daemon [_thread_blocked, id=21064, stack(0x00000044be500000,0x00000044be600000)]
  0x000001bedb0d1af0 JavaThread "Finalizer" daemon [_thread_blocked, id=18220, stack(0x00000044be600000,0x00000044be700000)]
  0x000001bedb0e0790 JavaThread "Signal Dispatcher" daemon [_thread_blocked, id=18628, stack(0x00000044be700000,0x00000044be800000)]
  0x000001bedb0e31b0 JavaThread "Attach Listener" daemon [_thread_blocked, id=19616, stack(0x00000044be800000,0x00000044be900000)]
  0x000001bedb0e5ad0 JavaThread "Service Thread" daemon [_thread_blocked, id=12852, stack(0x00000044be900000,0x00000044bea00000)]
  0x000001bedb0e83f0 JavaThread "Monitor Deflation Thread" daemon [_thread_blocked, id=20076, stack(0x00000044bea00000,0x00000044beb00000)]
  0x000001bedb0f45f0 JavaThread "C2 CompilerThread0" daemon [_thread_blocked, id=19028, stack(0x00000044beb00000,0x00000044bec00000)]
  0x000001bedb115000 JavaThread "C1 CompilerThread0" daemon [_thread_blocked, id=12900, stack(0x00000044bec00000,0x00000044bed00000)]
  0x000001bedb115950 JavaThread "Sweeper thread" daemon [_thread_blocked, id=9008, stack(0x00000044bed00000,0x00000044bee00000)]
  0x000001bedbd274f0 JavaThread "Notification Thread" daemon [_thread_blocked, id=19420, stack(0x00000044bee00000,0x00000044bef00000)]
  0x000001bedbd2d130 JavaThread "Common-Cleaner" daemon [_thread_blocked, id=15216, stack(0x00000044bf000000,0x00000044bf100000)]
  0x000001bedc31f130 JavaThread "Java2D Disposer" daemon [_thread_blocked, id=5716, stack(0x00000044bf100000,0x00000044bf200000)]
  0x000001bedd7d36a0 JavaThread "HighResTimerThread" daemon [_thread_blocked, id=12884, stack(0x00000044bf200000,0x00000044bf300000)]
  0x000001bedd7d2c00 JavaThread "DestroyJavaVM" [_thread_blocked, id=16344, stack(0x00000044bde00000,0x00000044bdf00000)]
  0x000001bedd7d3150 JavaThread "main-FPSAWTAnimator#00-Timer0-FPSAWTAnimator#00-Timer1" [_thread_blocked, id=12932, stack(0x00000044c0100000,0x00000044c0200000)]
  0x000001bedbe57550 JavaThread "AWT-Shutdown" [_thread_blocked, id=16056, stack(0x00000044bf400000,0x00000044bf500000)]

Other Threads:
=>0x000001bedb0cc5e0 VMThread "VM Thread" [stack: 0x00000044be400000,0x00000044be500000] [id=14528]
  0x000001beb862c360 GCTaskThread "GC Thread#0" [stack: 0x00000044bdf00000,0x00000044be000000] [id=9728]
  0x000001bedc654930 GCTaskThread "GC Thread#1" [stack: 0x00000044bf500000,0x00000044bf600000] [id=9000]
  0x000001bedc654c40 GCTaskThread "GC Thread#2" [stack: 0x00000044bf600000,0x00000044bf700000] [id=13784]
  0x000001bedc654f50 GCTaskThread "GC Thread#3" [stack: 0x00000044bf700000,0x00000044bf800000] [id=12424]
  0x000001bedc655260 GCTaskThread "GC Thread#4" [stack: 0x00000044bf800000,0x00000044bf900000] [id=15836]
  0x000001bedc655570 GCTaskThread "GC Thread#5" [stack: 0x00000044bf900000,0x00000044bfa00000] [id=4152]
  0x000001bedd904570 GCTaskThread "GC Thread#6" [stack: 0x00000044bff00000,0x00000044c0000000] [id=20812]
  0x000001bedd904880 GCTaskThread "GC Thread#7" [stack: 0x00000044c0200000,0x00000044c0300000] [id=12652]
  0x000001beb863efa0 ConcurrentGCThread "G1 Main Marker" terminated
  0x000001beb86400c0 ConcurrentGCThread "G1 Conc#0" [stack: 0x00000044be100000,0x00000044be200000] [id=19628]
  0x000001bedaf824c0 ConcurrentGCThread "G1 Refine#0" terminated
  0x000001bedaf82e50 ConcurrentGCThread "G1 Service" terminated

Threads with active compile tasks:

VM state: at safepoint (shutting down)

VM Mutex/Monitor currently owned by a thread:  ([mutex/lock_event])
[0x000001beb85d9880] Threads_lock - owner thread: 0x000001bedb0cc5e0
[0x000001beb85d9e20] Heap_lock - owner thread: 0x000001bedd7d3150

Heap address: 0x0000000703a00000, size: 4038 MB, Compressed Oops mode: Zero based, Oop shift amount: 3

CDS archive(s) mapped at: [0x0000000800000000-0x0000000800bb0000-0x0000000800bb0000), size 12255232, SharedBaseAddress: 0x0000000800000000, ArchiveRelocationMode: 0.
Compressed class space mapped at: 0x0000000800c00000-0x0000000840c00000, reserved size: 1073741824
Narrow klass base: 0x0000000800000000, Narrow klass shift: 3, Narrow klass range: 0x100000000

GC Precious Log:
 CPUs: 8 total, 8 available
 Memory: 16149M
 Large Page Support: Disabled
 NUMA Support: Disabled
 Compressed Oops: Enabled (Zero based)
 Heap Region Size: 2M
 Heap Min Capacity: 8M
 Heap Initial Capacity: 254M
 Heap Max Capacity: 4038M
 Pre-touch: Disabled
 Parallel Workers: 8
 Concurrent Workers: 2
 Concurrent Refinement Workers: 8
 Periodic GC: Disabled

Heap:
 garbage-first heap   total 520192K, used 229059K [0x0000000703a00000, 0x0000000800000000)
  region size 2048K, 27 young (55296K), 1 survivors (2048K)
 Metaspace       used 12696K, committed 12864K, reserved 1064960K
  class space    used 883K, committed 960K, reserved 1048576K

Heap Regions: E=young(eden), S=young(survivor), O=old, HS=humongous(starts), HC=humongous(continues), CS=collection set, F=free, OA=open archive, CA=closed archive, TAMS=top-at-mark-start (previous, next)
|   0|0x0000000703a00000, 0x0000000703c00000, 0x0000000703c00000|100%| O|  |TAMS 0x0000000703a00000, 0x0000000703c00000| Untracked 
|   1|0x0000000703c00000, 0x0000000703c00000, 0x0000000703e00000|  0%| F|  |TAMS 0x0000000703c00000, 0x0000000703c00000| Untracked 
|   2|0x0000000703e00000, 0x0000000704000000, 0x0000000704000000|100%| O|  |TAMS 0x0000000703e00000, 0x0000000704000000| Untracked 
|   3|0x0000000704000000, 0x00000007041e3c00, 0x0000000704200000| 94%| O|  |TAMS 0x0000000704000000, 0x00000007041e3c00| Untracked 
|   4|0x0000000704200000, 0x0000000704400000, 0x0000000704400000|100%|HS|  |TAMS 0x0000000704200000, 0x0000000704400000| Complete 
|   5|0x0000000704400000, 0x0000000704600000, 0x0000000704600000|100%|HC|  |TAMS 0x0000000704400000, 0x0000000704600000| Complete 
|   6|0x0000000704600000, 0x0000000704800000, 0x0000000704800000|100%|HC|  |TAMS 0x0000000704600000, 0x0000000704800000| Complete 
|   7|0x0000000704800000, 0x0000000704a00000, 0x0000000704a00000|100%|HC|  |TAMS 0x0000000704800000, 0x0000000704a00000| Complete 
|   8|0x0000000704a00000, 0x0000000704c00000, 0x0000000704c00000|100%|HC|  |TAMS 0x0000000704a00000, 0x0000000704c00000| Complete 
|   9|0x0000000704c00000, 0x0000000704e00000, 0x0000000704e00000|100%|HC|  |TAMS 0x0000000704c00000, 0x0000000704e00000| Complete 
|  10|0x0000000704e00000, 0x0000000705000000, 0x0000000705000000|100%|HC|  |TAMS 0x0000000704e00000, 0x0000000705000000| Complete 
|  11|0x0000000705000000, 0x0000000705200000, 0x0000000705200000|100%|HS|  |TAMS 0x0000000705000000, 0x0000000705200000| Complete 
|  12|0x0000000705200000, 0x0000000705400000, 0x0000000705400000|100%|HC|  |TAMS 0x0000000705200000, 0x0000000705400000| Complete 
|  13|0x0000000705400000, 0x0000000705600000, 0x0000000705600000|100%|HC|  |TAMS 0x0000000705400000, 0x0000000705600000| Complete 
|  14|0x0000000705600000, 0x0000000705800000, 0x0000000705800000|100%|HC|  |TAMS 0x0000000705600000, 0x0000000705800000| Complete 
|  15|0x0000000705800000, 0x0000000705a00000, 0x0000000705a00000|100%|HC|  |TAMS 0x0000000705800000, 0x0000000705a00000| Complete 
|  16|0x0000000705a00000, 0x0000000705c00000, 0x0000000705c00000|100%|HS|  |TAMS 0x0000000705a00000, 0x0000000705c00000| Complete 
|  17|0x0000000705c00000, 0x0000000705e00000, 0x0000000705e00000|100%|HC|  |TAMS 0x0000000705c00000, 0x0000000705e00000| Complete 
|  18|0x0000000705e00000, 0x0000000706000000, 0x0000000706000000|100%|HC|  |TAMS 0x0000000705e00000, 0x0000000706000000| Complete 
|  19|0x0000000706000000, 0x0000000706200000, 0x0000000706200000|100%|HS|  |TAMS 0x0000000706000000, 0x0000000706200000| Complete 
|  20|0x0000000706200000, 0x0000000706400000, 0x0000000706400000|100%|HC|  |TAMS 0x0000000706200000, 0x0000000706400000| Complete 
|  21|0x0000000706400000, 0x0000000706600000, 0x0000000706600000|100%|HC|  |TAMS 0x0000000706400000, 0x0000000706600000| Complete 
|  22|0x0000000706600000, 0x0000000706800000, 0x0000000706800000|100%|HS|  |TAMS 0x0000000706600000, 0x0000000706800000| Complete 
|  23|0x0000000706800000, 0x0000000706a00000, 0x0000000706a00000|100%|HC|  |TAMS 0x0000000706800000, 0x0000000706a00000| Complete 
|  24|0x0000000706a00000, 0x0000000706c00000, 0x0000000706c00000|100%|HC|  |TAMS 0x0000000706a00000, 0x0000000706c00000| Complete 
|  25|0x0000000706c00000, 0x0000000706e00000, 0x0000000706e00000|100%|HS|  |TAMS 0x0000000706c00000, 0x0000000706e00000| Complete 
|  26|0x0000000706e00000, 0x0000000707000000, 0x0000000707000000|100%|HC|  |TAMS 0x0000000706e00000, 0x0000000707000000| Complete 
|  27|0x0000000707000000, 0x0000000707200000, 0x0000000707200000|100%|HC|  |TAMS 0x0000000707000000, 0x0000000707200000| Complete 
|  28|0x0000000707200000, 0x0000000707400000, 0x0000000707400000|100%|HS|  |TAMS 0x0000000707200000, 0x0000000707400000| Complete 
|  29|0x0000000707400000, 0x0000000707600000, 0x0000000707600000|100%|HC|  |TAMS 0x0000000707400000, 0x0000000707600000| Complete 
|  30|0x0000000707600000, 0x0000000707800000, 0x0000000707800000|100%|HC|  |TAMS 0x0000000707600000, 0x0000000707800000| Complete 
|  31|0x0000000707800000, 0x0000000707a00000, 0x0000000707a00000|100%|HS|  |TAMS 0x0000000707800000, 0x0000000707a00000| Complete 
|  32|0x0000000707a00000, 0x0000000707c00000, 0x0000000707c00000|100%|HC|  |TAMS 0x0000000707a00000, 0x0000000707c00000| Complete 
|  33|0x0000000707c00000, 0x0000000707e00000, 0x0000000707e00000|100%|HC|  |TAMS 0x0000000707c00000, 0x0000000707e00000| Complete 
|  34|0x0000000707e00000, 0x0000000708000000, 0x0000000708000000|100%|HS|  |TAMS 0x0000000707e00000, 0x0000000708000000| Complete 
|  35|0x0000000708000000, 0x0000000708200000, 0x0000000708200000|100%|HC|  |TAMS 0x0000000708000000, 0x0000000708200000| Complete 
|  36|0x0000000708200000, 0x0000000708400000, 0x0000000708400000|100%|HS|  |TAMS 0x0000000708200000, 0x0000000708200000| Complete 
|  37|0x0000000708400000, 0x0000000708600000, 0x0000000708600000|100%|HC|  |TAMS 0x0000000708400000, 0x0000000708400000| Complete 
|  38|0x0000000708600000, 0x0000000708800000, 0x0000000708800000|100%|HC|  |TAMS 0x0000000708600000, 0x0000000708600000| Complete 
|  39|0x0000000708800000, 0x0000000708800000, 0x0000000708a00000|  0%| F|  |TAMS 0x0000000708800000, 0x0000000708800000| Untracked 
|  40|0x0000000708a00000, 0x0000000708a00000, 0x0000000708c00000|  0%| F|  |TAMS 0x0000000708a00000, 0x0000000708a00000| Untracked 
|  41|0x0000000708c00000, 0x0000000708c00000, 0x0000000708e00000|  0%| F|  |TAMS 0x0000000708c00000, 0x0000000708c00000| Untracked 
|  42|0x0000000708e00000, 0x0000000708e00000, 0x0000000709000000|  0%| F|  |TAMS 0x0000000708e00000, 0x0000000708e00000| Untracked 
|  43|0x0000000709000000, 0x0000000709000000, 0x0000000709200000|  0%| F|  |TAMS 0x0000000709000000, 0x0000000709000000| Untracked 
|  44|0x0000000709200000, 0x0000000709400000, 0x0000000709400000|100%|HS|  |TAMS 0x0000000709200000, 0x0000000709400000| Complete 
|  45|0x0000000709400000, 0x0000000709600000, 0x0000000709600000|100%|HC|  |TAMS 0x0000000709400000, 0x0000000709600000| Complete 
|  46|0x0000000709600000, 0x0000000709800000, 0x0000000709800000|100%|HC|  |TAMS 0x0000000709600000, 0x0000000709800000| Complete 
|  47|0x0000000709800000, 0x0000000709a00000, 0x0000000709a00000|100%|HC|  |TAMS 0x0000000709800000, 0x0000000709a00000| Complete 
|  48|0x0000000709a00000, 0x0000000709c00000, 0x0000000709c00000|100%|HC|  |TAMS 0x0000000709a00000, 0x0000000709c00000| Complete 
|  49|0x0000000709c00000, 0x0000000709e00000, 0x0000000709e00000|100%|HC|  |TAMS 0x0000000709c00000, 0x0000000709e00000| Complete 
|  50|0x0000000709e00000, 0x000000070a000000, 0x000000070a000000|100%|HC|  |TAMS 0x0000000709e00000, 0x000000070a000000| Complete 
|  51|0x000000070a000000, 0x000000070a200000, 0x000000070a200000|100%|HS|  |TAMS 0x000000070a000000, 0x000000070a200000| Complete 
|  52|0x000000070a200000, 0x000000070a400000, 0x000000070a400000|100%|HC|  |TAMS 0x000000070a200000, 0x000000070a400000| Complete 
|  53|0x000000070a400000, 0x000000070a600000, 0x000000070a600000|100%|HC|  |TAMS 0x000000070a400000, 0x000000070a600000| Complete 
|  54|0x000000070a600000, 0x000000070a800000, 0x000000070a800000|100%|HS|  |TAMS 0x000000070a600000, 0x000000070a800000| Complete 
|  55|0x000000070a800000, 0x000000070aa00000, 0x000000070aa00000|100%|HC|  |TAMS 0x000000070a800000, 0x000000070aa00000| Complete 
|  56|0x000000070aa00000, 0x000000070ac00000, 0x000000070ac00000|100%|HC|  |TAMS 0x000000070aa00000, 0x000000070ac00000| Complete 
|  57|0x000000070ac00000, 0x000000070ac00000, 0x000000070ae00000|  0%| F|  |TAMS 0x000000070ac00000, 0x000000070ac00000| Untracked 
|  58|0x000000070ae00000, 0x000000070ae00000, 0x000000070b000000|  0%| F|  |TAMS 0x000000070ae00000, 0x000000070ae00000| Untracked 
|  59|0x000000070b000000, 0x000000070b000000, 0x000000070b200000|  0%| F|  |TAMS 0x000000070b000000, 0x000000070b000000| Untracked 
|  60|0x000000070b200000, 0x000000070b200000, 0x000000070b400000|  0%| F|  |TAMS 0x000000070b200000, 0x000000070b200000| Untracked 
|  61|0x000000070b400000, 0x000000070b400000, 0x000000070b600000|  0%| F|  |TAMS 0x000000070b400000, 0x000000070b400000| Untracked 
|  62|0x000000070b600000, 0x000000070b600000, 0x000000070b800000|  0%| F|  |TAMS 0x000000070b600000, 0x000000070b600000| Untracked 
|  63|0x000000070b800000, 0x000000070b800000, 0x000000070ba00000|  0%| F|  |TAMS 0x000000070b800000, 0x000000070b800000| Untracked 
|  64|0x000000070ba00000, 0x000000070ba00000, 0x000000070bc00000|  0%| F|  |TAMS 0x000000070ba00000, 0x000000070ba00000| Untracked 
|  65|0x000000070bc00000, 0x000000070bc00000, 0x000000070be00000|  0%| F|  |TAMS 0x000000070bc00000, 0x000000070bc00000| Untracked 
|  66|0x000000070be00000, 0x000000070be00000, 0x000000070c000000|  0%| F|  |TAMS 0x000000070be00000, 0x000000070be00000| Untracked 
|  67|0x000000070c000000, 0x000000070c000000, 0x000000070c200000|  0%| F|  |TAMS 0x000000070c000000, 0x000000070c000000| Untracked 
|  68|0x000000070c200000, 0x000000070c200000, 0x000000070c400000|  0%| F|  |TAMS 0x000000070c200000, 0x000000070c200000| Untracked 
|  69|0x000000070c400000, 0x000000070c400000, 0x000000070c600000|  0%| F|  |TAMS 0x000000070c400000, 0x000000070c400000| Untracked 
|  70|0x000000070c600000, 0x000000070c600000, 0x000000070c800000|  0%| F|  |TAMS 0x000000070c600000, 0x000000070c600000| Untracked 
|  71|0x000000070c800000, 0x000000070c800000, 0x000000070ca00000|  0%| F|  |TAMS 0x000000070c800000, 0x000000070c800000| Untracked 
|  72|0x000000070ca00000, 0x000000070ca00000, 0x000000070cc00000|  0%| F|  |TAMS 0x000000070ca00000, 0x000000070ca00000| Untracked 
|  73|0x000000070cc00000, 0x000000070cc00000, 0x000000070ce00000|  0%| F|  |TAMS 0x000000070cc00000, 0x000000070cc00000| Untracked 
|  74|0x000000070ce00000, 0x000000070ce00000, 0x000000070d000000|  0%| F|  |TAMS 0x000000070ce00000, 0x000000070ce00000| Untracked 
|  75|0x000000070d000000, 0x000000070d000000, 0x000000070d200000|  0%| F|  |TAMS 0x000000070d000000, 0x000000070d000000| Untracked 
|  76|0x000000070d200000, 0x000000070d200000, 0x000000070d400000|  0%| F|  |TAMS 0x000000070d200000, 0x000000070d200000| Untracked 
|  77|0x000000070d400000, 0x000000070d400000, 0x000000070d600000|  0%| F|  |TAMS 0x000000070d400000, 0x000000070d400000| Untracked 
|  78|0x000000070d600000, 0x000000070d600000, 0x000000070d800000|  0%| F|  |TAMS 0x000000070d600000, 0x000000070d600000| Untracked 
|  79|0x000000070d800000, 0x000000070d800000, 0x000000070da00000|  0%| F|  |TAMS 0x000000070d800000, 0x000000070d800000| Untracked 
|  80|0x000000070da00000, 0x000000070dc00000, 0x000000070dc00000|100%|HS|  |TAMS 0x000000070da00000, 0x000000070dc00000| Complete 
|  81|0x000000070dc00000, 0x000000070de00000, 0x000000070de00000|100%|HC|  |TAMS 0x000000070dc00000, 0x000000070de00000| Complete 
|  82|0x000000070de00000, 0x000000070e000000, 0x000000070e000000|100%|HS|  |TAMS 0x000000070de00000, 0x000000070e000000| Complete 
|  83|0x000000070e000000, 0x000000070e200000, 0x000000070e200000|100%|HC|  |TAMS 0x000000070e000000, 0x000000070e200000| Complete 
|  84|0x000000070e200000, 0x000000070e400000, 0x000000070e400000|100%|HC|  |TAMS 0x000000070e200000, 0x000000070e400000| Complete 
|  85|0x000000070e400000, 0x000000070e600000, 0x000000070e600000|100%|HC|  |TAMS 0x000000070e400000, 0x000000070e600000| Complete 
|  86|0x000000070e600000, 0x000000070e800000, 0x000000070e800000|100%|HC|  |TAMS 0x000000070e600000, 0x000000070e800000| Complete 
|  87|0x000000070e800000, 0x000000070ea00000, 0x000000070ea00000|100%|HC|  |TAMS 0x000000070e800000, 0x000000070ea00000| Complete 
|  88|0x000000070ea00000, 0x000000070ec00000, 0x000000070ec00000|100%|HC|  |TAMS 0x000000070ea00000, 0x000000070ec00000| Complete 
|  89|0x000000070ec00000, 0x000000070ee00000, 0x000000070ee00000|100%|HC|  |TAMS 0x000000070ec00000, 0x000000070ee00000| Complete 
|  90|0x000000070ee00000, 0x000000070f000000, 0x000000070f000000|100%|HC|  |TAMS 0x000000070ee00000, 0x000000070f000000| Complete 
|  91|0x000000070f000000, 0x000000070f200000, 0x000000070f200000|100%|HS|  |TAMS 0x000000070f000000, 0x000000070f200000| Complete 
|  92|0x000000070f200000, 0x000000070f400000, 0x000000070f400000|100%|HC|  |TAMS 0x000000070f200000, 0x000000070f400000| Complete 
|  93|0x000000070f400000, 0x000000070f600000, 0x000000070f600000|100%|HC|  |TAMS 0x000000070f400000, 0x000000070f600000| Complete 
|  94|0x000000070f600000, 0x000000070f800000, 0x000000070f800000|100%|HS|  |TAMS 0x000000070f600000, 0x000000070f800000| Complete 
|  95|0x000000070f800000, 0x000000070fa00000, 0x000000070fa00000|100%|HC|  |TAMS 0x000000070f800000, 0x000000070fa00000| Complete 
|  96|0x000000070fa00000, 0x000000070fc00000, 0x000000070fc00000|100%|HC|  |TAMS 0x000000070fa00000, 0x000000070fc00000| Complete 
|  97|0x000000070fc00000, 0x000000070fe00000, 0x000000070fe00000|100%|HC|  |TAMS 0x000000070fc00000, 0x000000070fe00000| Complete 
|  98|0x000000070fe00000, 0x0000000710000000, 0x0000000710000000|100%|HC|  |TAMS 0x000000070fe00000, 0x0000000710000000| Complete 
|  99|0x0000000710000000, 0x0000000710200000, 0x0000000710200000|100%|HC|  |TAMS 0x0000000710000000, 0x0000000710200000| Complete 
| 100|0x0000000710200000, 0x0000000710400000, 0x0000000710400000|100%|HC|  |TAMS 0x0000000710200000, 0x0000000710400000| Complete 
| 101|0x0000000710400000, 0x0000000710600000, 0x0000000710600000|100%|HS|  |TAMS 0x0000000710400000, 0x0000000710600000| Complete 
| 102|0x0000000710600000, 0x0000000710800000, 0x0000000710800000|100%|HC|  |TAMS 0x0000000710600000, 0x0000000710800000| Complete 
| 103|0x0000000710800000, 0x0000000710a00000, 0x0000000710a00000|100%|HC|  |TAMS 0x0000000710800000, 0x0000000710a00000| Complete 
| 104|0x0000000710a00000, 0x0000000710c00000, 0x0000000710c00000|100%|HC|  |TAMS 0x0000000710a00000, 0x0000000710c00000| Complete 
| 105|0x0000000710c00000, 0x0000000710e00000, 0x0000000710e00000|100%|HC|  |TAMS 0x0000000710c00000, 0x0000000710e00000| Complete 
| 106|0x0000000710e00000, 0x0000000711000000, 0x0000000711000000|100%|HS|  |TAMS 0x0000000710e00000, 0x0000000711000000| Complete 
| 107|0x0000000711000000, 0x0000000711200000, 0x0000000711200000|100%|HC|  |TAMS 0x0000000711000000, 0x0000000711200000| Complete 
| 108|0x0000000711200000, 0x0000000711400000, 0x0000000711400000|100%|HC|  |TAMS 0x0000000711200000, 0x0000000711400000| Complete 
| 109|0x0000000711400000, 0x0000000711600000, 0x0000000711600000|100%|HS|  |TAMS 0x0000000711400000, 0x0000000711600000| Complete 
| 110|0x0000000711600000, 0x0000000711800000, 0x0000000711800000|100%|HC|  |TAMS 0x0000000711600000, 0x0000000711800000| Complete 
| 111|0x0000000711800000, 0x0000000711a00000, 0x0000000711a00000|100%|HC|  |TAMS 0x0000000711800000, 0x0000000711a00000| Complete 
| 112|0x0000000711a00000, 0x0000000711c00000, 0x0000000711c00000|100%|HS|  |TAMS 0x0000000711a00000, 0x0000000711c00000| Complete 
| 113|0x0000000711c00000, 0x0000000711e00000, 0x0000000711e00000|100%|HC|  |TAMS 0x0000000711c00000, 0x0000000711e00000| Complete 
| 114|0x0000000711e00000, 0x0000000712000000, 0x0000000712000000|100%|HC|  |TAMS 0x0000000711e00000, 0x0000000712000000| Complete 
| 115|0x0000000712000000, 0x0000000712000000, 0x0000000712200000|  0%| F|  |TAMS 0x0000000712000000, 0x0000000712000000| Untracked 
| 116|0x0000000712200000, 0x0000000712200000, 0x0000000712400000|  0%| F|  |TAMS 0x0000000712200000, 0x0000000712200000| Untracked 
| 117|0x0000000712400000, 0x0000000712400000, 0x0000000712600000|  0%| F|  |TAMS 0x0000000712400000, 0x0000000712400000| Untracked 
| 118|0x0000000712600000, 0x0000000712600000, 0x0000000712800000|  0%| F|  |TAMS 0x0000000712600000, 0x0000000712600000| Untracked 
| 119|0x0000000712800000, 0x0000000712800000, 0x0000000712a00000|  0%| F|  |TAMS 0x0000000712800000, 0x0000000712800000| Untracked 
| 120|0x0000000712a00000, 0x0000000712a00000, 0x0000000712c00000|  0%| F|  |TAMS 0x0000000712a00000, 0x0000000712a00000| Untracked 
| 121|0x0000000712c00000, 0x0000000712c00000, 0x0000000712e00000|  0%| F|  |TAMS 0x0000000712c00000, 0x0000000712c00000| Untracked 
| 122|0x0000000712e00000, 0x0000000712e00000, 0x0000000713000000|  0%| F|  |TAMS 0x0000000712e00000, 0x0000000712e00000| Untracked 
| 123|0x0000000713000000, 0x0000000713000000, 0x0000000713200000|  0%| F|  |TAMS 0x0000000713000000, 0x0000000713000000| Untracked 
| 124|0x0000000713200000, 0x0000000713200000, 0x0000000713400000|  0%| F|  |TAMS 0x0000000713200000, 0x0000000713200000| Untracked 
| 125|0x0000000713400000, 0x0000000713400000, 0x0000000713600000|  0%| F|  |TAMS 0x0000000713400000, 0x0000000713400000| Untracked 
| 126|0x0000000713600000, 0x0000000713600000, 0x0000000713800000|  0%| F|  |TAMS 0x0000000713600000, 0x0000000713600000| Untracked 
| 127|0x0000000713800000, 0x0000000713800000, 0x0000000713a00000|  0%| F|  |TAMS 0x0000000713800000, 0x0000000713800000| Untracked 
| 128|0x0000000713a00000, 0x0000000713a00000, 0x0000000713c00000|  0%| F|  |TAMS 0x0000000713a00000, 0x0000000713a00000| Untracked 
| 129|0x0000000713c00000, 0x0000000713c00000, 0x0000000713e00000|  0%| F|  |TAMS 0x0000000713c00000, 0x0000000713c00000| Untracked 
| 130|0x0000000713e00000, 0x0000000713e00000, 0x0000000714000000|  0%| F|  |TAMS 0x0000000713e00000, 0x0000000713e00000| Untracked 
| 131|0x0000000714000000, 0x0000000714000000, 0x0000000714200000|  0%| F|  |TAMS 0x0000000714000000, 0x0000000714000000| Untracked 
| 132|0x0000000714200000, 0x0000000714200000, 0x0000000714400000|  0%| F|  |TAMS 0x0000000714200000, 0x0000000714200000| Untracked 
| 133|0x0000000714400000, 0x0000000714400000, 0x0000000714600000|  0%| F|  |TAMS 0x0000000714400000, 0x0000000714400000| Untracked 
| 134|0x0000000714600000, 0x0000000714600000, 0x0000000714800000|  0%| F|  |TAMS 0x0000000714600000, 0x0000000714600000| Untracked 
| 135|0x0000000714800000, 0x0000000714800000, 0x0000000714a00000|  0%| F|  |TAMS 0x0000000714800000, 0x0000000714800000| Untracked 
| 136|0x0000000714a00000, 0x0000000714a00000, 0x0000000714c00000|  0%| F|  |TAMS 0x0000000714a00000, 0x0000000714a00000| Untracked 
| 137|0x0000000714c00000, 0x0000000714c00000, 0x0000000714e00000|  0%| F|  |TAMS 0x0000000714c00000, 0x0000000714c00000| Untracked 
| 138|0x0000000714e00000, 0x0000000714e00000, 0x0000000715000000|  0%| F|  |TAMS 0x0000000714e00000, 0x0000000714e00000| Untracked 
| 139|0x0000000715000000, 0x0000000715000000, 0x0000000715200000|  0%| F|  |TAMS 0x0000000715000000, 0x0000000715000000| Untracked 
| 140|0x0000000715200000, 0x0000000715200000, 0x0000000715400000|  0%| F|  |TAMS 0x0000000715200000, 0x0000000715200000| Untracked 
| 141|0x0000000715400000, 0x0000000715400000, 0x0000000715600000|  0%| F|  |TAMS 0x0000000715400000, 0x0000000715400000| Untracked 
| 142|0x0000000715600000, 0x0000000715600000, 0x0000000715800000|  0%| F|  |TAMS 0x0000000715600000, 0x0000000715600000| Untracked 
| 143|0x0000000715800000, 0x0000000715800000, 0x0000000715a00000|  0%| F|  |TAMS 0x0000000715800000, 0x0000000715800000| Untracked 
| 144|0x0000000715a00000, 0x0000000715a00000, 0x0000000715c00000|  0%| F|  |TAMS 0x0000000715a00000, 0x0000000715a00000| Untracked 
| 145|0x0000000715c00000, 0x0000000715c00000, 0x0000000715e00000|  0%| F|  |TAMS 0x0000000715c00000, 0x0000000715c00000| Untracked 
| 146|0x0000000715e00000, 0x0000000715e00000, 0x0000000716000000|  0%| F|  |TAMS 0x0000000715e00000, 0x0000000715e00000| Untracked 
| 147|0x0000000716000000, 0x0000000716000000, 0x0000000716200000|  0%| F|  |TAMS 0x0000000716000000, 0x0000000716000000| Untracked 
| 148|0x0000000716200000, 0x0000000716200000, 0x0000000716400000|  0%| F|  |TAMS 0x0000000716200000, 0x0000000716200000| Untracked 
| 149|0x0000000716400000, 0x0000000716400000, 0x0000000716600000|  0%| F|  |TAMS 0x0000000716400000, 0x0000000716400000| Untracked 
| 150|0x0000000716600000, 0x0000000716600000, 0x0000000716800000|  0%| F|  |TAMS 0x0000000716600000, 0x0000000716600000| Untracked 
| 151|0x0000000716800000, 0x0000000716800000, 0x0000000716a00000|  0%| F|  |TAMS 0x0000000716800000, 0x0000000716800000| Untracked 
| 152|0x0000000716a00000, 0x0000000716a00000, 0x0000000716c00000|  0%| F|  |TAMS 0x0000000716a00000, 0x0000000716a00000| Untracked 
| 153|0x0000000716c00000, 0x0000000716c00000, 0x0000000716e00000|  0%| F|  |TAMS 0x0000000716c00000, 0x0000000716c00000| Untracked 
| 154|0x0000000716e00000, 0x0000000716e00000, 0x0000000717000000|  0%| F|  |TAMS 0x0000000716e00000, 0x0000000716e00000| Untracked 
| 155|0x0000000717000000, 0x0000000717000000, 0x0000000717200000|  0%| F|  |TAMS 0x0000000717000000, 0x0000000717000000| Untracked 
| 156|0x0000000717200000, 0x0000000717200000, 0x0000000717400000|  0%| F|  |TAMS 0x0000000717200000, 0x0000000717200000| Untracked 
| 157|0x0000000717400000, 0x0000000717400000, 0x0000000717600000|  0%| F|  |TAMS 0x0000000717400000, 0x0000000717400000| Untracked 
| 158|0x0000000717600000, 0x0000000717600000, 0x0000000717800000|  0%| F|  |TAMS 0x0000000717600000, 0x0000000717600000| Untracked 
| 159|0x0000000717800000, 0x0000000717800000, 0x0000000717a00000|  0%| F|  |TAMS 0x0000000717800000, 0x0000000717800000| Untracked 
| 160|0x0000000717a00000, 0x0000000717a00000, 0x0000000717c00000|  0%| F|  |TAMS 0x0000000717a00000, 0x0000000717a00000| Untracked 
| 161|0x0000000717c00000, 0x0000000717c00000, 0x0000000717e00000|  0%| F|  |TAMS 0x0000000717c00000, 0x0000000717c00000| Untracked 
| 162|0x0000000717e00000, 0x0000000717e00000, 0x0000000718000000|  0%| F|  |TAMS 0x0000000717e00000, 0x0000000717e00000| Untracked 
| 163|0x0000000718000000, 0x0000000718000000, 0x0000000718200000|  0%| F|  |TAMS 0x0000000718000000, 0x0000000718000000| Untracked 
| 164|0x0000000718200000, 0x0000000718200000, 0x0000000718400000|  0%| F|  |TAMS 0x0000000718200000, 0x0000000718200000| Untracked 
| 165|0x0000000718400000, 0x0000000718400000, 0x0000000718600000|  0%| F|  |TAMS 0x0000000718400000, 0x0000000718400000| Untracked 
| 166|0x0000000718600000, 0x0000000718600000, 0x0000000718800000|  0%| F|  |TAMS 0x0000000718600000, 0x0000000718600000| Untracked 
| 167|0x0000000718800000, 0x0000000718800000, 0x0000000718a00000|  0%| F|  |TAMS 0x0000000718800000, 0x0000000718800000| Untracked 
| 168|0x0000000718a00000, 0x0000000718a00000, 0x0000000718c00000|  0%| F|  |TAMS 0x0000000718a00000, 0x0000000718a00000| Untracked 
| 169|0x0000000718c00000, 0x0000000718c00000, 0x0000000718e00000|  0%| F|  |TAMS 0x0000000718c00000, 0x0000000718c00000| Untracked 
| 170|0x0000000718e00000, 0x0000000718e00000, 0x0000000719000000|  0%| F|  |TAMS 0x0000000718e00000, 0x0000000718e00000| Untracked 
| 171|0x0000000719000000, 0x0000000719000000, 0x0000000719200000|  0%| F|  |TAMS 0x0000000719000000, 0x0000000719000000| Untracked 
| 172|0x0000000719200000, 0x0000000719200000, 0x0000000719400000|  0%| F|  |TAMS 0x0000000719200000, 0x0000000719200000| Untracked 
| 173|0x0000000719400000, 0x0000000719400000, 0x0000000719600000|  0%| F|  |TAMS 0x0000000719400000, 0x0000000719400000| Untracked 
| 174|0x0000000719600000, 0x0000000719600000, 0x0000000719800000|  0%| F|  |TAMS 0x0000000719600000, 0x0000000719600000| Untracked 
| 175|0x0000000719800000, 0x0000000719800000, 0x0000000719a00000|  0%| F|  |TAMS 0x0000000719800000, 0x0000000719800000| Untracked 
| 176|0x0000000719a00000, 0x0000000719a00000, 0x0000000719c00000|  0%| F|  |TAMS 0x0000000719a00000, 0x0000000719a00000| Untracked 
| 177|0x0000000719c00000, 0x0000000719c00000, 0x0000000719e00000|  0%| F|  |TAMS 0x0000000719c00000, 0x0000000719c00000| Untracked 
| 178|0x0000000719e00000, 0x0000000719e00000, 0x000000071a000000|  0%| F|  |TAMS 0x0000000719e00000, 0x0000000719e00000| Untracked 
| 179|0x000000071a000000, 0x000000071a000000, 0x000000071a200000|  0%| F|  |TAMS 0x000000071a000000, 0x000000071a000000| Untracked 
| 180|0x000000071a200000, 0x000000071a200000, 0x000000071a400000|  0%| F|  |TAMS 0x000000071a200000, 0x000000071a200000| Untracked 
| 181|0x000000071a400000, 0x000000071a400000, 0x000000071a600000|  0%| F|  |TAMS 0x000000071a400000, 0x000000071a400000| Untracked 
| 182|0x000000071a600000, 0x000000071a600000, 0x000000071a800000|  0%| F|  |TAMS 0x000000071a600000, 0x000000071a600000| Untracked 
| 183|0x000000071a800000, 0x000000071a800000, 0x000000071aa00000|  0%| F|  |TAMS 0x000000071a800000, 0x000000071a800000| Untracked 
| 184|0x000000071aa00000, 0x000000071aa00000, 0x000000071ac00000|  0%| F|  |TAMS 0x000000071aa00000, 0x000000071aa00000| Untracked 
| 185|0x000000071ac00000, 0x000000071ac00000, 0x000000071ae00000|  0%| F|  |TAMS 0x000000071ac00000, 0x000000071ac00000| Untracked 
| 186|0x000000071ae00000, 0x000000071ae00000, 0x000000071b000000|  0%| F|  |TAMS 0x000000071ae00000, 0x000000071ae00000| Untracked 
| 187|0x000000071b000000, 0x000000071b000000, 0x000000071b200000|  0%| F|  |TAMS 0x000000071b000000, 0x000000071b000000| Untracked 
| 188|0x000000071b200000, 0x000000071b200000, 0x000000071b400000|  0%| F|  |TAMS 0x000000071b200000, 0x000000071b200000| Untracked 
| 189|0x000000071b400000, 0x000000071b400000, 0x000000071b600000|  0%| F|  |TAMS 0x000000071b400000, 0x000000071b400000| Untracked 
| 190|0x000000071b600000, 0x000000071b600000, 0x000000071b800000|  0%| F|  |TAMS 0x000000071b600000, 0x000000071b600000| Untracked 
| 191|0x000000071b800000, 0x000000071b800000, 0x000000071ba00000|  0%| F|  |TAMS 0x000000071b800000, 0x000000071b800000| Untracked 
| 192|0x000000071ba00000, 0x000000071ba00000, 0x000000071bc00000|  0%| F|  |TAMS 0x000000071ba00000, 0x000000071ba00000| Untracked 
| 193|0x000000071bc00000, 0x000000071bc00000, 0x000000071be00000|  0%| F|  |TAMS 0x000000071bc00000, 0x000000071bc00000| Untracked 
| 194|0x000000071be00000, 0x000000071be00000, 0x000000071c000000|  0%| F|  |TAMS 0x000000071be00000, 0x000000071be00000| Untracked 
| 195|0x000000071c000000, 0x000000071c000000, 0x000000071c200000|  0%| F|  |TAMS 0x000000071c000000, 0x000000071c000000| Untracked 
| 196|0x000000071c200000, 0x000000071c200000, 0x000000071c400000|  0%| F|  |TAMS 0x000000071c200000, 0x000000071c200000| Untracked 
| 197|0x000000071c400000, 0x000000071c400000, 0x000000071c600000|  0%| F|  |TAMS 0x000000071c400000, 0x000000071c400000| Untracked 
| 198|0x000000071c600000, 0x000000071c600000, 0x000000071c800000|  0%| F|  |TAMS 0x000000071c600000, 0x000000071c600000| Untracked 
| 199|0x000000071c800000, 0x000000071c800000, 0x000000071ca00000|  0%| F|  |TAMS 0x000000071c800000, 0x000000071c800000| Untracked 
| 200|0x000000071ca00000, 0x000000071ca00000, 0x000000071cc00000|  0%| F|  |TAMS 0x000000071ca00000, 0x000000071ca00000| Untracked 
| 201|0x000000071cc00000, 0x000000071cc00000, 0x000000071ce00000|  0%| F|  |TAMS 0x000000071cc00000, 0x000000071cc00000| Untracked 
| 202|0x000000071ce00000, 0x000000071ce00000, 0x000000071d000000|  0%| F|  |TAMS 0x000000071ce00000, 0x000000071ce00000| Untracked 
| 203|0x000000071d000000, 0x000000071d000000, 0x000000071d200000|  0%| F|  |TAMS 0x000000071d000000, 0x000000071d000000| Untracked 
| 204|0x000000071d200000, 0x000000071d200000, 0x000000071d400000|  0%| F|  |TAMS 0x000000071d200000, 0x000000071d200000| Untracked 
| 205|0x000000071d400000, 0x000000071d400000, 0x000000071d600000|  0%| F|  |TAMS 0x000000071d400000, 0x000000071d400000| Untracked 
| 206|0x000000071d600000, 0x000000071d600000, 0x000000071d800000|  0%| F|  |TAMS 0x000000071d600000, 0x000000071d600000| Untracked 
| 207|0x000000071d800000, 0x000000071d800000, 0x000000071da00000|  0%| F|  |TAMS 0x000000071d800000, 0x000000071d800000| Untracked 
| 208|0x000000071da00000, 0x000000071da00000, 0x000000071dc00000|  0%| F|  |TAMS 0x000000071da00000, 0x000000071da00000| Untracked 
| 209|0x000000071dc00000, 0x000000071dc00000, 0x000000071de00000|  0%| F|  |TAMS 0x000000071dc00000, 0x000000071dc00000| Untracked 
| 210|0x000000071de00000, 0x000000071de00000, 0x000000071e000000|  0%| F|  |TAMS 0x000000071de00000, 0x000000071de00000| Untracked 
| 211|0x000000071e000000, 0x000000071e000000, 0x000000071e200000|  0%| F|  |TAMS 0x000000071e000000, 0x000000071e000000| Untracked 
| 212|0x000000071e200000, 0x000000071e200000, 0x000000071e400000|  0%| F|  |TAMS 0x000000071e200000, 0x000000071e200000| Untracked 
| 213|0x000000071e400000, 0x000000071e400000, 0x000000071e600000|  0%| F|  |TAMS 0x000000071e400000, 0x000000071e400000| Untracked 
| 214|0x000000071e600000, 0x000000071e600000, 0x000000071e800000|  0%| F|  |TAMS 0x000000071e600000, 0x000000071e600000| Untracked 
| 215|0x000000071e800000, 0x000000071e800000, 0x000000071ea00000|  0%| F|  |TAMS 0x000000071e800000, 0x000000071e800000| Untracked 
| 216|0x000000071ea00000, 0x000000071ea00000, 0x000000071ec00000|  0%| F|  |TAMS 0x000000071ea00000, 0x000000071ea00000| Untracked 
| 217|0x000000071ec00000, 0x000000071ec00000, 0x000000071ee00000|  0%| F|  |TAMS 0x000000071ec00000, 0x000000071ec00000| Untracked 
| 218|0x000000071ee00000, 0x000000071ee00000, 0x000000071f000000|  0%| F|  |TAMS 0x000000071ee00000, 0x000000071ee00000| Untracked 
| 219|0x000000071f000000, 0x000000071f000000, 0x000000071f200000|  0%| F|  |TAMS 0x000000071f000000, 0x000000071f000000| Untracked 
| 220|0x000000071f200000, 0x000000071f200000, 0x000000071f400000|  0%| F|  |TAMS 0x000000071f200000, 0x000000071f200000| Untracked 
| 221|0x000000071f400000, 0x000000071f400000, 0x000000071f600000|  0%| F|  |TAMS 0x000000071f400000, 0x000000071f400000| Untracked 
| 222|0x000000071f600000, 0x000000071f600000, 0x000000071f800000|  0%| F|  |TAMS 0x000000071f600000, 0x000000071f600000| Untracked 
| 223|0x000000071f800000, 0x000000071f800000, 0x000000071fa00000|  0%| F|  |TAMS 0x000000071f800000, 0x000000071f800000| Untracked 
| 224|0x000000071fa00000, 0x000000071fa00000, 0x000000071fc00000|  0%| F|  |TAMS 0x000000071fa00000, 0x000000071fa00000| Untracked 
| 225|0x000000071fc00000, 0x000000071fc00000, 0x000000071fe00000|  0%| F|  |TAMS 0x000000071fc00000, 0x000000071fc00000| Untracked 
| 226|0x000000071fe00000, 0x000000071fe00000, 0x0000000720000000|  0%| F|  |TAMS 0x000000071fe00000, 0x000000071fe00000| Untracked 
| 227|0x0000000720000000, 0x0000000720200000, 0x0000000720200000|100%| E|  |TAMS 0x0000000720000000, 0x0000000720000000| Complete 
| 228|0x0000000720200000, 0x0000000720400000, 0x0000000720400000|100%| E|CS|TAMS 0x0000000720200000, 0x0000000720200000| Complete 
| 229|0x0000000720400000, 0x0000000720600000, 0x0000000720600000|100%| E|CS|TAMS 0x0000000720400000, 0x0000000720400000| Complete 
| 230|0x0000000720600000, 0x0000000720800000, 0x0000000720800000|100%| E|CS|TAMS 0x0000000720600000, 0x0000000720600000| Complete 
| 231|0x0000000720800000, 0x0000000720a00000, 0x0000000720a00000|100%| E|CS|TAMS 0x0000000720800000, 0x0000000720800000| Complete 
| 232|0x0000000720a00000, 0x0000000720c00000, 0x0000000720c00000|100%| E|CS|TAMS 0x0000000720a00000, 0x0000000720a00000| Complete 
| 233|0x0000000720c00000, 0x0000000720e00000, 0x0000000720e00000|100%| E|CS|TAMS 0x0000000720c00000, 0x0000000720c00000| Complete 
| 234|0x0000000720e00000, 0x0000000721000000, 0x0000000721000000|100%| E|CS|TAMS 0x0000000720e00000, 0x0000000720e00000| Complete 
| 235|0x0000000721000000, 0x0000000721200000, 0x0000000721200000|100%| E|CS|TAMS 0x0000000721000000, 0x0000000721000000| Complete 
| 236|0x0000000721200000, 0x0000000721400000, 0x0000000721400000|100%| E|CS|TAMS 0x0000000721200000, 0x0000000721200000| Complete 
| 237|0x0000000721400000, 0x0000000721600000, 0x0000000721600000|100%| E|CS|TAMS 0x0000000721400000, 0x0000000721400000| Complete 
| 238|0x0000000721600000, 0x0000000721800000, 0x0000000721800000|100%| E|CS|TAMS 0x0000000721600000, 0x0000000721600000| Complete 
| 239|0x0000000721800000, 0x0000000721a00000, 0x0000000721a00000|100%| E|CS|TAMS 0x0000000721800000, 0x0000000721800000| Complete 
| 240|0x0000000721a00000, 0x0000000721c00000, 0x0000000721c00000|100%| E|CS|TAMS 0x0000000721a00000, 0x0000000721a00000| Complete 
| 241|0x0000000721c00000, 0x0000000721e00000, 0x0000000721e00000|100%| E|CS|TAMS 0x0000000721c00000, 0x0000000721c00000| Complete 
| 242|0x0000000721e00000, 0x0000000722000000, 0x0000000722000000|100%| E|CS|TAMS 0x0000000721e00000, 0x0000000721e00000| Complete 
| 243|0x0000000722000000, 0x0000000722200000, 0x0000000722200000|100%| E|CS|TAMS 0x0000000722000000, 0x0000000722000000| Complete 
| 244|0x0000000722200000, 0x0000000722400000, 0x0000000722400000|100%| E|CS|TAMS 0x0000000722200000, 0x0000000722200000| Complete 
| 245|0x0000000722400000, 0x0000000722600000, 0x0000000722600000|100%| E|CS|TAMS 0x0000000722400000, 0x0000000722400000| Complete 
| 246|0x0000000722600000, 0x0000000722800000, 0x0000000722800000|100%| E|CS|TAMS 0x0000000722600000, 0x0000000722600000| Complete 
| 247|0x0000000722800000, 0x0000000722a00000, 0x0000000722a00000|100%| E|CS|TAMS 0x0000000722800000, 0x0000000722800000| Complete 
| 248|0x0000000722a00000, 0x0000000722c00000, 0x0000000722c00000|100%| E|CS|TAMS 0x0000000722a00000, 0x0000000722a00000| Complete 
| 249|0x0000000722c00000, 0x0000000722e00000, 0x0000000722e00000|100%| E|CS|TAMS 0x0000000722c00000, 0x0000000722c00000| Complete 
| 250|0x0000000722e00000, 0x0000000723000000, 0x0000000723000000|100%| E|CS|TAMS 0x0000000722e00000, 0x0000000722e00000| Complete 
| 251|0x0000000723000000, 0x0000000723200000, 0x0000000723200000|100%| E|CS|TAMS 0x0000000723000000, 0x0000000723000000| Complete 
| 252|0x0000000723200000, 0x00000007233cd158, 0x0000000723400000| 90%| S|CS|TAMS 0x0000000723200000, 0x0000000723200000| Complete 
| 253|0x0000000723400000, 0x0000000723600000, 0x0000000723600000|100%| E|CS|TAMS 0x0000000723400000, 0x0000000723400000| Complete 

Card table byte_map: [0x000001becf880000,0x000001bed0070000] _byte_map_base: 0x000001becc063000

Marking Bits (Prev, Next): (CMBitMap*) 0x000001beb862d970, (CMBitMap*) 0x000001beb862d9b0
 Prev Bits: [0x000001bed0860000, 0x000001bed4778000)
 Next Bits: [0x000001bed4780000, 0x000001bed8698000)

Polling page: 0x000001beb6540000

Metaspace:

Usage:
  Non-class:     11.54 MB used.
      Class:    883.34 KB used.
       Both:     12.40 MB used.

Virtual space:
  Non-class space:       16.00 MB reserved,      11.62 MB ( 73%) committed,  2 nodes.
      Class space:        1.00 GB reserved,     960.00 KB ( <1%) committed,  1 nodes.
              Both:        1.02 GB reserved,      12.56 MB (  1%) committed. 

Chunk freelists:
   Non-Class:  3.89 MB
       Class:  2.94 MB
        Both:  6.83 MB

MaxMetaspaceSize: 17179869184.00 GB
CompressedClassSpaceSize: 1.00 GB
 - commit_granule_bytes: 65536.
 - commit_granule_words: 8192.
 - virtual_space_node_default_size: 1048576.
 - enlarge_chunks_in_place: 1.
 - new_chunks_are_fully_committed: 0.
 - uncommit_free_chunks: 1.
 - use_allocation_guard: 0.
 - handle_deallocations: 1.


Internal statistics:

num_allocs_failed_limit: 0.
num_arena_births: 86.
num_arena_deaths: 0.
num_vsnodes_births: 3.
num_vsnodes_deaths: 0.
num_space_committed: 197.
num_space_uncommitted: 0.
num_chunks_returned_to_freelist: 0.
num_chunks_taken_from_freelist: 346.
num_chunk_merges: 0.
num_chunk_splits: 280.
num_chunks_enlarged: 230.
num_purges: 0.

CodeHeap 'non-profiled nmethods': size=120000Kb used=1041Kb max_used=1041Kb free=118958Kb
 bounds [0x000001bec7830000, 0x000001bec7aa0000, 0x000001beced60000]
CodeHeap 'profiled nmethods': size=120000Kb used=3619Kb max_used=3619Kb free=116380Kb
 bounds [0x000001bec0300000, 0x000001bec0690000, 0x000001bec7830000]
CodeHeap 'non-nmethods': size=5760Kb used=1540Kb max_used=1579Kb free=4219Kb
 bounds [0x000001bebfd60000, 0x000001bebffd0000, 0x000001bec0300000]
 total_blobs=2804 nmethods=1875 adapters=842
 compilation: enabled
              stopped_count=0, restarted_count=0
 full_count=0

Compilation events (20 events):
Event: 38.021 Thread 0x000001bedb115000 1865       3       processing.opengl.PGL::clearDepthStencil (90 bytes)
Event: 38.022 Thread 0x000001bedb115000 nmethod 1865 0x000001bec0687a90 code [0x000001bec0687d00, 0x000001bec06886e8]
Event: 49.811 Thread 0x000001bedb0f45f0 1866   !   4       java.nio.DirectIntBufferU::get (34 bytes)
Event: 49.813 Thread 0x000001bedb0f45f0 nmethod 1866 0x000001bec7932790 code [0x000001bec7932920, 0x000001bec7932a18]
Event: 54.716 Thread 0x000001bedb115000 1867       3       jdk.internal.misc.Unsafe::getAndAddInt (27 bytes)
Event: 54.717 Thread 0x000001bedb115000 nmethod 1867 0x000001bec0688890 code [0x000001bec0688a40, 0x000001bec0688c88]
Event: 54.802 Thread 0x000001bedb115000 1868       1       com.jogamp.nativewindow.util.Point::getX (5 bytes)
Event: 54.802 Thread 0x000001bedb115000 nmethod 1868 0x000001bec7932b90 code [0x000001bec7932d20, 0x000001bec7932df8]
Event: 54.836 Thread 0x000001bedb0f45f0 1869       4       processing.opengl.PJOGL::useProgram (11 bytes)
Event: 54.837 Thread 0x000001bedb0f45f0 nmethod 1869 0x000001bec7932e90 code [0x000001bec7933020, 0x000001bec7933148]
Event: 54.889 Thread 0x000001bedb115000 1870       1       processing.opengl.PGL::presentMode (5 bytes)
Event: 54.889 Thread 0x000001bedb115000 nmethod 1870 0x000001bec7933290 code [0x000001bec7933420, 0x000001bec79334f8]
Event: 54.912 Thread 0x000001bedb115000 1871       1       com.jogamp.newt.event.MouseEvent::getButton (5 bytes)
Event: 54.912 Thread 0x000001bedb115000 nmethod 1871 0x000001bec7933590 code [0x000001bec7933720, 0x000001bec79337f8]
Event: 54.912 Thread 0x000001bedb115000 1872       1       com.jogamp.newt.event.MouseEvent::getClickCount (5 bytes)
Event: 54.912 Thread 0x000001bedb115000 nmethod 1872 0x000001bec7933890 code [0x000001bec7933a20, 0x000001bec7933af8]
Event: 54.983 Thread 0x000001bedb115000 1873       1       processing.event.MouseEvent::getButton (5 bytes)
Event: 54.983 Thread 0x000001bedb115000 nmethod 1873 0x000001bec7933b90 code [0x000001bec7933d20, 0x000001bec7933df8]
Event: 55.233 Thread 0x000001bedb0f45f0 1875       4       java.lang.CharacterData::of (124 bytes)
Event: 55.233 Thread 0x000001bedb0f45f0 nmethod 1875 0x000001bec7934290 code [0x000001bec7934420, 0x000001bec7934498]

GC Heap History (16 events):
Event: 1.599 GC heap before
{Heap before GC invocations=0 (full 0):
 garbage-first heap   total 260096K, used 20480K [0x0000000703a00000, 0x0000000800000000)
  region size 2048K, 11 young (22528K), 0 survivors (0K)
 Metaspace       used 6729K, committed 6912K, reserved 1056768K
  class space    used 575K, committed 640K, reserved 1048576K
}
Event: 1.603 GC heap after
{Heap after GC invocations=1 (full 0):
 garbage-first heap   total 260096K, used 5898K [0x0000000703a00000, 0x0000000800000000)
  region size 2048K, 2 young (4096K), 2 survivors (4096K)
 Metaspace       used 6729K, committed 6912K, reserved 1056768K
  class space    used 575K, committed 640K, reserved 1048576K
}
Event: 2.896 GC heap before
{Heap before GC invocations=1 (full 0):
 garbage-first heap   total 260096K, used 34570K [0x0000000703a00000, 0x0000000800000000)
  region size 2048K, 16 young (32768K), 2 survivors (4096K)
 Metaspace       used 11907K, committed 12096K, reserved 1064960K
  class space    used 870K, committed 960K, reserved 1048576K
}
Event: 2.902 GC heap after
{Heap after GC invocations=2 (full 0):
 garbage-first heap   total 260096K, used 8202K [0x0000000703a00000, 0x0000000800000000)
  region size 2048K, 2 young (4096K), 2 survivors (4096K)
 Metaspace       used 11907K, committed 12096K, reserved 1064960K
  class space    used 870K, committed 960K, reserved 1048576K
}
Event: 3.031 GC heap before
{Heap before GC invocations=2 (full 0):
 garbage-first heap   total 260096K, used 133130K [0x0000000703a00000, 0x0000000800000000)
  region size 2048K, 14 young (28672K), 2 survivors (4096K)
 Metaspace       used 11919K, committed 12096K, reserved 1064960K
  class space    used 870K, committed 960K, reserved 1048576K
}
Event: 3.035 GC heap after
{Heap after GC invocations=3 (full 0):
 garbage-first heap   total 260096K, used 67316K [0x0000000703a00000, 0x0000000800000000)
  region size 2048K, 1 young (2048K), 1 survivors (2048K)
 Metaspace       used 11919K, committed 12096K, reserved 1064960K
  class space    used 870K, committed 960K, reserved 1048576K
}
Event: 3.051 GC heap before
{Heap before GC invocations=3 (full 0):
 garbage-first heap   total 260096K, used 116468K [0x0000000703a00000, 0x0000000800000000)
  region size 2048K, 1 young (2048K), 1 survivors (2048K)
 Metaspace       used 11919K, committed 12096K, reserved 1064960K
  class space    used 870K, committed 960K, reserved 1048576K
}
Event: 3.054 GC heap after
{Heap after GC invocations=4 (full 0):
 garbage-first heap   total 260096K, used 85731K [0x0000000703a00000, 0x0000000800000000)
  region size 2048K, 1 young (2048K), 1 survivors (2048K)
 Metaspace       used 11919K, committed 12096K, reserved 1064960K
  class space    used 870K, committed 960K, reserved 1048576K
}
Event: 3.159 GC heap before
{Heap before GC invocations=4 (full 0):
 garbage-first heap   total 260096K, used 128739K [0x0000000703a00000, 0x0000000800000000)
  region size 2048K, 8 young (16384K), 1 survivors (2048K)
 Metaspace       used 11937K, committed 12160K, reserved 1064960K
  class space    used 870K, committed 960K, reserved 1048576K
}
Event: 3.161 GC heap after
{Heap after GC invocations=5 (full 0):
 garbage-first heap   total 260096K, used 111051K [0x0000000703a00000, 0x0000000800000000)
  region size 2048K, 3 young (6144K), 3 survivors (6144K)
 Metaspace       used 11937K, committed 12160K, reserved 1064960K
  class space    used 870K, committed 960K, reserved 1048576K
}
Event: 3.164 GC heap before
{Heap before GC invocations=5 (full 0):
 garbage-first heap   total 260096K, used 119243K [0x0000000703a00000, 0x0000000800000000)
  region size 2048K, 4 young (8192K), 3 survivors (6144K)
 Metaspace       used 11939K, committed 12160K, reserved 1064960K
  class space    used 870K, committed 960K, reserved 1048576K
}
Event: 3.166 GC heap after
{Heap after GC invocations=6 (full 0):
 garbage-first heap   total 260096K, used 114818K [0x0000000703a00000, 0x0000000800000000)
  region size 2048K, 3 young (6144K), 3 survivors (6144K)
 Metaspace       used 11939K, committed 12160K, reserved 1064960K
  class space    used 870K, committed 960K, reserved 1048576K
}
Event: 3.170 GC heap before
{Heap before GC invocations=6 (full 0):
 garbage-first heap   total 260096K, used 123010K [0x0000000703a00000, 0x0000000800000000)
  region size 2048K, 4 young (8192K), 3 survivors (6144K)
 Metaspace       used 11940K, committed 12160K, reserved 1064960K
  class space    used 870K, committed 960K, reserved 1048576K
}
Event: 3.174 GC heap after
{Heap after GC invocations=7 (full 0):
 garbage-first heap   total 520192K, used 118846K [0x0000000703a00000, 0x0000000800000000)
  region size 2048K, 3 young (6144K), 3 survivors (6144K)
 Metaspace       used 11940K, committed 12160K, reserved 1064960K
  class space    used 870K, committed 960K, reserved 1048576K
}
Event: 3.246 GC heap before
{Heap before GC invocations=7 (full 0):
 garbage-first heap   total 520192K, used 239678K [0x0000000703a00000, 0x0000000800000000)
  region size 2048K, 4 young (8192K), 3 survivors (6144K)
 Metaspace       used 11942K, committed 12160K, reserved 1064960K
  class space    used 870K, committed 960K, reserved 1048576K
}
Event: 3.248 GC heap after
{Heap after GC invocations=8 (full 0):
 garbage-first heap   total 520192K, used 171715K [0x0000000703a00000, 0x0000000800000000)
  region size 2048K, 1 young (2048K), 1 survivors (2048K)
 Metaspace       used 11942K, committed 12160K, reserved 1064960K
  class space    used 870K, committed 960K, reserved 1048576K
}

Deoptimization events (20 events):
Event: 3.666 Thread 0x000001bedd7d3150 DEOPT PACKING pc=0x000001bec78d1958 sp=0x00000044c01fea00
Event: 3.666 Thread 0x000001bedd7d3150 DEOPT UNPACKING pc=0x000001bebfdaf92e sp=0x00000044c01fe9e8 mode 2
Event: 3.773 Thread 0x000001bedd7d3150 DEOPT PACKING pc=0x000001bec0519953 sp=0x00000044c01fe950
Event: 3.773 Thread 0x000001bedd7d3150 DEOPT UNPACKING pc=0x000001bebfdae77e sp=0x00000044c01fded8 mode 0
Event: 3.842 Thread 0x000001bedd7d3150 DEOPT PACKING pc=0x000001bec0519953 sp=0x00000044c01fe950
Event: 3.842 Thread 0x000001bedd7d3150 DEOPT UNPACKING pc=0x000001bebfdae77e sp=0x00000044c01fded8 mode 0
Event: 3.924 Thread 0x000001bedd7d3150 DEOPT PACKING pc=0x000001bec0519953 sp=0x00000044c01fe950
Event: 3.924 Thread 0x000001bedd7d3150 DEOPT UNPACKING pc=0x000001bebfdae77e sp=0x00000044c01fded8 mode 0
Event: 55.224 Thread 0x000001bedbe59530 Uncommon trap: trap_request=0xffffff45 fr.pc=0x000001bec78b4a80 relative=0x0000000000000060
Event: 55.224 Thread 0x000001bedbe59530 Uncommon trap: reason=unstable_if action=reinterpret pc=0x000001bec78b4a80 method=java.util.HashMap.keySet()Ljava/util/Set; @ 6 c2
Event: 55.224 Thread 0x000001bedbe59530 DEOPT PACKING pc=0x000001bec78b4a80 sp=0x00000044c07ff150
Event: 55.224 Thread 0x000001bedbe59530 DEOPT UNPACKING pc=0x000001bebfdaf92e sp=0x00000044c07ff0e8 mode 2
Event: 55.224 Thread 0x000001bedc7230e0 Uncommon trap: trap_request=0xffffff45 fr.pc=0x000001bec7930380 relative=0x0000000000000060
Event: 55.224 Thread 0x000001bedc7230e0 Uncommon trap: reason=unstable_if action=reinterpret pc=0x000001bec7930380 method=java.util.HashMap.values()Ljava/util/Collection; @ 6 c2
Event: 55.224 Thread 0x000001bedc7230e0 DEOPT PACKING pc=0x000001bec7930380 sp=0x00000044bfbff550
Event: 55.224 Thread 0x000001bedc7230e0 DEOPT UNPACKING pc=0x000001bebfdaf92e sp=0x00000044bfbff4e8 mode 2
Event: 55.224 Thread 0x000001bedc7230e0 Uncommon trap: trap_request=0xffffff45 fr.pc=0x000001bec7910d6c relative=0x00000000000000cc
Event: 55.224 Thread 0x000001bedc7230e0 Uncommon trap: reason=unstable_if action=reinterpret pc=0x000001bec7910d6c method=java.util.HashMap$HashIterator.<init>(Ljava/util/HashMap;)V @ 38 c2
Event: 55.224 Thread 0x000001bedc7230e0 DEOPT PACKING pc=0x000001bec7910d6c sp=0x00000044bfbff5a0
Event: 55.224 Thread 0x000001bedc7230e0 DEOPT UNPACKING pc=0x000001bebfdaf92e sp=0x00000044bfbff470 mode 2

Classes unloaded (0 events):
No events

Classes redefined (0 events):
No events

Internal exceptions (20 events):
Event: 2.890 Thread 0x000001bedd7d3150 Exception <a 'java/lang/ArrayIndexOutOfBoundsException'{0x0000000711975980}> (0x0000000711975980) 
thrown [t:\workspace\open\src\hotspot\share\runtime\sharedRuntime.cpp, line 624]
Event: 2.890 Thread 0x000001bedd7d3150 Exception <a 'java/lang/ArrayIndexOutOfBoundsException'{0x0000000711975cc8}> (0x0000000711975cc8) 
thrown [t:\workspace\open\src\hotspot\share\runtime\sharedRuntime.cpp, line 624]
Event: 2.890 Thread 0x000001bedd7d3150 Exception <a 'java/lang/ArrayIndexOutOfBoundsException'{0x0000000711976010}> (0x0000000711976010) 
thrown [t:\workspace\open\src\hotspot\share\runtime\sharedRuntime.cpp, line 624]
Event: 2.890 Thread 0x000001bedd7d3150 Exception <a 'java/lang/ArrayIndexOutOfBoundsException'{0x0000000711976358}> (0x0000000711976358) 
thrown [t:\workspace\open\src\hotspot\share\runtime\sharedRuntime.cpp, line 624]
Event: 2.890 Thread 0x000001bedd7d3150 Exception <a 'java/lang/ArrayIndexOutOfBoundsException'{0x00000007119766a0}> (0x00000007119766a0) 
thrown [t:\workspace\open\src\hotspot\share\runtime\sharedRuntime.cpp, line 624]
Event: 2.890 Thread 0x000001bedd7d3150 Exception <a 'java/lang/ArrayIndexOutOfBoundsException'{0x00000007119769e8}> (0x00000007119769e8) 
thrown [t:\workspace\open\src\hotspot\share\runtime\sharedRuntime.cpp, line 624]
Event: 2.890 Thread 0x000001bedd7d3150 Exception <a 'java/lang/ArrayIndexOutOfBoundsException'{0x0000000711976d30}> (0x0000000711976d30) 
thrown [t:\workspace\open\src\hotspot\share\runtime\sharedRuntime.cpp, line 624]
Event: 2.890 Thread 0x000001bedd7d3150 Exception <a 'java/lang/ArrayIndexOutOfBoundsException'{0x0000000711977078}> (0x0000000711977078) 
thrown [t:\workspace\open\src\hotspot\share\runtime\sharedRuntime.cpp, line 624]
Event: 2.890 Thread 0x000001bedd7d3150 Exception <a 'java/lang/ArrayIndexOutOfBoundsException'{0x00000007119773c0}> (0x00000007119773c0) 
thrown [t:\workspace\open\src\hotspot\share\runtime\sharedRuntime.cpp, line 624]
Event: 2.890 Thread 0x000001bedd7d3150 Exception <a 'java/lang/ArrayIndexOutOfBoundsException'{0x0000000711977708}> (0x0000000711977708) 
thrown [t:\workspace\open\src\hotspot\share\runtime\sharedRuntime.cpp, line 624]
Event: 2.890 Thread 0x000001bedd7d3150 Exception <a 'java/lang/ArrayIndexOutOfBoundsException'{0x0000000711977a50}> (0x0000000711977a50) 
thrown [t:\workspace\open\src\hotspot\share\runtime\sharedRuntime.cpp, line 624]
Event: 2.890 Thread 0x000001bedd7d3150 Exception <a 'java/lang/ArrayIndexOutOfBoundsException'{0x0000000711977d98}> (0x0000000711977d98) 
thrown [t:\workspace\open\src\hotspot\share\runtime\sharedRuntime.cpp, line 624]
Event: 2.890 Thread 0x000001bedd7d3150 Exception <a 'java/lang/ArrayIndexOutOfBoundsException'{0x00000007119780e0}> (0x00000007119780e0) 
thrown [t:\workspace\open\src\hotspot\share\runtime\sharedRuntime.cpp, line 624]
Event: 2.890 Thread 0x000001bedd7d3150 Exception <a 'java/lang/ArrayIndexOutOfBoundsException'{0x0000000711978428}> (0x0000000711978428) 
thrown [t:\workspace\open\src\hotspot\share\runtime\sharedRuntime.cpp, line 624]
Event: 2.891 Thread 0x000001bedd7d3150 Exception <a 'java/lang/ArrayIndexOutOfBoundsException'{0x0000000711978770}> (0x0000000711978770) 
thrown [t:\workspace\open\src\hotspot\share\runtime\sharedRuntime.cpp, line 624]
Event: 2.891 Thread 0x000001bedd7d3150 Exception <a 'java/lang/ArrayIndexOutOfBoundsException'{0x0000000711978ab8}> (0x0000000711978ab8) 
thrown [t:\workspace\open\src\hotspot\share\runtime\sharedRuntime.cpp, line 624]
Event: 2.891 Thread 0x000001bedd7d3150 Exception <a 'java/lang/ArrayIndexOutOfBoundsException'{0x0000000711978e00}> (0x0000000711978e00) 
thrown [t:\workspace\open\src\hotspot\share\runtime\sharedRuntime.cpp, line 624]
Event: 2.891 Thread 0x000001bedd7d3150 Exception <a 'java/lang/ArrayIndexOutOfBoundsException'{0x0000000711979148}> (0x0000000711979148) 
thrown [t:\workspace\open\src\hotspot\share\runtime\sharedRuntime.cpp, line 624]
Event: 2.891 Thread 0x000001bedd7d3150 Exception <a 'java/lang/ArrayIndexOutOfBoundsException'{0x0000000711979490}> (0x0000000711979490) 
thrown [t:\workspace\open\src\hotspot\share\runtime\sharedRuntime.cpp, line 624]
Event: 55.202 Thread 0x000001bedd7d3bf0 Exception <a 'java/lang/InterruptedException'{0x0000000720200000}> (0x0000000720200000) 
thrown [t:\workspace\open\src\hotspot\share\runtime\objectMonitor.cpp, line 1705]

Events (20 events):
Event: 31.319 Executing  VM operation: Cleanup
Event: 31.319 Executing  VM operation: Cleanup done
Event: 38.322 Executing  VM operation: Cleanup
Event: 38.322 Executing  VM operation: Cleanup done
Event: 50.326 Executing  VM operation: Cleanup
Event: 50.326 Executing  VM operation: Cleanup done
Event: 55.202 Thread 0x000001bedd7d4140 Thread added: 0x000001bedd7d4140
Event: 55.202 Thread 0x000001bedd7d3bf0 Thread exited: 0x000001bedd7d3bf0
Event: 55.202 Thread 0x000001bedbe55020 Thread added: 0x000001bedbe55020
Event: 55.202 Thread 0x000001bedbe59530 Thread added: 0x000001bedbe59530
Event: 55.203 loading class java/nio/channels/ClosedChannelException
Event: 55.203 Thread 0x000001bedbe57550 Thread added: 0x000001bedbe57550
Event: 55.203 loading class java/nio/channels/ClosedChannelException done
Event: 55.203 Thread 0x000001bedbe55020 Thread exited: 0x000001bedbe55020
Event: 55.203 Thread 0x000001bedc7dd950 Thread exited: 0x000001bedc7dd950
Event: 55.208 Thread 0x000001bedc31fb70 Thread exited: 0x000001bedc31fb70
Event: 55.232 Thread 0x000001bedc7230e0 Thread exited: 0x000001bedc7230e0
Event: 55.237 Thread 0x000001bedbe59530 Thread exited: 0x000001bedbe59530
Event: 55.303 Thread 0x000001bedd7d4140 Thread exited: 0x000001bedd7d4140
Event: 55.304 Executing  VM operation: Exit


Dynamic libraries:
0x00007ff745bd0000 - 0x00007ff745be0000 	C:\Program Files\Java\jdk-16.0.2\bin\javaw.exe
0x00007ffcfc5b0000 - 0x00007ffcfc7a5000 	C:\windows\SYSTEM32\ntdll.dll
0x00007ffcfc490000 - 0x00007ffcfc54e000 	C:\windows\System32\KERNEL32.DLL
0x00007ffcf9df0000 - 0x00007ffcfa0b8000 	C:\windows\System32\KERNELBASE.dll
0x00007ffcf9cf0000 - 0x00007ffcf9df0000 	C:\windows\System32\ucrtbase.dll
0x00007ffcdfde0000 - 0x00007ffcdfdf8000 	C:\Program Files\Java\jdk-16.0.2\bin\jli.dll
0x00007ffcfaff0000 - 0x00007ffcfb09c000 	C:\windows\System32\ADVAPI32.dll
0x00007ffcc2640000 - 0x00007ffcc2659000 	C:\Program Files\Java\jdk-16.0.2\bin\VCRUNTIME140.dll
0x00007ffcfc370000 - 0x00007ffcfc40e000 	C:\windows\System32\msvcrt.dll
0x00007ffcfc0b0000 - 0x00007ffcfc14b000 	C:\windows\System32\sechost.dll
0x00007ffcfaec0000 - 0x00007ffcfafea000 	C:\windows\System32\RPCRT4.dll
0x00007ffcfb700000 - 0x00007ffcfb8a1000 	C:\windows\System32\USER32.dll
0x00007ffcfa170000 - 0x00007ffcfa192000 	C:\windows\System32\win32u.dll
0x00007ffcda9c0000 - 0x00007ffcdac5a000 	C:\windows\WinSxS\amd64_microsoft.windows.common-controls_6595b64144ccf1df_6.0.19041.1110_none_60b5254171f9507e\COMCTL32.dll
0x00007ffcfbed0000 - 0x00007ffcfbefb000 	C:\windows\System32\GDI32.dll
0x00007ffcfa290000 - 0x00007ffcfa39d000 	C:\windows\System32\gdi32full.dll
0x00007ffcfa1a0000 - 0x00007ffcfa23d000 	C:\windows\System32\msvcp_win.dll
0x00007ffcef800000 - 0x00007ffcef80a000 	C:\windows\SYSTEM32\VERSION.dll
0x00007ffcfb100000 - 0x00007ffcfb130000 	C:\windows\System32\IMM32.DLL
0x00007ffcf3890000 - 0x00007ffcf389c000 	C:\Program Files\Java\jdk-16.0.2\bin\vcruntime140_1.dll
0x00007ffc8a2f0000 - 0x00007ffc8a381000 	C:\Program Files\Java\jdk-16.0.2\bin\msvcp140.dll
0x00007ffc7f3e0000 - 0x00007ffc7ff8b000 	C:\Program Files\Java\jdk-16.0.2\bin\server\jvm.dll
0x00007ffcfb130000 - 0x00007ffcfb138000 	C:\windows\System32\PSAPI.DLL
0x00007ffcec570000 - 0x00007ffcec579000 	C:\windows\SYSTEM32\WSOCK32.dll
0x00007ffcdac60000 - 0x00007ffcdac87000 	C:\windows\SYSTEM32\WINMM.dll
0x00007ffcfb5b0000 - 0x00007ffcfb61b000 	C:\windows\System32\WS2_32.dll
0x00007ffcf8570000 - 0x00007ffcf8582000 	C:\windows\SYSTEM32\kernel.appcore.dll
0x00007ffce7270000 - 0x00007ffce727a000 	C:\Program Files\Java\jdk-16.0.2\bin\jimage.dll
0x00007ffcf8240000 - 0x00007ffcf8424000 	C:\windows\SYSTEM32\DBGHELP.DLL
0x00007ffce76f0000 - 0x00007ffce771c000 	C:\windows\SYSTEM32\dbgcore.DLL
0x00007ffcfa500000 - 0x00007ffcfa582000 	C:\windows\System32\bcryptPrimitives.dll
0x00007ffcb3d10000 - 0x00007ffcb3d35000 	C:\Program Files\Java\jdk-16.0.2\bin\java.dll
0x00007ffcfa770000 - 0x00007ffcfaeb4000 	C:\windows\System32\SHELL32.dll
0x00007ffcf79d0000 - 0x00007ffcf8164000 	C:\windows\SYSTEM32\windows.storage.dll
0x00007ffcfb250000 - 0x00007ffcfb5a5000 	C:\windows\System32\combase.dll
0x00007ffcf9710000 - 0x00007ffcf973e000 	C:\windows\SYSTEM32\Wldp.dll
0x00007ffcfc1e0000 - 0x00007ffcfc28d000 	C:\windows\System32\SHCORE.dll
0x00007ffcfb0a0000 - 0x00007ffcfb0f5000 	C:\windows\System32\shlwapi.dll
0x00007ffcf9c00000 - 0x00007ffcf9c1f000 	C:\windows\SYSTEM32\profapi.dll
0x00007ffcc1980000 - 0x00007ffcc1999000 	C:\Program Files\Java\jdk-16.0.2\bin\net.dll
0x00007ffcf4a20000 - 0x00007ffcf4b2c000 	C:\windows\SYSTEM32\WINHTTP.dll
0x00007ffcf9470000 - 0x00007ffcf94da000 	C:\windows\system32\mswsock.dll
0x00007ffcb6aa0000 - 0x00007ffcb6ab3000 	C:\Program Files\Java\jdk-16.0.2\bin\nio.dll
0x00007ffcb55b0000 - 0x00007ffcb55c8000 	C:\Program Files\Java\jdk-16.0.2\bin\zip.dll
0x00007ffce5f60000 - 0x00007ffce5f70000 	C:\Program Files\Java\jdk-16.0.2\bin\verify.dll
0x00007ffcc1a70000 - 0x00007ffcc1bf0000 	C:\Program Files\Java\jdk-16.0.2\bin\awt.dll
0x00007ffcfb620000 - 0x00007ffcfb6ed000 	C:\windows\System32\OLEAUT32.dll
0x00007ffcf7190000 - 0x00007ffcf7220000 	C:\windows\SYSTEM32\apphelp.dll
0x00007ffcf72f0000 - 0x00007ffcf738e000 	C:\windows\system32\uxtheme.dll
0x00007ffcfa5f0000 - 0x00007ffcfa705000 	C:\windows\System32\MSCTF.dll
0x00007ffcfb8b0000 - 0x00007ffcfb9da000 	C:\windows\System32\ole32.dll
0x00007ffcf74e0000 - 0x00007ffcf750f000 	C:\windows\system32\DWMAPI.DLL
0x00007ffcc8b20000 - 0x00007ffcc8c45000 	C:\windows\system32\opengl32.dll
0x00007ffce1670000 - 0x00007ffce169c000 	C:\windows\SYSTEM32\GLU32.dll
0x00007ffcf9660000 - 0x00007ffcf9678000 	C:\windows\SYSTEM32\CRYPTSP.dll
0x00007ffcf8d80000 - 0x00007ffcf8db4000 	C:\windows\system32\rsaenh.dll
0x00007ffcf9cc0000 - 0x00007ffcf9ce7000 	C:\windows\System32\bcrypt.dll
0x00007ffcf9b80000 - 0x00007ffcf9bae000 	C:\windows\SYSTEM32\USERENV.dll
0x00007ffcf9680000 - 0x00007ffcf968c000 	C:\windows\SYSTEM32\CRYPTBASE.dll
0x00007ffcf9110000 - 0x00007ffcf914b000 	C:\windows\SYSTEM32\IPHLPAPI.DLL
0x00007ffcfbec0000 - 0x00007ffcfbec8000 	C:\windows\System32\NSI.dll
0x00007ffcef4b0000 - 0x00007ffcef4c7000 	C:\windows\SYSTEM32\dhcpcsvc6.DLL
0x00007ffcef930000 - 0x00007ffcef94d000 	C:\windows\SYSTEM32\dhcpcsvc.DLL
0x00007ffcf9150000 - 0x00007ffcf921b000 	C:\windows\SYSTEM32\DNSAPI.dll
0x00000000637c0000 - 0x00000000637cd000 	C:\Users\sethr\AppData\Local\Temp\jogamp_0000\file_cache\jln10467012694687558764\jln10263072547278205421\natives\windows-amd64\gluegen-rt.dll
0x00007ffcf38e0000 - 0x00007ffcf38e7000 	C:\Program Files\Java\jdk-16.0.2\bin\jawt.dll
0x000000006a440000 - 0x000000006a44d000 	C:\Users\sethr\AppData\Local\Temp\jogamp_0000\file_cache\jln10467012694687558764\jln10263072547278205421\natives\windows-amd64\nativewindow_awt.dll
0x000000006c100000 - 0x000000006c10f000 	C:\Users\sethr\AppData\Local\Temp\jogamp_0000\file_cache\jln10467012694687558764\jln10263072547278205421\natives\windows-amd64\nativewindow_win32.dll
0x000000006cbc0000 - 0x000000006cbd3000 	C:\Users\sethr\AppData\Local\Temp\jogamp_0000\file_cache\jln10467012694687558764\jln10263072547278205421\natives\windows-amd64\newt.dll
0x00007ffcf4300000 - 0x00007ffcf43ae000 	C:\windows\SYSTEM32\mscms.dll
0x00007ffcf42c0000 - 0x00007ffcf42d1000 	C:\windows\SYSTEM32\ColorAdapterClient.dll
0x00007ffcb5910000 - 0x00007ffcb5953000 	C:\windows\SYSTEM32\icm32.dll
0x00007ffcfb9e0000 - 0x00007ffcfbe52000 	C:\windows\System32\setupapi.dll
0x00007ffcfa240000 - 0x00007ffcfa28e000 	C:\windows\System32\cfgmgr32.dll
0x00007ffcf9a60000 - 0x00007ffcf9a94000 	C:\windows\SYSTEM32\DEVOBJ.dll
0x00007ffcfa590000 - 0x00007ffcfa5f0000 	C:\windows\System32\WINTRUST.dll
0x00007ffcfa3a0000 - 0x00007ffcfa4f6000 	C:\windows\System32\CRYPT32.dll
0x00007ffcf98a0000 - 0x00007ffcf98b2000 	C:\windows\SYSTEM32\MSASN1.dll
0x0000000064500000 - 0x00000000645b1000 	C:\Users\sethr\AppData\Local\Temp\jogamp_0000\file_cache\jln10467012694687558764\jln10263072547278205421\natives\windows-amd64\jogl_desktop.dll
0x0000000064340000 - 0x00000000643a2000 	C:\Users\sethr\AppData\Local\Temp\jogamp_0000\file_cache\jln10467012694687558764\jln10263072547278205421\natives\windows-amd64\jogl_mobile.dll
0x00007ffcfb1a0000 - 0x00007ffcfb249000 	C:\windows\System32\clbcatq.dll
0x00007ffc6da00000 - 0x00007ffc6ea00000 	C:\windows\System32\DriverStore\FileRepository\iigd_dch.inf_amd64_14d6d9e2312c79ae\igxelpicd64.dll
0x00007ffcf86d0000 - 0x00007ffcf87c4000 	C:\windows\system32\dxgi.dll
0x00007ffc6d590000 - 0x00007ffc6d9f4000 	C:\windows\System32\DriverStore\FileRepository\iigd_dch.inf_amd64_14d6d9e2312c79ae\igdml64.dll
0x00007ffcccd00000 - 0x00007ffccd0bd000 	C:\windows\System32\DriverStore\FileRepository\iigd_dch.inf_amd64_14d6d9e2312c79ae\igdgmm64.dll
0x00007ffcc9ac0000 - 0x00007ffccccf8000 	C:\windows\System32\DriverStore\FileRepository\iigd_dch.inf_amd64_14d6d9e2312c79ae\igc64.dll
0x00007ffcf9280000 - 0x00007ffcf92cb000 	C:\windows\SYSTEM32\powrprof.dll
0x00007ffcf90f0000 - 0x00007ffcf9102000 	C:\windows\SYSTEM32\UMPDC.dll
0x00007ffcd1810000 - 0x00007ffcd1909000 	C:\windows\SYSTEM32\textinputframework.dll
0x00007ffcf6d50000 - 0x00007ffcf6e42000 	C:\windows\System32\CoreMessaging.dll
0x00007ffcf69f0000 - 0x00007ffcf6d4e000 	C:\windows\System32\CoreUIComponents.dll
0x00007ffcf61d0000 - 0x00007ffcf6324000 	C:\windows\SYSTEM32\wintypes.dll
0x00007ffcf8b30000 - 0x00007ffcf8b63000 	C:\windows\SYSTEM32\ntmarta.dll
0x00007ffcf3a80000 - 0x00007ffcf3ae6000 	C:\windows\system32\Oleacc.dll

dbghelp: loaded successfully - version: 4.0.5 - missing functions: none
symbol engine: initialized successfully - sym options: 0x614 - pdb path: .;C:\Program Files\Java\jdk-16.0.2\bin;C:\windows\SYSTEM32;C:\windows\WinSxS\amd64_microsoft.windows.common-controls_6595b64144ccf1df_6.0.19041.1110_none_60b5254171f9507e;C:\Program Files\Java\jdk-16.0.2\bin\server;C:\Users\sethr\AppData\Local\Temp\jogamp_0000\file_cache\jln10467012694687558764\jln10263072547278205421\natives\windows-amd64;C:\windows\System32\DriverStore\FileRepository\iigd_dch.inf_amd64_14d6d9e2312c79ae

VM Arguments:
jvm_args: -Dfile.encoding=Cp1252 -XX:+ShowCodeDetailsInExceptionMessages 
java_command: energywaves.Main
java_class_path (initial): C:\Users\sethr\eclipse-workspace\energywaves\target\classes;C:\Users\sethr\.m2\repository\org\processing\core\3.3.6\core-3.3.6.jar;C:\Users\sethr\.m2\repository\org\jogamp\gluegen\gluegen-rt-main\2.3.2\gluegen-rt-main-2.3.2.jar;C:\Users\sethr\.m2\repository\org\jogamp\gluegen\gluegen-rt\2.3.2\gluegen-rt-2.3.2.jar;C:\Users\sethr\.m2\repository\org\jogamp\gluegen\gluegen-rt\2.3.2\gluegen-rt-2.3.2-natives-android-aarch64.jar;C:\Users\sethr\.m2\repository\org\jogamp\gluegen\gluegen-rt\2.3.2\gluegen-rt-2.3.2-natives-android-armv6.jar;C:\Users\sethr\.m2\repository\org\jogamp\gluegen\gluegen-rt\2.3.2\gluegen-rt-2.3.2-natives-linux-amd64.jar;C:\Users\sethr\.m2\repository\org\jogamp\gluegen\gluegen-rt\2.3.2\gluegen-rt-2.3.2-natives-linux-armv6.jar;C:\Users\sethr\.m2\repository\org\jogamp\gluegen\gluegen-rt\2.3.2\gluegen-rt-2.3.2-natives-linux-armv6hf.jar;C:\Users\sethr\.m2\repository\org\jogamp\gluegen\gluegen-rt\2.3.2\gluegen-rt-2.3.2-natives-linux-i586.jar;C:\Users\sethr\.m2\repository\org\jogamp\gluegen\gluegen-rt\2.3.2\gluegen-rt-2.3.2-natives-macosx-universal.jar;C:\Users\sethr\.m2\repository\org\jogamp\gluegen\gluegen-rt\2.3.2\gluegen-rt-2.3.2-natives-solaris-amd64.jar;C:\Users\sethr\.m2\repository\org\jogamp\gluegen\gluegen-rt\2.3.2\gluegen-rt-2.3.2-natives-solaris-i586.jar;C:\Users\sethr\.m2\repository\org\jogamp\gluegen\gluegen-rt\2.3.2\gluegen-rt-2.3.2-natives-windows-amd64.jar;C:\Users\sethr\.m2\repository\org\jogamp\gluegen\gluegen-rt\2.3.2\gluegen-rt-2.3.2-natives-windows-i586.jar;C:\Users\sethr\.m2\repository\org\jogamp\jogl\jogl-all-main\2.3.2\jogl-all-main-2.3.2.jar;C:\Users\sethr\.m2\repository\org\jogamp\jogl\jogl-all\2.3.2\jogl-all-2.3.2.jar;C:\Users\sethr\.m2\repository\org\jogamp\jogl\jogl-all\2.3.2\jogl-all-2.3.2-natives-android-aarch64.jar;C:\Users\sethr\.m2\repository\org\jogamp\jogl\jogl-all\2.3.2\jogl-all-2.3.2-natives-android-armv6.jar;C:\Users\sethr\.m2\repository\org\jogamp\jogl\jogl-all\2.3.2\jogl-all-2.3.2-natives-l
Launcher Type: SUN_STANDARD

[Global flags]
     intx CICompilerCount                          = 4                                         {product} {ergonomic}
     uint ConcGCThreads                            = 2                                         {product} {ergonomic}
     uint G1ConcRefinementThreads                  = 8                                         {product} {ergonomic}
   size_t G1HeapRegionSize                         = 2097152                                   {product} {ergonomic}
    uintx GCDrainStackTargetSize                   = 64                                        {product} {ergonomic}
   size_t InitialHeapSize                          = 266338304                                 {product} {ergonomic}
   size_t MarkStackSize                            = 4194304                                   {product} {ergonomic}
   size_t MaxHeapSize                              = 4234149888                                {product} {ergonomic}
   size_t MaxNewSize                               = 2539651072                                {product} {ergonomic}
   size_t MinHeapDeltaBytes                        = 2097152                                   {product} {ergonomic}
   size_t MinHeapSize                              = 8388608                                   {product} {ergonomic}
    uintx NonNMethodCodeHeapSize                   = 5839372                                {pd product} {ergonomic}
    uintx NonProfiledCodeHeapSize                  = 122909434                              {pd product} {ergonomic}
    uintx ProfiledCodeHeapSize                     = 122909434                              {pd product} {ergonomic}
    uintx ReservedCodeCacheSize                    = 251658240                              {pd product} {ergonomic}
     bool SegmentedCodeCache                       = true                                      {product} {ergonomic}
     bool ShowCodeDetailsInExceptionMessages       = true                                   {manageable} {command line}
   size_t SoftMaxHeapSize                          = 4234149888                             {manageable} {ergonomic}
     bool UseCompressedClassPointers               = true                           {product lp64_product} {ergonomic}
     bool UseCompressedOops                        = true                           {product lp64_product} {ergonomic}
     bool UseG1GC                                  = true                                      {product} {ergonomic}
     bool UseLargePagesIndividualAllocation        = false                                  {pd product} {ergonomic}

Logging:
Log output configuration:
 #0: stdout all=off uptime,level,tags
 #1: stderr all=off uptime,level,tags

Environment Variables:
PATH=C:\Program Files\Oculus\Support\oculus-runtime;C:\Program Files\Common Files\Oracle\Java\javapath;C:\windows\system32;C:\windows;C:\windows\System32\Wbem;C:\windows\System32\WindowsPowerShell\v1.0\;C:\windows\System32\OpenSSH\;C:\MinGW\mingw32\bin;C:\ProgramData\chocolatey\bin;C:\ProgramData\chocolatey\bin\make.exe;C:\Program Files\Git\cmd;C:\Program Files\nodejs\;C:\Users\sethr\AppData\Local\Programs\Python\Python39\Scripts\;C:\Users\sethr\AppData\Local\Programs\Python\Python39\;C:\Users\sethr\AppData\Local\Microsoft\WindowsApps;C:\Users\sethr\AppData\Local\Programs\Microsoft VS Code\bin;C:\Users\sethr\AppData\Local\GitHubDesktop\bin;C:\Users\sethr\AppData\Roaming\npm
USERNAME=sethr
OS=Windows_NT
PROCESSOR_IDENTIFIER=Intel64 Family 6 Model 140 Stepping 1, GenuineIntel



---------------  S Y S T E M  ---------------

OS:
 Windows 10 , 64 bit Build 19041 (10.0.19041.1348)
OS uptime: 1 days 2:43 hours

CPU: total 8 (initial active 8) (4 cores per cpu, 2 threads per core) family 6 model 140 stepping 1 microcode 0x86, cx8, cmov, fxsr, ht, mmx, 3dnowpref, sse, sse2, sse3, ssse3, sse4.1, sse4.2, popcnt, lzcnt, tsc, tscinvbit, avx, avx2, aes, erms, clmul, bmi1, bmi2, adx, avx512f, avx512dq, avx512cd, avx512bw, avx512vl, sha, fma, vzeroupper, avx512_vpopcntdq, avx512_vpclmulqdq, avx512_vaes, avx512_vnni, clflush, clflushopt, clwb, avx512_vmbi2, avx512_vmbi

Memory: 4k page, system-wide physical 16149M (7319M free)
TotalPageFile size 22549M (AvailPageFile size 11132M)
current process WorkingSet (physical memory assigned to process): 638M, peak: 641M
current process commit charge ("private bytes"): 893M, peak: 911M

vm_info: Java HotSpot(TM) 64-Bit Server VM (16.0.2+7-67) for windows-amd64 JRE (16.0.2+7-67), built on Jun  8 2021 23:24:19 by "mach5one" with MS VC++ 16.7 (VS2019)

END.
