#
# A fatal error has been detected by the Java Runtime Environment:
#
#  EXCEPTION_ACCESS_VIOLATION (0xc0000005) at pc=0x00007ffef5482c4c, pid=24172, tid=27688
#
# JRE version: Java(TM) SE Runtime Environment (16.0.2+7) (build 16.0.2+7-67)
# Java VM: Java HotSpot(TM) 64-Bit Server VM (16.0.2+7-67, mixed mode, sharing, tiered, compressed oops, compressed class ptrs, g1 gc, windows-amd64)
# Problematic frame:
# C  [igxelpicd64.dll+0x282c4c]
#
# No core dump will be written. Minidumps are not enabled by default on client versions of Windows
#
# If you would like to submit a bug report, please visit:
#   https://bugreport.java.com/bugreport/crash.jsp
#

---------------  S U M M A R Y ------------

Command Line: -Dfile.encoding=Cp1252 -XX:+ShowCodeDetailsInExceptionMessages energywaves.Main

Host: 11th Gen Intel(R) Core(TM) i7-1165G7 @ 2.80GHz, 8 cores, 15G,  Windows 10 , 64 bit Build 19041 (10.0.19041.1348)
Time: Wed Dec 15 21:16:30 2021 Eastern Standard Time elapsed time: 10.805743 seconds (0d 0h 0m 10s)

---------------  T H R E A D  ---------------

Current thread (0x00000186285fc250):  VMThread "VM Thread" [stack: 0x00000031dff00000,0x00000031e0000000] [id=27688]

Stack: [0x00000031dff00000,0x00000031e0000000],  sp=0x00000031dfffe210,  free space=1016k
Native frames: (J=compiled Java code, j=interpreted, Vv=VM code, C=native code)
C  [igxelpicd64.dll+0x282c4c]


siginfo: EXCEPTION_ACCESS_VIOLATION (0xc0000005), reading address 0x00000000000356f8


Register to memory mapping:

RIP=0x00007ffef5482c4c igxelpicd64.dll
RAX=0x0000018637638100 points into unknown readable memory: 0x000000000000c9ff | ff c9 00 00 00 00 00 00
RBX=0x0000018629bfffc0 points into unknown readable memory: 0xffffffffffffffff | ff ff ff ff ff ff ff ff
RCX=0x0 is NULL
RDX=0x0000000000000002 is an unknown value
RSP=0x00000031dfffe210 points into unknown readable memory: 0x0000018629bfffc0 | c0 ff bf 29 86 01 00 00
RBP=0x0000000000000016 is an unknown value
RSI=0x0000018629d2c390 points into unknown readable memory: 0x0000000000000000 | 00 00 00 00 00 00 00 00
RDI=0x0 is NULL
R8 =0x0000000000000014 is an unknown value
R9 =0x0 is NULL
R10=0x0 is NULL
R11=0x0000000000000246 is an unknown value
R12=0x0000018637638538 points into unknown readable memory: 0x00000186375a8640 | 40 86 5a 37 86 01 00 00
R13=0x0 is NULL
R14=0x0000018637637f70 points into unknown readable memory: 0x0000018629aecb40 | 40 cb ae 29 86 01 00 00
R15=0x0 is NULL


Registers:
RAX=0x0000018637638100, RBX=0x0000018629bfffc0, RCX=0x0000000000000000, RDX=0x0000000000000002
RSP=0x00000031dfffe210, RBP=0x0000000000000016, RSI=0x0000018629d2c390, RDI=0x0000000000000000
R8 =0x0000000000000014, R9 =0x0000000000000000, R10=0x0000000000000000, R11=0x0000000000000246
R12=0x0000018637638538, R13=0x0000000000000000, R14=0x0000018637637f70, R15=0x0000000000000000
RIP=0x00007ffef5482c4c, EFLAGS=0x0000000000010206

Top of Stack: (sp=0x00000031dfffe210)
0x00000031dfffe210:   0000018629bfffc0 00007fff8d60d859
0x00000031dfffe220:   00000031dfffe2a8 0000000000000000
0x00000031dfffe230:   0000000000000054 0000018629bfffc0
0x00000031dfffe240:   0000000000000000 00007fff8ec90ba4
0x00000031dfffe250:   000000007a000004 0000000000000000
0x00000031dfffe260:   0000000000000000 000001862b40a8f8
0x00000031dfffe270:   000000000000ca07 0000000000000000
0x00000031dfffe280:   0000000000000014 0000000000000000
0x00000031dfffe290:   0000000000000000 00000031dfffe3b0
0x00000031dfffe2a0:   0000018629d2c390 00007ffef52b769c
0x00000031dfffe2b0:   0000018600000016 00000186375a8640
0x00000031dfffe2c0:   0000000000000000 000000007a000000
0x00000031dfffe2d0:   0000003100000868 0000b80219600000
0x00000031dfffe2e0:   0000000000000000 0000018603770000
0x00000031dfffe2f0:   0000000000000000 000000007a000004
0x00000031dfffe300:   00000000000004b4 0000000000000000 

Instructions: (pc=0x00007ffef5482c4c)
0x00007ffef5482b4c:   41 bf 20 00 00 00 48 8b 04 38 4d 8b 3c 07 0f b6
0x00007ffef5482b5c:   bc 24 b0 00 00 00 4c 3b 3d d7 f8 cb 00 41 0f 44
0x00007ffef5482b6c:   e9 89 ac 24 a0 00 00 00 48 85 c9 0f 84 d4 07 00
0x00007ffef5482b7c:   00 0f 1f 00 4c 8b f1 4c 8d a1 c8 05 00 00 49 8b
0x00007ffef5482b8c:   04 24 48 89 84 24 a8 00 00 00 40 84 ff 74 10 48
0x00007ffef5482b9c:   8b d1 48 8b 09 e8 ea 8d e3 ff e9 4f 07 00 00 8b
0x00007ffef5482bac:   96 d0 01 00 00 48 8b 05 58 dd bb 00 83 b8 64 03
0x00007ffef5482bbc:   00 00 02 0f 85 19 02 00 00 83 fa 10 73 0e 48 8d
0x00007ffef5482bcc:   42 04 48 8d 04 c2 48 8d 04 c1 eb 60 8d 4a f0 8b
0x00007ffef5482bdc:   c1 c1 e8 04 83 f8 03 73 1d 0f ae e8 83 e1 0f 4d
0x00007ffef5482bec:   8b 84 c6 80 05 00 00 4d 85 c0 74 25 48 8d 0c c9
0x00007ffef5482bfc:   49 8d 04 c8 eb 36 49 8b 86 98 05 00 00 48 85 c0
0x00007ffef5482c0c:   74 0f 66 90 39 10 74 2f 48 8b 40 50 48 85 c0 75
0x00007ffef5482c1c:   f3 41 80 be a0 05 00 00 00 74 22 8b c2 83 e0 0f
0x00007ffef5482c2c:   48 8d 04 c0 48 8d 40 20 49 8d 04 c6 48 85 c0 74
0x00007ffef5482c3c:   0c 48 8b 48 08 eb 09 48 83 c0 08 eb ef 49 8b c9
0x00007ffef5482c4c:   49 3b 8f f8 56 03 00 0f 86 85 01 00 00 83 fa 10
0x00007ffef5482c5c:   73 0a 48 8d 42 04 48 8d 04 c2 eb 5c 8d 4a f0 8b
0x00007ffef5482c6c:   c1 c1 e8 04 83 f8 03 73 1d 0f ae e8 83 e1 0f 4d
0x00007ffef5482c7c:   8b 84 c6 80 05 00 00 4d 85 c0 74 25 48 8d 0c c9
0x00007ffef5482c8c:   49 8d 04 c8 eb 36 49 8b 86 98 05 00 00 48 85 c0
0x00007ffef5482c9c:   74 0f 66 90 39 10 74 2f 48 8b 40 50 48 85 c0 75
0x00007ffef5482cac:   f3 41 80 be a0 05 00 00 00 74 22 8b c2 83 e0 0f
0x00007ffef5482cbc:   48 8d 04 c0 48 8d 40 20 49 8d 04 c6 48 85 c0 74
0x00007ffef5482ccc:   0c 48 8b 48 08 eb 09 48 83 c0 08 eb ef 49 8b c9
0x00007ffef5482cdc:   49 3b 8e 40 06 00 00 0f 86 f5 00 00 00 48 8b 86
0x00007ffef5482cec:   80 02 00 00 49 89 04 24 4c 89 b6 80 02 00 00 ff
0x00007ffef5482cfc:   86 88 02 00 00 ba 01 00 00 00 49 8b 4e 08 e8 41
0x00007ffef5482d0c:   28 59 00 0f b7 c8 48 2b c1 48 05 00 00 01 00 48
0x00007ffef5482d1c:   01 86 90 02 00 00 ba 01 00 00 00 49 8b 4e 08 e8
0x00007ffef5482d2c:   20 28 59 00 48 01 86 a0 02 00 00 85 ed 74 75 49
0x00007ffef5482d3c:   8b 9f 58 4f 03 00 0f 57 c0 f3 0f 7f 44 24 30 c7 


Stack slot to memory mapping:
stack at sp + 0 slots: 0x0000018629bfffc0 points into unknown readable memory: 0xffffffffffffffff | ff ff ff ff ff ff ff ff
stack at sp + 1 slots: 0x00007fff8d60d859 USER32.dll
stack at sp + 2 slots: 0x00000031dfffe2a8 points into unknown readable memory: 0x00007ffef52b769c | 9c 76 2b f5 fe 7f 00 00
stack at sp + 3 slots: 0x0 is NULL
stack at sp + 4 slots: 0x0000000000000054 is an unknown value
stack at sp + 5 slots: 0x0000018629bfffc0 points into unknown readable memory: 0xffffffffffffffff | ff ff ff ff ff ff ff ff
stack at sp + 6 slots: 0x0 is NULL
stack at sp + 7 slots: 0x00007fff8ec90ba4 ntdll.dll

VM_Operation (0x00000031e1cfe9a0): Exit, mode: safepoint, requested by thread 0x000001862b08a4d0


---------------  P R O C E S S  ---------------

Threads class SMR info:
_java_thread_list=0x000001862b5b4f10, length=16, elements={
0x00000186285fec40, 0x00000186285ff750, 0x0000018628611120, 0x0000018628611c30,
0x0000018628616560, 0x000001862861b6a0, 0x000001862861c2e0, 0x0000018628625900,
0x0000018628629750, 0x000001862910fa30, 0x000001862910f4e0, 0x000001862910ff80,
0x000001862910ea40, 0x00000186291104d0, 0x000001862b08a4d0, 0x000001862b091460
}

Java Threads: ( => current thread )
  0x00000186285fec40 JavaThread "Reference Handler" daemon [_thread_blocked, id=17364, stack(0x00000031e0000000,0x00000031e0100000)]
  0x00000186285ff750 JavaThread "Finalizer" daemon [_thread_blocked, id=30336, stack(0x00000031e0100000,0x00000031e0200000)]
  0x0000018628611120 JavaThread "Signal Dispatcher" daemon [_thread_blocked, id=24916, stack(0x00000031e0200000,0x00000031e0300000)]
  0x0000018628611c30 JavaThread "Attach Listener" daemon [_thread_blocked, id=37592, stack(0x00000031e0300000,0x00000031e0400000)]
  0x0000018628616560 JavaThread "Service Thread" daemon [_thread_blocked, id=7612, stack(0x00000031e0400000,0x00000031e0500000)]
  0x000001862861b6a0 JavaThread "Monitor Deflation Thread" daemon [_thread_blocked, id=29372, stack(0x00000031e0500000,0x00000031e0600000)]
  0x000001862861c2e0 JavaThread "C2 CompilerThread0" daemon [_thread_blocked, id=8560, stack(0x00000031e0600000,0x00000031e0700000)]
  0x0000018628625900 JavaThread "C1 CompilerThread0" daemon [_thread_blocked, id=7392, stack(0x00000031e0700000,0x00000031e0800000)]
  0x0000018628629750 JavaThread "Sweeper thread" daemon [_thread_blocked, id=37316, stack(0x00000031e0800000,0x00000031e0900000)]
  0x000001862910fa30 JavaThread "Notification Thread" daemon [_thread_blocked, id=14824, stack(0x00000031e0900000,0x00000031e0a00000)]
  0x000001862910f4e0 JavaThread "Common-Cleaner" daemon [_thread_blocked, id=9396, stack(0x00000031e0b00000,0x00000031e0c00000)]
  0x000001862910ff80 JavaThread "Java2D Disposer" daemon [_thread_blocked, id=12408, stack(0x00000031e0d00000,0x00000031e0e00000)]
  0x000001862910ea40 JavaThread "HighResTimerThread" daemon [_thread_blocked, id=20536, stack(0x00000031e0c00000,0x00000031e0d00000)]
  0x00000186291104d0 JavaThread "DestroyJavaVM" [_thread_blocked, id=1312, stack(0x00000031df900000,0x00000031dfa00000)]
  0x000001862b08a4d0 JavaThread "main-FPSAWTAnimator#00-Timer0-FPSAWTAnimator#00-Timer1" [_thread_blocked, id=22884, stack(0x00000031e1c00000,0x00000031e1d00000)]
  0x000001862b091460 JavaThread "AWT-Shutdown" [_thread_blocked, id=12508, stack(0x00000031e0e00000,0x00000031e0f00000)]

Other Threads:
=>0x00000186285fc250 VMThread "VM Thread" [stack: 0x00000031dff00000,0x00000031e0000000] [id=27688]
  0x0000018605b4c3d0 GCTaskThread "GC Thread#0" [stack: 0x00000031dfa00000,0x00000031dfb00000] [id=24084]
  0x00000186295cfd80 GCTaskThread "GC Thread#1" [stack: 0x00000031e1000000,0x00000031e1100000] [id=31544]
  0x00000186295d0090 GCTaskThread "GC Thread#2" [stack: 0x00000031e1100000,0x00000031e1200000] [id=38892]
  0x00000186295d43b0 GCTaskThread "GC Thread#3" [stack: 0x00000031e1200000,0x00000031e1300000] [id=11288]
  0x00000186295d4ed0 GCTaskThread "GC Thread#4" [stack: 0x00000031e1300000,0x00000031e1400000] [id=18204]
  0x00000186295d51e0 GCTaskThread "GC Thread#5" [stack: 0x00000031e1400000,0x00000031e1500000] [id=32164]
  0x000001862acf8b50 GCTaskThread "GC Thread#6" [stack: 0x00000031e1a00000,0x00000031e1b00000] [id=39576]
  0x000001862acfb630 GCTaskThread "GC Thread#7" [stack: 0x00000031e1d00000,0x00000031e1e00000] [id=29864]
  0x0000018605b5e080 ConcurrentGCThread "G1 Main Marker" terminated
  0x0000018605b5f220 ConcurrentGCThread "G1 Conc#0" [stack: 0x00000031dfc00000,0x00000031dfd00000] [id=8548]
  0x00000186284b20c0 ConcurrentGCThread "G1 Refine#0" terminated
  0x00000186284b2a50 ConcurrentGCThread "G1 Service" terminated

Threads with active compile tasks:

VM state: at safepoint (shutting down)

VM Mutex/Monitor currently owned by a thread:  ([mutex/lock_event])
[0x0000018605afa370] Threads_lock - owner thread: 0x00000186285fc250
[0x0000018605afa490] Heap_lock - owner thread: 0x000001862b08a4d0

Heap address: 0x0000000703a00000, size: 4038 MB, Compressed Oops mode: Zero based, Oop shift amount: 3

CDS archive(s) mapped at: [0x0000000800000000-0x0000000800bb0000-0x0000000800bb0000), size 12255232, SharedBaseAddress: 0x0000000800000000, ArchiveRelocationMode: 0.
Compressed class space mapped at: 0x0000000800c00000-0x0000000840c00000, reserved size: 1073741824
Narrow klass base: 0x0000000800000000, Narrow klass shift: 3, Narrow klass range: 0x100000000

GC Precious Log:
 CPUs: 8 total, 8 available
 Memory: 16149M
 Large Page Support: Disabled
 NUMA Support: Disabled
 Compressed Oops: Enabled (Zero based)
 Heap Region Size: 2M
 Heap Min Capacity: 8M
 Heap Initial Capacity: 254M
 Heap Max Capacity: 4038M
 Pre-touch: Disabled
 Parallel Workers: 8
 Concurrent Workers: 2
 Concurrent Refinement Workers: 8
 Periodic GC: Disabled

Heap:
 garbage-first heap   total 260096K, used 30851K [0x0000000703a00000, 0x0000000800000000)
  region size 2048K, 5 young (10240K), 2 survivors (4096K)
 Metaspace       used 12325K, committed 12480K, reserved 1064960K
  class space    used 881K, committed 960K, reserved 1048576K

Heap Regions: E=young(eden), S=young(survivor), O=old, HS=humongous(starts), HC=humongous(continues), CS=collection set, F=free, OA=open archive, CA=closed archive, TAMS=top-at-mark-start (previous, next)
|   0|0x0000000703a00000, 0x0000000703c00000, 0x0000000703c00000|100%| O|  |TAMS 0x0000000703a00000, 0x0000000703a00000| Untracked 
|   1|0x0000000703c00000, 0x0000000703e00000, 0x0000000703e00000|100%| O|  |TAMS 0x0000000703c00000, 0x0000000703c00000| Untracked 
|   2|0x0000000703e00000, 0x0000000704000000, 0x0000000704000000|100%| O|  |TAMS 0x0000000703e00000, 0x0000000703e00000| Untracked 
|   3|0x0000000704000000, 0x0000000704200000, 0x0000000704200000|100%| O|  |TAMS 0x0000000704000000, 0x0000000704000000| Untracked 
|   4|0x0000000704200000, 0x0000000704400000, 0x0000000704400000|100%| O|  |TAMS 0x0000000704200000, 0x0000000704200000| Untracked 
|   5|0x0000000704400000, 0x0000000704600000, 0x0000000704600000|100%| O|  |TAMS 0x0000000704400000, 0x0000000704400000| Untracked 
|   6|0x0000000704600000, 0x0000000704800000, 0x0000000704800000|100%| O|  |TAMS 0x0000000704600000, 0x0000000704600000| Untracked 
|   7|0x0000000704800000, 0x0000000704a00000, 0x0000000704a00000|100%| O|  |TAMS 0x0000000704800000, 0x0000000704800000| Untracked 
|   8|0x0000000704a00000, 0x0000000704c00000, 0x0000000704c00000|100%|HS|  |TAMS 0x0000000704a00000, 0x0000000704a00000| Complete 
|   9|0x0000000704c00000, 0x0000000704e00000, 0x0000000704e00000|100%| O|  |TAMS 0x0000000704c00000, 0x0000000704c00000| Untracked 
|  10|0x0000000704e00000, 0x0000000705000000, 0x0000000705000000|100%| O|  |TAMS 0x0000000704e00000, 0x0000000704e00000| Untracked 
|  11|0x0000000705000000, 0x0000000705077000, 0x0000000705200000| 23%| O|  |TAMS 0x0000000705000000, 0x0000000705000000| Untracked 
|  12|0x0000000705200000, 0x0000000705200000, 0x0000000705400000|  0%| F|  |TAMS 0x0000000705200000, 0x0000000705200000| Untracked 
|  13|0x0000000705400000, 0x0000000705400000, 0x0000000705600000|  0%| F|  |TAMS 0x0000000705400000, 0x0000000705400000| Untracked 
|  14|0x0000000705600000, 0x0000000705600000, 0x0000000705800000|  0%| F|  |TAMS 0x0000000705600000, 0x0000000705600000| Untracked 
|  15|0x0000000705800000, 0x0000000705800000, 0x0000000705a00000|  0%| F|  |TAMS 0x0000000705800000, 0x0000000705800000| Untracked 
|  16|0x0000000705a00000, 0x0000000705a00000, 0x0000000705c00000|  0%| F|  |TAMS 0x0000000705a00000, 0x0000000705a00000| Untracked 
|  17|0x0000000705c00000, 0x0000000705c00000, 0x0000000705e00000|  0%| F|  |TAMS 0x0000000705c00000, 0x0000000705c00000| Untracked 
|  18|0x0000000705e00000, 0x0000000705e00000, 0x0000000706000000|  0%| F|  |TAMS 0x0000000705e00000, 0x0000000705e00000| Untracked 
|  19|0x0000000706000000, 0x0000000706000000, 0x0000000706200000|  0%| F|  |TAMS 0x0000000706000000, 0x0000000706000000| Untracked 
|  20|0x0000000706200000, 0x0000000706200000, 0x0000000706400000|  0%| F|  |TAMS 0x0000000706200000, 0x0000000706200000| Untracked 
|  21|0x0000000706400000, 0x0000000706400000, 0x0000000706600000|  0%| F|  |TAMS 0x0000000706400000, 0x0000000706400000| Untracked 
|  22|0x0000000706600000, 0x0000000706600000, 0x0000000706800000|  0%| F|  |TAMS 0x0000000706600000, 0x0000000706600000| Untracked 
|  23|0x0000000706800000, 0x0000000706800000, 0x0000000706a00000|  0%| F|  |TAMS 0x0000000706800000, 0x0000000706800000| Untracked 
|  24|0x0000000706a00000, 0x0000000706a00000, 0x0000000706c00000|  0%| F|  |TAMS 0x0000000706a00000, 0x0000000706a00000| Untracked 
|  25|0x0000000706c00000, 0x0000000706c00000, 0x0000000706e00000|  0%| F|  |TAMS 0x0000000706c00000, 0x0000000706c00000| Untracked 
|  26|0x0000000706e00000, 0x0000000706e00000, 0x0000000707000000|  0%| F|  |TAMS 0x0000000706e00000, 0x0000000706e00000| Untracked 
|  27|0x0000000707000000, 0x0000000707000000, 0x0000000707200000|  0%| F|  |TAMS 0x0000000707000000, 0x0000000707000000| Untracked 
|  28|0x0000000707200000, 0x0000000707200000, 0x0000000707400000|  0%| F|  |TAMS 0x0000000707200000, 0x0000000707200000| Untracked 
|  29|0x0000000707400000, 0x0000000707400000, 0x0000000707600000|  0%| F|  |TAMS 0x0000000707400000, 0x0000000707400000| Untracked 
|  30|0x0000000707600000, 0x0000000707600000, 0x0000000707800000|  0%| F|  |TAMS 0x0000000707600000, 0x0000000707600000| Untracked 
|  31|0x0000000707800000, 0x0000000707800000, 0x0000000707a00000|  0%| F|  |TAMS 0x0000000707800000, 0x0000000707800000| Untracked 
|  32|0x0000000707a00000, 0x0000000707a00000, 0x0000000707c00000|  0%| F|  |TAMS 0x0000000707a00000, 0x0000000707a00000| Untracked 
|  33|0x0000000707c00000, 0x0000000707c00000, 0x0000000707e00000|  0%| F|  |TAMS 0x0000000707c00000, 0x0000000707c00000| Untracked 
|  34|0x0000000707e00000, 0x0000000707e00000, 0x0000000708000000|  0%| F|  |TAMS 0x0000000707e00000, 0x0000000707e00000| Untracked 
|  35|0x0000000708000000, 0x0000000708000000, 0x0000000708200000|  0%| F|  |TAMS 0x0000000708000000, 0x0000000708000000| Untracked 
|  36|0x0000000708200000, 0x0000000708200000, 0x0000000708400000|  0%| F|  |TAMS 0x0000000708200000, 0x0000000708200000| Untracked 
|  37|0x0000000708400000, 0x0000000708400000, 0x0000000708600000|  0%| F|  |TAMS 0x0000000708400000, 0x0000000708400000| Untracked 
|  38|0x0000000708600000, 0x0000000708600000, 0x0000000708800000|  0%| F|  |TAMS 0x0000000708600000, 0x0000000708600000| Untracked 
|  39|0x0000000708800000, 0x0000000708800000, 0x0000000708a00000|  0%| F|  |TAMS 0x0000000708800000, 0x0000000708800000| Untracked 
|  40|0x0000000708a00000, 0x0000000708a00000, 0x0000000708c00000|  0%| F|  |TAMS 0x0000000708a00000, 0x0000000708a00000| Untracked 
|  41|0x0000000708c00000, 0x0000000708c00000, 0x0000000708e00000|  0%| F|  |TAMS 0x0000000708c00000, 0x0000000708c00000| Untracked 
|  42|0x0000000708e00000, 0x0000000708e00000, 0x0000000709000000|  0%| F|  |TAMS 0x0000000708e00000, 0x0000000708e00000| Untracked 
|  43|0x0000000709000000, 0x0000000709000000, 0x0000000709200000|  0%| F|  |TAMS 0x0000000709000000, 0x0000000709000000| Untracked 
|  44|0x0000000709200000, 0x0000000709200000, 0x0000000709400000|  0%| F|  |TAMS 0x0000000709200000, 0x0000000709200000| Untracked 
|  45|0x0000000709400000, 0x0000000709400000, 0x0000000709600000|  0%| F|  |TAMS 0x0000000709400000, 0x0000000709400000| Untracked 
|  46|0x0000000709600000, 0x0000000709600000, 0x0000000709800000|  0%| F|  |TAMS 0x0000000709600000, 0x0000000709600000| Untracked 
|  47|0x0000000709800000, 0x0000000709800000, 0x0000000709a00000|  0%| F|  |TAMS 0x0000000709800000, 0x0000000709800000| Untracked 
|  48|0x0000000709a00000, 0x0000000709a00000, 0x0000000709c00000|  0%| F|  |TAMS 0x0000000709a00000, 0x0000000709a00000| Untracked 
|  49|0x0000000709c00000, 0x0000000709c00000, 0x0000000709e00000|  0%| F|  |TAMS 0x0000000709c00000, 0x0000000709c00000| Untracked 
|  50|0x0000000709e00000, 0x0000000709e00000, 0x000000070a000000|  0%| F|  |TAMS 0x0000000709e00000, 0x0000000709e00000| Untracked 
|  51|0x000000070a000000, 0x000000070a000000, 0x000000070a200000|  0%| F|  |TAMS 0x000000070a000000, 0x000000070a000000| Untracked 
|  52|0x000000070a200000, 0x000000070a200000, 0x000000070a400000|  0%| F|  |TAMS 0x000000070a200000, 0x000000070a200000| Untracked 
|  53|0x000000070a400000, 0x000000070a400000, 0x000000070a600000|  0%| F|  |TAMS 0x000000070a400000, 0x000000070a400000| Untracked 
|  54|0x000000070a600000, 0x000000070a600000, 0x000000070a800000|  0%| F|  |TAMS 0x000000070a600000, 0x000000070a600000| Untracked 
|  55|0x000000070a800000, 0x000000070a800000, 0x000000070aa00000|  0%| F|  |TAMS 0x000000070a800000, 0x000000070a800000| Untracked 
|  56|0x000000070aa00000, 0x000000070aa00000, 0x000000070ac00000|  0%| F|  |TAMS 0x000000070aa00000, 0x000000070aa00000| Untracked 
|  57|0x000000070ac00000, 0x000000070ac00000, 0x000000070ae00000|  0%| F|  |TAMS 0x000000070ac00000, 0x000000070ac00000| Untracked 
|  58|0x000000070ae00000, 0x000000070ae00000, 0x000000070b000000|  0%| F|  |TAMS 0x000000070ae00000, 0x000000070ae00000| Untracked 
|  59|0x000000070b000000, 0x000000070b000000, 0x000000070b200000|  0%| F|  |TAMS 0x000000070b000000, 0x000000070b000000| Untracked 
|  60|0x000000070b200000, 0x000000070b200000, 0x000000070b400000|  0%| F|  |TAMS 0x000000070b200000, 0x000000070b200000| Untracked 
|  61|0x000000070b400000, 0x000000070b400000, 0x000000070b600000|  0%| F|  |TAMS 0x000000070b400000, 0x000000070b400000| Untracked 
|  62|0x000000070b600000, 0x000000070b600000, 0x000000070b800000|  0%| F|  |TAMS 0x000000070b600000, 0x000000070b600000| Untracked 
|  63|0x000000070b800000, 0x000000070b800000, 0x000000070ba00000|  0%| F|  |TAMS 0x000000070b800000, 0x000000070b800000| Untracked 
|  64|0x000000070ba00000, 0x000000070ba00000, 0x000000070bc00000|  0%| F|  |TAMS 0x000000070ba00000, 0x000000070ba00000| Untracked 
|  65|0x000000070bc00000, 0x000000070bc00000, 0x000000070be00000|  0%| F|  |TAMS 0x000000070bc00000, 0x000000070bc00000| Untracked 
|  66|0x000000070be00000, 0x000000070be00000, 0x000000070c000000|  0%| F|  |TAMS 0x000000070be00000, 0x000000070be00000| Untracked 
|  67|0x000000070c000000, 0x000000070c000000, 0x000000070c200000|  0%| F|  |TAMS 0x000000070c000000, 0x000000070c000000| Untracked 
|  68|0x000000070c200000, 0x000000070c200000, 0x000000070c400000|  0%| F|  |TAMS 0x000000070c200000, 0x000000070c200000| Untracked 
|  69|0x000000070c400000, 0x000000070c400000, 0x000000070c600000|  0%| F|  |TAMS 0x000000070c400000, 0x000000070c400000| Untracked 
|  70|0x000000070c600000, 0x000000070c600000, 0x000000070c800000|  0%| F|  |TAMS 0x000000070c600000, 0x000000070c600000| Untracked 
|  71|0x000000070c800000, 0x000000070c800000, 0x000000070ca00000|  0%| F|  |TAMS 0x000000070c800000, 0x000000070c800000| Untracked 
|  72|0x000000070ca00000, 0x000000070ca00000, 0x000000070cc00000|  0%| F|  |TAMS 0x000000070ca00000, 0x000000070ca00000| Untracked 
|  73|0x000000070cc00000, 0x000000070cc00000, 0x000000070ce00000|  0%| F|  |TAMS 0x000000070cc00000, 0x000000070cc00000| Untracked 
|  74|0x000000070ce00000, 0x000000070ce00000, 0x000000070d000000|  0%| F|  |TAMS 0x000000070ce00000, 0x000000070ce00000| Untracked 
|  75|0x000000070d000000, 0x000000070d000000, 0x000000070d200000|  0%| F|  |TAMS 0x000000070d000000, 0x000000070d000000| Untracked 
|  76|0x000000070d200000, 0x000000070d200000, 0x000000070d400000|  0%| F|  |TAMS 0x000000070d200000, 0x000000070d200000| Untracked 
|  77|0x000000070d400000, 0x000000070d400000, 0x000000070d600000|  0%| F|  |TAMS 0x000000070d400000, 0x000000070d400000| Untracked 
|  78|0x000000070d600000, 0x000000070d600000, 0x000000070d800000|  0%| F|  |TAMS 0x000000070d600000, 0x000000070d600000| Untracked 
|  79|0x000000070d800000, 0x000000070d800000, 0x000000070da00000|  0%| F|  |TAMS 0x000000070d800000, 0x000000070d800000| Untracked 
|  80|0x000000070da00000, 0x000000070da00000, 0x000000070dc00000|  0%| F|  |TAMS 0x000000070da00000, 0x000000070da00000| Untracked 
|  81|0x000000070dc00000, 0x000000070dc00000, 0x000000070de00000|  0%| F|  |TAMS 0x000000070dc00000, 0x000000070dc00000| Untracked 
|  82|0x000000070de00000, 0x000000070de00000, 0x000000070e000000|  0%| F|  |TAMS 0x000000070de00000, 0x000000070de00000| Untracked 
|  83|0x000000070e000000, 0x000000070e000000, 0x000000070e200000|  0%| F|  |TAMS 0x000000070e000000, 0x000000070e000000| Untracked 
|  84|0x000000070e200000, 0x000000070e200000, 0x000000070e400000|  0%| F|  |TAMS 0x000000070e200000, 0x000000070e200000| Untracked 
|  85|0x000000070e400000, 0x000000070e400000, 0x000000070e600000|  0%| F|  |TAMS 0x000000070e400000, 0x000000070e400000| Untracked 
|  86|0x000000070e600000, 0x000000070e600000, 0x000000070e800000|  0%| F|  |TAMS 0x000000070e600000, 0x000000070e600000| Untracked 
|  87|0x000000070e800000, 0x000000070e800000, 0x000000070ea00000|  0%| F|  |TAMS 0x000000070e800000, 0x000000070e800000| Untracked 
|  88|0x000000070ea00000, 0x000000070ea00000, 0x000000070ec00000|  0%| F|  |TAMS 0x000000070ea00000, 0x000000070ea00000| Untracked 
|  89|0x000000070ec00000, 0x000000070ec00000, 0x000000070ee00000|  0%| F|  |TAMS 0x000000070ec00000, 0x000000070ec00000| Untracked 
|  90|0x000000070ee00000, 0x000000070ee00000, 0x000000070f000000|  0%| F|  |TAMS 0x000000070ee00000, 0x000000070ee00000| Untracked 
|  91|0x000000070f000000, 0x000000070f000000, 0x000000070f200000|  0%| F|  |TAMS 0x000000070f000000, 0x000000070f000000| Untracked 
|  92|0x000000070f200000, 0x000000070f200000, 0x000000070f400000|  0%| F|  |TAMS 0x000000070f200000, 0x000000070f200000| Untracked 
|  93|0x000000070f400000, 0x000000070f400000, 0x000000070f600000|  0%| F|  |TAMS 0x000000070f400000, 0x000000070f400000| Untracked 
|  94|0x000000070f600000, 0x000000070f600000, 0x000000070f800000|  0%| F|  |TAMS 0x000000070f600000, 0x000000070f600000| Untracked 
|  95|0x000000070f800000, 0x000000070f800000, 0x000000070fa00000|  0%| F|  |TAMS 0x000000070f800000, 0x000000070f800000| Untracked 
|  96|0x000000070fa00000, 0x000000070fa00000, 0x000000070fc00000|  0%| F|  |TAMS 0x000000070fa00000, 0x000000070fa00000| Untracked 
|  97|0x000000070fc00000, 0x000000070fc00000, 0x000000070fe00000|  0%| F|  |TAMS 0x000000070fc00000, 0x000000070fc00000| Untracked 
|  98|0x000000070fe00000, 0x000000070fe00000, 0x0000000710000000|  0%| F|  |TAMS 0x000000070fe00000, 0x000000070fe00000| Untracked 
|  99|0x0000000710000000, 0x0000000710000000, 0x0000000710200000|  0%| F|  |TAMS 0x0000000710000000, 0x0000000710000000| Untracked 
| 100|0x0000000710200000, 0x0000000710200000, 0x0000000710400000|  0%| F|  |TAMS 0x0000000710200000, 0x0000000710200000| Untracked 
| 101|0x0000000710400000, 0x0000000710400000, 0x0000000710600000|  0%| F|  |TAMS 0x0000000710400000, 0x0000000710400000| Untracked 
| 102|0x0000000710600000, 0x0000000710600000, 0x0000000710800000|  0%| F|  |TAMS 0x0000000710600000, 0x0000000710600000| Untracked 
| 103|0x0000000710800000, 0x0000000710800000, 0x0000000710a00000|  0%| F|  |TAMS 0x0000000710800000, 0x0000000710800000| Untracked 
| 104|0x0000000710a00000, 0x0000000710a00000, 0x0000000710c00000|  0%| F|  |TAMS 0x0000000710a00000, 0x0000000710a00000| Untracked 
| 105|0x0000000710c00000, 0x0000000710c00000, 0x0000000710e00000|  0%| F|  |TAMS 0x0000000710c00000, 0x0000000710c00000| Untracked 
| 106|0x0000000710e00000, 0x0000000710e00000, 0x0000000711000000|  0%| F|  |TAMS 0x0000000710e00000, 0x0000000710e00000| Untracked 
| 107|0x0000000711000000, 0x0000000711000000, 0x0000000711200000|  0%| F|  |TAMS 0x0000000711000000, 0x0000000711000000| Untracked 
| 108|0x0000000711200000, 0x00000007113a9de0, 0x0000000711400000| 83%| S|CS|TAMS 0x0000000711200000, 0x0000000711200000| Complete 
| 109|0x0000000711400000, 0x0000000711600000, 0x0000000711600000|100%| S|CS|TAMS 0x0000000711400000, 0x0000000711400000| Complete 
| 110|0x0000000711600000, 0x0000000711600000, 0x0000000711800000|  0%| F|  |TAMS 0x0000000711600000, 0x0000000711600000| Untracked 
| 111|0x0000000711800000, 0x0000000711800000, 0x0000000711a00000|  0%| F|  |TAMS 0x0000000711800000, 0x0000000711800000| Untracked 
| 112|0x0000000711a00000, 0x0000000711a00000, 0x0000000711c00000|  0%| F|  |TAMS 0x0000000711a00000, 0x0000000711a00000| Untracked 
| 113|0x0000000711c00000, 0x0000000711c00000, 0x0000000711e00000|  0%| F|  |TAMS 0x0000000711c00000, 0x0000000711c00000| Untracked 
| 114|0x0000000711e00000, 0x0000000711e00000, 0x0000000712000000|  0%| F|  |TAMS 0x0000000711e00000, 0x0000000711e00000| Untracked 
| 115|0x0000000712000000, 0x0000000712000000, 0x0000000712200000|  0%| F|  |TAMS 0x0000000712000000, 0x0000000712000000| Untracked 
| 116|0x0000000712200000, 0x0000000712200000, 0x0000000712400000|  0%| F|  |TAMS 0x0000000712200000, 0x0000000712200000| Untracked 
| 117|0x0000000712400000, 0x0000000712400000, 0x0000000712600000|  0%| F|  |TAMS 0x0000000712400000, 0x0000000712400000| Untracked 
| 118|0x0000000712600000, 0x0000000712600000, 0x0000000712800000|  0%| F|  |TAMS 0x0000000712600000, 0x0000000712600000| Untracked 
| 119|0x0000000712800000, 0x0000000712800000, 0x0000000712a00000|  0%| F|  |TAMS 0x0000000712800000, 0x0000000712800000| Untracked 
| 120|0x0000000712a00000, 0x0000000712a00000, 0x0000000712c00000|  0%| F|  |TAMS 0x0000000712a00000, 0x0000000712a00000| Untracked 
| 121|0x0000000712c00000, 0x0000000712c00000, 0x0000000712e00000|  0%| F|  |TAMS 0x0000000712c00000, 0x0000000712c00000| Untracked 
| 122|0x0000000712e00000, 0x0000000712e00000, 0x0000000713000000|  0%| F|  |TAMS 0x0000000712e00000, 0x0000000712e00000| Untracked 
| 123|0x0000000713000000, 0x0000000713000000, 0x0000000713200000|  0%| F|  |TAMS 0x0000000713000000, 0x0000000713000000| Untracked 
| 124|0x0000000713200000, 0x0000000713200800, 0x0000000713400000|  0%| E|  |TAMS 0x0000000713200000, 0x0000000713200000| Complete 
| 125|0x0000000713400000, 0x0000000713600000, 0x0000000713600000|100%| E|CS|TAMS 0x0000000713400000, 0x0000000713400000| Complete 
| 126|0x0000000713600000, 0x0000000713800000, 0x0000000713800000|100%| E|CS|TAMS 0x0000000713600000, 0x0000000713600000| Complete 

Card table byte_map: [0x000001861cdb0000,0x000001861d5a0000] _byte_map_base: 0x0000018619593000

Marking Bits (Prev, Next): (CMBitMap*) 0x0000018605b4d9e0, (CMBitMap*) 0x0000018605b4da20
 Prev Bits: [0x000001861dd90000, 0x0000018621ca8000)
 Next Bits: [0x0000018621cb0000, 0x0000018625bc8000)

Polling page: 0x0000018603a40000

Metaspace:

Usage:
  Non-class:     11.18 MB used.
      Class:    881.16 KB used.
       Both:     12.04 MB used.

Virtual space:
  Non-class space:       16.00 MB reserved,      11.25 MB ( 70%) committed,  2 nodes.
      Class space:        1.00 GB reserved,     960.00 KB ( <1%) committed,  1 nodes.
              Both:        1.02 GB reserved,      12.19 MB (  1%) committed. 

Chunk freelists:
   Non-Class:  3.89 MB
       Class:  2.94 MB
        Both:  6.83 MB

MaxMetaspaceSize: 17179869184.00 GB
CompressedClassSpaceSize: 1.00 GB
 - commit_granule_bytes: 65536.
 - commit_granule_words: 8192.
 - virtual_space_node_default_size: 1048576.
 - enlarge_chunks_in_place: 1.
 - new_chunks_are_fully_committed: 0.
 - uncommit_free_chunks: 1.
 - use_allocation_guard: 0.
 - handle_deallocations: 1.


Internal statistics:

num_allocs_failed_limit: 0.
num_arena_births: 86.
num_arena_deaths: 0.
num_vsnodes_births: 3.
num_vsnodes_deaths: 0.
num_space_committed: 191.
num_space_uncommitted: 0.
num_chunks_returned_to_freelist: 0.
num_chunks_taken_from_freelist: 338.
num_chunk_merges: 0.
num_chunk_splits: 271.
num_chunks_enlarged: 222.
num_purges: 0.

CodeHeap 'non-profiled nmethods': size=120000Kb used=737Kb max_used=737Kb free=119262Kb
 bounds [0x0000018614d50000, 0x0000018614fc0000, 0x000001861c280000]
CodeHeap 'profiled nmethods': size=120000Kb used=2649Kb max_used=2649Kb free=117350Kb
 bounds [0x000001860d820000, 0x000001860dac0000, 0x0000018614d50000]
CodeHeap 'non-nmethods': size=5760Kb used=1536Kb max_used=1565Kb free=4223Kb
 bounds [0x000001860d280000, 0x000001860d4f0000, 0x000001860d820000]
 total_blobs=2405 nmethods=1482 adapters=836
 compilation: enabled
              stopped_count=0, restarted_count=0
 full_count=0

Compilation events (20 events):
Event: 9.754 Thread 0x0000018628625900 1473       1       com.jogamp.newt.event.NEWTEvent::getEventType (5 bytes)
Event: 9.754 Thread 0x0000018628625900 nmethod 1473 0x0000018614e07290 code [0x0000018614e07420, 0x0000018614e074f8]
Event: 9.880 Thread 0x0000018628625900 1474       1       java.util.concurrent.locks.AbstractQueuedSynchronizer::getState (5 bytes)
Event: 9.880 Thread 0x0000018628625900 nmethod 1474 0x0000018614e07590 code [0x0000018614e07720, 0x0000018614e077f8]
Event: 9.901 Thread 0x0000018628625900 1475       1       java.util.concurrent.locks.AbstractQueuedSynchronizer::setState (6 bytes)
Event: 9.901 Thread 0x0000018628625900 nmethod 1475 0x0000018614e07890 code [0x0000018614e07a20, 0x0000018614e07af8]
Event: 9.933 Thread 0x0000018628625900 1476       1       jogamp.newt.WindowImpl::getSurfaceWidth (5 bytes)
Event: 9.933 Thread 0x0000018628625900 nmethod 1476 0x0000018614e07b90 code [0x0000018614e07d20, 0x0000018614e07df8]
Event: 9.933 Thread 0x0000018628625900 1477       1       jogamp.newt.WindowImpl::getSurfaceHeight (5 bytes)
Event: 9.933 Thread 0x0000018628625900 nmethod 1477 0x0000018614e07e90 code [0x0000018614e08020, 0x0000018614e080f8]
Event: 10.019 Thread 0x0000018628625900 1478   !   3       jogamp.common.util.locks.RecursiveLockImpl01Unfairish::validateLocked (147 bytes)
Event: 10.020 Thread 0x0000018628625900 nmethod 1478 0x000001860dab2c10 code [0x000001860dab2fe0, 0x000001860dab48e8]
Event: 10.704 Thread 0x0000018628625900 1479       1       com.jogamp.nativewindow.DefaultGraphicsScreen::getDevice (5 bytes)
Event: 10.704 Thread 0x0000018628625900 nmethod 1479 0x0000018614e08190 code [0x0000018614e08320, 0x0000018614e083f8]
Event: 10.704 Thread 0x0000018628625900 1480       3       jdk.internal.loader.NativeLibraries::find (72 bytes)
Event: 10.704 Thread 0x0000018628625900 nmethod 1480 0x000001860dab5410 code [0x000001860dab5640, 0x000001860dab5ed8]
Event: 10.705 Thread 0x0000018628625900 1481       3       java.lang.ClassLoader::findNative (21 bytes)
Event: 10.705 Thread 0x0000018628625900 nmethod 1481 0x000001860dab6110 code [0x000001860dab62e0, 0x000001860dab64f8]
Event: 10.707 Thread 0x000001862861c2e0 1482       4       java.lang.CharacterData::of (124 bytes)
Event: 10.707 Thread 0x000001862861c2e0 nmethod 1482 0x0000018614e08490 code [0x0000018614e08620, 0x0000018614e08698]

GC Heap History (6 events):
Event: 0.143 GC heap before
{Heap before GC invocations=0 (full 0):
 garbage-first heap   total 260096K, used 20480K [0x0000000703a00000, 0x0000000800000000)
  region size 2048K, 11 young (22528K), 0 survivors (0K)
 Metaspace       used 2666K, committed 2816K, reserved 1056768K
  class space    used 220K, committed 256K, reserved 1048576K
}
Event: 0.150 GC heap after
{Heap after GC invocations=1 (full 0):
 garbage-first heap   total 260096K, used 19911K [0x0000000703a00000, 0x0000000800000000)
  region size 2048K, 2 young (4096K), 2 survivors (4096K)
 Metaspace       used 2666K, committed 2816K, reserved 1056768K
  class space    used 220K, committed 256K, reserved 1048576K
}
Event: 1.371 GC heap before
{Heap before GC invocations=1 (full 0):
 garbage-first heap   total 260096K, used 32199K [0x0000000703a00000, 0x0000000800000000)
  region size 2048K, 8 young (16384K), 2 survivors (4096K)
 Metaspace       used 9734K, committed 9856K, reserved 1064960K
  class space    used 722K, committed 768K, reserved 1048576K
}
Event: 1.374 GC heap after
{Heap after GC invocations=2 (full 0):
 garbage-first heap   total 260096K, used 22317K [0x0000000703a00000, 0x0000000800000000)
  region size 2048K, 1 young (2048K), 1 survivors (2048K)
 Metaspace       used 9734K, committed 9856K, reserved 1064960K
  class space    used 722K, committed 768K, reserved 1048576K
}
Event: 9.133 GC heap before
{Heap before GC invocations=2 (full 0):
 garbage-first heap   total 260096K, used 55085K [0x0000000703a00000, 0x0000000800000000)
  region size 2048K, 17 young (34816K), 1 survivors (2048K)
 Metaspace       used 12275K, committed 12416K, reserved 1064960K
  class space    used 877K, committed 960K, reserved 1048576K
}
Event: 9.136 GC heap after
{Heap after GC invocations=3 (full 0):
 garbage-first heap   total 260096K, used 26755K [0x0000000703a00000, 0x0000000800000000)
  region size 2048K, 2 young (4096K), 2 survivors (4096K)
 Metaspace       used 12275K, committed 12416K, reserved 1064960K
  class space    used 877K, committed 960K, reserved 1048576K
}

Deoptimization events (20 events):
Event: 2.151 Thread 0x000001862b08a4d0 DEOPT PACKING pc=0x000001860d9f2544 sp=0x00000031e1cfea80
Event: 2.151 Thread 0x000001862b08a4d0 DEOPT UNPACKING pc=0x000001860d2ce77e sp=0x00000031e1cfdf88 mode 0
Event: 2.161 Thread 0x000001862b08a4d0 DEOPT PACKING pc=0x000001860d9f2544 sp=0x00000031e1cfea80
Event: 2.161 Thread 0x000001862b08a4d0 DEOPT UNPACKING pc=0x000001860d2ce77e sp=0x00000031e1cfdf88 mode 0
Event: 2.229 Thread 0x000001862b08a4d0 Uncommon trap: trap_request=0xffffff45 fr.pc=0x0000018614dbd2b4 relative=0x00000000000011b4
Event: 2.229 Thread 0x000001862b08a4d0 Uncommon trap: reason=unstable_if action=reinterpret pc=0x0000018614dbd2b4 method=processing.opengl.PGraphicsOpenGL$IndexCache.getLast()I @ 4 c2
Event: 2.229 Thread 0x000001862b08a4d0 DEOPT PACKING pc=0x0000018614dbd2b4 sp=0x00000031e1cfe750
Event: 2.229 Thread 0x000001862b08a4d0 DEOPT UNPACKING pc=0x000001860d2cf92e sp=0x00000031e1cfe6b8 mode 2
Event: 2.392 Thread 0x000001862b08a4d0 DEOPT PACKING pc=0x000001860da5b089 sp=0x00000031e1cfeae0
Event: 2.392 Thread 0x000001862b08a4d0 DEOPT UNPACKING pc=0x000001860d2ce77e sp=0x00000031e1cfe008 mode 0
Event: 2.710 Thread 0x000001862b08a4d0 Uncommon trap: trap_request=0xffffff45 fr.pc=0x0000018614ddcea8 relative=0x0000000000000dc8
Event: 2.710 Thread 0x000001862b08a4d0 Uncommon trap: reason=unstable_if action=reinterpret pc=0x0000018614ddcea8 method=energywaves.Mesh.draw(Lprocessing/core/PApplet;)V @ 84 c2
Event: 2.710 Thread 0x000001862b08a4d0 DEOPT PACKING pc=0x0000018614ddcea8 sp=0x00000031e1cfeb20
Event: 2.710 Thread 0x000001862b08a4d0 DEOPT UNPACKING pc=0x000001860d2cf92e sp=0x00000031e1cfeb18 mode 2
Event: 2.788 Thread 0x000001862b08a4d0 DEOPT PACKING pc=0x000001860da5c987 sp=0x00000031e1cfeb20
Event: 2.788 Thread 0x000001862b08a4d0 DEOPT UNPACKING pc=0x000001860d2ce77e sp=0x00000031e1cfe018 mode 0
Event: 10.701 Thread 0x000001862910da50 Uncommon trap: trap_request=0xffffff45 fr.pc=0x0000018614dc7e20 relative=0x0000000000000200
Event: 10.701 Thread 0x000001862910da50 Uncommon trap: reason=unstable_if action=reinterpret pc=0x0000018614dc7e20 method=java.util.HashMap$HashIterator.<init>(Ljava/util/HashMap;)V @ 38 c2
Event: 10.701 Thread 0x000001862910da50 DEOPT PACKING pc=0x0000018614dc7e20 sp=0x00000031e16fee20
Event: 10.701 Thread 0x000001862910da50 DEOPT UNPACKING pc=0x000001860d2cf92e sp=0x00000031e16fedd8 mode 2

Classes unloaded (0 events):
No events

Classes redefined (0 events):
No events

Internal exceptions (20 events):
Event: 2.160 Thread 0x000001862b08a4d0 Exception <a 'java/lang/ArrayIndexOutOfBoundsException'{0x0000000711eeb090}> (0x0000000711eeb090) 
thrown [t:\workspace\open\src\hotspot\share\runtime\sharedRuntime.cpp, line 624]
Event: 2.160 Thread 0x000001862b08a4d0 Exception <a 'java/lang/ArrayIndexOutOfBoundsException'{0x0000000711eeb3e0}> (0x0000000711eeb3e0) 
thrown [t:\workspace\open\src\hotspot\share\runtime\sharedRuntime.cpp, line 624]
Event: 2.160 Thread 0x000001862b08a4d0 Exception <a 'java/lang/ArrayIndexOutOfBoundsException'{0x0000000711eeb730}> (0x0000000711eeb730) 
thrown [t:\workspace\open\src\hotspot\share\runtime\sharedRuntime.cpp, line 624]
Event: 2.160 Thread 0x000001862b08a4d0 Exception <a 'java/lang/ArrayIndexOutOfBoundsException'{0x0000000711eeba80}> (0x0000000711eeba80) 
thrown [t:\workspace\open\src\hotspot\share\runtime\sharedRuntime.cpp, line 624]
Event: 2.160 Thread 0x000001862b08a4d0 Exception <a 'java/lang/ArrayIndexOutOfBoundsException'{0x0000000711eebdd0}> (0x0000000711eebdd0) 
thrown [t:\workspace\open\src\hotspot\share\runtime\sharedRuntime.cpp, line 624]
Event: 2.161 Thread 0x000001862b08a4d0 Exception <a 'java/lang/ArrayIndexOutOfBoundsException'{0x0000000711eec120}> (0x0000000711eec120) 
thrown [t:\workspace\open\src\hotspot\share\runtime\sharedRuntime.cpp, line 624]
Event: 2.161 Thread 0x000001862b08a4d0 Exception <a 'java/lang/ArrayIndexOutOfBoundsException'{0x0000000711eec470}> (0x0000000711eec470) 
thrown [t:\workspace\open\src\hotspot\share\runtime\sharedRuntime.cpp, line 624]
Event: 2.161 Thread 0x000001862b08a4d0 Exception <a 'java/lang/ArrayIndexOutOfBoundsException'{0x0000000711eec7c0}> (0x0000000711eec7c0) 
thrown [t:\workspace\open\src\hotspot\share\runtime\sharedRuntime.cpp, line 624]
Event: 2.161 Thread 0x000001862b08a4d0 Exception <a 'java/lang/ArrayIndexOutOfBoundsException'{0x0000000711eecb10}> (0x0000000711eecb10) 
thrown [t:\workspace\open\src\hotspot\share\runtime\sharedRuntime.cpp, line 624]
Event: 2.161 Thread 0x000001862b08a4d0 Exception <a 'java/lang/ArrayIndexOutOfBoundsException'{0x0000000711eece60}> (0x0000000711eece60) 
thrown [t:\workspace\open\src\hotspot\share\runtime\sharedRuntime.cpp, line 624]
Event: 2.161 Thread 0x000001862b08a4d0 Exception <a 'java/lang/ArrayIndexOutOfBoundsException'{0x0000000711eed1b0}> (0x0000000711eed1b0) 
thrown [t:\workspace\open\src\hotspot\share\runtime\sharedRuntime.cpp, line 624]
Event: 2.161 Thread 0x000001862b08a4d0 Exception <a 'java/lang/ArrayIndexOutOfBoundsException'{0x0000000711eed500}> (0x0000000711eed500) 
thrown [t:\workspace\open\src\hotspot\share\runtime\sharedRuntime.cpp, line 624]
Event: 2.161 Thread 0x000001862b08a4d0 Exception <a 'java/lang/ArrayIndexOutOfBoundsException'{0x0000000711eed850}> (0x0000000711eed850) 
thrown [t:\workspace\open\src\hotspot\share\runtime\sharedRuntime.cpp, line 624]
Event: 2.161 Thread 0x000001862b08a4d0 Exception <a 'java/lang/ArrayIndexOutOfBoundsException'{0x0000000711eedba0}> (0x0000000711eedba0) 
thrown [t:\workspace\open\src\hotspot\share\runtime\sharedRuntime.cpp, line 624]
Event: 2.161 Thread 0x000001862b08a4d0 Exception <a 'java/lang/ArrayIndexOutOfBoundsException'{0x0000000711eedef0}> (0x0000000711eedef0) 
thrown [t:\workspace\open\src\hotspot\share\runtime\sharedRuntime.cpp, line 624]
Event: 2.161 Thread 0x000001862b08a4d0 Exception <a 'java/lang/ArrayIndexOutOfBoundsException'{0x0000000711eee240}> (0x0000000711eee240) 
thrown [t:\workspace\open\src\hotspot\share\runtime\sharedRuntime.cpp, line 624]
Event: 2.161 Thread 0x000001862b08a4d0 Exception <a 'java/lang/ArrayIndexOutOfBoundsException'{0x0000000711eee590}> (0x0000000711eee590) 
thrown [t:\workspace\open\src\hotspot\share\runtime\sharedRuntime.cpp, line 624]
Event: 2.161 Thread 0x000001862b08a4d0 Exception <a 'java/lang/ArrayIndexOutOfBoundsException'{0x0000000711eee8e0}> (0x0000000711eee8e0) 
thrown [t:\workspace\open\src\hotspot\share\runtime\sharedRuntime.cpp, line 624]
Event: 2.161 Thread 0x000001862b08a4d0 Exception <a 'java/lang/ArrayIndexOutOfBoundsException'{0x0000000711eeec30}> (0x0000000711eeec30) 
thrown [t:\workspace\open\src\hotspot\share\runtime\sharedRuntime.cpp, line 624]
Event: 10.679 Thread 0x000001862910dfa0 Exception <a 'java/lang/InterruptedException'{0x00000007137f2d98}> (0x00000007137f2d98) 
thrown [t:\workspace\open\src\hotspot\share\runtime\objectMonitor.cpp, line 1705]

Events (20 events):
Event: 7.202 Executing  VM operation: Cleanup
Event: 7.202 Executing  VM operation: Cleanup done
Event: 8.203 Executing  VM operation: Cleanup
Event: 8.203 Executing  VM operation: Cleanup done
Event: 9.133 Executing  VM operation: G1CollectForAllocation
Event: 9.136 Executing  VM operation: G1CollectForAllocation done
Event: 10.679 Thread 0x000001862b08b4c0 Thread added: 0x000001862b08b4c0
Event: 10.679 Thread 0x000001862b08d9f0 Thread added: 0x000001862b08d9f0
Event: 10.679 Thread 0x000001862b08ff20 Thread added: 0x000001862b08ff20
Event: 10.679 Thread 0x000001862910dfa0 Thread exited: 0x000001862910dfa0
Event: 10.680 Thread 0x000001862b091460 Thread added: 0x000001862b091460
Event: 10.680 loading class java/nio/channels/ClosedChannelException
Event: 10.680 loading class java/nio/channels/ClosedChannelException done
Event: 10.680 Thread 0x000001862b08d9f0 Thread exited: 0x000001862b08d9f0
Event: 10.680 Thread 0x000001862910d500 Thread exited: 0x000001862910d500
Event: 10.681 Thread 0x000001862910ef90 Thread exited: 0x000001862910ef90
Event: 10.706 Thread 0x000001862910da50 Thread exited: 0x000001862910da50
Event: 10.707 Thread 0x000001862b08ff20 Thread exited: 0x000001862b08ff20
Event: 10.781 Thread 0x000001862b08b4c0 Thread exited: 0x000001862b08b4c0
Event: 10.782 Executing  VM operation: Exit


Dynamic libraries:
0x00007ff62cff0000 - 0x00007ff62d000000 	C:\Program Files\Java\jdk-16.0.2\bin\javaw.exe
0x00007fff8ebf0000 - 0x00007fff8ede5000 	C:\windows\SYSTEM32\ntdll.dll
0x00007fff8de50000 - 0x00007fff8df0e000 	C:\windows\System32\KERNEL32.DLL
0x00007fff8c5c0000 - 0x00007fff8c888000 	C:\windows\System32\KERNELBASE.dll
0x00007fff8cab0000 - 0x00007fff8cbb0000 	C:\windows\System32\ucrtbase.dll
0x00007fff84d80000 - 0x00007fff84d99000 	C:\Program Files\Java\jdk-16.0.2\bin\VCRUNTIME140.dll
0x00007fff851c0000 - 0x00007fff851d8000 	C:\Program Files\Java\jdk-16.0.2\bin\jli.dll
0x00007fff8eb00000 - 0x00007fff8ebac000 	C:\windows\System32\ADVAPI32.dll
0x00007fff8e270000 - 0x00007fff8e30e000 	C:\windows\System32\msvcrt.dll
0x00007fff8e310000 - 0x00007fff8e3ab000 	C:\windows\System32\sechost.dll
0x00007fff8d3a0000 - 0x00007fff8d4ca000 	C:\windows\System32\RPCRT4.dll
0x00007fff8d5f0000 - 0x00007fff8d791000 	C:\windows\System32\USER32.dll
0x00007fff8cbb0000 - 0x00007fff8cbd2000 	C:\windows\System32\win32u.dll
0x00007fff8cef0000 - 0x00007fff8cf1b000 	C:\windows\System32\GDI32.dll
0x00007fff8c310000 - 0x00007fff8c41b000 	C:\windows\System32\gdi32full.dll
0x00007fff63bb0000 - 0x00007fff63e4a000 	C:\windows\WinSxS\amd64_microsoft.windows.common-controls_6595b64144ccf1df_6.0.19041.1110_none_60b5254171f9507e\COMCTL32.dll
0x00007fff8c470000 - 0x00007fff8c50d000 	C:\windows\System32\msvcp_win.dll
0x00007fff85760000 - 0x00007fff8576a000 	C:\windows\SYSTEM32\VERSION.dll
0x00007fff8dd50000 - 0x00007fff8dd80000 	C:\windows\System32\IMM32.DLL
0x00007fff85750000 - 0x00007fff8575c000 	C:\Program Files\Java\jdk-16.0.2\bin\vcruntime140_1.dll
0x00007fff62820000 - 0x00007fff628b1000 	C:\Program Files\Java\jdk-16.0.2\bin\msvcp140.dll
0x00007fff10d20000 - 0x00007fff118cb000 	C:\Program Files\Java\jdk-16.0.2\bin\server\jvm.dll
0x00007fff8d5e0000 - 0x00007fff8d5e8000 	C:\windows\System32\PSAPI.DLL
0x00007fff670e0000 - 0x00007fff67107000 	C:\windows\SYSTEM32\WINMM.dll
0x00007fff85700000 - 0x00007fff85709000 	C:\windows\SYSTEM32\WSOCK32.dll
0x00007fff8dd80000 - 0x00007fff8ddeb000 	C:\windows\System32\WS2_32.dll
0x00007fff8ab90000 - 0x00007fff8aba2000 	C:\windows\SYSTEM32\kernel.appcore.dll
0x00007fff84e20000 - 0x00007fff84e2a000 	C:\Program Files\Java\jdk-16.0.2\bin\jimage.dll
0x00007fff8a0f0000 - 0x00007fff8a2d4000 	C:\windows\SYSTEM32\DBGHELP.DLL
0x00007fff79e40000 - 0x00007fff79e6c000 	C:\windows\SYSTEM32\dbgcore.DLL
0x00007fff8ca20000 - 0x00007fff8caa3000 	C:\windows\System32\bcryptPrimitives.dll
0x00007fff68960000 - 0x00007fff68985000 	C:\Program Files\Java\jdk-16.0.2\bin\java.dll
0x00007fff8e3c0000 - 0x00007fff8eaff000 	C:\windows\System32\SHELL32.dll
0x00007fff8a3f0000 - 0x00007fff8ab80000 	C:\windows\SYSTEM32\windows.storage.dll
0x00007fff8df10000 - 0x00007fff8e265000 	C:\windows\System32\combase.dll
0x00007fff8bcf0000 - 0x00007fff8bd1e000 	C:\windows\SYSTEM32\Wldp.dll
0x00007fff8d4d0000 - 0x00007fff8d57d000 	C:\windows\System32\SHCORE.dll
0x00007fff8db30000 - 0x00007fff8db85000 	C:\windows\System32\shlwapi.dll
0x00007fff8c250000 - 0x00007fff8c26f000 	C:\windows\SYSTEM32\profapi.dll
0x00007fff73f50000 - 0x00007fff73f69000 	C:\Program Files\Java\jdk-16.0.2\bin\net.dll
0x00007fff873d0000 - 0x00007fff874dc000 	C:\windows\SYSTEM32\WINHTTP.dll
0x00007fff8ba50000 - 0x00007fff8baba000 	C:\windows\system32\mswsock.dll
0x00007fff632a0000 - 0x00007fff632b3000 	C:\Program Files\Java\jdk-16.0.2\bin\nio.dll
0x00007fff63280000 - 0x00007fff63298000 	C:\Program Files\Java\jdk-16.0.2\bin\zip.dll
0x00007fff84880000 - 0x00007fff84890000 	C:\Program Files\Java\jdk-16.0.2\bin\verify.dll
0x00007fff3afe0000 - 0x00007fff3b160000 	C:\Program Files\Java\jdk-16.0.2\bin\awt.dll
0x00007fff8d880000 - 0x00007fff8d94d000 	C:\windows\System32\OLEAUT32.dll
0x00007fff89770000 - 0x00007fff89800000 	C:\windows\SYSTEM32\apphelp.dll
0x00007fff89950000 - 0x00007fff899ee000 	C:\windows\system32\uxtheme.dll
0x00007fff8cc40000 - 0x00007fff8cd55000 	C:\windows\System32\MSCTF.dll
0x00007fff8dc20000 - 0x00007fff8dd4a000 	C:\windows\System32\ole32.dll
0x00007fff89a40000 - 0x00007fff89a6f000 	C:\windows\system32\DWMAPI.DLL
0x00007fff75400000 - 0x00007fff75525000 	C:\windows\system32\opengl32.dll
0x00007fff84f00000 - 0x00007fff84f2c000 	C:\windows\SYSTEM32\GLU32.dll
0x00007fff8bc40000 - 0x00007fff8bc58000 	C:\windows\SYSTEM32\CRYPTSP.dll
0x00007fff8b370000 - 0x00007fff8b3a4000 	C:\windows\system32\rsaenh.dll
0x00007fff8c9f0000 - 0x00007fff8ca17000 	C:\windows\System32\bcrypt.dll
0x00007fff8c1d0000 - 0x00007fff8c1fe000 	C:\windows\SYSTEM32\USERENV.dll
0x00007fff8bc60000 - 0x00007fff8bc6c000 	C:\windows\SYSTEM32\CRYPTBASE.dll
0x00007fff8b6e0000 - 0x00007fff8b71b000 	C:\windows\SYSTEM32\IPHLPAPI.DLL
0x00007fff8e3b0000 - 0x00007fff8e3b8000 	C:\windows\System32\NSI.dll
0x00007fff85a60000 - 0x00007fff85a77000 	C:\windows\SYSTEM32\dhcpcsvc6.DLL
0x00007fff85a40000 - 0x00007fff85a5d000 	C:\windows\SYSTEM32\dhcpcsvc.DLL
0x00007fff8b720000 - 0x00007fff8b7eb000 	C:\windows\SYSTEM32\DNSAPI.dll
0x00000000637c0000 - 0x00000000637cd000 	C:\Users\sethr\AppData\Local\Temp\jogamp_0000\file_cache\jln17735329800987361141\jln2759049076373497809\natives\windows-amd64\gluegen-rt.dll
0x00007fff6cb90000 - 0x00007fff6cb97000 	C:\Program Files\Java\jdk-16.0.2\bin\jawt.dll
0x000000006a440000 - 0x000000006a44d000 	C:\Users\sethr\AppData\Local\Temp\jogamp_0000\file_cache\jln17735329800987361141\jln2759049076373497809\natives\windows-amd64\nativewindow_awt.dll
0x000000006c100000 - 0x000000006c10f000 	C:\Users\sethr\AppData\Local\Temp\jogamp_0000\file_cache\jln17735329800987361141\jln2759049076373497809\natives\windows-amd64\nativewindow_win32.dll
0x000000006cbc0000 - 0x000000006cbd3000 	C:\Users\sethr\AppData\Local\Temp\jogamp_0000\file_cache\jln17735329800987361141\jln2759049076373497809\natives\windows-amd64\newt.dll
0x00007fff867c0000 - 0x00007fff8686e000 	C:\windows\SYSTEM32\mscms.dll
0x00007fff86750000 - 0x00007fff86761000 	C:\windows\SYSTEM32\ColorAdapterClient.dll
0x00007fff507f0000 - 0x00007fff50833000 	C:\windows\SYSTEM32\icm32.dll
0x00007fff8cf20000 - 0x00007fff8d392000 	C:\windows\System32\setupapi.dll
0x00007fff8c420000 - 0x00007fff8c46e000 	C:\windows\System32\cfgmgr32.dll
0x00007fff8c0b0000 - 0x00007fff8c0e4000 	C:\windows\SYSTEM32\DEVOBJ.dll
0x00007fff8cbe0000 - 0x00007fff8cc40000 	C:\windows\System32\WINTRUST.dll
0x00007fff8c890000 - 0x00007fff8c9e6000 	C:\windows\System32\CRYPT32.dll
0x00007fff8be80000 - 0x00007fff8be92000 	C:\windows\SYSTEM32\MSASN1.dll
0x0000000064500000 - 0x00000000645b1000 	C:\Users\sethr\AppData\Local\Temp\jogamp_0000\file_cache\jln17735329800987361141\jln2759049076373497809\natives\windows-amd64\jogl_desktop.dll
0x0000000064340000 - 0x00000000643a2000 	C:\Users\sethr\AppData\Local\Temp\jogamp_0000\file_cache\jln17735329800987361141\jln2759049076373497809\natives\windows-amd64\jogl_mobile.dll
0x00007fff8cd60000 - 0x00007fff8ce09000 	C:\windows\System32\clbcatq.dll
0x00007ffef5200000 - 0x00007ffef6200000 	C:\windows\System32\DriverStore\FileRepository\iigd_dch.inf_amd64_14d6d9e2312c79ae\igxelpicd64.dll
0x00007fff8ad20000 - 0x00007fff8ae14000 	C:\windows\system32\dxgi.dll
0x00007fff25920000 - 0x00007fff25d84000 	C:\windows\System32\DriverStore\FileRepository\iigd_dch.inf_amd64_14d6d9e2312c79ae\igdml64.dll
0x00007fff70030000 - 0x00007fff703ed000 	C:\windows\System32\DriverStore\FileRepository\iigd_dch.inf_amd64_14d6d9e2312c79ae\igdgmm64.dll
0x00007fff6cdf0000 - 0x00007fff70028000 	C:\windows\System32\DriverStore\FileRepository\iigd_dch.inf_amd64_14d6d9e2312c79ae\igc64.dll
0x00007fff8c060000 - 0x00007fff8c0ab000 	C:\windows\SYSTEM32\powrprof.dll
0x00007fff8c040000 - 0x00007fff8c052000 	C:\windows\SYSTEM32\UMPDC.dll
0x00007fff742d0000 - 0x00007fff743c9000 	C:\windows\SYSTEM32\textinputframework.dll
0x00007fff891d0000 - 0x00007fff8952e000 	C:\windows\System32\CoreUIComponents.dll
0x00007fff89530000 - 0x00007fff89622000 	C:\windows\System32\CoreMessaging.dll
0x00007fff88540000 - 0x00007fff88694000 	C:\windows\SYSTEM32\wintypes.dll
0x00007fff8b000000 - 0x00007fff8b033000 	C:\windows\SYSTEM32\ntmarta.dll
0x00007fff791a0000 - 0x00007fff79206000 	C:\windows\system32\Oleacc.dll

dbghelp: loaded successfully - version: 4.0.5 - missing functions: none
symbol engine: initialized successfully - sym options: 0x614 - pdb path: .;C:\Program Files\Java\jdk-16.0.2\bin;C:\windows\SYSTEM32;C:\windows\WinSxS\amd64_microsoft.windows.common-controls_6595b64144ccf1df_6.0.19041.1110_none_60b5254171f9507e;C:\Program Files\Java\jdk-16.0.2\bin\server;C:\Users\sethr\AppData\Local\Temp\jogamp_0000\file_cache\jln17735329800987361141\jln2759049076373497809\natives\windows-amd64;C:\windows\System32\DriverStore\FileRepository\iigd_dch.inf_amd64_14d6d9e2312c79ae

VM Arguments:
jvm_args: -Dfile.encoding=Cp1252 -XX:+ShowCodeDetailsInExceptionMessages 
java_command: energywaves.Main
java_class_path (initial): C:\Users\sethr\eclipse-workspace\energywaves\target\classes;C:\Users\sethr\.m2\repository\org\processing\core\3.3.6\core-3.3.6.jar;C:\Users\sethr\.m2\repository\org\jogamp\gluegen\gluegen-rt-main\2.3.2\gluegen-rt-main-2.3.2.jar;C:\Users\sethr\.m2\repository\org\jogamp\gluegen\gluegen-rt\2.3.2\gluegen-rt-2.3.2.jar;C:\Users\sethr\.m2\repository\org\jogamp\gluegen\gluegen-rt\2.3.2\gluegen-rt-2.3.2-natives-android-aarch64.jar;C:\Users\sethr\.m2\repository\org\jogamp\gluegen\gluegen-rt\2.3.2\gluegen-rt-2.3.2-natives-android-armv6.jar;C:\Users\sethr\.m2\repository\org\jogamp\gluegen\gluegen-rt\2.3.2\gluegen-rt-2.3.2-natives-linux-amd64.jar;C:\Users\sethr\.m2\repository\org\jogamp\gluegen\gluegen-rt\2.3.2\gluegen-rt-2.3.2-natives-linux-armv6.jar;C:\Users\sethr\.m2\repository\org\jogamp\gluegen\gluegen-rt\2.3.2\gluegen-rt-2.3.2-natives-linux-armv6hf.jar;C:\Users\sethr\.m2\repository\org\jogamp\gluegen\gluegen-rt\2.3.2\gluegen-rt-2.3.2-natives-linux-i586.jar;C:\Users\sethr\.m2\repository\org\jogamp\gluegen\gluegen-rt\2.3.2\gluegen-rt-2.3.2-natives-macosx-universal.jar;C:\Users\sethr\.m2\repository\org\jogamp\gluegen\gluegen-rt\2.3.2\gluegen-rt-2.3.2-natives-solaris-amd64.jar;C:\Users\sethr\.m2\repository\org\jogamp\gluegen\gluegen-rt\2.3.2\gluegen-rt-2.3.2-natives-solaris-i586.jar;C:\Users\sethr\.m2\repository\org\jogamp\gluegen\gluegen-rt\2.3.2\gluegen-rt-2.3.2-natives-windows-amd64.jar;C:\Users\sethr\.m2\repository\org\jogamp\gluegen\gluegen-rt\2.3.2\gluegen-rt-2.3.2-natives-windows-i586.jar;C:\Users\sethr\.m2\repository\org\jogamp\jogl\jogl-all-main\2.3.2\jogl-all-main-2.3.2.jar;C:\Users\sethr\.m2\repository\org\jogamp\jogl\jogl-all\2.3.2\jogl-all-2.3.2.jar;C:\Users\sethr\.m2\repository\org\jogamp\jogl\jogl-all\2.3.2\jogl-all-2.3.2-natives-android-aarch64.jar;C:\Users\sethr\.m2\repository\org\jogamp\jogl\jogl-all\2.3.2\jogl-all-2.3.2-natives-android-armv6.jar;C:\Users\sethr\.m2\repository\org\jogamp\jogl\jogl-all\2.3.2\jogl-all-2.3.2-natives-l
Launcher Type: SUN_STANDARD

[Global flags]
     intx CICompilerCount                          = 4                                         {product} {ergonomic}
     uint ConcGCThreads                            = 2                                         {product} {ergonomic}
     uint G1ConcRefinementThreads                  = 8                                         {product} {ergonomic}
   size_t G1HeapRegionSize                         = 2097152                                   {product} {ergonomic}
    uintx GCDrainStackTargetSize                   = 64                                        {product} {ergonomic}
   size_t InitialHeapSize                          = 266338304                                 {product} {ergonomic}
   size_t MarkStackSize                            = 4194304                                   {product} {ergonomic}
   size_t MaxHeapSize                              = 4234149888                                {product} {ergonomic}
   size_t MaxNewSize                               = 2539651072                                {product} {ergonomic}
   size_t MinHeapDeltaBytes                        = 2097152                                   {product} {ergonomic}
   size_t MinHeapSize                              = 8388608                                   {product} {ergonomic}
    uintx NonNMethodCodeHeapSize                   = 5839372                                {pd product} {ergonomic}
    uintx NonProfiledCodeHeapSize                  = 122909434                              {pd product} {ergonomic}
    uintx ProfiledCodeHeapSize                     = 122909434                              {pd product} {ergonomic}
    uintx ReservedCodeCacheSize                    = 251658240                              {pd product} {ergonomic}
     bool SegmentedCodeCache                       = true                                      {product} {ergonomic}
     bool ShowCodeDetailsInExceptionMessages       = true                                   {manageable} {command line}
   size_t SoftMaxHeapSize                          = 4234149888                             {manageable} {ergonomic}
     bool UseCompressedClassPointers               = true                           {product lp64_product} {ergonomic}
     bool UseCompressedOops                        = true                           {product lp64_product} {ergonomic}
     bool UseG1GC                                  = true                                      {product} {ergonomic}
     bool UseLargePagesIndividualAllocation        = false                                  {pd product} {ergonomic}

Logging:
Log output configuration:
 #0: stdout all=off uptime,level,tags
 #1: stderr all=off uptime,level,tags

Environment Variables:
PATH=C:\Program Files\Oculus\Support\oculus-runtime;C:\Program Files\Common Files\Oracle\Java\javapath;C:\windows\system32;C:\windows;C:\windows\System32\Wbem;C:\windows\System32\WindowsPowerShell\v1.0\;C:\windows\System32\OpenSSH\;C:\MinGW\mingw32\bin;C:\ProgramData\chocolatey\bin;C:\ProgramData\chocolatey\bin\make.exe;C:\Program Files\Git\cmd;C:\Program Files\nodejs\;C:\Users\sethr\AppData\Local\Programs\Python\Python39\Scripts\;C:\Users\sethr\AppData\Local\Programs\Python\Python39\;C:\Users\sethr\AppData\Local\Microsoft\WindowsApps;C:\Users\sethr\AppData\Local\Programs\Microsoft VS Code\bin;C:\Users\sethr\AppData\Local\GitHubDesktop\bin;C:\Users\sethr\AppData\Roaming\npm
USERNAME=sethr
OS=Windows_NT
PROCESSOR_IDENTIFIER=Intel64 Family 6 Model 140 Stepping 1, GenuineIntel



---------------  S Y S T E M  ---------------

OS:
 Windows 10 , 64 bit Build 19041 (10.0.19041.1348)
OS uptime: 30 days 19:06 hours

CPU: total 8 (initial active 8) (4 cores per cpu, 2 threads per core) family 6 model 140 stepping 1 microcode 0x86, cx8, cmov, fxsr, ht, mmx, 3dnowpref, sse, sse2, sse3, ssse3, sse4.1, sse4.2, popcnt, lzcnt, tsc, tscinvbit, avx, avx2, aes, erms, clmul, bmi1, bmi2, adx, avx512f, avx512dq, avx512cd, avx512bw, avx512vl, sha, fma, vzeroupper, avx512_vpopcntdq, avx512_vpclmulqdq, avx512_vaes, avx512_vnni, clflush, clflushopt, clwb, avx512_vmbi2, avx512_vmbi

Memory: 4k page, system-wide physical 16149M (5822M free)
TotalPageFile size 27525M (AvailPageFile size 6121M)
current process WorkingSet (physical memory assigned to process): 529M, peak: 541M
current process commit charge ("private bytes"): 742M, peak: 757M

vm_info: Java HotSpot(TM) 64-Bit Server VM (16.0.2+7-67) for windows-amd64 JRE (16.0.2+7-67), built on Jun  8 2021 23:24:19 by "mach5one" with MS VC++ 16.7 (VS2019)

END.
