#
# A fatal error has been detected by the Java Runtime Environment:
#
#  EXCEPTION_ACCESS_VIOLATION (0xc0000005) at pc=0x00007ff8544e2c4c, pid=25024, tid=24500
#
# JRE version: Java(TM) SE Runtime Environment (16.0.2+7) (build 16.0.2+7-67)
# Java VM: Java HotSpot(TM) 64-Bit Server VM (16.0.2+7-67, mixed mode, sharing, tiered, compressed oops, compressed class ptrs, g1 gc, windows-amd64)
# Problematic frame:
# C  [igxelpicd64.dll+0x282c4c]
#
# No core dump will be written. Minidumps are not enabled by default on client versions of Windows
#
# If you would like to submit a bug report, please visit:
#   https://bugreport.java.com/bugreport/crash.jsp
#

---------------  S U M M A R Y ------------

Command Line: -Dfile.encoding=Cp1252 -XX:+ShowCodeDetailsInExceptionMessages energywaves.Main

Host: 11th Gen Intel(R) Core(TM) i7-1165G7 @ 2.80GHz, 8 cores, 15G,  Windows 10 , 64 bit Build 19041 (10.0.19041.1466)
Time: Wed Jan 19 09:52:49 2022 Eastern Standard Time elapsed time: 29.652687 seconds (0d 0h 0m 29s)

---------------  T H R E A D  ---------------

Current thread (0x00000269e2a06600):  VMThread "VM Thread" [stack: 0x000000868e400000,0x000000868e500000] [id=24500]

Stack: [0x000000868e400000,0x000000868e500000],  sp=0x000000868e4fe640,  free space=1017k
Native frames: (J=compiled Java code, j=interpreted, Vv=VM code, C=native code)
C  [igxelpicd64.dll+0x282c4c]


siginfo: EXCEPTION_ACCESS_VIOLATION (0xc0000005), reading address 0x00000000000356f8


Register to memory mapping:

RIP=0x00007ff8544e2c4c igxelpicd64.dll
RAX=0x00000269e57c5930 points into unknown readable memory: 0x0000000000056f4f | 4f 6f 05 00 00 00 00 00
RBX=0x00000269e3fbe1c0 points into unknown readable memory: 0xffffffffffffffff | ff ff ff ff ff ff ff ff
RCX=0x0 is NULL
RDX=0x0000000000000002 is an unknown value
RSP=0x000000868e4fe640 points into unknown readable memory: 0x00000269e3fbe1c0 | c0 e1 fb e3 69 02 00 00
RBP=0x0000000000000016 is an unknown value
RSI=0x00000269e40eef00 points into unknown readable memory: 0x0000000000000000 | 00 00 00 00 00 00 00 00
RDI=0x0 is NULL
R8 =0x0000000000000014 is an unknown value
R9 =0x0 is NULL
R10=0x0 is NULL
R11=0x0000000000000246 is an unknown value
R12=0x00000269e57c5d68 points into unknown readable memory: 0x00000269e57c9070 | 70 90 7c e5 69 02 00 00
R13=0x0 is NULL
R14=0x00000269e57c57a0 points into unknown readable memory: 0x00000269e4ef7050 | 50 70 ef e4 69 02 00 00
R15=0x0 is NULL


Registers:
RAX=0x00000269e57c5930, RBX=0x00000269e3fbe1c0, RCX=0x0000000000000000, RDX=0x0000000000000002
RSP=0x000000868e4fe640, RBP=0x0000000000000016, RSI=0x00000269e40eef00, RDI=0x0000000000000000
R8 =0x0000000000000014, R9 =0x0000000000000000, R10=0x0000000000000000, R11=0x0000000000000246
R12=0x00000269e57c5d68, R13=0x0000000000000000, R14=0x00000269e57c57a0, R15=0x0000000000000000
RIP=0x00007ff8544e2c4c, EFLAGS=0x0000000000010206

Top of Stack: (sp=0x000000868e4fe640)
0x000000868e4fe640:   00000269e3fbe1c0 00007ff8ce1bd859
0x000000868e4fe650:   000000868e4fe6d8 0000000000000000
0x000000868e4fe660:   0000000000000054 00000269e3fbe1c0
0x000000868e4fe670:   0000000000000000 00007ff8cfe10ba4
0x000000868e4fe680:   000000007a000004 01487ab5012289b4
0x000000868e4fe690:   0000000000000000 00000269e572bc38
0x000000868e4fe6a0:   000000000005736f 0000000000000000
0x000000868e4fe6b0:   0000000000000014 0000000000000000
0x000000868e4fe6c0:   0000000000000000 000000868e4fe7e0
0x000000868e4fe6d0:   00000269e40eef00 00007ff85431769c
0x000000868e4fe6e0:   0000026900000016 00000269e57c9070
0x000000868e4fe6f0:   0000000000000000 000000007a000000
0x000000868e4fe700:   0000008600000894 0000b802196a0000
0x000000868e4fe710:   0000000000000000 012f19e301c8f5e1
0x000000868e4fe720:   0000000000000000 000000007a000004
0x000000868e4fe730:   00f5d1e9013b9be7 0000000000000000 

Instructions: (pc=0x00007ff8544e2c4c)
0x00007ff8544e2b4c:   41 bf 20 00 00 00 48 8b 04 38 4d 8b 3c 07 0f b6
0x00007ff8544e2b5c:   bc 24 b0 00 00 00 4c 3b 3d d7 f8 cb 00 41 0f 44
0x00007ff8544e2b6c:   e9 89 ac 24 a0 00 00 00 48 85 c9 0f 84 d4 07 00
0x00007ff8544e2b7c:   00 0f 1f 00 4c 8b f1 4c 8d a1 c8 05 00 00 49 8b
0x00007ff8544e2b8c:   04 24 48 89 84 24 a8 00 00 00 40 84 ff 74 10 48
0x00007ff8544e2b9c:   8b d1 48 8b 09 e8 ea 8d e3 ff e9 4f 07 00 00 8b
0x00007ff8544e2bac:   96 d0 01 00 00 48 8b 05 58 dd bb 00 83 b8 64 03
0x00007ff8544e2bbc:   00 00 02 0f 85 19 02 00 00 83 fa 10 73 0e 48 8d
0x00007ff8544e2bcc:   42 04 48 8d 04 c2 48 8d 04 c1 eb 60 8d 4a f0 8b
0x00007ff8544e2bdc:   c1 c1 e8 04 83 f8 03 73 1d 0f ae e8 83 e1 0f 4d
0x00007ff8544e2bec:   8b 84 c6 80 05 00 00 4d 85 c0 74 25 48 8d 0c c9
0x00007ff8544e2bfc:   49 8d 04 c8 eb 36 49 8b 86 98 05 00 00 48 85 c0
0x00007ff8544e2c0c:   74 0f 66 90 39 10 74 2f 48 8b 40 50 48 85 c0 75
0x00007ff8544e2c1c:   f3 41 80 be a0 05 00 00 00 74 22 8b c2 83 e0 0f
0x00007ff8544e2c2c:   48 8d 04 c0 48 8d 40 20 49 8d 04 c6 48 85 c0 74
0x00007ff8544e2c3c:   0c 48 8b 48 08 eb 09 48 83 c0 08 eb ef 49 8b c9
0x00007ff8544e2c4c:   49 3b 8f f8 56 03 00 0f 86 85 01 00 00 83 fa 10
0x00007ff8544e2c5c:   73 0a 48 8d 42 04 48 8d 04 c2 eb 5c 8d 4a f0 8b
0x00007ff8544e2c6c:   c1 c1 e8 04 83 f8 03 73 1d 0f ae e8 83 e1 0f 4d
0x00007ff8544e2c7c:   8b 84 c6 80 05 00 00 4d 85 c0 74 25 48 8d 0c c9
0x00007ff8544e2c8c:   49 8d 04 c8 eb 36 49 8b 86 98 05 00 00 48 85 c0
0x00007ff8544e2c9c:   74 0f 66 90 39 10 74 2f 48 8b 40 50 48 85 c0 75
0x00007ff8544e2cac:   f3 41 80 be a0 05 00 00 00 74 22 8b c2 83 e0 0f
0x00007ff8544e2cbc:   48 8d 04 c0 48 8d 40 20 49 8d 04 c6 48 85 c0 74
0x00007ff8544e2ccc:   0c 48 8b 48 08 eb 09 48 83 c0 08 eb ef 49 8b c9
0x00007ff8544e2cdc:   49 3b 8e 40 06 00 00 0f 86 f5 00 00 00 48 8b 86
0x00007ff8544e2cec:   80 02 00 00 49 89 04 24 4c 89 b6 80 02 00 00 ff
0x00007ff8544e2cfc:   86 88 02 00 00 ba 01 00 00 00 49 8b 4e 08 e8 41
0x00007ff8544e2d0c:   28 59 00 0f b7 c8 48 2b c1 48 05 00 00 01 00 48
0x00007ff8544e2d1c:   01 86 90 02 00 00 ba 01 00 00 00 49 8b 4e 08 e8
0x00007ff8544e2d2c:   20 28 59 00 48 01 86 a0 02 00 00 85 ed 74 75 49
0x00007ff8544e2d3c:   8b 9f 58 4f 03 00 0f 57 c0 f3 0f 7f 44 24 30 c7 


Stack slot to memory mapping:
stack at sp + 0 slots: 0x00000269e3fbe1c0 points into unknown readable memory: 0xffffffffffffffff | ff ff ff ff ff ff ff ff
stack at sp + 1 slots: 0x00007ff8ce1bd859 USER32.dll
stack at sp + 2 slots: 0x000000868e4fe6d8 points into unknown readable memory: 0x00007ff85431769c | 9c 76 31 54 f8 7f 00 00
stack at sp + 3 slots: 0x0 is NULL
stack at sp + 4 slots: 0x0000000000000054 is an unknown value
stack at sp + 5 slots: 0x00000269e3fbe1c0 points into unknown readable memory: 0xffffffffffffffff | ff ff ff ff ff ff ff ff
stack at sp + 6 slots: 0x0 is NULL
stack at sp + 7 slots: 0x00007ff8cfe10ba4 ntdll.dll

VM_Operation (0x00000086903fe5c0): Exit, mode: safepoint, requested by thread 0x00000269e4fae500


---------------  P R O C E S S  ---------------

Threads class SMR info:
_java_thread_list=0x00000269e3f7d490, length=16, elements={
0x00000269e2a0b000, 0x00000269e2a0db20, 0x00000269e2a20670, 0x00000269e2a21180,
0x00000269e2a29ed0, 0x00000269e2a2adf0, 0x00000269e3400130, 0x00000269e3408f50,
0x00000269e34134b0, 0x00000269e35580f0, 0x00000269e355aae0, 0x00000269e37498e0,
0x00000269e4faea50, 0x00000269e4fb04e0, 0x00000269e4fae500, 0x00000269e4faf4f0
}

Java Threads: ( => current thread )
  0x00000269e2a0b000 JavaThread "Reference Handler" daemon [_thread_blocked, id=26416, stack(0x000000868e500000,0x000000868e600000)]
  0x00000269e2a0db20 JavaThread "Finalizer" daemon [_thread_blocked, id=9180, stack(0x000000868e600000,0x000000868e700000)]
  0x00000269e2a20670 JavaThread "Signal Dispatcher" daemon [_thread_blocked, id=27008, stack(0x000000868e700000,0x000000868e800000)]
  0x00000269e2a21180 JavaThread "Attach Listener" daemon [_thread_blocked, id=12940, stack(0x000000868e800000,0x000000868e900000)]
  0x00000269e2a29ed0 JavaThread "Service Thread" daemon [_thread_blocked, id=14516, stack(0x000000868e900000,0x000000868ea00000)]
  0x00000269e2a2adf0 JavaThread "Monitor Deflation Thread" daemon [_thread_blocked, id=26032, stack(0x000000868ea00000,0x000000868eb00000)]
  0x00000269e3400130 JavaThread "C2 CompilerThread0" daemon [_thread_blocked, id=15984, stack(0x000000868eb00000,0x000000868ec00000)]
  0x00000269e3408f50 JavaThread "C1 CompilerThread0" daemon [_thread_blocked, id=17352, stack(0x000000868ec00000,0x000000868ed00000)]
  0x00000269e34134b0 JavaThread "Sweeper thread" daemon [_thread_blocked, id=11392, stack(0x000000868ed00000,0x000000868ee00000)]
  0x00000269e35580f0 JavaThread "Notification Thread" daemon [_thread_blocked, id=24628, stack(0x000000868ee00000,0x000000868ef00000)]
  0x00000269e355aae0 JavaThread "Common-Cleaner" daemon [_thread_blocked, id=24552, stack(0x000000868f000000,0x000000868f100000)]
  0x00000269e37498e0 JavaThread "Java2D Disposer" daemon [_thread_blocked, id=12652, stack(0x000000868f200000,0x000000868f300000)]
  0x00000269e4faea50 JavaThread "HighResTimerThread" daemon [_thread_blocked, id=26676, stack(0x000000868ff00000,0x0000008690000000)]
  0x00000269e4fb04e0 JavaThread "DestroyJavaVM" [_thread_blocked, id=19932, stack(0x000000868de00000,0x000000868df00000)]
  0x00000269e4fae500 JavaThread "main-FPSAWTAnimator#00-Timer0-FPSAWTAnimator#00-Timer1" [_thread_blocked, id=12240, stack(0x0000008690300000,0x0000008690400000)]
  0x00000269e4faf4f0 JavaThread "AWT-Shutdown" [_thread_blocked, id=20872, stack(0x0000008690000000,0x0000008690100000)]

Other Threads:
=>0x00000269e2a06600 VMThread "VM Thread" [stack: 0x000000868e400000,0x000000868e500000] [id=24500]
  0x00000269bff3bd20 GCTaskThread "GC Thread#0" [stack: 0x000000868df00000,0x000000868e000000] [id=24448]
  0x00000269e3f038c0 GCTaskThread "GC Thread#1" [stack: 0x000000868f600000,0x000000868f700000] [id=7544]
  0x00000269e3f272e0 GCTaskThread "GC Thread#2" [stack: 0x000000868f700000,0x000000868f800000] [id=14152]
  0x00000269e3f27800 GCTaskThread "GC Thread#3" [stack: 0x000000868f800000,0x000000868f900000] [id=21844]
  0x00000269e3f27b10 GCTaskThread "GC Thread#4" [stack: 0x000000868f900000,0x000000868fa00000] [id=2276]
  0x00000269e3ee8460 GCTaskThread "GC Thread#5" [stack: 0x000000868fa00000,0x000000868fb00000] [id=11904]
  0x00000269e5313550 GCTaskThread "GC Thread#6" [stack: 0x0000008690100000,0x0000008690200000] [id=21452]
  0x00000269e5311fe0 GCTaskThread "GC Thread#7" [stack: 0x0000008690400000,0x0000008690500000] [id=24828]
  0x00000269bff4e070 ConcurrentGCThread "G1 Main Marker" terminated
  0x00000269bff4e9f0 ConcurrentGCThread "G1 Conc#0" [stack: 0x000000868e100000,0x000000868e200000] [id=13048]
  0x00000269e28b8100 ConcurrentGCThread "G1 Refine#0" terminated
  0x00000269e28b8a90 ConcurrentGCThread "G1 Service" terminated

Threads with active compile tasks:

VM state: at safepoint (shutting down)

VM Mutex/Monitor currently owned by a thread:  ([mutex/lock_event])
[0x00000269bfee8a10] Threads_lock - owner thread: 0x00000269e2a06600
[0x00000269bfee8aa0] Heap_lock - owner thread: 0x00000269e4fae500

Heap address: 0x0000000703a00000, size: 4038 MB, Compressed Oops mode: Zero based, Oop shift amount: 3

CDS archive(s) mapped at: [0x0000000800000000-0x0000000800bb0000-0x0000000800bb0000), size 12255232, SharedBaseAddress: 0x0000000800000000, ArchiveRelocationMode: 0.
Compressed class space mapped at: 0x0000000800c00000-0x0000000840c00000, reserved size: 1073741824
Narrow klass base: 0x0000000800000000, Narrow klass shift: 3, Narrow klass range: 0x100000000

GC Precious Log:
 CPUs: 8 total, 8 available
 Memory: 16149M
 Large Page Support: Disabled
 NUMA Support: Disabled
 Compressed Oops: Enabled (Zero based)
 Heap Region Size: 2M
 Heap Min Capacity: 8M
 Heap Initial Capacity: 254M
 Heap Max Capacity: 4038M
 Pre-touch: Disabled
 Parallel Workers: 8
 Concurrent Workers: 2
 Concurrent Refinement Workers: 8
 Periodic GC: Disabled

Heap:
 garbage-first heap   total 743424K, used 241581K [0x0000000703a00000, 0x0000000800000000)
  region size 2048K, 20 young (40960K), 1 survivors (2048K)
 Metaspace       used 12655K, committed 12800K, reserved 1064960K
  class space    used 882K, committed 960K, reserved 1048576K

Heap Regions: E=young(eden), S=young(survivor), O=old, HS=humongous(starts), HC=humongous(continues), CS=collection set, F=free, OA=open archive, CA=closed archive, TAMS=top-at-mark-start (previous, next)
|   0|0x0000000703a00000, 0x0000000703c00000, 0x0000000703c00000|100%| O|  |TAMS 0x0000000703a00000, 0x0000000703c00000| Untracked 
|   1|0x0000000703c00000, 0x0000000703e00000, 0x0000000703e00000|100%| O|  |TAMS 0x0000000703c00000, 0x0000000703e00000| Untracked 
|   2|0x0000000703e00000, 0x0000000704000000, 0x0000000704000000|100%| O|  |TAMS 0x0000000703e00000, 0x0000000704000000| Untracked 
|   3|0x0000000704000000, 0x00000007040c8000, 0x0000000704200000| 39%| O|  |TAMS 0x0000000704000000, 0x00000007040c8000| Untracked 
|   4|0x0000000704200000, 0x0000000704400000, 0x0000000704400000|100%|HS|  |TAMS 0x0000000704200000, 0x0000000704400000| Complete 
|   5|0x0000000704400000, 0x0000000704600000, 0x0000000704600000|100%|HC|  |TAMS 0x0000000704400000, 0x0000000704600000| Complete 
|   6|0x0000000704600000, 0x0000000704800000, 0x0000000704800000|100%|HC|  |TAMS 0x0000000704600000, 0x0000000704800000| Complete 
|   7|0x0000000704800000, 0x0000000704a00000, 0x0000000704a00000|100%|HC|  |TAMS 0x0000000704800000, 0x0000000704a00000| Complete 
|   8|0x0000000704a00000, 0x0000000704c00000, 0x0000000704c00000|100%|HC|  |TAMS 0x0000000704a00000, 0x0000000704c00000| Complete 
|   9|0x0000000704c00000, 0x0000000704e00000, 0x0000000704e00000|100%|HC|  |TAMS 0x0000000704c00000, 0x0000000704e00000| Complete 
|  10|0x0000000704e00000, 0x0000000705000000, 0x0000000705000000|100%|HC|  |TAMS 0x0000000704e00000, 0x0000000705000000| Complete 
|  11|0x0000000705000000, 0x0000000705200000, 0x0000000705200000|100%|HS|  |TAMS 0x0000000705000000, 0x0000000705200000| Complete 
|  12|0x0000000705200000, 0x0000000705400000, 0x0000000705400000|100%|HC|  |TAMS 0x0000000705200000, 0x0000000705400000| Complete 
|  13|0x0000000705400000, 0x0000000705600000, 0x0000000705600000|100%|HC|  |TAMS 0x0000000705400000, 0x0000000705600000| Complete 
|  14|0x0000000705600000, 0x0000000705800000, 0x0000000705800000|100%|HC|  |TAMS 0x0000000705600000, 0x0000000705800000| Complete 
|  15|0x0000000705800000, 0x0000000705a00000, 0x0000000705a00000|100%|HC|  |TAMS 0x0000000705800000, 0x0000000705a00000| Complete 
|  16|0x0000000705a00000, 0x0000000705c00000, 0x0000000705c00000|100%|HS|  |TAMS 0x0000000705a00000, 0x0000000705c00000| Complete 
|  17|0x0000000705c00000, 0x0000000705e00000, 0x0000000705e00000|100%|HC|  |TAMS 0x0000000705c00000, 0x0000000705e00000| Complete 
|  18|0x0000000705e00000, 0x0000000706000000, 0x0000000706000000|100%|HC|  |TAMS 0x0000000705e00000, 0x0000000706000000| Complete 
|  19|0x0000000706000000, 0x0000000706200000, 0x0000000706200000|100%|HS|  |TAMS 0x0000000706000000, 0x0000000706200000| Complete 
|  20|0x0000000706200000, 0x0000000706400000, 0x0000000706400000|100%|HC|  |TAMS 0x0000000706200000, 0x0000000706400000| Complete 
|  21|0x0000000706400000, 0x0000000706600000, 0x0000000706600000|100%|HC|  |TAMS 0x0000000706400000, 0x0000000706600000| Complete 
|  22|0x0000000706600000, 0x0000000706800000, 0x0000000706800000|100%|HS|  |TAMS 0x0000000706600000, 0x0000000706800000| Complete 
|  23|0x0000000706800000, 0x0000000706a00000, 0x0000000706a00000|100%|HC|  |TAMS 0x0000000706800000, 0x0000000706a00000| Complete 
|  24|0x0000000706a00000, 0x0000000706c00000, 0x0000000706c00000|100%|HC|  |TAMS 0x0000000706a00000, 0x0000000706c00000| Complete 
|  25|0x0000000706c00000, 0x0000000706e00000, 0x0000000706e00000|100%|HS|  |TAMS 0x0000000706c00000, 0x0000000706e00000| Complete 
|  26|0x0000000706e00000, 0x0000000707000000, 0x0000000707000000|100%|HC|  |TAMS 0x0000000706e00000, 0x0000000707000000| Complete 
|  27|0x0000000707000000, 0x0000000707200000, 0x0000000707200000|100%|HC|  |TAMS 0x0000000707000000, 0x0000000707200000| Complete 
|  28|0x0000000707200000, 0x0000000707400000, 0x0000000707400000|100%|HS|  |TAMS 0x0000000707200000, 0x0000000707400000| Complete 
|  29|0x0000000707400000, 0x0000000707600000, 0x0000000707600000|100%|HC|  |TAMS 0x0000000707400000, 0x0000000707600000| Complete 
|  30|0x0000000707600000, 0x0000000707800000, 0x0000000707800000|100%|HC|  |TAMS 0x0000000707600000, 0x0000000707800000| Complete 
|  31|0x0000000707800000, 0x0000000707a00000, 0x0000000707a00000|100%|HS|  |TAMS 0x0000000707800000, 0x0000000707a00000| Complete 
|  32|0x0000000707a00000, 0x0000000707c00000, 0x0000000707c00000|100%|HC|  |TAMS 0x0000000707a00000, 0x0000000707c00000| Complete 
|  33|0x0000000707c00000, 0x0000000707e00000, 0x0000000707e00000|100%|HC|  |TAMS 0x0000000707c00000, 0x0000000707e00000| Complete 
|  34|0x0000000707e00000, 0x0000000708000000, 0x0000000708000000|100%|HS|  |TAMS 0x0000000707e00000, 0x0000000708000000| Complete 
|  35|0x0000000708000000, 0x0000000708200000, 0x0000000708200000|100%|HC|  |TAMS 0x0000000708000000, 0x0000000708200000| Complete 
|  36|0x0000000708200000, 0x0000000708400000, 0x0000000708400000|100%|HS|  |TAMS 0x0000000708200000, 0x0000000708400000| Complete 
|  37|0x0000000708400000, 0x0000000708600000, 0x0000000708600000|100%|HC|  |TAMS 0x0000000708400000, 0x0000000708600000| Complete 
|  38|0x0000000708600000, 0x0000000708800000, 0x0000000708800000|100%|HS|  |TAMS 0x0000000708600000, 0x0000000708800000| Complete 
|  39|0x0000000708800000, 0x0000000708a00000, 0x0000000708a00000|100%|HC|  |TAMS 0x0000000708800000, 0x0000000708a00000| Complete 
|  40|0x0000000708a00000, 0x0000000708c00000, 0x0000000708c00000|100%|HS|  |TAMS 0x0000000708a00000, 0x0000000708c00000| Complete 
|  41|0x0000000708c00000, 0x0000000708e00000, 0x0000000708e00000|100%|HC|  |TAMS 0x0000000708c00000, 0x0000000708e00000| Complete 
|  42|0x0000000708e00000, 0x0000000709000000, 0x0000000709000000|100%|HS|  |TAMS 0x0000000708e00000, 0x0000000709000000| Complete 
|  43|0x0000000709000000, 0x0000000709200000, 0x0000000709200000|100%|HC|  |TAMS 0x0000000709000000, 0x0000000709200000| Complete 
|  44|0x0000000709200000, 0x0000000709400000, 0x0000000709400000|100%|HC|  |TAMS 0x0000000709200000, 0x0000000709400000| Complete 
|  45|0x0000000709400000, 0x0000000709600000, 0x0000000709600000|100%|HS|  |TAMS 0x0000000709400000, 0x0000000709600000| Complete 
|  46|0x0000000709600000, 0x0000000709800000, 0x0000000709800000|100%|HC|  |TAMS 0x0000000709600000, 0x0000000709800000| Complete 
|  47|0x0000000709800000, 0x0000000709a00000, 0x0000000709a00000|100%|HC|  |TAMS 0x0000000709800000, 0x0000000709a00000| Complete 
|  48|0x0000000709a00000, 0x0000000709c00000, 0x0000000709c00000|100%|HC|  |TAMS 0x0000000709a00000, 0x0000000709c00000| Complete 
|  49|0x0000000709c00000, 0x0000000709e00000, 0x0000000709e00000|100%|HC|  |TAMS 0x0000000709c00000, 0x0000000709e00000| Complete 
|  50|0x0000000709e00000, 0x000000070a000000, 0x000000070a000000|100%|HC|  |TAMS 0x0000000709e00000, 0x000000070a000000| Complete 
|  51|0x000000070a000000, 0x000000070a200000, 0x000000070a200000|100%|HC|  |TAMS 0x000000070a000000, 0x000000070a200000| Complete 
|  52|0x000000070a200000, 0x000000070a400000, 0x000000070a400000|100%|HS|  |TAMS 0x000000070a200000, 0x000000070a400000| Complete 
|  53|0x000000070a400000, 0x000000070a600000, 0x000000070a600000|100%|HC|  |TAMS 0x000000070a400000, 0x000000070a600000| Complete 
|  54|0x000000070a600000, 0x000000070a800000, 0x000000070a800000|100%|HC|  |TAMS 0x000000070a600000, 0x000000070a800000| Complete 
|  55|0x000000070a800000, 0x000000070aa00000, 0x000000070aa00000|100%|HS|  |TAMS 0x000000070a800000, 0x000000070aa00000| Complete 
|  56|0x000000070aa00000, 0x000000070ac00000, 0x000000070ac00000|100%|HC|  |TAMS 0x000000070aa00000, 0x000000070ac00000| Complete 
|  57|0x000000070ac00000, 0x000000070ae00000, 0x000000070ae00000|100%|HC|  |TAMS 0x000000070ac00000, 0x000000070ae00000| Complete 
|  58|0x000000070ae00000, 0x000000070b000000, 0x000000070b000000|100%|HS|  |TAMS 0x000000070ae00000, 0x000000070ae00000| Complete 
|  59|0x000000070b000000, 0x000000070b200000, 0x000000070b200000|100%|HC|  |TAMS 0x000000070b000000, 0x000000070b000000| Complete 
|  60|0x000000070b200000, 0x000000070b400000, 0x000000070b400000|100%|HC|  |TAMS 0x000000070b200000, 0x000000070b200000| Complete 
|  61|0x000000070b400000, 0x000000070b600000, 0x000000070b600000|100%|HC|  |TAMS 0x000000070b400000, 0x000000070b400000| Complete 
|  62|0x000000070b600000, 0x000000070b800000, 0x000000070b800000|100%|HC|  |TAMS 0x000000070b600000, 0x000000070b600000| Complete 
|  63|0x000000070b800000, 0x000000070ba00000, 0x000000070ba00000|100%|HC|  |TAMS 0x000000070b800000, 0x000000070b800000| Complete 
|  64|0x000000070ba00000, 0x000000070bc00000, 0x000000070bc00000|100%|HC|  |TAMS 0x000000070ba00000, 0x000000070ba00000| Complete 
|  65|0x000000070bc00000, 0x000000070be00000, 0x000000070be00000|100%|HS|  |TAMS 0x000000070bc00000, 0x000000070bc00000| Complete 
|  66|0x000000070be00000, 0x000000070c000000, 0x000000070c000000|100%|HC|  |TAMS 0x000000070be00000, 0x000000070be00000| Complete 
|  67|0x000000070c000000, 0x000000070c200000, 0x000000070c200000|100%|HC|  |TAMS 0x000000070c000000, 0x000000070c000000| Complete 
|  68|0x000000070c200000, 0x000000070c200000, 0x000000070c400000|  0%| F|  |TAMS 0x000000070c200000, 0x000000070c200000| Untracked 
|  69|0x000000070c400000, 0x000000070c600000, 0x000000070c600000|100%|HS|  |TAMS 0x000000070c400000, 0x000000070c600000| Complete 
|  70|0x000000070c600000, 0x000000070c800000, 0x000000070c800000|100%|HC|  |TAMS 0x000000070c600000, 0x000000070c800000| Complete 
|  71|0x000000070c800000, 0x000000070ca00000, 0x000000070ca00000|100%|HC|  |TAMS 0x000000070c800000, 0x000000070ca00000| Complete 
|  72|0x000000070ca00000, 0x000000070cc00000, 0x000000070cc00000|100%|HC|  |TAMS 0x000000070ca00000, 0x000000070cc00000| Complete 
|  73|0x000000070cc00000, 0x000000070ce00000, 0x000000070ce00000|100%|HS|  |TAMS 0x000000070cc00000, 0x000000070ce00000| Complete 
|  74|0x000000070ce00000, 0x000000070d000000, 0x000000070d000000|100%|HC|  |TAMS 0x000000070ce00000, 0x000000070d000000| Complete 
|  75|0x000000070d000000, 0x000000070d200000, 0x000000070d200000|100%|HC|  |TAMS 0x000000070d000000, 0x000000070d200000| Complete 
|  76|0x000000070d200000, 0x000000070d400000, 0x000000070d400000|100%|HS|  |TAMS 0x000000070d200000, 0x000000070d400000| Complete 
|  77|0x000000070d400000, 0x000000070d600000, 0x000000070d600000|100%|HC|  |TAMS 0x000000070d400000, 0x000000070d600000| Complete 
|  78|0x000000070d600000, 0x000000070d800000, 0x000000070d800000|100%|HS|  |TAMS 0x000000070d600000, 0x000000070d800000| Complete 
|  79|0x000000070d800000, 0x000000070da00000, 0x000000070da00000|100%|HC|  |TAMS 0x000000070d800000, 0x000000070da00000| Complete 
|  80|0x000000070da00000, 0x000000070dc00000, 0x000000070dc00000|100%|HC|  |TAMS 0x000000070da00000, 0x000000070dc00000| Complete 
|  81|0x000000070dc00000, 0x000000070de00000, 0x000000070de00000|100%|HC|  |TAMS 0x000000070dc00000, 0x000000070de00000| Complete 
|  82|0x000000070de00000, 0x000000070e000000, 0x000000070e000000|100%|HC|  |TAMS 0x000000070de00000, 0x000000070e000000| Complete 
|  83|0x000000070e000000, 0x000000070e200000, 0x000000070e200000|100%|HC|  |TAMS 0x000000070e000000, 0x000000070e200000| Complete 
|  84|0x000000070e200000, 0x000000070e400000, 0x000000070e400000|100%|HC|  |TAMS 0x000000070e200000, 0x000000070e400000| Complete 
|  85|0x000000070e400000, 0x000000070e600000, 0x000000070e600000|100%|HC|  |TAMS 0x000000070e400000, 0x000000070e600000| Complete 
|  86|0x000000070e600000, 0x000000070e800000, 0x000000070e800000|100%|HC|  |TAMS 0x000000070e600000, 0x000000070e800000| Complete 
|  87|0x000000070e800000, 0x000000070ea00000, 0x000000070ea00000|100%|HS|  |TAMS 0x000000070e800000, 0x000000070e800000| Complete 
|  88|0x000000070ea00000, 0x000000070ec00000, 0x000000070ec00000|100%|HC|  |TAMS 0x000000070ea00000, 0x000000070ea00000| Complete 
|  89|0x000000070ec00000, 0x000000070ee00000, 0x000000070ee00000|100%|HC|  |TAMS 0x000000070ec00000, 0x000000070ec00000| Complete 
|  90|0x000000070ee00000, 0x000000070f000000, 0x000000070f000000|100%|HC|  |TAMS 0x000000070ee00000, 0x000000070ee00000| Complete 
|  91|0x000000070f000000, 0x000000070f200000, 0x000000070f200000|100%|HC|  |TAMS 0x000000070f000000, 0x000000070f000000| Complete 
|  92|0x000000070f200000, 0x000000070f400000, 0x000000070f400000|100%|HS|  |TAMS 0x000000070f200000, 0x000000070f200000| Complete 
|  93|0x000000070f400000, 0x000000070f600000, 0x000000070f600000|100%|HC|  |TAMS 0x000000070f400000, 0x000000070f400000| Complete 
|  94|0x000000070f600000, 0x000000070f800000, 0x000000070f800000|100%|HC|  |TAMS 0x000000070f600000, 0x000000070f600000| Complete 
|  95|0x000000070f800000, 0x000000070fa00000, 0x000000070fa00000|100%|HS|  |TAMS 0x000000070f800000, 0x000000070f800000| Complete 
|  96|0x000000070fa00000, 0x000000070fc00000, 0x000000070fc00000|100%|HC|  |TAMS 0x000000070fa00000, 0x000000070fa00000| Complete 
|  97|0x000000070fc00000, 0x000000070fe00000, 0x000000070fe00000|100%|HC|  |TAMS 0x000000070fc00000, 0x000000070fc00000| Complete 
|  98|0x000000070fe00000, 0x0000000710000000, 0x0000000710000000|100%|HS|  |TAMS 0x000000070fe00000, 0x000000070fe00000| Complete 
|  99|0x0000000710000000, 0x0000000710200000, 0x0000000710200000|100%|HC|  |TAMS 0x0000000710000000, 0x0000000710000000| Complete 
| 100|0x0000000710200000, 0x0000000710400000, 0x0000000710400000|100%|HC|  |TAMS 0x0000000710200000, 0x0000000710200000| Complete 
| 101|0x0000000710400000, 0x0000000710400000, 0x0000000710600000|  0%| F|  |TAMS 0x0000000710400000, 0x0000000710400000| Untracked 
| 102|0x0000000710600000, 0x0000000710600000, 0x0000000710800000|  0%| F|  |TAMS 0x0000000710600000, 0x0000000710600000| Untracked 
| 103|0x0000000710800000, 0x0000000710800000, 0x0000000710a00000|  0%| F|  |TAMS 0x0000000710800000, 0x0000000710800000| Untracked 
| 104|0x0000000710a00000, 0x0000000710a00000, 0x0000000710c00000|  0%| F|  |TAMS 0x0000000710a00000, 0x0000000710a00000| Untracked 
| 105|0x0000000710c00000, 0x0000000710c00000, 0x0000000710e00000|  0%| F|  |TAMS 0x0000000710c00000, 0x0000000710c00000| Untracked 
| 106|0x0000000710e00000, 0x0000000710e00000, 0x0000000711000000|  0%| F|  |TAMS 0x0000000710e00000, 0x0000000710e00000| Untracked 
| 107|0x0000000711000000, 0x0000000711000000, 0x0000000711200000|  0%| F|  |TAMS 0x0000000711000000, 0x0000000711000000| Untracked 
| 108|0x0000000711200000, 0x0000000711200000, 0x0000000711400000|  0%| F|  |TAMS 0x0000000711200000, 0x0000000711200000| Untracked 
| 109|0x0000000711400000, 0x0000000711400000, 0x0000000711600000|  0%| F|  |TAMS 0x0000000711400000, 0x0000000711400000| Untracked 
| 110|0x0000000711600000, 0x0000000711600000, 0x0000000711800000|  0%| F|  |TAMS 0x0000000711600000, 0x0000000711600000| Untracked 
| 111|0x0000000711800000, 0x0000000711800000, 0x0000000711a00000|  0%| F|  |TAMS 0x0000000711800000, 0x0000000711800000| Untracked 
| 112|0x0000000711a00000, 0x0000000711a00000, 0x0000000711c00000|  0%| F|  |TAMS 0x0000000711a00000, 0x0000000711a00000| Untracked 
| 113|0x0000000711c00000, 0x0000000711c00000, 0x0000000711e00000|  0%| F|  |TAMS 0x0000000711c00000, 0x0000000711c00000| Untracked 
| 114|0x0000000711e00000, 0x0000000711e00000, 0x0000000712000000|  0%| F|  |TAMS 0x0000000711e00000, 0x0000000711e00000| Untracked 
| 115|0x0000000712000000, 0x0000000712000000, 0x0000000712200000|  0%| F|  |TAMS 0x0000000712000000, 0x0000000712000000| Untracked 
| 116|0x0000000712200000, 0x0000000712200000, 0x0000000712400000|  0%| F|  |TAMS 0x0000000712200000, 0x0000000712200000| Untracked 
| 117|0x0000000712400000, 0x0000000712400000, 0x0000000712600000|  0%| F|  |TAMS 0x0000000712400000, 0x0000000712400000| Untracked 
| 118|0x0000000712600000, 0x0000000712600000, 0x0000000712800000|  0%| F|  |TAMS 0x0000000712600000, 0x0000000712600000| Untracked 
| 119|0x0000000712800000, 0x0000000712800000, 0x0000000712a00000|  0%| F|  |TAMS 0x0000000712800000, 0x0000000712800000| Untracked 
| 120|0x0000000712a00000, 0x0000000712a00000, 0x0000000712c00000|  0%| F|  |TAMS 0x0000000712a00000, 0x0000000712a00000| Untracked 
| 121|0x0000000712c00000, 0x0000000712c00000, 0x0000000712e00000|  0%| F|  |TAMS 0x0000000712c00000, 0x0000000712c00000| Untracked 
| 122|0x0000000712e00000, 0x0000000712e00000, 0x0000000713000000|  0%| F|  |TAMS 0x0000000712e00000, 0x0000000712e00000| Untracked 
| 123|0x0000000713000000, 0x0000000713000000, 0x0000000713200000|  0%| F|  |TAMS 0x0000000713000000, 0x0000000713000000| Untracked 
| 124|0x0000000713200000, 0x0000000713200000, 0x0000000713400000|  0%| F|  |TAMS 0x0000000713200000, 0x0000000713200000| Untracked 
| 125|0x0000000713400000, 0x0000000713400000, 0x0000000713600000|  0%| F|  |TAMS 0x0000000713400000, 0x0000000713400000| Untracked 
| 126|0x0000000713600000, 0x0000000713600000, 0x0000000713800000|  0%| F|  |TAMS 0x0000000713600000, 0x0000000713600000| Untracked 
| 127|0x0000000713800000, 0x0000000713800000, 0x0000000713a00000|  0%| F|  |TAMS 0x0000000713800000, 0x0000000713800000| Untracked 
| 128|0x0000000713a00000, 0x0000000713a00000, 0x0000000713c00000|  0%| F|  |TAMS 0x0000000713a00000, 0x0000000713a00000| Untracked 
| 129|0x0000000713c00000, 0x0000000713c00000, 0x0000000713e00000|  0%| F|  |TAMS 0x0000000713c00000, 0x0000000713c00000| Untracked 
| 130|0x0000000713e00000, 0x0000000713e00000, 0x0000000714000000|  0%| F|  |TAMS 0x0000000713e00000, 0x0000000713e00000| Untracked 
| 131|0x0000000714000000, 0x0000000714000000, 0x0000000714200000|  0%| F|  |TAMS 0x0000000714000000, 0x0000000714000000| Untracked 
| 132|0x0000000714200000, 0x0000000714200000, 0x0000000714400000|  0%| F|  |TAMS 0x0000000714200000, 0x0000000714200000| Untracked 
| 133|0x0000000714400000, 0x0000000714400000, 0x0000000714600000|  0%| F|  |TAMS 0x0000000714400000, 0x0000000714400000| Untracked 
| 134|0x0000000714600000, 0x0000000714600000, 0x0000000714800000|  0%| F|  |TAMS 0x0000000714600000, 0x0000000714600000| Untracked 
| 135|0x0000000714800000, 0x0000000714800000, 0x0000000714a00000|  0%| F|  |TAMS 0x0000000714800000, 0x0000000714800000| Untracked 
| 136|0x0000000714a00000, 0x0000000714a00000, 0x0000000714c00000|  0%| F|  |TAMS 0x0000000714a00000, 0x0000000714a00000| Untracked 
| 137|0x0000000714c00000, 0x0000000714c00000, 0x0000000714e00000|  0%| F|  |TAMS 0x0000000714c00000, 0x0000000714c00000| Untracked 
| 138|0x0000000714e00000, 0x0000000714e00000, 0x0000000715000000|  0%| F|  |TAMS 0x0000000714e00000, 0x0000000714e00000| Untracked 
| 139|0x0000000715000000, 0x0000000715000000, 0x0000000715200000|  0%| F|  |TAMS 0x0000000715000000, 0x0000000715000000| Untracked 
| 140|0x0000000715200000, 0x0000000715200000, 0x0000000715400000|  0%| F|  |TAMS 0x0000000715200000, 0x0000000715200000| Untracked 
| 141|0x0000000715400000, 0x0000000715400000, 0x0000000715600000|  0%| F|  |TAMS 0x0000000715400000, 0x0000000715400000| Untracked 
| 142|0x0000000715600000, 0x0000000715600000, 0x0000000715800000|  0%| F|  |TAMS 0x0000000715600000, 0x0000000715600000| Untracked 
| 143|0x0000000715800000, 0x0000000715800000, 0x0000000715a00000|  0%| F|  |TAMS 0x0000000715800000, 0x0000000715800000| Untracked 
| 144|0x0000000715a00000, 0x0000000715a00000, 0x0000000715c00000|  0%| F|  |TAMS 0x0000000715a00000, 0x0000000715a00000| Untracked 
| 145|0x0000000715c00000, 0x0000000715c00000, 0x0000000715e00000|  0%| F|  |TAMS 0x0000000715c00000, 0x0000000715c00000| Untracked 
| 146|0x0000000715e00000, 0x0000000715e00000, 0x0000000716000000|  0%| F|  |TAMS 0x0000000715e00000, 0x0000000715e00000| Untracked 
| 147|0x0000000716000000, 0x0000000716000000, 0x0000000716200000|  0%| F|  |TAMS 0x0000000716000000, 0x0000000716000000| Untracked 
| 148|0x0000000716200000, 0x0000000716200000, 0x0000000716400000|  0%| F|  |TAMS 0x0000000716200000, 0x0000000716200000| Untracked 
| 149|0x0000000716400000, 0x0000000716400000, 0x0000000716600000|  0%| F|  |TAMS 0x0000000716400000, 0x0000000716400000| Untracked 
| 150|0x0000000716600000, 0x0000000716600000, 0x0000000716800000|  0%| F|  |TAMS 0x0000000716600000, 0x0000000716600000| Untracked 
| 151|0x0000000716800000, 0x0000000716800000, 0x0000000716a00000|  0%| F|  |TAMS 0x0000000716800000, 0x0000000716800000| Untracked 
| 152|0x0000000716a00000, 0x0000000716a00000, 0x0000000716c00000|  0%| F|  |TAMS 0x0000000716a00000, 0x0000000716a00000| Untracked 
| 153|0x0000000716c00000, 0x0000000716c00000, 0x0000000716e00000|  0%| F|  |TAMS 0x0000000716c00000, 0x0000000716c00000| Untracked 
| 154|0x0000000716e00000, 0x0000000716e00000, 0x0000000717000000|  0%| F|  |TAMS 0x0000000716e00000, 0x0000000716e00000| Untracked 
| 155|0x0000000717000000, 0x0000000717000000, 0x0000000717200000|  0%| F|  |TAMS 0x0000000717000000, 0x0000000717000000| Untracked 
| 156|0x0000000717200000, 0x0000000717200000, 0x0000000717400000|  0%| F|  |TAMS 0x0000000717200000, 0x0000000717200000| Untracked 
| 157|0x0000000717400000, 0x0000000717400000, 0x0000000717600000|  0%| F|  |TAMS 0x0000000717400000, 0x0000000717400000| Untracked 
| 158|0x0000000717600000, 0x0000000717600000, 0x0000000717800000|  0%| F|  |TAMS 0x0000000717600000, 0x0000000717600000| Untracked 
| 159|0x0000000717800000, 0x0000000717800000, 0x0000000717a00000|  0%| F|  |TAMS 0x0000000717800000, 0x0000000717800000| Untracked 
| 160|0x0000000717a00000, 0x0000000717a00000, 0x0000000717c00000|  0%| F|  |TAMS 0x0000000717a00000, 0x0000000717a00000| Untracked 
| 161|0x0000000717c00000, 0x0000000717c00000, 0x0000000717e00000|  0%| F|  |TAMS 0x0000000717c00000, 0x0000000717c00000| Untracked 
| 162|0x0000000717e00000, 0x0000000717e00000, 0x0000000718000000|  0%| F|  |TAMS 0x0000000717e00000, 0x0000000717e00000| Untracked 
| 163|0x0000000718000000, 0x0000000718000000, 0x0000000718200000|  0%| F|  |TAMS 0x0000000718000000, 0x0000000718000000| Untracked 
| 164|0x0000000718200000, 0x0000000718200000, 0x0000000718400000|  0%| F|  |TAMS 0x0000000718200000, 0x0000000718200000| Untracked 
| 165|0x0000000718400000, 0x0000000718400000, 0x0000000718600000|  0%| F|  |TAMS 0x0000000718400000, 0x0000000718400000| Untracked 
| 166|0x0000000718600000, 0x0000000718600000, 0x0000000718800000|  0%| F|  |TAMS 0x0000000718600000, 0x0000000718600000| Untracked 
| 167|0x0000000718800000, 0x0000000718800000, 0x0000000718a00000|  0%| F|  |TAMS 0x0000000718800000, 0x0000000718800000| Untracked 
| 168|0x0000000718a00000, 0x0000000718a00000, 0x0000000718c00000|  0%| F|  |TAMS 0x0000000718a00000, 0x0000000718a00000| Untracked 
| 169|0x0000000718c00000, 0x0000000718c00000, 0x0000000718e00000|  0%| F|  |TAMS 0x0000000718c00000, 0x0000000718c00000| Untracked 
| 170|0x0000000718e00000, 0x0000000718e00000, 0x0000000719000000|  0%| F|  |TAMS 0x0000000718e00000, 0x0000000718e00000| Untracked 
| 171|0x0000000719000000, 0x0000000719000000, 0x0000000719200000|  0%| F|  |TAMS 0x0000000719000000, 0x0000000719000000| Untracked 
| 172|0x0000000719200000, 0x0000000719323668, 0x0000000719400000| 56%| S|CS|TAMS 0x0000000719200000, 0x0000000719200000| Complete 
| 173|0x0000000719400000, 0x0000000719400000, 0x0000000719600000|  0%| F|  |TAMS 0x0000000719400000, 0x0000000719400000| Untracked 
| 174|0x0000000719600000, 0x0000000719600000, 0x0000000719800000|  0%| F|  |TAMS 0x0000000719600000, 0x0000000719600000| Untracked 
| 175|0x0000000719800000, 0x0000000719800000, 0x0000000719a00000|  0%| F|  |TAMS 0x0000000719800000, 0x0000000719800000| Untracked 
| 176|0x0000000719a00000, 0x0000000719a00000, 0x0000000719c00000|  0%| F|  |TAMS 0x0000000719a00000, 0x0000000719a00000| Untracked 
| 177|0x0000000719c00000, 0x0000000719c00000, 0x0000000719e00000|  0%| F|  |TAMS 0x0000000719c00000, 0x0000000719c00000| Untracked 
| 178|0x0000000719e00000, 0x0000000719e00000, 0x000000071a000000|  0%| F|  |TAMS 0x0000000719e00000, 0x0000000719e00000| Untracked 
| 179|0x000000071a000000, 0x000000071a000000, 0x000000071a200000|  0%| F|  |TAMS 0x000000071a000000, 0x000000071a000000| Untracked 
| 180|0x000000071a200000, 0x000000071a200000, 0x000000071a400000|  0%| F|  |TAMS 0x000000071a200000, 0x000000071a200000| Untracked 
| 181|0x000000071a400000, 0x000000071a400000, 0x000000071a600000|  0%| F|  |TAMS 0x000000071a400000, 0x000000071a400000| Untracked 
| 182|0x000000071a600000, 0x000000071a600000, 0x000000071a800000|  0%| F|  |TAMS 0x000000071a600000, 0x000000071a600000| Untracked 
| 183|0x000000071a800000, 0x000000071a800000, 0x000000071aa00000|  0%| F|  |TAMS 0x000000071a800000, 0x000000071a800000| Untracked 
| 184|0x000000071aa00000, 0x000000071aa00000, 0x000000071ac00000|  0%| F|  |TAMS 0x000000071aa00000, 0x000000071aa00000| Untracked 
| 185|0x000000071ac00000, 0x000000071ac00000, 0x000000071ae00000|  0%| F|  |TAMS 0x000000071ac00000, 0x000000071ac00000| Untracked 
| 186|0x000000071ae00000, 0x000000071ae00000, 0x000000071b000000|  0%| F|  |TAMS 0x000000071ae00000, 0x000000071ae00000| Untracked 
| 187|0x000000071b000000, 0x000000071b000000, 0x000000071b200000|  0%| F|  |TAMS 0x000000071b000000, 0x000000071b000000| Untracked 
| 188|0x000000071b200000, 0x000000071b200000, 0x000000071b400000|  0%| F|  |TAMS 0x000000071b200000, 0x000000071b200000| Untracked 
| 189|0x000000071b400000, 0x000000071b400000, 0x000000071b600000|  0%| F|  |TAMS 0x000000071b400000, 0x000000071b400000| Untracked 
| 190|0x000000071b600000, 0x000000071b600000, 0x000000071b800000|  0%| F|  |TAMS 0x000000071b600000, 0x000000071b600000| Untracked 
| 191|0x000000071b800000, 0x000000071b800000, 0x000000071ba00000|  0%| F|  |TAMS 0x000000071b800000, 0x000000071b800000| Untracked 
| 192|0x000000071ba00000, 0x000000071ba00000, 0x000000071bc00000|  0%| F|  |TAMS 0x000000071ba00000, 0x000000071ba00000| Untracked 
| 193|0x000000071bc00000, 0x000000071bc00000, 0x000000071be00000|  0%| F|  |TAMS 0x000000071bc00000, 0x000000071bc00000| Untracked 
| 194|0x000000071be00000, 0x000000071be00000, 0x000000071c000000|  0%| F|  |TAMS 0x000000071be00000, 0x000000071be00000| Untracked 
| 195|0x000000071c000000, 0x000000071c000000, 0x000000071c200000|  0%| F|  |TAMS 0x000000071c000000, 0x000000071c000000| Untracked 
| 196|0x000000071c200000, 0x000000071c200000, 0x000000071c400000|  0%| F|  |TAMS 0x000000071c200000, 0x000000071c200000| Untracked 
| 197|0x000000071c400000, 0x000000071c400000, 0x000000071c600000|  0%| F|  |TAMS 0x000000071c400000, 0x000000071c400000| Untracked 
| 198|0x000000071c600000, 0x000000071c600000, 0x000000071c800000|  0%| F|  |TAMS 0x000000071c600000, 0x000000071c600000| Untracked 
| 199|0x000000071c800000, 0x000000071c800000, 0x000000071ca00000|  0%| F|  |TAMS 0x000000071c800000, 0x000000071c800000| Untracked 
| 200|0x000000071ca00000, 0x000000071ca00000, 0x000000071cc00000|  0%| F|  |TAMS 0x000000071ca00000, 0x000000071ca00000| Untracked 
| 201|0x000000071cc00000, 0x000000071cc00000, 0x000000071ce00000|  0%| F|  |TAMS 0x000000071cc00000, 0x000000071cc00000| Untracked 
| 202|0x000000071ce00000, 0x000000071ce00000, 0x000000071d000000|  0%| F|  |TAMS 0x000000071ce00000, 0x000000071ce00000| Untracked 
| 203|0x000000071d000000, 0x000000071d000000, 0x000000071d200000|  0%| F|  |TAMS 0x000000071d000000, 0x000000071d000000| Untracked 
| 204|0x000000071d200000, 0x000000071d200000, 0x000000071d400000|  0%| F|  |TAMS 0x000000071d200000, 0x000000071d200000| Untracked 
| 205|0x000000071d400000, 0x000000071d400000, 0x000000071d600000|  0%| F|  |TAMS 0x000000071d400000, 0x000000071d400000| Untracked 
| 206|0x000000071d600000, 0x000000071d600000, 0x000000071d800000|  0%| F|  |TAMS 0x000000071d600000, 0x000000071d600000| Untracked 
| 207|0x000000071d800000, 0x000000071d800000, 0x000000071da00000|  0%| F|  |TAMS 0x000000071d800000, 0x000000071d800000| Untracked 
| 208|0x000000071da00000, 0x000000071da00000, 0x000000071dc00000|  0%| F|  |TAMS 0x000000071da00000, 0x000000071da00000| Untracked 
| 209|0x000000071dc00000, 0x000000071dc00000, 0x000000071de00000|  0%| F|  |TAMS 0x000000071dc00000, 0x000000071dc00000| Untracked 
| 210|0x000000071de00000, 0x000000071de00000, 0x000000071e000000|  0%| F|  |TAMS 0x000000071de00000, 0x000000071de00000| Untracked 
| 211|0x000000071e000000, 0x000000071e000000, 0x000000071e200000|  0%| F|  |TAMS 0x000000071e000000, 0x000000071e000000| Untracked 
| 212|0x000000071e200000, 0x000000071e200000, 0x000000071e400000|  0%| F|  |TAMS 0x000000071e200000, 0x000000071e200000| Untracked 
| 213|0x000000071e400000, 0x000000071e400000, 0x000000071e600000|  0%| F|  |TAMS 0x000000071e400000, 0x000000071e400000| Untracked 
| 214|0x000000071e600000, 0x000000071e600000, 0x000000071e800000|  0%| F|  |TAMS 0x000000071e600000, 0x000000071e600000| Untracked 
| 215|0x000000071e800000, 0x000000071e800000, 0x000000071ea00000|  0%| F|  |TAMS 0x000000071e800000, 0x000000071e800000| Untracked 
| 216|0x000000071ea00000, 0x000000071ea00000, 0x000000071ec00000|  0%| F|  |TAMS 0x000000071ea00000, 0x000000071ea00000| Untracked 
| 217|0x000000071ec00000, 0x000000071ec00000, 0x000000071ee00000|  0%| F|  |TAMS 0x000000071ec00000, 0x000000071ec00000| Untracked 
| 218|0x000000071ee00000, 0x000000071ee00000, 0x000000071f000000|  0%| F|  |TAMS 0x000000071ee00000, 0x000000071ee00000| Untracked 
| 219|0x000000071f000000, 0x000000071f000000, 0x000000071f200000|  0%| F|  |TAMS 0x000000071f000000, 0x000000071f000000| Untracked 
| 220|0x000000071f200000, 0x000000071f200000, 0x000000071f400000|  0%| F|  |TAMS 0x000000071f200000, 0x000000071f200000| Untracked 
| 221|0x000000071f400000, 0x000000071f400000, 0x000000071f600000|  0%| F|  |TAMS 0x000000071f400000, 0x000000071f400000| Untracked 
| 222|0x000000071f600000, 0x000000071f600000, 0x000000071f800000|  0%| F|  |TAMS 0x000000071f600000, 0x000000071f600000| Untracked 
| 223|0x000000071f800000, 0x000000071f800000, 0x000000071fa00000|  0%| F|  |TAMS 0x000000071f800000, 0x000000071f800000| Untracked 
| 224|0x000000071fa00000, 0x000000071fa00000, 0x000000071fc00000|  0%| F|  |TAMS 0x000000071fa00000, 0x000000071fa00000| Untracked 
| 225|0x000000071fc00000, 0x000000071fc00000, 0x000000071fe00000|  0%| F|  |TAMS 0x000000071fc00000, 0x000000071fc00000| Untracked 
| 226|0x000000071fe00000, 0x000000071fe00000, 0x0000000720000000|  0%| F|  |TAMS 0x000000071fe00000, 0x000000071fe00000| Untracked 
| 227|0x0000000720000000, 0x0000000720000000, 0x0000000720200000|  0%| F|  |TAMS 0x0000000720000000, 0x0000000720000000| Untracked 
| 228|0x0000000720200000, 0x0000000720200000, 0x0000000720400000|  0%| F|  |TAMS 0x0000000720200000, 0x0000000720200000| Untracked 
| 229|0x0000000720400000, 0x0000000720400000, 0x0000000720600000|  0%| F|  |TAMS 0x0000000720400000, 0x0000000720400000| Untracked 
| 230|0x0000000720600000, 0x0000000720600000, 0x0000000720800000|  0%| F|  |TAMS 0x0000000720600000, 0x0000000720600000| Untracked 
| 231|0x0000000720800000, 0x0000000720800000, 0x0000000720a00000|  0%| F|  |TAMS 0x0000000720800000, 0x0000000720800000| Untracked 
| 232|0x0000000720a00000, 0x0000000720a00000, 0x0000000720c00000|  0%| F|  |TAMS 0x0000000720a00000, 0x0000000720a00000| Untracked 
| 233|0x0000000720c00000, 0x0000000720c00000, 0x0000000720e00000|  0%| F|  |TAMS 0x0000000720c00000, 0x0000000720c00000| Untracked 
| 234|0x0000000720e00000, 0x0000000720e00000, 0x0000000721000000|  0%| F|  |TAMS 0x0000000720e00000, 0x0000000720e00000| Untracked 
| 235|0x0000000721000000, 0x0000000721000000, 0x0000000721200000|  0%| F|  |TAMS 0x0000000721000000, 0x0000000721000000| Untracked 
| 236|0x0000000721200000, 0x0000000721200000, 0x0000000721400000|  0%| F|  |TAMS 0x0000000721200000, 0x0000000721200000| Untracked 
| 237|0x0000000721400000, 0x0000000721400000, 0x0000000721600000|  0%| F|  |TAMS 0x0000000721400000, 0x0000000721400000| Untracked 
| 238|0x0000000721600000, 0x0000000721600000, 0x0000000721800000|  0%| F|  |TAMS 0x0000000721600000, 0x0000000721600000| Untracked 
| 239|0x0000000721800000, 0x0000000721800000, 0x0000000721a00000|  0%| F|  |TAMS 0x0000000721800000, 0x0000000721800000| Untracked 
| 240|0x0000000721a00000, 0x0000000721a00000, 0x0000000721c00000|  0%| F|  |TAMS 0x0000000721a00000, 0x0000000721a00000| Untracked 
| 241|0x0000000721c00000, 0x0000000721c00000, 0x0000000721e00000|  0%| F|  |TAMS 0x0000000721c00000, 0x0000000721c00000| Untracked 
| 242|0x0000000721e00000, 0x0000000721e00000, 0x0000000722000000|  0%| F|  |TAMS 0x0000000721e00000, 0x0000000721e00000| Untracked 
| 243|0x0000000722000000, 0x0000000722000000, 0x0000000722200000|  0%| F|  |TAMS 0x0000000722000000, 0x0000000722000000| Untracked 
| 244|0x0000000722200000, 0x0000000722200000, 0x0000000722400000|  0%| F|  |TAMS 0x0000000722200000, 0x0000000722200000| Untracked 
| 245|0x0000000722400000, 0x0000000722400000, 0x0000000722600000|  0%| F|  |TAMS 0x0000000722400000, 0x0000000722400000| Untracked 
| 246|0x0000000722600000, 0x0000000722600000, 0x0000000722800000|  0%| F|  |TAMS 0x0000000722600000, 0x0000000722600000| Untracked 
| 247|0x0000000722800000, 0x0000000722800000, 0x0000000722a00000|  0%| F|  |TAMS 0x0000000722800000, 0x0000000722800000| Untracked 
| 248|0x0000000722a00000, 0x0000000722a00000, 0x0000000722c00000|  0%| F|  |TAMS 0x0000000722a00000, 0x0000000722a00000| Untracked 
| 249|0x0000000722c00000, 0x0000000722c00000, 0x0000000722e00000|  0%| F|  |TAMS 0x0000000722c00000, 0x0000000722c00000| Untracked 
| 250|0x0000000722e00000, 0x0000000722e00000, 0x0000000723000000|  0%| F|  |TAMS 0x0000000722e00000, 0x0000000722e00000| Untracked 
| 251|0x0000000723000000, 0x0000000723000000, 0x0000000723200000|  0%| F|  |TAMS 0x0000000723000000, 0x0000000723000000| Untracked 
| 252|0x0000000723200000, 0x0000000723200000, 0x0000000723400000|  0%| F|  |TAMS 0x0000000723200000, 0x0000000723200000| Untracked 
| 253|0x0000000723400000, 0x0000000723400000, 0x0000000723600000|  0%| F|  |TAMS 0x0000000723400000, 0x0000000723400000| Untracked 
| 254|0x0000000723600000, 0x0000000723600000, 0x0000000723800000|  0%| F|  |TAMS 0x0000000723600000, 0x0000000723600000| Untracked 
| 255|0x0000000723800000, 0x0000000723800000, 0x0000000723a00000|  0%| F|  |TAMS 0x0000000723800000, 0x0000000723800000| Untracked 
| 256|0x0000000723a00000, 0x0000000723a00000, 0x0000000723c00000|  0%| F|  |TAMS 0x0000000723a00000, 0x0000000723a00000| Untracked 
| 257|0x0000000723c00000, 0x0000000723c00000, 0x0000000723e00000|  0%| F|  |TAMS 0x0000000723c00000, 0x0000000723c00000| Untracked 
| 258|0x0000000723e00000, 0x0000000723e00000, 0x0000000724000000|  0%| F|  |TAMS 0x0000000723e00000, 0x0000000723e00000| Untracked 
| 259|0x0000000724000000, 0x0000000724000000, 0x0000000724200000|  0%| F|  |TAMS 0x0000000724000000, 0x0000000724000000| Untracked 
| 260|0x0000000724200000, 0x0000000724200000, 0x0000000724400000|  0%| F|  |TAMS 0x0000000724200000, 0x0000000724200000| Untracked 
| 261|0x0000000724400000, 0x0000000724400000, 0x0000000724600000|  0%| F|  |TAMS 0x0000000724400000, 0x0000000724400000| Untracked 
| 262|0x0000000724600000, 0x0000000724600000, 0x0000000724800000|  0%| F|  |TAMS 0x0000000724600000, 0x0000000724600000| Untracked 
| 263|0x0000000724800000, 0x0000000724800000, 0x0000000724a00000|  0%| F|  |TAMS 0x0000000724800000, 0x0000000724800000| Untracked 
| 264|0x0000000724a00000, 0x0000000724a00000, 0x0000000724c00000|  0%| F|  |TAMS 0x0000000724a00000, 0x0000000724a00000| Untracked 
| 265|0x0000000724c00000, 0x0000000724c00000, 0x0000000724e00000|  0%| F|  |TAMS 0x0000000724c00000, 0x0000000724c00000| Untracked 
| 266|0x0000000724e00000, 0x0000000724e00000, 0x0000000725000000|  0%| F|  |TAMS 0x0000000724e00000, 0x0000000724e00000| Untracked 
| 267|0x0000000725000000, 0x0000000725000000, 0x0000000725200000|  0%| F|  |TAMS 0x0000000725000000, 0x0000000725000000| Untracked 
| 268|0x0000000725200000, 0x0000000725200000, 0x0000000725400000|  0%| F|  |TAMS 0x0000000725200000, 0x0000000725200000| Untracked 
| 269|0x0000000725400000, 0x0000000725400000, 0x0000000725600000|  0%| F|  |TAMS 0x0000000725400000, 0x0000000725400000| Untracked 
| 270|0x0000000725600000, 0x0000000725600000, 0x0000000725800000|  0%| F|  |TAMS 0x0000000725600000, 0x0000000725600000| Untracked 
| 271|0x0000000725800000, 0x0000000725800000, 0x0000000725a00000|  0%| F|  |TAMS 0x0000000725800000, 0x0000000725800000| Untracked 
| 272|0x0000000725a00000, 0x0000000725a00000, 0x0000000725c00000|  0%| F|  |TAMS 0x0000000725a00000, 0x0000000725a00000| Untracked 
| 273|0x0000000725c00000, 0x0000000725c00000, 0x0000000725e00000|  0%| F|  |TAMS 0x0000000725c00000, 0x0000000725c00000| Untracked 
| 274|0x0000000725e00000, 0x0000000725e00000, 0x0000000726000000|  0%| F|  |TAMS 0x0000000725e00000, 0x0000000725e00000| Untracked 
| 275|0x0000000726000000, 0x0000000726000000, 0x0000000726200000|  0%| F|  |TAMS 0x0000000726000000, 0x0000000726000000| Untracked 
| 276|0x0000000726200000, 0x0000000726200000, 0x0000000726400000|  0%| F|  |TAMS 0x0000000726200000, 0x0000000726200000| Untracked 
| 277|0x0000000726400000, 0x0000000726400000, 0x0000000726600000|  0%| F|  |TAMS 0x0000000726400000, 0x0000000726400000| Untracked 
| 278|0x0000000726600000, 0x0000000726600000, 0x0000000726800000|  0%| F|  |TAMS 0x0000000726600000, 0x0000000726600000| Untracked 
| 279|0x0000000726800000, 0x0000000726800000, 0x0000000726a00000|  0%| F|  |TAMS 0x0000000726800000, 0x0000000726800000| Untracked 
| 280|0x0000000726a00000, 0x0000000726a00000, 0x0000000726c00000|  0%| F|  |TAMS 0x0000000726a00000, 0x0000000726a00000| Untracked 
| 281|0x0000000726c00000, 0x0000000726c00000, 0x0000000726e00000|  0%| F|  |TAMS 0x0000000726c00000, 0x0000000726c00000| Untracked 
| 282|0x0000000726e00000, 0x0000000726e00000, 0x0000000727000000|  0%| F|  |TAMS 0x0000000726e00000, 0x0000000726e00000| Untracked 
| 283|0x0000000727000000, 0x0000000727000000, 0x0000000727200000|  0%| F|  |TAMS 0x0000000727000000, 0x0000000727000000| Untracked 
| 284|0x0000000727200000, 0x0000000727200000, 0x0000000727400000|  0%| F|  |TAMS 0x0000000727200000, 0x0000000727200000| Untracked 
| 285|0x0000000727400000, 0x0000000727400000, 0x0000000727600000|  0%| F|  |TAMS 0x0000000727400000, 0x0000000727400000| Untracked 
| 286|0x0000000727600000, 0x0000000727600000, 0x0000000727800000|  0%| F|  |TAMS 0x0000000727600000, 0x0000000727600000| Untracked 
| 287|0x0000000727800000, 0x0000000727800000, 0x0000000727a00000|  0%| F|  |TAMS 0x0000000727800000, 0x0000000727800000| Untracked 
| 288|0x0000000727a00000, 0x0000000727a00000, 0x0000000727c00000|  0%| F|  |TAMS 0x0000000727a00000, 0x0000000727a00000| Untracked 
| 289|0x0000000727c00000, 0x0000000727c00000, 0x0000000727e00000|  0%| F|  |TAMS 0x0000000727c00000, 0x0000000727c00000| Untracked 
| 290|0x0000000727e00000, 0x0000000727e00000, 0x0000000728000000|  0%| F|  |TAMS 0x0000000727e00000, 0x0000000727e00000| Untracked 
| 291|0x0000000728000000, 0x0000000728000000, 0x0000000728200000|  0%| F|  |TAMS 0x0000000728000000, 0x0000000728000000| Untracked 
| 292|0x0000000728200000, 0x0000000728200000, 0x0000000728400000|  0%| F|  |TAMS 0x0000000728200000, 0x0000000728200000| Untracked 
| 293|0x0000000728400000, 0x0000000728400000, 0x0000000728600000|  0%| F|  |TAMS 0x0000000728400000, 0x0000000728400000| Untracked 
| 294|0x0000000728600000, 0x0000000728600000, 0x0000000728800000|  0%| F|  |TAMS 0x0000000728600000, 0x0000000728600000| Untracked 
| 295|0x0000000728800000, 0x0000000728800000, 0x0000000728a00000|  0%| F|  |TAMS 0x0000000728800000, 0x0000000728800000| Untracked 
| 296|0x0000000728a00000, 0x0000000728a00000, 0x0000000728c00000|  0%| F|  |TAMS 0x0000000728a00000, 0x0000000728a00000| Untracked 
| 297|0x0000000728c00000, 0x0000000728c00000, 0x0000000728e00000|  0%| F|  |TAMS 0x0000000728c00000, 0x0000000728c00000| Untracked 
| 298|0x0000000728e00000, 0x0000000728e00000, 0x0000000729000000|  0%| F|  |TAMS 0x0000000728e00000, 0x0000000728e00000| Untracked 
| 299|0x0000000729000000, 0x0000000729000000, 0x0000000729200000|  0%| F|  |TAMS 0x0000000729000000, 0x0000000729000000| Untracked 
| 300|0x0000000729200000, 0x0000000729200000, 0x0000000729400000|  0%| F|  |TAMS 0x0000000729200000, 0x0000000729200000| Untracked 
| 301|0x0000000729400000, 0x0000000729400000, 0x0000000729600000|  0%| F|  |TAMS 0x0000000729400000, 0x0000000729400000| Untracked 
| 302|0x0000000729600000, 0x0000000729600000, 0x0000000729800000|  0%| F|  |TAMS 0x0000000729600000, 0x0000000729600000| Untracked 
| 303|0x0000000729800000, 0x0000000729800000, 0x0000000729a00000|  0%| F|  |TAMS 0x0000000729800000, 0x0000000729800000| Untracked 
| 304|0x0000000729a00000, 0x0000000729a00000, 0x0000000729c00000|  0%| F|  |TAMS 0x0000000729a00000, 0x0000000729a00000| Untracked 
| 305|0x0000000729c00000, 0x0000000729c00000, 0x0000000729e00000|  0%| F|  |TAMS 0x0000000729c00000, 0x0000000729c00000| Untracked 
| 306|0x0000000729e00000, 0x0000000729e00000, 0x000000072a000000|  0%| F|  |TAMS 0x0000000729e00000, 0x0000000729e00000| Untracked 
| 307|0x000000072a000000, 0x000000072a000000, 0x000000072a200000|  0%| F|  |TAMS 0x000000072a000000, 0x000000072a000000| Untracked 
| 308|0x000000072a200000, 0x000000072a200000, 0x000000072a400000|  0%| F|  |TAMS 0x000000072a200000, 0x000000072a200000| Untracked 
| 309|0x000000072a400000, 0x000000072a400000, 0x000000072a600000|  0%| F|  |TAMS 0x000000072a400000, 0x000000072a400000| Untracked 
| 310|0x000000072a600000, 0x000000072a600000, 0x000000072a800000|  0%| F|  |TAMS 0x000000072a600000, 0x000000072a600000| Untracked 
| 311|0x000000072a800000, 0x000000072a800000, 0x000000072aa00000|  0%| F|  |TAMS 0x000000072a800000, 0x000000072a800000| Untracked 
| 312|0x000000072aa00000, 0x000000072aa00000, 0x000000072ac00000|  0%| F|  |TAMS 0x000000072aa00000, 0x000000072aa00000| Untracked 
| 313|0x000000072ac00000, 0x000000072ac00000, 0x000000072ae00000|  0%| F|  |TAMS 0x000000072ac00000, 0x000000072ac00000| Untracked 
| 314|0x000000072ae00000, 0x000000072ae00000, 0x000000072b000000|  0%| F|  |TAMS 0x000000072ae00000, 0x000000072ae00000| Untracked 
| 315|0x000000072b000000, 0x000000072b000000, 0x000000072b200000|  0%| F|  |TAMS 0x000000072b000000, 0x000000072b000000| Untracked 
| 316|0x000000072b200000, 0x000000072b200000, 0x000000072b400000|  0%| F|  |TAMS 0x000000072b200000, 0x000000072b200000| Untracked 
| 317|0x000000072b400000, 0x000000072b400000, 0x000000072b600000|  0%| F|  |TAMS 0x000000072b400000, 0x000000072b400000| Untracked 
| 318|0x000000072b600000, 0x000000072b600000, 0x000000072b800000|  0%| F|  |TAMS 0x000000072b600000, 0x000000072b600000| Untracked 
| 319|0x000000072b800000, 0x000000072b800000, 0x000000072ba00000|  0%| F|  |TAMS 0x000000072b800000, 0x000000072b800000| Untracked 
| 320|0x000000072ba00000, 0x000000072ba00000, 0x000000072bc00000|  0%| F|  |TAMS 0x000000072ba00000, 0x000000072ba00000| Untracked 
| 321|0x000000072bc00000, 0x000000072bc00000, 0x000000072be00000|  0%| F|  |TAMS 0x000000072bc00000, 0x000000072bc00000| Untracked 
| 322|0x000000072be00000, 0x000000072be00000, 0x000000072c000000|  0%| F|  |TAMS 0x000000072be00000, 0x000000072be00000| Untracked 
| 323|0x000000072c000000, 0x000000072c000000, 0x000000072c200000|  0%| F|  |TAMS 0x000000072c000000, 0x000000072c000000| Untracked 
| 324|0x000000072c200000, 0x000000072c200000, 0x000000072c400000|  0%| F|  |TAMS 0x000000072c200000, 0x000000072c200000| Untracked 
| 325|0x000000072c400000, 0x000000072c400000, 0x000000072c600000|  0%| F|  |TAMS 0x000000072c400000, 0x000000072c400000| Untracked 
| 326|0x000000072c600000, 0x000000072c600000, 0x000000072c800000|  0%| F|  |TAMS 0x000000072c600000, 0x000000072c600000| Untracked 
| 327|0x000000072c800000, 0x000000072c800000, 0x000000072ca00000|  0%| F|  |TAMS 0x000000072c800000, 0x000000072c800000| Untracked 
| 328|0x000000072ca00000, 0x000000072ca00000, 0x000000072cc00000|  0%| F|  |TAMS 0x000000072ca00000, 0x000000072ca00000| Untracked 
| 329|0x000000072cc00000, 0x000000072cc00000, 0x000000072ce00000|  0%| F|  |TAMS 0x000000072cc00000, 0x000000072cc00000| Untracked 
| 330|0x000000072ce00000, 0x000000072ce00000, 0x000000072d000000|  0%| F|  |TAMS 0x000000072ce00000, 0x000000072ce00000| Untracked 
| 331|0x000000072d000000, 0x000000072d000000, 0x000000072d200000|  0%| F|  |TAMS 0x000000072d000000, 0x000000072d000000| Untracked 
| 332|0x000000072d200000, 0x000000072d200000, 0x000000072d400000|  0%| F|  |TAMS 0x000000072d200000, 0x000000072d200000| Untracked 
| 333|0x000000072d400000, 0x000000072d400000, 0x000000072d600000|  0%| F|  |TAMS 0x000000072d400000, 0x000000072d400000| Untracked 
| 334|0x000000072d600000, 0x000000072d600000, 0x000000072d800000|  0%| F|  |TAMS 0x000000072d600000, 0x000000072d600000| Untracked 
| 335|0x000000072d800000, 0x000000072d800000, 0x000000072da00000|  0%| F|  |TAMS 0x000000072d800000, 0x000000072d800000| Untracked 
| 336|0x000000072da00000, 0x000000072da00000, 0x000000072dc00000|  0%| F|  |TAMS 0x000000072da00000, 0x000000072da00000| Untracked 
| 337|0x000000072dc00000, 0x000000072dc00000, 0x000000072de00000|  0%| F|  |TAMS 0x000000072dc00000, 0x000000072dc00000| Untracked 
| 338|0x000000072de00000, 0x000000072de00000, 0x000000072e000000|  0%| F|  |TAMS 0x000000072de00000, 0x000000072de00000| Untracked 
| 339|0x000000072e000000, 0x000000072e000000, 0x000000072e200000|  0%| F|  |TAMS 0x000000072e000000, 0x000000072e000000| Untracked 
| 340|0x000000072e200000, 0x000000072e200000, 0x000000072e400000|  0%| F|  |TAMS 0x000000072e200000, 0x000000072e200000| Untracked 
| 341|0x000000072e400000, 0x000000072e400000, 0x000000072e600000|  0%| F|  |TAMS 0x000000072e400000, 0x000000072e400000| Untracked 
| 342|0x000000072e600000, 0x000000072e600000, 0x000000072e800000|  0%| F|  |TAMS 0x000000072e600000, 0x000000072e600000| Untracked 
| 343|0x000000072e800000, 0x000000072e800000, 0x000000072ea00000|  0%| F|  |TAMS 0x000000072e800000, 0x000000072e800000| Untracked 
| 344|0x000000072ea00000, 0x000000072eb00800, 0x000000072ec00000| 50%| E|  |TAMS 0x000000072ea00000, 0x000000072ea00000| Complete 
| 345|0x000000072ec00000, 0x000000072ee00000, 0x000000072ee00000|100%| E|CS|TAMS 0x000000072ec00000, 0x000000072ec00000| Complete 
| 346|0x000000072ee00000, 0x000000072f000000, 0x000000072f000000|100%| E|CS|TAMS 0x000000072ee00000, 0x000000072ee00000| Complete 
| 347|0x000000072f000000, 0x000000072f200000, 0x000000072f200000|100%| E|CS|TAMS 0x000000072f000000, 0x000000072f000000| Complete 
| 348|0x000000072f200000, 0x000000072f400000, 0x000000072f400000|100%| E|CS|TAMS 0x000000072f200000, 0x000000072f200000| Complete 
| 349|0x000000072f400000, 0x000000072f600000, 0x000000072f600000|100%| E|CS|TAMS 0x000000072f400000, 0x000000072f400000| Complete 
| 350|0x000000072f600000, 0x000000072f800000, 0x000000072f800000|100%| E|CS|TAMS 0x000000072f600000, 0x000000072f600000| Complete 
| 351|0x000000072f800000, 0x000000072fa00000, 0x000000072fa00000|100%| E|CS|TAMS 0x000000072f800000, 0x000000072f800000| Complete 
| 352|0x000000072fa00000, 0x000000072fc00000, 0x000000072fc00000|100%| E|CS|TAMS 0x000000072fa00000, 0x000000072fa00000| Complete 
| 353|0x000000072fc00000, 0x000000072fe00000, 0x000000072fe00000|100%| E|CS|TAMS 0x000000072fc00000, 0x000000072fc00000| Complete 
| 354|0x000000072fe00000, 0x0000000730000000, 0x0000000730000000|100%| E|CS|TAMS 0x000000072fe00000, 0x000000072fe00000| Complete 
| 355|0x0000000730000000, 0x0000000730200000, 0x0000000730200000|100%| E|CS|TAMS 0x0000000730000000, 0x0000000730000000| Complete 
| 356|0x0000000730200000, 0x0000000730400000, 0x0000000730400000|100%| E|CS|TAMS 0x0000000730200000, 0x0000000730200000| Complete 
| 357|0x0000000730400000, 0x0000000730600000, 0x0000000730600000|100%| E|CS|TAMS 0x0000000730400000, 0x0000000730400000| Complete 
| 358|0x0000000730600000, 0x0000000730800000, 0x0000000730800000|100%| E|CS|TAMS 0x0000000730600000, 0x0000000730600000| Complete 
| 359|0x0000000730800000, 0x0000000730a00000, 0x0000000730a00000|100%| E|CS|TAMS 0x0000000730800000, 0x0000000730800000| Complete 
| 360|0x0000000730a00000, 0x0000000730c00000, 0x0000000730c00000|100%| E|CS|TAMS 0x0000000730a00000, 0x0000000730a00000| Complete 
| 361|0x0000000730c00000, 0x0000000730e00000, 0x0000000730e00000|100%| E|CS|TAMS 0x0000000730c00000, 0x0000000730c00000| Complete 
| 362|0x0000000730e00000, 0x0000000731000000, 0x0000000731000000|100%| E|CS|TAMS 0x0000000730e00000, 0x0000000730e00000| Complete 

Card table byte_map: [0x00000269d7190000,0x00000269d7980000] _byte_map_base: 0x00000269d3973000

Marking Bits (Prev, Next): (CMBitMap*) 0x00000269bff3d2b0, (CMBitMap*) 0x00000269bff3d2f0
 Prev Bits: [0x00000269d8170000, 0x00000269dc088000)
 Next Bits: [0x00000269dc090000, 0x00000269dffa8000)

Polling page: 0x00000269bdeb0000

Metaspace:

Usage:
  Non-class:     11.50 MB used.
      Class:    882.67 KB used.
       Both:     12.36 MB used.

Virtual space:
  Non-class space:       16.00 MB reserved,      11.56 MB ( 72%) committed,  2 nodes.
      Class space:        1.00 GB reserved,     960.00 KB ( <1%) committed,  1 nodes.
              Both:        1.02 GB reserved,      12.50 MB (  1%) committed. 

Chunk freelists:
   Non-Class:  3.64 MB
       Class:  2.94 MB
        Both:  6.58 MB

MaxMetaspaceSize: 17179869184.00 GB
CompressedClassSpaceSize: 1.00 GB
 - commit_granule_bytes: 65536.
 - commit_granule_words: 8192.
 - virtual_space_node_default_size: 1048576.
 - enlarge_chunks_in_place: 1.
 - new_chunks_are_fully_committed: 0.
 - uncommit_free_chunks: 1.
 - use_allocation_guard: 0.
 - handle_deallocations: 1.


Internal statistics:

num_allocs_failed_limit: 0.
num_arena_births: 86.
num_arena_deaths: 0.
num_vsnodes_births: 3.
num_vsnodes_deaths: 0.
num_space_committed: 196.
num_space_uncommitted: 0.
num_chunks_returned_to_freelist: 0.
num_chunks_taken_from_freelist: 347.
num_chunk_merges: 0.
num_chunk_splits: 280.
num_chunks_enlarged: 229.
num_purges: 0.

CodeHeap 'non-profiled nmethods': size=120000Kb used=740Kb max_used=740Kb free=119259Kb
 bounds [0x00000269cf140000, 0x00000269cf3b0000, 0x00000269d6670000]
CodeHeap 'profiled nmethods': size=120000Kb used=3451Kb max_used=3451Kb free=116548Kb
 bounds [0x00000269c7c10000, 0x00000269c7f70000, 0x00000269cf140000]
CodeHeap 'non-nmethods': size=5760Kb used=1541Kb max_used=1565Kb free=4218Kb
 bounds [0x00000269c7670000, 0x00000269c78e0000, 0x00000269c7c10000]
 total_blobs=2653 nmethods=1724 adapters=842
 compilation: enabled
              stopped_count=0, restarted_count=0
 full_count=0

Compilation events (20 events):
Event: 27.116 Thread 0x00000269e3408f50 1710       3       processing.opengl.PGraphicsOpenGL::beginShape (37 bytes)
Event: 27.117 Thread 0x00000269e3408f50 nmethod 1710 0x00000269c7f68d90 code [0x00000269c7f68f40, 0x00000269c7f69198]
Event: 27.156 Thread 0x00000269e3408f50 1711       3       jogamp.opengl.gl4.GL4bcImpl::glUniformMatrix3fv (91 bytes)
Event: 27.157 Thread 0x00000269e3408f50 nmethod 1711 0x00000269c7f69290 code [0x00000269c7f69560, 0x00000269c7f6a358]
Event: 27.157 Thread 0x00000269e3408f50 1713       3       processing.opengl.PJOGL::uniform1i (12 bytes)
Event: 27.157 Thread 0x00000269e3408f50 nmethod 1713 0x00000269c7f6a890 code [0x00000269c7f6aa40, 0x00000269c7f6ac28]
Event: 27.157 Thread 0x00000269e3408f50 1714       3       jogamp.opengl.gl4.GL4bcImpl::glUniform1i (45 bytes)
Event: 27.158 Thread 0x00000269e3408f50 nmethod 1714 0x00000269c7f6ad10 code [0x00000269c7f6afa0, 0x00000269c7f6bb98]
Event: 27.158 Thread 0x00000269e3408f50 1716       3       processing.opengl.PJOGL::uniform4fv (13 bytes)
Event: 27.158 Thread 0x00000269e3408f50 nmethod 1716 0x00000269c7f6bf90 code [0x00000269c7f6c140, 0x00000269c7f6c328]
Event: 27.158 Thread 0x00000269e3408f50 1717       3       jogamp.opengl.gl4.GL4bcImpl::glUniform4fv (85 bytes)
Event: 27.158 Thread 0x00000269e3408f50 nmethod 1717 0x00000269c7f6c410 code [0x00000269c7f6c6e0, 0x00000269c7f6d4d8]
Event: 27.158 Thread 0x00000269e3408f50 1719       3       jogamp.opengl.gl4.GL4bcImpl::glUniform2fv (85 bytes)
Event: 27.159 Thread 0x00000269e3408f50 nmethod 1719 0x00000269c7f6d990 code [0x00000269c7f6dc60, 0x00000269c7f6ea58]
Event: 28.353 Thread 0x00000269e3400130 1721       4       processing.opengl.PGL::updateFloatBuffer (95 bytes)
Event: 28.355 Thread 0x00000269e3400130 nmethod 1721 0x00000269cf1f7f90 code [0x00000269cf1f8120, 0x00000269cf1f83f8]
Event: 28.653 Thread 0x00000269e3408f50 1722       1       com.jogamp.newt.event.InputEvent::getModifiers (5 bytes)
Event: 28.653 Thread 0x00000269e3408f50 nmethod 1722 0x00000269cf1f8890 code [0x00000269cf1f8a20, 0x00000269cf1f8af8]
Event: 29.574 Thread 0x00000269e3400130 1724       4       java.lang.CharacterData::of (124 bytes)
Event: 29.574 Thread 0x00000269e3400130 nmethod 1724 0x00000269cf1f8f90 code [0x00000269cf1f9120, 0x00000269cf1f9198]

GC Heap History (20 events):
Event: 1.608 GC heap before
{Heap before GC invocations=1 (full 0):
 garbage-first heap   total 260096K, used 32682K [0x0000000703a00000, 0x0000000800000000)
  region size 2048K, 16 young (32768K), 2 survivors (4096K)
 Metaspace       used 11860K, committed 12032K, reserved 1064960K
  class space    used 868K, committed 960K, reserved 1048576K
}
Event: 1.611 GC heap after
{Heap after GC invocations=2 (full 0):
 garbage-first heap   total 260096K, used 11040K [0x0000000703a00000, 0x0000000800000000)
  region size 2048K, 2 young (4096K), 2 survivors (4096K)
 Metaspace       used 11860K, committed 12032K, reserved 1064960K
  class space    used 868K, committed 960K, reserved 1048576K
}
Event: 1.703 GC heap before
{Heap before GC invocations=2 (full 0):
 garbage-first heap   total 260096K, used 131872K [0x0000000703a00000, 0x0000000800000000)
  region size 2048K, 12 young (24576K), 2 survivors (4096K)
 Metaspace       used 11876K, committed 12032K, reserved 1064960K
  class space    used 869K, committed 960K, reserved 1048576K
}
Event: 1.704 GC heap after
{Heap after GC invocations=3 (full 0):
 garbage-first heap   total 260096K, used 67494K [0x0000000703a00000, 0x0000000800000000)
  region size 2048K, 1 young (2048K), 1 survivors (2048K)
 Metaspace       used 11876K, committed 12032K, reserved 1064960K
  class space    used 869K, committed 960K, reserved 1048576K
}
Event: 1.714 GC heap before
{Heap before GC invocations=3 (full 0):
 garbage-first heap   total 260096K, used 116646K [0x0000000703a00000, 0x0000000800000000)
  region size 2048K, 1 young (2048K), 1 survivors (2048K)
 Metaspace       used 11876K, committed 12032K, reserved 1064960K
  class space    used 869K, committed 960K, reserved 1048576K
}
Event: 1.715 GC heap after
{Heap after GC invocations=4 (full 0):
 garbage-first heap   total 260096K, used 85896K [0x0000000703a00000, 0x0000000800000000)
  region size 2048K, 1 young (2048K), 1 survivors (2048K)
 Metaspace       used 11876K, committed 12032K, reserved 1064960K
  class space    used 869K, committed 960K, reserved 1048576K
}
Event: 1.763 GC heap before
{Heap before GC invocations=4 (full 0):
 garbage-first heap   total 260096K, used 120712K [0x0000000703a00000, 0x0000000800000000)
  region size 2048K, 5 young (10240K), 1 survivors (2048K)
 Metaspace       used 11893K, committed 12096K, reserved 1064960K
  class space    used 869K, committed 960K, reserved 1048576K
}
Event: 1.764 GC heap after
{Heap after GC invocations=5 (full 0):
 garbage-first heap   total 260096K, used 108643K [0x0000000703a00000, 0x0000000800000000)
  region size 2048K, 2 young (4096K), 2 survivors (4096K)
 Metaspace       used 11893K, committed 12096K, reserved 1064960K
  class space    used 869K, committed 960K, reserved 1048576K
}
Event: 1.779 GC heap before
{Heap before GC invocations=5 (full 0):
 garbage-first heap   total 260096K, used 120931K [0x0000000703a00000, 0x0000000800000000)
  region size 2048K, 5 young (10240K), 2 survivors (4096K)
 Metaspace       used 11895K, committed 12096K, reserved 1064960K
  class space    used 869K, committed 960K, reserved 1048576K
}
Event: 1.780 GC heap after
{Heap after GC invocations=6 (full 0):
 garbage-first heap   total 260096K, used 114571K [0x0000000703a00000, 0x0000000800000000)
  region size 2048K, 2 young (4096K), 2 survivors (4096K)
 Metaspace       used 11895K, committed 12096K, reserved 1064960K
  class space    used 869K, committed 960K, reserved 1048576K
}
Event: 1.782 GC heap before
{Heap before GC invocations=6 (full 0):
 garbage-first heap   total 260096K, used 118667K [0x0000000703a00000, 0x0000000800000000)
  region size 2048K, 3 young (6144K), 2 survivors (4096K)
 Metaspace       used 11897K, committed 12096K, reserved 1064960K
  class space    used 869K, committed 960K, reserved 1048576K
}
Event: 1.784 GC heap after
{Heap after GC invocations=7 (full 0):
 garbage-first heap   total 358400K, used 116670K [0x0000000703a00000, 0x0000000800000000)
  region size 2048K, 2 young (4096K), 2 survivors (4096K)
 Metaspace       used 11897K, committed 12096K, reserved 1064960K
  class space    used 869K, committed 960K, reserved 1048576K
}
Event: 1.816 GC heap before
{Heap before GC invocations=7 (full 0):
 garbage-first heap   total 358400K, used 161726K [0x0000000703a00000, 0x0000000800000000)
  region size 2048K, 3 young (6144K), 2 survivors (4096K)
 Metaspace       used 11898K, committed 12096K, reserved 1064960K
  class space    used 869K, committed 960K, reserved 1048576K
}
Event: 1.817 GC heap after
{Heap after GC invocations=8 (full 0):
 garbage-first heap   total 358400K, used 139179K [0x0000000703a00000, 0x0000000800000000)
  region size 2048K, 1 young (2048K), 1 survivors (2048K)
 Metaspace       used 11898K, committed 12096K, reserved 1064960K
  class space    used 869K, committed 960K, reserved 1048576K
}
Event: 1.825 GC heap before
{Heap before GC invocations=8 (full 0):
 garbage-first heap   total 358400K, used 151467K [0x0000000703a00000, 0x0000000800000000)
  region size 2048K, 2 young (4096K), 1 survivors (2048K)
 Metaspace       used 11899K, committed 12096K, reserved 1064960K
  class space    used 869K, committed 960K, reserved 1048576K
}
Event: 1.826 GC heap after
{Heap after GC invocations=9 (full 0):
 garbage-first heap   total 358400K, used 145350K [0x0000000703a00000, 0x0000000800000000)
  region size 2048K, 1 young (2048K), 1 survivors (2048K)
 Metaspace       used 11899K, committed 12096K, reserved 1064960K
  class space    used 869K, committed 960K, reserved 1048576K
}
Event: 1.840 GC heap before
{Heap before GC invocations=9 (full 0):
 garbage-first heap   total 358400K, used 163782K [0x0000000703a00000, 0x0000000800000000)
  region size 2048K, 2 young (4096K), 1 survivors (2048K)
 Metaspace       used 11899K, committed 12096K, reserved 1064960K
  class space    used 869K, committed 960K, reserved 1048576K
}
Event: 1.841 GC heap after
{Heap after GC invocations=10 (full 0):
 garbage-first heap   total 358400K, used 153489K [0x0000000703a00000, 0x0000000800000000)
  region size 2048K, 1 young (2048K), 1 survivors (2048K)
 Metaspace       used 11899K, committed 12096K, reserved 1064960K
  class space    used 869K, committed 960K, reserved 1048576K
}
Event: 1.844 GC heap before
{Heap before GC invocations=10 (full 0):
 garbage-first heap   total 358400K, used 159633K [0x0000000703a00000, 0x0000000800000000)
  region size 2048K, 2 young (4096K), 1 survivors (2048K)
 Metaspace       used 11899K, committed 12096K, reserved 1064960K
  class space    used 869K, committed 960K, reserved 1048576K
}
Event: 1.847 GC heap after
{Heap after GC invocations=11 (full 0):
 garbage-first heap   total 743424K, used 155565K [0x0000000703a00000, 0x0000000800000000)
  region size 2048K, 1 young (2048K), 1 survivors (2048K)
 Metaspace       used 11899K, committed 12096K, reserved 1064960K
  class space    used 869K, committed 960K, reserved 1048576K
}

Deoptimization events (20 events):
Event: 2.123 Thread 0x00000269e4fae500 DEOPT PACKING pc=0x00000269c7e0e28b sp=0x00000086903fe550
Event: 2.123 Thread 0x00000269e4fae500 DEOPT UNPACKING pc=0x00000269c76be77e sp=0x00000086903fd9d8 mode 0
Event: 2.124 Thread 0x00000269e4fae500 Uncommon trap: trap_request=0xffffff45 fr.pc=0x00000269cf1ad5c4 relative=0x0000000000000224
Event: 2.124 Thread 0x00000269e4fae500 Uncommon trap: reason=unstable_if action=reinterpret pc=0x00000269cf1ad5c4 method=processing.opengl.PGraphicsOpenGL$Tessellator.tessellateTriangles()V @ 68 c2
Event: 2.124 Thread 0x00000269e4fae500 DEOPT PACKING pc=0x00000269cf1ad5c4 sp=0x00000086903fe550
Event: 2.124 Thread 0x00000269e4fae500 DEOPT UNPACKING pc=0x00000269c76bf92e sp=0x00000086903fe4f0 mode 2
Event: 2.137 Thread 0x00000269e4fae500 Uncommon trap: trap_request=0xffffff45 fr.pc=0x00000269cf1b3d08 relative=0x0000000000000cc8
Event: 2.137 Thread 0x00000269e4fae500 Uncommon trap: reason=unstable_if action=reinterpret pc=0x00000269cf1b3d08 method=processing.opengl.PGraphicsOpenGL$Tessellator.splitRawIndices(Z)V @ 402 c2
Event: 2.137 Thread 0x00000269e4fae500 DEOPT PACKING pc=0x00000269cf1b3d08 sp=0x00000086903fe490
Event: 2.137 Thread 0x00000269e4fae500 DEOPT UNPACKING pc=0x00000269c76bf92e sp=0x00000086903fe3b8 mode 2
Event: 2.189 Thread 0x00000269e4fae500 DEOPT PACKING pc=0x00000269c7e09e42 sp=0x00000086903fe690
Event: 2.189 Thread 0x00000269e4fae500 DEOPT UNPACKING pc=0x00000269c76be77e sp=0x00000086903fdc18 mode 0
Event: 2.192 Thread 0x00000269e4fae500 Uncommon trap: trap_request=0xffffff45 fr.pc=0x00000269cf1c4e98 relative=0x00000000000003b8
Event: 2.192 Thread 0x00000269e4fae500 Uncommon trap: reason=unstable_if action=reinterpret pc=0x00000269cf1c4e98 method=energywaves.Mesh.draw(Lprocessing/core/PApplet;)V @ 813 c2
Event: 2.192 Thread 0x00000269e4fae500 DEOPT PACKING pc=0x00000269cf1c4e98 sp=0x00000086903fe770
Event: 2.192 Thread 0x00000269e4fae500 DEOPT UNPACKING pc=0x00000269c76bf92e sp=0x00000086903fe728 mode 2
Event: 2.199 Thread 0x00000269e4fae500 DEOPT PACKING pc=0x00000269c7e09b53 sp=0x00000086903fe690
Event: 2.199 Thread 0x00000269e4fae500 DEOPT UNPACKING pc=0x00000269c76be77e sp=0x00000086903fdc18 mode 0
Event: 2.237 Thread 0x00000269e4fae500 DEOPT PACKING pc=0x00000269c7e55970 sp=0x00000086903fe410
Event: 2.237 Thread 0x00000269e4fae500 DEOPT UNPACKING pc=0x00000269c76be77e sp=0x00000086903fd8e8 mode 0

Classes unloaded (0 events):
No events

Classes redefined (0 events):
No events

Internal exceptions (20 events):
Event: 1.591 Thread 0x00000269e4fae500 Exception <a 'java/lang/ArrayIndexOutOfBoundsException'{0x0000000712249938}> (0x0000000712249938) 
thrown [t:\workspace\open\src\hotspot\share\runtime\sharedRuntime.cpp, line 624]
Event: 1.591 Thread 0x00000269e4fae500 Exception <a 'java/lang/ArrayIndexOutOfBoundsException'{0x0000000712249c80}> (0x0000000712249c80) 
thrown [t:\workspace\open\src\hotspot\share\runtime\sharedRuntime.cpp, line 624]
Event: 1.591 Thread 0x00000269e4fae500 Exception <a 'java/lang/ArrayIndexOutOfBoundsException'{0x0000000712249fc8}> (0x0000000712249fc8) 
thrown [t:\workspace\open\src\hotspot\share\runtime\sharedRuntime.cpp, line 624]
Event: 1.591 Thread 0x00000269e4fae500 Exception <a 'java/lang/ArrayIndexOutOfBoundsException'{0x000000071224a310}> (0x000000071224a310) 
thrown [t:\workspace\open\src\hotspot\share\runtime\sharedRuntime.cpp, line 624]
Event: 1.591 Thread 0x00000269e4fae500 Exception <a 'java/lang/ArrayIndexOutOfBoundsException'{0x000000071224a658}> (0x000000071224a658) 
thrown [t:\workspace\open\src\hotspot\share\runtime\sharedRuntime.cpp, line 624]
Event: 1.591 Thread 0x00000269e4fae500 Exception <a 'java/lang/ArrayIndexOutOfBoundsException'{0x000000071224a9a0}> (0x000000071224a9a0) 
thrown [t:\workspace\open\src\hotspot\share\runtime\sharedRuntime.cpp, line 624]
Event: 1.591 Thread 0x00000269e4fae500 Exception <a 'java/lang/ArrayIndexOutOfBoundsException'{0x000000071224ace8}> (0x000000071224ace8) 
thrown [t:\workspace\open\src\hotspot\share\runtime\sharedRuntime.cpp, line 624]
Event: 1.591 Thread 0x00000269e4fae500 Exception <a 'java/lang/ArrayIndexOutOfBoundsException'{0x000000071224b030}> (0x000000071224b030) 
thrown [t:\workspace\open\src\hotspot\share\runtime\sharedRuntime.cpp, line 624]
Event: 1.591 Thread 0x00000269e4fae500 Exception <a 'java/lang/ArrayIndexOutOfBoundsException'{0x000000071224b378}> (0x000000071224b378) 
thrown [t:\workspace\open\src\hotspot\share\runtime\sharedRuntime.cpp, line 624]
Event: 1.591 Thread 0x00000269e4fae500 Exception <a 'java/lang/ArrayIndexOutOfBoundsException'{0x000000071224b6c0}> (0x000000071224b6c0) 
thrown [t:\workspace\open\src\hotspot\share\runtime\sharedRuntime.cpp, line 624]
Event: 1.591 Thread 0x00000269e4fae500 Exception <a 'java/lang/ArrayIndexOutOfBoundsException'{0x000000071224ba08}> (0x000000071224ba08) 
thrown [t:\workspace\open\src\hotspot\share\runtime\sharedRuntime.cpp, line 624]
Event: 1.591 Thread 0x00000269e4fae500 Exception <a 'java/lang/ArrayIndexOutOfBoundsException'{0x000000071224bd50}> (0x000000071224bd50) 
thrown [t:\workspace\open\src\hotspot\share\runtime\sharedRuntime.cpp, line 624]
Event: 1.591 Thread 0x00000269e4fae500 Exception <a 'java/lang/ArrayIndexOutOfBoundsException'{0x000000071224c098}> (0x000000071224c098) 
thrown [t:\workspace\open\src\hotspot\share\runtime\sharedRuntime.cpp, line 624]
Event: 1.591 Thread 0x00000269e4fae500 Exception <a 'java/lang/ArrayIndexOutOfBoundsException'{0x000000071224c3e0}> (0x000000071224c3e0) 
thrown [t:\workspace\open\src\hotspot\share\runtime\sharedRuntime.cpp, line 624]
Event: 1.591 Thread 0x00000269e4fae500 Exception <a 'java/lang/ArrayIndexOutOfBoundsException'{0x000000071224c728}> (0x000000071224c728) 
thrown [t:\workspace\open\src\hotspot\share\runtime\sharedRuntime.cpp, line 624]
Event: 1.591 Thread 0x00000269e4fae500 Exception <a 'java/lang/ArrayIndexOutOfBoundsException'{0x000000071224ca70}> (0x000000071224ca70) 
thrown [t:\workspace\open\src\hotspot\share\runtime\sharedRuntime.cpp, line 624]
Event: 1.591 Thread 0x00000269e4fae500 Exception <a 'java/lang/ArrayIndexOutOfBoundsException'{0x000000071224cdb8}> (0x000000071224cdb8) 
thrown [t:\workspace\open\src\hotspot\share\runtime\sharedRuntime.cpp, line 624]
Event: 1.591 Thread 0x00000269e4fae500 Exception <a 'java/lang/ArrayIndexOutOfBoundsException'{0x000000071224d100}> (0x000000071224d100) 
thrown [t:\workspace\open\src\hotspot\share\runtime\sharedRuntime.cpp, line 624]
Event: 1.591 Thread 0x00000269e4fae500 Exception <a 'java/lang/ArrayIndexOutOfBoundsException'{0x000000071224d448}> (0x000000071224d448) 
thrown [t:\workspace\open\src\hotspot\share\runtime\sharedRuntime.cpp, line 624]
Event: 29.539 Thread 0x00000269e4faff90 Exception <a 'java/lang/InterruptedException'{0x000000072ef00800}> (0x000000072ef00800) 
thrown [t:\workspace\open\src\hotspot\share\runtime\objectMonitor.cpp, line 1705]

Events (20 events):
Event: 23.097 Executing  VM operation: Cleanup
Event: 23.098 Executing  VM operation: Cleanup done
Event: 26.098 Executing  VM operation: Cleanup
Event: 26.098 Executing  VM operation: Cleanup done
Event: 28.098 Executing  VM operation: Cleanup
Event: 28.099 Executing  VM operation: Cleanup done
Event: 29.539 Thread 0x00000269e4fb0a30 Thread added: 0x00000269e4fb0a30
Event: 29.539 Thread 0x00000269e4faff90 Thread exited: 0x00000269e4faff90
Event: 29.539 Thread 0x00000269e4faefa0 Thread added: 0x00000269e4faefa0
Event: 29.539 Thread 0x00000269e4fb0f80 Thread added: 0x00000269e4fb0f80
Event: 29.539 loading class java/nio/channels/ClosedChannelException
Event: 29.539 loading class java/nio/channels/ClosedChannelException done
Event: 29.539 Thread 0x00000269e4faf4f0 Thread added: 0x00000269e4faf4f0
Event: 29.539 Thread 0x00000269e4fb0a30 Thread exited: 0x00000269e4fb0a30
Event: 29.540 Thread 0x00000269e3c85020 Thread exited: 0x00000269e3c85020
Event: 29.541 Thread 0x00000269e374a320 Thread exited: 0x00000269e374a320
Event: 29.573 Thread 0x00000269e3c0fa00 Thread exited: 0x00000269e3c0fa00
Event: 29.577 Thread 0x00000269e4faefa0 Thread exited: 0x00000269e4faefa0
Event: 29.641 Thread 0x00000269e4fb0f80 Thread exited: 0x00000269e4fb0f80
Event: 29.641 Executing  VM operation: Exit


Dynamic libraries:
0x00007ff698550000 - 0x00007ff698560000 	C:\Program Files\Java\jdk-16.0.2\bin\javaw.exe
0x00007ff8cfd70000 - 0x00007ff8cff65000 	C:\windows\SYSTEM32\ntdll.dll
0x00007ff8cddb0000 - 0x00007ff8cde6e000 	C:\windows\System32\KERNEL32.DLL
0x00007ff8cd790000 - 0x00007ff8cda58000 	C:\windows\System32\KERNELBASE.dll
0x00007ff8cd480000 - 0x00007ff8cd580000 	C:\windows\System32\ucrtbase.dll
0x00007ff8c7350000 - 0x00007ff8c7369000 	C:\Program Files\Java\jdk-16.0.2\bin\VCRUNTIME140.dll
0x00007ff8c7330000 - 0x00007ff8c7348000 	C:\Program Files\Java\jdk-16.0.2\bin\jli.dll
0x00007ff8ce9e0000 - 0x00007ff8cea8e000 	C:\windows\System32\ADVAPI32.dll
0x00007ff8cdf50000 - 0x00007ff8cdfee000 	C:\windows\System32\msvcrt.dll
0x00007ff8cf700000 - 0x00007ff8cf79c000 	C:\windows\System32\sechost.dll
0x00007ff8ce070000 - 0x00007ff8ce195000 	C:\windows\System32\RPCRT4.dll
0x00007ff8ce1a0000 - 0x00007ff8ce341000 	C:\windows\System32\USER32.dll
0x00007ff8cdd80000 - 0x00007ff8cdda2000 	C:\windows\System32\win32u.dll
0x00007ff8cf7a0000 - 0x00007ff8cf7cb000 	C:\windows\System32\GDI32.dll
0x00007ff8b6070000 - 0x00007ff8b630a000 	C:\windows\WinSxS\amd64_microsoft.windows.common-controls_6595b64144ccf1df_6.0.19041.1110_none_60b5254171f9507e\COMCTL32.dll
0x00007ff8cdb10000 - 0x00007ff8cdc1d000 	C:\windows\System32\gdi32full.dll
0x00007ff8cd580000 - 0x00007ff8cd61d000 	C:\windows\System32\msvcp_win.dll
0x00007ff8c4310000 - 0x00007ff8c431a000 	C:\windows\SYSTEM32\VERSION.dll
0x00007ff8cfd00000 - 0x00007ff8cfd30000 	C:\windows\System32\IMM32.DLL
0x00007ff8c8a90000 - 0x00007ff8c8a9c000 	C:\Program Files\Java\jdk-16.0.2\bin\vcruntime140_1.dll
0x00007ff8a1ad0000 - 0x00007ff8a1b61000 	C:\Program Files\Java\jdk-16.0.2\bin\msvcp140.dll
0x00007ff855260000 - 0x00007ff855e0b000 	C:\Program Files\Java\jdk-16.0.2\bin\server\jvm.dll
0x00007ff8ce060000 - 0x00007ff8ce068000 	C:\windows\System32\PSAPI.DLL
0x00007ff8c7320000 - 0x00007ff8c7329000 	C:\windows\SYSTEM32\WSOCK32.dll
0x00007ff8af880000 - 0x00007ff8af8a7000 	C:\windows\SYSTEM32\WINMM.dll
0x00007ff8cea90000 - 0x00007ff8ceafb000 	C:\windows\System32\WS2_32.dll
0x00007ff8cbcf0000 - 0x00007ff8cbd02000 	C:\windows\SYSTEM32\kernel.appcore.dll
0x00007ff8c7310000 - 0x00007ff8c731a000 	C:\Program Files\Java\jdk-16.0.2\bin\jimage.dll
0x00007ff8cb0e0000 - 0x00007ff8cb2c4000 	C:\windows\SYSTEM32\DBGHELP.DLL
0x00007ff8af6b0000 - 0x00007ff8af6dc000 	C:\windows\SYSTEM32\dbgcore.DLL
0x00007ff8cd6d0000 - 0x00007ff8cd752000 	C:\windows\System32\bcryptPrimitives.dll
0x00007ff8c6ed0000 - 0x00007ff8c6ef5000 	C:\Program Files\Java\jdk-16.0.2\bin\java.dll
0x00007ff8cef00000 - 0x00007ff8cf644000 	C:\windows\System32\SHELL32.dll
0x00007ff8cb550000 - 0x00007ff8cbce5000 	C:\windows\SYSTEM32\windows.storage.dll
0x00007ff8ce470000 - 0x00007ff8ce7c5000 	C:\windows\System32\combase.dll
0x00007ff8cce60000 - 0x00007ff8cce8e000 	C:\windows\SYSTEM32\Wldp.dll
0x00007ff8cf650000 - 0x00007ff8cf6fd000 	C:\windows\System32\SHCORE.dll
0x00007ff8ce7d0000 - 0x00007ff8ce825000 	C:\windows\System32\shlwapi.dll
0x00007ff8cd3c0000 - 0x00007ff8cd3df000 	C:\windows\SYSTEM32\profapi.dll
0x00007ff8c6eb0000 - 0x00007ff8c6ec9000 	C:\Program Files\Java\jdk-16.0.2\bin\net.dll
0x00007ff8c84e0000 - 0x00007ff8c85ec000 	C:\windows\SYSTEM32\WINHTTP.dll
0x00007ff8ccbc0000 - 0x00007ff8ccc2a000 	C:\windows\system32\mswsock.dll
0x00007ff8b6f60000 - 0x00007ff8b6f73000 	C:\Program Files\Java\jdk-16.0.2\bin\nio.dll
0x00007ff8aaf10000 - 0x00007ff8aaf28000 	C:\Program Files\Java\jdk-16.0.2\bin\zip.dll
0x00007ff8c7300000 - 0x00007ff8c7310000 	C:\Program Files\Java\jdk-16.0.2\bin\verify.dll
0x00007ff859940000 - 0x00007ff859ac0000 	C:\Program Files\Java\jdk-16.0.2\bin\awt.dll
0x00007ff8cee30000 - 0x00007ff8ceefd000 	C:\windows\System32\OLEAUT32.dll
0x00007ff8ca8d0000 - 0x00007ff8ca960000 	C:\windows\SYSTEM32\apphelp.dll
0x00007ff8caa60000 - 0x00007ff8caafe000 	C:\windows\system32\uxtheme.dll
0x00007ff8ce350000 - 0x00007ff8ce465000 	C:\windows\System32\MSCTF.dll
0x00007ff8ce8b0000 - 0x00007ff8ce9da000 	C:\windows\System32\ole32.dll
0x00007ff8cabc0000 - 0x00007ff8cabef000 	C:\windows\system32\DWMAPI.DLL
0x00007ff8b5e40000 - 0x00007ff8b5f65000 	C:\windows\system32\opengl32.dll
0x00007ff8bdbe0000 - 0x00007ff8bdc0c000 	C:\windows\SYSTEM32\GLU32.dll
0x00007ff8ccdb0000 - 0x00007ff8ccdc8000 	C:\windows\SYSTEM32\CRYPTSP.dll
0x00007ff8cc4e0000 - 0x00007ff8cc514000 	C:\windows\system32\rsaenh.dll
0x00007ff8cd760000 - 0x00007ff8cd787000 	C:\windows\System32\bcrypt.dll
0x00007ff8cd380000 - 0x00007ff8cd3ae000 	C:\windows\SYSTEM32\USERENV.dll
0x00007ff8ccdd0000 - 0x00007ff8ccddc000 	C:\windows\SYSTEM32\CRYPTBASE.dll
0x00007ff8cc8b0000 - 0x00007ff8cc8eb000 	C:\windows\SYSTEM32\IPHLPAPI.DLL
0x00007ff8cdff0000 - 0x00007ff8cdff8000 	C:\windows\System32\NSI.dll
0x00007ff8c5480000 - 0x00007ff8c5497000 	C:\windows\SYSTEM32\dhcpcsvc6.DLL
0x00007ff8c5530000 - 0x00007ff8c554d000 	C:\windows\SYSTEM32\dhcpcsvc.DLL
0x00007ff8cc940000 - 0x00007ff8cca0b000 	C:\windows\SYSTEM32\DNSAPI.dll
0x00000000637c0000 - 0x00000000637cd000 	C:\Users\sethr\AppData\Local\Temp\jogamp_0000\file_cache\jln16498509949475064849\jln6225428070798047876\natives\windows-amd64\gluegen-rt.dll
0x00007ff8c7140000 - 0x00007ff8c7147000 	C:\Program Files\Java\jdk-16.0.2\bin\jawt.dll
0x000000006a440000 - 0x000000006a44d000 	C:\Users\sethr\AppData\Local\Temp\jogamp_0000\file_cache\jln16498509949475064849\jln6225428070798047876\natives\windows-amd64\nativewindow_awt.dll
0x000000006c100000 - 0x000000006c10f000 	C:\Users\sethr\AppData\Local\Temp\jogamp_0000\file_cache\jln16498509949475064849\jln6225428070798047876\natives\windows-amd64\nativewindow_win32.dll
0x000000006cbc0000 - 0x000000006cbd3000 	C:\Users\sethr\AppData\Local\Temp\jogamp_0000\file_cache\jln16498509949475064849\jln6225428070798047876\natives\windows-amd64\newt.dll
0x00007ff8c7960000 - 0x00007ff8c7a0e000 	C:\windows\SYSTEM32\mscms.dll
0x00007ff8c7900000 - 0x00007ff8c7911000 	C:\windows\SYSTEM32\ColorAdapterClient.dll
0x00007ff8a3340000 - 0x00007ff8a3383000 	C:\windows\SYSTEM32\icm32.dll
0x00007ff8cf880000 - 0x00007ff8cfcf2000 	C:\windows\System32\setupapi.dll
0x00007ff8cd620000 - 0x00007ff8cd66e000 	C:\windows\System32\cfgmgr32.dll
0x00007ff8cd1b0000 - 0x00007ff8cd1e4000 	C:\windows\SYSTEM32\DEVOBJ.dll
0x00007ff8cd670000 - 0x00007ff8cd6d0000 	C:\windows\System32\WINTRUST.dll
0x00007ff8cdc20000 - 0x00007ff8cdd76000 	C:\windows\System32\CRYPT32.dll
0x00007ff8ccff0000 - 0x00007ff8cd002000 	C:\windows\SYSTEM32\MSASN1.dll
0x0000000064500000 - 0x00000000645b1000 	C:\Users\sethr\AppData\Local\Temp\jogamp_0000\file_cache\jln16498509949475064849\jln6225428070798047876\natives\windows-amd64\jogl_desktop.dll
0x0000000064340000 - 0x00000000643a2000 	C:\Users\sethr\AppData\Local\Temp\jogamp_0000\file_cache\jln16498509949475064849\jln6225428070798047876\natives\windows-amd64\jogl_mobile.dll
0x00007ff8cf7d0000 - 0x00007ff8cf879000 	C:\windows\System32\clbcatq.dll
0x00007ff854260000 - 0x00007ff855260000 	C:\windows\System32\DriverStore\FileRepository\iigd_dch.inf_amd64_14d6d9e2312c79ae\igxelpicd64.dll
0x00007ff8cbd70000 - 0x00007ff8cbe64000 	C:\windows\system32\dxgi.dll
0x00007ff858f00000 - 0x00007ff859364000 	C:\windows\System32\DriverStore\FileRepository\iigd_dch.inf_amd64_14d6d9e2312c79ae\igdml64.dll
0x00007ff8bff00000 - 0x00007ff8c02bd000 	C:\windows\System32\DriverStore\FileRepository\iigd_dch.inf_amd64_14d6d9e2312c79ae\igdgmm64.dll
0x00007ff8b91b0000 - 0x00007ff8bc3e8000 	C:\windows\System32\DriverStore\FileRepository\iigd_dch.inf_amd64_14d6d9e2312c79ae\igc64.dll
0x00007ff8cd240000 - 0x00007ff8cd28b000 	C:\windows\SYSTEM32\powrprof.dll
0x00007ff8cd220000 - 0x00007ff8cd232000 	C:\windows\SYSTEM32\UMPDC.dll
0x00007ff8b8c60000 - 0x00007ff8b8d59000 	C:\windows\SYSTEM32\textinputframework.dll
0x00007ff8c9ed0000 - 0x00007ff8ca22e000 	C:\windows\System32\CoreUIComponents.dll
0x00007ff8ca5b0000 - 0x00007ff8ca6a2000 	C:\windows\System32\CoreMessaging.dll
0x00007ff8c8ef0000 - 0x00007ff8c9044000 	C:\windows\SYSTEM32\wintypes.dll
0x00007ff8cc170000 - 0x00007ff8cc1a3000 	C:\windows\SYSTEM32\ntmarta.dll
0x00007ff8a31d0000 - 0x00007ff8a3236000 	C:\windows\system32\Oleacc.dll

dbghelp: loaded successfully - version: 4.0.5 - missing functions: none
symbol engine: initialized successfully - sym options: 0x614 - pdb path: .;C:\Program Files\Java\jdk-16.0.2\bin;C:\windows\SYSTEM32;C:\windows\WinSxS\amd64_microsoft.windows.common-controls_6595b64144ccf1df_6.0.19041.1110_none_60b5254171f9507e;C:\Program Files\Java\jdk-16.0.2\bin\server;C:\Users\sethr\AppData\Local\Temp\jogamp_0000\file_cache\jln16498509949475064849\jln6225428070798047876\natives\windows-amd64;C:\windows\System32\DriverStore\FileRepository\iigd_dch.inf_amd64_14d6d9e2312c79ae

VM Arguments:
jvm_args: -Dfile.encoding=Cp1252 -XX:+ShowCodeDetailsInExceptionMessages 
java_command: energywaves.Main
java_class_path (initial): C:\Users\sethr\eclipse-workspace\energywaves\target\classes;C:\Users\sethr\.m2\repository\org\processing\core\3.3.6\core-3.3.6.jar;C:\Users\sethr\.m2\repository\org\jogamp\gluegen\gluegen-rt-main\2.3.2\gluegen-rt-main-2.3.2.jar;C:\Users\sethr\.m2\repository\org\jogamp\gluegen\gluegen-rt\2.3.2\gluegen-rt-2.3.2.jar;C:\Users\sethr\.m2\repository\org\jogamp\gluegen\gluegen-rt\2.3.2\gluegen-rt-2.3.2-natives-android-aarch64.jar;C:\Users\sethr\.m2\repository\org\jogamp\gluegen\gluegen-rt\2.3.2\gluegen-rt-2.3.2-natives-android-armv6.jar;C:\Users\sethr\.m2\repository\org\jogamp\gluegen\gluegen-rt\2.3.2\gluegen-rt-2.3.2-natives-linux-amd64.jar;C:\Users\sethr\.m2\repository\org\jogamp\gluegen\gluegen-rt\2.3.2\gluegen-rt-2.3.2-natives-linux-armv6.jar;C:\Users\sethr\.m2\repository\org\jogamp\gluegen\gluegen-rt\2.3.2\gluegen-rt-2.3.2-natives-linux-armv6hf.jar;C:\Users\sethr\.m2\repository\org\jogamp\gluegen\gluegen-rt\2.3.2\gluegen-rt-2.3.2-natives-linux-i586.jar;C:\Users\sethr\.m2\repository\org\jogamp\gluegen\gluegen-rt\2.3.2\gluegen-rt-2.3.2-natives-macosx-universal.jar;C:\Users\sethr\.m2\repository\org\jogamp\gluegen\gluegen-rt\2.3.2\gluegen-rt-2.3.2-natives-solaris-amd64.jar;C:\Users\sethr\.m2\repository\org\jogamp\gluegen\gluegen-rt\2.3.2\gluegen-rt-2.3.2-natives-solaris-i586.jar;C:\Users\sethr\.m2\repository\org\jogamp\gluegen\gluegen-rt\2.3.2\gluegen-rt-2.3.2-natives-windows-amd64.jar;C:\Users\sethr\.m2\repository\org\jogamp\gluegen\gluegen-rt\2.3.2\gluegen-rt-2.3.2-natives-windows-i586.jar;C:\Users\sethr\.m2\repository\org\jogamp\jogl\jogl-all-main\2.3.2\jogl-all-main-2.3.2.jar;C:\Users\sethr\.m2\repository\org\jogamp\jogl\jogl-all\2.3.2\jogl-all-2.3.2.jar;C:\Users\sethr\.m2\repository\org\jogamp\jogl\jogl-all\2.3.2\jogl-all-2.3.2-natives-android-aarch64.jar;C:\Users\sethr\.m2\repository\org\jogamp\jogl\jogl-all\2.3.2\jogl-all-2.3.2-natives-android-armv6.jar;C:\Users\sethr\.m2\repository\org\jogamp\jogl\jogl-all\2.3.2\jogl-all-2.3.2-natives-l
Launcher Type: SUN_STANDARD

[Global flags]
     intx CICompilerCount                          = 4                                         {product} {ergonomic}
     uint ConcGCThreads                            = 2                                         {product} {ergonomic}
     uint G1ConcRefinementThreads                  = 8                                         {product} {ergonomic}
   size_t G1HeapRegionSize                         = 2097152                                   {product} {ergonomic}
    uintx GCDrainStackTargetSize                   = 64                                        {product} {ergonomic}
   size_t InitialHeapSize                          = 266338304                                 {product} {ergonomic}
   size_t MarkStackSize                            = 4194304                                   {product} {ergonomic}
   size_t MaxHeapSize                              = 4234149888                                {product} {ergonomic}
   size_t MaxNewSize                               = 2539651072                                {product} {ergonomic}
   size_t MinHeapDeltaBytes                        = 2097152                                   {product} {ergonomic}
   size_t MinHeapSize                              = 8388608                                   {product} {ergonomic}
    uintx NonNMethodCodeHeapSize                   = 5839372                                {pd product} {ergonomic}
    uintx NonProfiledCodeHeapSize                  = 122909434                              {pd product} {ergonomic}
    uintx ProfiledCodeHeapSize                     = 122909434                              {pd product} {ergonomic}
    uintx ReservedCodeCacheSize                    = 251658240                              {pd product} {ergonomic}
     bool SegmentedCodeCache                       = true                                      {product} {ergonomic}
     bool ShowCodeDetailsInExceptionMessages       = true                                   {manageable} {command line}
   size_t SoftMaxHeapSize                          = 4234149888                             {manageable} {ergonomic}
     bool UseCompressedClassPointers               = true                           {product lp64_product} {ergonomic}
     bool UseCompressedOops                        = true                           {product lp64_product} {ergonomic}
     bool UseG1GC                                  = true                                      {product} {ergonomic}
     bool UseLargePagesIndividualAllocation        = false                                  {pd product} {ergonomic}

Logging:
Log output configuration:
 #0: stdout all=off uptime,level,tags
 #1: stderr all=off uptime,level,tags

Environment Variables:
PATH=C:\Program Files\Oculus\Support\oculus-runtime;C:\Program Files\Common Files\Oracle\Java\javapath;C:\windows\system32;C:\windows;C:\windows\System32\Wbem;C:\windows\System32\WindowsPowerShell\v1.0\;C:\windows\System32\OpenSSH\;C:\MinGW\mingw32\bin;C:\ProgramData\chocolatey\bin;C:\ProgramData\chocolatey\bin\make.exe;C:\Program Files\Git\cmd;C:\Program Files\nodejs\;C:\Users\sethr\AppData\Local\Programs\Python\Python39\Scripts\;C:\Users\sethr\AppData\Local\Programs\Python\Python39\;C:\Users\sethr\AppData\Local\Microsoft\WindowsApps;C:\Users\sethr\AppData\Local\Programs\Microsoft VS Code\bin;C:\Users\sethr\AppData\Local\GitHubDesktop\bin;C:\Users\sethr\AppData\Roaming\npm
USERNAME=sethr
OS=Windows_NT
PROCESSOR_IDENTIFIER=Intel64 Family 6 Model 140 Stepping 1, GenuineIntel



---------------  S Y S T E M  ---------------

OS:
 Windows 10 , 64 bit Build 19041 (10.0.19041.1466)
OS uptime: 4 days 15:15 hours

CPU: total 8 (initial active 8) (4 cores per cpu, 2 threads per core) family 6 model 140 stepping 1 microcode 0x86, cx8, cmov, fxsr, ht, mmx, 3dnowpref, sse, sse2, sse3, ssse3, sse4.1, sse4.2, popcnt, lzcnt, tsc, tscinvbit, avx, avx2, aes, erms, clmul, bmi1, bmi2, adx, avx512f, avx512dq, avx512cd, avx512bw, avx512vl, sha, fma, vzeroupper, avx512_vpopcntdq, avx512_vpclmulqdq, avx512_vaes, avx512_vnni, clflush, clflushopt, clwb, avx512_vmbi2, avx512_vmbi

Memory: 4k page, system-wide physical 16149M (7220M free)
TotalPageFile size 32021M (AvailPageFile size 20746M)
current process WorkingSet (physical memory assigned to process): 592M, peak: 594M
current process commit charge ("private bytes"): 1085M, peak: 1095M

vm_info: Java HotSpot(TM) 64-Bit Server VM (16.0.2+7-67) for windows-amd64 JRE (16.0.2+7-67), built on Jun  8 2021 23:24:19 by "mach5one" with MS VC++ 16.7 (VS2019)

END.
