#
# A fatal error has been detected by the Java Runtime Environment:
#
#  EXCEPTION_ACCESS_VIOLATION (0xc0000005) at pc=0x00007ffc68362c4c, pid=17792, tid=18724
#
# JRE version: Java(TM) SE Runtime Environment (16.0.2+7) (build 16.0.2+7-67)
# Java VM: Java HotSpot(TM) 64-Bit Server VM (16.0.2+7-67, mixed mode, sharing, tiered, compressed oops, compressed class ptrs, g1 gc, windows-amd64)
# Problematic frame:
# C  [igxelpicd64.dll+0x282c4c]
#
# No core dump will be written. Minidumps are not enabled by default on client versions of Windows
#
# If you would like to submit a bug report, please visit:
#   https://bugreport.java.com/bugreport/crash.jsp
#

---------------  S U M M A R Y ------------

Command Line: -Dfile.encoding=Cp1252 -XX:+ShowCodeDetailsInExceptionMessages energywaves.Main

Host: 11th Gen Intel(R) Core(TM) i7-1165G7 @ 2.80GHz, 8 cores, 15G,  Windows 10 , 64 bit Build 19041 (10.0.19041.1348)
Time: Thu Dec 16 22:05:02 2021 Eastern Standard Time elapsed time: 11.611612 seconds (0d 0h 0m 11s)

---------------  T H R E A D  ---------------

Current thread (0x000001b37fbf96e0):  VMThread "VM Thread" [stack: 0x00000007c5b00000,0x00000007c5c00000] [id=18724]

Stack: [0x00000007c5b00000,0x00000007c5c00000],  sp=0x00000007c5bfdee0,  free space=1015k
Native frames: (J=compiled Java code, j=interpreted, Vv=VM code, C=native code)
C  [igxelpicd64.dll+0x282c4c]


siginfo: EXCEPTION_ACCESS_VIOLATION (0xc0000005), reading address 0x00000000000356f8


Register to memory mapping:

RIP=0x00007ffc68362c4c igxelpicd64.dll
RAX=0x000001b31565f4a0 points into unknown readable memory: 0x00000000000039c5 | c5 39 00 00 00 00 00 00
RBX=0x000001b31443a8d0 points into unknown readable memory: 0xffffffffffffffff | ff ff ff ff ff ff ff ff
RCX=0x0 is NULL
RDX=0x0000000000000002 is an unknown value
RSP=0x00000007c5bfdee0 points into unknown readable memory: 0x000001b31443a8d0 | d0 a8 43 14 b3 01 00 00
RBP=0x0000000000000016 is an unknown value
RSI=0x000001b3153cd1a0 points into unknown readable memory: 0x0000000000000000 | 00 00 00 00 00 00 00 00
RDI=0x0 is NULL
R8 =0x0000000000000014 is an unknown value
R9 =0x0 is NULL
R10=0x0 is NULL
R11=0x0000000000000246 is an unknown value
R12=0x000001b31565f8d8 points into unknown readable memory: 0x000001b315665810 | 10 58 66 15 b3 01 00 00
R13=0x0 is NULL
R14=0x000001b31565f310 points into unknown readable memory: 0x000001b314da2aa0 | a0 2a da 14 b3 01 00 00
R15=0x0 is NULL


Registers:
RAX=0x000001b31565f4a0, RBX=0x000001b31443a8d0, RCX=0x0000000000000000, RDX=0x0000000000000002
RSP=0x00000007c5bfdee0, RBP=0x0000000000000016, RSI=0x000001b3153cd1a0, RDI=0x0000000000000000
R8 =0x0000000000000014, R9 =0x0000000000000000, R10=0x0000000000000000, R11=0x0000000000000246
R12=0x000001b31565f8d8, R13=0x0000000000000000, R14=0x000001b31565f310, R15=0x0000000000000000
RIP=0x00007ffc68362c4c, EFLAGS=0x0000000000010206

Top of Stack: (sp=0x00000007c5bfdee0)
0x00000007c5bfdee0:   000001b31443a8d0 00007ffcfb71d859
0x00000007c5bfdef0:   00000007c5bfdf78 0000000000000000
0x00000007c5bfdf00:   0000000000000054 000001b31443a8d0
0x00000007c5bfdf10:   00000007c5bfe130 00007ffcfc650ba4
0x00000007c5bfdf20:   00000007c5bfe090 0000000000000000
0x00000007c5bfdf30:   000001b36dda0b54 000001b3152c7e78
0x00000007c5bfdf40:   00000000000039cc 0000000000000000
0x00000007c5bfdf50:   0000000000000014 0000000000000000
0x00000007c5bfdf60:   0000000000000000 00000007c5bfe080
0x00000007c5bfdf70:   000001b3153cd1a0 00007ffc6819769c
0x00000007c5bfdf80:   000001b300000016 000001b315665810
0x00000007c5bfdf90:   00000007c51a7000 00007ffcfc5cd200
0x00000007c5bfdfa0:   0000000700000d48 0000b80219870000
0x00000007c5bfdfb0:   0000000000000000 000001b36dd90000
0x00000007c5bfdfc0:   00007ffcfc6178c0 00000004f46857d4
0x00000007c5bfdfd0:   00000000000004b4 000001b36dd91c04 

Instructions: (pc=0x00007ffc68362c4c)
0x00007ffc68362b4c:   41 bf 20 00 00 00 48 8b 04 38 4d 8b 3c 07 0f b6
0x00007ffc68362b5c:   bc 24 b0 00 00 00 4c 3b 3d d7 f8 cb 00 41 0f 44
0x00007ffc68362b6c:   e9 89 ac 24 a0 00 00 00 48 85 c9 0f 84 d4 07 00
0x00007ffc68362b7c:   00 0f 1f 00 4c 8b f1 4c 8d a1 c8 05 00 00 49 8b
0x00007ffc68362b8c:   04 24 48 89 84 24 a8 00 00 00 40 84 ff 74 10 48
0x00007ffc68362b9c:   8b d1 48 8b 09 e8 ea 8d e3 ff e9 4f 07 00 00 8b
0x00007ffc68362bac:   96 d0 01 00 00 48 8b 05 58 dd bb 00 83 b8 64 03
0x00007ffc68362bbc:   00 00 02 0f 85 19 02 00 00 83 fa 10 73 0e 48 8d
0x00007ffc68362bcc:   42 04 48 8d 04 c2 48 8d 04 c1 eb 60 8d 4a f0 8b
0x00007ffc68362bdc:   c1 c1 e8 04 83 f8 03 73 1d 0f ae e8 83 e1 0f 4d
0x00007ffc68362bec:   8b 84 c6 80 05 00 00 4d 85 c0 74 25 48 8d 0c c9
0x00007ffc68362bfc:   49 8d 04 c8 eb 36 49 8b 86 98 05 00 00 48 85 c0
0x00007ffc68362c0c:   74 0f 66 90 39 10 74 2f 48 8b 40 50 48 85 c0 75
0x00007ffc68362c1c:   f3 41 80 be a0 05 00 00 00 74 22 8b c2 83 e0 0f
0x00007ffc68362c2c:   48 8d 04 c0 48 8d 40 20 49 8d 04 c6 48 85 c0 74
0x00007ffc68362c3c:   0c 48 8b 48 08 eb 09 48 83 c0 08 eb ef 49 8b c9
0x00007ffc68362c4c:   49 3b 8f f8 56 03 00 0f 86 85 01 00 00 83 fa 10
0x00007ffc68362c5c:   73 0a 48 8d 42 04 48 8d 04 c2 eb 5c 8d 4a f0 8b
0x00007ffc68362c6c:   c1 c1 e8 04 83 f8 03 73 1d 0f ae e8 83 e1 0f 4d
0x00007ffc68362c7c:   8b 84 c6 80 05 00 00 4d 85 c0 74 25 48 8d 0c c9
0x00007ffc68362c8c:   49 8d 04 c8 eb 36 49 8b 86 98 05 00 00 48 85 c0
0x00007ffc68362c9c:   74 0f 66 90 39 10 74 2f 48 8b 40 50 48 85 c0 75
0x00007ffc68362cac:   f3 41 80 be a0 05 00 00 00 74 22 8b c2 83 e0 0f
0x00007ffc68362cbc:   48 8d 04 c0 48 8d 40 20 49 8d 04 c6 48 85 c0 74
0x00007ffc68362ccc:   0c 48 8b 48 08 eb 09 48 83 c0 08 eb ef 49 8b c9
0x00007ffc68362cdc:   49 3b 8e 40 06 00 00 0f 86 f5 00 00 00 48 8b 86
0x00007ffc68362cec:   80 02 00 00 49 89 04 24 4c 89 b6 80 02 00 00 ff
0x00007ffc68362cfc:   86 88 02 00 00 ba 01 00 00 00 49 8b 4e 08 e8 41
0x00007ffc68362d0c:   28 59 00 0f b7 c8 48 2b c1 48 05 00 00 01 00 48
0x00007ffc68362d1c:   01 86 90 02 00 00 ba 01 00 00 00 49 8b 4e 08 e8
0x00007ffc68362d2c:   20 28 59 00 48 01 86 a0 02 00 00 85 ed 74 75 49
0x00007ffc68362d3c:   8b 9f 58 4f 03 00 0f 57 c0 f3 0f 7f 44 24 30 c7 


Stack slot to memory mapping:
stack at sp + 0 slots: 0x000001b31443a8d0 points into unknown readable memory: 0xffffffffffffffff | ff ff ff ff ff ff ff ff
stack at sp + 1 slots: 0x00007ffcfb71d859 USER32.dll
stack at sp + 2 slots: 0x00000007c5bfdf78 points into unknown readable memory: 0x00007ffc6819769c | 9c 76 19 68 fc 7f 00 00
stack at sp + 3 slots: 0x0 is NULL
stack at sp + 4 slots: 0x0000000000000054 is an unknown value
stack at sp + 5 slots: 0x000001b31443a8d0 points into unknown readable memory: 0xffffffffffffffff | ff ff ff ff ff ff ff ff
stack at sp + 6 slots: 0x00000007c5bfe130 points into unknown readable memory: 0x0000000000000000 | 00 00 00 00 00 00 00 00
stack at sp + 7 slots: 0x00007ffcfc650ba4 ntdll.dll

VM_Operation (0x00000007c79fe530): Exit, mode: safepoint, requested by thread 0x000001b31419eaf0


---------------  P R O C E S S  ---------------

Threads class SMR info:
_java_thread_list=0x000001b322204bf0, length=16, elements={
0x000001b37fbfc1c0, 0x000001b37fbff7e0, 0x000001b37fc0efb0, 0x000001b37fc11bc0,
0x000001b37fc18620, 0x000001b37fc14ed0, 0x000001b37fc2afd0, 0x000001b37fc4c600,
0x000001b37fc4d340, 0x000001b313a36980, 0x000001b313a3c9c0, 0x000001b31407a080,
0x000001b31419f590, 0x000001b3141a0030, 0x000001b31419eaf0, 0x000001b3141a0580
}

Java Threads: ( => current thread )
  0x000001b37fbfc1c0 JavaThread "Reference Handler" daemon [_thread_blocked, id=18116, stack(0x00000007c5c00000,0x00000007c5d00000)]
  0x000001b37fbff7e0 JavaThread "Finalizer" daemon [_thread_blocked, id=16696, stack(0x00000007c5d00000,0x00000007c5e00000)]
  0x000001b37fc0efb0 JavaThread "Signal Dispatcher" daemon [_thread_blocked, id=13024, stack(0x00000007c5e00000,0x00000007c5f00000)]
  0x000001b37fc11bc0 JavaThread "Attach Listener" daemon [_thread_blocked, id=19876, stack(0x00000007c5f00000,0x00000007c6000000)]
  0x000001b37fc18620 JavaThread "Service Thread" daemon [_thread_blocked, id=19732, stack(0x00000007c6000000,0x00000007c6100000)]
  0x000001b37fc14ed0 JavaThread "Monitor Deflation Thread" daemon [_thread_blocked, id=15924, stack(0x00000007c6100000,0x00000007c6200000)]
  0x000001b37fc2afd0 JavaThread "C2 CompilerThread0" daemon [_thread_blocked, id=3060, stack(0x00000007c6200000,0x00000007c6300000)]
  0x000001b37fc4c600 JavaThread "C1 CompilerThread0" daemon [_thread_blocked, id=16160, stack(0x00000007c6300000,0x00000007c6400000)]
  0x000001b37fc4d340 JavaThread "Sweeper thread" daemon [_thread_blocked, id=3156, stack(0x00000007c6400000,0x00000007c6500000)]
  0x000001b313a36980 JavaThread "Notification Thread" daemon [_thread_blocked, id=17392, stack(0x00000007c6500000,0x00000007c6600000)]
  0x000001b313a3c9c0 JavaThread "Common-Cleaner" daemon [_thread_blocked, id=16476, stack(0x00000007c6700000,0x00000007c6800000)]
  0x000001b31407a080 JavaThread "Java2D Disposer" daemon [_thread_blocked, id=18076, stack(0x00000007c6a00000,0x00000007c6b00000)]
  0x000001b31419f590 JavaThread "HighResTimerThread" daemon [_thread_blocked, id=14748, stack(0x00000007c6800000,0x00000007c6900000)]
  0x000001b3141a0030 JavaThread "DestroyJavaVM" [_thread_blocked, id=19036, stack(0x00000007c5500000,0x00000007c5600000)]
  0x000001b31419eaf0 JavaThread "main-FPSAWTAnimator#00-Timer0-FPSAWTAnimator#00-Timer1" [_thread_blocked, id=18324, stack(0x00000007c7900000,0x00000007c7a00000)]
  0x000001b3141a0580 JavaThread "AWT-Shutdown" [_thread_blocked, id=14288, stack(0x00000007c7d00000,0x00000007c7e00000)]

Other Threads:
=>0x000001b37fbf96e0 VMThread "VM Thread" [stack: 0x00000007c5b00000,0x00000007c5c00000] [id=18724]
  0x000001b36e0ccc10 GCTaskThread "GC Thread#0" [stack: 0x00000007c5600000,0x00000007c5700000] [id=6664]
  0x000001b314b717b0 GCTaskThread "GC Thread#1" [stack: 0x00000007c6e00000,0x00000007c6f00000] [id=15412]
  0x000001b314ba3360 GCTaskThread "GC Thread#2" [stack: 0x00000007c6f00000,0x00000007c7000000] [id=19472]
  0x000001b314bc2050 GCTaskThread "GC Thread#3" [stack: 0x00000007c7000000,0x00000007c7100000] [id=14696]
  0x000001b314bc2360 GCTaskThread "GC Thread#4" [stack: 0x00000007c7100000,0x00000007c7200000] [id=19820]
  0x000001b314b2fc40 GCTaskThread "GC Thread#5" [stack: 0x00000007c7200000,0x00000007c7300000] [id=8264]
  0x000001b314c54010 GCTaskThread "GC Thread#6" [stack: 0x00000007c7300000,0x00000007c7400000] [id=12388]
  0x000001b314e55e70 GCTaskThread "GC Thread#7" [stack: 0x00000007c7b00000,0x00000007c7c00000] [id=15928]
  0x000001b36e0df050 ConcurrentGCThread "G1 Main Marker" terminated
  0x000001b36e0dfac0 ConcurrentGCThread "G1 Conc#0" [stack: 0x00000007c5800000,0x00000007c5900000] [id=9092]
  0x000001b36e15db80 ConcurrentGCThread "G1 Refine#0" terminated
  0x000001b36e15e600 ConcurrentGCThread "G1 Service" terminated

Threads with active compile tasks:

VM state: at safepoint (shutting down)

VM Mutex/Monitor currently owned by a thread:  ([mutex/lock_event])
[0x000001b36e07f5c0] Threads_lock - owner thread: 0x000001b37fbf96e0
[0x000001b36e07f2f0] Heap_lock - owner thread: 0x000001b31419eaf0

Heap address: 0x00000004d7c00000, size: 4038 MB, Compressed Oops mode: Zero based, Oop shift amount: 3

CDS archive(s) mapped at: [0x0000000800000000-0x0000000800bb0000-0x0000000800bb0000), size 12255232, SharedBaseAddress: 0x0000000800000000, ArchiveRelocationMode: 0.
Compressed class space mapped at: 0x0000000800c00000-0x0000000840c00000, reserved size: 1073741824
Narrow klass base: 0x0000000800000000, Narrow klass shift: 3, Narrow klass range: 0x100000000

GC Precious Log:
 CPUs: 8 total, 8 available
 Memory: 16149M
 Large Page Support: Disabled
 NUMA Support: Disabled
 Compressed Oops: Enabled (Zero based)
 Heap Region Size: 2M
 Heap Min Capacity: 8M
 Heap Initial Capacity: 254M
 Heap Max Capacity: 4038M
 Pre-touch: Disabled
 Parallel Workers: 8
 Concurrent Workers: 2
 Concurrent Refinement Workers: 8
 Periodic GC: Disabled

Heap:
 garbage-first heap   total 260096K, used 115393K [0x00000004d7c00000, 0x00000005d4200000)
  region size 2048K, 23 young (47104K), 3 survivors (6144K)
 Metaspace       used 12644K, committed 12800K, reserved 1064960K
  class space    used 880K, committed 960K, reserved 1048576K

Heap Regions: E=young(eden), S=young(survivor), O=old, HS=humongous(starts), HC=humongous(continues), CS=collection set, F=free, OA=open archive, CA=closed archive, TAMS=top-at-mark-start (previous, next)
|   0|0x00000004d7c00000, 0x00000004d7e00000, 0x00000004d7e00000|100%|HS|  |TAMS 0x00000004d7c00000, 0x00000004d7c00000| Complete 
|   1|0x00000004d7e00000, 0x00000004d8000000, 0x00000004d8000000|100%|HS|  |TAMS 0x00000004d7e00000, 0x00000004d7e00000| Complete 
|   2|0x00000004d8000000, 0x00000004d8200000, 0x00000004d8200000|100%|HS|  |TAMS 0x00000004d8000000, 0x00000004d8000000| Complete 
|   3|0x00000004d8200000, 0x00000004d8400000, 0x00000004d8400000|100%| O|  |TAMS 0x00000004d8200000, 0x00000004d8200000| Untracked 
|   4|0x00000004d8400000, 0x00000004d851b800, 0x00000004d8600000| 55%| O|  |TAMS 0x00000004d8400000, 0x00000004d8400000| Untracked 
|   5|0x00000004d8600000, 0x00000004d8800000, 0x00000004d8800000|100%|HS|  |TAMS 0x00000004d8600000, 0x00000004d8600000| Complete 
|   6|0x00000004d8800000, 0x00000004d8a00000, 0x00000004d8a00000|100%|HC|  |TAMS 0x00000004d8800000, 0x00000004d8800000| Complete 
|   7|0x00000004d8a00000, 0x00000004d8c00000, 0x00000004d8c00000|100%|HS|  |TAMS 0x00000004d8a00000, 0x00000004d8a00000| Complete 
|   8|0x00000004d8c00000, 0x00000004d8e00000, 0x00000004d8e00000|100%|HS|  |TAMS 0x00000004d8c00000, 0x00000004d8c00000| Complete 
|   9|0x00000004d8e00000, 0x00000004d9000000, 0x00000004d9000000|100%|HC|  |TAMS 0x00000004d8e00000, 0x00000004d8e00000| Complete 
|  10|0x00000004d9000000, 0x00000004d9200000, 0x00000004d9200000|100%|HS|  |TAMS 0x00000004d9000000, 0x00000004d9000000| Complete 
|  11|0x00000004d9200000, 0x00000004d9400000, 0x00000004d9400000|100%|HC|  |TAMS 0x00000004d9200000, 0x00000004d9200000| Complete 
|  12|0x00000004d9400000, 0x00000004d9600000, 0x00000004d9600000|100%|HS|  |TAMS 0x00000004d9400000, 0x00000004d9400000| Complete 
|  13|0x00000004d9600000, 0x00000004d9800000, 0x00000004d9800000|100%|HS|  |TAMS 0x00000004d9600000, 0x00000004d9600000| Complete 
|  14|0x00000004d9800000, 0x00000004d9a00000, 0x00000004d9a00000|100%|HS|  |TAMS 0x00000004d9800000, 0x00000004d9800000| Complete 
|  15|0x00000004d9a00000, 0x00000004d9c00000, 0x00000004d9c00000|100%|HS|  |TAMS 0x00000004d9a00000, 0x00000004d9a00000| Complete 
|  16|0x00000004d9c00000, 0x00000004d9e00000, 0x00000004d9e00000|100%|HS|  |TAMS 0x00000004d9c00000, 0x00000004d9c00000| Complete 
|  17|0x00000004d9e00000, 0x00000004da000000, 0x00000004da000000|100%|HS|  |TAMS 0x00000004d9e00000, 0x00000004d9e00000| Complete 
|  18|0x00000004da000000, 0x00000004da200000, 0x00000004da200000|100%|HS|  |TAMS 0x00000004da000000, 0x00000004da000000| Complete 
|  19|0x00000004da200000, 0x00000004da400000, 0x00000004da400000|100%|HS|  |TAMS 0x00000004da200000, 0x00000004da200000| Complete 
|  20|0x00000004da400000, 0x00000004da600000, 0x00000004da600000|100%|HS|  |TAMS 0x00000004da400000, 0x00000004da400000| Complete 
|  21|0x00000004da600000, 0x00000004da800000, 0x00000004da800000|100%|HC|  |TAMS 0x00000004da600000, 0x00000004da600000| Complete 
|  22|0x00000004da800000, 0x00000004daa00000, 0x00000004daa00000|100%|HS|  |TAMS 0x00000004da800000, 0x00000004da800000| Complete 
|  23|0x00000004daa00000, 0x00000004dac00000, 0x00000004dac00000|100%|HS|  |TAMS 0x00000004daa00000, 0x00000004daa00000| Complete 
|  24|0x00000004dac00000, 0x00000004dae00000, 0x00000004dae00000|100%|HS|  |TAMS 0x00000004dac00000, 0x00000004dac00000| Complete 
|  25|0x00000004dae00000, 0x00000004db000000, 0x00000004db000000|100%|HC|  |TAMS 0x00000004dae00000, 0x00000004dae00000| Complete 
|  26|0x00000004db000000, 0x00000004db200000, 0x00000004db200000|100%|HC|  |TAMS 0x00000004db000000, 0x00000004db000000| Complete 
|  27|0x00000004db200000, 0x00000004db400000, 0x00000004db400000|100%|HS|  |TAMS 0x00000004db200000, 0x00000004db200000| Complete 
|  28|0x00000004db400000, 0x00000004db600000, 0x00000004db600000|100%|HS|  |TAMS 0x00000004db400000, 0x00000004db400000| Complete 
|  29|0x00000004db600000, 0x00000004db800000, 0x00000004db800000|100%|HC|  |TAMS 0x00000004db600000, 0x00000004db600000| Complete 
|  30|0x00000004db800000, 0x00000004dba00000, 0x00000004dba00000|100%|HS|  |TAMS 0x00000004db800000, 0x00000004db800000| Complete 
|  31|0x00000004dba00000, 0x00000004dbc00000, 0x00000004dbc00000|100%|HC|  |TAMS 0x00000004dba00000, 0x00000004dba00000| Complete 
|  32|0x00000004dbc00000, 0x00000004dbe00000, 0x00000004dbe00000|100%|HS|  |TAMS 0x00000004dbc00000, 0x00000004dbc00000| Complete 
|  33|0x00000004dbe00000, 0x00000004dc000000, 0x00000004dc000000|100%|HS|  |TAMS 0x00000004dbe00000, 0x00000004dbe00000| Complete 
|  34|0x00000004dc000000, 0x00000004dc200000, 0x00000004dc200000|100%|HS|  |TAMS 0x00000004dc000000, 0x00000004dc000000| Complete 
|  35|0x00000004dc200000, 0x00000004dc400000, 0x00000004dc400000|100%|HS|  |TAMS 0x00000004dc200000, 0x00000004dc200000| Complete 
|  36|0x00000004dc400000, 0x00000004dc400000, 0x00000004dc600000|  0%| F|  |TAMS 0x00000004dc400000, 0x00000004dc400000| Untracked 
|  37|0x00000004dc600000, 0x00000004dc600000, 0x00000004dc800000|  0%| F|  |TAMS 0x00000004dc600000, 0x00000004dc600000| Untracked 
|  38|0x00000004dc800000, 0x00000004dc800000, 0x00000004dca00000|  0%| F|  |TAMS 0x00000004dc800000, 0x00000004dc800000| Untracked 
|  39|0x00000004dca00000, 0x00000004dca00000, 0x00000004dcc00000|  0%| F|  |TAMS 0x00000004dca00000, 0x00000004dca00000| Untracked 
|  40|0x00000004dcc00000, 0x00000004dcc00000, 0x00000004dce00000|  0%| F|  |TAMS 0x00000004dcc00000, 0x00000004dcc00000| Untracked 
|  41|0x00000004dce00000, 0x00000004dce00000, 0x00000004dd000000|  0%| F|  |TAMS 0x00000004dce00000, 0x00000004dce00000| Untracked 
|  42|0x00000004dd000000, 0x00000004dd000000, 0x00000004dd200000|  0%| F|  |TAMS 0x00000004dd000000, 0x00000004dd000000| Untracked 
|  43|0x00000004dd200000, 0x00000004dd200000, 0x00000004dd400000|  0%| F|  |TAMS 0x00000004dd200000, 0x00000004dd200000| Untracked 
|  44|0x00000004dd400000, 0x00000004dd400000, 0x00000004dd600000|  0%| F|  |TAMS 0x00000004dd400000, 0x00000004dd400000| Untracked 
|  45|0x00000004dd600000, 0x00000004dd600000, 0x00000004dd800000|  0%| F|  |TAMS 0x00000004dd600000, 0x00000004dd600000| Untracked 
|  46|0x00000004dd800000, 0x00000004dd800000, 0x00000004dda00000|  0%| F|  |TAMS 0x00000004dd800000, 0x00000004dd800000| Untracked 
|  47|0x00000004dda00000, 0x00000004dda00000, 0x00000004ddc00000|  0%| F|  |TAMS 0x00000004dda00000, 0x00000004dda00000| Untracked 
|  48|0x00000004ddc00000, 0x00000004ddc00000, 0x00000004dde00000|  0%| F|  |TAMS 0x00000004ddc00000, 0x00000004ddc00000| Untracked 
|  49|0x00000004dde00000, 0x00000004dde00000, 0x00000004de000000|  0%| F|  |TAMS 0x00000004dde00000, 0x00000004dde00000| Untracked 
|  50|0x00000004de000000, 0x00000004de000000, 0x00000004de200000|  0%| F|  |TAMS 0x00000004de000000, 0x00000004de000000| Untracked 
|  51|0x00000004de200000, 0x00000004de200000, 0x00000004de400000|  0%| F|  |TAMS 0x00000004de200000, 0x00000004de200000| Untracked 
|  52|0x00000004de400000, 0x00000004de400000, 0x00000004de600000|  0%| F|  |TAMS 0x00000004de400000, 0x00000004de400000| Untracked 
|  53|0x00000004de600000, 0x00000004de600000, 0x00000004de800000|  0%| F|  |TAMS 0x00000004de600000, 0x00000004de600000| Untracked 
|  54|0x00000004de800000, 0x00000004de800000, 0x00000004dea00000|  0%| F|  |TAMS 0x00000004de800000, 0x00000004de800000| Untracked 
|  55|0x00000004dea00000, 0x00000004dea00000, 0x00000004dec00000|  0%| F|  |TAMS 0x00000004dea00000, 0x00000004dea00000| Untracked 
|  56|0x00000004dec00000, 0x00000004dec00000, 0x00000004dee00000|  0%| F|  |TAMS 0x00000004dec00000, 0x00000004dec00000| Untracked 
|  57|0x00000004dee00000, 0x00000004dee00000, 0x00000004df000000|  0%| F|  |TAMS 0x00000004dee00000, 0x00000004dee00000| Untracked 
|  58|0x00000004df000000, 0x00000004df000000, 0x00000004df200000|  0%| F|  |TAMS 0x00000004df000000, 0x00000004df000000| Untracked 
|  59|0x00000004df200000, 0x00000004df200000, 0x00000004df400000|  0%| F|  |TAMS 0x00000004df200000, 0x00000004df200000| Untracked 
|  60|0x00000004df400000, 0x00000004df400000, 0x00000004df600000|  0%| F|  |TAMS 0x00000004df400000, 0x00000004df400000| Untracked 
|  61|0x00000004df600000, 0x00000004df600000, 0x00000004df800000|  0%| F|  |TAMS 0x00000004df600000, 0x00000004df600000| Untracked 
|  62|0x00000004df800000, 0x00000004df800000, 0x00000004dfa00000|  0%| F|  |TAMS 0x00000004df800000, 0x00000004df800000| Untracked 
|  63|0x00000004dfa00000, 0x00000004dfa00000, 0x00000004dfc00000|  0%| F|  |TAMS 0x00000004dfa00000, 0x00000004dfa00000| Untracked 
|  64|0x00000004dfc00000, 0x00000004dfc00000, 0x00000004dfe00000|  0%| F|  |TAMS 0x00000004dfc00000, 0x00000004dfc00000| Untracked 
|  65|0x00000004dfe00000, 0x00000004dfe00000, 0x00000004e0000000|  0%| F|  |TAMS 0x00000004dfe00000, 0x00000004dfe00000| Untracked 
|  66|0x00000004e0000000, 0x00000004e0000000, 0x00000004e0200000|  0%| F|  |TAMS 0x00000004e0000000, 0x00000004e0000000| Untracked 
|  67|0x00000004e0200000, 0x00000004e0200000, 0x00000004e0400000|  0%| F|  |TAMS 0x00000004e0200000, 0x00000004e0200000| Untracked 
|  68|0x00000004e0400000, 0x00000004e0400000, 0x00000004e0600000|  0%| F|  |TAMS 0x00000004e0400000, 0x00000004e0400000| Untracked 
|  69|0x00000004e0600000, 0x00000004e0600000, 0x00000004e0800000|  0%| F|  |TAMS 0x00000004e0600000, 0x00000004e0600000| Untracked 
|  70|0x00000004e0800000, 0x00000004e0800000, 0x00000004e0a00000|  0%| F|  |TAMS 0x00000004e0800000, 0x00000004e0800000| Untracked 
|  71|0x00000004e0a00000, 0x00000004e0a00000, 0x00000004e0c00000|  0%| F|  |TAMS 0x00000004e0a00000, 0x00000004e0a00000| Untracked 
|  72|0x00000004e0c00000, 0x00000004e0c00000, 0x00000004e0e00000|  0%| F|  |TAMS 0x00000004e0c00000, 0x00000004e0c00000| Untracked 
|  73|0x00000004e0e00000, 0x00000004e0e00000, 0x00000004e1000000|  0%| F|  |TAMS 0x00000004e0e00000, 0x00000004e0e00000| Untracked 
|  74|0x00000004e1000000, 0x00000004e1000000, 0x00000004e1200000|  0%| F|  |TAMS 0x00000004e1000000, 0x00000004e1000000| Untracked 
|  75|0x00000004e1200000, 0x00000004e1200000, 0x00000004e1400000|  0%| F|  |TAMS 0x00000004e1200000, 0x00000004e1200000| Untracked 
|  76|0x00000004e1400000, 0x00000004e1400000, 0x00000004e1600000|  0%| F|  |TAMS 0x00000004e1400000, 0x00000004e1400000| Untracked 
|  77|0x00000004e1600000, 0x00000004e1600000, 0x00000004e1800000|  0%| F|  |TAMS 0x00000004e1600000, 0x00000004e1600000| Untracked 
|  78|0x00000004e1800000, 0x00000004e1800000, 0x00000004e1a00000|  0%| F|  |TAMS 0x00000004e1800000, 0x00000004e1800000| Untracked 
|  79|0x00000004e1a00000, 0x00000004e1a00000, 0x00000004e1c00000|  0%| F|  |TAMS 0x00000004e1a00000, 0x00000004e1a00000| Untracked 
|  80|0x00000004e1c00000, 0x00000004e1c00000, 0x00000004e1e00000|  0%| F|  |TAMS 0x00000004e1c00000, 0x00000004e1c00000| Untracked 
|  81|0x00000004e1e00000, 0x00000004e1e00000, 0x00000004e2000000|  0%| F|  |TAMS 0x00000004e1e00000, 0x00000004e1e00000| Untracked 
|  82|0x00000004e2000000, 0x00000004e2000000, 0x00000004e2200000|  0%| F|  |TAMS 0x00000004e2000000, 0x00000004e2000000| Untracked 
|  83|0x00000004e2200000, 0x00000004e2200000, 0x00000004e2400000|  0%| F|  |TAMS 0x00000004e2200000, 0x00000004e2200000| Untracked 
|  84|0x00000004e2400000, 0x00000004e2400000, 0x00000004e2600000|  0%| F|  |TAMS 0x00000004e2400000, 0x00000004e2400000| Untracked 
|  85|0x00000004e2600000, 0x00000004e2600000, 0x00000004e2800000|  0%| F|  |TAMS 0x00000004e2600000, 0x00000004e2600000| Untracked 
|  86|0x00000004e2800000, 0x00000004e2800000, 0x00000004e2a00000|  0%| F|  |TAMS 0x00000004e2800000, 0x00000004e2800000| Untracked 
|  87|0x00000004e2a00000, 0x00000004e2a00000, 0x00000004e2c00000|  0%| F|  |TAMS 0x00000004e2a00000, 0x00000004e2a00000| Untracked 
|  88|0x00000004e2c00000, 0x00000004e2c00000, 0x00000004e2e00000|  0%| F|  |TAMS 0x00000004e2c00000, 0x00000004e2c00000| Untracked 
|  89|0x00000004e2e00000, 0x00000004e2e00000, 0x00000004e3000000|  0%| F|  |TAMS 0x00000004e2e00000, 0x00000004e2e00000| Untracked 
|  90|0x00000004e3000000, 0x00000004e3000000, 0x00000004e3200000|  0%| F|  |TAMS 0x00000004e3000000, 0x00000004e3000000| Untracked 
|  91|0x00000004e3200000, 0x00000004e3200000, 0x00000004e3400000|  0%| F|  |TAMS 0x00000004e3200000, 0x00000004e3200000| Untracked 
|  92|0x00000004e3400000, 0x00000004e3400000, 0x00000004e3600000|  0%| F|  |TAMS 0x00000004e3400000, 0x00000004e3400000| Untracked 
|  93|0x00000004e3600000, 0x00000004e3600000, 0x00000004e3800000|  0%| F|  |TAMS 0x00000004e3600000, 0x00000004e3600000| Untracked 
|  94|0x00000004e3800000, 0x00000004e3800000, 0x00000004e3a00000|  0%| F|  |TAMS 0x00000004e3800000, 0x00000004e3800000| Untracked 
|  95|0x00000004e3a00000, 0x00000004e3a00000, 0x00000004e3c00000|  0%| F|  |TAMS 0x00000004e3a00000, 0x00000004e3a00000| Untracked 
|  96|0x00000004e3c00000, 0x00000004e3c00000, 0x00000004e3e00000|  0%| F|  |TAMS 0x00000004e3c00000, 0x00000004e3c00000| Untracked 
|  97|0x00000004e3e00000, 0x00000004e3e00000, 0x00000004e4000000|  0%| F|  |TAMS 0x00000004e3e00000, 0x00000004e3e00000| Untracked 
|  98|0x00000004e4000000, 0x00000004e4000000, 0x00000004e4200000|  0%| F|  |TAMS 0x00000004e4000000, 0x00000004e4000000| Untracked 
|  99|0x00000004e4200000, 0x00000004e4200000, 0x00000004e4400000|  0%| F|  |TAMS 0x00000004e4200000, 0x00000004e4200000| Untracked 
| 100|0x00000004e4400000, 0x00000004e4400000, 0x00000004e4600000|  0%| F|  |TAMS 0x00000004e4400000, 0x00000004e4400000| Untracked 
| 101|0x00000004e4600000, 0x00000004e4600000, 0x00000004e4800000|  0%| F|  |TAMS 0x00000004e4600000, 0x00000004e4600000| Untracked 
| 102|0x00000004e4800000, 0x00000004e4800000, 0x00000004e4a00000|  0%| F|  |TAMS 0x00000004e4800000, 0x00000004e4800000| Untracked 
| 103|0x00000004e4a00000, 0x00000004e4a00000, 0x00000004e4c00000|  0%| F|  |TAMS 0x00000004e4a00000, 0x00000004e4a00000| Untracked 
| 104|0x00000004e4c00000, 0x00000004e4dbb628, 0x00000004e4e00000| 86%| E|  |TAMS 0x00000004e4c00000, 0x00000004e4c00000| Complete 
| 105|0x00000004e4e00000, 0x00000004e5000000, 0x00000004e5000000|100%| E|CS|TAMS 0x00000004e4e00000, 0x00000004e4e00000| Complete 
| 106|0x00000004e5000000, 0x00000004e5194d30, 0x00000004e5200000| 79%| S|CS|TAMS 0x00000004e5000000, 0x00000004e5000000| Complete 
| 107|0x00000004e5200000, 0x00000004e5400000, 0x00000004e5400000|100%| S|CS|TAMS 0x00000004e5200000, 0x00000004e5200000| Complete 
| 108|0x00000004e5400000, 0x00000004e5600000, 0x00000004e5600000|100%| S|CS|TAMS 0x00000004e5400000, 0x00000004e5400000| Complete 
| 109|0x00000004e5600000, 0x00000004e5800000, 0x00000004e5800000|100%| E|CS|TAMS 0x00000004e5600000, 0x00000004e5600000| Complete 
| 110|0x00000004e5800000, 0x00000004e5a00000, 0x00000004e5a00000|100%| E|CS|TAMS 0x00000004e5800000, 0x00000004e5800000| Complete 
| 111|0x00000004e5a00000, 0x00000004e5c00000, 0x00000004e5c00000|100%| E|CS|TAMS 0x00000004e5a00000, 0x00000004e5a00000| Complete 
| 112|0x00000004e5c00000, 0x00000004e5e00000, 0x00000004e5e00000|100%| E|CS|TAMS 0x00000004e5c00000, 0x00000004e5c00000| Complete 
| 113|0x00000004e5e00000, 0x00000004e6000000, 0x00000004e6000000|100%| E|CS|TAMS 0x00000004e5e00000, 0x00000004e5e00000| Complete 
| 114|0x00000004e6000000, 0x00000004e6200000, 0x00000004e6200000|100%| E|CS|TAMS 0x00000004e6000000, 0x00000004e6000000| Complete 
| 115|0x00000004e6200000, 0x00000004e6400000, 0x00000004e6400000|100%| E|CS|TAMS 0x00000004e6200000, 0x00000004e6200000| Complete 
| 116|0x00000004e6400000, 0x00000004e6600000, 0x00000004e6600000|100%| E|CS|TAMS 0x00000004e6400000, 0x00000004e6400000| Complete 
| 117|0x00000004e6600000, 0x00000004e6800000, 0x00000004e6800000|100%| E|CS|TAMS 0x00000004e6600000, 0x00000004e6600000| Complete 
| 118|0x00000004e6800000, 0x00000004e6a00000, 0x00000004e6a00000|100%| E|CS|TAMS 0x00000004e6800000, 0x00000004e6800000| Complete 
| 119|0x00000004e6a00000, 0x00000004e6c00000, 0x00000004e6c00000|100%| E|CS|TAMS 0x00000004e6a00000, 0x00000004e6a00000| Complete 
| 120|0x00000004e6c00000, 0x00000004e6e00000, 0x00000004e6e00000|100%| E|CS|TAMS 0x00000004e6c00000, 0x00000004e6c00000| Complete 
| 121|0x00000004e6e00000, 0x00000004e7000000, 0x00000004e7000000|100%| E|CS|TAMS 0x00000004e6e00000, 0x00000004e6e00000| Complete 
| 122|0x00000004e7000000, 0x00000004e7200000, 0x00000004e7200000|100%| E|  |TAMS 0x00000004e7000000, 0x00000004e7000000| Complete 
| 123|0x00000004e7200000, 0x00000004e7400000, 0x00000004e7400000|100%| E|CS|TAMS 0x00000004e7200000, 0x00000004e7200000| Complete 
| 124|0x00000004e7400000, 0x00000004e7600000, 0x00000004e7600000|100%| E|CS|TAMS 0x00000004e7400000, 0x00000004e7400000| Complete 
| 125|0x00000004e7600000, 0x00000004e7800000, 0x00000004e7800000|100%| E|CS|TAMS 0x00000004e7600000, 0x00000004e7600000| Complete 
| 126|0x00000004e7800000, 0x00000004e7a00000, 0x00000004e7a00000|100%| E|CS|TAMS 0x00000004e7800000, 0x00000004e7800000| Complete 

Card table byte_map: [0x000001b378240000,0x000001b378a30000] _byte_map_base: 0x000001b375b82000

Marking Bits (Prev, Next): (CMBitMap*) 0x000001b36e0ce290, (CMBitMap*) 0x000001b36e0ce2d0
 Prev Bits: [0x000001b379220000, 0x000001b37d138000)
 Next Bits: [0x000001b30f000000, 0x000001b312f18000)

Polling page: 0x000001b36e160000

Metaspace:

Usage:
  Non-class:     11.49 MB used.
      Class:    880.59 KB used.
       Both:     12.35 MB used.

Virtual space:
  Non-class space:       16.00 MB reserved,      11.56 MB ( 72%) committed,  2 nodes.
      Class space:        1.00 GB reserved,     960.00 KB ( <1%) committed,  1 nodes.
              Both:        1.02 GB reserved,      12.50 MB (  1%) committed. 

Chunk freelists:
   Non-Class:  3.91 MB
       Class:  2.94 MB
        Both:  6.84 MB

MaxMetaspaceSize: 17179869184.00 GB
CompressedClassSpaceSize: 1.00 GB
 - commit_granule_bytes: 65536.
 - commit_granule_words: 8192.
 - virtual_space_node_default_size: 1048576.
 - enlarge_chunks_in_place: 1.
 - new_chunks_are_fully_committed: 0.
 - uncommit_free_chunks: 1.
 - use_allocation_guard: 0.
 - handle_deallocations: 1.


Internal statistics:

num_allocs_failed_limit: 0.
num_arena_births: 86.
num_arena_deaths: 0.
num_vsnodes_births: 3.
num_vsnodes_deaths: 0.
num_space_committed: 196.
num_space_uncommitted: 0.
num_chunks_returned_to_freelist: 0.
num_chunks_taken_from_freelist: 347.
num_chunk_merges: 0.
num_chunk_splits: 278.
num_chunks_enlarged: 230.
num_purges: 0.

CodeHeap 'non-profiled nmethods': size=120000Kb used=908Kb max_used=908Kb free=119091Kb
 bounds [0x000001b307ad0000, 0x000001b307d40000, 0x000001b30f000000]
CodeHeap 'profiled nmethods': size=120000Kb used=3468Kb max_used=3468Kb free=116531Kb
 bounds [0x000001b3005a0000, 0x000001b300910000, 0x000001b307ad0000]
CodeHeap 'non-nmethods': size=5760Kb used=1535Kb max_used=1574Kb free=4224Kb
 bounds [0x000001b300000000, 0x000001b300270000, 0x000001b3005a0000]
 total_blobs=2704 nmethods=1783 adapters=834
 compilation: enabled
              stopped_count=0, restarted_count=0
 full_count=0

Compilation events (20 events):
Event: 10.607 Thread 0x000001b37fc4c600 1774       3       processing.opengl.PGraphicsOpenGL::invRotate (133 bytes)
Event: 10.608 Thread 0x000001b37fc4c600 nmethod 1774 0x000001b3008ff310 code [0x000001b3008ff520, 0x000001b3008ff8e8]
Event: 10.608 Thread 0x000001b37fc4c600 1775       3       processing.core.PApplet::cos (7 bytes)
Event: 10.608 Thread 0x000001b37fc4c600 nmethod 1775 0x000001b3008ffa90 code [0x000001b3008ffc20, 0x000001b3008ffd38]
Event: 10.608 Thread 0x000001b37fc4c600 1776       3       processing.core.PApplet::sin (7 bytes)
Event: 10.608 Thread 0x000001b37fc4c600 nmethod 1776 0x000001b3008ffe10 code [0x000001b3008fffa0, 0x000001b3009000b8]
Event: 10.608 Thread 0x000001b37fc4c600 1777       3       processing.opengl.PGraphicsOpenGL::ambientLight (11 bytes)
Event: 10.608 Thread 0x000001b37fc4c600 nmethod 1777 0x000001b300900190 code [0x000001b300900360, 0x000001b300900548]
Event: 10.608 Thread 0x000001b37fc4c600 1778       3       processing.opengl.PGraphicsOpenGL::ambientLight (149 bytes)
Event: 10.608 Thread 0x000001b37fc4c600 nmethod 1778 0x000001b300900610 code [0x000001b300900900, 0x000001b300901a18]
Event: 10.608 Thread 0x000001b37fc4c600 1779       3       processing.opengl.PGraphicsOpenGL::lightAmbient (51 bytes)
Event: 10.608 Thread 0x000001b37fc4c600 nmethod 1779 0x000001b300902090 code [0x000001b300902240, 0x000001b3009024c8]
Event: 10.608 Thread 0x000001b37fc4c600 1780       3       processing.opengl.PGraphicsOpenGL::noLightDiffuse (34 bytes)
Event: 10.608 Thread 0x000001b37fc4c600 nmethod 1780 0x000001b300902610 code [0x000001b3009027c0, 0x000001b300902958]
Event: 10.608 Thread 0x000001b37fc4c600 1781       3       processing.opengl.PGraphicsOpenGL::noLightSpecular (34 bytes)
Event: 10.608 Thread 0x000001b37fc4c600 nmethod 1781 0x000001b300902a90 code [0x000001b300902c40, 0x000001b300902dd8]
Event: 10.608 Thread 0x000001b37fc4c600 1782       3       processing.opengl.PGraphicsOpenGL::lightFalloff (35 bytes)
Event: 10.609 Thread 0x000001b37fc4c600 nmethod 1782 0x000001b300902f10 code [0x000001b3009030c0, 0x000001b300903258]
Event: 11.524 Thread 0x000001b37fc2afd0 1783       4       java.lang.CharacterData::of (124 bytes)
Event: 11.525 Thread 0x000001b37fc2afd0 nmethod 1783 0x000001b307bb2d90 code [0x000001b307bb2f20, 0x000001b307bb2f98]

GC Heap History (4 events):
Event: 1.380 GC heap before
{Heap before GC invocations=0 (full 0):
 garbage-first heap   total 260096K, used 22528K [0x00000004d7c00000, 0x00000005d4200000)
  region size 2048K, 11 young (22528K), 0 survivors (0K)
 Metaspace       used 10903K, committed 11072K, reserved 1064960K
  class space    used 783K, committed 832K, reserved 1048576K
}
Event: 1.383 GC heap after
{Heap after GC invocations=1 (full 0):
 garbage-first heap   total 260096K, used 3179K [0x00000004d7c00000, 0x00000005d4200000)
  region size 2048K, 2 young (4096K), 2 survivors (4096K)
 Metaspace       used 10903K, committed 11072K, reserved 1064960K
  class space    used 783K, committed 832K, reserved 1048576K
}
Event: 1.917 GC heap before
{Heap before GC invocations=1 (full 0):
 garbage-first heap   total 260096K, used 40043K [0x00000004d7c00000, 0x00000005d4200000)
  region size 2048K, 18 young (36864K), 2 survivors (4096K)
 Metaspace       used 11906K, committed 12096K, reserved 1064960K
  class space    used 869K, committed 960K, reserved 1048576K
}
Event: 1.920 GC heap after
{Heap after GC invocations=2 (full 0):
 garbage-first heap   total 260096K, used 15041K [0x00000004d7c00000, 0x00000005d4200000)
  region size 2048K, 3 young (6144K), 3 survivors (6144K)
 Metaspace       used 11906K, committed 12096K, reserved 1064960K
  class space    used 869K, committed 960K, reserved 1048576K
}

Deoptimization events (20 events):
Event: 2.192 Thread 0x000001b31419eaf0 DEOPT PACKING pc=0x000001b3007f9520 sp=0x00000007c79fe600
Event: 2.193 Thread 0x000001b31419eaf0 DEOPT UNPACKING pc=0x000001b30004e77e sp=0x00000007c79fdb88 mode 0
Event: 2.209 Thread 0x000001b31419eaf0 DEOPT PACKING pc=0x000001b3007f9520 sp=0x00000007c79fe600
Event: 2.209 Thread 0x000001b31419eaf0 DEOPT UNPACKING pc=0x000001b30004e77e sp=0x00000007c79fdb88 mode 0
Event: 2.225 Thread 0x000001b31419eaf0 DEOPT PACKING pc=0x000001b3007f9520 sp=0x00000007c79fe600
Event: 2.225 Thread 0x000001b31419eaf0 DEOPT UNPACKING pc=0x000001b30004e77e sp=0x00000007c79fdb88 mode 0
Event: 2.242 Thread 0x000001b31419eaf0 DEOPT PACKING pc=0x000001b3007f9520 sp=0x00000007c79fe600
Event: 2.242 Thread 0x000001b31419eaf0 DEOPT UNPACKING pc=0x000001b30004e77e sp=0x00000007c79fdb88 mode 0
Event: 2.259 Thread 0x000001b31419eaf0 DEOPT PACKING pc=0x000001b3007f9520 sp=0x00000007c79fe600
Event: 2.259 Thread 0x000001b31419eaf0 DEOPT UNPACKING pc=0x000001b30004e77e sp=0x00000007c79fdb88 mode 0
Event: 2.276 Thread 0x000001b31419eaf0 DEOPT PACKING pc=0x000001b3007f9520 sp=0x00000007c79fe600
Event: 2.276 Thread 0x000001b31419eaf0 DEOPT UNPACKING pc=0x000001b30004e77e sp=0x00000007c79fdb88 mode 0
Event: 11.518 Thread 0x000001b31419d060 Uncommon trap: trap_request=0xffffff45 fr.pc=0x000001b307b59b80 relative=0x0000000000000060
Event: 11.519 Thread 0x000001b31419d060 Uncommon trap: reason=unstable_if action=reinterpret pc=0x000001b307b59b80 method=java.util.HashMap.keySet()Ljava/util/Set; @ 6 c2
Event: 11.519 Thread 0x000001b31419d060 DEOPT PACKING pc=0x000001b307b59b80 sp=0x00000007c77fee90
Event: 11.519 Thread 0x000001b31419d060 DEOPT UNPACKING pc=0x000001b30004f92e sp=0x00000007c77fee28 mode 2
Event: 11.519 Thread 0x000001b314b40a20 Uncommon trap: trap_request=0xffffff45 fr.pc=0x000001b307b54020 relative=0x0000000000000200
Event: 11.519 Thread 0x000001b314b40a20 Uncommon trap: reason=unstable_if action=reinterpret pc=0x000001b307b54020 method=java.util.HashMap$HashIterator.<init>(Ljava/util/HashMap;)V @ 38 c2
Event: 11.519 Thread 0x000001b314b40a20 DEOPT PACKING pc=0x000001b307b54020 sp=0x00000007c6dfef70
Event: 11.519 Thread 0x000001b314b40a20 DEOPT UNPACKING pc=0x000001b30004f92e sp=0x00000007c6dfef18 mode 2

Classes unloaded (0 events):
No events

Classes redefined (0 events):
No events

Internal exceptions (20 events):
Event: 2.134 Thread 0x000001b31419eaf0 Exception <a 'java/lang/ArrayIndexOutOfBoundsException'{0x00000004e6577d20}> (0x00000004e6577d20) 
thrown [t:\workspace\open\src\hotspot\share\runtime\sharedRuntime.cpp, line 624]
Event: 2.134 Thread 0x000001b31419eaf0 Exception <a 'java/lang/ArrayIndexOutOfBoundsException'{0x00000004e6578068}> (0x00000004e6578068) 
thrown [t:\workspace\open\src\hotspot\share\runtime\sharedRuntime.cpp, line 624]
Event: 2.134 Thread 0x000001b31419eaf0 Exception <a 'java/lang/ArrayIndexOutOfBoundsException'{0x00000004e65783b0}> (0x00000004e65783b0) 
thrown [t:\workspace\open\src\hotspot\share\runtime\sharedRuntime.cpp, line 624]
Event: 2.134 Thread 0x000001b31419eaf0 Exception <a 'java/lang/ArrayIndexOutOfBoundsException'{0x00000004e65786f8}> (0x00000004e65786f8) 
thrown [t:\workspace\open\src\hotspot\share\runtime\sharedRuntime.cpp, line 624]
Event: 2.134 Thread 0x000001b31419eaf0 Exception <a 'java/lang/ArrayIndexOutOfBoundsException'{0x00000004e6578a40}> (0x00000004e6578a40) 
thrown [t:\workspace\open\src\hotspot\share\runtime\sharedRuntime.cpp, line 624]
Event: 2.134 Thread 0x000001b31419eaf0 Exception <a 'java/lang/ArrayIndexOutOfBoundsException'{0x00000004e6578d88}> (0x00000004e6578d88) 
thrown [t:\workspace\open\src\hotspot\share\runtime\sharedRuntime.cpp, line 624]
Event: 2.134 Thread 0x000001b31419eaf0 Exception <a 'java/lang/ArrayIndexOutOfBoundsException'{0x00000004e65790d0}> (0x00000004e65790d0) 
thrown [t:\workspace\open\src\hotspot\share\runtime\sharedRuntime.cpp, line 624]
Event: 2.134 Thread 0x000001b31419eaf0 Exception <a 'java/lang/ArrayIndexOutOfBoundsException'{0x00000004e6579418}> (0x00000004e6579418) 
thrown [t:\workspace\open\src\hotspot\share\runtime\sharedRuntime.cpp, line 624]
Event: 2.134 Thread 0x000001b31419eaf0 Exception <a 'java/lang/ArrayIndexOutOfBoundsException'{0x00000004e6579760}> (0x00000004e6579760) 
thrown [t:\workspace\open\src\hotspot\share\runtime\sharedRuntime.cpp, line 624]
Event: 2.134 Thread 0x000001b31419eaf0 Exception <a 'java/lang/ArrayIndexOutOfBoundsException'{0x00000004e6579aa8}> (0x00000004e6579aa8) 
thrown [t:\workspace\open\src\hotspot\share\runtime\sharedRuntime.cpp, line 624]
Event: 2.134 Thread 0x000001b31419eaf0 Exception <a 'java/lang/ArrayIndexOutOfBoundsException'{0x00000004e6579df0}> (0x00000004e6579df0) 
thrown [t:\workspace\open\src\hotspot\share\runtime\sharedRuntime.cpp, line 624]
Event: 2.134 Thread 0x000001b31419eaf0 Exception <a 'java/lang/ArrayIndexOutOfBoundsException'{0x00000004e657a138}> (0x00000004e657a138) 
thrown [t:\workspace\open\src\hotspot\share\runtime\sharedRuntime.cpp, line 624]
Event: 2.134 Thread 0x000001b31419eaf0 Exception <a 'java/lang/ArrayIndexOutOfBoundsException'{0x00000004e657a480}> (0x00000004e657a480) 
thrown [t:\workspace\open\src\hotspot\share\runtime\sharedRuntime.cpp, line 624]
Event: 2.134 Thread 0x000001b31419eaf0 Exception <a 'java/lang/ArrayIndexOutOfBoundsException'{0x00000004e657a7c8}> (0x00000004e657a7c8) 
thrown [t:\workspace\open\src\hotspot\share\runtime\sharedRuntime.cpp, line 624]
Event: 2.134 Thread 0x000001b31419eaf0 Exception <a 'java/lang/ArrayIndexOutOfBoundsException'{0x00000004e657ab10}> (0x00000004e657ab10) 
thrown [t:\workspace\open\src\hotspot\share\runtime\sharedRuntime.cpp, line 624]
Event: 2.134 Thread 0x000001b31419eaf0 Exception <a 'java/lang/ArrayIndexOutOfBoundsException'{0x00000004e657ae58}> (0x00000004e657ae58) 
thrown [t:\workspace\open\src\hotspot\share\runtime\sharedRuntime.cpp, line 624]
Event: 2.134 Thread 0x000001b31419eaf0 Exception <a 'java/lang/ArrayIndexOutOfBoundsException'{0x00000004e657b1a0}> (0x00000004e657b1a0) 
thrown [t:\workspace\open\src\hotspot\share\runtime\sharedRuntime.cpp, line 624]
Event: 2.134 Thread 0x000001b31419eaf0 Exception <a 'java/lang/ArrayIndexOutOfBoundsException'{0x00000004e657b4e8}> (0x00000004e657b4e8) 
thrown [t:\workspace\open\src\hotspot\share\runtime\sharedRuntime.cpp, line 624]
Event: 2.134 Thread 0x000001b31419eaf0 Exception <a 'java/lang/ArrayIndexOutOfBoundsException'{0x00000004e657b830}> (0x00000004e657b830) 
thrown [t:\workspace\open\src\hotspot\share\runtime\sharedRuntime.cpp, line 624]
Event: 11.497 Thread 0x000001b3141a0580 Exception <a 'java/lang/InterruptedException'{0x00000004e4e00800}> (0x00000004e4e00800) 
thrown [t:\workspace\open\src\hotspot\share\runtime\objectMonitor.cpp, line 1705]

Events (20 events):
Event: 8.989 Executing  VM operation: Cleanup
Event: 8.989 Executing  VM operation: Cleanup done
Event: 9.990 Executing  VM operation: Cleanup
Event: 9.990 Executing  VM operation: Cleanup done
Event: 10.991 Executing  VM operation: Cleanup
Event: 10.991 Executing  VM operation: Cleanup done
Event: 11.497 Thread 0x000001b31419d060 Thread added: 0x000001b31419d060
Event: 11.498 Thread 0x000001b31419fae0 Thread added: 0x000001b31419fae0
Event: 11.498 Thread 0x000001b31419d5b0 Thread added: 0x000001b31419d5b0
Event: 11.498 Thread 0x000001b3141a0580 Thread exited: 0x000001b3141a0580
Event: 11.498 Thread 0x000001b3141a0580 Thread added: 0x000001b3141a0580
Event: 11.498 loading class java/nio/channels/ClosedChannelException
Event: 11.498 loading class java/nio/channels/ClosedChannelException done
Event: 11.498 Thread 0x000001b31419d5b0 Thread exited: 0x000001b31419d5b0
Event: 11.498 Thread 0x000001b3144fe0c0 Thread exited: 0x000001b3144fe0c0
Event: 11.500 Thread 0x000001b313a6e570 Thread exited: 0x000001b313a6e570
Event: 11.523 Thread 0x000001b314b40a20 Thread exited: 0x000001b314b40a20
Event: 11.526 Thread 0x000001b31419d060 Thread exited: 0x000001b31419d060
Event: 11.598 Thread 0x000001b31419fae0 Thread exited: 0x000001b31419fae0
Event: 11.599 Executing  VM operation: Exit


Dynamic libraries:
0x00007ff745bd0000 - 0x00007ff745be0000 	C:\Program Files\Java\jdk-16.0.2\bin\javaw.exe
0x00007ffcfc5b0000 - 0x00007ffcfc7a5000 	C:\windows\SYSTEM32\ntdll.dll
0x00007ffcfc490000 - 0x00007ffcfc54e000 	C:\windows\System32\KERNEL32.DLL
0x00007ffcf9df0000 - 0x00007ffcfa0b8000 	C:\windows\System32\KERNELBASE.dll
0x00007ffcf9cf0000 - 0x00007ffcf9df0000 	C:\windows\System32\ucrtbase.dll
0x00007ffcdfde0000 - 0x00007ffcdfdf8000 	C:\Program Files\Java\jdk-16.0.2\bin\jli.dll
0x00007ffcc2640000 - 0x00007ffcc2659000 	C:\Program Files\Java\jdk-16.0.2\bin\VCRUNTIME140.dll
0x00007ffcfaff0000 - 0x00007ffcfb09c000 	C:\windows\System32\ADVAPI32.dll
0x00007ffcfc370000 - 0x00007ffcfc40e000 	C:\windows\System32\msvcrt.dll
0x00007ffcfc0b0000 - 0x00007ffcfc14b000 	C:\windows\System32\sechost.dll
0x00007ffcfaec0000 - 0x00007ffcfafea000 	C:\windows\System32\RPCRT4.dll
0x00007ffcfb700000 - 0x00007ffcfb8a1000 	C:\windows\System32\USER32.dll
0x00007ffcfa170000 - 0x00007ffcfa192000 	C:\windows\System32\win32u.dll
0x00007ffcda9c0000 - 0x00007ffcdac5a000 	C:\windows\WinSxS\amd64_microsoft.windows.common-controls_6595b64144ccf1df_6.0.19041.1110_none_60b5254171f9507e\COMCTL32.dll
0x00007ffcfbed0000 - 0x00007ffcfbefb000 	C:\windows\System32\GDI32.dll
0x00007ffcfa290000 - 0x00007ffcfa39d000 	C:\windows\System32\gdi32full.dll
0x00007ffcfa1a0000 - 0x00007ffcfa23d000 	C:\windows\System32\msvcp_win.dll
0x00007ffcef800000 - 0x00007ffcef80a000 	C:\windows\SYSTEM32\VERSION.dll
0x00007ffcfb100000 - 0x00007ffcfb130000 	C:\windows\System32\IMM32.DLL
0x00007ffcf3890000 - 0x00007ffcf389c000 	C:\Program Files\Java\jdk-16.0.2\bin\vcruntime140_1.dll
0x00007ffc8a2f0000 - 0x00007ffc8a381000 	C:\Program Files\Java\jdk-16.0.2\bin\msvcp140.dll
0x00007ffc7f3e0000 - 0x00007ffc7ff8b000 	C:\Program Files\Java\jdk-16.0.2\bin\server\jvm.dll
0x00007ffcfb130000 - 0x00007ffcfb138000 	C:\windows\System32\PSAPI.DLL
0x00007ffcec570000 - 0x00007ffcec579000 	C:\windows\SYSTEM32\WSOCK32.dll
0x00007ffcdac60000 - 0x00007ffcdac87000 	C:\windows\SYSTEM32\WINMM.dll
0x00007ffcfb5b0000 - 0x00007ffcfb61b000 	C:\windows\System32\WS2_32.dll
0x00007ffcf8570000 - 0x00007ffcf8582000 	C:\windows\SYSTEM32\kernel.appcore.dll
0x00007ffce7270000 - 0x00007ffce727a000 	C:\Program Files\Java\jdk-16.0.2\bin\jimage.dll
0x00007ffcf8240000 - 0x00007ffcf8424000 	C:\windows\SYSTEM32\DBGHELP.DLL
0x00007ffce76f0000 - 0x00007ffce771c000 	C:\windows\SYSTEM32\dbgcore.DLL
0x00007ffcfa500000 - 0x00007ffcfa582000 	C:\windows\System32\bcryptPrimitives.dll
0x00007ffcb3d10000 - 0x00007ffcb3d35000 	C:\Program Files\Java\jdk-16.0.2\bin\java.dll
0x00007ffcfa770000 - 0x00007ffcfaeb4000 	C:\windows\System32\SHELL32.dll
0x00007ffcf79d0000 - 0x00007ffcf8164000 	C:\windows\SYSTEM32\windows.storage.dll
0x00007ffcfb250000 - 0x00007ffcfb5a5000 	C:\windows\System32\combase.dll
0x00007ffcf9710000 - 0x00007ffcf973e000 	C:\windows\SYSTEM32\Wldp.dll
0x00007ffcfc1e0000 - 0x00007ffcfc28d000 	C:\windows\System32\SHCORE.dll
0x00007ffcfb0a0000 - 0x00007ffcfb0f5000 	C:\windows\System32\shlwapi.dll
0x00007ffcf9c00000 - 0x00007ffcf9c1f000 	C:\windows\SYSTEM32\profapi.dll
0x00007ffcc1980000 - 0x00007ffcc1999000 	C:\Program Files\Java\jdk-16.0.2\bin\net.dll
0x00007ffcf4a20000 - 0x00007ffcf4b2c000 	C:\windows\SYSTEM32\WINHTTP.dll
0x00007ffcf9470000 - 0x00007ffcf94da000 	C:\windows\system32\mswsock.dll
0x00007ffcb6aa0000 - 0x00007ffcb6ab3000 	C:\Program Files\Java\jdk-16.0.2\bin\nio.dll
0x00007ffcb55b0000 - 0x00007ffcb55c8000 	C:\Program Files\Java\jdk-16.0.2\bin\zip.dll
0x00007ffce5f60000 - 0x00007ffce5f70000 	C:\Program Files\Java\jdk-16.0.2\bin\verify.dll
0x00007ffca8750000 - 0x00007ffca88d0000 	C:\Program Files\Java\jdk-16.0.2\bin\awt.dll
0x00007ffcfb620000 - 0x00007ffcfb6ed000 	C:\windows\System32\OLEAUT32.dll
0x00007ffcf7190000 - 0x00007ffcf7220000 	C:\windows\SYSTEM32\apphelp.dll
0x00007ffcf72f0000 - 0x00007ffcf738e000 	C:\windows\system32\uxtheme.dll
0x00007ffcfa5f0000 - 0x00007ffcfa705000 	C:\windows\System32\MSCTF.dll
0x00007ffcfb8b0000 - 0x00007ffcfb9da000 	C:\windows\System32\ole32.dll
0x00007ffcf74e0000 - 0x00007ffcf750f000 	C:\windows\system32\DWMAPI.DLL
0x00007ffcc8b20000 - 0x00007ffcc8c45000 	C:\windows\system32\opengl32.dll
0x00007ffce1670000 - 0x00007ffce169c000 	C:\windows\SYSTEM32\GLU32.dll
0x00007ffcf9660000 - 0x00007ffcf9678000 	C:\windows\SYSTEM32\CRYPTSP.dll
0x00007ffcf8d80000 - 0x00007ffcf8db4000 	C:\windows\system32\rsaenh.dll
0x00007ffcf9cc0000 - 0x00007ffcf9ce7000 	C:\windows\System32\bcrypt.dll
0x00007ffcf9b80000 - 0x00007ffcf9bae000 	C:\windows\SYSTEM32\USERENV.dll
0x00007ffcf9680000 - 0x00007ffcf968c000 	C:\windows\SYSTEM32\CRYPTBASE.dll
0x00007ffcf9110000 - 0x00007ffcf914b000 	C:\windows\SYSTEM32\IPHLPAPI.DLL
0x00007ffcfbec0000 - 0x00007ffcfbec8000 	C:\windows\System32\NSI.dll
0x00007ffcef4b0000 - 0x00007ffcef4c7000 	C:\windows\SYSTEM32\dhcpcsvc6.DLL
0x00007ffcef930000 - 0x00007ffcef94d000 	C:\windows\SYSTEM32\dhcpcsvc.DLL
0x00007ffcf9150000 - 0x00007ffcf921b000 	C:\windows\SYSTEM32\DNSAPI.dll
0x00000000637c0000 - 0x00000000637cd000 	C:\Users\sethr\AppData\Local\Temp\jogamp_0000\file_cache\jln14791757988642288342\jln12382114908526771561\natives\windows-amd64\gluegen-rt.dll
0x00007ffcf38e0000 - 0x00007ffcf38e7000 	C:\Program Files\Java\jdk-16.0.2\bin\jawt.dll
0x000000006a440000 - 0x000000006a44d000 	C:\Users\sethr\AppData\Local\Temp\jogamp_0000\file_cache\jln14791757988642288342\jln12382114908526771561\natives\windows-amd64\nativewindow_awt.dll
0x000000006c100000 - 0x000000006c10f000 	C:\Users\sethr\AppData\Local\Temp\jogamp_0000\file_cache\jln14791757988642288342\jln12382114908526771561\natives\windows-amd64\nativewindow_win32.dll
0x000000006cbc0000 - 0x000000006cbd3000 	C:\Users\sethr\AppData\Local\Temp\jogamp_0000\file_cache\jln14791757988642288342\jln12382114908526771561\natives\windows-amd64\newt.dll
0x00007ffcf4300000 - 0x00007ffcf43ae000 	C:\windows\SYSTEM32\mscms.dll
0x00007ffcf42c0000 - 0x00007ffcf42d1000 	C:\windows\SYSTEM32\ColorAdapterClient.dll
0x00007ffcb5910000 - 0x00007ffcb5953000 	C:\windows\SYSTEM32\icm32.dll
0x00007ffcfb9e0000 - 0x00007ffcfbe52000 	C:\windows\System32\setupapi.dll
0x00007ffcfa240000 - 0x00007ffcfa28e000 	C:\windows\System32\cfgmgr32.dll
0x00007ffcf9a60000 - 0x00007ffcf9a94000 	C:\windows\SYSTEM32\DEVOBJ.dll
0x00007ffcfa590000 - 0x00007ffcfa5f0000 	C:\windows\System32\WINTRUST.dll
0x00007ffcfa3a0000 - 0x00007ffcfa4f6000 	C:\windows\System32\CRYPT32.dll
0x00007ffcf98a0000 - 0x00007ffcf98b2000 	C:\windows\SYSTEM32\MSASN1.dll
0x0000000064500000 - 0x00000000645b1000 	C:\Users\sethr\AppData\Local\Temp\jogamp_0000\file_cache\jln14791757988642288342\jln12382114908526771561\natives\windows-amd64\jogl_desktop.dll
0x0000000064340000 - 0x00000000643a2000 	C:\Users\sethr\AppData\Local\Temp\jogamp_0000\file_cache\jln14791757988642288342\jln12382114908526771561\natives\windows-amd64\jogl_mobile.dll
0x00007ffcfb1a0000 - 0x00007ffcfb249000 	C:\windows\System32\clbcatq.dll
0x00007ffc680e0000 - 0x00007ffc690e0000 	C:\windows\System32\DriverStore\FileRepository\iigd_dch.inf_amd64_14d6d9e2312c79ae\igxelpicd64.dll
0x00007ffcf86d0000 - 0x00007ffcf87c4000 	C:\windows\system32\dxgi.dll
0x00007ffc715b0000 - 0x00007ffc71a14000 	C:\windows\System32\DriverStore\FileRepository\iigd_dch.inf_amd64_14d6d9e2312c79ae\igdml64.dll
0x00007ffcccd00000 - 0x00007ffccd0bd000 	C:\windows\System32\DriverStore\FileRepository\iigd_dch.inf_amd64_14d6d9e2312c79ae\igdgmm64.dll
0x00007ffcc9ac0000 - 0x00007ffccccf8000 	C:\windows\System32\DriverStore\FileRepository\iigd_dch.inf_amd64_14d6d9e2312c79ae\igc64.dll
0x00007ffcf9280000 - 0x00007ffcf92cb000 	C:\windows\SYSTEM32\powrprof.dll
0x00007ffcf90f0000 - 0x00007ffcf9102000 	C:\windows\SYSTEM32\UMPDC.dll
0x00007ffcd1810000 - 0x00007ffcd1909000 	C:\windows\SYSTEM32\textinputframework.dll
0x00007ffcf6d50000 - 0x00007ffcf6e42000 	C:\windows\System32\CoreMessaging.dll
0x00007ffcf69f0000 - 0x00007ffcf6d4e000 	C:\windows\System32\CoreUIComponents.dll
0x00007ffcf8b30000 - 0x00007ffcf8b63000 	C:\windows\SYSTEM32\ntmarta.dll
0x00007ffcf61d0000 - 0x00007ffcf6324000 	C:\windows\SYSTEM32\wintypes.dll
0x00007ffcf3a80000 - 0x00007ffcf3ae6000 	C:\windows\system32\Oleacc.dll

dbghelp: loaded successfully - version: 4.0.5 - missing functions: none
symbol engine: initialized successfully - sym options: 0x614 - pdb path: .;C:\Program Files\Java\jdk-16.0.2\bin;C:\windows\SYSTEM32;C:\windows\WinSxS\amd64_microsoft.windows.common-controls_6595b64144ccf1df_6.0.19041.1110_none_60b5254171f9507e;C:\Program Files\Java\jdk-16.0.2\bin\server;C:\Users\sethr\AppData\Local\Temp\jogamp_0000\file_cache\jln14791757988642288342\jln12382114908526771561\natives\windows-amd64;C:\windows\System32\DriverStore\FileRepository\iigd_dch.inf_amd64_14d6d9e2312c79ae

VM Arguments:
jvm_args: -Dfile.encoding=Cp1252 -XX:+ShowCodeDetailsInExceptionMessages 
java_command: energywaves.Main
java_class_path (initial): C:\Users\sethr\eclipse-workspace\energywaves\target\classes;C:\Users\sethr\.m2\repository\org\processing\core\3.3.6\core-3.3.6.jar;C:\Users\sethr\.m2\repository\org\jogamp\gluegen\gluegen-rt-main\2.3.2\gluegen-rt-main-2.3.2.jar;C:\Users\sethr\.m2\repository\org\jogamp\gluegen\gluegen-rt\2.3.2\gluegen-rt-2.3.2.jar;C:\Users\sethr\.m2\repository\org\jogamp\gluegen\gluegen-rt\2.3.2\gluegen-rt-2.3.2-natives-android-aarch64.jar;C:\Users\sethr\.m2\repository\org\jogamp\gluegen\gluegen-rt\2.3.2\gluegen-rt-2.3.2-natives-android-armv6.jar;C:\Users\sethr\.m2\repository\org\jogamp\gluegen\gluegen-rt\2.3.2\gluegen-rt-2.3.2-natives-linux-amd64.jar;C:\Users\sethr\.m2\repository\org\jogamp\gluegen\gluegen-rt\2.3.2\gluegen-rt-2.3.2-natives-linux-armv6.jar;C:\Users\sethr\.m2\repository\org\jogamp\gluegen\gluegen-rt\2.3.2\gluegen-rt-2.3.2-natives-linux-armv6hf.jar;C:\Users\sethr\.m2\repository\org\jogamp\gluegen\gluegen-rt\2.3.2\gluegen-rt-2.3.2-natives-linux-i586.jar;C:\Users\sethr\.m2\repository\org\jogamp\gluegen\gluegen-rt\2.3.2\gluegen-rt-2.3.2-natives-macosx-universal.jar;C:\Users\sethr\.m2\repository\org\jogamp\gluegen\gluegen-rt\2.3.2\gluegen-rt-2.3.2-natives-solaris-amd64.jar;C:\Users\sethr\.m2\repository\org\jogamp\gluegen\gluegen-rt\2.3.2\gluegen-rt-2.3.2-natives-solaris-i586.jar;C:\Users\sethr\.m2\repository\org\jogamp\gluegen\gluegen-rt\2.3.2\gluegen-rt-2.3.2-natives-windows-amd64.jar;C:\Users\sethr\.m2\repository\org\jogamp\gluegen\gluegen-rt\2.3.2\gluegen-rt-2.3.2-natives-windows-i586.jar;C:\Users\sethr\.m2\repository\org\jogamp\jogl\jogl-all-main\2.3.2\jogl-all-main-2.3.2.jar;C:\Users\sethr\.m2\repository\org\jogamp\jogl\jogl-all\2.3.2\jogl-all-2.3.2.jar;C:\Users\sethr\.m2\repository\org\jogamp\jogl\jogl-all\2.3.2\jogl-all-2.3.2-natives-android-aarch64.jar;C:\Users\sethr\.m2\repository\org\jogamp\jogl\jogl-all\2.3.2\jogl-all-2.3.2-natives-android-armv6.jar;C:\Users\sethr\.m2\repository\org\jogamp\jogl\jogl-all\2.3.2\jogl-all-2.3.2-natives-l
Launcher Type: SUN_STANDARD

[Global flags]
     intx CICompilerCount                          = 4                                         {product} {ergonomic}
     uint ConcGCThreads                            = 2                                         {product} {ergonomic}
     uint G1ConcRefinementThreads                  = 8                                         {product} {ergonomic}
   size_t G1HeapRegionSize                         = 2097152                                   {product} {ergonomic}
    uintx GCDrainStackTargetSize                   = 64                                        {product} {ergonomic}
   size_t InitialHeapSize                          = 266338304                                 {product} {ergonomic}
   size_t MarkStackSize                            = 4194304                                   {product} {ergonomic}
   size_t MaxHeapSize                              = 4234149888                                {product} {ergonomic}
   size_t MaxNewSize                               = 2539651072                                {product} {ergonomic}
   size_t MinHeapDeltaBytes                        = 2097152                                   {product} {ergonomic}
   size_t MinHeapSize                              = 8388608                                   {product} {ergonomic}
    uintx NonNMethodCodeHeapSize                   = 5839372                                {pd product} {ergonomic}
    uintx NonProfiledCodeHeapSize                  = 122909434                              {pd product} {ergonomic}
    uintx ProfiledCodeHeapSize                     = 122909434                              {pd product} {ergonomic}
    uintx ReservedCodeCacheSize                    = 251658240                              {pd product} {ergonomic}
     bool SegmentedCodeCache                       = true                                      {product} {ergonomic}
     bool ShowCodeDetailsInExceptionMessages       = true                                   {manageable} {command line}
   size_t SoftMaxHeapSize                          = 4234149888                             {manageable} {ergonomic}
     bool UseCompressedClassPointers               = true                           {product lp64_product} {ergonomic}
     bool UseCompressedOops                        = true                           {product lp64_product} {ergonomic}
     bool UseG1GC                                  = true                                      {product} {ergonomic}
     bool UseLargePagesIndividualAllocation        = false                                  {pd product} {ergonomic}

Logging:
Log output configuration:
 #0: stdout all=off uptime,level,tags
 #1: stderr all=off uptime,level,tags

Environment Variables:
PATH=C:\Program Files\Oculus\Support\oculus-runtime;C:\Program Files\Common Files\Oracle\Java\javapath;C:\windows\system32;C:\windows;C:\windows\System32\Wbem;C:\windows\System32\WindowsPowerShell\v1.0\;C:\windows\System32\OpenSSH\;C:\MinGW\mingw32\bin;C:\ProgramData\chocolatey\bin;C:\ProgramData\chocolatey\bin\make.exe;C:\Program Files\Git\cmd;C:\Program Files\nodejs\;C:\Users\sethr\AppData\Local\Programs\Python\Python39\Scripts\;C:\Users\sethr\AppData\Local\Programs\Python\Python39\;C:\Users\sethr\AppData\Local\Microsoft\WindowsApps;C:\Users\sethr\AppData\Local\Programs\Microsoft VS Code\bin;C:\Users\sethr\AppData\Local\GitHubDesktop\bin;C:\Users\sethr\AppData\Roaming\npm
USERNAME=sethr
OS=Windows_NT
PROCESSOR_IDENTIFIER=Intel64 Family 6 Model 140 Stepping 1, GenuineIntel



---------------  S Y S T E M  ---------------

OS:
 Windows 10 , 64 bit Build 19041 (10.0.19041.1348)
OS uptime: 0 days 16:10 hours

CPU: total 8 (initial active 8) (4 cores per cpu, 2 threads per core) family 6 model 140 stepping 1 microcode 0x86, cx8, cmov, fxsr, ht, mmx, 3dnowpref, sse, sse2, sse3, ssse3, sse4.1, sse4.2, popcnt, lzcnt, tsc, tscinvbit, avx, avx2, aes, erms, clmul, bmi1, bmi2, adx, avx512f, avx512dq, avx512cd, avx512bw, avx512vl, sha, fma, vzeroupper, avx512_vpopcntdq, avx512_vpclmulqdq, avx512_vaes, avx512_vnni, clflush, clflushopt, clwb, avx512_vmbi2, avx512_vmbi

Memory: 4k page, system-wide physical 16149M (8855M free)
TotalPageFile size 22549M (AvailPageFile size 13380M)
current process WorkingSet (physical memory assigned to process): 342M, peak: 349M
current process commit charge ("private bytes"): 519M, peak: 534M

vm_info: Java HotSpot(TM) 64-Bit Server VM (16.0.2+7-67) for windows-amd64 JRE (16.0.2+7-67), built on Jun  8 2021 23:24:19 by "mach5one" with MS VC++ 16.7 (VS2019)

END.
