#
# A fatal error has been detected by the Java Runtime Environment:
#
#  EXCEPTION_ACCESS_VIOLATION (0xc0000005) at pc=0x00007ffc70ca2c4c, pid=18316, tid=5268
#
# JRE version: Java(TM) SE Runtime Environment (16.0.2+7) (build 16.0.2+7-67)
# Java VM: Java HotSpot(TM) 64-Bit Server VM (16.0.2+7-67, mixed mode, sharing, tiered, compressed oops, compressed class ptrs, g1 gc, windows-amd64)
# Problematic frame:
# C  [igxelpicd64.dll+0x282c4c]
#
# No core dump will be written. Minidumps are not enabled by default on client versions of Windows
#
# If you would like to submit a bug report, please visit:
#   https://bugreport.java.com/bugreport/crash.jsp
#

---------------  S U M M A R Y ------------

Command Line: -Dfile.encoding=Cp1252 -XX:+ShowCodeDetailsInExceptionMessages energywaves.Main

Host: 11th Gen Intel(R) Core(TM) i7-1165G7 @ 2.80GHz, 8 cores, 15G,  Windows 10 , 64 bit Build 19041 (10.0.19041.1348)
Time: Thu Dec 16 14:26:46 2021 Eastern Standard Time elapsed time: 11.222563 seconds (0d 0h 0m 11s)

---------------  T H R E A D  ---------------

Current thread (0x0000020841cbfa30):  VMThread "VM Thread" [stack: 0x00000055d4e00000,0x00000055d4f00000] [id=5268]

Stack: [0x00000055d4e00000,0x00000055d4f00000],  sp=0x00000055d4efe4c0,  free space=1017k
Native frames: (J=compiled Java code, j=interpreted, Vv=VM code, C=native code)
C  [igxelpicd64.dll+0x282c4c]


siginfo: EXCEPTION_ACCESS_VIOLATION (0xc0000005), reading address 0x00000000000356f8


Register to memory mapping:

RIP=0x00007ffc70ca2c4c igxelpicd64.dll
RAX=0x0000020851f0b730 points into unknown readable memory: 0x000000000000336b | 6b 33 00 00 00 00 00 00
RBX=0x0000020843383980 points into unknown readable memory: 0xffffffffffffffff | ff ff ff ff ff ff ff ff
RCX=0x0 is NULL
RDX=0x0000000000000002 is an unknown value
RSP=0x00000055d4efe4c0 points into unknown readable memory: 0x0000020843383980 | 80 39 38 43 08 02 00 00
RBP=0x0000000000000016 is an unknown value
RSI=0x0000020844cb9bb0 points into unknown readable memory: 0x0000000000000000 | 00 00 00 00 00 00 00 00
RDI=0x0 is NULL
R8 =0x0000000000000014 is an unknown value
R9 =0x0 is NULL
R10=0x0 is NULL
R11=0x0000000000000246 is an unknown value
R12=0x0000020851f0bb68 points into unknown readable memory: 0x0000020851f07680 | 80 76 f0 51 08 02 00 00
R13=0x0 is NULL
R14=0x0000020851f0b5a0 points into unknown readable memory: 0x00000208432aea30 | 30 ea 2a 43 08 02 00 00
R15=0x0 is NULL


Registers:
RAX=0x0000020851f0b730, RBX=0x0000020843383980, RCX=0x0000000000000000, RDX=0x0000000000000002
RSP=0x00000055d4efe4c0, RBP=0x0000000000000016, RSI=0x0000020844cb9bb0, RDI=0x0000000000000000
R8 =0x0000000000000014, R9 =0x0000000000000000, R10=0x0000000000000000, R11=0x0000000000000246
R12=0x0000020851f0bb68, R13=0x0000000000000000, R14=0x0000020851f0b5a0, R15=0x0000000000000000
RIP=0x00007ffc70ca2c4c, EFLAGS=0x0000000000010206

Top of Stack: (sp=0x00000055d4efe4c0)
0x00000055d4efe4c0:   0000020843383980 00007ffcfb71d859
0x00000055d4efe4d0:   00000055d4efe558 0000000000000000
0x00000055d4efe4e0:   0000000000000054 0000020843383980
0x00000055d4efe4f0:   00000055d4efe710 00007ffcfc650ba4
0x00000055d4efe500:   00000055d4efe670 0000000000000000
0x00000055d4efe510:   000002081cee0b54 00000208454f8eb8
0x00000055d4efe520:   0000000000003383 0000000000000000
0x00000055d4efe530:   0000000000000014 0000000000000000
0x00000055d4efe540:   0000000000000000 00000055d4efe660
0x00000055d4efe550:   0000020844cb9bb0 00007ffc70ad769c
0x00000055d4efe560:   0000020800000016 0000020851f07680
0x00000055d4efe570:   00000055d43e7000 00007ffcfc5cd200
0x00000055d4efe580:   0000005500000ba8 0000b80219960000
0x00000055d4efe590:   0000000000000000 000002081ced0000
0x00000055d4efe5a0:   00007ffcfc6178c0 00000004f46857d4
0x00000055d4efe5b0:   00000000000004b4 000002081ced1c04 

Instructions: (pc=0x00007ffc70ca2c4c)
0x00007ffc70ca2b4c:   41 bf 20 00 00 00 48 8b 04 38 4d 8b 3c 07 0f b6
0x00007ffc70ca2b5c:   bc 24 b0 00 00 00 4c 3b 3d d7 f8 cb 00 41 0f 44
0x00007ffc70ca2b6c:   e9 89 ac 24 a0 00 00 00 48 85 c9 0f 84 d4 07 00
0x00007ffc70ca2b7c:   00 0f 1f 00 4c 8b f1 4c 8d a1 c8 05 00 00 49 8b
0x00007ffc70ca2b8c:   04 24 48 89 84 24 a8 00 00 00 40 84 ff 74 10 48
0x00007ffc70ca2b9c:   8b d1 48 8b 09 e8 ea 8d e3 ff e9 4f 07 00 00 8b
0x00007ffc70ca2bac:   96 d0 01 00 00 48 8b 05 58 dd bb 00 83 b8 64 03
0x00007ffc70ca2bbc:   00 00 02 0f 85 19 02 00 00 83 fa 10 73 0e 48 8d
0x00007ffc70ca2bcc:   42 04 48 8d 04 c2 48 8d 04 c1 eb 60 8d 4a f0 8b
0x00007ffc70ca2bdc:   c1 c1 e8 04 83 f8 03 73 1d 0f ae e8 83 e1 0f 4d
0x00007ffc70ca2bec:   8b 84 c6 80 05 00 00 4d 85 c0 74 25 48 8d 0c c9
0x00007ffc70ca2bfc:   49 8d 04 c8 eb 36 49 8b 86 98 05 00 00 48 85 c0
0x00007ffc70ca2c0c:   74 0f 66 90 39 10 74 2f 48 8b 40 50 48 85 c0 75
0x00007ffc70ca2c1c:   f3 41 80 be a0 05 00 00 00 74 22 8b c2 83 e0 0f
0x00007ffc70ca2c2c:   48 8d 04 c0 48 8d 40 20 49 8d 04 c6 48 85 c0 74
0x00007ffc70ca2c3c:   0c 48 8b 48 08 eb 09 48 83 c0 08 eb ef 49 8b c9
0x00007ffc70ca2c4c:   49 3b 8f f8 56 03 00 0f 86 85 01 00 00 83 fa 10
0x00007ffc70ca2c5c:   73 0a 48 8d 42 04 48 8d 04 c2 eb 5c 8d 4a f0 8b
0x00007ffc70ca2c6c:   c1 c1 e8 04 83 f8 03 73 1d 0f ae e8 83 e1 0f 4d
0x00007ffc70ca2c7c:   8b 84 c6 80 05 00 00 4d 85 c0 74 25 48 8d 0c c9
0x00007ffc70ca2c8c:   49 8d 04 c8 eb 36 49 8b 86 98 05 00 00 48 85 c0
0x00007ffc70ca2c9c:   74 0f 66 90 39 10 74 2f 48 8b 40 50 48 85 c0 75
0x00007ffc70ca2cac:   f3 41 80 be a0 05 00 00 00 74 22 8b c2 83 e0 0f
0x00007ffc70ca2cbc:   48 8d 04 c0 48 8d 40 20 49 8d 04 c6 48 85 c0 74
0x00007ffc70ca2ccc:   0c 48 8b 48 08 eb 09 48 83 c0 08 eb ef 49 8b c9
0x00007ffc70ca2cdc:   49 3b 8e 40 06 00 00 0f 86 f5 00 00 00 48 8b 86
0x00007ffc70ca2cec:   80 02 00 00 49 89 04 24 4c 89 b6 80 02 00 00 ff
0x00007ffc70ca2cfc:   86 88 02 00 00 ba 01 00 00 00 49 8b 4e 08 e8 41
0x00007ffc70ca2d0c:   28 59 00 0f b7 c8 48 2b c1 48 05 00 00 01 00 48
0x00007ffc70ca2d1c:   01 86 90 02 00 00 ba 01 00 00 00 49 8b 4e 08 e8
0x00007ffc70ca2d2c:   20 28 59 00 48 01 86 a0 02 00 00 85 ed 74 75 49
0x00007ffc70ca2d3c:   8b 9f 58 4f 03 00 0f 57 c0 f3 0f 7f 44 24 30 c7 


Stack slot to memory mapping:
stack at sp + 0 slots: 0x0000020843383980 points into unknown readable memory: 0xffffffffffffffff | ff ff ff ff ff ff ff ff
stack at sp + 1 slots: 0x00007ffcfb71d859 USER32.dll
stack at sp + 2 slots: 0x00000055d4efe558 points into unknown readable memory: 0x00007ffc70ad769c | 9c 76 ad 70 fc 7f 00 00
stack at sp + 3 slots: 0x0 is NULL
stack at sp + 4 slots: 0x0000000000000054 is an unknown value
stack at sp + 5 slots: 0x0000020843383980 points into unknown readable memory: 0xffffffffffffffff | ff ff ff ff ff ff ff ff
stack at sp + 6 slots: 0x00000055d4efe710 points into unknown readable memory: 0x0000000000000000 | 00 00 00 00 00 00 00 00
stack at sp + 7 slots: 0x00007ffcfc650ba4 ntdll.dll

VM_Operation (0x00000055d6efe3d0): Exit, mode: safepoint, requested by thread 0x00000208432f49b0


---------------  P R O C E S S  ---------------

Threads class SMR info:
_java_thread_list=0x0000020845568610, length=16, elements={
0x0000020841cc2420, 0x0000020841cc2f30, 0x0000020841cd39c0, 0x0000020841cd64e0,
0x0000020841cdae10, 0x0000020841cdb720, 0x000002081d071ed0, 0x000002081d071940,
0x0000020841ce7380, 0x000002084290be50, 0x000002084290e680, 0x0000020842bf86c0,
0x00000208432f4f00, 0x00000208432f4460, 0x00000208432f49b0, 0x00000208432f59a0
}

Java Threads: ( => current thread )
  0x0000020841cc2420 JavaThread "Reference Handler" daemon [_thread_blocked, id=18028, stack(0x00000055d4f00000,0x00000055d5000000)]
  0x0000020841cc2f30 JavaThread "Finalizer" daemon [_thread_blocked, id=13148, stack(0x00000055d5000000,0x00000055d5100000)]
  0x0000020841cd39c0 JavaThread "Signal Dispatcher" daemon [_thread_blocked, id=13488, stack(0x00000055d5100000,0x00000055d5200000)]
  0x0000020841cd64e0 JavaThread "Attach Listener" daemon [_thread_blocked, id=6848, stack(0x00000055d5200000,0x00000055d5300000)]
  0x0000020841cdae10 JavaThread "Service Thread" daemon [_thread_blocked, id=4788, stack(0x00000055d5300000,0x00000055d5400000)]
  0x0000020841cdb720 JavaThread "Monitor Deflation Thread" daemon [_thread_blocked, id=18364, stack(0x00000055d5400000,0x00000055d5500000)]
  0x000002081d071ed0 JavaThread "C2 CompilerThread0" daemon [_thread_blocked, id=4820, stack(0x00000055d5500000,0x00000055d5600000)]
  0x000002081d071940 JavaThread "C1 CompilerThread0" daemon [_thread_blocked, id=11812, stack(0x00000055d5600000,0x00000055d5700000)]
  0x0000020841ce7380 JavaThread "Sweeper thread" daemon [_thread_blocked, id=14468, stack(0x00000055d5700000,0x00000055d5800000)]
  0x000002084290be50 JavaThread "Notification Thread" daemon [_thread_blocked, id=16000, stack(0x00000055d5800000,0x00000055d5900000)]
  0x000002084290e680 JavaThread "Common-Cleaner" daemon [_thread_blocked, id=18204, stack(0x00000055d5a00000,0x00000055d5b00000)]
  0x0000020842bf86c0 JavaThread "Java2D Disposer" daemon [_thread_blocked, id=18424, stack(0x00000055d5b00000,0x00000055d5c00000)]
  0x00000208432f4f00 JavaThread "HighResTimerThread" daemon [_thread_blocked, id=17856, stack(0x00000055d6a00000,0x00000055d6b00000)]
  0x00000208432f4460 JavaThread "DestroyJavaVM" [_thread_blocked, id=10928, stack(0x00000055d4800000,0x00000055d4900000)]
  0x00000208432f49b0 JavaThread "main-FPSAWTAnimator#00-Timer0-FPSAWTAnimator#00-Timer1" [_thread_blocked, id=12392, stack(0x00000055d6e00000,0x00000055d6f00000)]
  0x00000208432f59a0 JavaThread "AWT-Shutdown" [_thread_blocked, id=240, stack(0x00000055d6b00000,0x00000055d6c00000)]

Other Threads:
=>0x0000020841cbfa30 VMThread "VM Thread" [stack: 0x00000055d4e00000,0x00000055d4f00000] [id=5268]
  0x000002081f210c20 GCTaskThread "GC Thread#0" [stack: 0x00000055d4900000,0x00000055d4a00000] [id=16856]
  0x0000020844edbb10 GCTaskThread "GC Thread#1" [stack: 0x00000055d6400000,0x00000055d6500000] [id=8020]
  0x0000020844edc180 GCTaskThread "GC Thread#2" [stack: 0x00000055d6500000,0x00000055d6600000] [id=14860]
  0x0000020844edcdc0 GCTaskThread "GC Thread#3" [stack: 0x00000055d6600000,0x00000055d6700000] [id=9432]
  0x0000020844edc490 GCTaskThread "GC Thread#4" [stack: 0x00000055d6700000,0x00000055d6800000] [id=13264]
  0x0000020844edc7a0 GCTaskThread "GC Thread#5" [stack: 0x00000055d6800000,0x00000055d6900000] [id=3032]
  0x0000020844edd0d0 GCTaskThread "GC Thread#6" [stack: 0x00000055d6900000,0x00000055d6a00000] [id=10788]
  0x0000020844c50af0 GCTaskThread "GC Thread#7" [stack: 0x00000055d6c00000,0x00000055d6d00000] [id=1720]
  0x000002081f2228d0 ConcurrentGCThread "G1 Main Marker" terminated
  0x000002081f223a70 ConcurrentGCThread "G1 Conc#0" [stack: 0x00000055d4b00000,0x00000055d4c00000] [id=13428]
  0x000002081f29d290 ConcurrentGCThread "G1 Refine#0" terminated
  0x000002081f29dca0 ConcurrentGCThread "G1 Service" terminated

Threads with active compile tasks:

VM state: at safepoint (shutting down)

VM Mutex/Monitor currently owned by a thread:  ([mutex/lock_event])
[0x000002081f1bbb40] Threads_lock - owner thread: 0x0000020841cbfa30
[0x000002081f1bb870] Heap_lock - owner thread: 0x00000208432f49b0

Heap address: 0x0000000703a00000, size: 4038 MB, Compressed Oops mode: Zero based, Oop shift amount: 3

CDS archive(s) mapped at: [0x0000000800000000-0x0000000800bb0000-0x0000000800bb0000), size 12255232, SharedBaseAddress: 0x0000000800000000, ArchiveRelocationMode: 0.
Compressed class space mapped at: 0x0000000800c00000-0x0000000840c00000, reserved size: 1073741824
Narrow klass base: 0x0000000800000000, Narrow klass shift: 3, Narrow klass range: 0x100000000

GC Precious Log:
 CPUs: 8 total, 8 available
 Memory: 16149M
 Large Page Support: Disabled
 NUMA Support: Disabled
 Compressed Oops: Enabled (Zero based)
 Heap Region Size: 2M
 Heap Min Capacity: 8M
 Heap Initial Capacity: 254M
 Heap Max Capacity: 4038M
 Pre-touch: Disabled
 Parallel Workers: 8
 Concurrent Workers: 2
 Concurrent Refinement Workers: 8
 Periodic GC: Disabled

Heap:
 garbage-first heap   total 260096K, used 111627K [0x0000000703a00000, 0x0000000800000000)
  region size 2048K, 21 young (43008K), 3 survivors (6144K)
 Metaspace       used 12538K, committed 12736K, reserved 1064960K
  class space    used 880K, committed 960K, reserved 1048576K

Heap Regions: E=young(eden), S=young(survivor), O=old, HS=humongous(starts), HC=humongous(continues), CS=collection set, F=free, OA=open archive, CA=closed archive, TAMS=top-at-mark-start (previous, next)
|   0|0x0000000703a00000, 0x0000000703c00000, 0x0000000703c00000|100%|HS|  |TAMS 0x0000000703a00000, 0x0000000703a00000| Complete 
|   1|0x0000000703c00000, 0x0000000703e00000, 0x0000000703e00000|100%|HS|  |TAMS 0x0000000703c00000, 0x0000000703c00000| Complete 
|   2|0x0000000703e00000, 0x0000000704000000, 0x0000000704000000|100%|HS|  |TAMS 0x0000000703e00000, 0x0000000703e00000| Complete 
|   3|0x0000000704000000, 0x0000000704200000, 0x0000000704200000|100%| O|  |TAMS 0x0000000704000000, 0x0000000704000000| Untracked 
|   4|0x0000000704200000, 0x000000070435d200, 0x0000000704400000| 68%| O|  |TAMS 0x0000000704200000, 0x0000000704200000| Untracked 
|   5|0x0000000704400000, 0x0000000704600000, 0x0000000704600000|100%|HS|  |TAMS 0x0000000704400000, 0x0000000704400000| Complete 
|   6|0x0000000704600000, 0x0000000704800000, 0x0000000704800000|100%|HC|  |TAMS 0x0000000704600000, 0x0000000704600000| Complete 
|   7|0x0000000704800000, 0x0000000704a00000, 0x0000000704a00000|100%|HS|  |TAMS 0x0000000704800000, 0x0000000704800000| Complete 
|   8|0x0000000704a00000, 0x0000000704c00000, 0x0000000704c00000|100%|HS|  |TAMS 0x0000000704a00000, 0x0000000704a00000| Complete 
|   9|0x0000000704c00000, 0x0000000704e00000, 0x0000000704e00000|100%|HC|  |TAMS 0x0000000704c00000, 0x0000000704c00000| Complete 
|  10|0x0000000704e00000, 0x0000000705000000, 0x0000000705000000|100%|HS|  |TAMS 0x0000000704e00000, 0x0000000704e00000| Complete 
|  11|0x0000000705000000, 0x0000000705200000, 0x0000000705200000|100%|HC|  |TAMS 0x0000000705000000, 0x0000000705000000| Complete 
|  12|0x0000000705200000, 0x0000000705400000, 0x0000000705400000|100%|HS|  |TAMS 0x0000000705200000, 0x0000000705200000| Complete 
|  13|0x0000000705400000, 0x0000000705600000, 0x0000000705600000|100%|HS|  |TAMS 0x0000000705400000, 0x0000000705400000| Complete 
|  14|0x0000000705600000, 0x0000000705800000, 0x0000000705800000|100%|HS|  |TAMS 0x0000000705600000, 0x0000000705600000| Complete 
|  15|0x0000000705800000, 0x0000000705a00000, 0x0000000705a00000|100%|HS|  |TAMS 0x0000000705800000, 0x0000000705800000| Complete 
|  16|0x0000000705a00000, 0x0000000705c00000, 0x0000000705c00000|100%|HS|  |TAMS 0x0000000705a00000, 0x0000000705a00000| Complete 
|  17|0x0000000705c00000, 0x0000000705e00000, 0x0000000705e00000|100%|HS|  |TAMS 0x0000000705c00000, 0x0000000705c00000| Complete 
|  18|0x0000000705e00000, 0x0000000706000000, 0x0000000706000000|100%|HS|  |TAMS 0x0000000705e00000, 0x0000000705e00000| Complete 
|  19|0x0000000706000000, 0x0000000706200000, 0x0000000706200000|100%|HS|  |TAMS 0x0000000706000000, 0x0000000706000000| Complete 
|  20|0x0000000706200000, 0x0000000706400000, 0x0000000706400000|100%|HS|  |TAMS 0x0000000706200000, 0x0000000706200000| Complete 
|  21|0x0000000706400000, 0x0000000706600000, 0x0000000706600000|100%|HC|  |TAMS 0x0000000706400000, 0x0000000706400000| Complete 
|  22|0x0000000706600000, 0x0000000706800000, 0x0000000706800000|100%|HS|  |TAMS 0x0000000706600000, 0x0000000706600000| Complete 
|  23|0x0000000706800000, 0x0000000706a00000, 0x0000000706a00000|100%|HS|  |TAMS 0x0000000706800000, 0x0000000706800000| Complete 
|  24|0x0000000706a00000, 0x0000000706c00000, 0x0000000706c00000|100%|HS|  |TAMS 0x0000000706a00000, 0x0000000706a00000| Complete 
|  25|0x0000000706c00000, 0x0000000706e00000, 0x0000000706e00000|100%|HC|  |TAMS 0x0000000706c00000, 0x0000000706c00000| Complete 
|  26|0x0000000706e00000, 0x0000000707000000, 0x0000000707000000|100%|HC|  |TAMS 0x0000000706e00000, 0x0000000706e00000| Complete 
|  27|0x0000000707000000, 0x0000000707200000, 0x0000000707200000|100%|HS|  |TAMS 0x0000000707000000, 0x0000000707000000| Complete 
|  28|0x0000000707200000, 0x0000000707400000, 0x0000000707400000|100%|HS|  |TAMS 0x0000000707200000, 0x0000000707200000| Complete 
|  29|0x0000000707400000, 0x0000000707600000, 0x0000000707600000|100%|HC|  |TAMS 0x0000000707400000, 0x0000000707400000| Complete 
|  30|0x0000000707600000, 0x0000000707800000, 0x0000000707800000|100%|HS|  |TAMS 0x0000000707600000, 0x0000000707600000| Complete 
|  31|0x0000000707800000, 0x0000000707a00000, 0x0000000707a00000|100%|HC|  |TAMS 0x0000000707800000, 0x0000000707800000| Complete 
|  32|0x0000000707a00000, 0x0000000707c00000, 0x0000000707c00000|100%|HS|  |TAMS 0x0000000707a00000, 0x0000000707a00000| Complete 
|  33|0x0000000707c00000, 0x0000000707e00000, 0x0000000707e00000|100%|HS|  |TAMS 0x0000000707c00000, 0x0000000707c00000| Complete 
|  34|0x0000000707e00000, 0x0000000708000000, 0x0000000708000000|100%|HS|  |TAMS 0x0000000707e00000, 0x0000000707e00000| Complete 
|  35|0x0000000708000000, 0x0000000708200000, 0x0000000708200000|100%|HS|  |TAMS 0x0000000708000000, 0x0000000708000000| Complete 
|  36|0x0000000708200000, 0x0000000708200000, 0x0000000708400000|  0%| F|  |TAMS 0x0000000708200000, 0x0000000708200000| Untracked 
|  37|0x0000000708400000, 0x0000000708400000, 0x0000000708600000|  0%| F|  |TAMS 0x0000000708400000, 0x0000000708400000| Untracked 
|  38|0x0000000708600000, 0x0000000708600000, 0x0000000708800000|  0%| F|  |TAMS 0x0000000708600000, 0x0000000708600000| Untracked 
|  39|0x0000000708800000, 0x0000000708800000, 0x0000000708a00000|  0%| F|  |TAMS 0x0000000708800000, 0x0000000708800000| Untracked 
|  40|0x0000000708a00000, 0x0000000708a00000, 0x0000000708c00000|  0%| F|  |TAMS 0x0000000708a00000, 0x0000000708a00000| Untracked 
|  41|0x0000000708c00000, 0x0000000708c00000, 0x0000000708e00000|  0%| F|  |TAMS 0x0000000708c00000, 0x0000000708c00000| Untracked 
|  42|0x0000000708e00000, 0x0000000708e00000, 0x0000000709000000|  0%| F|  |TAMS 0x0000000708e00000, 0x0000000708e00000| Untracked 
|  43|0x0000000709000000, 0x0000000709000000, 0x0000000709200000|  0%| F|  |TAMS 0x0000000709000000, 0x0000000709000000| Untracked 
|  44|0x0000000709200000, 0x0000000709200000, 0x0000000709400000|  0%| F|  |TAMS 0x0000000709200000, 0x0000000709200000| Untracked 
|  45|0x0000000709400000, 0x0000000709400000, 0x0000000709600000|  0%| F|  |TAMS 0x0000000709400000, 0x0000000709400000| Untracked 
|  46|0x0000000709600000, 0x0000000709600000, 0x0000000709800000|  0%| F|  |TAMS 0x0000000709600000, 0x0000000709600000| Untracked 
|  47|0x0000000709800000, 0x0000000709800000, 0x0000000709a00000|  0%| F|  |TAMS 0x0000000709800000, 0x0000000709800000| Untracked 
|  48|0x0000000709a00000, 0x0000000709a00000, 0x0000000709c00000|  0%| F|  |TAMS 0x0000000709a00000, 0x0000000709a00000| Untracked 
|  49|0x0000000709c00000, 0x0000000709c00000, 0x0000000709e00000|  0%| F|  |TAMS 0x0000000709c00000, 0x0000000709c00000| Untracked 
|  50|0x0000000709e00000, 0x0000000709e00000, 0x000000070a000000|  0%| F|  |TAMS 0x0000000709e00000, 0x0000000709e00000| Untracked 
|  51|0x000000070a000000, 0x000000070a000000, 0x000000070a200000|  0%| F|  |TAMS 0x000000070a000000, 0x000000070a000000| Untracked 
|  52|0x000000070a200000, 0x000000070a200000, 0x000000070a400000|  0%| F|  |TAMS 0x000000070a200000, 0x000000070a200000| Untracked 
|  53|0x000000070a400000, 0x000000070a400000, 0x000000070a600000|  0%| F|  |TAMS 0x000000070a400000, 0x000000070a400000| Untracked 
|  54|0x000000070a600000, 0x000000070a600000, 0x000000070a800000|  0%| F|  |TAMS 0x000000070a600000, 0x000000070a600000| Untracked 
|  55|0x000000070a800000, 0x000000070a800000, 0x000000070aa00000|  0%| F|  |TAMS 0x000000070a800000, 0x000000070a800000| Untracked 
|  56|0x000000070aa00000, 0x000000070aa00000, 0x000000070ac00000|  0%| F|  |TAMS 0x000000070aa00000, 0x000000070aa00000| Untracked 
|  57|0x000000070ac00000, 0x000000070ac00000, 0x000000070ae00000|  0%| F|  |TAMS 0x000000070ac00000, 0x000000070ac00000| Untracked 
|  58|0x000000070ae00000, 0x000000070ae00000, 0x000000070b000000|  0%| F|  |TAMS 0x000000070ae00000, 0x000000070ae00000| Untracked 
|  59|0x000000070b000000, 0x000000070b000000, 0x000000070b200000|  0%| F|  |TAMS 0x000000070b000000, 0x000000070b000000| Untracked 
|  60|0x000000070b200000, 0x000000070b200000, 0x000000070b400000|  0%| F|  |TAMS 0x000000070b200000, 0x000000070b200000| Untracked 
|  61|0x000000070b400000, 0x000000070b400000, 0x000000070b600000|  0%| F|  |TAMS 0x000000070b400000, 0x000000070b400000| Untracked 
|  62|0x000000070b600000, 0x000000070b600000, 0x000000070b800000|  0%| F|  |TAMS 0x000000070b600000, 0x000000070b600000| Untracked 
|  63|0x000000070b800000, 0x000000070b800000, 0x000000070ba00000|  0%| F|  |TAMS 0x000000070b800000, 0x000000070b800000| Untracked 
|  64|0x000000070ba00000, 0x000000070ba00000, 0x000000070bc00000|  0%| F|  |TAMS 0x000000070ba00000, 0x000000070ba00000| Untracked 
|  65|0x000000070bc00000, 0x000000070bc00000, 0x000000070be00000|  0%| F|  |TAMS 0x000000070bc00000, 0x000000070bc00000| Untracked 
|  66|0x000000070be00000, 0x000000070be00000, 0x000000070c000000|  0%| F|  |TAMS 0x000000070be00000, 0x000000070be00000| Untracked 
|  67|0x000000070c000000, 0x000000070c000000, 0x000000070c200000|  0%| F|  |TAMS 0x000000070c000000, 0x000000070c000000| Untracked 
|  68|0x000000070c200000, 0x000000070c200000, 0x000000070c400000|  0%| F|  |TAMS 0x000000070c200000, 0x000000070c200000| Untracked 
|  69|0x000000070c400000, 0x000000070c400000, 0x000000070c600000|  0%| F|  |TAMS 0x000000070c400000, 0x000000070c400000| Untracked 
|  70|0x000000070c600000, 0x000000070c600000, 0x000000070c800000|  0%| F|  |TAMS 0x000000070c600000, 0x000000070c600000| Untracked 
|  71|0x000000070c800000, 0x000000070c800000, 0x000000070ca00000|  0%| F|  |TAMS 0x000000070c800000, 0x000000070c800000| Untracked 
|  72|0x000000070ca00000, 0x000000070ca00000, 0x000000070cc00000|  0%| F|  |TAMS 0x000000070ca00000, 0x000000070ca00000| Untracked 
|  73|0x000000070cc00000, 0x000000070cc00000, 0x000000070ce00000|  0%| F|  |TAMS 0x000000070cc00000, 0x000000070cc00000| Untracked 
|  74|0x000000070ce00000, 0x000000070ce00000, 0x000000070d000000|  0%| F|  |TAMS 0x000000070ce00000, 0x000000070ce00000| Untracked 
|  75|0x000000070d000000, 0x000000070d000000, 0x000000070d200000|  0%| F|  |TAMS 0x000000070d000000, 0x000000070d000000| Untracked 
|  76|0x000000070d200000, 0x000000070d200000, 0x000000070d400000|  0%| F|  |TAMS 0x000000070d200000, 0x000000070d200000| Untracked 
|  77|0x000000070d400000, 0x000000070d400000, 0x000000070d600000|  0%| F|  |TAMS 0x000000070d400000, 0x000000070d400000| Untracked 
|  78|0x000000070d600000, 0x000000070d600000, 0x000000070d800000|  0%| F|  |TAMS 0x000000070d600000, 0x000000070d600000| Untracked 
|  79|0x000000070d800000, 0x000000070d800000, 0x000000070da00000|  0%| F|  |TAMS 0x000000070d800000, 0x000000070d800000| Untracked 
|  80|0x000000070da00000, 0x000000070da00000, 0x000000070dc00000|  0%| F|  |TAMS 0x000000070da00000, 0x000000070da00000| Untracked 
|  81|0x000000070dc00000, 0x000000070dc00000, 0x000000070de00000|  0%| F|  |TAMS 0x000000070dc00000, 0x000000070dc00000| Untracked 
|  82|0x000000070de00000, 0x000000070de00000, 0x000000070e000000|  0%| F|  |TAMS 0x000000070de00000, 0x000000070de00000| Untracked 
|  83|0x000000070e000000, 0x000000070e000000, 0x000000070e200000|  0%| F|  |TAMS 0x000000070e000000, 0x000000070e000000| Untracked 
|  84|0x000000070e200000, 0x000000070e200000, 0x000000070e400000|  0%| F|  |TAMS 0x000000070e200000, 0x000000070e200000| Untracked 
|  85|0x000000070e400000, 0x000000070e400000, 0x000000070e600000|  0%| F|  |TAMS 0x000000070e400000, 0x000000070e400000| Untracked 
|  86|0x000000070e600000, 0x000000070e600000, 0x000000070e800000|  0%| F|  |TAMS 0x000000070e600000, 0x000000070e600000| Untracked 
|  87|0x000000070e800000, 0x000000070e800000, 0x000000070ea00000|  0%| F|  |TAMS 0x000000070e800000, 0x000000070e800000| Untracked 
|  88|0x000000070ea00000, 0x000000070ea00000, 0x000000070ec00000|  0%| F|  |TAMS 0x000000070ea00000, 0x000000070ea00000| Untracked 
|  89|0x000000070ec00000, 0x000000070ec00000, 0x000000070ee00000|  0%| F|  |TAMS 0x000000070ec00000, 0x000000070ec00000| Untracked 
|  90|0x000000070ee00000, 0x000000070ee00000, 0x000000070f000000|  0%| F|  |TAMS 0x000000070ee00000, 0x000000070ee00000| Untracked 
|  91|0x000000070f000000, 0x000000070f000000, 0x000000070f200000|  0%| F|  |TAMS 0x000000070f000000, 0x000000070f000000| Untracked 
|  92|0x000000070f200000, 0x000000070f200000, 0x000000070f400000|  0%| F|  |TAMS 0x000000070f200000, 0x000000070f200000| Untracked 
|  93|0x000000070f400000, 0x000000070f400000, 0x000000070f600000|  0%| F|  |TAMS 0x000000070f400000, 0x000000070f400000| Untracked 
|  94|0x000000070f600000, 0x000000070f600000, 0x000000070f800000|  0%| F|  |TAMS 0x000000070f600000, 0x000000070f600000| Untracked 
|  95|0x000000070f800000, 0x000000070f800000, 0x000000070fa00000|  0%| F|  |TAMS 0x000000070f800000, 0x000000070f800000| Untracked 
|  96|0x000000070fa00000, 0x000000070fa00000, 0x000000070fc00000|  0%| F|  |TAMS 0x000000070fa00000, 0x000000070fa00000| Untracked 
|  97|0x000000070fc00000, 0x000000070fc00000, 0x000000070fe00000|  0%| F|  |TAMS 0x000000070fc00000, 0x000000070fc00000| Untracked 
|  98|0x000000070fe00000, 0x000000070fe00000, 0x0000000710000000|  0%| F|  |TAMS 0x000000070fe00000, 0x000000070fe00000| Untracked 
|  99|0x0000000710000000, 0x0000000710000000, 0x0000000710200000|  0%| F|  |TAMS 0x0000000710000000, 0x0000000710000000| Untracked 
| 100|0x0000000710200000, 0x0000000710200000, 0x0000000710400000|  0%| F|  |TAMS 0x0000000710200000, 0x0000000710200000| Untracked 
| 101|0x0000000710400000, 0x0000000710400000, 0x0000000710600000|  0%| F|  |TAMS 0x0000000710400000, 0x0000000710400000| Untracked 
| 102|0x0000000710600000, 0x0000000710600000, 0x0000000710800000|  0%| F|  |TAMS 0x0000000710600000, 0x0000000710600000| Untracked 
| 103|0x0000000710800000, 0x0000000710800000, 0x0000000710a00000|  0%| F|  |TAMS 0x0000000710800000, 0x0000000710800000| Untracked 
| 104|0x0000000710a00000, 0x0000000710a00000, 0x0000000710c00000|  0%| F|  |TAMS 0x0000000710a00000, 0x0000000710a00000| Untracked 
| 105|0x0000000710c00000, 0x0000000710c00000, 0x0000000710e00000|  0%| F|  |TAMS 0x0000000710c00000, 0x0000000710c00000| Untracked 
| 106|0x0000000710e00000, 0x0000000710fa5a50, 0x0000000711000000| 82%| S|CS|TAMS 0x0000000710e00000, 0x0000000710e00000| Complete 
| 107|0x0000000711000000, 0x0000000711200000, 0x0000000711200000|100%| S|CS|TAMS 0x0000000711000000, 0x0000000711000000| Complete 
| 108|0x0000000711200000, 0x0000000711400000, 0x0000000711400000|100%| S|CS|TAMS 0x0000000711200000, 0x0000000711200000| Complete 
| 109|0x0000000711400000, 0x0000000711600000, 0x0000000711600000|100%| E|  |TAMS 0x0000000711400000, 0x0000000711400000| Complete 
| 110|0x0000000711600000, 0x0000000711800000, 0x0000000711800000|100%| E|CS|TAMS 0x0000000711600000, 0x0000000711600000| Complete 
| 111|0x0000000711800000, 0x0000000711a00000, 0x0000000711a00000|100%| E|CS|TAMS 0x0000000711800000, 0x0000000711800000| Complete 
| 112|0x0000000711a00000, 0x0000000711c00000, 0x0000000711c00000|100%| E|CS|TAMS 0x0000000711a00000, 0x0000000711a00000| Complete 
| 113|0x0000000711c00000, 0x0000000711e00000, 0x0000000711e00000|100%| E|CS|TAMS 0x0000000711c00000, 0x0000000711c00000| Complete 
| 114|0x0000000711e00000, 0x0000000712000000, 0x0000000712000000|100%| E|CS|TAMS 0x0000000711e00000, 0x0000000711e00000| Complete 
| 115|0x0000000712000000, 0x0000000712200000, 0x0000000712200000|100%| E|CS|TAMS 0x0000000712000000, 0x0000000712000000| Complete 
| 116|0x0000000712200000, 0x0000000712400000, 0x0000000712400000|100%| E|CS|TAMS 0x0000000712200000, 0x0000000712200000| Complete 
| 117|0x0000000712400000, 0x0000000712600000, 0x0000000712600000|100%| E|CS|TAMS 0x0000000712400000, 0x0000000712400000| Complete 
| 118|0x0000000712600000, 0x0000000712800000, 0x0000000712800000|100%| E|CS|TAMS 0x0000000712600000, 0x0000000712600000| Complete 
| 119|0x0000000712800000, 0x0000000712a00000, 0x0000000712a00000|100%| E|CS|TAMS 0x0000000712800000, 0x0000000712800000| Complete 
| 120|0x0000000712a00000, 0x0000000712c00000, 0x0000000712c00000|100%| E|CS|TAMS 0x0000000712a00000, 0x0000000712a00000| Complete 
| 121|0x0000000712c00000, 0x0000000712e00000, 0x0000000712e00000|100%| E|  |TAMS 0x0000000712c00000, 0x0000000712c00000| Complete 
| 122|0x0000000712e00000, 0x0000000713000000, 0x0000000713000000|100%| E|CS|TAMS 0x0000000712e00000, 0x0000000712e00000| Complete 
| 123|0x0000000713000000, 0x0000000713200000, 0x0000000713200000|100%| E|CS|TAMS 0x0000000713000000, 0x0000000713000000| Complete 
| 124|0x0000000713200000, 0x0000000713400000, 0x0000000713400000|100%| E|CS|TAMS 0x0000000713200000, 0x0000000713200000| Complete 
| 125|0x0000000713400000, 0x0000000713600000, 0x0000000713600000|100%| E|CS|TAMS 0x0000000713400000, 0x0000000713400000| Complete 
| 126|0x0000000713600000, 0x0000000713800000, 0x0000000713800000|100%| E|CS|TAMS 0x0000000713600000, 0x0000000713600000| Complete 

Card table byte_map: [0x0000020836460000,0x0000020836c50000] _byte_map_base: 0x0000020832c43000

Marking Bits (Prev, Next): (CMBitMap*) 0x000002081f212230, (CMBitMap*) 0x000002081f212270
 Prev Bits: [0x0000020837440000, 0x000002083b358000)
 Next Bits: [0x000002083b360000, 0x000002083f278000)

Polling page: 0x000002081d1a0000

Metaspace:

Usage:
  Non-class:     11.38 MB used.
      Class:    880.06 KB used.
       Both:     12.24 MB used.

Virtual space:
  Non-class space:       16.00 MB reserved,      11.50 MB ( 72%) committed,  2 nodes.
      Class space:        1.00 GB reserved,     960.00 KB ( <1%) committed,  1 nodes.
              Both:        1.02 GB reserved,      12.44 MB (  1%) committed. 

Chunk freelists:
   Non-Class:  3.72 MB
       Class:  2.94 MB
        Both:  6.66 MB

MaxMetaspaceSize: 17179869184.00 GB
CompressedClassSpaceSize: 1.00 GB
 - commit_granule_bytes: 65536.
 - commit_granule_words: 8192.
 - virtual_space_node_default_size: 1048576.
 - enlarge_chunks_in_place: 1.
 - new_chunks_are_fully_committed: 0.
 - uncommit_free_chunks: 1.
 - use_allocation_guard: 0.
 - handle_deallocations: 1.


Internal statistics:

num_allocs_failed_limit: 0.
num_arena_births: 86.
num_arena_deaths: 0.
num_vsnodes_births: 3.
num_vsnodes_deaths: 0.
num_space_committed: 195.
num_space_uncommitted: 0.
num_chunks_returned_to_freelist: 0.
num_chunks_taken_from_freelist: 343.
num_chunk_merges: 0.
num_chunk_splits: 276.
num_chunks_enlarged: 228.
num_purges: 0.

CodeHeap 'non-profiled nmethods': size=120000Kb used=632Kb max_used=632Kb free=119367Kb
 bounds [0x000002082e410000, 0x000002082e680000, 0x0000020835940000]
CodeHeap 'profiled nmethods': size=120000Kb used=3220Kb max_used=3220Kb free=116779Kb
 bounds [0x0000020826ee0000, 0x0000020827210000, 0x000002082e410000]
CodeHeap 'non-nmethods': size=5760Kb used=1537Kb max_used=1565Kb free=4222Kb
 bounds [0x0000020826940000, 0x0000020826bb0000, 0x0000020826ee0000]
 total_blobs=2531 nmethods=1608 adapters=836
 compilation: enabled
              stopped_count=0, restarted_count=0
 full_count=0

Compilation events (20 events):
Event: 10.375 Thread 0x000002081d071940 1599       3       processing.opengl.PShader::loadUniforms (310 bytes)
Event: 10.376 Thread 0x000002081d071940 nmethod 1599 0x00000208271ed690 code [0x00000208271edc80, 0x00000208271f05b8]
Event: 10.376 Thread 0x000002081d071940 1600       3       processing.opengl.PShader::consumeUniforms (1115 bytes)
Event: 10.379 Thread 0x000002081d071940 nmethod 1600 0x00000208271f1310 code [0x00000208271f1c80, 0x00000208271f8cb8]
Event: 10.379 Thread 0x000002081d071940 1601       3       processing.opengl.PShader::bindTextures (137 bytes)
Event: 10.380 Thread 0x000002081d071940 nmethod 1601 0x00000208271fb190 code [0x00000208271fb500, 0x00000208271fce98]
Event: 10.380 Thread 0x000002081d071940 1602       3       processing.opengl.PShader::bindTyped (515 bytes)
Event: 10.381 Thread 0x000002081d071940 nmethod 1602 0x00000208271fd690 code [0x00000208271fdae0, 0x00000208271ff938]
Event: 10.381 Thread 0x000002081d071940 1603       3       processing.opengl.PShader::unbindTyped (301 bytes)
Event: 10.382 Thread 0x000002081d071940 nmethod 1603 0x0000020827200190 code [0x00000208272004c0, 0x0000020827201ef8]
Event: 10.382 Thread 0x000002081d071940 1604       3       processing.opengl.PShader::unbindTextures (147 bytes)
Event: 10.383 Thread 0x000002081d071940 nmethod 1604 0x0000020827202490 code [0x0000020827202820, 0x0000020827204388]
Event: 10.597 Thread 0x000002081d071ed0 1605       4       jogamp.common.util.locks.RecursiveLockImpl01Unfairish$SingleThreadSync::isOwner (14 bytes)
Event: 10.598 Thread 0x000002081d071ed0 nmethod 1605 0x000002082e4adb10 code [0x000002082e4adc80, 0x000002082e4add18]
Event: 11.089 Thread 0x000002081d071940 1606       3       java.util.AbstractCollection::isEmpty (13 bytes)
Event: 11.089 Thread 0x000002081d071940 nmethod 1606 0x0000020827204b90 code [0x0000020827204d40, 0x0000020827204f68]
Event: 11.089 Thread 0x000002081d071940 1607       3       java.util.concurrent.LinkedBlockingQueue::size (8 bytes)
Event: 11.090 Thread 0x000002081d071940 nmethod 1607 0x0000020827205010 code [0x00000208272051a0, 0x00000208272052d8]
Event: 11.150 Thread 0x000002081d071ed0 1608       4       java.lang.CharacterData::of (124 bytes)
Event: 11.151 Thread 0x000002081d071ed0 nmethod 1608 0x000002082e4ade10 code [0x000002082e4adfa0, 0x000002082e4ae018]

GC Heap History (4 events):
Event: 1.054 GC heap before
{Heap before GC invocations=0 (full 0):
 garbage-first heap   total 260096K, used 22528K [0x0000000703a00000, 0x0000000800000000)
  region size 2048K, 11 young (22528K), 0 survivors (0K)
 Metaspace       used 11132K, committed 11264K, reserved 1064960K
  class space    used 803K, committed 832K, reserved 1048576K
}
Event: 1.063 GC heap after
{Heap after GC invocations=1 (full 0):
 garbage-first heap   total 260096K, used 3427K [0x0000000703a00000, 0x0000000800000000)
  region size 2048K, 2 young (4096K), 2 survivors (4096K)
 Metaspace       used 11132K, committed 11264K, reserved 1064960K
  class space    used 803K, committed 832K, reserved 1048576K
}
Event: 1.513 GC heap before
{Heap before GC invocations=1 (full 0):
 garbage-first heap   total 260096K, used 40291K [0x0000000703a00000, 0x0000000800000000)
  region size 2048K, 18 young (36864K), 2 survivors (4096K)
 Metaspace       used 11850K, committed 12032K, reserved 1064960K
  class space    used 867K, committed 960K, reserved 1048576K
}
Event: 1.519 GC heap after
{Heap after GC invocations=2 (full 0):
 garbage-first heap   total 260096K, used 15371K [0x0000000703a00000, 0x0000000800000000)
  region size 2048K, 3 young (6144K), 3 survivors (6144K)
 Metaspace       used 11850K, committed 12032K, reserved 1064960K
  class space    used 867K, committed 960K, reserved 1048576K
}

Deoptimization events (20 events):
Event: 1.642 Thread 0x00000208432f49b0 Uncommon trap: trap_request=0xffffffc6 fr.pc=0x000002082e483d2c relative=0x000000000000026c
Event: 1.642 Thread 0x00000208432f49b0 Uncommon trap: reason=bimorphic_or_optimized_type_check action=maybe_recompile pc=0x000002082e483d2c method=java.util.regex.Pattern$Slice.match(Ljava/util/regex/Matcher;ILjava/lang/CharSequence;)Z @ 75 c2
Event: 1.642 Thread 0x00000208432f49b0 DEOPT PACKING pc=0x000002082e483d2c sp=0x00000055d6efe0a0
Event: 1.642 Thread 0x00000208432f49b0 DEOPT UNPACKING pc=0x000002082698f92e sp=0x00000055d6efe030 mode 2
Event: 1.770 Thread 0x00000208432f49b0 Uncommon trap: trap_request=0xffffff45 fr.pc=0x000002082e47c3ac relative=0x0000000000000dac
Event: 1.770 Thread 0x00000208432f49b0 Uncommon trap: reason=unstable_if action=reinterpret pc=0x000002082e47c3ac method=processing.opengl.PGraphicsOpenGL$Tessellator.splitRawIndices(Z)V @ 402 c2
Event: 1.770 Thread 0x00000208432f49b0 DEOPT PACKING pc=0x000002082e47c3ac sp=0x00000055d6efe3d0
Event: 1.770 Thread 0x00000208432f49b0 DEOPT UNPACKING pc=0x000002082698f92e sp=0x00000055d6efe318 mode 2
Event: 1.813 Thread 0x00000208432f49b0 DEOPT PACKING pc=0x000002082710748b sp=0x00000055d6efe510
Event: 1.813 Thread 0x00000208432f49b0 DEOPT UNPACKING pc=0x000002082698e77e sp=0x00000055d6efd998 mode 0
Event: 1.814 Thread 0x00000208432f49b0 DEOPT PACKING pc=0x000002082710807e sp=0x00000055d6efe4b0
Event: 1.814 Thread 0x00000208432f49b0 DEOPT UNPACKING pc=0x000002082698e77e sp=0x00000055d6efd990 mode 0
Event: 1.835 Thread 0x00000208432f49b0 DEOPT PACKING pc=0x0000020827110591 sp=0x00000055d6efe650
Event: 1.835 Thread 0x00000208432f49b0 DEOPT UNPACKING pc=0x000002082698e77e sp=0x00000055d6efdb90 mode 0
Event: 1.851 Thread 0x00000208432f49b0 DEOPT PACKING pc=0x0000020827110591 sp=0x00000055d6efe650
Event: 1.851 Thread 0x00000208432f49b0 DEOPT UNPACKING pc=0x000002082698e77e sp=0x00000055d6efdb90 mode 0
Event: 11.133 Thread 0x00000208433664c0 Uncommon trap: trap_request=0xffffff45 fr.pc=0x000002082e471520 relative=0x0000000000000200
Event: 11.133 Thread 0x00000208433664c0 Uncommon trap: reason=unstable_if action=reinterpret pc=0x000002082e471520 method=java.util.HashMap$HashIterator.<init>(Ljava/util/HashMap;)V @ 38 c2
Event: 11.133 Thread 0x00000208433664c0 DEOPT PACKING pc=0x000002082e471520 sp=0x00000055d60ff330
Event: 11.133 Thread 0x00000208433664c0 DEOPT UNPACKING pc=0x000002082698f92e sp=0x00000055d60ff2d8 mode 2

Classes unloaded (0 events):
No events

Classes redefined (0 events):
No events

Internal exceptions (20 events):
Event: 1.489 Thread 0x00000208432f49b0 Exception <a 'java/lang/ArrayIndexOutOfBoundsException'{0x000000071264df18}> (0x000000071264df18) 
thrown [t:\workspace\open\src\hotspot\share\runtime\sharedRuntime.cpp, line 624]
Event: 1.489 Thread 0x00000208432f49b0 Exception <a 'java/lang/ArrayIndexOutOfBoundsException'{0x000000071264e260}> (0x000000071264e260) 
thrown [t:\workspace\open\src\hotspot\share\runtime\sharedRuntime.cpp, line 624]
Event: 1.489 Thread 0x00000208432f49b0 Exception <a 'java/lang/ArrayIndexOutOfBoundsException'{0x000000071264e5a8}> (0x000000071264e5a8) 
thrown [t:\workspace\open\src\hotspot\share\runtime\sharedRuntime.cpp, line 624]
Event: 1.489 Thread 0x00000208432f49b0 Exception <a 'java/lang/ArrayIndexOutOfBoundsException'{0x000000071264e8f0}> (0x000000071264e8f0) 
thrown [t:\workspace\open\src\hotspot\share\runtime\sharedRuntime.cpp, line 624]
Event: 1.489 Thread 0x00000208432f49b0 Exception <a 'java/lang/ArrayIndexOutOfBoundsException'{0x000000071264ec38}> (0x000000071264ec38) 
thrown [t:\workspace\open\src\hotspot\share\runtime\sharedRuntime.cpp, line 624]
Event: 1.489 Thread 0x00000208432f49b0 Exception <a 'java/lang/ArrayIndexOutOfBoundsException'{0x000000071264ef80}> (0x000000071264ef80) 
thrown [t:\workspace\open\src\hotspot\share\runtime\sharedRuntime.cpp, line 624]
Event: 1.489 Thread 0x00000208432f49b0 Exception <a 'java/lang/ArrayIndexOutOfBoundsException'{0x000000071264f2c8}> (0x000000071264f2c8) 
thrown [t:\workspace\open\src\hotspot\share\runtime\sharedRuntime.cpp, line 624]
Event: 1.489 Thread 0x00000208432f49b0 Exception <a 'java/lang/ArrayIndexOutOfBoundsException'{0x000000071264f610}> (0x000000071264f610) 
thrown [t:\workspace\open\src\hotspot\share\runtime\sharedRuntime.cpp, line 624]
Event: 1.489 Thread 0x00000208432f49b0 Exception <a 'java/lang/ArrayIndexOutOfBoundsException'{0x000000071264f958}> (0x000000071264f958) 
thrown [t:\workspace\open\src\hotspot\share\runtime\sharedRuntime.cpp, line 624]
Event: 1.489 Thread 0x00000208432f49b0 Exception <a 'java/lang/ArrayIndexOutOfBoundsException'{0x000000071264fca0}> (0x000000071264fca0) 
thrown [t:\workspace\open\src\hotspot\share\runtime\sharedRuntime.cpp, line 624]
Event: 1.489 Thread 0x00000208432f49b0 Exception <a 'java/lang/ArrayIndexOutOfBoundsException'{0x000000071264ffe8}> (0x000000071264ffe8) 
thrown [t:\workspace\open\src\hotspot\share\runtime\sharedRuntime.cpp, line 624]
Event: 1.489 Thread 0x00000208432f49b0 Exception <a 'java/lang/ArrayIndexOutOfBoundsException'{0x0000000712650330}> (0x0000000712650330) 
thrown [t:\workspace\open\src\hotspot\share\runtime\sharedRuntime.cpp, line 624]
Event: 1.489 Thread 0x00000208432f49b0 Exception <a 'java/lang/ArrayIndexOutOfBoundsException'{0x0000000712650678}> (0x0000000712650678) 
thrown [t:\workspace\open\src\hotspot\share\runtime\sharedRuntime.cpp, line 624]
Event: 1.489 Thread 0x00000208432f49b0 Exception <a 'java/lang/ArrayIndexOutOfBoundsException'{0x00000007126509c0}> (0x00000007126509c0) 
thrown [t:\workspace\open\src\hotspot\share\runtime\sharedRuntime.cpp, line 624]
Event: 1.489 Thread 0x00000208432f49b0 Exception <a 'java/lang/ArrayIndexOutOfBoundsException'{0x0000000712650d08}> (0x0000000712650d08) 
thrown [t:\workspace\open\src\hotspot\share\runtime\sharedRuntime.cpp, line 624]
Event: 1.489 Thread 0x00000208432f49b0 Exception <a 'java/lang/ArrayIndexOutOfBoundsException'{0x0000000712651050}> (0x0000000712651050) 
thrown [t:\workspace\open\src\hotspot\share\runtime\sharedRuntime.cpp, line 624]
Event: 1.489 Thread 0x00000208432f49b0 Exception <a 'java/lang/ArrayIndexOutOfBoundsException'{0x0000000712651398}> (0x0000000712651398) 
thrown [t:\workspace\open\src\hotspot\share\runtime\sharedRuntime.cpp, line 624]
Event: 1.489 Thread 0x00000208432f49b0 Exception <a 'java/lang/ArrayIndexOutOfBoundsException'{0x00000007126516e0}> (0x00000007126516e0) 
thrown [t:\workspace\open\src\hotspot\share\runtime\sharedRuntime.cpp, line 624]
Event: 1.490 Thread 0x00000208432f49b0 Exception <a 'java/lang/ArrayIndexOutOfBoundsException'{0x0000000712651a28}> (0x0000000712651a28) 
thrown [t:\workspace\open\src\hotspot\share\runtime\sharedRuntime.cpp, line 624]
Event: 11.110 Thread 0x00000208432f5ef0 Exception <a 'java/lang/InterruptedException'{0x00000007117952a0}> (0x00000007117952a0) 
thrown [t:\workspace\open\src\hotspot\share\runtime\objectMonitor.cpp, line 1705]

Events (20 events):
Event: 7.631 Executing  VM operation: Cleanup
Event: 7.631 Executing  VM operation: Cleanup done
Event: 9.631 Executing  VM operation: Cleanup
Event: 9.631 Executing  VM operation: Cleanup done
Event: 10.632 Executing  VM operation: Cleanup
Event: 10.633 Executing  VM operation: Cleanup done
Event: 11.110 Thread 0x00000208432f29d0 Thread added: 0x00000208432f29d0
Event: 11.110 Thread 0x00000208432f3f10 Thread added: 0x00000208432f3f10
Event: 11.110 Thread 0x00000208432f5450 Thread added: 0x00000208432f5450
Event: 11.110 Thread 0x00000208432f5ef0 Thread exited: 0x00000208432f5ef0
Event: 11.111 loading class java/nio/channels/ClosedChannelException
Event: 11.111 loading class java/nio/channels/ClosedChannelException done
Event: 11.111 Thread 0x00000208432f59a0 Thread added: 0x00000208432f59a0
Event: 11.111 Thread 0x00000208432f29d0 Thread exited: 0x00000208432f29d0
Event: 11.112 Thread 0x0000020842fb28c0 Thread exited: 0x0000020842fb28c0
Event: 11.115 Thread 0x0000020842c4a030 Thread exited: 0x0000020842c4a030
Event: 11.146 Thread 0x00000208433664c0 Thread exited: 0x00000208433664c0
Event: 11.151 Thread 0x00000208432f3f10 Thread exited: 0x00000208432f3f10
Event: 11.212 Thread 0x00000208432f5450 Thread exited: 0x00000208432f5450
Event: 11.213 Executing  VM operation: Exit


Dynamic libraries:
0x00007ff745bd0000 - 0x00007ff745be0000 	C:\Program Files\Java\jdk-16.0.2\bin\javaw.exe
0x00007ffcfc5b0000 - 0x00007ffcfc7a5000 	C:\windows\SYSTEM32\ntdll.dll
0x00007ffcfc490000 - 0x00007ffcfc54e000 	C:\windows\System32\KERNEL32.DLL
0x00007ffcf9df0000 - 0x00007ffcfa0b8000 	C:\windows\System32\KERNELBASE.dll
0x00007ffcf9cf0000 - 0x00007ffcf9df0000 	C:\windows\System32\ucrtbase.dll
0x00007ffcdfde0000 - 0x00007ffcdfdf8000 	C:\Program Files\Java\jdk-16.0.2\bin\jli.dll
0x00007ffcc2640000 - 0x00007ffcc2659000 	C:\Program Files\Java\jdk-16.0.2\bin\VCRUNTIME140.dll
0x00007ffcfaff0000 - 0x00007ffcfb09c000 	C:\windows\System32\ADVAPI32.dll
0x00007ffcfc370000 - 0x00007ffcfc40e000 	C:\windows\System32\msvcrt.dll
0x00007ffcfc0b0000 - 0x00007ffcfc14b000 	C:\windows\System32\sechost.dll
0x00007ffcfaec0000 - 0x00007ffcfafea000 	C:\windows\System32\RPCRT4.dll
0x00007ffcfb700000 - 0x00007ffcfb8a1000 	C:\windows\System32\USER32.dll
0x00007ffcfa170000 - 0x00007ffcfa192000 	C:\windows\System32\win32u.dll
0x00007ffcfbed0000 - 0x00007ffcfbefb000 	C:\windows\System32\GDI32.dll
0x00007ffcfa290000 - 0x00007ffcfa39d000 	C:\windows\System32\gdi32full.dll
0x00007ffcda9c0000 - 0x00007ffcdac5a000 	C:\windows\WinSxS\amd64_microsoft.windows.common-controls_6595b64144ccf1df_6.0.19041.1110_none_60b5254171f9507e\COMCTL32.dll
0x00007ffcfa1a0000 - 0x00007ffcfa23d000 	C:\windows\System32\msvcp_win.dll
0x00007ffcef800000 - 0x00007ffcef80a000 	C:\windows\SYSTEM32\VERSION.dll
0x00007ffcfb100000 - 0x00007ffcfb130000 	C:\windows\System32\IMM32.DLL
0x00007ffcf3890000 - 0x00007ffcf389c000 	C:\Program Files\Java\jdk-16.0.2\bin\vcruntime140_1.dll
0x00007ffc8a2f0000 - 0x00007ffc8a381000 	C:\Program Files\Java\jdk-16.0.2\bin\msvcp140.dll
0x00007ffc7f3e0000 - 0x00007ffc7ff8b000 	C:\Program Files\Java\jdk-16.0.2\bin\server\jvm.dll
0x00007ffcfb130000 - 0x00007ffcfb138000 	C:\windows\System32\PSAPI.DLL
0x00007ffcec570000 - 0x00007ffcec579000 	C:\windows\SYSTEM32\WSOCK32.dll
0x00007ffcfb5b0000 - 0x00007ffcfb61b000 	C:\windows\System32\WS2_32.dll
0x00007ffcdac60000 - 0x00007ffcdac87000 	C:\windows\SYSTEM32\WINMM.dll
0x00007ffcf8570000 - 0x00007ffcf8582000 	C:\windows\SYSTEM32\kernel.appcore.dll
0x00007ffce7270000 - 0x00007ffce727a000 	C:\Program Files\Java\jdk-16.0.2\bin\jimage.dll
0x00007ffcf8240000 - 0x00007ffcf8424000 	C:\windows\SYSTEM32\DBGHELP.DLL
0x00007ffce76f0000 - 0x00007ffce771c000 	C:\windows\SYSTEM32\dbgcore.DLL
0x00007ffcfa500000 - 0x00007ffcfa582000 	C:\windows\System32\bcryptPrimitives.dll
0x00007ffcb3d10000 - 0x00007ffcb3d35000 	C:\Program Files\Java\jdk-16.0.2\bin\java.dll
0x00007ffcfa770000 - 0x00007ffcfaeb4000 	C:\windows\System32\SHELL32.dll
0x00007ffcf79d0000 - 0x00007ffcf8164000 	C:\windows\SYSTEM32\windows.storage.dll
0x00007ffcfb250000 - 0x00007ffcfb5a5000 	C:\windows\System32\combase.dll
0x00007ffcf9710000 - 0x00007ffcf973e000 	C:\windows\SYSTEM32\Wldp.dll
0x00007ffcfc1e0000 - 0x00007ffcfc28d000 	C:\windows\System32\SHCORE.dll
0x00007ffcfb0a0000 - 0x00007ffcfb0f5000 	C:\windows\System32\shlwapi.dll
0x00007ffcf9c00000 - 0x00007ffcf9c1f000 	C:\windows\SYSTEM32\profapi.dll
0x00007ffcc1980000 - 0x00007ffcc1999000 	C:\Program Files\Java\jdk-16.0.2\bin\net.dll
0x00007ffcf4a20000 - 0x00007ffcf4b2c000 	C:\windows\SYSTEM32\WINHTTP.dll
0x00007ffcf9470000 - 0x00007ffcf94da000 	C:\windows\system32\mswsock.dll
0x00007ffcb6aa0000 - 0x00007ffcb6ab3000 	C:\Program Files\Java\jdk-16.0.2\bin\nio.dll
0x00007ffcb55b0000 - 0x00007ffcb55c8000 	C:\Program Files\Java\jdk-16.0.2\bin\zip.dll
0x00007ffce5f60000 - 0x00007ffce5f70000 	C:\Program Files\Java\jdk-16.0.2\bin\verify.dll
0x00007ffce6040000 - 0x00007ffce61c0000 	C:\Program Files\Java\jdk-16.0.2\bin\awt.dll
0x00007ffcfb620000 - 0x00007ffcfb6ed000 	C:\windows\System32\OLEAUT32.dll
0x00007ffcf7190000 - 0x00007ffcf7220000 	C:\windows\SYSTEM32\apphelp.dll
0x00007ffcf72f0000 - 0x00007ffcf738e000 	C:\windows\system32\uxtheme.dll
0x00007ffcfa5f0000 - 0x00007ffcfa705000 	C:\windows\System32\MSCTF.dll
0x00007ffcfb8b0000 - 0x00007ffcfb9da000 	C:\windows\System32\ole32.dll
0x00007ffcf74e0000 - 0x00007ffcf750f000 	C:\windows\system32\DWMAPI.DLL
0x00007ffcc8b20000 - 0x00007ffcc8c45000 	C:\windows\system32\opengl32.dll
0x00007ffce1670000 - 0x00007ffce169c000 	C:\windows\SYSTEM32\GLU32.dll
0x00007ffcf9660000 - 0x00007ffcf9678000 	C:\windows\SYSTEM32\CRYPTSP.dll
0x00007ffcf8d80000 - 0x00007ffcf8db4000 	C:\windows\system32\rsaenh.dll
0x00007ffcf9cc0000 - 0x00007ffcf9ce7000 	C:\windows\System32\bcrypt.dll
0x00007ffcf9b80000 - 0x00007ffcf9bae000 	C:\windows\SYSTEM32\USERENV.dll
0x00007ffcf9680000 - 0x00007ffcf968c000 	C:\windows\SYSTEM32\CRYPTBASE.dll
0x00007ffcf9110000 - 0x00007ffcf914b000 	C:\windows\SYSTEM32\IPHLPAPI.DLL
0x00007ffcfbec0000 - 0x00007ffcfbec8000 	C:\windows\System32\NSI.dll
0x00007ffcef4b0000 - 0x00007ffcef4c7000 	C:\windows\SYSTEM32\dhcpcsvc6.DLL
0x00007ffcef930000 - 0x00007ffcef94d000 	C:\windows\SYSTEM32\dhcpcsvc.DLL
0x00007ffcf9150000 - 0x00007ffcf921b000 	C:\windows\SYSTEM32\DNSAPI.dll
0x00000000637c0000 - 0x00000000637cd000 	C:\Users\sethr\AppData\Local\Temp\jogamp_0000\file_cache\jln3371613831790914056\jln1824734307799424505\natives\windows-amd64\gluegen-rt.dll
0x00007ffcec670000 - 0x00007ffcec677000 	C:\Program Files\Java\jdk-16.0.2\bin\jawt.dll
0x000000006a440000 - 0x000000006a44d000 	C:\Users\sethr\AppData\Local\Temp\jogamp_0000\file_cache\jln3371613831790914056\jln1824734307799424505\natives\windows-amd64\nativewindow_awt.dll
0x000000006c100000 - 0x000000006c10f000 	C:\Users\sethr\AppData\Local\Temp\jogamp_0000\file_cache\jln3371613831790914056\jln1824734307799424505\natives\windows-amd64\nativewindow_win32.dll
0x000000006cbc0000 - 0x000000006cbd3000 	C:\Users\sethr\AppData\Local\Temp\jogamp_0000\file_cache\jln3371613831790914056\jln1824734307799424505\natives\windows-amd64\newt.dll
0x00007ffcf4300000 - 0x00007ffcf43ae000 	C:\windows\SYSTEM32\mscms.dll
0x00007ffcf42c0000 - 0x00007ffcf42d1000 	C:\windows\SYSTEM32\ColorAdapterClient.dll
0x00007ffcb5910000 - 0x00007ffcb5953000 	C:\windows\SYSTEM32\icm32.dll
0x00007ffcfb9e0000 - 0x00007ffcfbe52000 	C:\windows\System32\setupapi.dll
0x00007ffcfa240000 - 0x00007ffcfa28e000 	C:\windows\System32\cfgmgr32.dll
0x00007ffcf9a60000 - 0x00007ffcf9a94000 	C:\windows\SYSTEM32\DEVOBJ.dll
0x00007ffcfa590000 - 0x00007ffcfa5f0000 	C:\windows\System32\WINTRUST.dll
0x00007ffcfa3a0000 - 0x00007ffcfa4f6000 	C:\windows\System32\CRYPT32.dll
0x00007ffcf98a0000 - 0x00007ffcf98b2000 	C:\windows\SYSTEM32\MSASN1.dll
0x0000000064500000 - 0x00000000645b1000 	C:\Users\sethr\AppData\Local\Temp\jogamp_0000\file_cache\jln3371613831790914056\jln1824734307799424505\natives\windows-amd64\jogl_desktop.dll
0x0000000064340000 - 0x00000000643a2000 	C:\Users\sethr\AppData\Local\Temp\jogamp_0000\file_cache\jln3371613831790914056\jln1824734307799424505\natives\windows-amd64\jogl_mobile.dll
0x00007ffcfb1a0000 - 0x00007ffcfb249000 	C:\windows\System32\clbcatq.dll
0x00007ffc70a20000 - 0x00007ffc71a20000 	C:\windows\System32\DriverStore\FileRepository\iigd_dch.inf_amd64_14d6d9e2312c79ae\igxelpicd64.dll
0x00007ffcf86d0000 - 0x00007ffcf87c4000 	C:\windows\system32\dxgi.dll
0x00007ffc705b0000 - 0x00007ffc70a14000 	C:\windows\System32\DriverStore\FileRepository\iigd_dch.inf_amd64_14d6d9e2312c79ae\igdml64.dll
0x00007ffcccd00000 - 0x00007ffccd0bd000 	C:\windows\System32\DriverStore\FileRepository\iigd_dch.inf_amd64_14d6d9e2312c79ae\igdgmm64.dll
0x00007ffcc9ac0000 - 0x00007ffccccf8000 	C:\windows\System32\DriverStore\FileRepository\iigd_dch.inf_amd64_14d6d9e2312c79ae\igc64.dll
0x00007ffcf9280000 - 0x00007ffcf92cb000 	C:\windows\SYSTEM32\powrprof.dll
0x00007ffcf90f0000 - 0x00007ffcf9102000 	C:\windows\SYSTEM32\UMPDC.dll
0x00007ffcd1810000 - 0x00007ffcd1909000 	C:\windows\SYSTEM32\textinputframework.dll
0x00007ffcf69f0000 - 0x00007ffcf6d4e000 	C:\windows\System32\CoreUIComponents.dll
0x00007ffcf6d50000 - 0x00007ffcf6e42000 	C:\windows\System32\CoreMessaging.dll
0x00007ffcf8b30000 - 0x00007ffcf8b63000 	C:\windows\SYSTEM32\ntmarta.dll
0x00007ffcf61d0000 - 0x00007ffcf6324000 	C:\windows\SYSTEM32\wintypes.dll
0x00007ffcf3a80000 - 0x00007ffcf3ae6000 	C:\windows\system32\Oleacc.dll

dbghelp: loaded successfully - version: 4.0.5 - missing functions: none
symbol engine: initialized successfully - sym options: 0x614 - pdb path: .;C:\Program Files\Java\jdk-16.0.2\bin;C:\windows\SYSTEM32;C:\windows\WinSxS\amd64_microsoft.windows.common-controls_6595b64144ccf1df_6.0.19041.1110_none_60b5254171f9507e;C:\Program Files\Java\jdk-16.0.2\bin\server;C:\Users\sethr\AppData\Local\Temp\jogamp_0000\file_cache\jln3371613831790914056\jln1824734307799424505\natives\windows-amd64;C:\windows\System32\DriverStore\FileRepository\iigd_dch.inf_amd64_14d6d9e2312c79ae

VM Arguments:
jvm_args: -Dfile.encoding=Cp1252 -XX:+ShowCodeDetailsInExceptionMessages 
java_command: energywaves.Main
java_class_path (initial): C:\Users\sethr\eclipse-workspace\energywaves\target\classes;C:\Users\sethr\.m2\repository\org\processing\core\3.3.6\core-3.3.6.jar;C:\Users\sethr\.m2\repository\org\jogamp\gluegen\gluegen-rt-main\2.3.2\gluegen-rt-main-2.3.2.jar;C:\Users\sethr\.m2\repository\org\jogamp\gluegen\gluegen-rt\2.3.2\gluegen-rt-2.3.2.jar;C:\Users\sethr\.m2\repository\org\jogamp\gluegen\gluegen-rt\2.3.2\gluegen-rt-2.3.2-natives-android-aarch64.jar;C:\Users\sethr\.m2\repository\org\jogamp\gluegen\gluegen-rt\2.3.2\gluegen-rt-2.3.2-natives-android-armv6.jar;C:\Users\sethr\.m2\repository\org\jogamp\gluegen\gluegen-rt\2.3.2\gluegen-rt-2.3.2-natives-linux-amd64.jar;C:\Users\sethr\.m2\repository\org\jogamp\gluegen\gluegen-rt\2.3.2\gluegen-rt-2.3.2-natives-linux-armv6.jar;C:\Users\sethr\.m2\repository\org\jogamp\gluegen\gluegen-rt\2.3.2\gluegen-rt-2.3.2-natives-linux-armv6hf.jar;C:\Users\sethr\.m2\repository\org\jogamp\gluegen\gluegen-rt\2.3.2\gluegen-rt-2.3.2-natives-linux-i586.jar;C:\Users\sethr\.m2\repository\org\jogamp\gluegen\gluegen-rt\2.3.2\gluegen-rt-2.3.2-natives-macosx-universal.jar;C:\Users\sethr\.m2\repository\org\jogamp\gluegen\gluegen-rt\2.3.2\gluegen-rt-2.3.2-natives-solaris-amd64.jar;C:\Users\sethr\.m2\repository\org\jogamp\gluegen\gluegen-rt\2.3.2\gluegen-rt-2.3.2-natives-solaris-i586.jar;C:\Users\sethr\.m2\repository\org\jogamp\gluegen\gluegen-rt\2.3.2\gluegen-rt-2.3.2-natives-windows-amd64.jar;C:\Users\sethr\.m2\repository\org\jogamp\gluegen\gluegen-rt\2.3.2\gluegen-rt-2.3.2-natives-windows-i586.jar;C:\Users\sethr\.m2\repository\org\jogamp\jogl\jogl-all-main\2.3.2\jogl-all-main-2.3.2.jar;C:\Users\sethr\.m2\repository\org\jogamp\jogl\jogl-all\2.3.2\jogl-all-2.3.2.jar;C:\Users\sethr\.m2\repository\org\jogamp\jogl\jogl-all\2.3.2\jogl-all-2.3.2-natives-android-aarch64.jar;C:\Users\sethr\.m2\repository\org\jogamp\jogl\jogl-all\2.3.2\jogl-all-2.3.2-natives-android-armv6.jar;C:\Users\sethr\.m2\repository\org\jogamp\jogl\jogl-all\2.3.2\jogl-all-2.3.2-natives-l
Launcher Type: SUN_STANDARD

[Global flags]
     intx CICompilerCount                          = 4                                         {product} {ergonomic}
     uint ConcGCThreads                            = 2                                         {product} {ergonomic}
     uint G1ConcRefinementThreads                  = 8                                         {product} {ergonomic}
   size_t G1HeapRegionSize                         = 2097152                                   {product} {ergonomic}
    uintx GCDrainStackTargetSize                   = 64                                        {product} {ergonomic}
   size_t InitialHeapSize                          = 266338304                                 {product} {ergonomic}
   size_t MarkStackSize                            = 4194304                                   {product} {ergonomic}
   size_t MaxHeapSize                              = 4234149888                                {product} {ergonomic}
   size_t MaxNewSize                               = 2539651072                                {product} {ergonomic}
   size_t MinHeapDeltaBytes                        = 2097152                                   {product} {ergonomic}
   size_t MinHeapSize                              = 8388608                                   {product} {ergonomic}
    uintx NonNMethodCodeHeapSize                   = 5839372                                {pd product} {ergonomic}
    uintx NonProfiledCodeHeapSize                  = 122909434                              {pd product} {ergonomic}
    uintx ProfiledCodeHeapSize                     = 122909434                              {pd product} {ergonomic}
    uintx ReservedCodeCacheSize                    = 251658240                              {pd product} {ergonomic}
     bool SegmentedCodeCache                       = true                                      {product} {ergonomic}
     bool ShowCodeDetailsInExceptionMessages       = true                                   {manageable} {command line}
   size_t SoftMaxHeapSize                          = 4234149888                             {manageable} {ergonomic}
     bool UseCompressedClassPointers               = true                           {product lp64_product} {ergonomic}
     bool UseCompressedOops                        = true                           {product lp64_product} {ergonomic}
     bool UseG1GC                                  = true                                      {product} {ergonomic}
     bool UseLargePagesIndividualAllocation        = false                                  {pd product} {ergonomic}

Logging:
Log output configuration:
 #0: stdout all=off uptime,level,tags
 #1: stderr all=off uptime,level,tags

Environment Variables:
PATH=C:\Program Files\Oculus\Support\oculus-runtime;C:\Program Files\Common Files\Oracle\Java\javapath;C:\windows\system32;C:\windows;C:\windows\System32\Wbem;C:\windows\System32\WindowsPowerShell\v1.0\;C:\windows\System32\OpenSSH\;C:\MinGW\mingw32\bin;C:\ProgramData\chocolatey\bin;C:\ProgramData\chocolatey\bin\make.exe;C:\Program Files\Git\cmd;C:\Program Files\nodejs\;C:\Users\sethr\AppData\Local\Programs\Python\Python39\Scripts\;C:\Users\sethr\AppData\Local\Programs\Python\Python39\;C:\Users\sethr\AppData\Local\Microsoft\WindowsApps;C:\Users\sethr\AppData\Local\Programs\Microsoft VS Code\bin;C:\Users\sethr\AppData\Local\GitHubDesktop\bin;C:\Users\sethr\AppData\Roaming\npm
USERNAME=sethr
OS=Windows_NT
PROCESSOR_IDENTIFIER=Intel64 Family 6 Model 140 Stepping 1, GenuineIntel



---------------  S Y S T E M  ---------------

OS:
 Windows 10 , 64 bit Build 19041 (10.0.19041.1348)
OS uptime: 0 days 8:32 hours

CPU: total 8 (initial active 8) (4 cores per cpu, 2 threads per core) family 6 model 140 stepping 1 microcode 0x86, cx8, cmov, fxsr, ht, mmx, 3dnowpref, sse, sse2, sse3, ssse3, sse4.1, sse4.2, popcnt, lzcnt, tsc, tscinvbit, avx, avx2, aes, erms, clmul, bmi1, bmi2, adx, avx512f, avx512dq, avx512cd, avx512bw, avx512vl, sha, fma, vzeroupper, avx512_vpopcntdq, avx512_vpclmulqdq, avx512_vaes, avx512_vnni, clflush, clflushopt, clwb, avx512_vmbi2, avx512_vmbi

Memory: 4k page, system-wide physical 16149M (8567M free)
TotalPageFile size 22549M (AvailPageFile size 14264M)
current process WorkingSet (physical memory assigned to process): 342M, peak: 346M
current process commit charge ("private bytes"): 511M, peak: 521M

vm_info: Java HotSpot(TM) 64-Bit Server VM (16.0.2+7-67) for windows-amd64 JRE (16.0.2+7-67), built on Jun  8 2021 23:24:19 by "mach5one" with MS VC++ 16.7 (VS2019)

END.
