#
# A fatal error has been detected by the Java Runtime Environment:
#
#  EXCEPTION_ACCESS_VIOLATION (0xc0000005) at pc=0x00007ffef6322c4c, pid=10728, tid=16224
#
# JRE version: Java(TM) SE Runtime Environment (16.0.2+7) (build 16.0.2+7-67)
# Java VM: Java HotSpot(TM) 64-Bit Server VM (16.0.2+7-67, mixed mode, sharing, tiered, compressed oops, compressed class ptrs, g1 gc, windows-amd64)
# Problematic frame:
# C  [igxelpicd64.dll+0x282c4c]
#
# No core dump will be written. Minidumps are not enabled by default on client versions of Windows
#
# If you would like to submit a bug report, please visit:
#   https://bugreport.java.com/bugreport/crash.jsp
#

---------------  S U M M A R Y ------------

Command Line: -Dfile.encoding=Cp1252 -XX:+ShowCodeDetailsInExceptionMessages energywaves.Main

Host: 11th Gen Intel(R) Core(TM) i7-1165G7 @ 2.80GHz, 8 cores, 15G,  Windows 10 , 64 bit Build 19041 (10.0.19041.1348)
Time: Wed Dec 15 21:43:48 2021 Eastern Standard Time elapsed time: 170.525768 seconds (0d 0h 2m 50s)

---------------  T H R E A D  ---------------

Current thread (0x0000015cdb0ab5a0):  VMThread "VM Thread" [stack: 0x0000004857500000,0x0000004857600000] [id=16224]

Stack: [0x0000004857500000,0x0000004857600000],  sp=0x00000048575fe650,  free space=1017k
Native frames: (J=compiled Java code, j=interpreted, Vv=VM code, C=native code)
C  [igxelpicd64.dll+0x282c4c]


siginfo: EXCEPTION_ACCESS_VIOLATION (0xc0000005), reading address 0x00000000000356f8


Register to memory mapping:

RIP=0x00007ffef6322c4c igxelpicd64.dll
RAX=0x0000015cded0c7f0 points into unknown readable memory: 0x000000000012fbe7 | e7 fb 12 00 00 00 00 00
RBX=0x0000015cdc6b85f0 points into unknown readable memory: 0xffffffffffffffff | ff ff ff ff ff ff ff ff
RCX=0x0 is NULL
RDX=0x0000000000000002 is an unknown value
RSP=0x00000048575fe650 points into unknown readable memory: 0x0000015cdc6b85f0 | f0 85 6b dc 5c 01 00 00
RBP=0x0000000000000016 is an unknown value
RSI=0x0000015cdc7fc340 points into unknown readable memory: 0x0000000000000000 | 00 00 00 00 00 00 00 00
RDI=0x0 is NULL
R8 =0x0000000000000014 is an unknown value
R9 =0x0 is NULL
R10=0x0 is NULL
R11=0x0000000000000246 is an unknown value
R12=0x0000015cded0cc28 points into unknown readable memory: 0x0000015cde91fd20 | 20 fd 91 de 5c 01 00 00
R13=0x0 is NULL
R14=0x0000015cded0c660 points into unknown readable memory: 0x0000015cdbffb1b0 | b0 b1 ff db 5c 01 00 00
R15=0x0 is NULL


Registers:
RAX=0x0000015cded0c7f0, RBX=0x0000015cdc6b85f0, RCX=0x0000000000000000, RDX=0x0000000000000002
RSP=0x00000048575fe650, RBP=0x0000000000000016, RSI=0x0000015cdc7fc340, RDI=0x0000000000000000
R8 =0x0000000000000014, R9 =0x0000000000000000, R10=0x0000000000000000, R11=0x0000000000000246
R12=0x0000015cded0cc28, R13=0x0000000000000000, R14=0x0000015cded0c660, R15=0x0000000000000000
RIP=0x00007ffef6322c4c, EFLAGS=0x0000000000010206

Top of Stack: (sp=0x00000048575fe650)
0x00000048575fe650:   0000015cdc6b85f0 00007fff8d60d859
0x00000048575fe660:   00000048575fe6e8 0000000000000000
0x00000048575fe670:   0000000000000054 0000015cdc6b85f0
0x00000048575fe680:   00000048575fe8a0 00007fff8ec90ba4
0x00000048575fe690:   00000048575fe800 0000000000000000
0x00000048575fe6a0:   0000015cb6230b54 0000015cde251478
0x00000048575fe6b0:   000000000012fbeb 0000000000000000
0x00000048575fe6c0:   0000000000000014 0000000000000000
0x00000048575fe6d0:   0000000000000000 00000048575fe7f0
0x00000048575fe6e0:   0000015cdc7fc340 00007ffef615769c
0x00000048575fe6f0:   0000015c00000016 0000015cde91fd20
0x00000048575fe700:   0000004856b58000 00007fff8ec0d200
0x00000048575fe710:   0000004800001040 0000b802196a0000
0x00000048575fe720:   0000000000000000 0000015cb6220000
0x00000048575fe730:   00007fff8ec578c0 00000004f46857d4
0x00000048575fe740:   00000000000004b4 0000015cb6221c04 

Instructions: (pc=0x00007ffef6322c4c)
0x00007ffef6322b4c:   41 bf 20 00 00 00 48 8b 04 38 4d 8b 3c 07 0f b6
0x00007ffef6322b5c:   bc 24 b0 00 00 00 4c 3b 3d d7 f8 cb 00 41 0f 44
0x00007ffef6322b6c:   e9 89 ac 24 a0 00 00 00 48 85 c9 0f 84 d4 07 00
0x00007ffef6322b7c:   00 0f 1f 00 4c 8b f1 4c 8d a1 c8 05 00 00 49 8b
0x00007ffef6322b8c:   04 24 48 89 84 24 a8 00 00 00 40 84 ff 74 10 48
0x00007ffef6322b9c:   8b d1 48 8b 09 e8 ea 8d e3 ff e9 4f 07 00 00 8b
0x00007ffef6322bac:   96 d0 01 00 00 48 8b 05 58 dd bb 00 83 b8 64 03
0x00007ffef6322bbc:   00 00 02 0f 85 19 02 00 00 83 fa 10 73 0e 48 8d
0x00007ffef6322bcc:   42 04 48 8d 04 c2 48 8d 04 c1 eb 60 8d 4a f0 8b
0x00007ffef6322bdc:   c1 c1 e8 04 83 f8 03 73 1d 0f ae e8 83 e1 0f 4d
0x00007ffef6322bec:   8b 84 c6 80 05 00 00 4d 85 c0 74 25 48 8d 0c c9
0x00007ffef6322bfc:   49 8d 04 c8 eb 36 49 8b 86 98 05 00 00 48 85 c0
0x00007ffef6322c0c:   74 0f 66 90 39 10 74 2f 48 8b 40 50 48 85 c0 75
0x00007ffef6322c1c:   f3 41 80 be a0 05 00 00 00 74 22 8b c2 83 e0 0f
0x00007ffef6322c2c:   48 8d 04 c0 48 8d 40 20 49 8d 04 c6 48 85 c0 74
0x00007ffef6322c3c:   0c 48 8b 48 08 eb 09 48 83 c0 08 eb ef 49 8b c9
0x00007ffef6322c4c:   49 3b 8f f8 56 03 00 0f 86 85 01 00 00 83 fa 10
0x00007ffef6322c5c:   73 0a 48 8d 42 04 48 8d 04 c2 eb 5c 8d 4a f0 8b
0x00007ffef6322c6c:   c1 c1 e8 04 83 f8 03 73 1d 0f ae e8 83 e1 0f 4d
0x00007ffef6322c7c:   8b 84 c6 80 05 00 00 4d 85 c0 74 25 48 8d 0c c9
0x00007ffef6322c8c:   49 8d 04 c8 eb 36 49 8b 86 98 05 00 00 48 85 c0
0x00007ffef6322c9c:   74 0f 66 90 39 10 74 2f 48 8b 40 50 48 85 c0 75
0x00007ffef6322cac:   f3 41 80 be a0 05 00 00 00 74 22 8b c2 83 e0 0f
0x00007ffef6322cbc:   48 8d 04 c0 48 8d 40 20 49 8d 04 c6 48 85 c0 74
0x00007ffef6322ccc:   0c 48 8b 48 08 eb 09 48 83 c0 08 eb ef 49 8b c9
0x00007ffef6322cdc:   49 3b 8e 40 06 00 00 0f 86 f5 00 00 00 48 8b 86
0x00007ffef6322cec:   80 02 00 00 49 89 04 24 4c 89 b6 80 02 00 00 ff
0x00007ffef6322cfc:   86 88 02 00 00 ba 01 00 00 00 49 8b 4e 08 e8 41
0x00007ffef6322d0c:   28 59 00 0f b7 c8 48 2b c1 48 05 00 00 01 00 48
0x00007ffef6322d1c:   01 86 90 02 00 00 ba 01 00 00 00 49 8b 4e 08 e8
0x00007ffef6322d2c:   20 28 59 00 48 01 86 a0 02 00 00 85 ed 74 75 49
0x00007ffef6322d3c:   8b 9f 58 4f 03 00 0f 57 c0 f3 0f 7f 44 24 30 c7 


Stack slot to memory mapping:
stack at sp + 0 slots: 0x0000015cdc6b85f0 points into unknown readable memory: 0xffffffffffffffff | ff ff ff ff ff ff ff ff
stack at sp + 1 slots: 0x00007fff8d60d859 USER32.dll
stack at sp + 2 slots: 0x00000048575fe6e8 points into unknown readable memory: 0x00007ffef615769c | 9c 76 15 f6 fe 7f 00 00
stack at sp + 3 slots: 0x0 is NULL
stack at sp + 4 slots: 0x0000000000000054 is an unknown value
stack at sp + 5 slots: 0x0000015cdc6b85f0 points into unknown readable memory: 0xffffffffffffffff | ff ff ff ff ff ff ff ff
stack at sp + 6 slots: 0x00000048575fe8a0 points into unknown readable memory: 0x0000000000000000 | 00 00 00 00 00 00 00 00
stack at sp + 7 slots: 0x00007fff8ec90ba4 ntdll.dll

VM_Operation (0x00000048595fe810): Exit, mode: safepoint, requested by thread 0x0000015cdc23a2b0


---------------  P R O C E S S  ---------------

Threads class SMR info:
_java_thread_list=0x0000015cde446b70, length=16, elements={
0x0000015cdb0ae080, 0x0000015cdb0aec80, 0x0000015cdb0c0240, 0x0000015cdb0c0f20,
0x0000015cdb0c5940, 0x0000015cdb0ca360, 0x0000015cdb0dbea0, 0x0000015cdb0dc990,
0x0000015cdb0dd3d0, 0x0000015cdbd30bc0, 0x0000015cdbd33fc0, 0x0000015cdc0913e0,
0x0000015cdc238d70, 0x0000015cdc239d60, 0x0000015cdc23a2b0, 0x0000015cdc23b7f0
}

Java Threads: ( => current thread )
  0x0000015cdb0ae080 JavaThread "Reference Handler" daemon [_thread_blocked, id=37592, stack(0x0000004857600000,0x0000004857700000)]
  0x0000015cdb0aec80 JavaThread "Finalizer" daemon [_thread_blocked, id=12364, stack(0x0000004857700000,0x0000004857800000)]
  0x0000015cdb0c0240 JavaThread "Signal Dispatcher" daemon [_thread_blocked, id=18572, stack(0x0000004857800000,0x0000004857900000)]
  0x0000015cdb0c0f20 JavaThread "Attach Listener" daemon [_thread_blocked, id=20324, stack(0x0000004857900000,0x0000004857a00000)]
  0x0000015cdb0c5940 JavaThread "Service Thread" daemon [_thread_blocked, id=15500, stack(0x0000004857a00000,0x0000004857b00000)]
  0x0000015cdb0ca360 JavaThread "Monitor Deflation Thread" daemon [_thread_blocked, id=15008, stack(0x0000004857b00000,0x0000004857c00000)]
  0x0000015cdb0dbea0 JavaThread "C2 CompilerThread0" daemon [_thread_blocked, id=32148, stack(0x0000004857c00000,0x0000004857d00000)]
  0x0000015cdb0dc990 JavaThread "C1 CompilerThread0" daemon [_thread_blocked, id=10496, stack(0x0000004857d00000,0x0000004857e00000)]
  0x0000015cdb0dd3d0 JavaThread "Sweeper thread" daemon [_thread_blocked, id=13176, stack(0x0000004857e00000,0x0000004857f00000)]
  0x0000015cdbd30bc0 JavaThread "Notification Thread" daemon [_thread_blocked, id=4008, stack(0x0000004857f00000,0x0000004858000000)]
  0x0000015cdbd33fc0 JavaThread "Common-Cleaner" daemon [_thread_blocked, id=37188, stack(0x0000004858100000,0x0000004858200000)]
  0x0000015cdc0913e0 JavaThread "Java2D Disposer" daemon [_thread_blocked, id=32516, stack(0x0000004858200000,0x0000004858300000)]
  0x0000015cdc238d70 JavaThread "HighResTimerThread" daemon [_thread_blocked, id=37488, stack(0x0000004859100000,0x0000004859200000)]
  0x0000015cdc239d60 JavaThread "DestroyJavaVM" [_thread_blocked, id=3020, stack(0x0000004856f00000,0x0000004857000000)]
  0x0000015cdc23a2b0 JavaThread "main-FPSAWTAnimator#00-Timer0-FPSAWTAnimator#00-Timer1" [_thread_blocked, id=16900, stack(0x0000004859500000,0x0000004859600000)]
  0x0000015cdc23b7f0 JavaThread "AWT-Shutdown" [_thread_blocked, id=23816, stack(0x0000004858500000,0x0000004858600000)]

Other Threads:
=>0x0000015cdb0ab5a0 VMThread "VM Thread" [stack: 0x0000004857500000,0x0000004857600000] [id=16224]
  0x0000015cb861c8f0 GCTaskThread "GC Thread#0" [stack: 0x0000004857000000,0x0000004857100000] [id=3720]
  0x0000015cde28c840 GCTaskThread "GC Thread#1" [stack: 0x0000004858b00000,0x0000004858c00000] [id=6164]
  0x0000015cde28ceb0 GCTaskThread "GC Thread#2" [stack: 0x0000004858c00000,0x0000004858d00000] [id=32772]
  0x0000015cde28e110 GCTaskThread "GC Thread#3" [stack: 0x0000004858d00000,0x0000004858e00000] [id=4924]
  0x0000015cde28d1c0 GCTaskThread "GC Thread#4" [stack: 0x0000004858e00000,0x0000004858f00000] [id=6944]
  0x0000015cde28d7e0 GCTaskThread "GC Thread#5" [stack: 0x0000004858f00000,0x0000004859000000] [id=35596]
  0x0000015cde28d4d0 GCTaskThread "GC Thread#6" [stack: 0x0000004859000000,0x0000004859100000] [id=38616]
  0x0000015cde0b26f0 GCTaskThread "GC Thread#7" [stack: 0x0000004858300000,0x0000004858400000] [id=2364]
  0x0000015cb862d680 ConcurrentGCThread "G1 Main Marker" terminated
  0x0000015cb862e170 ConcurrentGCThread "G1 Conc#0" [stack: 0x0000004857200000,0x0000004857300000] [id=22172]
  0x0000015cdaf644e0 ConcurrentGCThread "G1 Refine#0" terminated
  0x0000015cb8669130 ConcurrentGCThread "G1 Service" terminated

Threads with active compile tasks:

VM state: at safepoint (shutting down)

VM Mutex/Monitor currently owned by a thread:  ([mutex/lock_event])
[0x0000015cb85ca4c0] Threads_lock - owner thread: 0x0000015cdb0ab5a0
[0x0000015cb85c9980] Heap_lock - owner thread: 0x0000015cdc23a2b0

Heap address: 0x0000000703a00000, size: 4038 MB, Compressed Oops mode: Zero based, Oop shift amount: 3

CDS archive(s) mapped at: [0x0000000800000000-0x0000000800bb0000-0x0000000800bb0000), size 12255232, SharedBaseAddress: 0x0000000800000000, ArchiveRelocationMode: 0.
Compressed class space mapped at: 0x0000000800c00000-0x0000000840c00000, reserved size: 1073741824
Narrow klass base: 0x0000000800000000, Narrow klass shift: 3, Narrow klass range: 0x100000000

GC Precious Log:
 CPUs: 8 total, 8 available
 Memory: 16149M
 Large Page Support: Disabled
 NUMA Support: Disabled
 Compressed Oops: Enabled (Zero based)
 Heap Region Size: 2M
 Heap Min Capacity: 8M
 Heap Initial Capacity: 254M
 Heap Max Capacity: 4038M
 Pre-touch: Disabled
 Parallel Workers: 8
 Concurrent Workers: 2
 Concurrent Refinement Workers: 8
 Periodic GC: Disabled

Heap:
 garbage-first heap   total 260096K, used 39492K [0x0000000703a00000, 0x0000000800000000)
  region size 2048K, 18 young (36864K), 1 survivors (2048K)
 Metaspace       used 12532K, committed 12672K, reserved 1064960K
  class space    used 880K, committed 960K, reserved 1048576K

Heap Regions: E=young(eden), S=young(survivor), O=old, HS=humongous(starts), HC=humongous(continues), CS=collection set, F=free, OA=open archive, CA=closed archive, TAMS=top-at-mark-start (previous, next)
|   0|0x0000000703a00000, 0x0000000703c00000, 0x0000000703c00000|100%| O|  |TAMS 0x0000000703a00000, 0x0000000703a00000| Untracked 
|   1|0x0000000703c00000, 0x0000000703e00000, 0x0000000703e00000|100%| O|  |TAMS 0x0000000703c00000, 0x0000000703c00000| Untracked 
|   2|0x0000000703e00000, 0x0000000704000000, 0x0000000704000000|100%| O|  |TAMS 0x0000000703e00000, 0x0000000703e00000| Untracked 
|   3|0x0000000704000000, 0x000000070408e800, 0x0000000704200000| 27%| O|  |TAMS 0x0000000704000000, 0x0000000704000000| Untracked 
|   4|0x0000000704200000, 0x0000000704200000, 0x0000000704400000|  0%| F|  |TAMS 0x0000000704200000, 0x0000000704200000| Untracked 
|   5|0x0000000704400000, 0x0000000704400000, 0x0000000704600000|  0%| F|  |TAMS 0x0000000704400000, 0x0000000704400000| Untracked 
|   6|0x0000000704600000, 0x0000000704600000, 0x0000000704800000|  0%| F|  |TAMS 0x0000000704600000, 0x0000000704600000| Untracked 
|   7|0x0000000704800000, 0x0000000704800000, 0x0000000704a00000|  0%| F|  |TAMS 0x0000000704800000, 0x0000000704800000| Untracked 
|   8|0x0000000704a00000, 0x0000000704a00000, 0x0000000704c00000|  0%| F|  |TAMS 0x0000000704a00000, 0x0000000704a00000| Untracked 
|   9|0x0000000704c00000, 0x0000000704c00000, 0x0000000704e00000|  0%| F|  |TAMS 0x0000000704c00000, 0x0000000704c00000| Untracked 
|  10|0x0000000704e00000, 0x0000000704e00000, 0x0000000705000000|  0%| F|  |TAMS 0x0000000704e00000, 0x0000000704e00000| Untracked 
|  11|0x0000000705000000, 0x0000000705000000, 0x0000000705200000|  0%| F|  |TAMS 0x0000000705000000, 0x0000000705000000| Untracked 
|  12|0x0000000705200000, 0x0000000705200000, 0x0000000705400000|  0%| F|  |TAMS 0x0000000705200000, 0x0000000705200000| Untracked 
|  13|0x0000000705400000, 0x0000000705400000, 0x0000000705600000|  0%| F|  |TAMS 0x0000000705400000, 0x0000000705400000| Untracked 
|  14|0x0000000705600000, 0x0000000705600000, 0x0000000705800000|  0%| F|  |TAMS 0x0000000705600000, 0x0000000705600000| Untracked 
|  15|0x0000000705800000, 0x0000000705800000, 0x0000000705a00000|  0%| F|  |TAMS 0x0000000705800000, 0x0000000705800000| Untracked 
|  16|0x0000000705a00000, 0x0000000705a00000, 0x0000000705c00000|  0%| F|  |TAMS 0x0000000705a00000, 0x0000000705a00000| Untracked 
|  17|0x0000000705c00000, 0x0000000705c00000, 0x0000000705e00000|  0%| F|  |TAMS 0x0000000705c00000, 0x0000000705c00000| Untracked 
|  18|0x0000000705e00000, 0x0000000705e00000, 0x0000000706000000|  0%| F|  |TAMS 0x0000000705e00000, 0x0000000705e00000| Untracked 
|  19|0x0000000706000000, 0x0000000706000000, 0x0000000706200000|  0%| F|  |TAMS 0x0000000706000000, 0x0000000706000000| Untracked 
|  20|0x0000000706200000, 0x0000000706200000, 0x0000000706400000|  0%| F|  |TAMS 0x0000000706200000, 0x0000000706200000| Untracked 
|  21|0x0000000706400000, 0x0000000706400000, 0x0000000706600000|  0%| F|  |TAMS 0x0000000706400000, 0x0000000706400000| Untracked 
|  22|0x0000000706600000, 0x0000000706600000, 0x0000000706800000|  0%| F|  |TAMS 0x0000000706600000, 0x0000000706600000| Untracked 
|  23|0x0000000706800000, 0x0000000706800000, 0x0000000706a00000|  0%| F|  |TAMS 0x0000000706800000, 0x0000000706800000| Untracked 
|  24|0x0000000706a00000, 0x0000000706a00000, 0x0000000706c00000|  0%| F|  |TAMS 0x0000000706a00000, 0x0000000706a00000| Untracked 
|  25|0x0000000706c00000, 0x0000000706c00000, 0x0000000706e00000|  0%| F|  |TAMS 0x0000000706c00000, 0x0000000706c00000| Untracked 
|  26|0x0000000706e00000, 0x0000000706e00000, 0x0000000707000000|  0%| F|  |TAMS 0x0000000706e00000, 0x0000000706e00000| Untracked 
|  27|0x0000000707000000, 0x0000000707000000, 0x0000000707200000|  0%| F|  |TAMS 0x0000000707000000, 0x0000000707000000| Untracked 
|  28|0x0000000707200000, 0x0000000707200000, 0x0000000707400000|  0%| F|  |TAMS 0x0000000707200000, 0x0000000707200000| Untracked 
|  29|0x0000000707400000, 0x0000000707400000, 0x0000000707600000|  0%| F|  |TAMS 0x0000000707400000, 0x0000000707400000| Untracked 
|  30|0x0000000707600000, 0x0000000707600000, 0x0000000707800000|  0%| F|  |TAMS 0x0000000707600000, 0x0000000707600000| Untracked 
|  31|0x0000000707800000, 0x0000000707800000, 0x0000000707a00000|  0%| F|  |TAMS 0x0000000707800000, 0x0000000707800000| Untracked 
|  32|0x0000000707a00000, 0x0000000707a00000, 0x0000000707c00000|  0%| F|  |TAMS 0x0000000707a00000, 0x0000000707a00000| Untracked 
|  33|0x0000000707c00000, 0x0000000707c00000, 0x0000000707e00000|  0%| F|  |TAMS 0x0000000707c00000, 0x0000000707c00000| Untracked 
|  34|0x0000000707e00000, 0x0000000707e00000, 0x0000000708000000|  0%| F|  |TAMS 0x0000000707e00000, 0x0000000707e00000| Untracked 
|  35|0x0000000708000000, 0x0000000708000000, 0x0000000708200000|  0%| F|  |TAMS 0x0000000708000000, 0x0000000708000000| Untracked 
|  36|0x0000000708200000, 0x0000000708200000, 0x0000000708400000|  0%| F|  |TAMS 0x0000000708200000, 0x0000000708200000| Untracked 
|  37|0x0000000708400000, 0x0000000708400000, 0x0000000708600000|  0%| F|  |TAMS 0x0000000708400000, 0x0000000708400000| Untracked 
|  38|0x0000000708600000, 0x0000000708600000, 0x0000000708800000|  0%| F|  |TAMS 0x0000000708600000, 0x0000000708600000| Untracked 
|  39|0x0000000708800000, 0x0000000708800000, 0x0000000708a00000|  0%| F|  |TAMS 0x0000000708800000, 0x0000000708800000| Untracked 
|  40|0x0000000708a00000, 0x0000000708a00000, 0x0000000708c00000|  0%| F|  |TAMS 0x0000000708a00000, 0x0000000708a00000| Untracked 
|  41|0x0000000708c00000, 0x0000000708c00000, 0x0000000708e00000|  0%| F|  |TAMS 0x0000000708c00000, 0x0000000708c00000| Untracked 
|  42|0x0000000708e00000, 0x0000000708e00000, 0x0000000709000000|  0%| F|  |TAMS 0x0000000708e00000, 0x0000000708e00000| Untracked 
|  43|0x0000000709000000, 0x0000000709000000, 0x0000000709200000|  0%| F|  |TAMS 0x0000000709000000, 0x0000000709000000| Untracked 
|  44|0x0000000709200000, 0x0000000709200000, 0x0000000709400000|  0%| F|  |TAMS 0x0000000709200000, 0x0000000709200000| Untracked 
|  45|0x0000000709400000, 0x0000000709400000, 0x0000000709600000|  0%| F|  |TAMS 0x0000000709400000, 0x0000000709400000| Untracked 
|  46|0x0000000709600000, 0x0000000709600000, 0x0000000709800000|  0%| F|  |TAMS 0x0000000709600000, 0x0000000709600000| Untracked 
|  47|0x0000000709800000, 0x0000000709800000, 0x0000000709a00000|  0%| F|  |TAMS 0x0000000709800000, 0x0000000709800000| Untracked 
|  48|0x0000000709a00000, 0x0000000709a00000, 0x0000000709c00000|  0%| F|  |TAMS 0x0000000709a00000, 0x0000000709a00000| Untracked 
|  49|0x0000000709c00000, 0x0000000709c00000, 0x0000000709e00000|  0%| F|  |TAMS 0x0000000709c00000, 0x0000000709c00000| Untracked 
|  50|0x0000000709e00000, 0x0000000709e00000, 0x000000070a000000|  0%| F|  |TAMS 0x0000000709e00000, 0x0000000709e00000| Untracked 
|  51|0x000000070a000000, 0x000000070a002850, 0x000000070a200000|  0%| S|CS|TAMS 0x000000070a000000, 0x000000070a000000| Complete 
|  52|0x000000070a200000, 0x000000070a200000, 0x000000070a400000|  0%| F|  |TAMS 0x000000070a200000, 0x000000070a200000| Untracked 
|  53|0x000000070a400000, 0x000000070a400000, 0x000000070a600000|  0%| F|  |TAMS 0x000000070a400000, 0x000000070a400000| Untracked 
|  54|0x000000070a600000, 0x000000070a600000, 0x000000070a800000|  0%| F|  |TAMS 0x000000070a600000, 0x000000070a600000| Untracked 
|  55|0x000000070a800000, 0x000000070a800000, 0x000000070aa00000|  0%| F|  |TAMS 0x000000070a800000, 0x000000070a800000| Untracked 
|  56|0x000000070aa00000, 0x000000070aa00000, 0x000000070ac00000|  0%| F|  |TAMS 0x000000070aa00000, 0x000000070aa00000| Untracked 
|  57|0x000000070ac00000, 0x000000070ac00000, 0x000000070ae00000|  0%| F|  |TAMS 0x000000070ac00000, 0x000000070ac00000| Untracked 
|  58|0x000000070ae00000, 0x000000070ae00000, 0x000000070b000000|  0%| F|  |TAMS 0x000000070ae00000, 0x000000070ae00000| Untracked 
|  59|0x000000070b000000, 0x000000070b000000, 0x000000070b200000|  0%| F|  |TAMS 0x000000070b000000, 0x000000070b000000| Untracked 
|  60|0x000000070b200000, 0x000000070b200000, 0x000000070b400000|  0%| F|  |TAMS 0x000000070b200000, 0x000000070b200000| Untracked 
|  61|0x000000070b400000, 0x000000070b400000, 0x000000070b600000|  0%| F|  |TAMS 0x000000070b400000, 0x000000070b400000| Untracked 
|  62|0x000000070b600000, 0x000000070b600000, 0x000000070b800000|  0%| F|  |TAMS 0x000000070b600000, 0x000000070b600000| Untracked 
|  63|0x000000070b800000, 0x000000070b800000, 0x000000070ba00000|  0%| F|  |TAMS 0x000000070b800000, 0x000000070b800000| Untracked 
|  64|0x000000070ba00000, 0x000000070ba00000, 0x000000070bc00000|  0%| F|  |TAMS 0x000000070ba00000, 0x000000070ba00000| Untracked 
|  65|0x000000070bc00000, 0x000000070bc00000, 0x000000070be00000|  0%| F|  |TAMS 0x000000070bc00000, 0x000000070bc00000| Untracked 
|  66|0x000000070be00000, 0x000000070be00000, 0x000000070c000000|  0%| F|  |TAMS 0x000000070be00000, 0x000000070be00000| Untracked 
|  67|0x000000070c000000, 0x000000070c000000, 0x000000070c200000|  0%| F|  |TAMS 0x000000070c000000, 0x000000070c000000| Untracked 
|  68|0x000000070c200000, 0x000000070c200000, 0x000000070c400000|  0%| F|  |TAMS 0x000000070c200000, 0x000000070c200000| Untracked 
|  69|0x000000070c400000, 0x000000070c400000, 0x000000070c600000|  0%| F|  |TAMS 0x000000070c400000, 0x000000070c400000| Untracked 
|  70|0x000000070c600000, 0x000000070c600000, 0x000000070c800000|  0%| F|  |TAMS 0x000000070c600000, 0x000000070c600000| Untracked 
|  71|0x000000070c800000, 0x000000070c800000, 0x000000070ca00000|  0%| F|  |TAMS 0x000000070c800000, 0x000000070c800000| Untracked 
|  72|0x000000070ca00000, 0x000000070ca00000, 0x000000070cc00000|  0%| F|  |TAMS 0x000000070ca00000, 0x000000070ca00000| Untracked 
|  73|0x000000070cc00000, 0x000000070cc00000, 0x000000070ce00000|  0%| F|  |TAMS 0x000000070cc00000, 0x000000070cc00000| Untracked 
|  74|0x000000070ce00000, 0x000000070ce00000, 0x000000070d000000|  0%| F|  |TAMS 0x000000070ce00000, 0x000000070ce00000| Untracked 
|  75|0x000000070d000000, 0x000000070d000000, 0x000000070d200000|  0%| F|  |TAMS 0x000000070d000000, 0x000000070d000000| Untracked 
|  76|0x000000070d200000, 0x000000070d200000, 0x000000070d400000|  0%| F|  |TAMS 0x000000070d200000, 0x000000070d200000| Untracked 
|  77|0x000000070d400000, 0x000000070d400000, 0x000000070d600000|  0%| F|  |TAMS 0x000000070d400000, 0x000000070d400000| Untracked 
|  78|0x000000070d600000, 0x000000070d600000, 0x000000070d800000|  0%| F|  |TAMS 0x000000070d600000, 0x000000070d600000| Untracked 
|  79|0x000000070d800000, 0x000000070d800000, 0x000000070da00000|  0%| F|  |TAMS 0x000000070d800000, 0x000000070d800000| Untracked 
|  80|0x000000070da00000, 0x000000070da00000, 0x000000070dc00000|  0%| F|  |TAMS 0x000000070da00000, 0x000000070da00000| Untracked 
|  81|0x000000070dc00000, 0x000000070dc00000, 0x000000070de00000|  0%| F|  |TAMS 0x000000070dc00000, 0x000000070dc00000| Untracked 
|  82|0x000000070de00000, 0x000000070de00000, 0x000000070e000000|  0%| F|  |TAMS 0x000000070de00000, 0x000000070de00000| Untracked 
|  83|0x000000070e000000, 0x000000070e000000, 0x000000070e200000|  0%| F|  |TAMS 0x000000070e000000, 0x000000070e000000| Untracked 
|  84|0x000000070e200000, 0x000000070e200000, 0x000000070e400000|  0%| F|  |TAMS 0x000000070e200000, 0x000000070e200000| Untracked 
|  85|0x000000070e400000, 0x000000070e400000, 0x000000070e600000|  0%| F|  |TAMS 0x000000070e400000, 0x000000070e400000| Untracked 
|  86|0x000000070e600000, 0x000000070e600000, 0x000000070e800000|  0%| F|  |TAMS 0x000000070e600000, 0x000000070e600000| Untracked 
|  87|0x000000070e800000, 0x000000070e800000, 0x000000070ea00000|  0%| F|  |TAMS 0x000000070e800000, 0x000000070e800000| Untracked 
|  88|0x000000070ea00000, 0x000000070ea00000, 0x000000070ec00000|  0%| F|  |TAMS 0x000000070ea00000, 0x000000070ea00000| Untracked 
|  89|0x000000070ec00000, 0x000000070ec00000, 0x000000070ee00000|  0%| F|  |TAMS 0x000000070ec00000, 0x000000070ec00000| Untracked 
|  90|0x000000070ee00000, 0x000000070ee00000, 0x000000070f000000|  0%| F|  |TAMS 0x000000070ee00000, 0x000000070ee00000| Untracked 
|  91|0x000000070f000000, 0x000000070f000000, 0x000000070f200000|  0%| F|  |TAMS 0x000000070f000000, 0x000000070f000000| Untracked 
|  92|0x000000070f200000, 0x000000070f200000, 0x000000070f400000|  0%| F|  |TAMS 0x000000070f200000, 0x000000070f200000| Untracked 
|  93|0x000000070f400000, 0x000000070f400000, 0x000000070f600000|  0%| F|  |TAMS 0x000000070f400000, 0x000000070f400000| Untracked 
|  94|0x000000070f600000, 0x000000070f600000, 0x000000070f800000|  0%| F|  |TAMS 0x000000070f600000, 0x000000070f600000| Untracked 
|  95|0x000000070f800000, 0x000000070f800000, 0x000000070fa00000|  0%| F|  |TAMS 0x000000070f800000, 0x000000070f800000| Untracked 
|  96|0x000000070fa00000, 0x000000070fa00000, 0x000000070fc00000|  0%| F|  |TAMS 0x000000070fa00000, 0x000000070fa00000| Untracked 
|  97|0x000000070fc00000, 0x000000070fc00000, 0x000000070fe00000|  0%| F|  |TAMS 0x000000070fc00000, 0x000000070fc00000| Untracked 
|  98|0x000000070fe00000, 0x000000070fe00000, 0x0000000710000000|  0%| F|  |TAMS 0x000000070fe00000, 0x000000070fe00000| Untracked 
|  99|0x0000000710000000, 0x0000000710000000, 0x0000000710200000|  0%| F|  |TAMS 0x0000000710000000, 0x0000000710000000| Untracked 
| 100|0x0000000710200000, 0x0000000710200000, 0x0000000710400000|  0%| F|  |TAMS 0x0000000710200000, 0x0000000710200000| Untracked 
| 101|0x0000000710400000, 0x0000000710400000, 0x0000000710600000|  0%| F|  |TAMS 0x0000000710400000, 0x0000000710400000| Untracked 
| 102|0x0000000710600000, 0x0000000710600000, 0x0000000710800000|  0%| F|  |TAMS 0x0000000710600000, 0x0000000710600000| Untracked 
| 103|0x0000000710800000, 0x0000000710800000, 0x0000000710a00000|  0%| F|  |TAMS 0x0000000710800000, 0x0000000710800000| Untracked 
| 104|0x0000000710a00000, 0x0000000710a00000, 0x0000000710c00000|  0%| F|  |TAMS 0x0000000710a00000, 0x0000000710a00000| Untracked 
| 105|0x0000000710c00000, 0x0000000710c00000, 0x0000000710e00000|  0%| F|  |TAMS 0x0000000710c00000, 0x0000000710c00000| Untracked 
| 106|0x0000000710e00000, 0x0000000710e00000, 0x0000000711000000|  0%| F|  |TAMS 0x0000000710e00000, 0x0000000710e00000| Untracked 
| 107|0x0000000711000000, 0x0000000711000000, 0x0000000711200000|  0%| F|  |TAMS 0x0000000711000000, 0x0000000711000000| Untracked 
| 108|0x0000000711200000, 0x0000000711200000, 0x0000000711400000|  0%| F|  |TAMS 0x0000000711200000, 0x0000000711200000| Untracked 
| 109|0x0000000711400000, 0x0000000711400000, 0x0000000711600000|  0%| F|  |TAMS 0x0000000711400000, 0x0000000711400000| Untracked 
| 110|0x0000000711600000, 0x0000000711700800, 0x0000000711800000| 50%| E|  |TAMS 0x0000000711600000, 0x0000000711600000| Complete 
| 111|0x0000000711800000, 0x0000000711a00000, 0x0000000711a00000|100%| E|CS|TAMS 0x0000000711800000, 0x0000000711800000| Complete 
| 112|0x0000000711a00000, 0x0000000711c00000, 0x0000000711c00000|100%| E|CS|TAMS 0x0000000711a00000, 0x0000000711a00000| Complete 
| 113|0x0000000711c00000, 0x0000000711e00000, 0x0000000711e00000|100%| E|CS|TAMS 0x0000000711c00000, 0x0000000711c00000| Complete 
| 114|0x0000000711e00000, 0x0000000712000000, 0x0000000712000000|100%| E|CS|TAMS 0x0000000711e00000, 0x0000000711e00000| Complete 
| 115|0x0000000712000000, 0x0000000712200000, 0x0000000712200000|100%| E|CS|TAMS 0x0000000712000000, 0x0000000712000000| Complete 
| 116|0x0000000712200000, 0x0000000712400000, 0x0000000712400000|100%| E|CS|TAMS 0x0000000712200000, 0x0000000712200000| Complete 
| 117|0x0000000712400000, 0x0000000712600000, 0x0000000712600000|100%| E|CS|TAMS 0x0000000712400000, 0x0000000712400000| Complete 
| 118|0x0000000712600000, 0x0000000712800000, 0x0000000712800000|100%| E|CS|TAMS 0x0000000712600000, 0x0000000712600000| Complete 
| 119|0x0000000712800000, 0x0000000712a00000, 0x0000000712a00000|100%| E|CS|TAMS 0x0000000712800000, 0x0000000712800000| Complete 
| 120|0x0000000712a00000, 0x0000000712c00000, 0x0000000712c00000|100%| E|CS|TAMS 0x0000000712a00000, 0x0000000712a00000| Complete 
| 121|0x0000000712c00000, 0x0000000712e00000, 0x0000000712e00000|100%| E|CS|TAMS 0x0000000712c00000, 0x0000000712c00000| Complete 
| 122|0x0000000712e00000, 0x0000000713000000, 0x0000000713000000|100%| E|CS|TAMS 0x0000000712e00000, 0x0000000712e00000| Complete 
| 123|0x0000000713000000, 0x0000000713200000, 0x0000000713200000|100%| E|CS|TAMS 0x0000000713000000, 0x0000000713000000| Complete 
| 124|0x0000000713200000, 0x0000000713400000, 0x0000000713400000|100%| E|CS|TAMS 0x0000000713200000, 0x0000000713200000| Complete 
| 125|0x0000000713400000, 0x0000000713600000, 0x0000000713600000|100%| E|CS|TAMS 0x0000000713400000, 0x0000000713400000| Complete 
| 126|0x0000000713600000, 0x0000000713800000, 0x0000000713800000|100%| E|CS|TAMS 0x0000000713600000, 0x0000000713600000| Complete 

Card table byte_map: [0x0000015ccf830000,0x0000015cd0020000] _byte_map_base: 0x0000015ccc013000

Marking Bits (Prev, Next): (CMBitMap*) 0x0000015cb861cfe0, (CMBitMap*) 0x0000015cb861d020
 Prev Bits: [0x0000015cd0810000, 0x0000015cd4728000)
 Next Bits: [0x0000015cd4730000, 0x0000015cd8648000)

Polling page: 0x0000015cb64f0000

Metaspace:

Usage:
  Non-class:     11.38 MB used.
      Class:    880.68 KB used.
       Both:     12.24 MB used.

Virtual space:
  Non-class space:       16.00 MB reserved,      11.44 MB ( 71%) committed,  2 nodes.
      Class space:        1.00 GB reserved,     960.00 KB ( <1%) committed,  1 nodes.
              Both:        1.02 GB reserved,      12.38 MB (  1%) committed. 

Chunk freelists:
   Non-Class:  3.70 MB
       Class:  2.94 MB
        Both:  6.64 MB

MaxMetaspaceSize: 17179869184.00 GB
CompressedClassSpaceSize: 1.00 GB
 - commit_granule_bytes: 65536.
 - commit_granule_words: 8192.
 - virtual_space_node_default_size: 1048576.
 - enlarge_chunks_in_place: 1.
 - new_chunks_are_fully_committed: 0.
 - uncommit_free_chunks: 1.
 - use_allocation_guard: 0.
 - handle_deallocations: 1.


Internal statistics:

num_allocs_failed_limit: 0.
num_arena_births: 86.
num_arena_deaths: 0.
num_vsnodes_births: 3.
num_vsnodes_deaths: 0.
num_space_committed: 194.
num_space_uncommitted: 0.
num_chunks_returned_to_freelist: 0.
num_chunks_taken_from_freelist: 340.
num_chunk_merges: 0.
num_chunk_splits: 273.
num_chunks_enlarged: 229.
num_purges: 0.

CodeHeap 'non-profiled nmethods': size=120000Kb used=950Kb max_used=950Kb free=119049Kb
 bounds [0x0000015cc77e0000, 0x0000015cc7a50000, 0x0000015cced10000]
CodeHeap 'profiled nmethods': size=120000Kb used=3170Kb max_used=3170Kb free=116830Kb
 bounds [0x0000015cc02b0000, 0x0000015cc05d0000, 0x0000015cc77e0000]
CodeHeap 'non-nmethods': size=5760Kb used=1536Kb max_used=1570Kb free=4223Kb
 bounds [0x0000015cbfd10000, 0x0000015cbff80000, 0x0000015cc02b0000]
 total_blobs=2656 nmethods=1733 adapters=836
 compilation: enabled
              stopped_count=0, restarted_count=0
 full_count=0

Compilation events (20 events):
Event: 124.149 Thread 0x0000015cdb0dbea0 1724       4       processing.core.PApplet::strokeWeight (24 bytes)
Event: 124.149 Thread 0x0000015cdb0dbea0 nmethod 1724 0x0000015cc78bbd10 code [0x0000015cc78bbea0, 0x0000015cc78bbf78]
Event: 128.892 Thread 0x0000015cdb0dbea0 1725   !   4       jogamp.opengl.GLContextImpl::makeCurrentWithinLock (728 bytes)
Event: 128.895 Thread 0x0000015cdb0dbea0 nmethod 1725 0x0000015cc78bc090 code [0x0000015cc78bc240, 0x0000015cc78bc4c8]
Event: 128.925 Thread 0x0000015cdb0dbea0 1726       4       processing.opengl.PGraphicsOpenGL::blendModeImpl (690 bytes)
Event: 128.928 Thread 0x0000015cdb0dbea0 nmethod 1726 0x0000015cc78bc810 code [0x0000015cc78bca00, 0x0000015cc78bce28]
Event: 128.946 Thread 0x0000015cdb0dbea0 1727   !   4       jogamp.opengl.GLDrawableHelper::invokeGLImpl (579 bytes)
Event: 129.120 Thread 0x0000015cdb0dbea0 nmethod 1727 0x0000015cc78bd290 code [0x0000015cc78bda00, 0x0000015cc78c54e8]
Event: 131.408 Thread 0x0000015cdb0dbea0 1728       4       processing.opengl.PGL::beginRender (426 bytes)
Event: 131.409 Thread 0x0000015cdb0dbea0 nmethod 1728 0x0000015cc78c9d10 code [0x0000015cc78c9ea0, 0x0000015cc78c9fd8]
Event: 131.409 Thread 0x0000015cdb0dbea0 1729       4       processing.opengl.PGraphicsOpenGL::setGLSettings (367 bytes)
Event: 131.426 Thread 0x0000015cdb0dbea0 nmethod 1729 0x0000015cc78ca110 code [0x0000015cc78ca400, 0x0000015cc78cb928]
Event: 133.792 Thread 0x0000015cdb0dbea0 1730       4       processing.core.PGraphics::colorCalc (577 bytes)
Event: 133.793 Thread 0x0000015cdb0dbea0 nmethod 1730 0x0000015cc78cc910 code [0x0000015cc78ccae0, 0x0000015cc78ccf98]
Event: 170.413 Thread 0x0000015cdb0dbea0 1731       4       java.util.HashSet::toArray (18 bytes)
Event: 170.414 Thread 0x0000015cdb0dbea0 nmethod 1731 0x0000015cc78cd110 code [0x0000015cc78cd2a0, 0x0000015cc78cd458]
Event: 170.440 Thread 0x0000015cdb0dc990 1732       3       java.lang.ClassLoader::findNative (21 bytes)
Event: 170.440 Thread 0x0000015cdb0dc990 nmethod 1732 0x0000015cc05c8310 code [0x0000015cc05c84e0, 0x0000015cc05c86f8]
Event: 170.441 Thread 0x0000015cdb0dbea0 1733       4       java.lang.CharacterData::of (124 bytes)
Event: 170.442 Thread 0x0000015cdb0dbea0 nmethod 1733 0x0000015cc78cd590 code [0x0000015cc78cd720, 0x0000015cc78cd798]

GC Heap History (20 events):
Event: 143.487 GC heap before
{Heap before GC invocations=51 (full 0):
 garbage-first heap   total 260096K, used 160304K [0x0000000703a00000, 0x0000000800000000)
  region size 2048K, 76 young (155648K), 1 survivors (2048K)
 Metaspace       used 12483K, committed 12608K, reserved 1064960K
  class space    used 876K, committed 960K, reserved 1048576K
}
Event: 143.487 GC heap after
{Heap after GC invocations=52 (full 0):
 garbage-first heap   total 260096K, used 6704K [0x0000000703a00000, 0x0000000800000000)
  region size 2048K, 1 young (2048K), 1 survivors (2048K)
 Metaspace       used 12483K, committed 12608K, reserved 1064960K
  class space    used 876K, committed 960K, reserved 1048576K
}
Event: 146.405 GC heap before
{Heap before GC invocations=52 (full 0):
 garbage-first heap   total 260096K, used 160304K [0x0000000703a00000, 0x0000000800000000)
  region size 2048K, 76 young (155648K), 1 survivors (2048K)
 Metaspace       used 12483K, committed 12608K, reserved 1064960K
  class space    used 876K, committed 960K, reserved 1048576K
}
Event: 146.405 GC heap after
{Heap after GC invocations=53 (full 0):
 garbage-first heap   total 260096K, used 6702K [0x0000000703a00000, 0x0000000800000000)
  region size 2048K, 1 young (2048K), 1 survivors (2048K)
 Metaspace       used 12483K, committed 12608K, reserved 1064960K
  class space    used 876K, committed 960K, reserved 1048576K
}
Event: 149.090 GC heap before
{Heap before GC invocations=53 (full 0):
 garbage-first heap   total 260096K, used 160302K [0x0000000703a00000, 0x0000000800000000)
  region size 2048K, 76 young (155648K), 1 survivors (2048K)
 Metaspace       used 12483K, committed 12608K, reserved 1064960K
  class space    used 876K, committed 960K, reserved 1048576K
}
Event: 149.091 GC heap after
{Heap after GC invocations=54 (full 0):
 garbage-first heap   total 260096K, used 6707K [0x0000000703a00000, 0x0000000800000000)
  region size 2048K, 1 young (2048K), 1 survivors (2048K)
 Metaspace       used 12483K, committed 12608K, reserved 1064960K
  class space    used 876K, committed 960K, reserved 1048576K
}
Event: 152.009 GC heap before
{Heap before GC invocations=54 (full 0):
 garbage-first heap   total 260096K, used 160307K [0x0000000703a00000, 0x0000000800000000)
  region size 2048K, 76 young (155648K), 1 survivors (2048K)
 Metaspace       used 12483K, committed 12608K, reserved 1064960K
  class space    used 876K, committed 960K, reserved 1048576K
}
Event: 152.009 GC heap after
{Heap after GC invocations=55 (full 0):
 garbage-first heap   total 260096K, used 6715K [0x0000000703a00000, 0x0000000800000000)
  region size 2048K, 1 young (2048K), 1 survivors (2048K)
 Metaspace       used 12483K, committed 12608K, reserved 1064960K
  class space    used 876K, committed 960K, reserved 1048576K
}
Event: 155.144 GC heap before
{Heap before GC invocations=55 (full 0):
 garbage-first heap   total 260096K, used 160315K [0x0000000703a00000, 0x0000000800000000)
  region size 2048K, 76 young (155648K), 1 survivors (2048K)
 Metaspace       used 12483K, committed 12608K, reserved 1064960K
  class space    used 876K, committed 960K, reserved 1048576K
}
Event: 155.145 GC heap after
{Heap after GC invocations=56 (full 0):
 garbage-first heap   total 260096K, used 6724K [0x0000000703a00000, 0x0000000800000000)
  region size 2048K, 1 young (2048K), 1 survivors (2048K)
 Metaspace       used 12483K, committed 12608K, reserved 1064960K
  class space    used 876K, committed 960K, reserved 1048576K
}
Event: 158.111 GC heap before
{Heap before GC invocations=56 (full 0):
 garbage-first heap   total 260096K, used 160324K [0x0000000703a00000, 0x0000000800000000)
  region size 2048K, 76 young (155648K), 1 survivors (2048K)
 Metaspace       used 12483K, committed 12608K, reserved 1064960K
  class space    used 876K, committed 960K, reserved 1048576K
}
Event: 158.112 GC heap after
{Heap after GC invocations=57 (full 0):
 garbage-first heap   total 260096K, used 6726K [0x0000000703a00000, 0x0000000800000000)
  region size 2048K, 1 young (2048K), 1 survivors (2048K)
 Metaspace       used 12483K, committed 12608K, reserved 1064960K
  class space    used 876K, committed 960K, reserved 1048576K
}
Event: 160.727 GC heap before
{Heap before GC invocations=57 (full 0):
 garbage-first heap   total 260096K, used 160326K [0x0000000703a00000, 0x0000000800000000)
  region size 2048K, 76 young (155648K), 1 survivors (2048K)
 Metaspace       used 12483K, committed 12608K, reserved 1064960K
  class space    used 876K, committed 960K, reserved 1048576K
}
Event: 160.728 GC heap after
{Heap after GC invocations=58 (full 0):
 garbage-first heap   total 260096K, used 6722K [0x0000000703a00000, 0x0000000800000000)
  region size 2048K, 1 young (2048K), 1 survivors (2048K)
 Metaspace       used 12483K, committed 12608K, reserved 1064960K
  class space    used 876K, committed 960K, reserved 1048576K
}
Event: 163.969 GC heap before
{Heap before GC invocations=58 (full 0):
 garbage-first heap   total 260096K, used 160322K [0x0000000703a00000, 0x0000000800000000)
  region size 2048K, 76 young (155648K), 1 survivors (2048K)
 Metaspace       used 12483K, committed 12608K, reserved 1064960K
  class space    used 876K, committed 960K, reserved 1048576K
}
Event: 163.970 GC heap after
{Heap after GC invocations=59 (full 0):
 garbage-first heap   total 260096K, used 6722K [0x0000000703a00000, 0x0000000800000000)
  region size 2048K, 1 young (2048K), 1 survivors (2048K)
 Metaspace       used 12483K, committed 12608K, reserved 1064960K
  class space    used 876K, committed 960K, reserved 1048576K
}
Event: 167.287 GC heap before
{Heap before GC invocations=59 (full 0):
 garbage-first heap   total 260096K, used 160322K [0x0000000703a00000, 0x0000000800000000)
  region size 2048K, 76 young (155648K), 1 survivors (2048K)
 Metaspace       used 12483K, committed 12608K, reserved 1064960K
  class space    used 876K, committed 960K, reserved 1048576K
}
Event: 167.288 GC heap after
{Heap after GC invocations=60 (full 0):
 garbage-first heap   total 260096K, used 6724K [0x0000000703a00000, 0x0000000800000000)
  region size 2048K, 1 young (2048K), 1 survivors (2048K)
 Metaspace       used 12483K, committed 12608K, reserved 1064960K
  class space    used 876K, committed 960K, reserved 1048576K
}
Event: 169.962 GC heap before
{Heap before GC invocations=60 (full 0):
 garbage-first heap   total 260096K, used 160324K [0x0000000703a00000, 0x0000000800000000)
  region size 2048K, 76 young (155648K), 1 survivors (2048K)
 Metaspace       used 12483K, committed 12608K, reserved 1064960K
  class space    used 876K, committed 960K, reserved 1048576K
}
Event: 169.962 GC heap after
{Heap after GC invocations=61 (full 0):
 garbage-first heap   total 260096K, used 6724K [0x0000000703a00000, 0x0000000800000000)
  region size 2048K, 1 young (2048K), 1 survivors (2048K)
 Metaspace       used 12483K, committed 12608K, reserved 1064960K
  class space    used 876K, committed 960K, reserved 1048576K
}

Deoptimization events (20 events):
Event: 170.436 Thread 0x0000015cdc67e230 Uncommon trap: trap_request=0xffffffde fr.pc=0x0000015cc78ab168 relative=0x0000000000000708
Event: 170.436 Thread 0x0000015cdc67e230 Uncommon trap: reason=class_check action=maybe_recompile pc=0x0000015cc78ab168 method=jogamp.opengl.GLDrawableImpl.lockSurface()I @ 4 c2
Event: 170.436 Thread 0x0000015cdc67e230 DEOPT PACKING pc=0x0000015cc78ab168 sp=0x00000048587ff0b0
Event: 170.436 Thread 0x0000015cdc67e230 DEOPT UNPACKING pc=0x0000015cbfd5f92e sp=0x00000048587fefd8 mode 2
Event: 170.436 Thread 0x0000015cdc67e230 Uncommon trap: trap_request=0xffffffde fr.pc=0x0000015cc78bc378 relative=0x0000000000000138
Event: 170.436 Thread 0x0000015cdc67e230 Uncommon trap: reason=class_check action=maybe_recompile pc=0x0000015cc78bc378 method=jogamp.opengl.GLDrawableImpl.getHandle()J @ 4 c2
Event: 170.436 Thread 0x0000015cdc67e230 DEOPT PACKING pc=0x0000015cc78bc378 sp=0x00000048587ff020
Event: 170.436 Thread 0x0000015cdc67e230 DEOPT UNPACKING pc=0x0000015cbfd5f92e sp=0x00000048587feee8 mode 2
Event: 170.436 Thread 0x0000015cdc67e230 Uncommon trap: trap_request=0xffffff45 fr.pc=0x0000015cc78aee30 relative=0x0000000000000cd0
Event: 170.436 Thread 0x0000015cdc67e230 Uncommon trap: reason=unstable_if action=reinterpret pc=0x0000015cc78aee30 method=jogamp.opengl.GLContextImpl.release(Z)V @ 161 c2
Event: 170.436 Thread 0x0000015cdc67e230 DEOPT PACKING pc=0x0000015cc78aee30 sp=0x00000048587ff0c0
Event: 170.436 Thread 0x0000015cdc67e230 DEOPT UNPACKING pc=0x0000015cbfd5f92e sp=0x00000048587ff0c8 mode 2
Event: 170.442 Thread 0x0000015cdc23ad50 Uncommon trap: trap_request=0xffffff45 fr.pc=0x0000015cc78a93d0 relative=0x0000000000000690
Event: 170.442 Thread 0x0000015cdc23ad50 Uncommon trap: reason=unstable_if action=reinterpret pc=0x0000015cc78a93d0 method=java.util.HashMap.removeNode(ILjava/lang/Object;Ljava/lang/Object;ZZ)Ljava/util/HashMap$Node; @ 46 c2
Event: 170.442 Thread 0x0000015cdc23ad50 DEOPT PACKING pc=0x0000015cc78a93d0 sp=0x0000004856dfeb10
Event: 170.442 Thread 0x0000015cdc23ad50 DEOPT UNPACKING pc=0x0000015cbfd5f92e sp=0x0000004856dfea18 mode 2
Event: 170.443 Thread 0x0000015cdc23ad50 Uncommon trap: trap_request=0xffffff45 fr.pc=0x0000015cc78a8584 relative=0x0000000000000064
Event: 170.443 Thread 0x0000015cdc23ad50 Uncommon trap: reason=unstable_if action=reinterpret pc=0x0000015cc78a8584 method=java.util.ArrayList.clear()V @ 29 c2
Event: 170.443 Thread 0x0000015cdc23ad50 DEOPT PACKING pc=0x0000015cc78a8584 sp=0x0000004856dfed20
Event: 170.443 Thread 0x0000015cdc23ad50 DEOPT UNPACKING pc=0x0000015cbfd5f92e sp=0x0000004856dfeca0 mode 2

Classes unloaded (0 events):
No events

Classes redefined (0 events):
No events

Internal exceptions (20 events):
Event: 1.376 Thread 0x0000015cdc23a2b0 Exception <a 'java/lang/ArrayIndexOutOfBoundsException'{0x0000000711855140}> (0x0000000711855140) 
thrown [t:\workspace\open\src\hotspot\share\runtime\sharedRuntime.cpp, line 624]
Event: 1.376 Thread 0x0000015cdc23a2b0 Exception <a 'java/lang/ArrayIndexOutOfBoundsException'{0x0000000711855488}> (0x0000000711855488) 
thrown [t:\workspace\open\src\hotspot\share\runtime\sharedRuntime.cpp, line 624]
Event: 1.376 Thread 0x0000015cdc23a2b0 Exception <a 'java/lang/ArrayIndexOutOfBoundsException'{0x00000007118557d0}> (0x00000007118557d0) 
thrown [t:\workspace\open\src\hotspot\share\runtime\sharedRuntime.cpp, line 624]
Event: 1.376 Thread 0x0000015cdc23a2b0 Exception <a 'java/lang/ArrayIndexOutOfBoundsException'{0x0000000711855b18}> (0x0000000711855b18) 
thrown [t:\workspace\open\src\hotspot\share\runtime\sharedRuntime.cpp, line 624]
Event: 1.376 Thread 0x0000015cdc23a2b0 Exception <a 'java/lang/ArrayIndexOutOfBoundsException'{0x0000000711855e60}> (0x0000000711855e60) 
thrown [t:\workspace\open\src\hotspot\share\runtime\sharedRuntime.cpp, line 624]
Event: 1.376 Thread 0x0000015cdc23a2b0 Exception <a 'java/lang/ArrayIndexOutOfBoundsException'{0x00000007118561a8}> (0x00000007118561a8) 
thrown [t:\workspace\open\src\hotspot\share\runtime\sharedRuntime.cpp, line 624]
Event: 1.376 Thread 0x0000015cdc23a2b0 Exception <a 'java/lang/ArrayIndexOutOfBoundsException'{0x00000007118564f0}> (0x00000007118564f0) 
thrown [t:\workspace\open\src\hotspot\share\runtime\sharedRuntime.cpp, line 624]
Event: 1.376 Thread 0x0000015cdc23a2b0 Exception <a 'java/lang/ArrayIndexOutOfBoundsException'{0x0000000711856838}> (0x0000000711856838) 
thrown [t:\workspace\open\src\hotspot\share\runtime\sharedRuntime.cpp, line 624]
Event: 1.376 Thread 0x0000015cdc23a2b0 Exception <a 'java/lang/ArrayIndexOutOfBoundsException'{0x0000000711856b80}> (0x0000000711856b80) 
thrown [t:\workspace\open\src\hotspot\share\runtime\sharedRuntime.cpp, line 624]
Event: 1.376 Thread 0x0000015cdc23a2b0 Exception <a 'java/lang/ArrayIndexOutOfBoundsException'{0x0000000711856ec8}> (0x0000000711856ec8) 
thrown [t:\workspace\open\src\hotspot\share\runtime\sharedRuntime.cpp, line 624]
Event: 1.376 Thread 0x0000015cdc23a2b0 Exception <a 'java/lang/ArrayIndexOutOfBoundsException'{0x0000000711857210}> (0x0000000711857210) 
thrown [t:\workspace\open\src\hotspot\share\runtime\sharedRuntime.cpp, line 624]
Event: 1.376 Thread 0x0000015cdc23a2b0 Exception <a 'java/lang/ArrayIndexOutOfBoundsException'{0x0000000711857558}> (0x0000000711857558) 
thrown [t:\workspace\open\src\hotspot\share\runtime\sharedRuntime.cpp, line 624]
Event: 1.376 Thread 0x0000015cdc23a2b0 Exception <a 'java/lang/ArrayIndexOutOfBoundsException'{0x00000007118578a0}> (0x00000007118578a0) 
thrown [t:\workspace\open\src\hotspot\share\runtime\sharedRuntime.cpp, line 624]
Event: 1.376 Thread 0x0000015cdc23a2b0 Exception <a 'java/lang/ArrayIndexOutOfBoundsException'{0x0000000711857be8}> (0x0000000711857be8) 
thrown [t:\workspace\open\src\hotspot\share\runtime\sharedRuntime.cpp, line 624]
Event: 1.376 Thread 0x0000015cdc23a2b0 Exception <a 'java/lang/ArrayIndexOutOfBoundsException'{0x0000000711857f30}> (0x0000000711857f30) 
thrown [t:\workspace\open\src\hotspot\share\runtime\sharedRuntime.cpp, line 624]
Event: 1.376 Thread 0x0000015cdc23a2b0 Exception <a 'java/lang/ArrayIndexOutOfBoundsException'{0x0000000711858278}> (0x0000000711858278) 
thrown [t:\workspace\open\src\hotspot\share\runtime\sharedRuntime.cpp, line 624]
Event: 1.376 Thread 0x0000015cdc23a2b0 Exception <a 'java/lang/ArrayIndexOutOfBoundsException'{0x00000007118585c0}> (0x00000007118585c0) 
thrown [t:\workspace\open\src\hotspot\share\runtime\sharedRuntime.cpp, line 624]
Event: 1.376 Thread 0x0000015cdc23a2b0 Exception <a 'java/lang/ArrayIndexOutOfBoundsException'{0x0000000711858908}> (0x0000000711858908) 
thrown [t:\workspace\open\src\hotspot\share\runtime\sharedRuntime.cpp, line 624]
Event: 1.376 Thread 0x0000015cdc23a2b0 Exception <a 'java/lang/ArrayIndexOutOfBoundsException'{0x0000000711858c50}> (0x0000000711858c50) 
thrown [t:\workspace\open\src\hotspot\share\runtime\sharedRuntime.cpp, line 624]
Event: 170.413 Thread 0x0000015cdc239810 Exception <a 'java/lang/InterruptedException'{0x0000000711b00800}> (0x0000000711b00800) 
thrown [t:\workspace\open\src\hotspot\share\runtime\objectMonitor.cpp, line 1705]

Events (20 events):
Event: 163.969 Executing  VM operation: G1CollectForAllocation
Event: 163.970 Executing  VM operation: G1CollectForAllocation done
Event: 167.287 Executing  VM operation: G1CollectForAllocation
Event: 167.288 Executing  VM operation: G1CollectForAllocation done
Event: 169.961 Executing  VM operation: G1CollectForAllocation
Event: 169.962 Executing  VM operation: G1CollectForAllocation done
Event: 170.413 Thread 0x0000015cdc23a800 Thread added: 0x0000015cdc23a800
Event: 170.413 Thread 0x0000015cdc23ad50 Thread added: 0x0000015cdc23ad50
Event: 170.413 Thread 0x0000015cdc239810 Thread exited: 0x0000015cdc239810
Event: 170.413 Thread 0x0000015cdc23b2a0 Thread added: 0x0000015cdc23b2a0
Event: 170.414 Thread 0x0000015cdc23b7f0 Thread added: 0x0000015cdc23b7f0
Event: 170.414 loading class java/nio/channels/ClosedChannelException
Event: 170.414 loading class java/nio/channels/ClosedChannelException done
Event: 170.414 Thread 0x0000015cdc23a800 Thread exited: 0x0000015cdc23a800
Event: 170.414 Thread 0x0000015cdc5e4fe0 Thread exited: 0x0000015cdc5e4fe0
Event: 170.415 Thread 0x0000015cdc092630 Thread exited: 0x0000015cdc092630
Event: 170.441 Thread 0x0000015cdc67e230 Thread exited: 0x0000015cdc67e230
Event: 170.443 Thread 0x0000015cdc23ad50 Thread exited: 0x0000015cdc23ad50
Event: 170.515 Thread 0x0000015cdc23b2a0 Thread exited: 0x0000015cdc23b2a0
Event: 170.515 Executing  VM operation: Exit


Dynamic libraries:
0x00007ff62cff0000 - 0x00007ff62d000000 	C:\Program Files\Java\jdk-16.0.2\bin\javaw.exe
0x00007fff8ebf0000 - 0x00007fff8ede5000 	C:\windows\SYSTEM32\ntdll.dll
0x00007fff8de50000 - 0x00007fff8df0e000 	C:\windows\System32\KERNEL32.DLL
0x00007fff8c5c0000 - 0x00007fff8c888000 	C:\windows\System32\KERNELBASE.dll
0x00007fff8cab0000 - 0x00007fff8cbb0000 	C:\windows\System32\ucrtbase.dll
0x00007fff84d80000 - 0x00007fff84d99000 	C:\Program Files\Java\jdk-16.0.2\bin\VCRUNTIME140.dll
0x00007fff851c0000 - 0x00007fff851d8000 	C:\Program Files\Java\jdk-16.0.2\bin\jli.dll
0x00007fff8eb00000 - 0x00007fff8ebac000 	C:\windows\System32\ADVAPI32.dll
0x00007fff8e270000 - 0x00007fff8e30e000 	C:\windows\System32\msvcrt.dll
0x00007fff8e310000 - 0x00007fff8e3ab000 	C:\windows\System32\sechost.dll
0x00007fff8d3a0000 - 0x00007fff8d4ca000 	C:\windows\System32\RPCRT4.dll
0x00007fff8d5f0000 - 0x00007fff8d791000 	C:\windows\System32\USER32.dll
0x00007fff8cbb0000 - 0x00007fff8cbd2000 	C:\windows\System32\win32u.dll
0x00007fff8cef0000 - 0x00007fff8cf1b000 	C:\windows\System32\GDI32.dll
0x00007fff8c310000 - 0x00007fff8c41b000 	C:\windows\System32\gdi32full.dll
0x00007fff63bb0000 - 0x00007fff63e4a000 	C:\windows\WinSxS\amd64_microsoft.windows.common-controls_6595b64144ccf1df_6.0.19041.1110_none_60b5254171f9507e\COMCTL32.dll
0x00007fff8c470000 - 0x00007fff8c50d000 	C:\windows\System32\msvcp_win.dll
0x00007fff85760000 - 0x00007fff8576a000 	C:\windows\SYSTEM32\VERSION.dll
0x00007fff8dd50000 - 0x00007fff8dd80000 	C:\windows\System32\IMM32.DLL
0x00007fff85750000 - 0x00007fff8575c000 	C:\Program Files\Java\jdk-16.0.2\bin\vcruntime140_1.dll
0x00007fff62820000 - 0x00007fff628b1000 	C:\Program Files\Java\jdk-16.0.2\bin\msvcp140.dll
0x00007fff10d20000 - 0x00007fff118cb000 	C:\Program Files\Java\jdk-16.0.2\bin\server\jvm.dll
0x00007fff8d5e0000 - 0x00007fff8d5e8000 	C:\windows\System32\PSAPI.DLL
0x00007fff85700000 - 0x00007fff85709000 	C:\windows\SYSTEM32\WSOCK32.dll
0x00007fff8dd80000 - 0x00007fff8ddeb000 	C:\windows\System32\WS2_32.dll
0x00007fff670e0000 - 0x00007fff67107000 	C:\windows\SYSTEM32\WINMM.dll
0x00007fff8ab90000 - 0x00007fff8aba2000 	C:\windows\SYSTEM32\kernel.appcore.dll
0x00007fff84e20000 - 0x00007fff84e2a000 	C:\Program Files\Java\jdk-16.0.2\bin\jimage.dll
0x00007fff8a0f0000 - 0x00007fff8a2d4000 	C:\windows\SYSTEM32\DBGHELP.DLL
0x00007fff79e40000 - 0x00007fff79e6c000 	C:\windows\SYSTEM32\dbgcore.DLL
0x00007fff8ca20000 - 0x00007fff8caa3000 	C:\windows\System32\bcryptPrimitives.dll
0x00007fff68960000 - 0x00007fff68985000 	C:\Program Files\Java\jdk-16.0.2\bin\java.dll
0x00007fff8e3c0000 - 0x00007fff8eaff000 	C:\windows\System32\SHELL32.dll
0x00007fff8a3f0000 - 0x00007fff8ab80000 	C:\windows\SYSTEM32\windows.storage.dll
0x00007fff8df10000 - 0x00007fff8e265000 	C:\windows\System32\combase.dll
0x00007fff8bcf0000 - 0x00007fff8bd1e000 	C:\windows\SYSTEM32\Wldp.dll
0x00007fff8d4d0000 - 0x00007fff8d57d000 	C:\windows\System32\SHCORE.dll
0x00007fff8db30000 - 0x00007fff8db85000 	C:\windows\System32\shlwapi.dll
0x00007fff8c250000 - 0x00007fff8c26f000 	C:\windows\SYSTEM32\profapi.dll
0x00007fff73f50000 - 0x00007fff73f69000 	C:\Program Files\Java\jdk-16.0.2\bin\net.dll
0x00007fff873d0000 - 0x00007fff874dc000 	C:\windows\SYSTEM32\WINHTTP.dll
0x00007fff8ba50000 - 0x00007fff8baba000 	C:\windows\system32\mswsock.dll
0x00007fff632a0000 - 0x00007fff632b3000 	C:\Program Files\Java\jdk-16.0.2\bin\nio.dll
0x00007fff63280000 - 0x00007fff63298000 	C:\Program Files\Java\jdk-16.0.2\bin\zip.dll
0x00007fff84880000 - 0x00007fff84890000 	C:\Program Files\Java\jdk-16.0.2\bin\verify.dll
0x00007fff413f0000 - 0x00007fff41570000 	C:\Program Files\Java\jdk-16.0.2\bin\awt.dll
0x00007fff8d880000 - 0x00007fff8d94d000 	C:\windows\System32\OLEAUT32.dll
0x00007fff89770000 - 0x00007fff89800000 	C:\windows\SYSTEM32\apphelp.dll
0x00007fff89950000 - 0x00007fff899ee000 	C:\windows\system32\uxtheme.dll
0x00007fff8cc40000 - 0x00007fff8cd55000 	C:\windows\System32\MSCTF.dll
0x00007fff8dc20000 - 0x00007fff8dd4a000 	C:\windows\System32\ole32.dll
0x00007fff89a40000 - 0x00007fff89a6f000 	C:\windows\system32\DWMAPI.DLL
0x00007fff75400000 - 0x00007fff75525000 	C:\windows\system32\opengl32.dll
0x00007fff84f00000 - 0x00007fff84f2c000 	C:\windows\SYSTEM32\GLU32.dll
0x00007fff8bc40000 - 0x00007fff8bc58000 	C:\windows\SYSTEM32\CRYPTSP.dll
0x00007fff8b370000 - 0x00007fff8b3a4000 	C:\windows\system32\rsaenh.dll
0x00007fff8c9f0000 - 0x00007fff8ca17000 	C:\windows\System32\bcrypt.dll
0x00007fff8c1d0000 - 0x00007fff8c1fe000 	C:\windows\SYSTEM32\USERENV.dll
0x00007fff8bc60000 - 0x00007fff8bc6c000 	C:\windows\SYSTEM32\CRYPTBASE.dll
0x00007fff8b6e0000 - 0x00007fff8b71b000 	C:\windows\SYSTEM32\IPHLPAPI.DLL
0x00007fff8e3b0000 - 0x00007fff8e3b8000 	C:\windows\System32\NSI.dll
0x00007fff85a60000 - 0x00007fff85a77000 	C:\windows\SYSTEM32\dhcpcsvc6.DLL
0x00007fff85a40000 - 0x00007fff85a5d000 	C:\windows\SYSTEM32\dhcpcsvc.DLL
0x00007fff8b720000 - 0x00007fff8b7eb000 	C:\windows\SYSTEM32\DNSAPI.dll
0x00000000637c0000 - 0x00000000637cd000 	C:\Users\sethr\AppData\Local\Temp\jogamp_0000\file_cache\jln8941990681632037277\jln41028195947361166\natives\windows-amd64\gluegen-rt.dll
0x00007fff7aea0000 - 0x00007fff7aea7000 	C:\Program Files\Java\jdk-16.0.2\bin\jawt.dll
0x000000006a440000 - 0x000000006a44d000 	C:\Users\sethr\AppData\Local\Temp\jogamp_0000\file_cache\jln8941990681632037277\jln41028195947361166\natives\windows-amd64\nativewindow_awt.dll
0x000000006c100000 - 0x000000006c10f000 	C:\Users\sethr\AppData\Local\Temp\jogamp_0000\file_cache\jln8941990681632037277\jln41028195947361166\natives\windows-amd64\nativewindow_win32.dll
0x000000006cbc0000 - 0x000000006cbd3000 	C:\Users\sethr\AppData\Local\Temp\jogamp_0000\file_cache\jln8941990681632037277\jln41028195947361166\natives\windows-amd64\newt.dll
0x00007fff867c0000 - 0x00007fff8686e000 	C:\windows\SYSTEM32\mscms.dll
0x00007fff86750000 - 0x00007fff86761000 	C:\windows\SYSTEM32\ColorAdapterClient.dll
0x00007fff507f0000 - 0x00007fff50833000 	C:\windows\SYSTEM32\icm32.dll
0x00007fff8cf20000 - 0x00007fff8d392000 	C:\windows\System32\setupapi.dll
0x00007fff8c420000 - 0x00007fff8c46e000 	C:\windows\System32\cfgmgr32.dll
0x00007fff8c0b0000 - 0x00007fff8c0e4000 	C:\windows\SYSTEM32\DEVOBJ.dll
0x00007fff8cbe0000 - 0x00007fff8cc40000 	C:\windows\System32\WINTRUST.dll
0x00007fff8c890000 - 0x00007fff8c9e6000 	C:\windows\System32\CRYPT32.dll
0x00007fff8be80000 - 0x00007fff8be92000 	C:\windows\SYSTEM32\MSASN1.dll
0x0000000064500000 - 0x00000000645b1000 	C:\Users\sethr\AppData\Local\Temp\jogamp_0000\file_cache\jln8941990681632037277\jln41028195947361166\natives\windows-amd64\jogl_desktop.dll
0x0000000064340000 - 0x00000000643a2000 	C:\Users\sethr\AppData\Local\Temp\jogamp_0000\file_cache\jln8941990681632037277\jln41028195947361166\natives\windows-amd64\jogl_mobile.dll
0x00007fff8cd60000 - 0x00007fff8ce09000 	C:\windows\System32\clbcatq.dll
0x00007ffef60a0000 - 0x00007ffef70a0000 	C:\windows\System32\DriverStore\FileRepository\iigd_dch.inf_amd64_14d6d9e2312c79ae\igxelpicd64.dll
0x00007fff8ad20000 - 0x00007fff8ae14000 	C:\windows\system32\dxgi.dll
0x00007fff25920000 - 0x00007fff25d84000 	C:\windows\System32\DriverStore\FileRepository\iigd_dch.inf_amd64_14d6d9e2312c79ae\igdml64.dll
0x00007fff70030000 - 0x00007fff703ed000 	C:\windows\System32\DriverStore\FileRepository\iigd_dch.inf_amd64_14d6d9e2312c79ae\igdgmm64.dll
0x00007fff6cdf0000 - 0x00007fff70028000 	C:\windows\System32\DriverStore\FileRepository\iigd_dch.inf_amd64_14d6d9e2312c79ae\igc64.dll
0x00007fff8c060000 - 0x00007fff8c0ab000 	C:\windows\SYSTEM32\powrprof.dll
0x00007fff8c040000 - 0x00007fff8c052000 	C:\windows\SYSTEM32\UMPDC.dll
0x00007fff742d0000 - 0x00007fff743c9000 	C:\windows\SYSTEM32\textinputframework.dll
0x00007fff891d0000 - 0x00007fff8952e000 	C:\windows\System32\CoreUIComponents.dll
0x00007fff89530000 - 0x00007fff89622000 	C:\windows\System32\CoreMessaging.dll
0x00007fff8b000000 - 0x00007fff8b033000 	C:\windows\SYSTEM32\ntmarta.dll
0x00007fff88540000 - 0x00007fff88694000 	C:\windows\SYSTEM32\wintypes.dll
0x00007fff791a0000 - 0x00007fff79206000 	C:\windows\system32\Oleacc.dll

dbghelp: loaded successfully - version: 4.0.5 - missing functions: none
symbol engine: initialized successfully - sym options: 0x614 - pdb path: .;C:\Program Files\Java\jdk-16.0.2\bin;C:\windows\SYSTEM32;C:\windows\WinSxS\amd64_microsoft.windows.common-controls_6595b64144ccf1df_6.0.19041.1110_none_60b5254171f9507e;C:\Program Files\Java\jdk-16.0.2\bin\server;C:\Users\sethr\AppData\Local\Temp\jogamp_0000\file_cache\jln8941990681632037277\jln41028195947361166\natives\windows-amd64;C:\windows\System32\DriverStore\FileRepository\iigd_dch.inf_amd64_14d6d9e2312c79ae

VM Arguments:
jvm_args: -Dfile.encoding=Cp1252 -XX:+ShowCodeDetailsInExceptionMessages 
java_command: energywaves.Main
java_class_path (initial): C:\Users\sethr\eclipse-workspace\energywaves\target\classes;C:\Users\sethr\.m2\repository\org\processing\core\3.3.6\core-3.3.6.jar;C:\Users\sethr\.m2\repository\org\jogamp\gluegen\gluegen-rt-main\2.3.2\gluegen-rt-main-2.3.2.jar;C:\Users\sethr\.m2\repository\org\jogamp\gluegen\gluegen-rt\2.3.2\gluegen-rt-2.3.2.jar;C:\Users\sethr\.m2\repository\org\jogamp\gluegen\gluegen-rt\2.3.2\gluegen-rt-2.3.2-natives-android-aarch64.jar;C:\Users\sethr\.m2\repository\org\jogamp\gluegen\gluegen-rt\2.3.2\gluegen-rt-2.3.2-natives-android-armv6.jar;C:\Users\sethr\.m2\repository\org\jogamp\gluegen\gluegen-rt\2.3.2\gluegen-rt-2.3.2-natives-linux-amd64.jar;C:\Users\sethr\.m2\repository\org\jogamp\gluegen\gluegen-rt\2.3.2\gluegen-rt-2.3.2-natives-linux-armv6.jar;C:\Users\sethr\.m2\repository\org\jogamp\gluegen\gluegen-rt\2.3.2\gluegen-rt-2.3.2-natives-linux-armv6hf.jar;C:\Users\sethr\.m2\repository\org\jogamp\gluegen\gluegen-rt\2.3.2\gluegen-rt-2.3.2-natives-linux-i586.jar;C:\Users\sethr\.m2\repository\org\jogamp\gluegen\gluegen-rt\2.3.2\gluegen-rt-2.3.2-natives-macosx-universal.jar;C:\Users\sethr\.m2\repository\org\jogamp\gluegen\gluegen-rt\2.3.2\gluegen-rt-2.3.2-natives-solaris-amd64.jar;C:\Users\sethr\.m2\repository\org\jogamp\gluegen\gluegen-rt\2.3.2\gluegen-rt-2.3.2-natives-solaris-i586.jar;C:\Users\sethr\.m2\repository\org\jogamp\gluegen\gluegen-rt\2.3.2\gluegen-rt-2.3.2-natives-windows-amd64.jar;C:\Users\sethr\.m2\repository\org\jogamp\gluegen\gluegen-rt\2.3.2\gluegen-rt-2.3.2-natives-windows-i586.jar;C:\Users\sethr\.m2\repository\org\jogamp\jogl\jogl-all-main\2.3.2\jogl-all-main-2.3.2.jar;C:\Users\sethr\.m2\repository\org\jogamp\jogl\jogl-all\2.3.2\jogl-all-2.3.2.jar;C:\Users\sethr\.m2\repository\org\jogamp\jogl\jogl-all\2.3.2\jogl-all-2.3.2-natives-android-aarch64.jar;C:\Users\sethr\.m2\repository\org\jogamp\jogl\jogl-all\2.3.2\jogl-all-2.3.2-natives-android-armv6.jar;C:\Users\sethr\.m2\repository\org\jogamp\jogl\jogl-all\2.3.2\jogl-all-2.3.2-natives-l
Launcher Type: SUN_STANDARD

[Global flags]
     intx CICompilerCount                          = 4                                         {product} {ergonomic}
     uint ConcGCThreads                            = 2                                         {product} {ergonomic}
     uint G1ConcRefinementThreads                  = 8                                         {product} {ergonomic}
   size_t G1HeapRegionSize                         = 2097152                                   {product} {ergonomic}
    uintx GCDrainStackTargetSize                   = 64                                        {product} {ergonomic}
   size_t InitialHeapSize                          = 266338304                                 {product} {ergonomic}
   size_t MarkStackSize                            = 4194304                                   {product} {ergonomic}
   size_t MaxHeapSize                              = 4234149888                                {product} {ergonomic}
   size_t MaxNewSize                               = 2539651072                                {product} {ergonomic}
   size_t MinHeapDeltaBytes                        = 2097152                                   {product} {ergonomic}
   size_t MinHeapSize                              = 8388608                                   {product} {ergonomic}
    uintx NonNMethodCodeHeapSize                   = 5839372                                {pd product} {ergonomic}
    uintx NonProfiledCodeHeapSize                  = 122909434                              {pd product} {ergonomic}
    uintx ProfiledCodeHeapSize                     = 122909434                              {pd product} {ergonomic}
    uintx ReservedCodeCacheSize                    = 251658240                              {pd product} {ergonomic}
     bool SegmentedCodeCache                       = true                                      {product} {ergonomic}
     bool ShowCodeDetailsInExceptionMessages       = true                                   {manageable} {command line}
   size_t SoftMaxHeapSize                          = 4234149888                             {manageable} {ergonomic}
     bool UseCompressedClassPointers               = true                           {product lp64_product} {ergonomic}
     bool UseCompressedOops                        = true                           {product lp64_product} {ergonomic}
     bool UseG1GC                                  = true                                      {product} {ergonomic}
     bool UseLargePagesIndividualAllocation        = false                                  {pd product} {ergonomic}

Logging:
Log output configuration:
 #0: stdout all=off uptime,level,tags
 #1: stderr all=off uptime,level,tags

Environment Variables:
PATH=C:\Program Files\Oculus\Support\oculus-runtime;C:\Program Files\Common Files\Oracle\Java\javapath;C:\windows\system32;C:\windows;C:\windows\System32\Wbem;C:\windows\System32\WindowsPowerShell\v1.0\;C:\windows\System32\OpenSSH\;C:\MinGW\mingw32\bin;C:\ProgramData\chocolatey\bin;C:\ProgramData\chocolatey\bin\make.exe;C:\Program Files\Git\cmd;C:\Program Files\nodejs\;C:\Users\sethr\AppData\Local\Programs\Python\Python39\Scripts\;C:\Users\sethr\AppData\Local\Programs\Python\Python39\;C:\Users\sethr\AppData\Local\Microsoft\WindowsApps;C:\Users\sethr\AppData\Local\Programs\Microsoft VS Code\bin;C:\Users\sethr\AppData\Local\GitHubDesktop\bin;C:\Users\sethr\AppData\Roaming\npm
USERNAME=sethr
OS=Windows_NT
PROCESSOR_IDENTIFIER=Intel64 Family 6 Model 140 Stepping 1, GenuineIntel



---------------  S Y S T E M  ---------------

OS:
 Windows 10 , 64 bit Build 19041 (10.0.19041.1348)
OS uptime: 30 days 19:33 hours

CPU: total 8 (initial active 8) (4 cores per cpu, 2 threads per core) family 6 model 140 stepping 1 microcode 0x86, cx8, cmov, fxsr, ht, mmx, 3dnowpref, sse, sse2, sse3, ssse3, sse4.1, sse4.2, popcnt, lzcnt, tsc, tscinvbit, avx, avx2, aes, erms, clmul, bmi1, bmi2, adx, avx512f, avx512dq, avx512cd, avx512bw, avx512vl, sha, fma, vzeroupper, avx512_vpopcntdq, avx512_vpclmulqdq, avx512_vaes, avx512_vnni, clflush, clflushopt, clwb, avx512_vmbi2, avx512_vmbi

Memory: 4k page, system-wide physical 16149M (6538M free)
TotalPageFile size 27525M (AvailPageFile size 7203M)
current process WorkingSet (physical memory assigned to process): 386M, peak: 409M
current process commit charge ("private bytes"): 481M, peak: 507M

vm_info: Java HotSpot(TM) 64-Bit Server VM (16.0.2+7-67) for windows-amd64 JRE (16.0.2+7-67), built on Jun  8 2021 23:24:19 by "mach5one" with MS VC++ 16.7 (VS2019)

END.
