#
# A fatal error has been detected by the Java Runtime Environment:
#
#  EXCEPTION_ACCESS_VIOLATION (0xc0000005) at pc=0x00007ffef6322c4c, pid=31688, tid=33988
#
# JRE version: Java(TM) SE Runtime Environment (16.0.2+7) (build 16.0.2+7-67)
# Java VM: Java HotSpot(TM) 64-Bit Server VM (16.0.2+7-67, mixed mode, sharing, tiered, compressed oops, compressed class ptrs, g1 gc, windows-amd64)
# Problematic frame:
# C  [igxelpicd64.dll+0x282c4c]
#
# No core dump will be written. Minidumps are not enabled by default on client versions of Windows
#
# If you would like to submit a bug report, please visit:
#   https://bugreport.java.com/bugreport/crash.jsp
#

---------------  S U M M A R Y ------------

Command Line: -Dfile.encoding=Cp1252 -XX:+ShowCodeDetailsInExceptionMessages energywaves.Main

Host: 11th Gen Intel(R) Core(TM) i7-1165G7 @ 2.80GHz, 8 cores, 15G,  Windows 10 , 64 bit Build 19041 (10.0.19041.1348)
Time: Wed Dec 15 21:41:56 2021 Eastern Standard Time elapsed time: 4.669591 seconds (0d 0h 0m 4s)

---------------  T H R E A D  ---------------

Current thread (0x000001a86d5a82e0):  VMThread "VM Thread" [stack: 0x0000000726800000,0x0000000726900000] [id=33988]

Stack: [0x0000000726800000,0x0000000726900000],  sp=0x00000007268fe0e0,  free space=1016k
Native frames: (J=compiled Java code, j=interpreted, Vv=VM code, C=native code)
C  [igxelpicd64.dll+0x282c4c]


siginfo: EXCEPTION_ACCESS_VIOLATION (0xc0000005), reading address 0x00000000000356f8


Register to memory mapping:

RIP=0x00007ffef6322c4c igxelpicd64.dll
RAX=0x000001a8705b2670 points into unknown readable memory: 0x000000000002f761 | 61 f7 02 00 00 00 00 00
RBX=0x000001a86fab8760 points into unknown readable memory: 0xffffffffffffffff | ff ff ff ff ff ff ff ff
RCX=0x0 is NULL
RDX=0x0000000000000002 is an unknown value
RSP=0x00000007268fe0e0 points into unknown readable memory: 0x000001a86fab8760 | 60 87 ab 6f a8 01 00 00
RBP=0x0000000000000016 is an unknown value
RSI=0x000001a86ecd3f00 points into unknown readable memory: 0xfc36020007000000 | 00 00 00 07 00 02 36 fc
RDI=0x0 is NULL
R8 =0x0000000000000014 is an unknown value
R9 =0x0 is NULL
R10=0x0 is NULL
R11=0x0000000000000246 is an unknown value
R12=0x000001a8705b2aa8 points into unknown readable memory: 0x000001a8705b5110 | 10 51 5b 70 a8 01 00 00
R13=0x0 is NULL
R14=0x000001a8705b24e0 points into unknown readable memory: 0x000001a86ebfc5e0 | e0 c5 bf 6e a8 01 00 00
R15=0x0 is NULL


Registers:
RAX=0x000001a8705b2670, RBX=0x000001a86fab8760, RCX=0x0000000000000000, RDX=0x0000000000000002
RSP=0x00000007268fe0e0, RBP=0x0000000000000016, RSI=0x000001a86ecd3f00, RDI=0x0000000000000000
R8 =0x0000000000000014, R9 =0x0000000000000000, R10=0x0000000000000000, R11=0x0000000000000246
R12=0x000001a8705b2aa8, R13=0x0000000000000000, R14=0x000001a8705b24e0, R15=0x0000000000000000
RIP=0x00007ffef6322c4c, EFLAGS=0x0000000000010202

Top of Stack: (sp=0x00000007268fe0e0)
0x00000007268fe0e0:   000001a86fab8760 00007fff8d60d859
0x00000007268fe0f0:   00000007268fe178 0000000000000000
0x00000007268fe100:   0000000000000054 000001a86fab8760
0x00000007268fe110:   0000000000000000 00007fff8ec90ba4
0x00000007268fe120:   000000007a000004 0000000000000000
0x00000007268fe130:   0000000000000000 000001a87022b7f8
0x00000007268fe140:   000000000002f769 0000000000000000
0x00000007268fe150:   0000000000000014 0000000000000000
0x00000007268fe160:   0000000000000000 00000007268fe280
0x00000007268fe170:   000001a86ecd3f00 00007ffef615769c
0x00000007268fe180:   000001a800000016 000001a8705b5110
0x00000007268fe190:   0000000000000000 000000007a000000
0x00000007268fe1a0:   0000000700000868 0000b80219890000
0x00000007268fe1b0:   0000000000000000 000001a848820000
0x00000007268fe1c0:   0000000000000000 000000007a000004
0x00000007268fe1d0:   00000000000004b4 0000000000000000 

Instructions: (pc=0x00007ffef6322c4c)
0x00007ffef6322b4c:   41 bf 20 00 00 00 48 8b 04 38 4d 8b 3c 07 0f b6
0x00007ffef6322b5c:   bc 24 b0 00 00 00 4c 3b 3d d7 f8 cb 00 41 0f 44
0x00007ffef6322b6c:   e9 89 ac 24 a0 00 00 00 48 85 c9 0f 84 d4 07 00
0x00007ffef6322b7c:   00 0f 1f 00 4c 8b f1 4c 8d a1 c8 05 00 00 49 8b
0x00007ffef6322b8c:   04 24 48 89 84 24 a8 00 00 00 40 84 ff 74 10 48
0x00007ffef6322b9c:   8b d1 48 8b 09 e8 ea 8d e3 ff e9 4f 07 00 00 8b
0x00007ffef6322bac:   96 d0 01 00 00 48 8b 05 58 dd bb 00 83 b8 64 03
0x00007ffef6322bbc:   00 00 02 0f 85 19 02 00 00 83 fa 10 73 0e 48 8d
0x00007ffef6322bcc:   42 04 48 8d 04 c2 48 8d 04 c1 eb 60 8d 4a f0 8b
0x00007ffef6322bdc:   c1 c1 e8 04 83 f8 03 73 1d 0f ae e8 83 e1 0f 4d
0x00007ffef6322bec:   8b 84 c6 80 05 00 00 4d 85 c0 74 25 48 8d 0c c9
0x00007ffef6322bfc:   49 8d 04 c8 eb 36 49 8b 86 98 05 00 00 48 85 c0
0x00007ffef6322c0c:   74 0f 66 90 39 10 74 2f 48 8b 40 50 48 85 c0 75
0x00007ffef6322c1c:   f3 41 80 be a0 05 00 00 00 74 22 8b c2 83 e0 0f
0x00007ffef6322c2c:   48 8d 04 c0 48 8d 40 20 49 8d 04 c6 48 85 c0 74
0x00007ffef6322c3c:   0c 48 8b 48 08 eb 09 48 83 c0 08 eb ef 49 8b c9
0x00007ffef6322c4c:   49 3b 8f f8 56 03 00 0f 86 85 01 00 00 83 fa 10
0x00007ffef6322c5c:   73 0a 48 8d 42 04 48 8d 04 c2 eb 5c 8d 4a f0 8b
0x00007ffef6322c6c:   c1 c1 e8 04 83 f8 03 73 1d 0f ae e8 83 e1 0f 4d
0x00007ffef6322c7c:   8b 84 c6 80 05 00 00 4d 85 c0 74 25 48 8d 0c c9
0x00007ffef6322c8c:   49 8d 04 c8 eb 36 49 8b 86 98 05 00 00 48 85 c0
0x00007ffef6322c9c:   74 0f 66 90 39 10 74 2f 48 8b 40 50 48 85 c0 75
0x00007ffef6322cac:   f3 41 80 be a0 05 00 00 00 74 22 8b c2 83 e0 0f
0x00007ffef6322cbc:   48 8d 04 c0 48 8d 40 20 49 8d 04 c6 48 85 c0 74
0x00007ffef6322ccc:   0c 48 8b 48 08 eb 09 48 83 c0 08 eb ef 49 8b c9
0x00007ffef6322cdc:   49 3b 8e 40 06 00 00 0f 86 f5 00 00 00 48 8b 86
0x00007ffef6322cec:   80 02 00 00 49 89 04 24 4c 89 b6 80 02 00 00 ff
0x00007ffef6322cfc:   86 88 02 00 00 ba 01 00 00 00 49 8b 4e 08 e8 41
0x00007ffef6322d0c:   28 59 00 0f b7 c8 48 2b c1 48 05 00 00 01 00 48
0x00007ffef6322d1c:   01 86 90 02 00 00 ba 01 00 00 00 49 8b 4e 08 e8
0x00007ffef6322d2c:   20 28 59 00 48 01 86 a0 02 00 00 85 ed 74 75 49
0x00007ffef6322d3c:   8b 9f 58 4f 03 00 0f 57 c0 f3 0f 7f 44 24 30 c7 


Stack slot to memory mapping:
stack at sp + 0 slots: 0x000001a86fab8760 points into unknown readable memory: 0xffffffffffffffff | ff ff ff ff ff ff ff ff
stack at sp + 1 slots: 0x00007fff8d60d859 USER32.dll
stack at sp + 2 slots: 0x00000007268fe178 points into unknown readable memory: 0x00007ffef615769c | 9c 76 15 f6 fe 7f 00 00
stack at sp + 3 slots: 0x0 is NULL
stack at sp + 4 slots: 0x0000000000000054 is an unknown value
stack at sp + 5 slots: 0x000001a86fab8760 points into unknown readable memory: 0xffffffffffffffff | ff ff ff ff ff ff ff ff
stack at sp + 6 slots: 0x0 is NULL
stack at sp + 7 slots: 0x00007fff8ec90ba4 ntdll.dll

VM_Operation (0x00000007288feb90): Exit, mode: safepoint, requested by thread 0x000001a86fc094f0


---------------  P R O C E S S  ---------------

Threads class SMR info:
_java_thread_list=0x000001a870436aa0, length=16, elements={
0x000001a86d5aadc0, 0x000001a86d5addd0, 0x000001a86d5c0650, 0x000001a86d5c1660,
0x000001a86d5c6080, 0x000001a86d5c7a90, 0x000001a86d5d1ff0, 0x000001a86d5dbe60,
0x000001a86d5de8e0, 0x000001a86e12d320, 0x000001a86e12f900, 0x000001a86e57bbf0,
0x000001a86fc07fb0, 0x000001a86fc0a4e0, 0x000001a86fc094f0, 0x000001a86fc09f90
}

Java Threads: ( => current thread )
  0x000001a86d5aadc0 JavaThread "Reference Handler" daemon [_thread_blocked, id=22932, stack(0x0000000726900000,0x0000000726a00000)]
  0x000001a86d5addd0 JavaThread "Finalizer" daemon [_thread_blocked, id=36692, stack(0x0000000726a00000,0x0000000726b00000)]
  0x000001a86d5c0650 JavaThread "Signal Dispatcher" daemon [_thread_blocked, id=8760, stack(0x0000000726b00000,0x0000000726c00000)]
  0x000001a86d5c1660 JavaThread "Attach Listener" daemon [_thread_blocked, id=11736, stack(0x0000000726c00000,0x0000000726d00000)]
  0x000001a86d5c6080 JavaThread "Service Thread" daemon [_thread_blocked, id=21488, stack(0x0000000726d00000,0x0000000726e00000)]
  0x000001a86d5c7a90 JavaThread "Monitor Deflation Thread" daemon [_thread_blocked, id=22600, stack(0x0000000726e00000,0x0000000726f00000)]
  0x000001a86d5d1ff0 JavaThread "C2 CompilerThread0" daemon [_thread_blocked, id=31880, stack(0x0000000726f00000,0x0000000727000000)]
  0x000001a86d5dbe60 JavaThread "C1 CompilerThread0" daemon [_thread_blocked, id=22636, stack(0x0000000727000000,0x0000000727100000)]
  0x000001a86d5de8e0 JavaThread "Sweeper thread" daemon [_thread_blocked, id=40620, stack(0x0000000727100000,0x0000000727200000)]
  0x000001a86e12d320 JavaThread "Notification Thread" daemon [_thread_blocked, id=11752, stack(0x0000000727200000,0x0000000727300000)]
  0x000001a86e12f900 JavaThread "Common-Cleaner" daemon [_thread_blocked, id=19012, stack(0x0000000727400000,0x0000000727500000)]
  0x000001a86e57bbf0 JavaThread "Java2D Disposer" daemon [_thread_blocked, id=15316, stack(0x0000000727500000,0x0000000727600000)]
  0x000001a86fc07fb0 JavaThread "HighResTimerThread" daemon [_thread_blocked, id=34852, stack(0x0000000728400000,0x0000000728500000)]
  0x000001a86fc0a4e0 JavaThread "DestroyJavaVM" [_thread_blocked, id=27680, stack(0x0000000726200000,0x0000000726300000)]
  0x000001a86fc094f0 JavaThread "main-FPSAWTAnimator#00-Timer0-FPSAWTAnimator#00-Timer1" [_thread_blocked, id=7772, stack(0x0000000728800000,0x0000000728900000)]
  0x000001a86fc09f90 JavaThread "AWT-Shutdown" [_thread_blocked, id=16432, stack(0x0000000728500000,0x0000000728600000)]

Other Threads:
=>0x000001a86d5a82e0 VMThread "VM Thread" [stack: 0x0000000726800000,0x0000000726900000] [id=33988]
  0x000001a848b5b620 GCTaskThread "GC Thread#0" [stack: 0x0000000726300000,0x0000000726400000] [id=1720]
  0x000001a86fd743d0 GCTaskThread "GC Thread#1" [stack: 0x0000000727e00000,0x0000000727f00000] [id=3972]
  0x000001a86fd75fb0 GCTaskThread "GC Thread#2" [stack: 0x0000000727f00000,0x0000000728000000] [id=34716]
  0x000001a86fd762c0 GCTaskThread "GC Thread#3" [stack: 0x0000000728000000,0x0000000728100000] [id=20740]
  0x000001a86fd74730 GCTaskThread "GC Thread#4" [stack: 0x0000000728100000,0x0000000728200000] [id=20788]
  0x000001a86fd74a40 GCTaskThread "GC Thread#5" [stack: 0x0000000728200000,0x0000000728300000] [id=20936]
  0x000001a86fd75060 GCTaskThread "GC Thread#6" [stack: 0x0000000728300000,0x0000000728400000] [id=34120]
  0x000001a87001fb80 GCTaskThread "GC Thread#7" [stack: 0x0000000727600000,0x0000000727700000] [id=30304]
  0x000001a848b6eaf0 ConcurrentGCThread "G1 Main Marker" terminated
  0x000001a848b6f560 ConcurrentGCThread "G1 Conc#0" [stack: 0x0000000726500000,0x0000000726600000] [id=4772]
  0x000001a848be6aa0 ConcurrentGCThread "G1 Refine#0" terminated
  0x000001a86d462a10 ConcurrentGCThread "G1 Service" terminated

Threads with active compile tasks:

VM state: at safepoint (shutting down)

VM Mutex/Monitor currently owned by a thread:  ([mutex/lock_event])
[0x000001a848b07930] Threads_lock - owner thread: 0x000001a86d5a82e0
[0x000001a848b08e00] Heap_lock - owner thread: 0x000001a86fc094f0

Heap address: 0x00000004d7c00000, size: 4038 MB, Compressed Oops mode: Zero based, Oop shift amount: 3

CDS archive(s) mapped at: [0x0000000800000000-0x0000000800bb0000-0x0000000800bb0000), size 12255232, SharedBaseAddress: 0x0000000800000000, ArchiveRelocationMode: 0.
Compressed class space mapped at: 0x0000000800c00000-0x0000000840c00000, reserved size: 1073741824
Narrow klass base: 0x0000000800000000, Narrow klass shift: 3, Narrow klass range: 0x100000000

GC Precious Log:
 CPUs: 8 total, 8 available
 Memory: 16149M
 Large Page Support: Disabled
 NUMA Support: Disabled
 Compressed Oops: Enabled (Zero based)
 Heap Region Size: 2M
 Heap Min Capacity: 8M
 Heap Initial Capacity: 254M
 Heap Max Capacity: 4038M
 Pre-touch: Disabled
 Parallel Workers: 8
 Concurrent Workers: 2
 Concurrent Refinement Workers: 8
 Periodic GC: Disabled

Heap:
 garbage-first heap   total 260096K, used 108578K [0x00000004d7c00000, 0x00000005d4200000)
  region size 2048K, 53 young (108544K), 2 survivors (4096K)
 Metaspace       used 12352K, committed 12480K, reserved 1064960K
  class space    used 881K, committed 960K, reserved 1048576K

Heap Regions: E=young(eden), S=young(survivor), O=old, HS=humongous(starts), HC=humongous(continues), CS=collection set, F=free, OA=open archive, CA=closed archive, TAMS=top-at-mark-start (previous, next)
|   0|0x00000004d7c00000, 0x00000004d7e00000, 0x00000004d7e00000|100%| O|  |TAMS 0x00000004d7c00000, 0x00000004d7c00000| Untracked 
|   1|0x00000004d7e00000, 0x00000004d7f39800, 0x00000004d8000000| 61%| O|  |TAMS 0x00000004d7e00000, 0x00000004d7e00000| Untracked 
|   2|0x00000004d8000000, 0x00000004d8000000, 0x00000004d8200000|  0%| F|  |TAMS 0x00000004d8000000, 0x00000004d8000000| Untracked 
|   3|0x00000004d8200000, 0x00000004d8200000, 0x00000004d8400000|  0%| F|  |TAMS 0x00000004d8200000, 0x00000004d8200000| Untracked 
|   4|0x00000004d8400000, 0x00000004d8400000, 0x00000004d8600000|  0%| F|  |TAMS 0x00000004d8400000, 0x00000004d8400000| Untracked 
|   5|0x00000004d8600000, 0x00000004d8600000, 0x00000004d8800000|  0%| F|  |TAMS 0x00000004d8600000, 0x00000004d8600000| Untracked 
|   6|0x00000004d8800000, 0x00000004d8800000, 0x00000004d8a00000|  0%| F|  |TAMS 0x00000004d8800000, 0x00000004d8800000| Untracked 
|   7|0x00000004d8a00000, 0x00000004d8a00000, 0x00000004d8c00000|  0%| F|  |TAMS 0x00000004d8a00000, 0x00000004d8a00000| Untracked 
|   8|0x00000004d8c00000, 0x00000004d8c00000, 0x00000004d8e00000|  0%| F|  |TAMS 0x00000004d8c00000, 0x00000004d8c00000| Untracked 
|   9|0x00000004d8e00000, 0x00000004d8e00000, 0x00000004d9000000|  0%| F|  |TAMS 0x00000004d8e00000, 0x00000004d8e00000| Untracked 
|  10|0x00000004d9000000, 0x00000004d9000000, 0x00000004d9200000|  0%| F|  |TAMS 0x00000004d9000000, 0x00000004d9000000| Untracked 
|  11|0x00000004d9200000, 0x00000004d9200000, 0x00000004d9400000|  0%| F|  |TAMS 0x00000004d9200000, 0x00000004d9200000| Untracked 
|  12|0x00000004d9400000, 0x00000004d9400000, 0x00000004d9600000|  0%| F|  |TAMS 0x00000004d9400000, 0x00000004d9400000| Untracked 
|  13|0x00000004d9600000, 0x00000004d9600000, 0x00000004d9800000|  0%| F|  |TAMS 0x00000004d9600000, 0x00000004d9600000| Untracked 
|  14|0x00000004d9800000, 0x00000004d9800000, 0x00000004d9a00000|  0%| F|  |TAMS 0x00000004d9800000, 0x00000004d9800000| Untracked 
|  15|0x00000004d9a00000, 0x00000004d9a00000, 0x00000004d9c00000|  0%| F|  |TAMS 0x00000004d9a00000, 0x00000004d9a00000| Untracked 
|  16|0x00000004d9c00000, 0x00000004d9c00000, 0x00000004d9e00000|  0%| F|  |TAMS 0x00000004d9c00000, 0x00000004d9c00000| Untracked 
|  17|0x00000004d9e00000, 0x00000004d9e00000, 0x00000004da000000|  0%| F|  |TAMS 0x00000004d9e00000, 0x00000004d9e00000| Untracked 
|  18|0x00000004da000000, 0x00000004da000000, 0x00000004da200000|  0%| F|  |TAMS 0x00000004da000000, 0x00000004da000000| Untracked 
|  19|0x00000004da200000, 0x00000004da200000, 0x00000004da400000|  0%| F|  |TAMS 0x00000004da200000, 0x00000004da200000| Untracked 
|  20|0x00000004da400000, 0x00000004da400000, 0x00000004da600000|  0%| F|  |TAMS 0x00000004da400000, 0x00000004da400000| Untracked 
|  21|0x00000004da600000, 0x00000004da600000, 0x00000004da800000|  0%| F|  |TAMS 0x00000004da600000, 0x00000004da600000| Untracked 
|  22|0x00000004da800000, 0x00000004da800000, 0x00000004daa00000|  0%| F|  |TAMS 0x00000004da800000, 0x00000004da800000| Untracked 
|  23|0x00000004daa00000, 0x00000004daa00000, 0x00000004dac00000|  0%| F|  |TAMS 0x00000004daa00000, 0x00000004daa00000| Untracked 
|  24|0x00000004dac00000, 0x00000004dac00000, 0x00000004dae00000|  0%| F|  |TAMS 0x00000004dac00000, 0x00000004dac00000| Untracked 
|  25|0x00000004dae00000, 0x00000004dae00000, 0x00000004db000000|  0%| F|  |TAMS 0x00000004dae00000, 0x00000004dae00000| Untracked 
|  26|0x00000004db000000, 0x00000004db000000, 0x00000004db200000|  0%| F|  |TAMS 0x00000004db000000, 0x00000004db000000| Untracked 
|  27|0x00000004db200000, 0x00000004db200000, 0x00000004db400000|  0%| F|  |TAMS 0x00000004db200000, 0x00000004db200000| Untracked 
|  28|0x00000004db400000, 0x00000004db400000, 0x00000004db600000|  0%| F|  |TAMS 0x00000004db400000, 0x00000004db400000| Untracked 
|  29|0x00000004db600000, 0x00000004db600000, 0x00000004db800000|  0%| F|  |TAMS 0x00000004db600000, 0x00000004db600000| Untracked 
|  30|0x00000004db800000, 0x00000004db800000, 0x00000004dba00000|  0%| F|  |TAMS 0x00000004db800000, 0x00000004db800000| Untracked 
|  31|0x00000004dba00000, 0x00000004dba00000, 0x00000004dbc00000|  0%| F|  |TAMS 0x00000004dba00000, 0x00000004dba00000| Untracked 
|  32|0x00000004dbc00000, 0x00000004dbc00000, 0x00000004dbe00000|  0%| F|  |TAMS 0x00000004dbc00000, 0x00000004dbc00000| Untracked 
|  33|0x00000004dbe00000, 0x00000004dbe00000, 0x00000004dc000000|  0%| F|  |TAMS 0x00000004dbe00000, 0x00000004dbe00000| Untracked 
|  34|0x00000004dc000000, 0x00000004dc000000, 0x00000004dc200000|  0%| F|  |TAMS 0x00000004dc000000, 0x00000004dc000000| Untracked 
|  35|0x00000004dc200000, 0x00000004dc200000, 0x00000004dc400000|  0%| F|  |TAMS 0x00000004dc200000, 0x00000004dc200000| Untracked 
|  36|0x00000004dc400000, 0x00000004dc400000, 0x00000004dc600000|  0%| F|  |TAMS 0x00000004dc400000, 0x00000004dc400000| Untracked 
|  37|0x00000004dc600000, 0x00000004dc600000, 0x00000004dc800000|  0%| F|  |TAMS 0x00000004dc600000, 0x00000004dc600000| Untracked 
|  38|0x00000004dc800000, 0x00000004dc800000, 0x00000004dca00000|  0%| F|  |TAMS 0x00000004dc800000, 0x00000004dc800000| Untracked 
|  39|0x00000004dca00000, 0x00000004dca00000, 0x00000004dcc00000|  0%| F|  |TAMS 0x00000004dca00000, 0x00000004dca00000| Untracked 
|  40|0x00000004dcc00000, 0x00000004dcc00000, 0x00000004dce00000|  0%| F|  |TAMS 0x00000004dcc00000, 0x00000004dcc00000| Untracked 
|  41|0x00000004dce00000, 0x00000004dce00000, 0x00000004dd000000|  0%| F|  |TAMS 0x00000004dce00000, 0x00000004dce00000| Untracked 
|  42|0x00000004dd000000, 0x00000004dd000000, 0x00000004dd200000|  0%| F|  |TAMS 0x00000004dd000000, 0x00000004dd000000| Untracked 
|  43|0x00000004dd200000, 0x00000004dd200000, 0x00000004dd400000|  0%| F|  |TAMS 0x00000004dd200000, 0x00000004dd200000| Untracked 
|  44|0x00000004dd400000, 0x00000004dd400000, 0x00000004dd600000|  0%| F|  |TAMS 0x00000004dd400000, 0x00000004dd400000| Untracked 
|  45|0x00000004dd600000, 0x00000004dd600000, 0x00000004dd800000|  0%| F|  |TAMS 0x00000004dd600000, 0x00000004dd600000| Untracked 
|  46|0x00000004dd800000, 0x00000004dd800000, 0x00000004dda00000|  0%| F|  |TAMS 0x00000004dd800000, 0x00000004dd800000| Untracked 
|  47|0x00000004dda00000, 0x00000004dda00000, 0x00000004ddc00000|  0%| F|  |TAMS 0x00000004dda00000, 0x00000004dda00000| Untracked 
|  48|0x00000004ddc00000, 0x00000004ddc00000, 0x00000004dde00000|  0%| F|  |TAMS 0x00000004ddc00000, 0x00000004ddc00000| Untracked 
|  49|0x00000004dde00000, 0x00000004dde00000, 0x00000004de000000|  0%| F|  |TAMS 0x00000004dde00000, 0x00000004dde00000| Untracked 
|  50|0x00000004de000000, 0x00000004de000000, 0x00000004de200000|  0%| F|  |TAMS 0x00000004de000000, 0x00000004de000000| Untracked 
|  51|0x00000004de200000, 0x00000004de200000, 0x00000004de400000|  0%| F|  |TAMS 0x00000004de200000, 0x00000004de200000| Untracked 
|  52|0x00000004de400000, 0x00000004de400000, 0x00000004de600000|  0%| F|  |TAMS 0x00000004de400000, 0x00000004de400000| Untracked 
|  53|0x00000004de600000, 0x00000004de600000, 0x00000004de800000|  0%| F|  |TAMS 0x00000004de600000, 0x00000004de600000| Untracked 
|  54|0x00000004de800000, 0x00000004de800000, 0x00000004dea00000|  0%| F|  |TAMS 0x00000004de800000, 0x00000004de800000| Untracked 
|  55|0x00000004dea00000, 0x00000004dea00000, 0x00000004dec00000|  0%| F|  |TAMS 0x00000004dea00000, 0x00000004dea00000| Untracked 
|  56|0x00000004dec00000, 0x00000004dec00000, 0x00000004dee00000|  0%| F|  |TAMS 0x00000004dec00000, 0x00000004dec00000| Untracked 
|  57|0x00000004dee00000, 0x00000004dee00000, 0x00000004df000000|  0%| F|  |TAMS 0x00000004dee00000, 0x00000004dee00000| Untracked 
|  58|0x00000004df000000, 0x00000004df000000, 0x00000004df200000|  0%| F|  |TAMS 0x00000004df000000, 0x00000004df000000| Untracked 
|  59|0x00000004df200000, 0x00000004df200000, 0x00000004df400000|  0%| F|  |TAMS 0x00000004df200000, 0x00000004df200000| Untracked 
|  60|0x00000004df400000, 0x00000004df400000, 0x00000004df600000|  0%| F|  |TAMS 0x00000004df400000, 0x00000004df400000| Untracked 
|  61|0x00000004df600000, 0x00000004df600000, 0x00000004df800000|  0%| F|  |TAMS 0x00000004df600000, 0x00000004df600000| Untracked 
|  62|0x00000004df800000, 0x00000004df800000, 0x00000004dfa00000|  0%| F|  |TAMS 0x00000004df800000, 0x00000004df800000| Untracked 
|  63|0x00000004dfa00000, 0x00000004dfa00000, 0x00000004dfc00000|  0%| F|  |TAMS 0x00000004dfa00000, 0x00000004dfa00000| Untracked 
|  64|0x00000004dfc00000, 0x00000004dfc00000, 0x00000004dfe00000|  0%| F|  |TAMS 0x00000004dfc00000, 0x00000004dfc00000| Untracked 
|  65|0x00000004dfe00000, 0x00000004dfe00000, 0x00000004e0000000|  0%| F|  |TAMS 0x00000004dfe00000, 0x00000004dfe00000| Untracked 
|  66|0x00000004e0000000, 0x00000004e0000000, 0x00000004e0200000|  0%| F|  |TAMS 0x00000004e0000000, 0x00000004e0000000| Untracked 
|  67|0x00000004e0200000, 0x00000004e0200000, 0x00000004e0400000|  0%| F|  |TAMS 0x00000004e0200000, 0x00000004e0200000| Untracked 
|  68|0x00000004e0400000, 0x00000004e0400000, 0x00000004e0600000|  0%| F|  |TAMS 0x00000004e0400000, 0x00000004e0400000| Untracked 
|  69|0x00000004e0600000, 0x00000004e0600000, 0x00000004e0800000|  0%| F|  |TAMS 0x00000004e0600000, 0x00000004e0600000| Untracked 
|  70|0x00000004e0800000, 0x00000004e0800000, 0x00000004e0a00000|  0%| F|  |TAMS 0x00000004e0800000, 0x00000004e0800000| Untracked 
|  71|0x00000004e0a00000, 0x00000004e0a00000, 0x00000004e0c00000|  0%| F|  |TAMS 0x00000004e0a00000, 0x00000004e0a00000| Untracked 
|  72|0x00000004e0c00000, 0x00000004e0c00000, 0x00000004e0e00000|  0%| F|  |TAMS 0x00000004e0c00000, 0x00000004e0c00000| Untracked 
|  73|0x00000004e0e00000, 0x00000004e0e00000, 0x00000004e1000000|  0%| F|  |TAMS 0x00000004e0e00000, 0x00000004e0e00000| Untracked 
|  74|0x00000004e1000000, 0x00000004e1000800, 0x00000004e1200000|  0%| E|  |TAMS 0x00000004e1000000, 0x00000004e1000000| Complete 
|  75|0x00000004e1200000, 0x00000004e12cf1a0, 0x00000004e1400000| 40%| S|CS|TAMS 0x00000004e1200000, 0x00000004e1200000| Complete 
|  76|0x00000004e1400000, 0x00000004e1600000, 0x00000004e1600000|100%| S|CS|TAMS 0x00000004e1400000, 0x00000004e1400000| Complete 
|  77|0x00000004e1600000, 0x00000004e1800000, 0x00000004e1800000|100%| E|CS|TAMS 0x00000004e1600000, 0x00000004e1600000| Complete 
|  78|0x00000004e1800000, 0x00000004e1a00000, 0x00000004e1a00000|100%| E|CS|TAMS 0x00000004e1800000, 0x00000004e1800000| Complete 
|  79|0x00000004e1a00000, 0x00000004e1c00000, 0x00000004e1c00000|100%| E|CS|TAMS 0x00000004e1a00000, 0x00000004e1a00000| Complete 
|  80|0x00000004e1c00000, 0x00000004e1e00000, 0x00000004e1e00000|100%| E|CS|TAMS 0x00000004e1c00000, 0x00000004e1c00000| Complete 
|  81|0x00000004e1e00000, 0x00000004e2000000, 0x00000004e2000000|100%| E|CS|TAMS 0x00000004e1e00000, 0x00000004e1e00000| Complete 
|  82|0x00000004e2000000, 0x00000004e2200000, 0x00000004e2200000|100%| E|CS|TAMS 0x00000004e2000000, 0x00000004e2000000| Complete 
|  83|0x00000004e2200000, 0x00000004e2400000, 0x00000004e2400000|100%| E|CS|TAMS 0x00000004e2200000, 0x00000004e2200000| Complete 
|  84|0x00000004e2400000, 0x00000004e2600000, 0x00000004e2600000|100%| E|CS|TAMS 0x00000004e2400000, 0x00000004e2400000| Complete 
|  85|0x00000004e2600000, 0x00000004e2800000, 0x00000004e2800000|100%| E|CS|TAMS 0x00000004e2600000, 0x00000004e2600000| Complete 
|  86|0x00000004e2800000, 0x00000004e2a00000, 0x00000004e2a00000|100%| E|CS|TAMS 0x00000004e2800000, 0x00000004e2800000| Complete 
|  87|0x00000004e2a00000, 0x00000004e2c00000, 0x00000004e2c00000|100%| E|CS|TAMS 0x00000004e2a00000, 0x00000004e2a00000| Complete 
|  88|0x00000004e2c00000, 0x00000004e2e00000, 0x00000004e2e00000|100%| E|CS|TAMS 0x00000004e2c00000, 0x00000004e2c00000| Complete 
|  89|0x00000004e2e00000, 0x00000004e3000000, 0x00000004e3000000|100%| E|CS|TAMS 0x00000004e2e00000, 0x00000004e2e00000| Complete 
|  90|0x00000004e3000000, 0x00000004e3200000, 0x00000004e3200000|100%| E|CS|TAMS 0x00000004e3000000, 0x00000004e3000000| Complete 
|  91|0x00000004e3200000, 0x00000004e3400000, 0x00000004e3400000|100%| E|CS|TAMS 0x00000004e3200000, 0x00000004e3200000| Complete 
|  92|0x00000004e3400000, 0x00000004e3600000, 0x00000004e3600000|100%| E|CS|TAMS 0x00000004e3400000, 0x00000004e3400000| Complete 
|  93|0x00000004e3600000, 0x00000004e3800000, 0x00000004e3800000|100%| E|CS|TAMS 0x00000004e3600000, 0x00000004e3600000| Complete 
|  94|0x00000004e3800000, 0x00000004e3a00000, 0x00000004e3a00000|100%| E|CS|TAMS 0x00000004e3800000, 0x00000004e3800000| Complete 
|  95|0x00000004e3a00000, 0x00000004e3c00000, 0x00000004e3c00000|100%| E|CS|TAMS 0x00000004e3a00000, 0x00000004e3a00000| Complete 
|  96|0x00000004e3c00000, 0x00000004e3e00000, 0x00000004e3e00000|100%| E|CS|TAMS 0x00000004e3c00000, 0x00000004e3c00000| Complete 
|  97|0x00000004e3e00000, 0x00000004e4000000, 0x00000004e4000000|100%| E|CS|TAMS 0x00000004e3e00000, 0x00000004e3e00000| Complete 
|  98|0x00000004e4000000, 0x00000004e4200000, 0x00000004e4200000|100%| E|CS|TAMS 0x00000004e4000000, 0x00000004e4000000| Complete 
|  99|0x00000004e4200000, 0x00000004e4400000, 0x00000004e4400000|100%| E|CS|TAMS 0x00000004e4200000, 0x00000004e4200000| Complete 
| 100|0x00000004e4400000, 0x00000004e4600000, 0x00000004e4600000|100%| E|CS|TAMS 0x00000004e4400000, 0x00000004e4400000| Complete 
| 101|0x00000004e4600000, 0x00000004e4800000, 0x00000004e4800000|100%| E|CS|TAMS 0x00000004e4600000, 0x00000004e4600000| Complete 
| 102|0x00000004e4800000, 0x00000004e4a00000, 0x00000004e4a00000|100%| E|CS|TAMS 0x00000004e4800000, 0x00000004e4800000| Complete 
| 103|0x00000004e4a00000, 0x00000004e4c00000, 0x00000004e4c00000|100%| E|CS|TAMS 0x00000004e4a00000, 0x00000004e4a00000| Complete 
| 104|0x00000004e4c00000, 0x00000004e4e00000, 0x00000004e4e00000|100%| E|CS|TAMS 0x00000004e4c00000, 0x00000004e4c00000| Complete 
| 105|0x00000004e4e00000, 0x00000004e5000000, 0x00000004e5000000|100%| E|CS|TAMS 0x00000004e4e00000, 0x00000004e4e00000| Complete 
| 106|0x00000004e5000000, 0x00000004e5200000, 0x00000004e5200000|100%| E|CS|TAMS 0x00000004e5000000, 0x00000004e5000000| Complete 
| 107|0x00000004e5200000, 0x00000004e5400000, 0x00000004e5400000|100%| E|CS|TAMS 0x00000004e5200000, 0x00000004e5200000| Complete 
| 108|0x00000004e5400000, 0x00000004e5600000, 0x00000004e5600000|100%| E|CS|TAMS 0x00000004e5400000, 0x00000004e5400000| Complete 
| 109|0x00000004e5600000, 0x00000004e5800000, 0x00000004e5800000|100%| E|CS|TAMS 0x00000004e5600000, 0x00000004e5600000| Complete 
| 110|0x00000004e5800000, 0x00000004e5a00000, 0x00000004e5a00000|100%| E|CS|TAMS 0x00000004e5800000, 0x00000004e5800000| Complete 
| 111|0x00000004e5a00000, 0x00000004e5c00000, 0x00000004e5c00000|100%| E|CS|TAMS 0x00000004e5a00000, 0x00000004e5a00000| Complete 
| 112|0x00000004e5c00000, 0x00000004e5e00000, 0x00000004e5e00000|100%| E|CS|TAMS 0x00000004e5c00000, 0x00000004e5c00000| Complete 
| 113|0x00000004e5e00000, 0x00000004e6000000, 0x00000004e6000000|100%| E|CS|TAMS 0x00000004e5e00000, 0x00000004e5e00000| Complete 
| 114|0x00000004e6000000, 0x00000004e6200000, 0x00000004e6200000|100%| E|CS|TAMS 0x00000004e6000000, 0x00000004e6000000| Complete 
| 115|0x00000004e6200000, 0x00000004e6400000, 0x00000004e6400000|100%| E|CS|TAMS 0x00000004e6200000, 0x00000004e6200000| Complete 
| 116|0x00000004e6400000, 0x00000004e6600000, 0x00000004e6600000|100%| E|CS|TAMS 0x00000004e6400000, 0x00000004e6400000| Complete 
| 117|0x00000004e6600000, 0x00000004e6800000, 0x00000004e6800000|100%| E|CS|TAMS 0x00000004e6600000, 0x00000004e6600000| Complete 
| 118|0x00000004e6800000, 0x00000004e6a00000, 0x00000004e6a00000|100%| E|CS|TAMS 0x00000004e6800000, 0x00000004e6800000| Complete 
| 119|0x00000004e6a00000, 0x00000004e6c00000, 0x00000004e6c00000|100%| E|CS|TAMS 0x00000004e6a00000, 0x00000004e6a00000| Complete 
| 120|0x00000004e6c00000, 0x00000004e6e00000, 0x00000004e6e00000|100%| E|CS|TAMS 0x00000004e6c00000, 0x00000004e6c00000| Complete 
| 121|0x00000004e6e00000, 0x00000004e7000000, 0x00000004e7000000|100%| E|CS|TAMS 0x00000004e6e00000, 0x00000004e6e00000| Complete 
| 122|0x00000004e7000000, 0x00000004e7200000, 0x00000004e7200000|100%| E|CS|TAMS 0x00000004e7000000, 0x00000004e7000000| Complete 
| 123|0x00000004e7200000, 0x00000004e7400000, 0x00000004e7400000|100%| E|CS|TAMS 0x00000004e7200000, 0x00000004e7200000| Complete 
| 124|0x00000004e7400000, 0x00000004e7600000, 0x00000004e7600000|100%| E|CS|TAMS 0x00000004e7400000, 0x00000004e7400000| Complete 
| 125|0x00000004e7600000, 0x00000004e7800000, 0x00000004e7800000|100%| E|CS|TAMS 0x00000004e7600000, 0x00000004e7600000| Complete 
| 126|0x00000004e7800000, 0x00000004e7a00000, 0x00000004e7a00000|100%| E|CS|TAMS 0x00000004e7800000, 0x00000004e7800000| Complete 

Card table byte_map: [0x000001a861cd0000,0x000001a8624c0000] _byte_map_base: 0x000001a85f612000

Marking Bits (Prev, Next): (CMBitMap*) 0x000001a848b5cd20, (CMBitMap*) 0x000001a848b5cd60
 Prev Bits: [0x000001a862cb0000, 0x000001a866bc8000)
 Next Bits: [0x000001a866bd0000, 0x000001a86aae8000)

Polling page: 0x000001a848bf0000

Metaspace:

Usage:
  Non-class:     11.20 MB used.
      Class:    881.16 KB used.
       Both:     12.06 MB used.

Virtual space:
  Non-class space:       16.00 MB reserved,      11.25 MB ( 70%) committed,  2 nodes.
      Class space:        1.00 GB reserved,     960.00 KB ( <1%) committed,  1 nodes.
              Both:        1.02 GB reserved,      12.19 MB (  1%) committed. 

Chunk freelists:
   Non-Class:  3.88 MB
       Class:  2.94 MB
        Both:  6.81 MB

MaxMetaspaceSize: 17179869184.00 GB
CompressedClassSpaceSize: 1.00 GB
 - commit_granule_bytes: 65536.
 - commit_granule_words: 8192.
 - virtual_space_node_default_size: 1048576.
 - enlarge_chunks_in_place: 1.
 - new_chunks_are_fully_committed: 0.
 - uncommit_free_chunks: 1.
 - use_allocation_guard: 0.
 - handle_deallocations: 1.


Internal statistics:

num_allocs_failed_limit: 0.
num_arena_births: 86.
num_arena_deaths: 0.
num_vsnodes_births: 3.
num_vsnodes_deaths: 0.
num_space_committed: 191.
num_space_uncommitted: 0.
num_chunks_returned_to_freelist: 0.
num_chunks_taken_from_freelist: 337.
num_chunk_merges: 0.
num_chunk_splits: 269.
num_chunks_enlarged: 223.
num_purges: 0.

CodeHeap 'non-profiled nmethods': size=120000Kb used=604Kb max_used=604Kb free=119395Kb
 bounds [0x000001a859550000, 0x000001a8597c0000, 0x000001a860a80000]
CodeHeap 'profiled nmethods': size=120000Kb used=2753Kb max_used=2753Kb free=117246Kb
 bounds [0x000001a852020000, 0x000001a8522e0000, 0x000001a859550000]
CodeHeap 'non-nmethods': size=5760Kb used=1536Kb max_used=1556Kb free=4223Kb
 bounds [0x000001a851a80000, 0x000001a851cf0000, 0x000001a852020000]
 total_blobs=2397 nmethods=1478 adapters=832
 compilation: enabled
              stopped_count=0, restarted_count=0
 full_count=0

Compilation events (20 events):
Event: 4.085 Thread 0x000001a86d5d1ff0 1467       4       processing.opengl.PShader::setAttributeVBO (34 bytes)
Event: 4.089 Thread 0x000001a86d5d1ff0 nmethod 1467 0x000001a8595e5510 code [0x000001a8595e56e0, 0x000001a8595e5db8]
Event: 4.498 Thread 0x000001a86d5dbe60 1469       3       com.jogamp.opengl.GLContext::isGL2GL3 (20 bytes)
Event: 4.499 Thread 0x000001a86d5dbe60 nmethod 1469 0x000001a8522cc690 code [0x000001a8522cc860, 0x000001a8522ccc68]
Event: 4.515 Thread 0x000001a86d5dbe60 1470       3       processing.core.PGraphics::colorCalc (206 bytes)
Event: 4.515 Thread 0x000001a86d5dbe60 nmethod 1470 0x000001a8522ccd90 code [0x000001a8522ccfa0, 0x000001a8522cd458]
Event: 4.532 Thread 0x000001a86d5dbe60 1471       3       processing.opengl.PGL::threadIsCurrent (14 bytes)
Event: 4.532 Thread 0x000001a86d5dbe60 nmethod 1471 0x000001a8522cd510 code [0x000001a8522cd6c0, 0x000001a8522cd858]
Event: 4.532 Thread 0x000001a86d5dbe60 1472       3       processing.opengl.FrameBuffer::setFBO (13 bytes)
Event: 4.532 Thread 0x000001a86d5dbe60 nmethod 1472 0x000001a8522cd910 code [0x000001a8522cdaa0, 0x000001a8522cdbf8]
Event: 4.532 Thread 0x000001a86d5dbe60 1473       3       processing.opengl.PJOGL::disable (16 bytes)
Event: 4.532 Thread 0x000001a86d5dbe60 nmethod 1473 0x000001a8522cdc90 code [0x000001a8522cde40, 0x000001a8522ce068]
Event: 4.532 Thread 0x000001a86d5dbe60 1474       3       jogamp.opengl.gl4.GL4bcImpl::glDisable (43 bytes)
Event: 4.532 Thread 0x000001a86d5dbe60 nmethod 1474 0x000001a8522ce110 code [0x000001a8522ce3a0, 0x000001a8522cef98]
Event: 4.586 Thread 0x000001a86d5dbe60 1477       3       jdk.internal.loader.NativeLibraries::find (72 bytes)
Event: 4.586 Thread 0x000001a86d5dbe60 nmethod 1477 0x000001a8522cf390 code [0x000001a8522cf5c0, 0x000001a8522cfe58]
Event: 4.586 Thread 0x000001a86d5dbe60 1476       3       java.lang.ClassLoader::findNative (21 bytes)
Event: 4.586 Thread 0x000001a86d5dbe60 nmethod 1476 0x000001a8522d0090 code [0x000001a8522d0260, 0x000001a8522d0478]
Event: 4.587 Thread 0x000001a86d5d1ff0 1478       4       java.lang.CharacterData::of (124 bytes)
Event: 4.587 Thread 0x000001a86d5d1ff0 nmethod 1478 0x000001a8595e6e10 code [0x000001a8595e6fa0, 0x000001a8595e7018]

GC Heap History (6 events):
Event: 0.912 GC heap before
{Heap before GC invocations=0 (full 0):
 garbage-first heap   total 260096K, used 22528K [0x00000004d7c00000, 0x00000005d4200000)
  region size 2048K, 11 young (22528K), 0 survivors (0K)
 Metaspace       used 11107K, committed 11264K, reserved 1064960K
  class space    used 803K, committed 832K, reserved 1048576K
}
Event: 0.921 GC heap after
{Heap after GC invocations=1 (full 0):
 garbage-first heap   total 260096K, used 3289K [0x00000004d7c00000, 0x00000005d4200000)
  region size 2048K, 2 young (4096K), 2 survivors (4096K)
 Metaspace       used 11107K, committed 11264K, reserved 1064960K
  class space    used 803K, committed 832K, reserved 1048576K
}
Event: 1.489 GC heap before
{Heap before GC invocations=1 (full 0):
 garbage-first heap   total 260096K, used 34009K [0x00000004d7c00000, 0x00000005d4200000)
  region size 2048K, 18 young (36864K), 2 survivors (4096K)
 Metaspace       used 12117K, committed 12288K, reserved 1064960K
  class space    used 877K, committed 960K, reserved 1048576K
}
Event: 1.491 GC heap after
{Heap after GC invocations=2 (full 0):
 garbage-first heap   total 260096K, used 6243K [0x00000004d7c00000, 0x00000005d4200000)
  region size 2048K, 2 young (4096K), 2 survivors (4096K)
 Metaspace       used 12117K, committed 12288K, reserved 1064960K
  class space    used 877K, committed 960K, reserved 1048576K
}
Event: 3.017 GC heap before
{Heap before GC invocations=2 (full 0):
 garbage-first heap   total 260096K, used 104547K [0x00000004d7c00000, 0x00000005d4200000)
  region size 2048K, 50 young (102400K), 2 survivors (4096K)
 Metaspace       used 12284K, committed 12416K, reserved 1064960K
  class space    used 877K, committed 960K, reserved 1048576K
}
Event: 3.018 GC heap after
{Heap after GC invocations=3 (full 0):
 garbage-first heap   total 260096K, used 6178K [0x00000004d7c00000, 0x00000005d4200000)
  region size 2048K, 2 young (4096K), 2 survivors (4096K)
 Metaspace       used 12284K, committed 12416K, reserved 1064960K
  class space    used 877K, committed 960K, reserved 1048576K
}

Deoptimization events (20 events):
Event: 1.419 Thread 0x000001a86fc094f0 DEOPT PACKING pc=0x000001a8521f6534 sp=0x00000007288fec10
Event: 1.419 Thread 0x000001a86fc094f0 DEOPT UNPACKING pc=0x000001a851ace77e sp=0x00000007288fe100 mode 0
Event: 1.421 Thread 0x000001a86fc094f0 DEOPT PACKING pc=0x000001a8521f6534 sp=0x00000007288fec10
Event: 1.421 Thread 0x000001a86fc094f0 DEOPT UNPACKING pc=0x000001a851ace77e sp=0x00000007288fe100 mode 0
Event: 1.423 Thread 0x000001a86fc094f0 DEOPT PACKING pc=0x000001a8521f6534 sp=0x00000007288fec10
Event: 1.423 Thread 0x000001a86fc094f0 DEOPT UNPACKING pc=0x000001a851ace77e sp=0x00000007288fe100 mode 0
Event: 1.425 Thread 0x000001a86fc094f0 DEOPT PACKING pc=0x000001a8521f6534 sp=0x00000007288fec10
Event: 1.425 Thread 0x000001a86fc094f0 DEOPT UNPACKING pc=0x000001a851ace77e sp=0x00000007288fe100 mode 0
Event: 1.460 Thread 0x000001a86fc094f0 DEOPT PACKING pc=0x000001a852246ff3 sp=0x00000007288fecd0
Event: 1.460 Thread 0x000001a86fc094f0 DEOPT UNPACKING pc=0x000001a851ace77e sp=0x00000007288fe200 mode 0
Event: 1.471 Thread 0x000001a86fc094f0 DEOPT PACKING pc=0x000001a852246ff3 sp=0x00000007288fecd0
Event: 1.471 Thread 0x000001a86fc094f0 DEOPT UNPACKING pc=0x000001a851ace77e sp=0x00000007288fe200 mode 0
Event: 1.473 Thread 0x000001a86e57c110 Uncommon trap: trap_request=0xffffff45 fr.pc=0x000001a8595b55ec relative=0x00000000000000cc
Event: 1.473 Thread 0x000001a86e57c110 Uncommon trap: reason=unstable_if action=reinterpret pc=0x000001a8595b55ec method=java.util.HashMap$HashIterator.<init>(Ljava/util/HashMap;)V @ 38 c2
Event: 1.473 Thread 0x000001a86e57c110 DEOPT PACKING pc=0x000001a8595b55ec sp=0x00000007276ff360
Event: 1.473 Thread 0x000001a86e57c110 DEOPT UNPACKING pc=0x000001a851acf92e sp=0x00000007276ff230 mode 2
Event: 4.582 Thread 0x000001a86ed05920 Uncommon trap: trap_request=0xffffff45 fr.pc=0x000001a8595b4ea0 relative=0x0000000000000200
Event: 4.582 Thread 0x000001a86ed05920 Uncommon trap: reason=unstable_if action=reinterpret pc=0x000001a8595b4ea0 method=java.util.HashMap$HashIterator.<init>(Ljava/util/HashMap;)V @ 38 c2
Event: 4.582 Thread 0x000001a86ed05920 DEOPT PACKING pc=0x000001a8595b4ea0 sp=0x0000000727aff540
Event: 4.582 Thread 0x000001a86ed05920 DEOPT UNPACKING pc=0x000001a851acf92e sp=0x0000000727aff4f8 mode 2

Classes unloaded (0 events):
No events

Classes redefined (0 events):
No events

Internal exceptions (20 events):
Event: 1.425 Thread 0x000001a86fc094f0 Exception <a 'java/lang/ArrayIndexOutOfBoundsException'{0x00000004e5a67218}> (0x00000004e5a67218) 
thrown [t:\workspace\open\src\hotspot\share\runtime\sharedRuntime.cpp, line 624]
Event: 1.425 Thread 0x000001a86fc094f0 Exception <a 'java/lang/ArrayIndexOutOfBoundsException'{0x00000004e5a67560}> (0x00000004e5a67560) 
thrown [t:\workspace\open\src\hotspot\share\runtime\sharedRuntime.cpp, line 624]
Event: 1.425 Thread 0x000001a86fc094f0 Exception <a 'java/lang/ArrayIndexOutOfBoundsException'{0x00000004e5a678a8}> (0x00000004e5a678a8) 
thrown [t:\workspace\open\src\hotspot\share\runtime\sharedRuntime.cpp, line 624]
Event: 1.425 Thread 0x000001a86fc094f0 Exception <a 'java/lang/ArrayIndexOutOfBoundsException'{0x00000004e5a67bf0}> (0x00000004e5a67bf0) 
thrown [t:\workspace\open\src\hotspot\share\runtime\sharedRuntime.cpp, line 624]
Event: 1.425 Thread 0x000001a86fc094f0 Exception <a 'java/lang/ArrayIndexOutOfBoundsException'{0x00000004e5a67f38}> (0x00000004e5a67f38) 
thrown [t:\workspace\open\src\hotspot\share\runtime\sharedRuntime.cpp, line 624]
Event: 1.425 Thread 0x000001a86fc094f0 Exception <a 'java/lang/ArrayIndexOutOfBoundsException'{0x00000004e5a68280}> (0x00000004e5a68280) 
thrown [t:\workspace\open\src\hotspot\share\runtime\sharedRuntime.cpp, line 624]
Event: 1.425 Thread 0x000001a86fc094f0 Exception <a 'java/lang/ArrayIndexOutOfBoundsException'{0x00000004e5a685c8}> (0x00000004e5a685c8) 
thrown [t:\workspace\open\src\hotspot\share\runtime\sharedRuntime.cpp, line 624]
Event: 1.425 Thread 0x000001a86fc094f0 Exception <a 'java/lang/ArrayIndexOutOfBoundsException'{0x00000004e5a68910}> (0x00000004e5a68910) 
thrown [t:\workspace\open\src\hotspot\share\runtime\sharedRuntime.cpp, line 624]
Event: 1.425 Thread 0x000001a86fc094f0 Exception <a 'java/lang/ArrayIndexOutOfBoundsException'{0x00000004e5a68c58}> (0x00000004e5a68c58) 
thrown [t:\workspace\open\src\hotspot\share\runtime\sharedRuntime.cpp, line 624]
Event: 1.425 Thread 0x000001a86fc094f0 Exception <a 'java/lang/ArrayIndexOutOfBoundsException'{0x00000004e5a68fa0}> (0x00000004e5a68fa0) 
thrown [t:\workspace\open\src\hotspot\share\runtime\sharedRuntime.cpp, line 624]
Event: 1.425 Thread 0x000001a86fc094f0 Exception <a 'java/lang/ArrayIndexOutOfBoundsException'{0x00000004e5a692e8}> (0x00000004e5a692e8) 
thrown [t:\workspace\open\src\hotspot\share\runtime\sharedRuntime.cpp, line 624]
Event: 1.425 Thread 0x000001a86fc094f0 Exception <a 'java/lang/ArrayIndexOutOfBoundsException'{0x00000004e5a69630}> (0x00000004e5a69630) 
thrown [t:\workspace\open\src\hotspot\share\runtime\sharedRuntime.cpp, line 624]
Event: 1.425 Thread 0x000001a86fc094f0 Exception <a 'java/lang/ArrayIndexOutOfBoundsException'{0x00000004e5a69978}> (0x00000004e5a69978) 
thrown [t:\workspace\open\src\hotspot\share\runtime\sharedRuntime.cpp, line 624]
Event: 1.425 Thread 0x000001a86fc094f0 Exception <a 'java/lang/ArrayIndexOutOfBoundsException'{0x00000004e5a69cc0}> (0x00000004e5a69cc0) 
thrown [t:\workspace\open\src\hotspot\share\runtime\sharedRuntime.cpp, line 624]
Event: 1.425 Thread 0x000001a86fc094f0 Exception <a 'java/lang/ArrayIndexOutOfBoundsException'{0x00000004e5a6a008}> (0x00000004e5a6a008) 
thrown [t:\workspace\open\src\hotspot\share\runtime\sharedRuntime.cpp, line 624]
Event: 1.425 Thread 0x000001a86fc094f0 Exception <a 'java/lang/ArrayIndexOutOfBoundsException'{0x00000004e5a6a350}> (0x00000004e5a6a350) 
thrown [t:\workspace\open\src\hotspot\share\runtime\sharedRuntime.cpp, line 624]
Event: 1.425 Thread 0x000001a86fc094f0 Exception <a 'java/lang/ArrayIndexOutOfBoundsException'{0x00000004e5a6a698}> (0x00000004e5a6a698) 
thrown [t:\workspace\open\src\hotspot\share\runtime\sharedRuntime.cpp, line 624]
Event: 1.425 Thread 0x000001a86fc094f0 Exception <a 'java/lang/ArrayIndexOutOfBoundsException'{0x00000004e5a6a9e0}> (0x00000004e5a6a9e0) 
thrown [t:\workspace\open\src\hotspot\share\runtime\sharedRuntime.cpp, line 624]
Event: 1.425 Thread 0x000001a86fc094f0 Exception <a 'java/lang/ArrayIndexOutOfBoundsException'{0x00000004e5a6ad28}> (0x00000004e5a6ad28) 
thrown [t:\workspace\open\src\hotspot\share\runtime\sharedRuntime.cpp, line 624]
Event: 4.558 Thread 0x000001a86fc08fa0 Exception <a 'java/lang/InterruptedException'{0x00000004e19f6e98}> (0x00000004e19f6e98) 
thrown [t:\workspace\open\src\hotspot\share\runtime\objectMonitor.cpp, line 1705]

Events (20 events):
Event: 2.492 Executing  VM operation: Cleanup
Event: 2.492 Executing  VM operation: Cleanup done
Event: 3.017 Executing  VM operation: G1CollectForAllocation
Event: 3.018 Executing  VM operation: G1CollectForAllocation done
Event: 4.019 Executing  VM operation: Cleanup
Event: 4.019 Executing  VM operation: Cleanup done
Event: 4.558 Thread 0x000001a86fc06fc0 Thread added: 0x000001a86fc06fc0
Event: 4.558 Thread 0x000001a86fc08fa0 Thread exited: 0x000001a86fc08fa0
Event: 4.558 Thread 0x000001a86fc08500 Thread added: 0x000001a86fc08500
Event: 4.559 Thread 0x000001a86fc09a40 Thread added: 0x000001a86fc09a40
Event: 4.559 Thread 0x000001a86fc09f90 Thread added: 0x000001a86fc09f90
Event: 4.559 Thread 0x000001a86e7b87b0 Thread exited: 0x000001a86e7b87b0
Event: 4.559 loading class java/nio/channels/ClosedChannelException
Event: 4.560 loading class java/nio/channels/ClosedChannelException done
Event: 4.560 Thread 0x000001a86fc06fc0 Thread exited: 0x000001a86fc06fc0
Event: 4.560 Thread 0x000001a86e586850 Thread exited: 0x000001a86e586850
Event: 4.586 Thread 0x000001a86ed05920 Thread exited: 0x000001a86ed05920
Event: 4.589 Thread 0x000001a86fc08500 Thread exited: 0x000001a86fc08500
Event: 4.660 Thread 0x000001a86fc09a40 Thread exited: 0x000001a86fc09a40
Event: 4.660 Executing  VM operation: Exit


Dynamic libraries:
0x00007ff62cff0000 - 0x00007ff62d000000 	C:\Program Files\Java\jdk-16.0.2\bin\javaw.exe
0x00007fff8ebf0000 - 0x00007fff8ede5000 	C:\windows\SYSTEM32\ntdll.dll
0x00007fff8de50000 - 0x00007fff8df0e000 	C:\windows\System32\KERNEL32.DLL
0x00007fff8c5c0000 - 0x00007fff8c888000 	C:\windows\System32\KERNELBASE.dll
0x00007fff8cab0000 - 0x00007fff8cbb0000 	C:\windows\System32\ucrtbase.dll
0x00007fff84d80000 - 0x00007fff84d99000 	C:\Program Files\Java\jdk-16.0.2\bin\VCRUNTIME140.dll
0x00007fff851c0000 - 0x00007fff851d8000 	C:\Program Files\Java\jdk-16.0.2\bin\jli.dll
0x00007fff8eb00000 - 0x00007fff8ebac000 	C:\windows\System32\ADVAPI32.dll
0x00007fff8e270000 - 0x00007fff8e30e000 	C:\windows\System32\msvcrt.dll
0x00007fff8e310000 - 0x00007fff8e3ab000 	C:\windows\System32\sechost.dll
0x00007fff8d3a0000 - 0x00007fff8d4ca000 	C:\windows\System32\RPCRT4.dll
0x00007fff8d5f0000 - 0x00007fff8d791000 	C:\windows\System32\USER32.dll
0x00007fff8cbb0000 - 0x00007fff8cbd2000 	C:\windows\System32\win32u.dll
0x00007fff8cef0000 - 0x00007fff8cf1b000 	C:\windows\System32\GDI32.dll
0x00007fff8c310000 - 0x00007fff8c41b000 	C:\windows\System32\gdi32full.dll
0x00007fff8c470000 - 0x00007fff8c50d000 	C:\windows\System32\msvcp_win.dll
0x00007fff63bb0000 - 0x00007fff63e4a000 	C:\windows\WinSxS\amd64_microsoft.windows.common-controls_6595b64144ccf1df_6.0.19041.1110_none_60b5254171f9507e\COMCTL32.dll
0x00007fff85760000 - 0x00007fff8576a000 	C:\windows\SYSTEM32\VERSION.dll
0x00007fff8dd50000 - 0x00007fff8dd80000 	C:\windows\System32\IMM32.DLL
0x00007fff85750000 - 0x00007fff8575c000 	C:\Program Files\Java\jdk-16.0.2\bin\vcruntime140_1.dll
0x00007fff62820000 - 0x00007fff628b1000 	C:\Program Files\Java\jdk-16.0.2\bin\msvcp140.dll
0x00007fff10d20000 - 0x00007fff118cb000 	C:\Program Files\Java\jdk-16.0.2\bin\server\jvm.dll
0x00007fff8d5e0000 - 0x00007fff8d5e8000 	C:\windows\System32\PSAPI.DLL
0x00007fff85700000 - 0x00007fff85709000 	C:\windows\SYSTEM32\WSOCK32.dll
0x00007fff8dd80000 - 0x00007fff8ddeb000 	C:\windows\System32\WS2_32.dll
0x00007fff670e0000 - 0x00007fff67107000 	C:\windows\SYSTEM32\WINMM.dll
0x00007fff8ab90000 - 0x00007fff8aba2000 	C:\windows\SYSTEM32\kernel.appcore.dll
0x00007fff84e20000 - 0x00007fff84e2a000 	C:\Program Files\Java\jdk-16.0.2\bin\jimage.dll
0x00007fff8a0f0000 - 0x00007fff8a2d4000 	C:\windows\SYSTEM32\DBGHELP.DLL
0x00007fff79e40000 - 0x00007fff79e6c000 	C:\windows\SYSTEM32\dbgcore.DLL
0x00007fff8ca20000 - 0x00007fff8caa3000 	C:\windows\System32\bcryptPrimitives.dll
0x00007fff68960000 - 0x00007fff68985000 	C:\Program Files\Java\jdk-16.0.2\bin\java.dll
0x00007fff8e3c0000 - 0x00007fff8eaff000 	C:\windows\System32\SHELL32.dll
0x00007fff8a3f0000 - 0x00007fff8ab80000 	C:\windows\SYSTEM32\windows.storage.dll
0x00007fff8df10000 - 0x00007fff8e265000 	C:\windows\System32\combase.dll
0x00007fff8bcf0000 - 0x00007fff8bd1e000 	C:\windows\SYSTEM32\Wldp.dll
0x00007fff8d4d0000 - 0x00007fff8d57d000 	C:\windows\System32\SHCORE.dll
0x00007fff8db30000 - 0x00007fff8db85000 	C:\windows\System32\shlwapi.dll
0x00007fff8c250000 - 0x00007fff8c26f000 	C:\windows\SYSTEM32\profapi.dll
0x00007fff73f50000 - 0x00007fff73f69000 	C:\Program Files\Java\jdk-16.0.2\bin\net.dll
0x00007fff873d0000 - 0x00007fff874dc000 	C:\windows\SYSTEM32\WINHTTP.dll
0x00007fff8ba50000 - 0x00007fff8baba000 	C:\windows\system32\mswsock.dll
0x00007fff632a0000 - 0x00007fff632b3000 	C:\Program Files\Java\jdk-16.0.2\bin\nio.dll
0x00007fff63280000 - 0x00007fff63298000 	C:\Program Files\Java\jdk-16.0.2\bin\zip.dll
0x00007fff84880000 - 0x00007fff84890000 	C:\Program Files\Java\jdk-16.0.2\bin\verify.dll
0x00007fff413f0000 - 0x00007fff41570000 	C:\Program Files\Java\jdk-16.0.2\bin\awt.dll
0x00007fff8d880000 - 0x00007fff8d94d000 	C:\windows\System32\OLEAUT32.dll
0x00007fff89770000 - 0x00007fff89800000 	C:\windows\SYSTEM32\apphelp.dll
0x00007fff89950000 - 0x00007fff899ee000 	C:\windows\system32\uxtheme.dll
0x00007fff8cc40000 - 0x00007fff8cd55000 	C:\windows\System32\MSCTF.dll
0x00007fff8dc20000 - 0x00007fff8dd4a000 	C:\windows\System32\ole32.dll
0x00007fff89a40000 - 0x00007fff89a6f000 	C:\windows\system32\DWMAPI.DLL
0x00007fff75400000 - 0x00007fff75525000 	C:\windows\system32\opengl32.dll
0x00007fff84f00000 - 0x00007fff84f2c000 	C:\windows\SYSTEM32\GLU32.dll
0x00007fff8bc40000 - 0x00007fff8bc58000 	C:\windows\SYSTEM32\CRYPTSP.dll
0x00007fff8b370000 - 0x00007fff8b3a4000 	C:\windows\system32\rsaenh.dll
0x00007fff8c9f0000 - 0x00007fff8ca17000 	C:\windows\System32\bcrypt.dll
0x00007fff8c1d0000 - 0x00007fff8c1fe000 	C:\windows\SYSTEM32\USERENV.dll
0x00007fff8bc60000 - 0x00007fff8bc6c000 	C:\windows\SYSTEM32\CRYPTBASE.dll
0x00007fff8b6e0000 - 0x00007fff8b71b000 	C:\windows\SYSTEM32\IPHLPAPI.DLL
0x00007fff8e3b0000 - 0x00007fff8e3b8000 	C:\windows\System32\NSI.dll
0x00007fff85a60000 - 0x00007fff85a77000 	C:\windows\SYSTEM32\dhcpcsvc6.DLL
0x00007fff85a40000 - 0x00007fff85a5d000 	C:\windows\SYSTEM32\dhcpcsvc.DLL
0x00007fff8b720000 - 0x00007fff8b7eb000 	C:\windows\SYSTEM32\DNSAPI.dll
0x00000000637c0000 - 0x00000000637cd000 	C:\Users\sethr\AppData\Local\Temp\jogamp_0000\file_cache\jln14292717949312803386\jln18341883981345295450\natives\windows-amd64\gluegen-rt.dll
0x00007fff7aea0000 - 0x00007fff7aea7000 	C:\Program Files\Java\jdk-16.0.2\bin\jawt.dll
0x000000006a440000 - 0x000000006a44d000 	C:\Users\sethr\AppData\Local\Temp\jogamp_0000\file_cache\jln14292717949312803386\jln18341883981345295450\natives\windows-amd64\nativewindow_awt.dll
0x000000006c100000 - 0x000000006c10f000 	C:\Users\sethr\AppData\Local\Temp\jogamp_0000\file_cache\jln14292717949312803386\jln18341883981345295450\natives\windows-amd64\nativewindow_win32.dll
0x000000006cbc0000 - 0x000000006cbd3000 	C:\Users\sethr\AppData\Local\Temp\jogamp_0000\file_cache\jln14292717949312803386\jln18341883981345295450\natives\windows-amd64\newt.dll
0x00007fff867c0000 - 0x00007fff8686e000 	C:\windows\SYSTEM32\mscms.dll
0x00007fff86750000 - 0x00007fff86761000 	C:\windows\SYSTEM32\ColorAdapterClient.dll
0x00007fff507f0000 - 0x00007fff50833000 	C:\windows\SYSTEM32\icm32.dll
0x00007fff8cf20000 - 0x00007fff8d392000 	C:\windows\System32\setupapi.dll
0x00007fff8c420000 - 0x00007fff8c46e000 	C:\windows\System32\cfgmgr32.dll
0x00007fff8c0b0000 - 0x00007fff8c0e4000 	C:\windows\SYSTEM32\DEVOBJ.dll
0x00007fff8cbe0000 - 0x00007fff8cc40000 	C:\windows\System32\WINTRUST.dll
0x00007fff8c890000 - 0x00007fff8c9e6000 	C:\windows\System32\CRYPT32.dll
0x00007fff8be80000 - 0x00007fff8be92000 	C:\windows\SYSTEM32\MSASN1.dll
0x0000000064500000 - 0x00000000645b1000 	C:\Users\sethr\AppData\Local\Temp\jogamp_0000\file_cache\jln14292717949312803386\jln18341883981345295450\natives\windows-amd64\jogl_desktop.dll
0x0000000064340000 - 0x00000000643a2000 	C:\Users\sethr\AppData\Local\Temp\jogamp_0000\file_cache\jln14292717949312803386\jln18341883981345295450\natives\windows-amd64\jogl_mobile.dll
0x00007fff8cd60000 - 0x00007fff8ce09000 	C:\windows\System32\clbcatq.dll
0x00007ffef60a0000 - 0x00007ffef70a0000 	C:\windows\System32\DriverStore\FileRepository\iigd_dch.inf_amd64_14d6d9e2312c79ae\igxelpicd64.dll
0x00007fff8ad20000 - 0x00007fff8ae14000 	C:\windows\system32\dxgi.dll
0x00007fff25920000 - 0x00007fff25d84000 	C:\windows\System32\DriverStore\FileRepository\iigd_dch.inf_amd64_14d6d9e2312c79ae\igdml64.dll
0x00007fff70030000 - 0x00007fff703ed000 	C:\windows\System32\DriverStore\FileRepository\iigd_dch.inf_amd64_14d6d9e2312c79ae\igdgmm64.dll
0x00007fff6cdf0000 - 0x00007fff70028000 	C:\windows\System32\DriverStore\FileRepository\iigd_dch.inf_amd64_14d6d9e2312c79ae\igc64.dll
0x00007fff8c060000 - 0x00007fff8c0ab000 	C:\windows\SYSTEM32\powrprof.dll
0x00007fff8c040000 - 0x00007fff8c052000 	C:\windows\SYSTEM32\UMPDC.dll
0x00007fff742d0000 - 0x00007fff743c9000 	C:\windows\SYSTEM32\textinputframework.dll
0x00007fff89530000 - 0x00007fff89622000 	C:\windows\System32\CoreMessaging.dll
0x00007fff891d0000 - 0x00007fff8952e000 	C:\windows\System32\CoreUIComponents.dll
0x00007fff88540000 - 0x00007fff88694000 	C:\windows\SYSTEM32\wintypes.dll
0x00007fff8b000000 - 0x00007fff8b033000 	C:\windows\SYSTEM32\ntmarta.dll
0x00007fff791a0000 - 0x00007fff79206000 	C:\windows\system32\Oleacc.dll

dbghelp: loaded successfully - version: 4.0.5 - missing functions: none
symbol engine: initialized successfully - sym options: 0x614 - pdb path: .;C:\Program Files\Java\jdk-16.0.2\bin;C:\windows\SYSTEM32;C:\windows\WinSxS\amd64_microsoft.windows.common-controls_6595b64144ccf1df_6.0.19041.1110_none_60b5254171f9507e;C:\Program Files\Java\jdk-16.0.2\bin\server;C:\Users\sethr\AppData\Local\Temp\jogamp_0000\file_cache\jln14292717949312803386\jln18341883981345295450\natives\windows-amd64;C:\windows\System32\DriverStore\FileRepository\iigd_dch.inf_amd64_14d6d9e2312c79ae

VM Arguments:
jvm_args: -Dfile.encoding=Cp1252 -XX:+ShowCodeDetailsInExceptionMessages 
java_command: energywaves.Main
java_class_path (initial): C:\Users\sethr\eclipse-workspace\energywaves\target\classes;C:\Users\sethr\.m2\repository\org\processing\core\3.3.6\core-3.3.6.jar;C:\Users\sethr\.m2\repository\org\jogamp\gluegen\gluegen-rt-main\2.3.2\gluegen-rt-main-2.3.2.jar;C:\Users\sethr\.m2\repository\org\jogamp\gluegen\gluegen-rt\2.3.2\gluegen-rt-2.3.2.jar;C:\Users\sethr\.m2\repository\org\jogamp\gluegen\gluegen-rt\2.3.2\gluegen-rt-2.3.2-natives-android-aarch64.jar;C:\Users\sethr\.m2\repository\org\jogamp\gluegen\gluegen-rt\2.3.2\gluegen-rt-2.3.2-natives-android-armv6.jar;C:\Users\sethr\.m2\repository\org\jogamp\gluegen\gluegen-rt\2.3.2\gluegen-rt-2.3.2-natives-linux-amd64.jar;C:\Users\sethr\.m2\repository\org\jogamp\gluegen\gluegen-rt\2.3.2\gluegen-rt-2.3.2-natives-linux-armv6.jar;C:\Users\sethr\.m2\repository\org\jogamp\gluegen\gluegen-rt\2.3.2\gluegen-rt-2.3.2-natives-linux-armv6hf.jar;C:\Users\sethr\.m2\repository\org\jogamp\gluegen\gluegen-rt\2.3.2\gluegen-rt-2.3.2-natives-linux-i586.jar;C:\Users\sethr\.m2\repository\org\jogamp\gluegen\gluegen-rt\2.3.2\gluegen-rt-2.3.2-natives-macosx-universal.jar;C:\Users\sethr\.m2\repository\org\jogamp\gluegen\gluegen-rt\2.3.2\gluegen-rt-2.3.2-natives-solaris-amd64.jar;C:\Users\sethr\.m2\repository\org\jogamp\gluegen\gluegen-rt\2.3.2\gluegen-rt-2.3.2-natives-solaris-i586.jar;C:\Users\sethr\.m2\repository\org\jogamp\gluegen\gluegen-rt\2.3.2\gluegen-rt-2.3.2-natives-windows-amd64.jar;C:\Users\sethr\.m2\repository\org\jogamp\gluegen\gluegen-rt\2.3.2\gluegen-rt-2.3.2-natives-windows-i586.jar;C:\Users\sethr\.m2\repository\org\jogamp\jogl\jogl-all-main\2.3.2\jogl-all-main-2.3.2.jar;C:\Users\sethr\.m2\repository\org\jogamp\jogl\jogl-all\2.3.2\jogl-all-2.3.2.jar;C:\Users\sethr\.m2\repository\org\jogamp\jogl\jogl-all\2.3.2\jogl-all-2.3.2-natives-android-aarch64.jar;C:\Users\sethr\.m2\repository\org\jogamp\jogl\jogl-all\2.3.2\jogl-all-2.3.2-natives-android-armv6.jar;C:\Users\sethr\.m2\repository\org\jogamp\jogl\jogl-all\2.3.2\jogl-all-2.3.2-natives-l
Launcher Type: SUN_STANDARD

[Global flags]
     intx CICompilerCount                          = 4                                         {product} {ergonomic}
     uint ConcGCThreads                            = 2                                         {product} {ergonomic}
     uint G1ConcRefinementThreads                  = 8                                         {product} {ergonomic}
   size_t G1HeapRegionSize                         = 2097152                                   {product} {ergonomic}
    uintx GCDrainStackTargetSize                   = 64                                        {product} {ergonomic}
   size_t InitialHeapSize                          = 266338304                                 {product} {ergonomic}
   size_t MarkStackSize                            = 4194304                                   {product} {ergonomic}
   size_t MaxHeapSize                              = 4234149888                                {product} {ergonomic}
   size_t MaxNewSize                               = 2539651072                                {product} {ergonomic}
   size_t MinHeapDeltaBytes                        = 2097152                                   {product} {ergonomic}
   size_t MinHeapSize                              = 8388608                                   {product} {ergonomic}
    uintx NonNMethodCodeHeapSize                   = 5839372                                {pd product} {ergonomic}
    uintx NonProfiledCodeHeapSize                  = 122909434                              {pd product} {ergonomic}
    uintx ProfiledCodeHeapSize                     = 122909434                              {pd product} {ergonomic}
    uintx ReservedCodeCacheSize                    = 251658240                              {pd product} {ergonomic}
     bool SegmentedCodeCache                       = true                                      {product} {ergonomic}
     bool ShowCodeDetailsInExceptionMessages       = true                                   {manageable} {command line}
   size_t SoftMaxHeapSize                          = 4234149888                             {manageable} {ergonomic}
     bool UseCompressedClassPointers               = true                           {product lp64_product} {ergonomic}
     bool UseCompressedOops                        = true                           {product lp64_product} {ergonomic}
     bool UseG1GC                                  = true                                      {product} {ergonomic}
     bool UseLargePagesIndividualAllocation        = false                                  {pd product} {ergonomic}

Logging:
Log output configuration:
 #0: stdout all=off uptime,level,tags
 #1: stderr all=off uptime,level,tags

Environment Variables:
PATH=C:\Program Files\Oculus\Support\oculus-runtime;C:\Program Files\Common Files\Oracle\Java\javapath;C:\windows\system32;C:\windows;C:\windows\System32\Wbem;C:\windows\System32\WindowsPowerShell\v1.0\;C:\windows\System32\OpenSSH\;C:\MinGW\mingw32\bin;C:\ProgramData\chocolatey\bin;C:\ProgramData\chocolatey\bin\make.exe;C:\Program Files\Git\cmd;C:\Program Files\nodejs\;C:\Users\sethr\AppData\Local\Programs\Python\Python39\Scripts\;C:\Users\sethr\AppData\Local\Programs\Python\Python39\;C:\Users\sethr\AppData\Local\Microsoft\WindowsApps;C:\Users\sethr\AppData\Local\Programs\Microsoft VS Code\bin;C:\Users\sethr\AppData\Local\GitHubDesktop\bin;C:\Users\sethr\AppData\Roaming\npm
USERNAME=sethr
OS=Windows_NT
PROCESSOR_IDENTIFIER=Intel64 Family 6 Model 140 Stepping 1, GenuineIntel



---------------  S Y S T E M  ---------------

OS:
 Windows 10 , 64 bit Build 19041 (10.0.19041.1348)
OS uptime: 30 days 19:31 hours

CPU: total 8 (initial active 8) (4 cores per cpu, 2 threads per core) family 6 model 140 stepping 1 microcode 0x86, cx8, cmov, fxsr, ht, mmx, 3dnowpref, sse, sse2, sse3, ssse3, sse4.1, sse4.2, popcnt, lzcnt, tsc, tscinvbit, avx, avx2, aes, erms, clmul, bmi1, bmi2, adx, avx512f, avx512dq, avx512cd, avx512bw, avx512vl, sha, fma, vzeroupper, avx512_vpopcntdq, avx512_vpclmulqdq, avx512_vaes, avx512_vnni, clflush, clflushopt, clwb, avx512_vmbi2, avx512_vmbi

Memory: 4k page, system-wide physical 16149M (6247M free)
TotalPageFile size 27525M (AvailPageFile size 6671M)
current process WorkingSet (physical memory assigned to process): 329M, peak: 332M
current process commit charge ("private bytes"): 488M, peak: 494M

vm_info: Java HotSpot(TM) 64-Bit Server VM (16.0.2+7-67) for windows-amd64 JRE (16.0.2+7-67), built on Jun  8 2021 23:24:19 by "mach5one" with MS VC++ 16.7 (VS2019)

END.
