#
# A fatal error has been detected by the Java Runtime Environment:
#
#  EXCEPTION_ACCESS_VIOLATION (0xc0000005) at pc=0x00007ffc6d8b2c4c, pid=14596, tid=21240
#
# JRE version: Java(TM) SE Runtime Environment (16.0.2+7) (build 16.0.2+7-67)
# Java VM: Java HotSpot(TM) 64-Bit Server VM (16.0.2+7-67, mixed mode, sharing, tiered, compressed oops, compressed class ptrs, g1 gc, windows-amd64)
# Problematic frame:
# C  [igxelpicd64.dll+0x282c4c]
#
# No core dump will be written. Minidumps are not enabled by default on client versions of Windows
#
# If you would like to submit a bug report, please visit:
#   https://bugreport.java.com/bugreport/crash.jsp
#

---------------  S U M M A R Y ------------

Command Line: -Dfile.encoding=Cp1252 -XX:+ShowCodeDetailsInExceptionMessages energywaves.Main

Host: 11th Gen Intel(R) Core(TM) i7-1165G7 @ 2.80GHz, 8 cores, 15G,  Windows 10 , 64 bit Build 19041 (10.0.19041.1348)
Time: Fri Dec 17 09:52:39 2021 Eastern Standard Time elapsed time: 48.777178 seconds (0d 0h 0m 48s)

---------------  T H R E A D  ---------------

Current thread (0x0000026e67d799a0):  VMThread "VM Thread" [stack: 0x000000d6a8800000,0x000000d6a8900000] [id=21240]

Stack: [0x000000d6a8800000,0x000000d6a8900000],  sp=0x000000d6a88fe210,  free space=1016k
Native frames: (J=compiled Java code, j=interpreted, Vv=VM code, C=native code)
C  [igxelpicd64.dll+0x282c4c]


siginfo: EXCEPTION_ACCESS_VIOLATION (0xc0000005), reading address 0x00000000000356f8


Register to memory mapping:

RIP=0x00007ffc6d8b2c4c igxelpicd64.dll
RAX=0x0000026e6a264d40 points into unknown readable memory: 0x00000000000aa710 | 10 a7 0a 00 00 00 00 00
RBX=0x0000026e696fe0a0 points into unknown readable memory: 0xffffffffffffffff | ff ff ff ff ff ff ff ff
RCX=0x0 is NULL
RDX=0x0000000000000002 is an unknown value
RSP=0x000000d6a88fe210 points into unknown readable memory: 0x0000026e696fe0a0 | a0 e0 6f 69 6e 02 00 00
RBP=0x0000000000000016 is an unknown value
RSI=0x0000026e69237e20 points into unknown readable memory: 0x0000000000000000 | 00 00 00 00 00 00 00 00
RDI=0x0 is NULL
R8 =0x0000000000000014 is an unknown value
R9 =0x0 is NULL
R10=0x0 is NULL
R11=0x0000000000000246 is an unknown value
R12=0x0000026e6a265178 points into unknown readable memory: 0x0000026e6a25fff0 | f0 ff 25 6a 6e 02 00 00
R13=0x0 is NULL
R14=0x0000026e6a264bb0 points into unknown readable memory: 0x0000026e696359c0 | c0 59 63 69 6e 02 00 00
R15=0x0 is NULL


Registers:
RAX=0x0000026e6a264d40, RBX=0x0000026e696fe0a0, RCX=0x0000000000000000, RDX=0x0000000000000002
RSP=0x000000d6a88fe210, RBP=0x0000000000000016, RSI=0x0000026e69237e20, RDI=0x0000000000000000
R8 =0x0000000000000014, R9 =0x0000000000000000, R10=0x0000000000000000, R11=0x0000000000000246
R12=0x0000026e6a265178, R13=0x0000000000000000, R14=0x0000026e6a264bb0, R15=0x0000000000000000
RIP=0x00007ffc6d8b2c4c, EFLAGS=0x0000000000010202

Top of Stack: (sp=0x000000d6a88fe210)
0x000000d6a88fe210:   0000026e696fe0a0 00007ffcfb71d859
0x000000d6a88fe220:   000000d6a88fe2a8 0000000000000000
0x000000d6a88fe230:   0000000000000054 0000026e696fe0a0
0x000000d6a88fe240:   0000000000000000 00007ffcfc650ba4
0x000000d6a88fe250:   000000007a000004 0000000000000000
0x000000d6a88fe260:   0000000000000000 0000026e6a085eb8
0x000000d6a88fe270:   00000000000aa72b 0000000000000000
0x000000d6a88fe280:   0000000000000014 0000000000000000
0x000000d6a88fe290:   0000000000000000 000000d6a88fe3b0
0x000000d6a88fe2a0:   0000026e69237e20 00007ffc6d6e769c
0x000000d6a88fe2b0:   0000026e00000016 0000026e6a25fff0
0x000000d6a88fe2c0:   0000000000000000 000000007a000000
0x000000d6a88fe2d0:   000000d600000894 0000b80219870000
0x000000d6a88fe2e0:   0000000000000000 0000026e42fc0000
0x000000d6a88fe2f0:   0000000000000000 000000007a000004
0x000000d6a88fe300:   00000000000004b4 0000000000000000 

Instructions: (pc=0x00007ffc6d8b2c4c)
0x00007ffc6d8b2b4c:   41 bf 20 00 00 00 48 8b 04 38 4d 8b 3c 07 0f b6
0x00007ffc6d8b2b5c:   bc 24 b0 00 00 00 4c 3b 3d d7 f8 cb 00 41 0f 44
0x00007ffc6d8b2b6c:   e9 89 ac 24 a0 00 00 00 48 85 c9 0f 84 d4 07 00
0x00007ffc6d8b2b7c:   00 0f 1f 00 4c 8b f1 4c 8d a1 c8 05 00 00 49 8b
0x00007ffc6d8b2b8c:   04 24 48 89 84 24 a8 00 00 00 40 84 ff 74 10 48
0x00007ffc6d8b2b9c:   8b d1 48 8b 09 e8 ea 8d e3 ff e9 4f 07 00 00 8b
0x00007ffc6d8b2bac:   96 d0 01 00 00 48 8b 05 58 dd bb 00 83 b8 64 03
0x00007ffc6d8b2bbc:   00 00 02 0f 85 19 02 00 00 83 fa 10 73 0e 48 8d
0x00007ffc6d8b2bcc:   42 04 48 8d 04 c2 48 8d 04 c1 eb 60 8d 4a f0 8b
0x00007ffc6d8b2bdc:   c1 c1 e8 04 83 f8 03 73 1d 0f ae e8 83 e1 0f 4d
0x00007ffc6d8b2bec:   8b 84 c6 80 05 00 00 4d 85 c0 74 25 48 8d 0c c9
0x00007ffc6d8b2bfc:   49 8d 04 c8 eb 36 49 8b 86 98 05 00 00 48 85 c0
0x00007ffc6d8b2c0c:   74 0f 66 90 39 10 74 2f 48 8b 40 50 48 85 c0 75
0x00007ffc6d8b2c1c:   f3 41 80 be a0 05 00 00 00 74 22 8b c2 83 e0 0f
0x00007ffc6d8b2c2c:   48 8d 04 c0 48 8d 40 20 49 8d 04 c6 48 85 c0 74
0x00007ffc6d8b2c3c:   0c 48 8b 48 08 eb 09 48 83 c0 08 eb ef 49 8b c9
0x00007ffc6d8b2c4c:   49 3b 8f f8 56 03 00 0f 86 85 01 00 00 83 fa 10
0x00007ffc6d8b2c5c:   73 0a 48 8d 42 04 48 8d 04 c2 eb 5c 8d 4a f0 8b
0x00007ffc6d8b2c6c:   c1 c1 e8 04 83 f8 03 73 1d 0f ae e8 83 e1 0f 4d
0x00007ffc6d8b2c7c:   8b 84 c6 80 05 00 00 4d 85 c0 74 25 48 8d 0c c9
0x00007ffc6d8b2c8c:   49 8d 04 c8 eb 36 49 8b 86 98 05 00 00 48 85 c0
0x00007ffc6d8b2c9c:   74 0f 66 90 39 10 74 2f 48 8b 40 50 48 85 c0 75
0x00007ffc6d8b2cac:   f3 41 80 be a0 05 00 00 00 74 22 8b c2 83 e0 0f
0x00007ffc6d8b2cbc:   48 8d 04 c0 48 8d 40 20 49 8d 04 c6 48 85 c0 74
0x00007ffc6d8b2ccc:   0c 48 8b 48 08 eb 09 48 83 c0 08 eb ef 49 8b c9
0x00007ffc6d8b2cdc:   49 3b 8e 40 06 00 00 0f 86 f5 00 00 00 48 8b 86
0x00007ffc6d8b2cec:   80 02 00 00 49 89 04 24 4c 89 b6 80 02 00 00 ff
0x00007ffc6d8b2cfc:   86 88 02 00 00 ba 01 00 00 00 49 8b 4e 08 e8 41
0x00007ffc6d8b2d0c:   28 59 00 0f b7 c8 48 2b c1 48 05 00 00 01 00 48
0x00007ffc6d8b2d1c:   01 86 90 02 00 00 ba 01 00 00 00 49 8b 4e 08 e8
0x00007ffc6d8b2d2c:   20 28 59 00 48 01 86 a0 02 00 00 85 ed 74 75 49
0x00007ffc6d8b2d3c:   8b 9f 58 4f 03 00 0f 57 c0 f3 0f 7f 44 24 30 c7 


Stack slot to memory mapping:
stack at sp + 0 slots: 0x0000026e696fe0a0 points into unknown readable memory: 0xffffffffffffffff | ff ff ff ff ff ff ff ff
stack at sp + 1 slots: 0x00007ffcfb71d859 USER32.dll
stack at sp + 2 slots: 0x000000d6a88fe2a8 points into unknown readable memory: 0x00007ffc6d6e769c | 9c 76 6e 6d fc 7f 00 00
stack at sp + 3 slots: 0x0 is NULL
stack at sp + 4 slots: 0x0000000000000054 is an unknown value
stack at sp + 5 slots: 0x0000026e696fe0a0 points into unknown readable memory: 0xffffffffffffffff | ff ff ff ff ff ff ff ff
stack at sp + 6 slots: 0x0 is NULL
stack at sp + 7 slots: 0x00007ffcfc650ba4 ntdll.dll

VM_Operation (0x000000d6aa7fed40): Exit, mode: safepoint, requested by thread 0x0000026e69758820


---------------  P R O C E S S  ---------------

Threads class SMR info:
_java_thread_list=0x0000026e69a95800, length=16, elements={
0x0000026e67d7e3a0, 0x0000026e67d7eeb0, 0x0000026e67d90740, 0x0000026e67d93160,
0x0000026e67d97a90, 0x0000026e67da13c0, 0x0000026e67da5b10, 0x0000026e67da6460,
0x0000026e67da91b0, 0x0000026e6890f550, 0x0000026e68915940, 0x0000026e693cc2f0,
0x0000026e69757830, 0x0000026e69758d70, 0x0000026e69758820, 0x0000026e69759810
}

Java Threads: ( => current thread )
  0x0000026e67d7e3a0 JavaThread "Reference Handler" daemon [_thread_blocked, id=1284, stack(0x000000d6a8900000,0x000000d6a8a00000)]
  0x0000026e67d7eeb0 JavaThread "Finalizer" daemon [_thread_blocked, id=7044, stack(0x000000d6a8a00000,0x000000d6a8b00000)]
  0x0000026e67d90740 JavaThread "Signal Dispatcher" daemon [_thread_blocked, id=13948, stack(0x000000d6a8b00000,0x000000d6a8c00000)]
  0x0000026e67d93160 JavaThread "Attach Listener" daemon [_thread_blocked, id=7364, stack(0x000000d6a8c00000,0x000000d6a8d00000)]
  0x0000026e67d97a90 JavaThread "Service Thread" daemon [_thread_blocked, id=17996, stack(0x000000d6a8d00000,0x000000d6a8e00000)]
  0x0000026e67da13c0 JavaThread "Monitor Deflation Thread" daemon [_thread_blocked, id=15584, stack(0x000000d6a8e00000,0x000000d6a8f00000)]
  0x0000026e67da5b10 JavaThread "C2 CompilerThread0" daemon [_thread_blocked, id=19888, stack(0x000000d6a8f00000,0x000000d6a9000000)]
  0x0000026e67da6460 JavaThread "C1 CompilerThread0" daemon [_thread_blocked, id=17468, stack(0x000000d6a9000000,0x000000d6a9100000)]
  0x0000026e67da91b0 JavaThread "Sweeper thread" daemon [_thread_blocked, id=2380, stack(0x000000d6a9100000,0x000000d6a9200000)]
  0x0000026e6890f550 JavaThread "Notification Thread" daemon [_thread_blocked, id=20792, stack(0x000000d6a9200000,0x000000d6a9300000)]
  0x0000026e68915940 JavaThread "Common-Cleaner" daemon [_thread_blocked, id=12252, stack(0x000000d6a9400000,0x000000d6a9500000)]
  0x0000026e693cc2f0 JavaThread "Java2D Disposer" daemon [_thread_blocked, id=21144, stack(0x000000d6a9500000,0x000000d6a9600000)]
  0x0000026e69757830 JavaThread "HighResTimerThread" daemon [_thread_blocked, id=17740, stack(0x000000d6aa300000,0x000000d6aa400000)]
  0x0000026e69758d70 JavaThread "DestroyJavaVM" [_thread_blocked, id=3476, stack(0x000000d6a8200000,0x000000d6a8300000)]
  0x0000026e69758820 JavaThread "main-FPSAWTAnimator#00-Timer0-FPSAWTAnimator#00-Timer1" [_thread_blocked, id=18740, stack(0x000000d6aa700000,0x000000d6aa800000)]
  0x0000026e69759810 JavaThread "AWT-Shutdown" [_thread_blocked, id=15932, stack(0x000000d6aa400000,0x000000d6aa500000)]

Other Threads:
=>0x0000026e67d799a0 VMThread "VM Thread" [stack: 0x000000d6a8800000,0x000000d6a8900000] [id=21240]
  0x0000026e432fd1e0 GCTaskThread "GC Thread#0" [stack: 0x000000d6a8300000,0x000000d6a8400000] [id=2484]
  0x0000026e695129f0 GCTaskThread "GC Thread#1" [stack: 0x000000d6a9800000,0x000000d6a9900000] [id=6280]
  0x0000026e69512d00 GCTaskThread "GC Thread#2" [stack: 0x000000d6a9a00000,0x000000d6a9b00000] [id=20812]
  0x0000026e69513010 GCTaskThread "GC Thread#3" [stack: 0x000000d6a9b00000,0x000000d6a9c00000] [id=20668]
  0x0000026e69513b40 GCTaskThread "GC Thread#4" [stack: 0x000000d6a9c00000,0x000000d6a9d00000] [id=9800]
  0x0000026e69516270 GCTaskThread "GC Thread#5" [stack: 0x000000d6a9d00000,0x000000d6a9e00000] [id=19564]
  0x0000026e698c9dd0 GCTaskThread "GC Thread#6" [stack: 0x000000d6aa500000,0x000000d6aa600000] [id=19164]
  0x0000026e698ca0e0 GCTaskThread "GC Thread#7" [stack: 0x000000d6aa800000,0x000000d6aa900000] [id=19568]
  0x0000026e433102a0 ConcurrentGCThread "G1 Main Marker" terminated
  0x0000026e43311c30 ConcurrentGCThread "G1 Conc#0" [stack: 0x000000d6a8500000,0x000000d6a8600000] [id=6836]
  0x0000026e67c320c0 ConcurrentGCThread "G1 Refine#0" terminated
  0x0000026e67c32a50 ConcurrentGCThread "G1 Service" terminated

Threads with active compile tasks:

VM state: at safepoint (shutting down)

VM Mutex/Monitor currently owned by a thread:  ([mutex/lock_event])
[0x0000026e432aad20] Threads_lock - owner thread: 0x0000026e67d799a0
[0x0000026e432aac00] Heap_lock - owner thread: 0x0000026e69758820

Heap address: 0x0000000703a00000, size: 4038 MB, Compressed Oops mode: Zero based, Oop shift amount: 3

CDS archive(s) mapped at: [0x0000000800000000-0x0000000800bb0000-0x0000000800bb0000), size 12255232, SharedBaseAddress: 0x0000000800000000, ArchiveRelocationMode: 0.
Compressed class space mapped at: 0x0000000800c00000-0x0000000840c00000, reserved size: 1073741824
Narrow klass base: 0x0000000800000000, Narrow klass shift: 3, Narrow klass range: 0x100000000

GC Precious Log:
 CPUs: 8 total, 8 available
 Memory: 16149M
 Large Page Support: Disabled
 NUMA Support: Disabled
 Compressed Oops: Enabled (Zero based)
 Heap Region Size: 2M
 Heap Min Capacity: 8M
 Heap Initial Capacity: 254M
 Heap Max Capacity: 4038M
 Pre-touch: Disabled
 Parallel Workers: 8
 Concurrent Workers: 2
 Concurrent Refinement Workers: 8
 Periodic GC: Disabled

Heap:
 garbage-first heap   total 542720K, used 300731K [0x0000000703a00000, 0x0000000800000000)
  region size 2048K, 30 young (61440K), 2 survivors (4096K)
 Metaspace       used 12672K, committed 12864K, reserved 1064960K
  class space    used 883K, committed 960K, reserved 1048576K

Heap Regions: E=young(eden), S=young(survivor), O=old, HS=humongous(starts), HC=humongous(continues), CS=collection set, F=free, OA=open archive, CA=closed archive, TAMS=top-at-mark-start (previous, next)
|   0|0x0000000703a00000, 0x0000000703c00000, 0x0000000703c00000|100%| O|  |TAMS 0x0000000703a00000, 0x0000000703c00000| Untracked 
|   1|0x0000000703c00000, 0x0000000703e00000, 0x0000000703e00000|100%| O|  |TAMS 0x0000000703c00000, 0x0000000703e00000| Untracked 
|   2|0x0000000703e00000, 0x0000000703ffb600, 0x0000000704000000| 99%| O|  |TAMS 0x0000000703e00000, 0x0000000703ffb600| Untracked 
|   3|0x0000000704000000, 0x0000000704200000, 0x0000000704200000|100%|HS|  |TAMS 0x0000000704000000, 0x0000000704200000| Complete 
|   4|0x0000000704200000, 0x0000000704400000, 0x0000000704400000|100%|HC|  |TAMS 0x0000000704200000, 0x0000000704400000| Complete 
|   5|0x0000000704400000, 0x0000000704600000, 0x0000000704600000|100%|HC|  |TAMS 0x0000000704400000, 0x0000000704600000| Complete 
|   6|0x0000000704600000, 0x0000000704800000, 0x0000000704800000|100%|HC|  |TAMS 0x0000000704600000, 0x0000000704800000| Complete 
|   7|0x0000000704800000, 0x0000000704a00000, 0x0000000704a00000|100%|HC|  |TAMS 0x0000000704800000, 0x0000000704a00000| Complete 
|   8|0x0000000704a00000, 0x0000000704c00000, 0x0000000704c00000|100%|HC|  |TAMS 0x0000000704a00000, 0x0000000704c00000| Complete 
|   9|0x0000000704c00000, 0x0000000704e00000, 0x0000000704e00000|100%|HC|  |TAMS 0x0000000704c00000, 0x0000000704e00000| Complete 
|  10|0x0000000704e00000, 0x0000000705000000, 0x0000000705000000|100%|HS|  |TAMS 0x0000000704e00000, 0x0000000705000000| Complete 
|  11|0x0000000705000000, 0x0000000705200000, 0x0000000705200000|100%|HC|  |TAMS 0x0000000705000000, 0x0000000705200000| Complete 
|  12|0x0000000705200000, 0x0000000705400000, 0x0000000705400000|100%|HC|  |TAMS 0x0000000705200000, 0x0000000705400000| Complete 
|  13|0x0000000705400000, 0x0000000705600000, 0x0000000705600000|100%|HC|  |TAMS 0x0000000705400000, 0x0000000705600000| Complete 
|  14|0x0000000705600000, 0x0000000705800000, 0x0000000705800000|100%|HC|  |TAMS 0x0000000705600000, 0x0000000705800000| Complete 
|  15|0x0000000705800000, 0x0000000705a00000, 0x0000000705a00000|100%|HS|  |TAMS 0x0000000705800000, 0x0000000705a00000| Complete 
|  16|0x0000000705a00000, 0x0000000705c00000, 0x0000000705c00000|100%|HC|  |TAMS 0x0000000705a00000, 0x0000000705c00000| Complete 
|  17|0x0000000705c00000, 0x0000000705e00000, 0x0000000705e00000|100%|HC|  |TAMS 0x0000000705c00000, 0x0000000705e00000| Complete 
|  18|0x0000000705e00000, 0x0000000706000000, 0x0000000706000000|100%|HS|  |TAMS 0x0000000705e00000, 0x0000000706000000| Complete 
|  19|0x0000000706000000, 0x0000000706200000, 0x0000000706200000|100%|HC|  |TAMS 0x0000000706000000, 0x0000000706200000| Complete 
|  20|0x0000000706200000, 0x0000000706400000, 0x0000000706400000|100%|HC|  |TAMS 0x0000000706200000, 0x0000000706400000| Complete 
|  21|0x0000000706400000, 0x0000000706600000, 0x0000000706600000|100%|HS|  |TAMS 0x0000000706400000, 0x0000000706600000| Complete 
|  22|0x0000000706600000, 0x0000000706800000, 0x0000000706800000|100%|HC|  |TAMS 0x0000000706600000, 0x0000000706800000| Complete 
|  23|0x0000000706800000, 0x0000000706a00000, 0x0000000706a00000|100%|HC|  |TAMS 0x0000000706800000, 0x0000000706a00000| Complete 
|  24|0x0000000706a00000, 0x0000000706c00000, 0x0000000706c00000|100%|HS|  |TAMS 0x0000000706a00000, 0x0000000706c00000| Complete 
|  25|0x0000000706c00000, 0x0000000706e00000, 0x0000000706e00000|100%|HC|  |TAMS 0x0000000706c00000, 0x0000000706e00000| Complete 
|  26|0x0000000706e00000, 0x0000000707000000, 0x0000000707000000|100%|HC|  |TAMS 0x0000000706e00000, 0x0000000707000000| Complete 
|  27|0x0000000707000000, 0x0000000707200000, 0x0000000707200000|100%|HS|  |TAMS 0x0000000707000000, 0x0000000707200000| Complete 
|  28|0x0000000707200000, 0x0000000707400000, 0x0000000707400000|100%|HC|  |TAMS 0x0000000707200000, 0x0000000707400000| Complete 
|  29|0x0000000707400000, 0x0000000707600000, 0x0000000707600000|100%|HC|  |TAMS 0x0000000707400000, 0x0000000707600000| Complete 
|  30|0x0000000707600000, 0x0000000707800000, 0x0000000707800000|100%|HS|  |TAMS 0x0000000707600000, 0x0000000707800000| Complete 
|  31|0x0000000707800000, 0x0000000707a00000, 0x0000000707a00000|100%|HC|  |TAMS 0x0000000707800000, 0x0000000707a00000| Complete 
|  32|0x0000000707a00000, 0x0000000707c00000, 0x0000000707c00000|100%|HC|  |TAMS 0x0000000707a00000, 0x0000000707c00000| Complete 
|  33|0x0000000707c00000, 0x0000000707e00000, 0x0000000707e00000|100%|HS|  |TAMS 0x0000000707c00000, 0x0000000707e00000| Complete 
|  34|0x0000000707e00000, 0x0000000708000000, 0x0000000708000000|100%|HC|  |TAMS 0x0000000707e00000, 0x0000000708000000| Complete 
|  35|0x0000000708000000, 0x0000000708200000, 0x0000000708200000|100%|HS|  |TAMS 0x0000000708000000, 0x0000000708200000| Complete 
|  36|0x0000000708200000, 0x0000000708400000, 0x0000000708400000|100%|HS|  |TAMS 0x0000000708200000, 0x0000000708400000| Complete 
|  37|0x0000000708400000, 0x0000000708600000, 0x0000000708600000|100%|HC|  |TAMS 0x0000000708400000, 0x0000000708600000| Complete 
|  38|0x0000000708600000, 0x0000000708800000, 0x0000000708800000|100%|HS|  |TAMS 0x0000000708600000, 0x0000000708600000| Complete 
|  39|0x0000000708800000, 0x0000000708a00000, 0x0000000708a00000|100%|HS|  |TAMS 0x0000000708800000, 0x0000000708800000| Complete 
|  40|0x0000000708a00000, 0x0000000708c00000, 0x0000000708c00000|100%|HS|  |TAMS 0x0000000708a00000, 0x0000000708c00000| Complete 
|  41|0x0000000708c00000, 0x0000000708e00000, 0x0000000708e00000|100%|HC|  |TAMS 0x0000000708c00000, 0x0000000708e00000| Complete 
|  42|0x0000000708e00000, 0x0000000709000000, 0x0000000709000000|100%|HC|  |TAMS 0x0000000708e00000, 0x0000000709000000| Complete 
|  43|0x0000000709000000, 0x0000000709200000, 0x0000000709200000|100%|HS|  |TAMS 0x0000000709000000, 0x0000000709000000| Complete 
|  44|0x0000000709200000, 0x0000000709400000, 0x0000000709400000|100%|HS|  |TAMS 0x0000000709200000, 0x0000000709400000| Complete 
|  45|0x0000000709400000, 0x0000000709600000, 0x0000000709600000|100%|HC|  |TAMS 0x0000000709400000, 0x0000000709600000| Complete 
|  46|0x0000000709600000, 0x0000000709800000, 0x0000000709800000|100%|HC|  |TAMS 0x0000000709600000, 0x0000000709800000| Complete 
|  47|0x0000000709800000, 0x0000000709a00000, 0x0000000709a00000|100%|HC|  |TAMS 0x0000000709800000, 0x0000000709a00000| Complete 
|  48|0x0000000709a00000, 0x0000000709c00000, 0x0000000709c00000|100%|HC|  |TAMS 0x0000000709a00000, 0x0000000709c00000| Complete 
|  49|0x0000000709c00000, 0x0000000709e00000, 0x0000000709e00000|100%|HC|  |TAMS 0x0000000709c00000, 0x0000000709e00000| Complete 
|  50|0x0000000709e00000, 0x000000070a000000, 0x000000070a000000|100%|HC|  |TAMS 0x0000000709e00000, 0x000000070a000000| Complete 
|  51|0x000000070a000000, 0x000000070a200000, 0x000000070a200000|100%|HS|  |TAMS 0x000000070a000000, 0x000000070a200000| Complete 
|  52|0x000000070a200000, 0x000000070a400000, 0x000000070a400000|100%|HC|  |TAMS 0x000000070a200000, 0x000000070a400000| Complete 
|  53|0x000000070a400000, 0x000000070a600000, 0x000000070a600000|100%|HC|  |TAMS 0x000000070a400000, 0x000000070a600000| Complete 
|  54|0x000000070a600000, 0x000000070a800000, 0x000000070a800000|100%|HS|  |TAMS 0x000000070a600000, 0x000000070a800000| Complete 
|  55|0x000000070a800000, 0x000000070aa00000, 0x000000070aa00000|100%|HC|  |TAMS 0x000000070a800000, 0x000000070aa00000| Complete 
|  56|0x000000070aa00000, 0x000000070ac00000, 0x000000070ac00000|100%|HC|  |TAMS 0x000000070aa00000, 0x000000070ac00000| Complete 
|  57|0x000000070ac00000, 0x000000070ae00000, 0x000000070ae00000|100%|HS|  |TAMS 0x000000070ac00000, 0x000000070ae00000| Complete 
|  58|0x000000070ae00000, 0x000000070b000000, 0x000000070b000000|100%|HC|  |TAMS 0x000000070ae00000, 0x000000070b000000| Complete 
|  59|0x000000070b000000, 0x000000070b200000, 0x000000070b200000|100%|HS|  |TAMS 0x000000070b000000, 0x000000070b000000| Complete 
|  60|0x000000070b200000, 0x000000070b400000, 0x000000070b400000|100%|HS|  |TAMS 0x000000070b200000, 0x000000070b200000| Complete 
|  61|0x000000070b400000, 0x000000070b600000, 0x000000070b600000|100%|HC|  |TAMS 0x000000070b400000, 0x000000070b400000| Complete 
|  62|0x000000070b600000, 0x000000070b800000, 0x000000070b800000|100%|HC|  |TAMS 0x000000070b600000, 0x000000070b600000| Complete 
|  63|0x000000070b800000, 0x000000070ba00000, 0x000000070ba00000|100%|HC|  |TAMS 0x000000070b800000, 0x000000070b800000| Complete 
|  64|0x000000070ba00000, 0x000000070bc00000, 0x000000070bc00000|100%|HC|  |TAMS 0x000000070ba00000, 0x000000070ba00000| Complete 
|  65|0x000000070bc00000, 0x000000070be00000, 0x000000070be00000|100%|HS|  |TAMS 0x000000070bc00000, 0x000000070bc00000| Complete 
|  66|0x000000070be00000, 0x000000070c000000, 0x000000070c000000|100%|HC|  |TAMS 0x000000070be00000, 0x000000070be00000| Complete 
|  67|0x000000070c000000, 0x000000070c200000, 0x000000070c200000|100%|HS|  |TAMS 0x000000070c000000, 0x000000070c000000| Complete 
|  68|0x000000070c200000, 0x000000070c400000, 0x000000070c400000|100%|HC|  |TAMS 0x000000070c200000, 0x000000070c200000| Complete 
|  69|0x000000070c400000, 0x000000070c600000, 0x000000070c600000|100%|HC|  |TAMS 0x000000070c400000, 0x000000070c400000| Complete 
|  70|0x000000070c600000, 0x000000070c800000, 0x000000070c800000|100%|HC|  |TAMS 0x000000070c600000, 0x000000070c600000| Complete 
|  71|0x000000070c800000, 0x000000070ca00000, 0x000000070ca00000|100%|HS|  |TAMS 0x000000070c800000, 0x000000070c800000| Complete 
|  72|0x000000070ca00000, 0x000000070cc00000, 0x000000070cc00000|100%|HC|  |TAMS 0x000000070ca00000, 0x000000070ca00000| Complete 
|  73|0x000000070cc00000, 0x000000070ce00000, 0x000000070ce00000|100%|HC|  |TAMS 0x000000070cc00000, 0x000000070cc00000| Complete 
|  74|0x000000070ce00000, 0x000000070d000000, 0x000000070d000000|100%|HS|  |TAMS 0x000000070ce00000, 0x000000070ce00000| Complete 
|  75|0x000000070d000000, 0x000000070d200000, 0x000000070d200000|100%|HC|  |TAMS 0x000000070d000000, 0x000000070d000000| Complete 
|  76|0x000000070d200000, 0x000000070d400000, 0x000000070d400000|100%|HS|  |TAMS 0x000000070d200000, 0x000000070d200000| Complete 
|  77|0x000000070d400000, 0x000000070d600000, 0x000000070d600000|100%|HC|  |TAMS 0x000000070d400000, 0x000000070d400000| Complete 
|  78|0x000000070d600000, 0x000000070d800000, 0x000000070d800000|100%|HS|  |TAMS 0x000000070d600000, 0x000000070d600000| Complete 
|  79|0x000000070d800000, 0x000000070da00000, 0x000000070da00000|100%|HC|  |TAMS 0x000000070d800000, 0x000000070d800000| Complete 
|  80|0x000000070da00000, 0x000000070dc00000, 0x000000070dc00000|100%|HS|  |TAMS 0x000000070da00000, 0x000000070da00000| Complete 
|  81|0x000000070dc00000, 0x000000070de00000, 0x000000070de00000|100%|HC|  |TAMS 0x000000070dc00000, 0x000000070dc00000| Complete 
|  82|0x000000070de00000, 0x000000070e000000, 0x000000070e000000|100%|HS|  |TAMS 0x000000070de00000, 0x000000070de00000| Complete 
|  83|0x000000070e000000, 0x000000070e200000, 0x000000070e200000|100%|HC|  |TAMS 0x000000070e000000, 0x000000070e000000| Complete 
|  84|0x000000070e200000, 0x000000070e400000, 0x000000070e400000|100%|HC|  |TAMS 0x000000070e200000, 0x000000070e200000| Complete 
|  85|0x000000070e400000, 0x000000070e600000, 0x000000070e600000|100%|HC|  |TAMS 0x000000070e400000, 0x000000070e400000| Complete 
|  86|0x000000070e600000, 0x000000070e800000, 0x000000070e800000|100%|HC|  |TAMS 0x000000070e600000, 0x000000070e600000| Complete 
|  87|0x000000070e800000, 0x000000070ea00000, 0x000000070ea00000|100%|HC|  |TAMS 0x000000070e800000, 0x000000070e800000| Complete 
|  88|0x000000070ea00000, 0x000000070ec00000, 0x000000070ec00000|100%|HC|  |TAMS 0x000000070ea00000, 0x000000070ea00000| Complete 
|  89|0x000000070ec00000, 0x000000070ee00000, 0x000000070ee00000|100%|HC|  |TAMS 0x000000070ec00000, 0x000000070ec00000| Complete 
|  90|0x000000070ee00000, 0x000000070f000000, 0x000000070f000000|100%|HC|  |TAMS 0x000000070ee00000, 0x000000070ee00000| Complete 
|  91|0x000000070f000000, 0x000000070f200000, 0x000000070f200000|100%|HS|  |TAMS 0x000000070f000000, 0x000000070f000000| Complete 
|  92|0x000000070f200000, 0x000000070f400000, 0x000000070f400000|100%|HC|  |TAMS 0x000000070f200000, 0x000000070f200000| Complete 
|  93|0x000000070f400000, 0x000000070f600000, 0x000000070f600000|100%|HC|  |TAMS 0x000000070f400000, 0x000000070f400000| Complete 
|  94|0x000000070f600000, 0x000000070f800000, 0x000000070f800000|100%|HS|  |TAMS 0x000000070f600000, 0x000000070f600000| Complete 
|  95|0x000000070f800000, 0x000000070fa00000, 0x000000070fa00000|100%|HC|  |TAMS 0x000000070f800000, 0x000000070f800000| Complete 
|  96|0x000000070fa00000, 0x000000070fc00000, 0x000000070fc00000|100%|HC|  |TAMS 0x000000070fa00000, 0x000000070fa00000| Complete 
|  97|0x000000070fc00000, 0x000000070fe00000, 0x000000070fe00000|100%|HC|  |TAMS 0x000000070fc00000, 0x000000070fc00000| Complete 
|  98|0x000000070fe00000, 0x0000000710000000, 0x0000000710000000|100%|HC|  |TAMS 0x000000070fe00000, 0x000000070fe00000| Complete 
|  99|0x0000000710000000, 0x0000000710200000, 0x0000000710200000|100%|HC|  |TAMS 0x0000000710000000, 0x0000000710000000| Complete 
| 100|0x0000000710200000, 0x0000000710400000, 0x0000000710400000|100%|HC|  |TAMS 0x0000000710200000, 0x0000000710200000| Complete 
| 101|0x0000000710400000, 0x0000000710600000, 0x0000000710600000|100%|HS|  |TAMS 0x0000000710400000, 0x0000000710400000| Complete 
| 102|0x0000000710600000, 0x0000000710800000, 0x0000000710800000|100%|HC|  |TAMS 0x0000000710600000, 0x0000000710600000| Complete 
| 103|0x0000000710800000, 0x0000000710a00000, 0x0000000710a00000|100%|HC|  |TAMS 0x0000000710800000, 0x0000000710800000| Complete 
| 104|0x0000000710a00000, 0x0000000710c00000, 0x0000000710c00000|100%|HC|  |TAMS 0x0000000710a00000, 0x0000000710a00000| Complete 
| 105|0x0000000710c00000, 0x0000000710e00000, 0x0000000710e00000|100%|HC|  |TAMS 0x0000000710c00000, 0x0000000710c00000| Complete 
| 106|0x0000000710e00000, 0x0000000711000000, 0x0000000711000000|100%|HS|  |TAMS 0x0000000710e00000, 0x0000000710e00000| Complete 
| 107|0x0000000711000000, 0x0000000711200000, 0x0000000711200000|100%|HC|  |TAMS 0x0000000711000000, 0x0000000711000000| Complete 
| 108|0x0000000711200000, 0x0000000711400000, 0x0000000711400000|100%|HC|  |TAMS 0x0000000711200000, 0x0000000711200000| Complete 
| 109|0x0000000711400000, 0x0000000711600000, 0x0000000711600000|100%|HS|  |TAMS 0x0000000711400000, 0x0000000711400000| Complete 
| 110|0x0000000711600000, 0x0000000711800000, 0x0000000711800000|100%|HC|  |TAMS 0x0000000711600000, 0x0000000711600000| Complete 
| 111|0x0000000711800000, 0x0000000711a00000, 0x0000000711a00000|100%|HC|  |TAMS 0x0000000711800000, 0x0000000711800000| Complete 
| 112|0x0000000711a00000, 0x0000000711c00000, 0x0000000711c00000|100%|HS|  |TAMS 0x0000000711a00000, 0x0000000711a00000| Complete 
| 113|0x0000000711c00000, 0x0000000711e00000, 0x0000000711e00000|100%|HC|  |TAMS 0x0000000711c00000, 0x0000000711c00000| Complete 
| 114|0x0000000711e00000, 0x0000000712000000, 0x0000000712000000|100%|HC|  |TAMS 0x0000000711e00000, 0x0000000711e00000| Complete 
| 115|0x0000000712000000, 0x0000000712200000, 0x0000000712200000|100%|HS|  |TAMS 0x0000000712000000, 0x0000000712000000| Complete 
| 116|0x0000000712200000, 0x0000000712400000, 0x0000000712400000|100%|HC|  |TAMS 0x0000000712200000, 0x0000000712200000| Complete 
| 117|0x0000000712400000, 0x0000000712600000, 0x0000000712600000|100%|HC|  |TAMS 0x0000000712400000, 0x0000000712400000| Complete 
| 118|0x0000000712600000, 0x0000000712600000, 0x0000000712800000|  0%| F|  |TAMS 0x0000000712600000, 0x0000000712600000| Untracked 
| 119|0x0000000712800000, 0x0000000712800000, 0x0000000712a00000|  0%| F|  |TAMS 0x0000000712800000, 0x0000000712800000| Untracked 
| 120|0x0000000712a00000, 0x0000000712a00000, 0x0000000712c00000|  0%| F|  |TAMS 0x0000000712a00000, 0x0000000712a00000| Untracked 
| 121|0x0000000712c00000, 0x0000000712db3618, 0x0000000712e00000| 85%| S|CS|TAMS 0x0000000712c00000, 0x0000000712c00000| Complete 
| 122|0x0000000712e00000, 0x0000000713000000, 0x0000000713000000|100%| S|CS|TAMS 0x0000000712e00000, 0x0000000712e00000| Complete 
| 123|0x0000000713000000, 0x0000000713000000, 0x0000000713200000|  0%| F|  |TAMS 0x0000000713000000, 0x0000000713000000| Untracked 
| 124|0x0000000713200000, 0x0000000713200000, 0x0000000713400000|  0%| F|  |TAMS 0x0000000713200000, 0x0000000713200000| Untracked 
| 125|0x0000000713400000, 0x0000000713400000, 0x0000000713600000|  0%| F|  |TAMS 0x0000000713400000, 0x0000000713400000| Untracked 
| 126|0x0000000713600000, 0x0000000713600000, 0x0000000713800000|  0%| F|  |TAMS 0x0000000713600000, 0x0000000713600000| Untracked 
| 127|0x0000000713800000, 0x0000000713800000, 0x0000000713a00000|  0%| F|  |TAMS 0x0000000713800000, 0x0000000713800000| Untracked 
| 128|0x0000000713a00000, 0x0000000713a00000, 0x0000000713c00000|  0%| F|  |TAMS 0x0000000713a00000, 0x0000000713a00000| Untracked 
| 129|0x0000000713c00000, 0x0000000713c00000, 0x0000000713e00000|  0%| F|  |TAMS 0x0000000713c00000, 0x0000000713c00000| Untracked 
| 130|0x0000000713e00000, 0x0000000713e00000, 0x0000000714000000|  0%| F|  |TAMS 0x0000000713e00000, 0x0000000713e00000| Untracked 
| 131|0x0000000714000000, 0x0000000714000000, 0x0000000714200000|  0%| F|  |TAMS 0x0000000714000000, 0x0000000714000000| Untracked 
| 132|0x0000000714200000, 0x0000000714200000, 0x0000000714400000|  0%| F|  |TAMS 0x0000000714200000, 0x0000000714200000| Untracked 
| 133|0x0000000714400000, 0x0000000714400000, 0x0000000714600000|  0%| F|  |TAMS 0x0000000714400000, 0x0000000714400000| Untracked 
| 134|0x0000000714600000, 0x0000000714600000, 0x0000000714800000|  0%| F|  |TAMS 0x0000000714600000, 0x0000000714600000| Untracked 
| 135|0x0000000714800000, 0x0000000714800000, 0x0000000714a00000|  0%| F|  |TAMS 0x0000000714800000, 0x0000000714800000| Untracked 
| 136|0x0000000714a00000, 0x0000000714a00000, 0x0000000714c00000|  0%| F|  |TAMS 0x0000000714a00000, 0x0000000714a00000| Untracked 
| 137|0x0000000714c00000, 0x0000000714c00000, 0x0000000714e00000|  0%| F|  |TAMS 0x0000000714c00000, 0x0000000714c00000| Untracked 
| 138|0x0000000714e00000, 0x0000000714e00000, 0x0000000715000000|  0%| F|  |TAMS 0x0000000714e00000, 0x0000000714e00000| Untracked 
| 139|0x0000000715000000, 0x0000000715000000, 0x0000000715200000|  0%| F|  |TAMS 0x0000000715000000, 0x0000000715000000| Untracked 
| 140|0x0000000715200000, 0x0000000715200000, 0x0000000715400000|  0%| F|  |TAMS 0x0000000715200000, 0x0000000715200000| Untracked 
| 141|0x0000000715400000, 0x0000000715400000, 0x0000000715600000|  0%| F|  |TAMS 0x0000000715400000, 0x0000000715400000| Untracked 
| 142|0x0000000715600000, 0x0000000715600000, 0x0000000715800000|  0%| F|  |TAMS 0x0000000715600000, 0x0000000715600000| Untracked 
| 143|0x0000000715800000, 0x0000000715800000, 0x0000000715a00000|  0%| F|  |TAMS 0x0000000715800000, 0x0000000715800000| Untracked 
| 144|0x0000000715a00000, 0x0000000715a00000, 0x0000000715c00000|  0%| F|  |TAMS 0x0000000715a00000, 0x0000000715a00000| Untracked 
| 145|0x0000000715c00000, 0x0000000715c00000, 0x0000000715e00000|  0%| F|  |TAMS 0x0000000715c00000, 0x0000000715c00000| Untracked 
| 146|0x0000000715e00000, 0x0000000715e00000, 0x0000000716000000|  0%| F|  |TAMS 0x0000000715e00000, 0x0000000715e00000| Untracked 
| 147|0x0000000716000000, 0x0000000716000000, 0x0000000716200000|  0%| F|  |TAMS 0x0000000716000000, 0x0000000716000000| Untracked 
| 148|0x0000000716200000, 0x0000000716200000, 0x0000000716400000|  0%| F|  |TAMS 0x0000000716200000, 0x0000000716200000| Untracked 
| 149|0x0000000716400000, 0x0000000716400000, 0x0000000716600000|  0%| F|  |TAMS 0x0000000716400000, 0x0000000716400000| Untracked 
| 150|0x0000000716600000, 0x0000000716600000, 0x0000000716800000|  0%| F|  |TAMS 0x0000000716600000, 0x0000000716600000| Untracked 
| 151|0x0000000716800000, 0x0000000716800000, 0x0000000716a00000|  0%| F|  |TAMS 0x0000000716800000, 0x0000000716800000| Untracked 
| 152|0x0000000716a00000, 0x0000000716a00000, 0x0000000716c00000|  0%| F|  |TAMS 0x0000000716a00000, 0x0000000716a00000| Untracked 
| 153|0x0000000716c00000, 0x0000000716c00000, 0x0000000716e00000|  0%| F|  |TAMS 0x0000000716c00000, 0x0000000716c00000| Untracked 
| 154|0x0000000716e00000, 0x0000000716e00000, 0x0000000717000000|  0%| F|  |TAMS 0x0000000716e00000, 0x0000000716e00000| Untracked 
| 155|0x0000000717000000, 0x0000000717000000, 0x0000000717200000|  0%| F|  |TAMS 0x0000000717000000, 0x0000000717000000| Untracked 
| 156|0x0000000717200000, 0x0000000717200000, 0x0000000717400000|  0%| F|  |TAMS 0x0000000717200000, 0x0000000717200000| Untracked 
| 157|0x0000000717400000, 0x0000000717400000, 0x0000000717600000|  0%| F|  |TAMS 0x0000000717400000, 0x0000000717400000| Untracked 
| 158|0x0000000717600000, 0x0000000717600000, 0x0000000717800000|  0%| F|  |TAMS 0x0000000717600000, 0x0000000717600000| Untracked 
| 159|0x0000000717800000, 0x0000000717800000, 0x0000000717a00000|  0%| F|  |TAMS 0x0000000717800000, 0x0000000717800000| Untracked 
| 160|0x0000000717a00000, 0x0000000717a00000, 0x0000000717c00000|  0%| F|  |TAMS 0x0000000717a00000, 0x0000000717a00000| Untracked 
| 161|0x0000000717c00000, 0x0000000717c00000, 0x0000000717e00000|  0%| F|  |TAMS 0x0000000717c00000, 0x0000000717c00000| Untracked 
| 162|0x0000000717e00000, 0x0000000717e00000, 0x0000000718000000|  0%| F|  |TAMS 0x0000000717e00000, 0x0000000717e00000| Untracked 
| 163|0x0000000718000000, 0x0000000718000000, 0x0000000718200000|  0%| F|  |TAMS 0x0000000718000000, 0x0000000718000000| Untracked 
| 164|0x0000000718200000, 0x0000000718200000, 0x0000000718400000|  0%| F|  |TAMS 0x0000000718200000, 0x0000000718200000| Untracked 
| 165|0x0000000718400000, 0x0000000718400000, 0x0000000718600000|  0%| F|  |TAMS 0x0000000718400000, 0x0000000718400000| Untracked 
| 166|0x0000000718600000, 0x0000000718600000, 0x0000000718800000|  0%| F|  |TAMS 0x0000000718600000, 0x0000000718600000| Untracked 
| 167|0x0000000718800000, 0x0000000718800000, 0x0000000718a00000|  0%| F|  |TAMS 0x0000000718800000, 0x0000000718800000| Untracked 
| 168|0x0000000718a00000, 0x0000000718a00000, 0x0000000718c00000|  0%| F|  |TAMS 0x0000000718a00000, 0x0000000718a00000| Untracked 
| 169|0x0000000718c00000, 0x0000000718c00000, 0x0000000718e00000|  0%| F|  |TAMS 0x0000000718c00000, 0x0000000718c00000| Untracked 
| 170|0x0000000718e00000, 0x0000000718e00000, 0x0000000719000000|  0%| F|  |TAMS 0x0000000718e00000, 0x0000000718e00000| Untracked 
| 171|0x0000000719000000, 0x0000000719000000, 0x0000000719200000|  0%| F|  |TAMS 0x0000000719000000, 0x0000000719000000| Untracked 
| 172|0x0000000719200000, 0x0000000719200000, 0x0000000719400000|  0%| F|  |TAMS 0x0000000719200000, 0x0000000719200000| Untracked 
| 173|0x0000000719400000, 0x0000000719400000, 0x0000000719600000|  0%| F|  |TAMS 0x0000000719400000, 0x0000000719400000| Untracked 
| 174|0x0000000719600000, 0x0000000719600000, 0x0000000719800000|  0%| F|  |TAMS 0x0000000719600000, 0x0000000719600000| Untracked 
| 175|0x0000000719800000, 0x0000000719800000, 0x0000000719a00000|  0%| F|  |TAMS 0x0000000719800000, 0x0000000719800000| Untracked 
| 176|0x0000000719a00000, 0x0000000719a00000, 0x0000000719c00000|  0%| F|  |TAMS 0x0000000719a00000, 0x0000000719a00000| Untracked 
| 177|0x0000000719c00000, 0x0000000719c00000, 0x0000000719e00000|  0%| F|  |TAMS 0x0000000719c00000, 0x0000000719c00000| Untracked 
| 178|0x0000000719e00000, 0x0000000719e00000, 0x000000071a000000|  0%| F|  |TAMS 0x0000000719e00000, 0x0000000719e00000| Untracked 
| 179|0x000000071a000000, 0x000000071a000000, 0x000000071a200000|  0%| F|  |TAMS 0x000000071a000000, 0x000000071a000000| Untracked 
| 180|0x000000071a200000, 0x000000071a200000, 0x000000071a400000|  0%| F|  |TAMS 0x000000071a200000, 0x000000071a200000| Untracked 
| 181|0x000000071a400000, 0x000000071a400000, 0x000000071a600000|  0%| F|  |TAMS 0x000000071a400000, 0x000000071a400000| Untracked 
| 182|0x000000071a600000, 0x000000071a600000, 0x000000071a800000|  0%| F|  |TAMS 0x000000071a600000, 0x000000071a600000| Untracked 
| 183|0x000000071a800000, 0x000000071a800000, 0x000000071aa00000|  0%| F|  |TAMS 0x000000071a800000, 0x000000071a800000| Untracked 
| 184|0x000000071aa00000, 0x000000071aa00000, 0x000000071ac00000|  0%| F|  |TAMS 0x000000071aa00000, 0x000000071aa00000| Untracked 
| 185|0x000000071ac00000, 0x000000071ac00000, 0x000000071ae00000|  0%| F|  |TAMS 0x000000071ac00000, 0x000000071ac00000| Untracked 
| 186|0x000000071ae00000, 0x000000071ae00000, 0x000000071b000000|  0%| F|  |TAMS 0x000000071ae00000, 0x000000071ae00000| Untracked 
| 187|0x000000071b000000, 0x000000071b000000, 0x000000071b200000|  0%| F|  |TAMS 0x000000071b000000, 0x000000071b000000| Untracked 
| 188|0x000000071b200000, 0x000000071b200000, 0x000000071b400000|  0%| F|  |TAMS 0x000000071b200000, 0x000000071b200000| Untracked 
| 189|0x000000071b400000, 0x000000071b400000, 0x000000071b600000|  0%| F|  |TAMS 0x000000071b400000, 0x000000071b400000| Untracked 
| 190|0x000000071b600000, 0x000000071b600000, 0x000000071b800000|  0%| F|  |TAMS 0x000000071b600000, 0x000000071b600000| Untracked 
| 191|0x000000071b800000, 0x000000071b800000, 0x000000071ba00000|  0%| F|  |TAMS 0x000000071b800000, 0x000000071b800000| Untracked 
| 192|0x000000071ba00000, 0x000000071ba00000, 0x000000071bc00000|  0%| F|  |TAMS 0x000000071ba00000, 0x000000071ba00000| Untracked 
| 193|0x000000071bc00000, 0x000000071bc00000, 0x000000071be00000|  0%| F|  |TAMS 0x000000071bc00000, 0x000000071bc00000| Untracked 
| 194|0x000000071be00000, 0x000000071be00000, 0x000000071c000000|  0%| F|  |TAMS 0x000000071be00000, 0x000000071be00000| Untracked 
| 195|0x000000071c000000, 0x000000071c000000, 0x000000071c200000|  0%| F|  |TAMS 0x000000071c000000, 0x000000071c000000| Untracked 
| 196|0x000000071c200000, 0x000000071c200000, 0x000000071c400000|  0%| F|  |TAMS 0x000000071c200000, 0x000000071c200000| Untracked 
| 197|0x000000071c400000, 0x000000071c400000, 0x000000071c600000|  0%| F|  |TAMS 0x000000071c400000, 0x000000071c400000| Untracked 
| 198|0x000000071c600000, 0x000000071c600000, 0x000000071c800000|  0%| F|  |TAMS 0x000000071c600000, 0x000000071c600000| Untracked 
| 199|0x000000071c800000, 0x000000071c800000, 0x000000071ca00000|  0%| F|  |TAMS 0x000000071c800000, 0x000000071c800000| Untracked 
| 200|0x000000071ca00000, 0x000000071ca00000, 0x000000071cc00000|  0%| F|  |TAMS 0x000000071ca00000, 0x000000071ca00000| Untracked 
| 201|0x000000071cc00000, 0x000000071cc00000, 0x000000071ce00000|  0%| F|  |TAMS 0x000000071cc00000, 0x000000071cc00000| Untracked 
| 202|0x000000071ce00000, 0x000000071ce00000, 0x000000071d000000|  0%| F|  |TAMS 0x000000071ce00000, 0x000000071ce00000| Untracked 
| 203|0x000000071d000000, 0x000000071d000000, 0x000000071d200000|  0%| F|  |TAMS 0x000000071d000000, 0x000000071d000000| Untracked 
| 204|0x000000071d200000, 0x000000071d200000, 0x000000071d400000|  0%| F|  |TAMS 0x000000071d200000, 0x000000071d200000| Untracked 
| 205|0x000000071d400000, 0x000000071d400000, 0x000000071d600000|  0%| F|  |TAMS 0x000000071d400000, 0x000000071d400000| Untracked 
| 206|0x000000071d600000, 0x000000071d600000, 0x000000071d800000|  0%| F|  |TAMS 0x000000071d600000, 0x000000071d600000| Untracked 
| 207|0x000000071d800000, 0x000000071d800000, 0x000000071da00000|  0%| F|  |TAMS 0x000000071d800000, 0x000000071d800000| Untracked 
| 208|0x000000071da00000, 0x000000071da00000, 0x000000071dc00000|  0%| F|  |TAMS 0x000000071da00000, 0x000000071da00000| Untracked 
| 209|0x000000071dc00000, 0x000000071dc00000, 0x000000071de00000|  0%| F|  |TAMS 0x000000071dc00000, 0x000000071dc00000| Untracked 
| 210|0x000000071de00000, 0x000000071de00000, 0x000000071e000000|  0%| F|  |TAMS 0x000000071de00000, 0x000000071de00000| Untracked 
| 211|0x000000071e000000, 0x000000071e000000, 0x000000071e200000|  0%| F|  |TAMS 0x000000071e000000, 0x000000071e000000| Untracked 
| 212|0x000000071e200000, 0x000000071e200000, 0x000000071e400000|  0%| F|  |TAMS 0x000000071e200000, 0x000000071e200000| Untracked 
| 213|0x000000071e400000, 0x000000071e400000, 0x000000071e600000|  0%| F|  |TAMS 0x000000071e400000, 0x000000071e400000| Untracked 
| 214|0x000000071e600000, 0x000000071e600000, 0x000000071e800000|  0%| F|  |TAMS 0x000000071e600000, 0x000000071e600000| Untracked 
| 215|0x000000071e800000, 0x000000071e800000, 0x000000071ea00000|  0%| F|  |TAMS 0x000000071e800000, 0x000000071e800000| Untracked 
| 216|0x000000071ea00000, 0x000000071ea00000, 0x000000071ec00000|  0%| F|  |TAMS 0x000000071ea00000, 0x000000071ea00000| Untracked 
| 217|0x000000071ec00000, 0x000000071ec00000, 0x000000071ee00000|  0%| F|  |TAMS 0x000000071ec00000, 0x000000071ec00000| Untracked 
| 218|0x000000071ee00000, 0x000000071ee00000, 0x000000071f000000|  0%| F|  |TAMS 0x000000071ee00000, 0x000000071ee00000| Untracked 
| 219|0x000000071f000000, 0x000000071f000000, 0x000000071f200000|  0%| F|  |TAMS 0x000000071f000000, 0x000000071f000000| Untracked 
| 220|0x000000071f200000, 0x000000071f200000, 0x000000071f400000|  0%| F|  |TAMS 0x000000071f200000, 0x000000071f200000| Untracked 
| 221|0x000000071f400000, 0x000000071f400000, 0x000000071f600000|  0%| F|  |TAMS 0x000000071f400000, 0x000000071f400000| Untracked 
| 222|0x000000071f600000, 0x000000071f600000, 0x000000071f800000|  0%| F|  |TAMS 0x000000071f600000, 0x000000071f600000| Untracked 
| 223|0x000000071f800000, 0x000000071f800000, 0x000000071fa00000|  0%| F|  |TAMS 0x000000071f800000, 0x000000071f800000| Untracked 
| 224|0x000000071fa00000, 0x000000071fa00000, 0x000000071fc00000|  0%| F|  |TAMS 0x000000071fa00000, 0x000000071fa00000| Untracked 
| 225|0x000000071fc00000, 0x000000071fc00000, 0x000000071fe00000|  0%| F|  |TAMS 0x000000071fc00000, 0x000000071fc00000| Untracked 
| 226|0x000000071fe00000, 0x000000071fe00000, 0x0000000720000000|  0%| F|  |TAMS 0x000000071fe00000, 0x000000071fe00000| Untracked 
| 227|0x0000000720000000, 0x0000000720000000, 0x0000000720200000|  0%| F|  |TAMS 0x0000000720000000, 0x0000000720000000| Untracked 
| 228|0x0000000720200000, 0x0000000720200000, 0x0000000720400000|  0%| F|  |TAMS 0x0000000720200000, 0x0000000720200000| Untracked 
| 229|0x0000000720400000, 0x0000000720400000, 0x0000000720600000|  0%| F|  |TAMS 0x0000000720400000, 0x0000000720400000| Untracked 
| 230|0x0000000720600000, 0x0000000720600000, 0x0000000720800000|  0%| F|  |TAMS 0x0000000720600000, 0x0000000720600000| Untracked 
| 231|0x0000000720800000, 0x0000000720800000, 0x0000000720a00000|  0%| F|  |TAMS 0x0000000720800000, 0x0000000720800000| Untracked 
| 232|0x0000000720a00000, 0x0000000720a00000, 0x0000000720c00000|  0%| F|  |TAMS 0x0000000720a00000, 0x0000000720a00000| Untracked 
| 233|0x0000000720c00000, 0x0000000720c00000, 0x0000000720e00000|  0%| F|  |TAMS 0x0000000720c00000, 0x0000000720c00000| Untracked 
| 234|0x0000000720e00000, 0x0000000720e00000, 0x0000000721000000|  0%| F|  |TAMS 0x0000000720e00000, 0x0000000720e00000| Untracked 
| 235|0x0000000721000000, 0x0000000721000000, 0x0000000721200000|  0%| F|  |TAMS 0x0000000721000000, 0x0000000721000000| Untracked 
| 236|0x0000000721200000, 0x0000000721200000, 0x0000000721400000|  0%| F|  |TAMS 0x0000000721200000, 0x0000000721200000| Untracked 
| 237|0x0000000721400000, 0x0000000721600000, 0x0000000721600000|100%| E|  |TAMS 0x0000000721400000, 0x0000000721400000| Complete 
| 238|0x0000000721600000, 0x0000000721800000, 0x0000000721800000|100%| E|CS|TAMS 0x0000000721600000, 0x0000000721600000| Complete 
| 239|0x0000000721800000, 0x0000000721a00000, 0x0000000721a00000|100%| E|CS|TAMS 0x0000000721800000, 0x0000000721800000| Complete 
| 240|0x0000000721a00000, 0x0000000721c00000, 0x0000000721c00000|100%| E|CS|TAMS 0x0000000721a00000, 0x0000000721a00000| Complete 
| 241|0x0000000721c00000, 0x0000000721e00000, 0x0000000721e00000|100%| E|CS|TAMS 0x0000000721c00000, 0x0000000721c00000| Complete 
| 242|0x0000000721e00000, 0x0000000722000000, 0x0000000722000000|100%| E|CS|TAMS 0x0000000721e00000, 0x0000000721e00000| Complete 
| 243|0x0000000722000000, 0x0000000722200000, 0x0000000722200000|100%| E|CS|TAMS 0x0000000722000000, 0x0000000722000000| Complete 
| 244|0x0000000722200000, 0x0000000722400000, 0x0000000722400000|100%| E|CS|TAMS 0x0000000722200000, 0x0000000722200000| Complete 
| 245|0x0000000722400000, 0x0000000722600000, 0x0000000722600000|100%| E|CS|TAMS 0x0000000722400000, 0x0000000722400000| Complete 
| 246|0x0000000722600000, 0x0000000722800000, 0x0000000722800000|100%| E|CS|TAMS 0x0000000722600000, 0x0000000722600000| Complete 
| 247|0x0000000722800000, 0x0000000722a00000, 0x0000000722a00000|100%| E|CS|TAMS 0x0000000722800000, 0x0000000722800000| Complete 
| 248|0x0000000722a00000, 0x0000000722c00000, 0x0000000722c00000|100%| E|CS|TAMS 0x0000000722a00000, 0x0000000722a00000| Complete 
| 249|0x0000000722c00000, 0x0000000722e00000, 0x0000000722e00000|100%| E|CS|TAMS 0x0000000722c00000, 0x0000000722c00000| Complete 
| 250|0x0000000722e00000, 0x0000000723000000, 0x0000000723000000|100%| E|CS|TAMS 0x0000000722e00000, 0x0000000722e00000| Complete 
| 251|0x0000000723000000, 0x0000000723200000, 0x0000000723200000|100%| E|CS|TAMS 0x0000000723000000, 0x0000000723000000| Complete 
| 252|0x0000000723200000, 0x0000000723400000, 0x0000000723400000|100%| E|CS|TAMS 0x0000000723200000, 0x0000000723200000| Complete 
| 253|0x0000000723400000, 0x0000000723600000, 0x0000000723600000|100%| E|CS|TAMS 0x0000000723400000, 0x0000000723400000| Complete 
| 254|0x0000000723600000, 0x0000000723800000, 0x0000000723800000|100%| E|CS|TAMS 0x0000000723600000, 0x0000000723600000| Complete 
| 255|0x0000000723800000, 0x0000000723a00000, 0x0000000723a00000|100%| E|CS|TAMS 0x0000000723800000, 0x0000000723800000| Complete 
| 256|0x0000000723a00000, 0x0000000723c00000, 0x0000000723c00000|100%| E|CS|TAMS 0x0000000723a00000, 0x0000000723a00000| Complete 
| 257|0x0000000723c00000, 0x0000000723e00000, 0x0000000723e00000|100%| E|CS|TAMS 0x0000000723c00000, 0x0000000723c00000| Complete 
| 258|0x0000000723e00000, 0x0000000724000000, 0x0000000724000000|100%| E|CS|TAMS 0x0000000723e00000, 0x0000000723e00000| Complete 
| 259|0x0000000724000000, 0x0000000724200000, 0x0000000724200000|100%| E|CS|TAMS 0x0000000724000000, 0x0000000724000000| Complete 
| 260|0x0000000724200000, 0x0000000724400000, 0x0000000724400000|100%| E|CS|TAMS 0x0000000724200000, 0x0000000724200000| Complete 
| 261|0x0000000724400000, 0x0000000724600000, 0x0000000724600000|100%| E|CS|TAMS 0x0000000724400000, 0x0000000724400000| Complete 
| 262|0x0000000724600000, 0x0000000724800000, 0x0000000724800000|100%| E|CS|TAMS 0x0000000724600000, 0x0000000724600000| Complete 
| 263|0x0000000724800000, 0x0000000724a00000, 0x0000000724a00000|100%| E|CS|TAMS 0x0000000724800000, 0x0000000724800000| Complete 
| 264|0x0000000724a00000, 0x0000000724c00000, 0x0000000724c00000|100%| E|CS|TAMS 0x0000000724a00000, 0x0000000724a00000| Complete 

Card table byte_map: [0x0000026e5c490000,0x0000026e5cc80000] _byte_map_base: 0x0000026e58c73000

Marking Bits (Prev, Next): (CMBitMap*) 0x0000026e432ffc00, (CMBitMap*) 0x0000026e432ffc40
 Prev Bits: [0x0000026e5d470000, 0x0000026e61388000)
 Next Bits: [0x0000026e61390000, 0x0000026e652a8000)

Polling page: 0x0000026e43390000

Metaspace:

Usage:
  Non-class:     11.51 MB used.
      Class:    883.34 KB used.
       Both:     12.38 MB used.

Virtual space:
  Non-class space:       16.00 MB reserved,      11.62 MB ( 73%) committed,  2 nodes.
      Class space:        1.00 GB reserved,     960.00 KB ( <1%) committed,  1 nodes.
              Both:        1.02 GB reserved,      12.56 MB (  1%) committed. 

Chunk freelists:
   Non-Class:  3.89 MB
       Class:  2.94 MB
        Both:  6.83 MB

MaxMetaspaceSize: 17179869184.00 GB
CompressedClassSpaceSize: 1.00 GB
 - commit_granule_bytes: 65536.
 - commit_granule_words: 8192.
 - virtual_space_node_default_size: 1048576.
 - enlarge_chunks_in_place: 1.
 - new_chunks_are_fully_committed: 0.
 - uncommit_free_chunks: 1.
 - use_allocation_guard: 0.
 - handle_deallocations: 1.


Internal statistics:

num_allocs_failed_limit: 0.
num_arena_births: 86.
num_arena_deaths: 0.
num_vsnodes_births: 3.
num_vsnodes_deaths: 0.
num_space_committed: 197.
num_space_uncommitted: 0.
num_chunks_returned_to_freelist: 0.
num_chunks_taken_from_freelist: 346.
num_chunk_merges: 0.
num_chunk_splits: 280.
num_chunks_enlarged: 230.
num_purges: 0.

CodeHeap 'non-profiled nmethods': size=120000Kb used=1027Kb max_used=1027Kb free=118972Kb
 bounds [0x0000026e53d00000, 0x0000026e53f70000, 0x0000026e5b230000]
CodeHeap 'profiled nmethods': size=120000Kb used=3555Kb max_used=3555Kb free=116444Kb
 bounds [0x0000026e4c7d0000, 0x0000026e4cb50000, 0x0000026e53d00000]
CodeHeap 'non-nmethods': size=5760Kb used=1540Kb max_used=1575Kb free=4219Kb
 bounds [0x0000026e4c230000, 0x0000026e4c4a0000, 0x0000026e4c7d0000]
 total_blobs=2773 nmethods=1844 adapters=842
 compilation: enabled
              stopped_count=0, restarted_count=0
 full_count=0

Compilation events (20 events):
Event: 44.903 Thread 0x0000026e67da6460 1837       1       com.jogamp.newt.event.NEWTEvent::getEventType (5 bytes)
Event: 44.903 Thread 0x0000026e67da6460 nmethod 1837 0x0000026e53dfe690 code [0x0000026e53dfe820, 0x0000026e53dfe8f8]
Event: 46.631 Thread 0x0000026e67da5b10 1838       4       processing.opengl.PJOGL::useProgram (11 bytes)
Event: 46.633 Thread 0x0000026e67da5b10 nmethod 1838 0x0000026e53dfe990 code [0x0000026e53dfeb20, 0x0000026e53dfec48]
Event: 46.655 Thread 0x0000026e67da6460 1839       1       com.jogamp.newt.event.NEWTEvent::getWhen (5 bytes)
Event: 46.656 Thread 0x0000026e67da6460 nmethod 1839 0x0000026e53dfed90 code [0x0000026e53dfef20, 0x0000026e53dfeff8]
Event: 46.697 Thread 0x0000026e67da6460 1840       1       processing.event.Event::getAction (5 bytes)
Event: 46.697 Thread 0x0000026e67da6460 nmethod 1840 0x0000026e53dff090 code [0x0000026e53dff220, 0x0000026e53dff2f8]
Event: 46.995 Thread 0x0000026e67da6460 1842       3       jdk.internal.misc.Unsafe::weakCompareAndSetInt (11 bytes)
Event: 46.995 Thread 0x0000026e67da6460 nmethod 1842 0x0000026e4cb48690 code [0x0000026e4cb48820, 0x0000026e4cb48958]
Event: 46.995 Thread 0x0000026e67da6460 1843       3       java.util.concurrent.locks.AbstractQueuedSynchronizer::compareAndSetState (13 bytes)
Event: 46.996 Thread 0x0000026e67da6460 nmethod 1843 0x0000026e4cb48a10 code [0x0000026e4cb48ba0, 0x0000026e4cb48cd8]
Event: 47.033 Thread 0x0000026e67da6460 1844       1       jogamp.newt.WindowImpl::getSurfaceWidth (5 bytes)
Event: 47.034 Thread 0x0000026e67da6460 nmethod 1844 0x0000026e53dff790 code [0x0000026e53dff920, 0x0000026e53dff9f8]
Event: 47.034 Thread 0x0000026e67da6460 1845       1       jogamp.newt.WindowImpl::getSurfaceHeight (5 bytes)
Event: 47.034 Thread 0x0000026e67da6460 nmethod 1845 0x0000026e53dffa90 code [0x0000026e53dffc20, 0x0000026e53dffcf8]
Event: 47.333 Thread 0x0000026e67da5b10 1846       4       java.lang.Throwable::<init> (34 bytes)
Event: 47.339 Thread 0x0000026e67da5b10 nmethod 1846 0x0000026e53dffd90 code [0x0000026e53dfff60, 0x0000026e53e00978]
Event: 48.706 Thread 0x0000026e67da5b10 1847       4       java.lang.CharacterData::of (124 bytes)
Event: 48.706 Thread 0x0000026e67da5b10 nmethod 1847 0x0000026e53e00b10 code [0x0000026e53e00ca0, 0x0000026e53e00d18]

GC Heap History (14 events):
Event: 1.282 GC heap before
{Heap before GC invocations=0 (full 0):
 garbage-first heap   total 260096K, used 22528K [0x0000000703a00000, 0x0000000800000000)
  region size 2048K, 11 young (22528K), 0 survivors (0K)
 Metaspace       used 7107K, committed 7232K, reserved 1056768K
  class space    used 617K, committed 704K, reserved 1048576K
}
Event: 1.286 GC heap after
{Heap after GC invocations=1 (full 0):
 garbage-first heap   total 260096K, used 5967K [0x0000000703a00000, 0x0000000800000000)
  region size 2048K, 2 young (4096K), 2 survivors (4096K)
 Metaspace       used 7107K, committed 7232K, reserved 1056768K
  class space    used 617K, committed 704K, reserved 1048576K
}
Event: 2.050 GC heap before
{Heap before GC invocations=1 (full 0):
 garbage-first heap   total 260096K, used 32591K [0x0000000703a00000, 0x0000000800000000)
  region size 2048K, 16 young (32768K), 2 survivors (4096K)
 Metaspace       used 11893K, committed 12032K, reserved 1064960K
  class space    used 868K, committed 960K, reserved 1048576K
}
Event: 2.054 GC heap after
{Heap after GC invocations=2 (full 0):
 garbage-first heap   total 260096K, used 8998K [0x0000000703a00000, 0x0000000800000000)
  region size 2048K, 2 young (4096K), 2 survivors (4096K)
 Metaspace       used 11893K, committed 12032K, reserved 1064960K
  class space    used 868K, committed 960K, reserved 1048576K
}
Event: 2.121 GC heap before
{Heap before GC invocations=2 (full 0):
 garbage-first heap   total 260096K, used 123686K [0x0000000703a00000, 0x0000000800000000)
  region size 2048K, 9 young (18432K), 2 survivors (4096K)
 Metaspace       used 11903K, committed 12032K, reserved 1064960K
  class space    used 868K, committed 960K, reserved 1048576K
}
Event: 2.124 GC heap after
{Heap after GC invocations=3 (full 0):
 garbage-first heap   total 260096K, used 67323K [0x0000000703a00000, 0x0000000800000000)
  region size 2048K, 1 young (2048K), 1 survivors (2048K)
 Metaspace       used 11903K, committed 12032K, reserved 1064960K
  class space    used 868K, committed 960K, reserved 1048576K
}
Event: 2.134 GC heap before
{Heap before GC invocations=3 (full 0):
 garbage-first heap   total 260096K, used 116475K [0x0000000703a00000, 0x0000000800000000)
  region size 2048K, 1 young (2048K), 1 survivors (2048K)
 Metaspace       used 11903K, committed 12032K, reserved 1064960K
  class space    used 868K, committed 960K, reserved 1048576K
}
Event: 2.135 GC heap after
{Heap after GC invocations=4 (full 0):
 garbage-first heap   total 260096K, used 85752K [0x0000000703a00000, 0x0000000800000000)
  region size 2048K, 1 young (2048K), 1 survivors (2048K)
 Metaspace       used 11903K, committed 12032K, reserved 1064960K
  class space    used 868K, committed 960K, reserved 1048576K
}
Event: 2.208 GC heap before
{Heap before GC invocations=4 (full 0):
 garbage-first heap   total 260096K, used 128760K [0x0000000703a00000, 0x0000000800000000)
  region size 2048K, 8 young (16384K), 1 survivors (2048K)
 Metaspace       used 11926K, committed 12096K, reserved 1064960K
  class space    used 870K, committed 960K, reserved 1048576K
}
Event: 2.210 GC heap after
{Heap after GC invocations=5 (full 0):
 garbage-first heap   total 260096K, used 110855K [0x0000000703a00000, 0x0000000800000000)
  region size 2048K, 3 young (6144K), 3 survivors (6144K)
 Metaspace       used 11926K, committed 12096K, reserved 1064960K
  class space    used 870K, committed 960K, reserved 1048576K
}
Event: 2.213 GC heap before
{Heap before GC invocations=5 (full 0):
 garbage-first heap   total 260096K, used 119047K [0x0000000703a00000, 0x0000000800000000)
  region size 2048K, 4 young (8192K), 3 survivors (6144K)
 Metaspace       used 11928K, committed 12096K, reserved 1064960K
  class space    used 870K, committed 960K, reserved 1048576K
}
Event: 2.215 GC heap after
{Heap after GC invocations=6 (full 0):
 garbage-first heap   total 260096K, used 114880K [0x0000000703a00000, 0x0000000800000000)
  region size 2048K, 3 young (6144K), 3 survivors (6144K)
 Metaspace       used 11928K, committed 12096K, reserved 1064960K
  class space    used 870K, committed 960K, reserved 1048576K
}
Event: 2.219 GC heap before
{Heap before GC invocations=6 (full 0):
 garbage-first heap   total 260096K, used 123072K [0x0000000703a00000, 0x0000000800000000)
  region size 2048K, 4 young (8192K), 3 survivors (6144K)
 Metaspace       used 11929K, committed 12096K, reserved 1064960K
  class space    used 870K, committed 960K, reserved 1048576K
}
Event: 2.222 GC heap after
{Heap after GC invocations=7 (full 0):
 garbage-first heap   total 542720K, used 118459K [0x0000000703a00000, 0x0000000800000000)
  region size 2048K, 2 young (4096K), 2 survivors (4096K)
 Metaspace       used 11929K, committed 12096K, reserved 1064960K
  class space    used 870K, committed 960K, reserved 1048576K
}

Deoptimization events (20 events):
Event: 2.598 Thread 0x0000026e69758820 DEOPT PACKING pc=0x0000026e4c9dd4c2 sp=0x000000d6aa7fee10
Event: 2.598 Thread 0x0000026e69758820 DEOPT UNPACKING pc=0x0000026e4c27e77e sp=0x000000d6aa7fe398 mode 0
Event: 2.612 Thread 0x0000026e69758820 Uncommon trap: trap_request=0xffffff45 fr.pc=0x0000026e53da63fc relative=0x0000000000003a9c
Event: 2.612 Thread 0x0000026e69758820 Uncommon trap: reason=unstable_if action=reinterpret pc=0x0000026e53da63fc method=energywaves.Mesh.draw(Lprocessing/core/PApplet;)V @ 813 c2
Event: 2.612 Thread 0x0000026e69758820 DEOPT PACKING pc=0x0000026e53da63fc sp=0x000000d6aa7feed0
Event: 2.612 Thread 0x0000026e69758820 DEOPT UNPACKING pc=0x0000026e4c27f92e sp=0x000000d6aa7feea8 mode 2
Event: 2.618 Thread 0x0000026e69758820 DEOPT PACKING pc=0x0000026e4c9c07b4 sp=0x000000d6aa7fed50
Event: 2.618 Thread 0x0000026e69758820 DEOPT UNPACKING pc=0x0000026e4c27e77e sp=0x000000d6aa7fe240 mode 0
Event: 2.624 Thread 0x0000026e69758820 DEOPT PACKING pc=0x0000026e4c9c07b4 sp=0x000000d6aa7fed50
Event: 2.624 Thread 0x0000026e69758820 DEOPT UNPACKING pc=0x0000026e4c27e77e sp=0x000000d6aa7fe240 mode 0
Event: 2.631 Thread 0x0000026e69758820 DEOPT PACKING pc=0x0000026e4c9c07b4 sp=0x000000d6aa7fed50
Event: 2.631 Thread 0x0000026e69758820 DEOPT UNPACKING pc=0x0000026e4c27e77e sp=0x000000d6aa7fe240 mode 0
Event: 2.640 Thread 0x0000026e69758820 DEOPT PACKING pc=0x0000026e4c9c07b4 sp=0x000000d6aa7fed50
Event: 2.640 Thread 0x0000026e69758820 DEOPT UNPACKING pc=0x0000026e4c27e77e sp=0x000000d6aa7fe240 mode 0
Event: 2.674 Thread 0x0000026e69758820 DEOPT PACKING pc=0x0000026e4c9e190b sp=0x000000d6aa7fed00
Event: 2.674 Thread 0x0000026e69758820 DEOPT UNPACKING pc=0x0000026e4c27e77e sp=0x000000d6aa7fe180 mode 0
Event: 48.682 Thread 0x0000026e6964e7e0 Uncommon trap: trap_request=0xffffff45 fr.pc=0x0000026e53dfb680 relative=0x0000000000000060
Event: 48.682 Thread 0x0000026e6964e7e0 Uncommon trap: reason=unstable_if action=reinterpret pc=0x0000026e53dfb680 method=java.util.HashMap.values()Ljava/util/Collection; @ 6 c2
Event: 48.682 Thread 0x0000026e6964e7e0 DEOPT PACKING pc=0x0000026e53dfb680 sp=0x000000d6a9ffef20
Event: 48.682 Thread 0x0000026e6964e7e0 DEOPT UNPACKING pc=0x0000026e4c27f92e sp=0x000000d6a9ffeeb8 mode 2

Classes unloaded (0 events):
No events

Classes redefined (0 events):
No events

Internal exceptions (20 events):
Event: 2.640 Thread 0x0000026e69758820 Exception <a 'java/lang/ArrayIndexOutOfBoundsException'{0x00000007245e0998}> (0x00000007245e0998) 
thrown [t:\workspace\open\src\hotspot\share\runtime\sharedRuntime.cpp, line 624]
Event: 2.640 Thread 0x0000026e69758820 Exception <a 'java/lang/ArrayIndexOutOfBoundsException'{0x00000007245e0ce0}> (0x00000007245e0ce0) 
thrown [t:\workspace\open\src\hotspot\share\runtime\sharedRuntime.cpp, line 624]
Event: 2.640 Thread 0x0000026e69758820 Exception <a 'java/lang/ArrayIndexOutOfBoundsException'{0x00000007245e1028}> (0x00000007245e1028) 
thrown [t:\workspace\open\src\hotspot\share\runtime\sharedRuntime.cpp, line 624]
Event: 2.640 Thread 0x0000026e69758820 Exception <a 'java/lang/ArrayIndexOutOfBoundsException'{0x00000007245e1370}> (0x00000007245e1370) 
thrown [t:\workspace\open\src\hotspot\share\runtime\sharedRuntime.cpp, line 624]
Event: 2.640 Thread 0x0000026e69758820 Exception <a 'java/lang/ArrayIndexOutOfBoundsException'{0x00000007245e16b8}> (0x00000007245e16b8) 
thrown [t:\workspace\open\src\hotspot\share\runtime\sharedRuntime.cpp, line 624]
Event: 2.640 Thread 0x0000026e69758820 Exception <a 'java/lang/ArrayIndexOutOfBoundsException'{0x00000007245e1a00}> (0x00000007245e1a00) 
thrown [t:\workspace\open\src\hotspot\share\runtime\sharedRuntime.cpp, line 624]
Event: 2.640 Thread 0x0000026e69758820 Exception <a 'java/lang/ArrayIndexOutOfBoundsException'{0x00000007245e1d48}> (0x00000007245e1d48) 
thrown [t:\workspace\open\src\hotspot\share\runtime\sharedRuntime.cpp, line 624]
Event: 2.640 Thread 0x0000026e69758820 Exception <a 'java/lang/ArrayIndexOutOfBoundsException'{0x00000007245e2090}> (0x00000007245e2090) 
thrown [t:\workspace\open\src\hotspot\share\runtime\sharedRuntime.cpp, line 624]
Event: 2.640 Thread 0x0000026e69758820 Exception <a 'java/lang/ArrayIndexOutOfBoundsException'{0x00000007245e23d8}> (0x00000007245e23d8) 
thrown [t:\workspace\open\src\hotspot\share\runtime\sharedRuntime.cpp, line 624]
Event: 2.640 Thread 0x0000026e69758820 Exception <a 'java/lang/ArrayIndexOutOfBoundsException'{0x00000007245e2720}> (0x00000007245e2720) 
thrown [t:\workspace\open\src\hotspot\share\runtime\sharedRuntime.cpp, line 624]
Event: 2.640 Thread 0x0000026e69758820 Exception <a 'java/lang/ArrayIndexOutOfBoundsException'{0x00000007245e2a68}> (0x00000007245e2a68) 
thrown [t:\workspace\open\src\hotspot\share\runtime\sharedRuntime.cpp, line 624]
Event: 2.640 Thread 0x0000026e69758820 Exception <a 'java/lang/ArrayIndexOutOfBoundsException'{0x00000007245e2db0}> (0x00000007245e2db0) 
thrown [t:\workspace\open\src\hotspot\share\runtime\sharedRuntime.cpp, line 624]
Event: 2.640 Thread 0x0000026e69758820 Exception <a 'java/lang/ArrayIndexOutOfBoundsException'{0x00000007245e30f8}> (0x00000007245e30f8) 
thrown [t:\workspace\open\src\hotspot\share\runtime\sharedRuntime.cpp, line 624]
Event: 2.640 Thread 0x0000026e69758820 Exception <a 'java/lang/ArrayIndexOutOfBoundsException'{0x00000007245e3440}> (0x00000007245e3440) 
thrown [t:\workspace\open\src\hotspot\share\runtime\sharedRuntime.cpp, line 624]
Event: 2.640 Thread 0x0000026e69758820 Exception <a 'java/lang/ArrayIndexOutOfBoundsException'{0x00000007245e3788}> (0x00000007245e3788) 
thrown [t:\workspace\open\src\hotspot\share\runtime\sharedRuntime.cpp, line 624]
Event: 2.640 Thread 0x0000026e69758820 Exception <a 'java/lang/ArrayIndexOutOfBoundsException'{0x00000007245e3ad0}> (0x00000007245e3ad0) 
thrown [t:\workspace\open\src\hotspot\share\runtime\sharedRuntime.cpp, line 624]
Event: 2.640 Thread 0x0000026e69758820 Exception <a 'java/lang/ArrayIndexOutOfBoundsException'{0x00000007245e3e18}> (0x00000007245e3e18) 
thrown [t:\workspace\open\src\hotspot\share\runtime\sharedRuntime.cpp, line 624]
Event: 2.640 Thread 0x0000026e69758820 Exception <a 'java/lang/ArrayIndexOutOfBoundsException'{0x00000007245e4160}> (0x00000007245e4160) 
thrown [t:\workspace\open\src\hotspot\share\runtime\sharedRuntime.cpp, line 624]
Event: 2.640 Thread 0x0000026e69758820 Exception <a 'java/lang/ArrayIndexOutOfBoundsException'{0x00000007245e44a8}> (0x00000007245e44a8) 
thrown [t:\workspace\open\src\hotspot\share\runtime\sharedRuntime.cpp, line 624]
Event: 48.659 Thread 0x0000026e69759810 Exception <a 'java/lang/InterruptedException'{0x0000000721600000}> (0x0000000721600000) 
thrown [t:\workspace\open\src\hotspot\share\runtime\objectMonitor.cpp, line 1705]

Events (20 events):
Event: 37.374 Executing  VM operation: Cleanup
Event: 37.375 Executing  VM operation: Cleanup done
Event: 43.377 Executing  VM operation: Cleanup
Event: 43.378 Executing  VM operation: Cleanup done
Event: 47.380 Executing  VM operation: Cleanup
Event: 47.381 Executing  VM operation: Cleanup done
Event: 48.659 Thread 0x0000026e697592c0 Thread added: 0x0000026e697592c0
Event: 48.659 Thread 0x0000026e6975a2b0 Thread added: 0x0000026e6975a2b0
Event: 48.659 Thread 0x0000026e69759810 Thread exited: 0x0000026e69759810
Event: 48.659 Thread 0x0000026e6975a800 Thread added: 0x0000026e6975a800
Event: 48.660 Thread 0x0000026e69759810 Thread added: 0x0000026e69759810
Event: 48.660 loading class java/nio/channels/ClosedChannelException
Event: 48.660 loading class java/nio/channels/ClosedChannelException done
Event: 48.660 Thread 0x0000026e6975a800 Thread exited: 0x0000026e6975a800
Event: 48.661 Thread 0x0000026e69507970 Thread exited: 0x0000026e69507970
Event: 48.665 Thread 0x0000026e693671c0 Thread exited: 0x0000026e693671c0
Event: 48.703 Thread 0x0000026e6964e7e0 Thread exited: 0x0000026e6964e7e0
Event: 48.708 Thread 0x0000026e6975a2b0 Thread exited: 0x0000026e6975a2b0
Event: 48.761 Thread 0x0000026e697592c0 Thread exited: 0x0000026e697592c0
Event: 48.762 Executing  VM operation: Exit


Dynamic libraries:
0x00007ff745bd0000 - 0x00007ff745be0000 	C:\Program Files\Java\jdk-16.0.2\bin\javaw.exe
0x00007ffcfc5b0000 - 0x00007ffcfc7a5000 	C:\windows\SYSTEM32\ntdll.dll
0x00007ffcfc490000 - 0x00007ffcfc54e000 	C:\windows\System32\KERNEL32.DLL
0x00007ffcf9df0000 - 0x00007ffcfa0b8000 	C:\windows\System32\KERNELBASE.dll
0x00007ffcf9cf0000 - 0x00007ffcf9df0000 	C:\windows\System32\ucrtbase.dll
0x00007ffcdfde0000 - 0x00007ffcdfdf8000 	C:\Program Files\Java\jdk-16.0.2\bin\jli.dll
0x00007ffcfaff0000 - 0x00007ffcfb09c000 	C:\windows\System32\ADVAPI32.dll
0x00007ffcfc370000 - 0x00007ffcfc40e000 	C:\windows\System32\msvcrt.dll
0x00007ffcc2640000 - 0x00007ffcc2659000 	C:\Program Files\Java\jdk-16.0.2\bin\VCRUNTIME140.dll
0x00007ffcfc0b0000 - 0x00007ffcfc14b000 	C:\windows\System32\sechost.dll
0x00007ffcfaec0000 - 0x00007ffcfafea000 	C:\windows\System32\RPCRT4.dll
0x00007ffcfb700000 - 0x00007ffcfb8a1000 	C:\windows\System32\USER32.dll
0x00007ffcfa170000 - 0x00007ffcfa192000 	C:\windows\System32\win32u.dll
0x00007ffcfbed0000 - 0x00007ffcfbefb000 	C:\windows\System32\GDI32.dll
0x00007ffcda9c0000 - 0x00007ffcdac5a000 	C:\windows\WinSxS\amd64_microsoft.windows.common-controls_6595b64144ccf1df_6.0.19041.1110_none_60b5254171f9507e\COMCTL32.dll
0x00007ffcfa290000 - 0x00007ffcfa39d000 	C:\windows\System32\gdi32full.dll
0x00007ffcfa1a0000 - 0x00007ffcfa23d000 	C:\windows\System32\msvcp_win.dll
0x00007ffcef800000 - 0x00007ffcef80a000 	C:\windows\SYSTEM32\VERSION.dll
0x00007ffcfb100000 - 0x00007ffcfb130000 	C:\windows\System32\IMM32.DLL
0x00007ffcf3890000 - 0x00007ffcf389c000 	C:\Program Files\Java\jdk-16.0.2\bin\vcruntime140_1.dll
0x00007ffc8a2f0000 - 0x00007ffc8a381000 	C:\Program Files\Java\jdk-16.0.2\bin\msvcp140.dll
0x00007ffc7f3e0000 - 0x00007ffc7ff8b000 	C:\Program Files\Java\jdk-16.0.2\bin\server\jvm.dll
0x00007ffcfb130000 - 0x00007ffcfb138000 	C:\windows\System32\PSAPI.DLL
0x00007ffcec570000 - 0x00007ffcec579000 	C:\windows\SYSTEM32\WSOCK32.dll
0x00007ffcdac60000 - 0x00007ffcdac87000 	C:\windows\SYSTEM32\WINMM.dll
0x00007ffcfb5b0000 - 0x00007ffcfb61b000 	C:\windows\System32\WS2_32.dll
0x00007ffcf8570000 - 0x00007ffcf8582000 	C:\windows\SYSTEM32\kernel.appcore.dll
0x00007ffce7270000 - 0x00007ffce727a000 	C:\Program Files\Java\jdk-16.0.2\bin\jimage.dll
0x00007ffcf8240000 - 0x00007ffcf8424000 	C:\windows\SYSTEM32\DBGHELP.DLL
0x00007ffce76f0000 - 0x00007ffce771c000 	C:\windows\SYSTEM32\dbgcore.DLL
0x00007ffcfa500000 - 0x00007ffcfa582000 	C:\windows\System32\bcryptPrimitives.dll
0x00007ffcb3d10000 - 0x00007ffcb3d35000 	C:\Program Files\Java\jdk-16.0.2\bin\java.dll
0x00007ffcfa770000 - 0x00007ffcfaeb4000 	C:\windows\System32\SHELL32.dll
0x00007ffcf79d0000 - 0x00007ffcf8164000 	C:\windows\SYSTEM32\windows.storage.dll
0x00007ffcfb250000 - 0x00007ffcfb5a5000 	C:\windows\System32\combase.dll
0x00007ffcf9710000 - 0x00007ffcf973e000 	C:\windows\SYSTEM32\Wldp.dll
0x00007ffcfc1e0000 - 0x00007ffcfc28d000 	C:\windows\System32\SHCORE.dll
0x00007ffcfb0a0000 - 0x00007ffcfb0f5000 	C:\windows\System32\shlwapi.dll
0x00007ffcf9c00000 - 0x00007ffcf9c1f000 	C:\windows\SYSTEM32\profapi.dll
0x00007ffcc1980000 - 0x00007ffcc1999000 	C:\Program Files\Java\jdk-16.0.2\bin\net.dll
0x00007ffcf4a20000 - 0x00007ffcf4b2c000 	C:\windows\SYSTEM32\WINHTTP.dll
0x00007ffcf9470000 - 0x00007ffcf94da000 	C:\windows\system32\mswsock.dll
0x00007ffcb6aa0000 - 0x00007ffcb6ab3000 	C:\Program Files\Java\jdk-16.0.2\bin\nio.dll
0x00007ffcb55b0000 - 0x00007ffcb55c8000 	C:\Program Files\Java\jdk-16.0.2\bin\zip.dll
0x00007ffce5f60000 - 0x00007ffce5f70000 	C:\Program Files\Java\jdk-16.0.2\bin\verify.dll
0x00007ffc8e3d0000 - 0x00007ffc8e550000 	C:\Program Files\Java\jdk-16.0.2\bin\awt.dll
0x00007ffcfb620000 - 0x00007ffcfb6ed000 	C:\windows\System32\OLEAUT32.dll
0x00007ffcf7190000 - 0x00007ffcf7220000 	C:\windows\SYSTEM32\apphelp.dll
0x00007ffcf72f0000 - 0x00007ffcf738e000 	C:\windows\system32\uxtheme.dll
0x00007ffcfa5f0000 - 0x00007ffcfa705000 	C:\windows\System32\MSCTF.dll
0x00007ffcfb8b0000 - 0x00007ffcfb9da000 	C:\windows\System32\ole32.dll
0x00007ffcf74e0000 - 0x00007ffcf750f000 	C:\windows\system32\DWMAPI.DLL
0x00007ffcc8b20000 - 0x00007ffcc8c45000 	C:\windows\system32\opengl32.dll
0x00007ffce1670000 - 0x00007ffce169c000 	C:\windows\SYSTEM32\GLU32.dll
0x00007ffcf9660000 - 0x00007ffcf9678000 	C:\windows\SYSTEM32\CRYPTSP.dll
0x00007ffcf8d80000 - 0x00007ffcf8db4000 	C:\windows\system32\rsaenh.dll
0x00007ffcf9cc0000 - 0x00007ffcf9ce7000 	C:\windows\System32\bcrypt.dll
0x00007ffcf9b80000 - 0x00007ffcf9bae000 	C:\windows\SYSTEM32\USERENV.dll
0x00007ffcf9680000 - 0x00007ffcf968c000 	C:\windows\SYSTEM32\CRYPTBASE.dll
0x00007ffcf9110000 - 0x00007ffcf914b000 	C:\windows\SYSTEM32\IPHLPAPI.DLL
0x00007ffcfbec0000 - 0x00007ffcfbec8000 	C:\windows\System32\NSI.dll
0x00007ffcef4b0000 - 0x00007ffcef4c7000 	C:\windows\SYSTEM32\dhcpcsvc6.DLL
0x00007ffcef930000 - 0x00007ffcef94d000 	C:\windows\SYSTEM32\dhcpcsvc.DLL
0x00007ffcf9150000 - 0x00007ffcf921b000 	C:\windows\SYSTEM32\DNSAPI.dll
0x00000000637c0000 - 0x00000000637cd000 	C:\Users\sethr\AppData\Local\Temp\jogamp_0000\file_cache\jln5568010004061733822\jln8669457264618492917\natives\windows-amd64\gluegen-rt.dll
0x00007ffce6160000 - 0x00007ffce6167000 	C:\Program Files\Java\jdk-16.0.2\bin\jawt.dll
0x000000006a440000 - 0x000000006a44d000 	C:\Users\sethr\AppData\Local\Temp\jogamp_0000\file_cache\jln5568010004061733822\jln8669457264618492917\natives\windows-amd64\nativewindow_awt.dll
0x000000006c100000 - 0x000000006c10f000 	C:\Users\sethr\AppData\Local\Temp\jogamp_0000\file_cache\jln5568010004061733822\jln8669457264618492917\natives\windows-amd64\nativewindow_win32.dll
0x000000006cbc0000 - 0x000000006cbd3000 	C:\Users\sethr\AppData\Local\Temp\jogamp_0000\file_cache\jln5568010004061733822\jln8669457264618492917\natives\windows-amd64\newt.dll
0x00007ffcf4300000 - 0x00007ffcf43ae000 	C:\windows\SYSTEM32\mscms.dll
0x00007ffcf42c0000 - 0x00007ffcf42d1000 	C:\windows\SYSTEM32\ColorAdapterClient.dll
0x00007ffcb5910000 - 0x00007ffcb5953000 	C:\windows\SYSTEM32\icm32.dll
0x00007ffcfb9e0000 - 0x00007ffcfbe52000 	C:\windows\System32\setupapi.dll
0x00007ffcfa240000 - 0x00007ffcfa28e000 	C:\windows\System32\cfgmgr32.dll
0x00007ffcf9a60000 - 0x00007ffcf9a94000 	C:\windows\SYSTEM32\DEVOBJ.dll
0x00007ffcfa590000 - 0x00007ffcfa5f0000 	C:\windows\System32\WINTRUST.dll
0x00007ffcfa3a0000 - 0x00007ffcfa4f6000 	C:\windows\System32\CRYPT32.dll
0x00007ffcf98a0000 - 0x00007ffcf98b2000 	C:\windows\SYSTEM32\MSASN1.dll
0x0000000064500000 - 0x00000000645b1000 	C:\Users\sethr\AppData\Local\Temp\jogamp_0000\file_cache\jln5568010004061733822\jln8669457264618492917\natives\windows-amd64\jogl_desktop.dll
0x0000000064340000 - 0x00000000643a2000 	C:\Users\sethr\AppData\Local\Temp\jogamp_0000\file_cache\jln5568010004061733822\jln8669457264618492917\natives\windows-amd64\jogl_mobile.dll
0x00007ffcfb1a0000 - 0x00007ffcfb249000 	C:\windows\System32\clbcatq.dll
0x00007ffc6d630000 - 0x00007ffc6e630000 	C:\windows\System32\DriverStore\FileRepository\iigd_dch.inf_amd64_14d6d9e2312c79ae\igxelpicd64.dll
0x00007ffcf86d0000 - 0x00007ffcf87c4000 	C:\windows\system32\dxgi.dll
0x00007ffc6d1c0000 - 0x00007ffc6d624000 	C:\windows\System32\DriverStore\FileRepository\iigd_dch.inf_amd64_14d6d9e2312c79ae\igdml64.dll
0x00007ffcccd00000 - 0x00007ffccd0bd000 	C:\windows\System32\DriverStore\FileRepository\iigd_dch.inf_amd64_14d6d9e2312c79ae\igdgmm64.dll
0x00007ffcc9ac0000 - 0x00007ffccccf8000 	C:\windows\System32\DriverStore\FileRepository\iigd_dch.inf_amd64_14d6d9e2312c79ae\igc64.dll
0x00007ffcf9280000 - 0x00007ffcf92cb000 	C:\windows\SYSTEM32\powrprof.dll
0x00007ffcf90f0000 - 0x00007ffcf9102000 	C:\windows\SYSTEM32\UMPDC.dll
0x00007ffcd1810000 - 0x00007ffcd1909000 	C:\windows\SYSTEM32\textinputframework.dll
0x00007ffcf69f0000 - 0x00007ffcf6d4e000 	C:\windows\System32\CoreUIComponents.dll
0x00007ffcf6d50000 - 0x00007ffcf6e42000 	C:\windows\System32\CoreMessaging.dll
0x00007ffcf8b30000 - 0x00007ffcf8b63000 	C:\windows\SYSTEM32\ntmarta.dll
0x00007ffcf61d0000 - 0x00007ffcf6324000 	C:\windows\SYSTEM32\wintypes.dll
0x00007ffcf3a80000 - 0x00007ffcf3ae6000 	C:\windows\system32\Oleacc.dll

dbghelp: loaded successfully - version: 4.0.5 - missing functions: none
symbol engine: initialized successfully - sym options: 0x614 - pdb path: .;C:\Program Files\Java\jdk-16.0.2\bin;C:\windows\SYSTEM32;C:\windows\WinSxS\amd64_microsoft.windows.common-controls_6595b64144ccf1df_6.0.19041.1110_none_60b5254171f9507e;C:\Program Files\Java\jdk-16.0.2\bin\server;C:\Users\sethr\AppData\Local\Temp\jogamp_0000\file_cache\jln5568010004061733822\jln8669457264618492917\natives\windows-amd64;C:\windows\System32\DriverStore\FileRepository\iigd_dch.inf_amd64_14d6d9e2312c79ae

VM Arguments:
jvm_args: -Dfile.encoding=Cp1252 -XX:+ShowCodeDetailsInExceptionMessages 
java_command: energywaves.Main
java_class_path (initial): C:\Users\sethr\eclipse-workspace\energywaves\target\classes;C:\Users\sethr\.m2\repository\org\processing\core\3.3.6\core-3.3.6.jar;C:\Users\sethr\.m2\repository\org\jogamp\gluegen\gluegen-rt-main\2.3.2\gluegen-rt-main-2.3.2.jar;C:\Users\sethr\.m2\repository\org\jogamp\gluegen\gluegen-rt\2.3.2\gluegen-rt-2.3.2.jar;C:\Users\sethr\.m2\repository\org\jogamp\gluegen\gluegen-rt\2.3.2\gluegen-rt-2.3.2-natives-android-aarch64.jar;C:\Users\sethr\.m2\repository\org\jogamp\gluegen\gluegen-rt\2.3.2\gluegen-rt-2.3.2-natives-android-armv6.jar;C:\Users\sethr\.m2\repository\org\jogamp\gluegen\gluegen-rt\2.3.2\gluegen-rt-2.3.2-natives-linux-amd64.jar;C:\Users\sethr\.m2\repository\org\jogamp\gluegen\gluegen-rt\2.3.2\gluegen-rt-2.3.2-natives-linux-armv6.jar;C:\Users\sethr\.m2\repository\org\jogamp\gluegen\gluegen-rt\2.3.2\gluegen-rt-2.3.2-natives-linux-armv6hf.jar;C:\Users\sethr\.m2\repository\org\jogamp\gluegen\gluegen-rt\2.3.2\gluegen-rt-2.3.2-natives-linux-i586.jar;C:\Users\sethr\.m2\repository\org\jogamp\gluegen\gluegen-rt\2.3.2\gluegen-rt-2.3.2-natives-macosx-universal.jar;C:\Users\sethr\.m2\repository\org\jogamp\gluegen\gluegen-rt\2.3.2\gluegen-rt-2.3.2-natives-solaris-amd64.jar;C:\Users\sethr\.m2\repository\org\jogamp\gluegen\gluegen-rt\2.3.2\gluegen-rt-2.3.2-natives-solaris-i586.jar;C:\Users\sethr\.m2\repository\org\jogamp\gluegen\gluegen-rt\2.3.2\gluegen-rt-2.3.2-natives-windows-amd64.jar;C:\Users\sethr\.m2\repository\org\jogamp\gluegen\gluegen-rt\2.3.2\gluegen-rt-2.3.2-natives-windows-i586.jar;C:\Users\sethr\.m2\repository\org\jogamp\jogl\jogl-all-main\2.3.2\jogl-all-main-2.3.2.jar;C:\Users\sethr\.m2\repository\org\jogamp\jogl\jogl-all\2.3.2\jogl-all-2.3.2.jar;C:\Users\sethr\.m2\repository\org\jogamp\jogl\jogl-all\2.3.2\jogl-all-2.3.2-natives-android-aarch64.jar;C:\Users\sethr\.m2\repository\org\jogamp\jogl\jogl-all\2.3.2\jogl-all-2.3.2-natives-android-armv6.jar;C:\Users\sethr\.m2\repository\org\jogamp\jogl\jogl-all\2.3.2\jogl-all-2.3.2-natives-l
Launcher Type: SUN_STANDARD

[Global flags]
     intx CICompilerCount                          = 4                                         {product} {ergonomic}
     uint ConcGCThreads                            = 2                                         {product} {ergonomic}
     uint G1ConcRefinementThreads                  = 8                                         {product} {ergonomic}
   size_t G1HeapRegionSize                         = 2097152                                   {product} {ergonomic}
    uintx GCDrainStackTargetSize                   = 64                                        {product} {ergonomic}
   size_t InitialHeapSize                          = 266338304                                 {product} {ergonomic}
   size_t MarkStackSize                            = 4194304                                   {product} {ergonomic}
   size_t MaxHeapSize                              = 4234149888                                {product} {ergonomic}
   size_t MaxNewSize                               = 2539651072                                {product} {ergonomic}
   size_t MinHeapDeltaBytes                        = 2097152                                   {product} {ergonomic}
   size_t MinHeapSize                              = 8388608                                   {product} {ergonomic}
    uintx NonNMethodCodeHeapSize                   = 5839372                                {pd product} {ergonomic}
    uintx NonProfiledCodeHeapSize                  = 122909434                              {pd product} {ergonomic}
    uintx ProfiledCodeHeapSize                     = 122909434                              {pd product} {ergonomic}
    uintx ReservedCodeCacheSize                    = 251658240                              {pd product} {ergonomic}
     bool SegmentedCodeCache                       = true                                      {product} {ergonomic}
     bool ShowCodeDetailsInExceptionMessages       = true                                   {manageable} {command line}
   size_t SoftMaxHeapSize                          = 4234149888                             {manageable} {ergonomic}
     bool UseCompressedClassPointers               = true                           {product lp64_product} {ergonomic}
     bool UseCompressedOops                        = true                           {product lp64_product} {ergonomic}
     bool UseG1GC                                  = true                                      {product} {ergonomic}
     bool UseLargePagesIndividualAllocation        = false                                  {pd product} {ergonomic}

Logging:
Log output configuration:
 #0: stdout all=off uptime,level,tags
 #1: stderr all=off uptime,level,tags

Environment Variables:
PATH=C:\Program Files\Oculus\Support\oculus-runtime;C:\Program Files\Common Files\Oracle\Java\javapath;C:\windows\system32;C:\windows;C:\windows\System32\Wbem;C:\windows\System32\WindowsPowerShell\v1.0\;C:\windows\System32\OpenSSH\;C:\MinGW\mingw32\bin;C:\ProgramData\chocolatey\bin;C:\ProgramData\chocolatey\bin\make.exe;C:\Program Files\Git\cmd;C:\Program Files\nodejs\;C:\Users\sethr\AppData\Local\Programs\Python\Python39\Scripts\;C:\Users\sethr\AppData\Local\Programs\Python\Python39\;C:\Users\sethr\AppData\Local\Microsoft\WindowsApps;C:\Users\sethr\AppData\Local\Programs\Microsoft VS Code\bin;C:\Users\sethr\AppData\Local\GitHubDesktop\bin;C:\Users\sethr\AppData\Roaming\npm
USERNAME=sethr
OS=Windows_NT
PROCESSOR_IDENTIFIER=Intel64 Family 6 Model 140 Stepping 1, GenuineIntel



---------------  S Y S T E M  ---------------

OS:
 Windows 10 , 64 bit Build 19041 (10.0.19041.1348)
OS uptime: 1 days 3:58 hours

CPU: total 8 (initial active 8) (4 cores per cpu, 2 threads per core) family 6 model 140 stepping 1 microcode 0x86, cx8, cmov, fxsr, ht, mmx, 3dnowpref, sse, sse2, sse3, ssse3, sse4.1, sse4.2, popcnt, lzcnt, tsc, tscinvbit, avx, avx2, aes, erms, clmul, bmi1, bmi2, adx, avx512f, avx512dq, avx512cd, avx512bw, avx512vl, sha, fma, vzeroupper, avx512_vpopcntdq, avx512_vpclmulqdq, avx512_vaes, avx512_vnni, clflush, clflushopt, clwb, avx512_vmbi2, avx512_vmbi

Memory: 4k page, system-wide physical 16149M (8593M free)
TotalPageFile size 22549M (AvailPageFile size 12686M)
current process WorkingSet (physical memory assigned to process): 689M, peak: 692M
current process commit charge ("private bytes"): 959M, peak: 975M

vm_info: Java HotSpot(TM) 64-Bit Server VM (16.0.2+7-67) for windows-amd64 JRE (16.0.2+7-67), built on Jun  8 2021 23:24:19 by "mach5one" with MS VC++ 16.7 (VS2019)

END.
