#
# A fatal error has been detected by the Java Runtime Environment:
#
#  EXCEPTION_ACCESS_VIOLATION (0xc0000005) at pc=0x00007ffef6322c4c, pid=4804, tid=38512
#
# JRE version: Java(TM) SE Runtime Environment (16.0.2+7) (build 16.0.2+7-67)
# Java VM: Java HotSpot(TM) 64-Bit Server VM (16.0.2+7-67, mixed mode, sharing, tiered, compressed oops, compressed class ptrs, g1 gc, windows-amd64)
# Problematic frame:
# C  [igxelpicd64.dll+0x282c4c]
#
# No core dump will be written. Minidumps are not enabled by default on client versions of Windows
#
# If you would like to submit a bug report, please visit:
#   https://bugreport.java.com/bugreport/crash.jsp
#

---------------  S U M M A R Y ------------

Command Line: -Dfile.encoding=Cp1252 -XX:+ShowCodeDetailsInExceptionMessages energywaves.Main

Host: 11th Gen Intel(R) Core(TM) i7-1165G7 @ 2.80GHz, 8 cores, 15G,  Windows 10 , 64 bit Build 19041 (10.0.19041.1348)
Time: Wed Dec 15 21:37:10 2021 Eastern Standard Time elapsed time: 69.204311 seconds (0d 0h 1m 9s)

---------------  T H R E A D  ---------------

Current thread (0x000001e4383da3a0):  VMThread "VM Thread" [stack: 0x000000a6a8900000,0x000000a6a8a00000] [id=38512]

Stack: [0x000000a6a8900000,0x000000a6a8a00000],  sp=0x000000a6a89fe120,  free space=1016k
Native frames: (J=compiled Java code, j=interpreted, Vv=VM code, C=native code)
C  [igxelpicd64.dll+0x282c4c]


siginfo: EXCEPTION_ACCESS_VIOLATION (0xc0000005), reading address 0x00000000000356f8


Register to memory mapping:

RIP=0x00007ffef6322c4c igxelpicd64.dll
RAX=0x000001e43c2333d0 points into unknown readable memory: 0x0000000000191919 | 19 19 19 00 00 00 00 00
RBX=0x000001e439a66bb0 points into unknown readable memory: 0xffffffffffffffff | ff ff ff ff ff ff ff ff
RCX=0x0 is NULL
RDX=0x0000000000000002 is an unknown value
RSP=0x000000a6a89fe120 points into unknown readable memory: 0x000001e439a66bb0 | b0 6b a6 39 e4 01 00 00
RBP=0x0000000000000016 is an unknown value
RSI=0x000001e439b774a0 points into unknown readable memory: 0x0000000000000000 | 00 00 00 00 00 00 00 00
RDI=0x0 is NULL
R8 =0x0000000000000014 is an unknown value
R9 =0x0 is NULL
R10=0x0 is NULL
R11=0x0000000000000246 is an unknown value
R12=0x000001e43c233808 points into unknown readable memory: 0x000001e43c22d9e0 | e0 d9 22 3c e4 01 00 00
R13=0x0 is NULL
R14=0x000001e43c233240 points into unknown readable memory: 0x000001e439b074a0 | a0 74 b0 39 e4 01 00 00
R15=0x0 is NULL


Registers:
RAX=0x000001e43c2333d0, RBX=0x000001e439a66bb0, RCX=0x0000000000000000, RDX=0x0000000000000002
RSP=0x000000a6a89fe120, RBP=0x0000000000000016, RSI=0x000001e439b774a0, RDI=0x0000000000000000
R8 =0x0000000000000014, R9 =0x0000000000000000, R10=0x0000000000000000, R11=0x0000000000000246
R12=0x000001e43c233808, R13=0x0000000000000000, R14=0x000001e43c233240, R15=0x0000000000000000
RIP=0x00007ffef6322c4c, EFLAGS=0x0000000000010202

Top of Stack: (sp=0x000000a6a89fe120)
0x000000a6a89fe120:   000001e439a66bb0 00007fff8d60d859
0x000000a6a89fe130:   000000a6a89fe1b8 0000000000000000
0x000000a6a89fe140:   0000000000000054 000001e439a66bb0
0x000000a6a89fe150:   0000000000000000 00007fff8ec90ba4
0x000000a6a89fe160:   000000007a000004 0000000000000000
0x000000a6a89fe170:   0000000000000000 000001e43bb88ff8
0x000000a6a89fe180:   0000000000191921 0000000000000000
0x000000a6a89fe190:   0000000000000014 0000000000000000
0x000000a6a89fe1a0:   0000000000000000 000000a6a89fe2c0
0x000000a6a89fe1b0:   000001e439b774a0 00007ffef615769c
0x000000a6a89fe1c0:   000001e400000016 000001e43c22d9e0
0x000000a6a89fe1d0:   0000000000000000 000000007a000000
0x000000a6a89fe1e0:   000000a600000868 0000b80219870000
0x000000a6a89fe1f0:   0000000000000000 000001e413620000
0x000000a6a89fe200:   0000000000000000 000000007a000004
0x000000a6a89fe210:   00000000000004b4 0000000000000000 

Instructions: (pc=0x00007ffef6322c4c)
0x00007ffef6322b4c:   41 bf 20 00 00 00 48 8b 04 38 4d 8b 3c 07 0f b6
0x00007ffef6322b5c:   bc 24 b0 00 00 00 4c 3b 3d d7 f8 cb 00 41 0f 44
0x00007ffef6322b6c:   e9 89 ac 24 a0 00 00 00 48 85 c9 0f 84 d4 07 00
0x00007ffef6322b7c:   00 0f 1f 00 4c 8b f1 4c 8d a1 c8 05 00 00 49 8b
0x00007ffef6322b8c:   04 24 48 89 84 24 a8 00 00 00 40 84 ff 74 10 48
0x00007ffef6322b9c:   8b d1 48 8b 09 e8 ea 8d e3 ff e9 4f 07 00 00 8b
0x00007ffef6322bac:   96 d0 01 00 00 48 8b 05 58 dd bb 00 83 b8 64 03
0x00007ffef6322bbc:   00 00 02 0f 85 19 02 00 00 83 fa 10 73 0e 48 8d
0x00007ffef6322bcc:   42 04 48 8d 04 c2 48 8d 04 c1 eb 60 8d 4a f0 8b
0x00007ffef6322bdc:   c1 c1 e8 04 83 f8 03 73 1d 0f ae e8 83 e1 0f 4d
0x00007ffef6322bec:   8b 84 c6 80 05 00 00 4d 85 c0 74 25 48 8d 0c c9
0x00007ffef6322bfc:   49 8d 04 c8 eb 36 49 8b 86 98 05 00 00 48 85 c0
0x00007ffef6322c0c:   74 0f 66 90 39 10 74 2f 48 8b 40 50 48 85 c0 75
0x00007ffef6322c1c:   f3 41 80 be a0 05 00 00 00 74 22 8b c2 83 e0 0f
0x00007ffef6322c2c:   48 8d 04 c0 48 8d 40 20 49 8d 04 c6 48 85 c0 74
0x00007ffef6322c3c:   0c 48 8b 48 08 eb 09 48 83 c0 08 eb ef 49 8b c9
0x00007ffef6322c4c:   49 3b 8f f8 56 03 00 0f 86 85 01 00 00 83 fa 10
0x00007ffef6322c5c:   73 0a 48 8d 42 04 48 8d 04 c2 eb 5c 8d 4a f0 8b
0x00007ffef6322c6c:   c1 c1 e8 04 83 f8 03 73 1d 0f ae e8 83 e1 0f 4d
0x00007ffef6322c7c:   8b 84 c6 80 05 00 00 4d 85 c0 74 25 48 8d 0c c9
0x00007ffef6322c8c:   49 8d 04 c8 eb 36 49 8b 86 98 05 00 00 48 85 c0
0x00007ffef6322c9c:   74 0f 66 90 39 10 74 2f 48 8b 40 50 48 85 c0 75
0x00007ffef6322cac:   f3 41 80 be a0 05 00 00 00 74 22 8b c2 83 e0 0f
0x00007ffef6322cbc:   48 8d 04 c0 48 8d 40 20 49 8d 04 c6 48 85 c0 74
0x00007ffef6322ccc:   0c 48 8b 48 08 eb 09 48 83 c0 08 eb ef 49 8b c9
0x00007ffef6322cdc:   49 3b 8e 40 06 00 00 0f 86 f5 00 00 00 48 8b 86
0x00007ffef6322cec:   80 02 00 00 49 89 04 24 4c 89 b6 80 02 00 00 ff
0x00007ffef6322cfc:   86 88 02 00 00 ba 01 00 00 00 49 8b 4e 08 e8 41
0x00007ffef6322d0c:   28 59 00 0f b7 c8 48 2b c1 48 05 00 00 01 00 48
0x00007ffef6322d1c:   01 86 90 02 00 00 ba 01 00 00 00 49 8b 4e 08 e8
0x00007ffef6322d2c:   20 28 59 00 48 01 86 a0 02 00 00 85 ed 74 75 49
0x00007ffef6322d3c:   8b 9f 58 4f 03 00 0f 57 c0 f3 0f 7f 44 24 30 c7 


Stack slot to memory mapping:
stack at sp + 0 slots: 0x000001e439a66bb0 points into unknown readable memory: 0xffffffffffffffff | ff ff ff ff ff ff ff ff
stack at sp + 1 slots: 0x00007fff8d60d859 USER32.dll
stack at sp + 2 slots: 0x000000a6a89fe1b8 points into unknown readable memory: 0x00007ffef615769c | 9c 76 15 f6 fe 7f 00 00
stack at sp + 3 slots: 0x0 is NULL
stack at sp + 4 slots: 0x0000000000000054 is an unknown value
stack at sp + 5 slots: 0x000001e439a66bb0 points into unknown readable memory: 0xffffffffffffffff | ff ff ff ff ff ff ff ff
stack at sp + 6 slots: 0x0 is NULL
stack at sp + 7 slots: 0x00007fff8ec90ba4 ntdll.dll

VM_Operation (0x000000a6aa8febb0): Exit, mode: safepoint, requested by thread 0x000001e43bcfa340


---------------  P R O C E S S  ---------------

Threads class SMR info:
_java_thread_list=0x000001e43bd1b110, length=16, elements={
0x000001e4383dcd90, 0x000001e4383df8b0, 0x000001e4383f0560, 0x000001e4383f1070,
0x000001e4383f59a0, 0x000001e4383f82c0, 0x000001e4383fc4b0, 0x000001e438406f20,
0x000001e43840a220, 0x000001e439109d50, 0x000001e439130360, 0x000001e4393f8150,
0x000001e439b08150, 0x000001e439b086a0, 0x000001e43bcfa340, 0x000001e43bcfc320
}

Java Threads: ( => current thread )
  0x000001e4383dcd90 JavaThread "Reference Handler" daemon [_thread_blocked, id=27568, stack(0x000000a6a8a00000,0x000000a6a8b00000)]
  0x000001e4383df8b0 JavaThread "Finalizer" daemon [_thread_blocked, id=11844, stack(0x000000a6a8b00000,0x000000a6a8c00000)]
  0x000001e4383f0560 JavaThread "Signal Dispatcher" daemon [_thread_blocked, id=28932, stack(0x000000a6a8c00000,0x000000a6a8d00000)]
  0x000001e4383f1070 JavaThread "Attach Listener" daemon [_thread_blocked, id=8200, stack(0x000000a6a8d00000,0x000000a6a8e00000)]
  0x000001e4383f59a0 JavaThread "Service Thread" daemon [_thread_blocked, id=37000, stack(0x000000a6a8e00000,0x000000a6a8f00000)]
  0x000001e4383f82c0 JavaThread "Monitor Deflation Thread" daemon [_thread_blocked, id=19488, stack(0x000000a6a8f00000,0x000000a6a9000000)]
  0x000001e4383fc4b0 JavaThread "C2 CompilerThread0" daemon [_thread_blocked, id=31680, stack(0x000000a6a9000000,0x000000a6a9100000)]
  0x000001e438406f20 JavaThread "C1 CompilerThread0" daemon [_thread_blocked, id=32060, stack(0x000000a6a9100000,0x000000a6a9200000)]
  0x000001e43840a220 JavaThread "Sweeper thread" daemon [_thread_blocked, id=2696, stack(0x000000a6a9200000,0x000000a6a9300000)]
  0x000001e439109d50 JavaThread "Notification Thread" daemon [_thread_blocked, id=6140, stack(0x000000a6a9300000,0x000000a6a9400000)]
  0x000001e439130360 JavaThread "Common-Cleaner" daemon [_thread_blocked, id=33016, stack(0x000000a6a9500000,0x000000a6a9600000)]
  0x000001e4393f8150 JavaThread "Java2D Disposer" daemon [_thread_blocked, id=39888, stack(0x000000a6a9600000,0x000000a6a9700000)]
  0x000001e439b08150 JavaThread "HighResTimerThread" daemon [_thread_blocked, id=7652, stack(0x000000a6aa400000,0x000000a6aa500000)]
  0x000001e439b086a0 JavaThread "DestroyJavaVM" [_thread_blocked, id=20592, stack(0x000000a6a8300000,0x000000a6a8400000)]
  0x000001e43bcfa340 JavaThread "main-FPSAWTAnimator#00-Timer0-FPSAWTAnimator#00-Timer1" [_thread_blocked, id=31596, stack(0x000000a6aa800000,0x000000a6aa900000)]
  0x000001e43bcfc320 JavaThread "AWT-Shutdown" [_thread_blocked, id=36236, stack(0x000000a6aa500000,0x000000a6aa600000)]

Other Threads:
=>0x000001e4383da3a0 VMThread "VM Thread" [stack: 0x000000a6a8900000,0x000000a6a8a00000] [id=38512]
  0x000001e41395c130 GCTaskThread "GC Thread#0" [stack: 0x000000a6a8400000,0x000000a6a8500000] [id=24668]
  0x000001e439bf6840 GCTaskThread "GC Thread#1" [stack: 0x000000a6a9b00000,0x000000a6a9c00000] [id=40832]
  0x000001e439bf6b50 GCTaskThread "GC Thread#2" [stack: 0x000000a6a9c00000,0x000000a6a9d00000] [id=9504]
  0x000001e4399d2900 GCTaskThread "GC Thread#3" [stack: 0x000000a6a9d00000,0x000000a6a9e00000] [id=12560]
  0x000001e4399d2c10 GCTaskThread "GC Thread#4" [stack: 0x000000a6a9e00000,0x000000a6a9f00000] [id=18728]
  0x000001e4399d2f20 GCTaskThread "GC Thread#5" [stack: 0x000000a6a9f00000,0x000000a6aa000000] [id=12336]
  0x000001e43b4f50e0 GCTaskThread "GC Thread#6" [stack: 0x000000a6aaa00000,0x000000a6aab00000] [id=17104]
  0x000001e43b4f53f0 GCTaskThread "GC Thread#7" [stack: 0x000000a6aab00000,0x000000a6aac00000] [id=35028]
  0x000001e41396f170 ConcurrentGCThread "G1 Main Marker" terminated
  0x000001e41396faf0 ConcurrentGCThread "G1 Conc#0" [stack: 0x000000a6a8600000,0x000000a6a8700000] [id=7988]
  0x000001e4139e6980 ConcurrentGCThread "G1 Refine#0" terminated
  0x000001e4382928b0 ConcurrentGCThread "G1 Service" terminated

Threads with active compile tasks:

VM state: at safepoint (shutting down)

VM Mutex/Monitor currently owned by a thread:  ([mutex/lock_event])
[0x000001e4137ebff0] Threads_lock - owner thread: 0x000001e4383da3a0
[0x000001e4137ec350] Heap_lock - owner thread: 0x000001e43bcfa340

Heap address: 0x0000000703a00000, size: 4038 MB, Compressed Oops mode: Zero based, Oop shift amount: 3

CDS archive(s) mapped at: [0x0000000800000000-0x0000000800bb0000-0x0000000800bb0000), size 12255232, SharedBaseAddress: 0x0000000800000000, ArchiveRelocationMode: 0.
Compressed class space mapped at: 0x0000000800c00000-0x0000000840c00000, reserved size: 1073741824
Narrow klass base: 0x0000000800000000, Narrow klass shift: 3, Narrow klass range: 0x100000000

GC Precious Log:
 CPUs: 8 total, 8 available
 Memory: 16149M
 Large Page Support: Disabled
 NUMA Support: Disabled
 Compressed Oops: Enabled (Zero based)
 Heap Region Size: 2M
 Heap Min Capacity: 8M
 Heap Initial Capacity: 254M
 Heap Max Capacity: 4038M
 Pre-touch: Disabled
 Parallel Workers: 8
 Concurrent Workers: 2
 Concurrent Refinement Workers: 8
 Periodic GC: Disabled

Heap:
 garbage-first heap   total 260096K, used 65062K [0x0000000703a00000, 0x0000000800000000)
  region size 2048K, 29 young (59392K), 1 survivors (2048K)
 Metaspace       used 12543K, committed 12672K, reserved 1064960K
  class space    used 881K, committed 960K, reserved 1048576K

Heap Regions: E=young(eden), S=young(survivor), O=old, HS=humongous(starts), HC=humongous(continues), CS=collection set, F=free, OA=open archive, CA=closed archive, TAMS=top-at-mark-start (previous, next)
|   0|0x0000000703a00000, 0x0000000703c00000, 0x0000000703c00000|100%| O|  |TAMS 0x0000000703a00000, 0x0000000703a00000| Untracked 
|   1|0x0000000703c00000, 0x0000000703e00000, 0x0000000703e00000|100%| O|  |TAMS 0x0000000703c00000, 0x0000000703c00000| Untracked 
|   2|0x0000000703e00000, 0x0000000704000000, 0x0000000704000000|100%| O|  |TAMS 0x0000000703e00000, 0x0000000703e00000| Untracked 
|   3|0x0000000704000000, 0x0000000704200000, 0x0000000704200000|100%| O|  |TAMS 0x0000000704000000, 0x0000000704000000| Untracked 
|   4|0x0000000704200000, 0x0000000704387800, 0x0000000704400000| 76%| O|  |TAMS 0x0000000704200000, 0x0000000704200000| Untracked 
|   5|0x0000000704400000, 0x0000000704400000, 0x0000000704600000|  0%| F|  |TAMS 0x0000000704400000, 0x0000000704400000| Untracked 
|   6|0x0000000704600000, 0x0000000704600000, 0x0000000704800000|  0%| F|  |TAMS 0x0000000704600000, 0x0000000704600000| Untracked 
|   7|0x0000000704800000, 0x0000000704800000, 0x0000000704a00000|  0%| F|  |TAMS 0x0000000704800000, 0x0000000704800000| Untracked 
|   8|0x0000000704a00000, 0x0000000704a00000, 0x0000000704c00000|  0%| F|  |TAMS 0x0000000704a00000, 0x0000000704a00000| Untracked 
|   9|0x0000000704c00000, 0x0000000704c00000, 0x0000000704e00000|  0%| F|  |TAMS 0x0000000704c00000, 0x0000000704c00000| Untracked 
|  10|0x0000000704e00000, 0x0000000704e00000, 0x0000000705000000|  0%| F|  |TAMS 0x0000000704e00000, 0x0000000704e00000| Untracked 
|  11|0x0000000705000000, 0x0000000705000000, 0x0000000705200000|  0%| F|  |TAMS 0x0000000705000000, 0x0000000705000000| Untracked 
|  12|0x0000000705200000, 0x0000000705200000, 0x0000000705400000|  0%| F|  |TAMS 0x0000000705200000, 0x0000000705200000| Untracked 
|  13|0x0000000705400000, 0x0000000705400000, 0x0000000705600000|  0%| F|  |TAMS 0x0000000705400000, 0x0000000705400000| Untracked 
|  14|0x0000000705600000, 0x0000000705600000, 0x0000000705800000|  0%| F|  |TAMS 0x0000000705600000, 0x0000000705600000| Untracked 
|  15|0x0000000705800000, 0x0000000705800000, 0x0000000705a00000|  0%| F|  |TAMS 0x0000000705800000, 0x0000000705800000| Untracked 
|  16|0x0000000705a00000, 0x0000000705a00000, 0x0000000705c00000|  0%| F|  |TAMS 0x0000000705a00000, 0x0000000705a00000| Untracked 
|  17|0x0000000705c00000, 0x0000000705c00000, 0x0000000705e00000|  0%| F|  |TAMS 0x0000000705c00000, 0x0000000705c00000| Untracked 
|  18|0x0000000705e00000, 0x0000000705e00000, 0x0000000706000000|  0%| F|  |TAMS 0x0000000705e00000, 0x0000000705e00000| Untracked 
|  19|0x0000000706000000, 0x0000000706000000, 0x0000000706200000|  0%| F|  |TAMS 0x0000000706000000, 0x0000000706000000| Untracked 
|  20|0x0000000706200000, 0x0000000706200000, 0x0000000706400000|  0%| F|  |TAMS 0x0000000706200000, 0x0000000706200000| Untracked 
|  21|0x0000000706400000, 0x0000000706400000, 0x0000000706600000|  0%| F|  |TAMS 0x0000000706400000, 0x0000000706400000| Untracked 
|  22|0x0000000706600000, 0x0000000706600000, 0x0000000706800000|  0%| F|  |TAMS 0x0000000706600000, 0x0000000706600000| Untracked 
|  23|0x0000000706800000, 0x0000000706800000, 0x0000000706a00000|  0%| F|  |TAMS 0x0000000706800000, 0x0000000706800000| Untracked 
|  24|0x0000000706a00000, 0x0000000706a00000, 0x0000000706c00000|  0%| F|  |TAMS 0x0000000706a00000, 0x0000000706a00000| Untracked 
|  25|0x0000000706c00000, 0x0000000706c00000, 0x0000000706e00000|  0%| F|  |TAMS 0x0000000706c00000, 0x0000000706c00000| Untracked 
|  26|0x0000000706e00000, 0x0000000706e00000, 0x0000000707000000|  0%| F|  |TAMS 0x0000000706e00000, 0x0000000706e00000| Untracked 
|  27|0x0000000707000000, 0x0000000707000000, 0x0000000707200000|  0%| F|  |TAMS 0x0000000707000000, 0x0000000707000000| Untracked 
|  28|0x0000000707200000, 0x0000000707200000, 0x0000000707400000|  0%| F|  |TAMS 0x0000000707200000, 0x0000000707200000| Untracked 
|  29|0x0000000707400000, 0x0000000707400000, 0x0000000707600000|  0%| F|  |TAMS 0x0000000707400000, 0x0000000707400000| Untracked 
|  30|0x0000000707600000, 0x0000000707600000, 0x0000000707800000|  0%| F|  |TAMS 0x0000000707600000, 0x0000000707600000| Untracked 
|  31|0x0000000707800000, 0x0000000707800000, 0x0000000707a00000|  0%| F|  |TAMS 0x0000000707800000, 0x0000000707800000| Untracked 
|  32|0x0000000707a00000, 0x0000000707a00000, 0x0000000707c00000|  0%| F|  |TAMS 0x0000000707a00000, 0x0000000707a00000| Untracked 
|  33|0x0000000707c00000, 0x0000000707c00000, 0x0000000707e00000|  0%| F|  |TAMS 0x0000000707c00000, 0x0000000707c00000| Untracked 
|  34|0x0000000707e00000, 0x0000000707e00000, 0x0000000708000000|  0%| F|  |TAMS 0x0000000707e00000, 0x0000000707e00000| Untracked 
|  35|0x0000000708000000, 0x0000000708000000, 0x0000000708200000|  0%| F|  |TAMS 0x0000000708000000, 0x0000000708000000| Untracked 
|  36|0x0000000708200000, 0x0000000708200000, 0x0000000708400000|  0%| F|  |TAMS 0x0000000708200000, 0x0000000708200000| Untracked 
|  37|0x0000000708400000, 0x0000000708400000, 0x0000000708600000|  0%| F|  |TAMS 0x0000000708400000, 0x0000000708400000| Untracked 
|  38|0x0000000708600000, 0x0000000708600000, 0x0000000708800000|  0%| F|  |TAMS 0x0000000708600000, 0x0000000708600000| Untracked 
|  39|0x0000000708800000, 0x0000000708800000, 0x0000000708a00000|  0%| F|  |TAMS 0x0000000708800000, 0x0000000708800000| Untracked 
|  40|0x0000000708a00000, 0x0000000708a00000, 0x0000000708c00000|  0%| F|  |TAMS 0x0000000708a00000, 0x0000000708a00000| Untracked 
|  41|0x0000000708c00000, 0x0000000708c00000, 0x0000000708e00000|  0%| F|  |TAMS 0x0000000708c00000, 0x0000000708c00000| Untracked 
|  42|0x0000000708e00000, 0x0000000708e00000, 0x0000000709000000|  0%| F|  |TAMS 0x0000000708e00000, 0x0000000708e00000| Untracked 
|  43|0x0000000709000000, 0x0000000709000000, 0x0000000709200000|  0%| F|  |TAMS 0x0000000709000000, 0x0000000709000000| Untracked 
|  44|0x0000000709200000, 0x0000000709200000, 0x0000000709400000|  0%| F|  |TAMS 0x0000000709200000, 0x0000000709200000| Untracked 
|  45|0x0000000709400000, 0x0000000709400000, 0x0000000709600000|  0%| F|  |TAMS 0x0000000709400000, 0x0000000709400000| Untracked 
|  46|0x0000000709600000, 0x0000000709600000, 0x0000000709800000|  0%| F|  |TAMS 0x0000000709600000, 0x0000000709600000| Untracked 
|  47|0x0000000709800000, 0x0000000709800000, 0x0000000709a00000|  0%| F|  |TAMS 0x0000000709800000, 0x0000000709800000| Untracked 
|  48|0x0000000709a00000, 0x0000000709a00000, 0x0000000709c00000|  0%| F|  |TAMS 0x0000000709a00000, 0x0000000709a00000| Untracked 
|  49|0x0000000709c00000, 0x0000000709c00000, 0x0000000709e00000|  0%| F|  |TAMS 0x0000000709c00000, 0x0000000709c00000| Untracked 
|  50|0x0000000709e00000, 0x0000000709e00000, 0x000000070a000000|  0%| F|  |TAMS 0x0000000709e00000, 0x0000000709e00000| Untracked 
|  51|0x000000070a000000, 0x000000070a002040, 0x000000070a200000|  0%| S|CS|TAMS 0x000000070a000000, 0x000000070a000000| Complete 
|  52|0x000000070a200000, 0x000000070a200000, 0x000000070a400000|  0%| F|  |TAMS 0x000000070a200000, 0x000000070a200000| Untracked 
|  53|0x000000070a400000, 0x000000070a400000, 0x000000070a600000|  0%| F|  |TAMS 0x000000070a400000, 0x000000070a400000| Untracked 
|  54|0x000000070a600000, 0x000000070a600000, 0x000000070a800000|  0%| F|  |TAMS 0x000000070a600000, 0x000000070a600000| Untracked 
|  55|0x000000070a800000, 0x000000070a800000, 0x000000070aa00000|  0%| F|  |TAMS 0x000000070a800000, 0x000000070a800000| Untracked 
|  56|0x000000070aa00000, 0x000000070aa00000, 0x000000070ac00000|  0%| F|  |TAMS 0x000000070aa00000, 0x000000070aa00000| Untracked 
|  57|0x000000070ac00000, 0x000000070ac00000, 0x000000070ae00000|  0%| F|  |TAMS 0x000000070ac00000, 0x000000070ac00000| Untracked 
|  58|0x000000070ae00000, 0x000000070ae00000, 0x000000070b000000|  0%| F|  |TAMS 0x000000070ae00000, 0x000000070ae00000| Untracked 
|  59|0x000000070b000000, 0x000000070b000000, 0x000000070b200000|  0%| F|  |TAMS 0x000000070b000000, 0x000000070b000000| Untracked 
|  60|0x000000070b200000, 0x000000070b200000, 0x000000070b400000|  0%| F|  |TAMS 0x000000070b200000, 0x000000070b200000| Untracked 
|  61|0x000000070b400000, 0x000000070b400000, 0x000000070b600000|  0%| F|  |TAMS 0x000000070b400000, 0x000000070b400000| Untracked 
|  62|0x000000070b600000, 0x000000070b600000, 0x000000070b800000|  0%| F|  |TAMS 0x000000070b600000, 0x000000070b600000| Untracked 
|  63|0x000000070b800000, 0x000000070b800000, 0x000000070ba00000|  0%| F|  |TAMS 0x000000070b800000, 0x000000070b800000| Untracked 
|  64|0x000000070ba00000, 0x000000070ba00000, 0x000000070bc00000|  0%| F|  |TAMS 0x000000070ba00000, 0x000000070ba00000| Untracked 
|  65|0x000000070bc00000, 0x000000070bc00000, 0x000000070be00000|  0%| F|  |TAMS 0x000000070bc00000, 0x000000070bc00000| Untracked 
|  66|0x000000070be00000, 0x000000070be00000, 0x000000070c000000|  0%| F|  |TAMS 0x000000070be00000, 0x000000070be00000| Untracked 
|  67|0x000000070c000000, 0x000000070c000000, 0x000000070c200000|  0%| F|  |TAMS 0x000000070c000000, 0x000000070c000000| Untracked 
|  68|0x000000070c200000, 0x000000070c200000, 0x000000070c400000|  0%| F|  |TAMS 0x000000070c200000, 0x000000070c200000| Untracked 
|  69|0x000000070c400000, 0x000000070c400000, 0x000000070c600000|  0%| F|  |TAMS 0x000000070c400000, 0x000000070c400000| Untracked 
|  70|0x000000070c600000, 0x000000070c600000, 0x000000070c800000|  0%| F|  |TAMS 0x000000070c600000, 0x000000070c600000| Untracked 
|  71|0x000000070c800000, 0x000000070c800000, 0x000000070ca00000|  0%| F|  |TAMS 0x000000070c800000, 0x000000070c800000| Untracked 
|  72|0x000000070ca00000, 0x000000070ca00000, 0x000000070cc00000|  0%| F|  |TAMS 0x000000070ca00000, 0x000000070ca00000| Untracked 
|  73|0x000000070cc00000, 0x000000070cc00000, 0x000000070ce00000|  0%| F|  |TAMS 0x000000070cc00000, 0x000000070cc00000| Untracked 
|  74|0x000000070ce00000, 0x000000070ce00000, 0x000000070d000000|  0%| F|  |TAMS 0x000000070ce00000, 0x000000070ce00000| Untracked 
|  75|0x000000070d000000, 0x000000070d000000, 0x000000070d200000|  0%| F|  |TAMS 0x000000070d000000, 0x000000070d000000| Untracked 
|  76|0x000000070d200000, 0x000000070d200000, 0x000000070d400000|  0%| F|  |TAMS 0x000000070d200000, 0x000000070d200000| Untracked 
|  77|0x000000070d400000, 0x000000070d400000, 0x000000070d600000|  0%| F|  |TAMS 0x000000070d400000, 0x000000070d400000| Untracked 
|  78|0x000000070d600000, 0x000000070d600000, 0x000000070d800000|  0%| F|  |TAMS 0x000000070d600000, 0x000000070d600000| Untracked 
|  79|0x000000070d800000, 0x000000070d800000, 0x000000070da00000|  0%| F|  |TAMS 0x000000070d800000, 0x000000070d800000| Untracked 
|  80|0x000000070da00000, 0x000000070da00000, 0x000000070dc00000|  0%| F|  |TAMS 0x000000070da00000, 0x000000070da00000| Untracked 
|  81|0x000000070dc00000, 0x000000070dc00000, 0x000000070de00000|  0%| F|  |TAMS 0x000000070dc00000, 0x000000070dc00000| Untracked 
|  82|0x000000070de00000, 0x000000070de00000, 0x000000070e000000|  0%| F|  |TAMS 0x000000070de00000, 0x000000070de00000| Untracked 
|  83|0x000000070e000000, 0x000000070e000000, 0x000000070e200000|  0%| F|  |TAMS 0x000000070e000000, 0x000000070e000000| Untracked 
|  84|0x000000070e200000, 0x000000070e200000, 0x000000070e400000|  0%| F|  |TAMS 0x000000070e200000, 0x000000070e200000| Untracked 
|  85|0x000000070e400000, 0x000000070e400000, 0x000000070e600000|  0%| F|  |TAMS 0x000000070e400000, 0x000000070e400000| Untracked 
|  86|0x000000070e600000, 0x000000070e600000, 0x000000070e800000|  0%| F|  |TAMS 0x000000070e600000, 0x000000070e600000| Untracked 
|  87|0x000000070e800000, 0x000000070e800000, 0x000000070ea00000|  0%| F|  |TAMS 0x000000070e800000, 0x000000070e800000| Untracked 
|  88|0x000000070ea00000, 0x000000070ea00000, 0x000000070ec00000|  0%| F|  |TAMS 0x000000070ea00000, 0x000000070ea00000| Untracked 
|  89|0x000000070ec00000, 0x000000070ec00000, 0x000000070ee00000|  0%| F|  |TAMS 0x000000070ec00000, 0x000000070ec00000| Untracked 
|  90|0x000000070ee00000, 0x000000070ee00000, 0x000000070f000000|  0%| F|  |TAMS 0x000000070ee00000, 0x000000070ee00000| Untracked 
|  91|0x000000070f000000, 0x000000070f000000, 0x000000070f200000|  0%| F|  |TAMS 0x000000070f000000, 0x000000070f000000| Untracked 
|  92|0x000000070f200000, 0x000000070f200000, 0x000000070f400000|  0%| F|  |TAMS 0x000000070f200000, 0x000000070f200000| Untracked 
|  93|0x000000070f400000, 0x000000070f400000, 0x000000070f600000|  0%| F|  |TAMS 0x000000070f400000, 0x000000070f400000| Untracked 
|  94|0x000000070f600000, 0x000000070f600000, 0x000000070f800000|  0%| F|  |TAMS 0x000000070f600000, 0x000000070f600000| Untracked 
|  95|0x000000070f800000, 0x000000070f800000, 0x000000070fa00000|  0%| F|  |TAMS 0x000000070f800000, 0x000000070f800000| Untracked 
|  96|0x000000070fa00000, 0x000000070fa00000, 0x000000070fc00000|  0%| F|  |TAMS 0x000000070fa00000, 0x000000070fa00000| Untracked 
|  97|0x000000070fc00000, 0x000000070fc00000, 0x000000070fe00000|  0%| F|  |TAMS 0x000000070fc00000, 0x000000070fc00000| Untracked 
|  98|0x000000070fe00000, 0x000000070fe00000, 0x0000000710000000|  0%| F|  |TAMS 0x000000070fe00000, 0x000000070fe00000| Untracked 
|  99|0x0000000710000000, 0x0000000710100800, 0x0000000710200000| 50%| E|  |TAMS 0x0000000710000000, 0x0000000710000000| Complete 
| 100|0x0000000710200000, 0x0000000710400000, 0x0000000710400000|100%| E|CS|TAMS 0x0000000710200000, 0x0000000710200000| Complete 
| 101|0x0000000710400000, 0x0000000710600000, 0x0000000710600000|100%| E|CS|TAMS 0x0000000710400000, 0x0000000710400000| Complete 
| 102|0x0000000710600000, 0x0000000710800000, 0x0000000710800000|100%| E|CS|TAMS 0x0000000710600000, 0x0000000710600000| Complete 
| 103|0x0000000710800000, 0x0000000710a00000, 0x0000000710a00000|100%| E|CS|TAMS 0x0000000710800000, 0x0000000710800000| Complete 
| 104|0x0000000710a00000, 0x0000000710c00000, 0x0000000710c00000|100%| E|CS|TAMS 0x0000000710a00000, 0x0000000710a00000| Complete 
| 105|0x0000000710c00000, 0x0000000710e00000, 0x0000000710e00000|100%| E|CS|TAMS 0x0000000710c00000, 0x0000000710c00000| Complete 
| 106|0x0000000710e00000, 0x0000000711000000, 0x0000000711000000|100%| E|CS|TAMS 0x0000000710e00000, 0x0000000710e00000| Complete 
| 107|0x0000000711000000, 0x0000000711200000, 0x0000000711200000|100%| E|CS|TAMS 0x0000000711000000, 0x0000000711000000| Complete 
| 108|0x0000000711200000, 0x0000000711400000, 0x0000000711400000|100%| E|CS|TAMS 0x0000000711200000, 0x0000000711200000| Complete 
| 109|0x0000000711400000, 0x0000000711600000, 0x0000000711600000|100%| E|CS|TAMS 0x0000000711400000, 0x0000000711400000| Complete 
| 110|0x0000000711600000, 0x0000000711800000, 0x0000000711800000|100%| E|CS|TAMS 0x0000000711600000, 0x0000000711600000| Complete 
| 111|0x0000000711800000, 0x0000000711a00000, 0x0000000711a00000|100%| E|CS|TAMS 0x0000000711800000, 0x0000000711800000| Complete 
| 112|0x0000000711a00000, 0x0000000711c00000, 0x0000000711c00000|100%| E|CS|TAMS 0x0000000711a00000, 0x0000000711a00000| Complete 
| 113|0x0000000711c00000, 0x0000000711e00000, 0x0000000711e00000|100%| E|CS|TAMS 0x0000000711c00000, 0x0000000711c00000| Complete 
| 114|0x0000000711e00000, 0x0000000712000000, 0x0000000712000000|100%| E|CS|TAMS 0x0000000711e00000, 0x0000000711e00000| Complete 
| 115|0x0000000712000000, 0x0000000712200000, 0x0000000712200000|100%| E|CS|TAMS 0x0000000712000000, 0x0000000712000000| Complete 
| 116|0x0000000712200000, 0x0000000712400000, 0x0000000712400000|100%| E|CS|TAMS 0x0000000712200000, 0x0000000712200000| Complete 
| 117|0x0000000712400000, 0x0000000712600000, 0x0000000712600000|100%| E|CS|TAMS 0x0000000712400000, 0x0000000712400000| Complete 
| 118|0x0000000712600000, 0x0000000712800000, 0x0000000712800000|100%| E|CS|TAMS 0x0000000712600000, 0x0000000712600000| Complete 
| 119|0x0000000712800000, 0x0000000712a00000, 0x0000000712a00000|100%| E|CS|TAMS 0x0000000712800000, 0x0000000712800000| Complete 
| 120|0x0000000712a00000, 0x0000000712c00000, 0x0000000712c00000|100%| E|CS|TAMS 0x0000000712a00000, 0x0000000712a00000| Complete 
| 121|0x0000000712c00000, 0x0000000712e00000, 0x0000000712e00000|100%| E|CS|TAMS 0x0000000712c00000, 0x0000000712c00000| Complete 
| 122|0x0000000712e00000, 0x0000000713000000, 0x0000000713000000|100%| E|CS|TAMS 0x0000000712e00000, 0x0000000712e00000| Complete 
| 123|0x0000000713000000, 0x0000000713200000, 0x0000000713200000|100%| E|CS|TAMS 0x0000000713000000, 0x0000000713000000| Complete 
| 124|0x0000000713200000, 0x0000000713400000, 0x0000000713400000|100%| E|CS|TAMS 0x0000000713200000, 0x0000000713200000| Complete 
| 125|0x0000000713400000, 0x0000000713600000, 0x0000000713600000|100%| E|CS|TAMS 0x0000000713400000, 0x0000000713400000| Complete 
| 126|0x0000000713600000, 0x0000000713800000, 0x0000000713800000|100%| E|CS|TAMS 0x0000000713600000, 0x0000000713600000| Complete 

Card table byte_map: [0x000001e42caf0000,0x000001e42d2e0000] _byte_map_base: 0x000001e4292d3000

Marking Bits (Prev, Next): (CMBitMap*) 0x000001e41395d740, (CMBitMap*) 0x000001e41395d780
 Prev Bits: [0x000001e42dad0000, 0x000001e4319e8000)
 Next Bits: [0x000001e4319f0000, 0x000001e435908000)

Polling page: 0x000001e4139f0000

Metaspace:

Usage:
  Non-class:     11.39 MB used.
      Class:    881.16 KB used.
       Both:     12.25 MB used.

Virtual space:
  Non-class space:       16.00 MB reserved,      11.44 MB ( 71%) committed,  2 nodes.
      Class space:        1.00 GB reserved,     960.00 KB ( <1%) committed,  1 nodes.
              Both:        1.02 GB reserved,      12.38 MB (  1%) committed. 

Chunk freelists:
   Non-Class:  3.69 MB
       Class:  2.94 MB
        Both:  6.62 MB

MaxMetaspaceSize: 17179869184.00 GB
CompressedClassSpaceSize: 1.00 GB
 - commit_granule_bytes: 65536.
 - commit_granule_words: 8192.
 - virtual_space_node_default_size: 1048576.
 - enlarge_chunks_in_place: 1.
 - new_chunks_are_fully_committed: 0.
 - uncommit_free_chunks: 1.
 - use_allocation_guard: 0.
 - handle_deallocations: 1.


Internal statistics:

num_allocs_failed_limit: 0.
num_arena_births: 86.
num_arena_deaths: 0.
num_vsnodes_births: 3.
num_vsnodes_deaths: 0.
num_space_committed: 194.
num_space_uncommitted: 0.
num_chunks_returned_to_freelist: 0.
num_chunks_taken_from_freelist: 344.
num_chunk_merges: 0.
num_chunk_splits: 276.
num_chunks_enlarged: 230.
num_purges: 0.

CodeHeap 'non-profiled nmethods': size=120000Kb used=772Kb max_used=772Kb free=119227Kb
 bounds [0x000001e424370000, 0x000001e4245e0000, 0x000001e42b8a0000]
CodeHeap 'profiled nmethods': size=120000Kb used=3180Kb max_used=3180Kb free=116819Kb
 bounds [0x000001e41ce40000, 0x000001e41d160000, 0x000001e424370000]
CodeHeap 'non-nmethods': size=5760Kb used=1537Kb max_used=1565Kb free=4223Kb
 bounds [0x000001e41c8a0000, 0x000001e41cb10000, 0x000001e41ce40000]
 total_blobs=2609 nmethods=1686 adapters=836
 compilation: enabled
              stopped_count=0, restarted_count=0
 full_count=0

Compilation events (20 events):
Event: 56.863 Thread 0x000001e4383fc4b0 1677       4       jogamp.newt.DisplayImpl$7::run (8 bytes)
Event: 56.864 Thread 0x000001e4383fc4b0 nmethod 1677 0x000001e42442e290 code [0x000001e42442e420, 0x000001e42442e528]
Event: 58.805 Thread 0x000001e4383fc4b0 1678  s    4       java.lang.Throwable::fillInStackTrace (29 bytes)
Event: 58.806 Thread 0x000001e4383fc4b0 nmethod 1678 0x000001e42442e690 code [0x000001e42442e820, 0x000001e42442eb88]
Event: 60.460 Thread 0x000001e4383fc4b0 1679       4       java.lang.Throwable::<init> (34 bytes)
Event: 60.464 Thread 0x000001e4383fc4b0 nmethod 1679 0x000001e42442ec90 code [0x000001e42442ee60, 0x000001e42442f878]
Event: 60.820 Thread 0x000001e4383fc4b0 1680   !   4       jogamp.common.util.locks.RecursiveLockImpl01Unfairish::tryLock (582 bytes)
Event: 60.826 Thread 0x000001e4383fc4b0 nmethod 1680 0x000001e42442fa10 code [0x000001e42442fba0, 0x000001e424430078]
Event: 65.167 Thread 0x000001e4383fc4b0 1681       4       java.lang.ThreadLocal::set (30 bytes)
Event: 65.170 Thread 0x000001e4383fc4b0 nmethod 1681 0x000001e424430290 code [0x000001e424430420, 0x000001e424430658]
Event: 68.247 Thread 0x000001e4383fc4b0 1682       4       processing.opengl.PJOGL::enable (16 bytes)
Event: 68.248 Thread 0x000001e4383fc4b0 nmethod 1682 0x000001e424430810 code [0x000001e4244309a0, 0x000001e424430ae8]
Event: 68.354 Thread 0x000001e438406f20 1683       1       com.jogamp.newt.event.NEWTEvent::getEventType (5 bytes)
Event: 68.354 Thread 0x000001e438406f20 nmethod 1683 0x000001e424430c90 code [0x000001e424430e20, 0x000001e424430ef8]
Event: 69.114 Thread 0x000001e438406f20 1685       3       jdk.internal.loader.NativeLibraries::find (72 bytes)
Event: 69.114 Thread 0x000001e438406f20 nmethod 1685 0x000001e41d159f90 code [0x000001e41d15a1c0, 0x000001e41d15aa58]
Event: 69.114 Thread 0x000001e438406f20 1684       3       java.lang.ClassLoader::findNative (21 bytes)
Event: 69.115 Thread 0x000001e438406f20 nmethod 1684 0x000001e41d15ac90 code [0x000001e41d15ae60, 0x000001e41d15b078]
Event: 69.116 Thread 0x000001e4383fc4b0 1686       4       java.lang.CharacterData::of (124 bytes)
Event: 69.116 Thread 0x000001e4383fc4b0 nmethod 1686 0x000001e424430f90 code [0x000001e424431120, 0x000001e424431198]

GC Heap History (20 events):
Event: 56.484 GC heap before
{Heap before GC invocations=42 (full 0):
 garbage-first heap   total 260096K, used 163360K [0x0000000703a00000, 0x0000000800000000)
  region size 2048K, 76 young (155648K), 1 survivors (2048K)
 Metaspace       used 12500K, committed 12672K, reserved 1064960K
  class space    used 877K, committed 960K, reserved 1048576K
}
Event: 56.485 GC heap after
{Heap after GC invocations=43 (full 0):
 garbage-first heap   total 260096K, used 9760K [0x0000000703a00000, 0x0000000800000000)
  region size 2048K, 1 young (2048K), 1 survivors (2048K)
 Metaspace       used 12500K, committed 12672K, reserved 1064960K
  class space    used 877K, committed 960K, reserved 1048576K
}
Event: 57.903 GC heap before
{Heap before GC invocations=43 (full 0):
 garbage-first heap   total 260096K, used 163360K [0x0000000703a00000, 0x0000000800000000)
  region size 2048K, 76 young (155648K), 1 survivors (2048K)
 Metaspace       used 12500K, committed 12672K, reserved 1064960K
  class space    used 877K, committed 960K, reserved 1048576K
}
Event: 57.904 GC heap after
{Heap after GC invocations=44 (full 0):
 garbage-first heap   total 260096K, used 9760K [0x0000000703a00000, 0x0000000800000000)
  region size 2048K, 1 young (2048K), 1 survivors (2048K)
 Metaspace       used 12500K, committed 12672K, reserved 1064960K
  class space    used 877K, committed 960K, reserved 1048576K
}
Event: 59.345 GC heap before
{Heap before GC invocations=44 (full 0):
 garbage-first heap   total 260096K, used 163360K [0x0000000703a00000, 0x0000000800000000)
  region size 2048K, 76 young (155648K), 1 survivors (2048K)
 Metaspace       used 12500K, committed 12672K, reserved 1064960K
  class space    used 877K, committed 960K, reserved 1048576K
}
Event: 59.346 GC heap after
{Heap after GC invocations=45 (full 0):
 garbage-first heap   total 260096K, used 9766K [0x0000000703a00000, 0x0000000800000000)
  region size 2048K, 1 young (2048K), 1 survivors (2048K)
 Metaspace       used 12500K, committed 12672K, reserved 1064960K
  class space    used 877K, committed 960K, reserved 1048576K
}
Event: 60.685 GC heap before
{Heap before GC invocations=45 (full 0):
 garbage-first heap   total 260096K, used 163366K [0x0000000703a00000, 0x0000000800000000)
  region size 2048K, 76 young (155648K), 1 survivors (2048K)
 Metaspace       used 12500K, committed 12672K, reserved 1064960K
  class space    used 877K, committed 960K, reserved 1048576K
}
Event: 60.686 GC heap after
{Heap after GC invocations=46 (full 0):
 garbage-first heap   total 260096K, used 9768K [0x0000000703a00000, 0x0000000800000000)
  region size 2048K, 1 young (2048K), 1 survivors (2048K)
 Metaspace       used 12500K, committed 12672K, reserved 1064960K
  class space    used 877K, committed 960K, reserved 1048576K
}
Event: 62.114 GC heap before
{Heap before GC invocations=46 (full 0):
 garbage-first heap   total 260096K, used 163368K [0x0000000703a00000, 0x0000000800000000)
  region size 2048K, 76 young (155648K), 1 survivors (2048K)
 Metaspace       used 12500K, committed 12672K, reserved 1064960K
  class space    used 877K, committed 960K, reserved 1048576K
}
Event: 62.115 GC heap after
{Heap after GC invocations=47 (full 0):
 garbage-first heap   total 260096K, used 9768K [0x0000000703a00000, 0x0000000800000000)
  region size 2048K, 1 young (2048K), 1 survivors (2048K)
 Metaspace       used 12500K, committed 12672K, reserved 1064960K
  class space    used 877K, committed 960K, reserved 1048576K
}
Event: 63.475 GC heap before
{Heap before GC invocations=47 (full 0):
 garbage-first heap   total 260096K, used 163368K [0x0000000703a00000, 0x0000000800000000)
  region size 2048K, 76 young (155648K), 1 survivors (2048K)
 Metaspace       used 12500K, committed 12672K, reserved 1064960K
  class space    used 877K, committed 960K, reserved 1048576K
}
Event: 63.476 GC heap after
{Heap after GC invocations=48 (full 0):
 garbage-first heap   total 260096K, used 9768K [0x0000000703a00000, 0x0000000800000000)
  region size 2048K, 1 young (2048K), 1 survivors (2048K)
 Metaspace       used 12500K, committed 12672K, reserved 1064960K
  class space    used 877K, committed 960K, reserved 1048576K
}
Event: 64.818 GC heap before
{Heap before GC invocations=48 (full 0):
 garbage-first heap   total 260096K, used 163368K [0x0000000703a00000, 0x0000000800000000)
  region size 2048K, 76 young (155648K), 1 survivors (2048K)
 Metaspace       used 12500K, committed 12672K, reserved 1064960K
  class space    used 877K, committed 960K, reserved 1048576K
}
Event: 64.819 GC heap after
{Heap after GC invocations=49 (full 0):
 garbage-first heap   total 260096K, used 9768K [0x0000000703a00000, 0x0000000800000000)
  region size 2048K, 1 young (2048K), 1 survivors (2048K)
 Metaspace       used 12500K, committed 12672K, reserved 1064960K
  class space    used 877K, committed 960K, reserved 1048576K
}
Event: 66.177 GC heap before
{Heap before GC invocations=49 (full 0):
 garbage-first heap   total 260096K, used 163368K [0x0000000703a00000, 0x0000000800000000)
  region size 2048K, 76 young (155648K), 1 survivors (2048K)
 Metaspace       used 12500K, committed 12672K, reserved 1064960K
  class space    used 877K, committed 960K, reserved 1048576K
}
Event: 66.178 GC heap after
{Heap after GC invocations=50 (full 0):
 garbage-first heap   total 260096K, used 9766K [0x0000000703a00000, 0x0000000800000000)
  region size 2048K, 1 young (2048K), 1 survivors (2048K)
 Metaspace       used 12500K, committed 12672K, reserved 1064960K
  class space    used 877K, committed 960K, reserved 1048576K
}
Event: 67.470 GC heap before
{Heap before GC invocations=50 (full 0):
 garbage-first heap   total 260096K, used 163366K [0x0000000703a00000, 0x0000000800000000)
  region size 2048K, 76 young (155648K), 1 survivors (2048K)
 Metaspace       used 12500K, committed 12672K, reserved 1064960K
  class space    used 877K, committed 960K, reserved 1048576K
}
Event: 67.471 GC heap after
{Heap after GC invocations=51 (full 0):
 garbage-first heap   total 260096K, used 9768K [0x0000000703a00000, 0x0000000800000000)
  region size 2048K, 1 young (2048K), 1 survivors (2048K)
 Metaspace       used 12500K, committed 12672K, reserved 1064960K
  class space    used 877K, committed 960K, reserved 1048576K
}
Event: 68.679 GC heap before
{Heap before GC invocations=51 (full 0):
 garbage-first heap   total 260096K, used 163368K [0x0000000703a00000, 0x0000000800000000)
  region size 2048K, 76 young (155648K), 1 survivors (2048K)
 Metaspace       used 12500K, committed 12672K, reserved 1064960K
  class space    used 877K, committed 960K, reserved 1048576K
}
Event: 68.680 GC heap after
{Heap after GC invocations=52 (full 0):
 garbage-first heap   total 260096K, used 9766K [0x0000000703a00000, 0x0000000800000000)
  region size 2048K, 1 young (2048K), 1 survivors (2048K)
 Metaspace       used 12500K, committed 12672K, reserved 1064960K
  class space    used 877K, committed 960K, reserved 1048576K
}

Deoptimization events (20 events):
Event: 1.009 Thread 0x000001e43bcfa340 DEOPT PACKING pc=0x000001e4243d01c0 sp=0x000000a6aa8fec60
Event: 1.009 Thread 0x000001e43bcfa340 DEOPT UNPACKING pc=0x000001e41c8ef92e sp=0x000000a6aa8febf0 mode 2
Event: 1.024 Thread 0x000001e43bcfa340 DEOPT PACKING pc=0x000001e41d00d8e6 sp=0x000000a6aa8fec70
Event: 1.024 Thread 0x000001e43bcfa340 DEOPT UNPACKING pc=0x000001e41c8ee77e sp=0x000000a6aa8fe178 mode 0
Event: 1.024 Thread 0x000001e43bcfa340 Uncommon trap: trap_request=0xffffff45 fr.pc=0x000001e4243d0f70 relative=0x0000000000000350
Event: 1.024 Thread 0x000001e43bcfa340 Uncommon trap: reason=unstable_if action=reinterpret pc=0x000001e4243d0f70 method=energywaves.Mesh.advance(D)V @ 148 c2
Event: 1.024 Thread 0x000001e43bcfa340 DEOPT PACKING pc=0x000001e4243d0f70 sp=0x000000a6aa8fecd0
Event: 1.024 Thread 0x000001e43bcfa340 DEOPT UNPACKING pc=0x000001e41c8ef92e sp=0x000000a6aa8fec88 mode 2
Event: 1.033 Thread 0x000001e43bcfa340 DEOPT PACKING pc=0x000001e41d00d5b4 sp=0x000000a6aa8fec70
Event: 1.033 Thread 0x000001e43bcfa340 DEOPT UNPACKING pc=0x000001e41c8ee77e sp=0x000000a6aa8fe178 mode 0
Event: 1.167 Thread 0x000001e43bcfa340 DEOPT PACKING pc=0x000001e41d05c833 sp=0x000000a6aa8fece0
Event: 1.167 Thread 0x000001e43bcfa340 DEOPT UNPACKING pc=0x000001e41c8ee77e sp=0x000000a6aa8fe210 mode 0
Event: 1.359 Thread 0x000001e4393f8670 Uncommon trap: trap_request=0xffffff45 fr.pc=0x000001e4243d50ec relative=0x00000000000000cc
Event: 1.359 Thread 0x000001e4393f8670 Uncommon trap: reason=unstable_if action=reinterpret pc=0x000001e4243d50ec method=java.util.HashMap$HashIterator.<init>(Ljava/util/HashMap;)V @ 38 c2
Event: 1.359 Thread 0x000001e4393f8670 DEOPT PACKING pc=0x000001e4243d50ec sp=0x000000a6a97feb40
Event: 1.359 Thread 0x000001e4393f8670 DEOPT UNPACKING pc=0x000001e41c8ef92e sp=0x000000a6a97fea10 mode 2
Event: 69.111 Thread 0x000001e439b09690 Uncommon trap: trap_request=0xffffff45 fr.pc=0x000001e4243d5920 relative=0x0000000000000200
Event: 69.111 Thread 0x000001e439b09690 Uncommon trap: reason=unstable_if action=reinterpret pc=0x000001e4243d5920 method=java.util.HashMap$HashIterator.<init>(Ljava/util/HashMap;)V @ 38 c2
Event: 69.111 Thread 0x000001e439b09690 DEOPT PACKING pc=0x000001e4243d5920 sp=0x000000a6aa0fed30
Event: 69.111 Thread 0x000001e439b09690 DEOPT UNPACKING pc=0x000001e41c8ef92e sp=0x000000a6aa0fece8 mode 2

Classes unloaded (0 events):
No events

Classes redefined (0 events):
No events

Internal exceptions (20 events):
Event: 1.033 Thread 0x000001e43bcfa340 Exception <a 'java/lang/ArrayIndexOutOfBoundsException'{0x0000000712250c10}> (0x0000000712250c10) 
thrown [t:\workspace\open\src\hotspot\share\runtime\sharedRuntime.cpp, line 624]
Event: 1.033 Thread 0x000001e43bcfa340 Exception <a 'java/lang/ArrayIndexOutOfBoundsException'{0x0000000712250f58}> (0x0000000712250f58) 
thrown [t:\workspace\open\src\hotspot\share\runtime\sharedRuntime.cpp, line 624]
Event: 1.033 Thread 0x000001e43bcfa340 Exception <a 'java/lang/ArrayIndexOutOfBoundsException'{0x00000007122512a0}> (0x00000007122512a0) 
thrown [t:\workspace\open\src\hotspot\share\runtime\sharedRuntime.cpp, line 624]
Event: 1.033 Thread 0x000001e43bcfa340 Exception <a 'java/lang/ArrayIndexOutOfBoundsException'{0x00000007122515e8}> (0x00000007122515e8) 
thrown [t:\workspace\open\src\hotspot\share\runtime\sharedRuntime.cpp, line 624]
Event: 1.033 Thread 0x000001e43bcfa340 Exception <a 'java/lang/ArrayIndexOutOfBoundsException'{0x0000000712251930}> (0x0000000712251930) 
thrown [t:\workspace\open\src\hotspot\share\runtime\sharedRuntime.cpp, line 624]
Event: 1.033 Thread 0x000001e43bcfa340 Exception <a 'java/lang/ArrayIndexOutOfBoundsException'{0x0000000712251c78}> (0x0000000712251c78) 
thrown [t:\workspace\open\src\hotspot\share\runtime\sharedRuntime.cpp, line 624]
Event: 1.033 Thread 0x000001e43bcfa340 Exception <a 'java/lang/ArrayIndexOutOfBoundsException'{0x0000000712251fc0}> (0x0000000712251fc0) 
thrown [t:\workspace\open\src\hotspot\share\runtime\sharedRuntime.cpp, line 624]
Event: 1.033 Thread 0x000001e43bcfa340 Exception <a 'java/lang/ArrayIndexOutOfBoundsException'{0x0000000712252308}> (0x0000000712252308) 
thrown [t:\workspace\open\src\hotspot\share\runtime\sharedRuntime.cpp, line 624]
Event: 1.033 Thread 0x000001e43bcfa340 Exception <a 'java/lang/ArrayIndexOutOfBoundsException'{0x0000000712252650}> (0x0000000712252650) 
thrown [t:\workspace\open\src\hotspot\share\runtime\sharedRuntime.cpp, line 624]
Event: 1.033 Thread 0x000001e43bcfa340 Exception <a 'java/lang/ArrayIndexOutOfBoundsException'{0x0000000712252998}> (0x0000000712252998) 
thrown [t:\workspace\open\src\hotspot\share\runtime\sharedRuntime.cpp, line 624]
Event: 1.033 Thread 0x000001e43bcfa340 Exception <a 'java/lang/ArrayIndexOutOfBoundsException'{0x0000000712252ce0}> (0x0000000712252ce0) 
thrown [t:\workspace\open\src\hotspot\share\runtime\sharedRuntime.cpp, line 624]
Event: 1.033 Thread 0x000001e43bcfa340 Exception <a 'java/lang/ArrayIndexOutOfBoundsException'{0x0000000712253028}> (0x0000000712253028) 
thrown [t:\workspace\open\src\hotspot\share\runtime\sharedRuntime.cpp, line 624]
Event: 1.033 Thread 0x000001e43bcfa340 Exception <a 'java/lang/ArrayIndexOutOfBoundsException'{0x0000000712253370}> (0x0000000712253370) 
thrown [t:\workspace\open\src\hotspot\share\runtime\sharedRuntime.cpp, line 624]
Event: 1.033 Thread 0x000001e43bcfa340 Exception <a 'java/lang/ArrayIndexOutOfBoundsException'{0x00000007122536b8}> (0x00000007122536b8) 
thrown [t:\workspace\open\src\hotspot\share\runtime\sharedRuntime.cpp, line 624]
Event: 1.033 Thread 0x000001e43bcfa340 Exception <a 'java/lang/ArrayIndexOutOfBoundsException'{0x0000000712253a00}> (0x0000000712253a00) 
thrown [t:\workspace\open\src\hotspot\share\runtime\sharedRuntime.cpp, line 624]
Event: 1.033 Thread 0x000001e43bcfa340 Exception <a 'java/lang/ArrayIndexOutOfBoundsException'{0x0000000712253d48}> (0x0000000712253d48) 
thrown [t:\workspace\open\src\hotspot\share\runtime\sharedRuntime.cpp, line 624]
Event: 1.033 Thread 0x000001e43bcfa340 Exception <a 'java/lang/ArrayIndexOutOfBoundsException'{0x0000000712254090}> (0x0000000712254090) 
thrown [t:\workspace\open\src\hotspot\share\runtime\sharedRuntime.cpp, line 624]
Event: 1.033 Thread 0x000001e43bcfa340 Exception <a 'java/lang/ArrayIndexOutOfBoundsException'{0x00000007122543d8}> (0x00000007122543d8) 
thrown [t:\workspace\open\src\hotspot\share\runtime\sharedRuntime.cpp, line 624]
Event: 1.033 Thread 0x000001e43bcfa340 Exception <a 'java/lang/ArrayIndexOutOfBoundsException'{0x0000000712254720}> (0x0000000712254720) 
thrown [t:\workspace\open\src\hotspot\share\runtime\sharedRuntime.cpp, line 624]
Event: 69.088 Thread 0x000001e439b08bf0 Exception <a 'java/lang/InterruptedException'{0x0000000710500800}> (0x0000000710500800) 
thrown [t:\workspace\open\src\hotspot\share\runtime\objectMonitor.cpp, line 1705]

Events (20 events):
Event: 67.469 Executing  VM operation: G1CollectForAllocation
Event: 67.471 Executing  VM operation: G1CollectForAllocation done
Event: 68.472 Executing  VM operation: Cleanup
Event: 68.472 Executing  VM operation: Cleanup done
Event: 68.679 Executing  VM operation: G1CollectForAllocation
Event: 68.680 Executing  VM operation: G1CollectForAllocation done
Event: 69.088 Thread 0x000001e43bcfeda0 Thread added: 0x000001e43bcfeda0
Event: 69.088 Thread 0x000001e43bcfc870 Thread added: 0x000001e43bcfc870
Event: 69.088 Thread 0x000001e43bd002e0 Thread added: 0x000001e43bd002e0
Event: 69.088 Thread 0x000001e439b08bf0 Thread exited: 0x000001e439b08bf0
Event: 69.088 loading class java/nio/channels/ClosedChannelException
Event: 69.088 loading class java/nio/channels/ClosedChannelException done
Event: 69.088 Thread 0x000001e43bcfc320 Thread added: 0x000001e43bcfc320
Event: 69.088 Thread 0x000001e43bcfeda0 Thread exited: 0x000001e43bcfeda0
Event: 69.089 Thread 0x000001e4399bdac0 Thread exited: 0x000001e4399bdac0
Event: 69.090 Thread 0x000001e439451b40 Thread exited: 0x000001e439451b40
Event: 69.115 Thread 0x000001e439b09690 Thread exited: 0x000001e439b09690
Event: 69.117 Thread 0x000001e43bcfc870 Thread exited: 0x000001e43bcfc870
Event: 69.189 Thread 0x000001e43bd002e0 Thread exited: 0x000001e43bd002e0
Event: 69.190 Executing  VM operation: Exit


Dynamic libraries:
0x00007ff62cff0000 - 0x00007ff62d000000 	C:\Program Files\Java\jdk-16.0.2\bin\javaw.exe
0x00007fff8ebf0000 - 0x00007fff8ede5000 	C:\windows\SYSTEM32\ntdll.dll
0x00007fff8de50000 - 0x00007fff8df0e000 	C:\windows\System32\KERNEL32.DLL
0x00007fff8c5c0000 - 0x00007fff8c888000 	C:\windows\System32\KERNELBASE.dll
0x00007fff8cab0000 - 0x00007fff8cbb0000 	C:\windows\System32\ucrtbase.dll
0x00007fff84d80000 - 0x00007fff84d99000 	C:\Program Files\Java\jdk-16.0.2\bin\VCRUNTIME140.dll
0x00007fff851c0000 - 0x00007fff851d8000 	C:\Program Files\Java\jdk-16.0.2\bin\jli.dll
0x00007fff8eb00000 - 0x00007fff8ebac000 	C:\windows\System32\ADVAPI32.dll
0x00007fff8e270000 - 0x00007fff8e30e000 	C:\windows\System32\msvcrt.dll
0x00007fff8e310000 - 0x00007fff8e3ab000 	C:\windows\System32\sechost.dll
0x00007fff8d3a0000 - 0x00007fff8d4ca000 	C:\windows\System32\RPCRT4.dll
0x00007fff8d5f0000 - 0x00007fff8d791000 	C:\windows\System32\USER32.dll
0x00007fff8cbb0000 - 0x00007fff8cbd2000 	C:\windows\System32\win32u.dll
0x00007fff8cef0000 - 0x00007fff8cf1b000 	C:\windows\System32\GDI32.dll
0x00007fff63bb0000 - 0x00007fff63e4a000 	C:\windows\WinSxS\amd64_microsoft.windows.common-controls_6595b64144ccf1df_6.0.19041.1110_none_60b5254171f9507e\COMCTL32.dll
0x00007fff8c310000 - 0x00007fff8c41b000 	C:\windows\System32\gdi32full.dll
0x00007fff8c470000 - 0x00007fff8c50d000 	C:\windows\System32\msvcp_win.dll
0x00007fff85760000 - 0x00007fff8576a000 	C:\windows\SYSTEM32\VERSION.dll
0x00007fff8dd50000 - 0x00007fff8dd80000 	C:\windows\System32\IMM32.DLL
0x00007fff85750000 - 0x00007fff8575c000 	C:\Program Files\Java\jdk-16.0.2\bin\vcruntime140_1.dll
0x00007fff62820000 - 0x00007fff628b1000 	C:\Program Files\Java\jdk-16.0.2\bin\msvcp140.dll
0x00007fff10d20000 - 0x00007fff118cb000 	C:\Program Files\Java\jdk-16.0.2\bin\server\jvm.dll
0x00007fff8d5e0000 - 0x00007fff8d5e8000 	C:\windows\System32\PSAPI.DLL
0x00007fff670e0000 - 0x00007fff67107000 	C:\windows\SYSTEM32\WINMM.dll
0x00007fff85700000 - 0x00007fff85709000 	C:\windows\SYSTEM32\WSOCK32.dll
0x00007fff8dd80000 - 0x00007fff8ddeb000 	C:\windows\System32\WS2_32.dll
0x00007fff8ab90000 - 0x00007fff8aba2000 	C:\windows\SYSTEM32\kernel.appcore.dll
0x00007fff84e20000 - 0x00007fff84e2a000 	C:\Program Files\Java\jdk-16.0.2\bin\jimage.dll
0x00007fff8a0f0000 - 0x00007fff8a2d4000 	C:\windows\SYSTEM32\DBGHELP.DLL
0x00007fff79e40000 - 0x00007fff79e6c000 	C:\windows\SYSTEM32\dbgcore.DLL
0x00007fff8ca20000 - 0x00007fff8caa3000 	C:\windows\System32\bcryptPrimitives.dll
0x00007fff68960000 - 0x00007fff68985000 	C:\Program Files\Java\jdk-16.0.2\bin\java.dll
0x00007fff8e3c0000 - 0x00007fff8eaff000 	C:\windows\System32\SHELL32.dll
0x00007fff8a3f0000 - 0x00007fff8ab80000 	C:\windows\SYSTEM32\windows.storage.dll
0x00007fff8df10000 - 0x00007fff8e265000 	C:\windows\System32\combase.dll
0x00007fff8bcf0000 - 0x00007fff8bd1e000 	C:\windows\SYSTEM32\Wldp.dll
0x00007fff8d4d0000 - 0x00007fff8d57d000 	C:\windows\System32\SHCORE.dll
0x00007fff8db30000 - 0x00007fff8db85000 	C:\windows\System32\shlwapi.dll
0x00007fff8c250000 - 0x00007fff8c26f000 	C:\windows\SYSTEM32\profapi.dll
0x00007fff73f50000 - 0x00007fff73f69000 	C:\Program Files\Java\jdk-16.0.2\bin\net.dll
0x00007fff873d0000 - 0x00007fff874dc000 	C:\windows\SYSTEM32\WINHTTP.dll
0x00007fff8ba50000 - 0x00007fff8baba000 	C:\windows\system32\mswsock.dll
0x00007fff632a0000 - 0x00007fff632b3000 	C:\Program Files\Java\jdk-16.0.2\bin\nio.dll
0x00007fff63280000 - 0x00007fff63298000 	C:\Program Files\Java\jdk-16.0.2\bin\zip.dll
0x00007fff84880000 - 0x00007fff84890000 	C:\Program Files\Java\jdk-16.0.2\bin\verify.dll
0x00007fff413f0000 - 0x00007fff41570000 	C:\Program Files\Java\jdk-16.0.2\bin\awt.dll
0x00007fff8d880000 - 0x00007fff8d94d000 	C:\windows\System32\OLEAUT32.dll
0x00007fff89770000 - 0x00007fff89800000 	C:\windows\SYSTEM32\apphelp.dll
0x00007fff89950000 - 0x00007fff899ee000 	C:\windows\system32\uxtheme.dll
0x00007fff8cc40000 - 0x00007fff8cd55000 	C:\windows\System32\MSCTF.dll
0x00007fff8dc20000 - 0x00007fff8dd4a000 	C:\windows\System32\ole32.dll
0x00007fff89a40000 - 0x00007fff89a6f000 	C:\windows\system32\DWMAPI.DLL
0x00007fff75400000 - 0x00007fff75525000 	C:\windows\system32\opengl32.dll
0x00007fff84f00000 - 0x00007fff84f2c000 	C:\windows\SYSTEM32\GLU32.dll
0x00007fff8bc40000 - 0x00007fff8bc58000 	C:\windows\SYSTEM32\CRYPTSP.dll
0x00007fff8b370000 - 0x00007fff8b3a4000 	C:\windows\system32\rsaenh.dll
0x00007fff8c9f0000 - 0x00007fff8ca17000 	C:\windows\System32\bcrypt.dll
0x00007fff8c1d0000 - 0x00007fff8c1fe000 	C:\windows\SYSTEM32\USERENV.dll
0x00007fff8bc60000 - 0x00007fff8bc6c000 	C:\windows\SYSTEM32\CRYPTBASE.dll
0x00007fff8b6e0000 - 0x00007fff8b71b000 	C:\windows\SYSTEM32\IPHLPAPI.DLL
0x00007fff8e3b0000 - 0x00007fff8e3b8000 	C:\windows\System32\NSI.dll
0x00007fff85a60000 - 0x00007fff85a77000 	C:\windows\SYSTEM32\dhcpcsvc6.DLL
0x00007fff85a40000 - 0x00007fff85a5d000 	C:\windows\SYSTEM32\dhcpcsvc.DLL
0x00007fff8b720000 - 0x00007fff8b7eb000 	C:\windows\SYSTEM32\DNSAPI.dll
0x00000000637c0000 - 0x00000000637cd000 	C:\Users\sethr\AppData\Local\Temp\jogamp_0000\file_cache\jln15067590241409290774\jln16911742752246834863\natives\windows-amd64\gluegen-rt.dll
0x00007fff7ae80000 - 0x00007fff7ae87000 	C:\Program Files\Java\jdk-16.0.2\bin\jawt.dll
0x000000006a440000 - 0x000000006a44d000 	C:\Users\sethr\AppData\Local\Temp\jogamp_0000\file_cache\jln15067590241409290774\jln16911742752246834863\natives\windows-amd64\nativewindow_awt.dll
0x000000006c100000 - 0x000000006c10f000 	C:\Users\sethr\AppData\Local\Temp\jogamp_0000\file_cache\jln15067590241409290774\jln16911742752246834863\natives\windows-amd64\nativewindow_win32.dll
0x000000006cbc0000 - 0x000000006cbd3000 	C:\Users\sethr\AppData\Local\Temp\jogamp_0000\file_cache\jln15067590241409290774\jln16911742752246834863\natives\windows-amd64\newt.dll
0x00007fff867c0000 - 0x00007fff8686e000 	C:\windows\SYSTEM32\mscms.dll
0x00007fff86750000 - 0x00007fff86761000 	C:\windows\SYSTEM32\ColorAdapterClient.dll
0x00007fff507f0000 - 0x00007fff50833000 	C:\windows\SYSTEM32\icm32.dll
0x00007fff8cf20000 - 0x00007fff8d392000 	C:\windows\System32\setupapi.dll
0x00007fff8c420000 - 0x00007fff8c46e000 	C:\windows\System32\cfgmgr32.dll
0x00007fff8c0b0000 - 0x00007fff8c0e4000 	C:\windows\SYSTEM32\DEVOBJ.dll
0x00007fff8cbe0000 - 0x00007fff8cc40000 	C:\windows\System32\WINTRUST.dll
0x00007fff8c890000 - 0x00007fff8c9e6000 	C:\windows\System32\CRYPT32.dll
0x00007fff8be80000 - 0x00007fff8be92000 	C:\windows\SYSTEM32\MSASN1.dll
0x0000000064500000 - 0x00000000645b1000 	C:\Users\sethr\AppData\Local\Temp\jogamp_0000\file_cache\jln15067590241409290774\jln16911742752246834863\natives\windows-amd64\jogl_desktop.dll
0x0000000064340000 - 0x00000000643a2000 	C:\Users\sethr\AppData\Local\Temp\jogamp_0000\file_cache\jln15067590241409290774\jln16911742752246834863\natives\windows-amd64\jogl_mobile.dll
0x00007fff8cd60000 - 0x00007fff8ce09000 	C:\windows\System32\clbcatq.dll
0x00007ffef60a0000 - 0x00007ffef70a0000 	C:\windows\System32\DriverStore\FileRepository\iigd_dch.inf_amd64_14d6d9e2312c79ae\igxelpicd64.dll
0x00007fff8ad20000 - 0x00007fff8ae14000 	C:\windows\system32\dxgi.dll
0x00007fff25920000 - 0x00007fff25d84000 	C:\windows\System32\DriverStore\FileRepository\iigd_dch.inf_amd64_14d6d9e2312c79ae\igdml64.dll
0x00007fff70030000 - 0x00007fff703ed000 	C:\windows\System32\DriverStore\FileRepository\iigd_dch.inf_amd64_14d6d9e2312c79ae\igdgmm64.dll
0x00007fff6cdf0000 - 0x00007fff70028000 	C:\windows\System32\DriverStore\FileRepository\iigd_dch.inf_amd64_14d6d9e2312c79ae\igc64.dll
0x00007fff8c060000 - 0x00007fff8c0ab000 	C:\windows\SYSTEM32\powrprof.dll
0x00007fff8c040000 - 0x00007fff8c052000 	C:\windows\SYSTEM32\UMPDC.dll
0x00007fff742d0000 - 0x00007fff743c9000 	C:\windows\SYSTEM32\textinputframework.dll
0x00007fff89530000 - 0x00007fff89622000 	C:\windows\System32\CoreMessaging.dll
0x00007fff891d0000 - 0x00007fff8952e000 	C:\windows\System32\CoreUIComponents.dll
0x00007fff8b000000 - 0x00007fff8b033000 	C:\windows\SYSTEM32\ntmarta.dll
0x00007fff88540000 - 0x00007fff88694000 	C:\windows\SYSTEM32\wintypes.dll
0x00007fff791a0000 - 0x00007fff79206000 	C:\windows\system32\Oleacc.dll

dbghelp: loaded successfully - version: 4.0.5 - missing functions: none
symbol engine: initialized successfully - sym options: 0x614 - pdb path: .;C:\Program Files\Java\jdk-16.0.2\bin;C:\windows\SYSTEM32;C:\windows\WinSxS\amd64_microsoft.windows.common-controls_6595b64144ccf1df_6.0.19041.1110_none_60b5254171f9507e;C:\Program Files\Java\jdk-16.0.2\bin\server;C:\Users\sethr\AppData\Local\Temp\jogamp_0000\file_cache\jln15067590241409290774\jln16911742752246834863\natives\windows-amd64;C:\windows\System32\DriverStore\FileRepository\iigd_dch.inf_amd64_14d6d9e2312c79ae

VM Arguments:
jvm_args: -Dfile.encoding=Cp1252 -XX:+ShowCodeDetailsInExceptionMessages 
java_command: energywaves.Main
java_class_path (initial): C:\Users\sethr\eclipse-workspace\energywaves\target\classes;C:\Users\sethr\.m2\repository\org\processing\core\3.3.6\core-3.3.6.jar;C:\Users\sethr\.m2\repository\org\jogamp\gluegen\gluegen-rt-main\2.3.2\gluegen-rt-main-2.3.2.jar;C:\Users\sethr\.m2\repository\org\jogamp\gluegen\gluegen-rt\2.3.2\gluegen-rt-2.3.2.jar;C:\Users\sethr\.m2\repository\org\jogamp\gluegen\gluegen-rt\2.3.2\gluegen-rt-2.3.2-natives-android-aarch64.jar;C:\Users\sethr\.m2\repository\org\jogamp\gluegen\gluegen-rt\2.3.2\gluegen-rt-2.3.2-natives-android-armv6.jar;C:\Users\sethr\.m2\repository\org\jogamp\gluegen\gluegen-rt\2.3.2\gluegen-rt-2.3.2-natives-linux-amd64.jar;C:\Users\sethr\.m2\repository\org\jogamp\gluegen\gluegen-rt\2.3.2\gluegen-rt-2.3.2-natives-linux-armv6.jar;C:\Users\sethr\.m2\repository\org\jogamp\gluegen\gluegen-rt\2.3.2\gluegen-rt-2.3.2-natives-linux-armv6hf.jar;C:\Users\sethr\.m2\repository\org\jogamp\gluegen\gluegen-rt\2.3.2\gluegen-rt-2.3.2-natives-linux-i586.jar;C:\Users\sethr\.m2\repository\org\jogamp\gluegen\gluegen-rt\2.3.2\gluegen-rt-2.3.2-natives-macosx-universal.jar;C:\Users\sethr\.m2\repository\org\jogamp\gluegen\gluegen-rt\2.3.2\gluegen-rt-2.3.2-natives-solaris-amd64.jar;C:\Users\sethr\.m2\repository\org\jogamp\gluegen\gluegen-rt\2.3.2\gluegen-rt-2.3.2-natives-solaris-i586.jar;C:\Users\sethr\.m2\repository\org\jogamp\gluegen\gluegen-rt\2.3.2\gluegen-rt-2.3.2-natives-windows-amd64.jar;C:\Users\sethr\.m2\repository\org\jogamp\gluegen\gluegen-rt\2.3.2\gluegen-rt-2.3.2-natives-windows-i586.jar;C:\Users\sethr\.m2\repository\org\jogamp\jogl\jogl-all-main\2.3.2\jogl-all-main-2.3.2.jar;C:\Users\sethr\.m2\repository\org\jogamp\jogl\jogl-all\2.3.2\jogl-all-2.3.2.jar;C:\Users\sethr\.m2\repository\org\jogamp\jogl\jogl-all\2.3.2\jogl-all-2.3.2-natives-android-aarch64.jar;C:\Users\sethr\.m2\repository\org\jogamp\jogl\jogl-all\2.3.2\jogl-all-2.3.2-natives-android-armv6.jar;C:\Users\sethr\.m2\repository\org\jogamp\jogl\jogl-all\2.3.2\jogl-all-2.3.2-natives-l
Launcher Type: SUN_STANDARD

[Global flags]
     intx CICompilerCount                          = 4                                         {product} {ergonomic}
     uint ConcGCThreads                            = 2                                         {product} {ergonomic}
     uint G1ConcRefinementThreads                  = 8                                         {product} {ergonomic}
   size_t G1HeapRegionSize                         = 2097152                                   {product} {ergonomic}
    uintx GCDrainStackTargetSize                   = 64                                        {product} {ergonomic}
   size_t InitialHeapSize                          = 266338304                                 {product} {ergonomic}
   size_t MarkStackSize                            = 4194304                                   {product} {ergonomic}
   size_t MaxHeapSize                              = 4234149888                                {product} {ergonomic}
   size_t MaxNewSize                               = 2539651072                                {product} {ergonomic}
   size_t MinHeapDeltaBytes                        = 2097152                                   {product} {ergonomic}
   size_t MinHeapSize                              = 8388608                                   {product} {ergonomic}
    uintx NonNMethodCodeHeapSize                   = 5839372                                {pd product} {ergonomic}
    uintx NonProfiledCodeHeapSize                  = 122909434                              {pd product} {ergonomic}
    uintx ProfiledCodeHeapSize                     = 122909434                              {pd product} {ergonomic}
    uintx ReservedCodeCacheSize                    = 251658240                              {pd product} {ergonomic}
     bool SegmentedCodeCache                       = true                                      {product} {ergonomic}
     bool ShowCodeDetailsInExceptionMessages       = true                                   {manageable} {command line}
   size_t SoftMaxHeapSize                          = 4234149888                             {manageable} {ergonomic}
     bool UseCompressedClassPointers               = true                           {product lp64_product} {ergonomic}
     bool UseCompressedOops                        = true                           {product lp64_product} {ergonomic}
     bool UseG1GC                                  = true                                      {product} {ergonomic}
     bool UseLargePagesIndividualAllocation        = false                                  {pd product} {ergonomic}

Logging:
Log output configuration:
 #0: stdout all=off uptime,level,tags
 #1: stderr all=off uptime,level,tags

Environment Variables:
PATH=C:\Program Files\Oculus\Support\oculus-runtime;C:\Program Files\Common Files\Oracle\Java\javapath;C:\windows\system32;C:\windows;C:\windows\System32\Wbem;C:\windows\System32\WindowsPowerShell\v1.0\;C:\windows\System32\OpenSSH\;C:\MinGW\mingw32\bin;C:\ProgramData\chocolatey\bin;C:\ProgramData\chocolatey\bin\make.exe;C:\Program Files\Git\cmd;C:\Program Files\nodejs\;C:\Users\sethr\AppData\Local\Programs\Python\Python39\Scripts\;C:\Users\sethr\AppData\Local\Programs\Python\Python39\;C:\Users\sethr\AppData\Local\Microsoft\WindowsApps;C:\Users\sethr\AppData\Local\Programs\Microsoft VS Code\bin;C:\Users\sethr\AppData\Local\GitHubDesktop\bin;C:\Users\sethr\AppData\Roaming\npm
USERNAME=sethr
OS=Windows_NT
PROCESSOR_IDENTIFIER=Intel64 Family 6 Model 140 Stepping 1, GenuineIntel



---------------  S Y S T E M  ---------------

OS:
 Windows 10 , 64 bit Build 19041 (10.0.19041.1348)
OS uptime: 30 days 19:27 hours

CPU: total 8 (initial active 8) (4 cores per cpu, 2 threads per core) family 6 model 140 stepping 1 microcode 0x86, cx8, cmov, fxsr, ht, mmx, 3dnowpref, sse, sse2, sse3, ssse3, sse4.1, sse4.2, popcnt, lzcnt, tsc, tscinvbit, avx, avx2, aes, erms, clmul, bmi1, bmi2, adx, avx512f, avx512dq, avx512cd, avx512bw, avx512vl, sha, fma, vzeroupper, avx512_vpopcntdq, avx512_vpclmulqdq, avx512_vaes, avx512_vnni, clflush, clflushopt, clwb, avx512_vmbi2, avx512_vmbi

Memory: 4k page, system-wide physical 16149M (6829M free)
TotalPageFile size 27525M (AvailPageFile size 7663M)
current process WorkingSet (physical memory assigned to process): 429M, peak: 433M
current process commit charge ("private bytes"): 521M, peak: 534M

vm_info: Java HotSpot(TM) 64-Bit Server VM (16.0.2+7-67) for windows-amd64 JRE (16.0.2+7-67), built on Jun  8 2021 23:24:19 by "mach5one" with MS VC++ 16.7 (VS2019)

END.
