#
# A fatal error has been detected by the Java Runtime Environment:
#
#  EXCEPTION_ACCESS_VIOLATION (0xc0000005) at pc=0x00007ffc70ca2c4c, pid=9452, tid=564
#
# JRE version: Java(TM) SE Runtime Environment (16.0.2+7) (build 16.0.2+7-67)
# Java VM: Java HotSpot(TM) 64-Bit Server VM (16.0.2+7-67, mixed mode, sharing, tiered, compressed oops, compressed class ptrs, g1 gc, windows-amd64)
# Problematic frame:
# C  [igxelpicd64.dll+0x282c4c]
#
# No core dump will be written. Minidumps are not enabled by default on client versions of Windows
#
# If you would like to submit a bug report, please visit:
#   https://bugreport.java.com/bugreport/crash.jsp
#

---------------  S U M M A R Y ------------

Command Line: -Dfile.encoding=Cp1252 -XX:+ShowCodeDetailsInExceptionMessages energywaves.Main

Host: 11th Gen Intel(R) Core(TM) i7-1165G7 @ 2.80GHz, 8 cores, 15G,  Windows 10 , 64 bit Build 19041 (10.0.19041.1348)
Time: Thu Dec 16 14:27:29 2021 Eastern Standard Time elapsed time: 33.322452 seconds (0d 0h 0m 33s)

---------------  T H R E A D  ---------------

Current thread (0x000002b5ad7592e0):  VMThread "VM Thread" [stack: 0x000000eaf0800000,0x000000eaf0900000] [id=564]

Stack: [0x000000eaf0800000,0x000000eaf0900000],  sp=0x000000eaf08fe580,  free space=1017k
Native frames: (J=compiled Java code, j=interpreted, Vv=VM code, C=native code)
C  [igxelpicd64.dll+0x282c4c]


siginfo: EXCEPTION_ACCESS_VIOLATION (0xc0000005), reading address 0x00000000000356f8


Register to memory mapping:

RIP=0x00007ffc70ca2c4c igxelpicd64.dll
RAX=0x000002b5b01de270 points into unknown readable memory: 0x000000000004c0f3 | f3 c0 04 00 00 00 00 00
RBX=0x000002b5aecd5370 points into unknown readable memory: 0xffffffffffffffff | ff ff ff ff ff ff ff ff
RCX=0x0 is NULL
RDX=0x0000000000000002 is an unknown value
RSP=0x000000eaf08fe580 points into unknown readable memory: 0x000002b5aecd5370 | 70 53 cd ae b5 02 00 00
RBP=0x0000000000000016 is an unknown value
RSI=0x000002b5aee384b0 points into unknown readable memory: 0x0000000000000000 | 00 00 00 00 00 00 00 00
RDI=0x0 is NULL
R8 =0x0000000000000014 is an unknown value
R9 =0x0 is NULL
R10=0x0 is NULL
R11=0x0000000000000246 is an unknown value
R12=0x000002b5b01de6a8 points into unknown readable memory: 0x000002b5b01de730 | 30 e7 1d b0 b5 02 00 00
R13=0x0 is NULL
R14=0x000002b5b01de0e0 points into unknown readable memory: 0x000002b5afc57d30 | 30 7d c5 af b5 02 00 00
R15=0x0 is NULL


Registers:
RAX=0x000002b5b01de270, RBX=0x000002b5aecd5370, RCX=0x0000000000000000, RDX=0x0000000000000002
RSP=0x000000eaf08fe580, RBP=0x0000000000000016, RSI=0x000002b5aee384b0, RDI=0x0000000000000000
R8 =0x0000000000000014, R9 =0x0000000000000000, R10=0x0000000000000000, R11=0x0000000000000246
R12=0x000002b5b01de6a8, R13=0x0000000000000000, R14=0x000002b5b01de0e0, R15=0x0000000000000000
RIP=0x00007ffc70ca2c4c, EFLAGS=0x0000000000010202

Top of Stack: (sp=0x000000eaf08fe580)
0x000000eaf08fe580:   000002b5aecd5370 00007ffcfb71d859
0x000000eaf08fe590:   000000eaf08fe618 0000000000000000
0x000000eaf08fe5a0:   0000000000000054 000002b5aecd5370
0x000000eaf08fe5b0:   0000000000000000 00007ffcfc650ba4
0x000000eaf08fe5c0:   000000007a000004 0000000000000000
0x000000eaf08fe5d0:   0000000000000000 000002b5b035ecb8
0x000000eaf08fe5e0:   000000000004c52d 0000000000000000
0x000000eaf08fe5f0:   0000000000000014 0000000000000000
0x000000eaf08fe600:   0000000000000000 000000eaf08fe720
0x000000eaf08fe610:   000002b5aee384b0 00007ffc70ad769c
0x000000eaf08fe620:   000002b500000016 000002b5b01de730
0x000000eaf08fe630:   0000000000000000 000000007a000000
0x000000eaf08fe640:   000000ea000008f4 0000b802196a0000
0x000000eaf08fe650:   0000000000000000 000002b5889c0000
0x000000eaf08fe660:   0000000000000000 000000007a000004
0x000000eaf08fe670:   00000000000004b4 0000000000000000 

Instructions: (pc=0x00007ffc70ca2c4c)
0x00007ffc70ca2b4c:   41 bf 20 00 00 00 48 8b 04 38 4d 8b 3c 07 0f b6
0x00007ffc70ca2b5c:   bc 24 b0 00 00 00 4c 3b 3d d7 f8 cb 00 41 0f 44
0x00007ffc70ca2b6c:   e9 89 ac 24 a0 00 00 00 48 85 c9 0f 84 d4 07 00
0x00007ffc70ca2b7c:   00 0f 1f 00 4c 8b f1 4c 8d a1 c8 05 00 00 49 8b
0x00007ffc70ca2b8c:   04 24 48 89 84 24 a8 00 00 00 40 84 ff 74 10 48
0x00007ffc70ca2b9c:   8b d1 48 8b 09 e8 ea 8d e3 ff e9 4f 07 00 00 8b
0x00007ffc70ca2bac:   96 d0 01 00 00 48 8b 05 58 dd bb 00 83 b8 64 03
0x00007ffc70ca2bbc:   00 00 02 0f 85 19 02 00 00 83 fa 10 73 0e 48 8d
0x00007ffc70ca2bcc:   42 04 48 8d 04 c2 48 8d 04 c1 eb 60 8d 4a f0 8b
0x00007ffc70ca2bdc:   c1 c1 e8 04 83 f8 03 73 1d 0f ae e8 83 e1 0f 4d
0x00007ffc70ca2bec:   8b 84 c6 80 05 00 00 4d 85 c0 74 25 48 8d 0c c9
0x00007ffc70ca2bfc:   49 8d 04 c8 eb 36 49 8b 86 98 05 00 00 48 85 c0
0x00007ffc70ca2c0c:   74 0f 66 90 39 10 74 2f 48 8b 40 50 48 85 c0 75
0x00007ffc70ca2c1c:   f3 41 80 be a0 05 00 00 00 74 22 8b c2 83 e0 0f
0x00007ffc70ca2c2c:   48 8d 04 c0 48 8d 40 20 49 8d 04 c6 48 85 c0 74
0x00007ffc70ca2c3c:   0c 48 8b 48 08 eb 09 48 83 c0 08 eb ef 49 8b c9
0x00007ffc70ca2c4c:   49 3b 8f f8 56 03 00 0f 86 85 01 00 00 83 fa 10
0x00007ffc70ca2c5c:   73 0a 48 8d 42 04 48 8d 04 c2 eb 5c 8d 4a f0 8b
0x00007ffc70ca2c6c:   c1 c1 e8 04 83 f8 03 73 1d 0f ae e8 83 e1 0f 4d
0x00007ffc70ca2c7c:   8b 84 c6 80 05 00 00 4d 85 c0 74 25 48 8d 0c c9
0x00007ffc70ca2c8c:   49 8d 04 c8 eb 36 49 8b 86 98 05 00 00 48 85 c0
0x00007ffc70ca2c9c:   74 0f 66 90 39 10 74 2f 48 8b 40 50 48 85 c0 75
0x00007ffc70ca2cac:   f3 41 80 be a0 05 00 00 00 74 22 8b c2 83 e0 0f
0x00007ffc70ca2cbc:   48 8d 04 c0 48 8d 40 20 49 8d 04 c6 48 85 c0 74
0x00007ffc70ca2ccc:   0c 48 8b 48 08 eb 09 48 83 c0 08 eb ef 49 8b c9
0x00007ffc70ca2cdc:   49 3b 8e 40 06 00 00 0f 86 f5 00 00 00 48 8b 86
0x00007ffc70ca2cec:   80 02 00 00 49 89 04 24 4c 89 b6 80 02 00 00 ff
0x00007ffc70ca2cfc:   86 88 02 00 00 ba 01 00 00 00 49 8b 4e 08 e8 41
0x00007ffc70ca2d0c:   28 59 00 0f b7 c8 48 2b c1 48 05 00 00 01 00 48
0x00007ffc70ca2d1c:   01 86 90 02 00 00 ba 01 00 00 00 49 8b 4e 08 e8
0x00007ffc70ca2d2c:   20 28 59 00 48 01 86 a0 02 00 00 85 ed 74 75 49
0x00007ffc70ca2d3c:   8b 9f 58 4f 03 00 0f 57 c0 f3 0f 7f 44 24 30 c7 


Stack slot to memory mapping:
stack at sp + 0 slots: 0x000002b5aecd5370 points into unknown readable memory: 0xffffffffffffffff | ff ff ff ff ff ff ff ff
stack at sp + 1 slots: 0x00007ffcfb71d859 USER32.dll
stack at sp + 2 slots: 0x000000eaf08fe618 points into unknown readable memory: 0x00007ffc70ad769c | 9c 76 ad 70 fc 7f 00 00
stack at sp + 3 slots: 0x0 is NULL
stack at sp + 4 slots: 0x0000000000000054 is an unknown value
stack at sp + 5 slots: 0x000002b5aecd5370 points into unknown readable memory: 0xffffffffffffffff | ff ff ff ff ff ff ff ff
stack at sp + 6 slots: 0x0 is NULL
stack at sp + 7 slots: 0x00007ffcfc650ba4 ntdll.dll

VM_Operation (0x000000eaf27fe8e0): Exit, mode: safepoint, requested by thread 0x000002b5ae4fb5d0


---------------  P R O C E S S  ---------------

Threads class SMR info:
_java_thread_list=0x000002b5b0047760, length=16, elements={
0x000002b5ad75c470, 0x000002b5ad75d720, 0x000002b5ad76c9f0, 0x000002b5ad76d500,
0x000002b5ad7745e0, 0x000002b5ad774ef0, 0x000002b5ad77b030, 0x000002b5ad79c1e0,
0x000002b5ad7a0b40, 0x000002b5ae21ff20, 0x000002b5ae225d00, 0x000002b5ae4fa5c0,
0x000002b5ae4fdb00, 0x000002b5ae4fb080, 0x000002b5ae4fb5d0, 0x000002b5ae4fc5c0
}

Java Threads: ( => current thread )
  0x000002b5ad75c470 JavaThread "Reference Handler" daemon [_thread_blocked, id=17244, stack(0x000000eaf0900000,0x000000eaf0a00000)]
  0x000002b5ad75d720 JavaThread "Finalizer" daemon [_thread_blocked, id=10216, stack(0x000000eaf0a00000,0x000000eaf0b00000)]
  0x000002b5ad76c9f0 JavaThread "Signal Dispatcher" daemon [_thread_blocked, id=656, stack(0x000000eaf0b00000,0x000000eaf0c00000)]
  0x000002b5ad76d500 JavaThread "Attach Listener" daemon [_thread_blocked, id=18044, stack(0x000000eaf0c00000,0x000000eaf0d00000)]
  0x000002b5ad7745e0 JavaThread "Service Thread" daemon [_thread_blocked, id=8888, stack(0x000000eaf0d00000,0x000000eaf0e00000)]
  0x000002b5ad774ef0 JavaThread "Monitor Deflation Thread" daemon [_thread_blocked, id=15196, stack(0x000000eaf0e00000,0x000000eaf0f00000)]
  0x000002b5ad77b030 JavaThread "C2 CompilerThread0" daemon [_thread_blocked, id=8700, stack(0x000000eaf0f00000,0x000000eaf1000000)]
  0x000002b5ad79c1e0 JavaThread "C1 CompilerThread0" daemon [_thread_blocked, id=18128, stack(0x000000eaf1000000,0x000000eaf1100000)]
  0x000002b5ad7a0b40 JavaThread "Sweeper thread" daemon [_thread_blocked, id=10088, stack(0x000000eaf1100000,0x000000eaf1200000)]
  0x000002b5ae21ff20 JavaThread "Notification Thread" daemon [_thread_blocked, id=11828, stack(0x000000eaf1200000,0x000000eaf1300000)]
  0x000002b5ae225d00 JavaThread "Common-Cleaner" daemon [_thread_blocked, id=3148, stack(0x000000eaf1400000,0x000000eaf1500000)]
  0x000002b5ae4fa5c0 JavaThread "Java2D Disposer" daemon [_thread_blocked, id=13992, stack(0x000000eaf1500000,0x000000eaf1600000)]
  0x000002b5ae4fdb00 JavaThread "HighResTimerThread" daemon [_thread_blocked, id=13364, stack(0x000000eaf2300000,0x000000eaf2400000)]
  0x000002b5ae4fb080 JavaThread "DestroyJavaVM" [_thread_blocked, id=18052, stack(0x000000eaf0200000,0x000000eaf0300000)]
  0x000002b5ae4fb5d0 JavaThread "main-FPSAWTAnimator#00-Timer0-FPSAWTAnimator#00-Timer1" [_thread_blocked, id=12708, stack(0x000000eaf2700000,0x000000eaf2800000)]
  0x000002b5ae4fc5c0 JavaThread "AWT-Shutdown" [_thread_blocked, id=15536, stack(0x000000eaf2400000,0x000000eaf2500000)]

Other Threads:
=>0x000002b5ad7592e0 VMThread "VM Thread" [stack: 0x000000eaf0800000,0x000000eaf0900000] [id=564]
  0x000002b58acacaf0 GCTaskThread "GC Thread#0" [stack: 0x000000eaf0300000,0x000000eaf0400000] [id=4076]
  0x000002b5aec4aed0 GCTaskThread "GC Thread#1" [stack: 0x000000eaf1a00000,0x000000eaf1b00000] [id=18376]
  0x000002b5aebf72c0 GCTaskThread "GC Thread#2" [stack: 0x000000eaf1b00000,0x000000eaf1c00000] [id=8672]
  0x000002b5aede6470 GCTaskThread "GC Thread#3" [stack: 0x000000eaf1c00000,0x000000eaf1d00000] [id=15748]
  0x000002b5aede6780 GCTaskThread "GC Thread#4" [stack: 0x000000eaf1d00000,0x000000eaf1e00000] [id=9256]
  0x000002b5aede6a90 GCTaskThread "GC Thread#5" [stack: 0x000000eaf1e00000,0x000000eaf1f00000] [id=12804]
  0x000002b5afcef390 GCTaskThread "GC Thread#6" [stack: 0x000000eaf2500000,0x000000eaf2600000] [id=17836]
  0x000002b5afcef6a0 GCTaskThread "GC Thread#7" [stack: 0x000000eaf2800000,0x000000eaf2900000] [id=15404]
  0x000002b58acbef40 ConcurrentGCThread "G1 Main Marker" terminated
  0x000002b58acbf940 ConcurrentGCThread "G1 Conc#0" [stack: 0x000000eaf0500000,0x000000eaf0600000] [id=12512]
  0x000002b58ad35860 ConcurrentGCThread "G1 Refine#0" terminated
  0x000002b5ad6127a0 ConcurrentGCThread "G1 Service" terminated

Threads with active compile tasks:

VM state: at safepoint (shutting down)

VM Mutex/Monitor currently owned by a thread:  ([mutex/lock_event])
[0x000002b58ac591c0] Threads_lock - owner thread: 0x000002b5ad7592e0
[0x000002b58ac58a70] Heap_lock - owner thread: 0x000002b5ae4fb5d0

Heap address: 0x0000000703a00000, size: 4038 MB, Compressed Oops mode: Zero based, Oop shift amount: 3

CDS archive(s) mapped at: [0x0000000800000000-0x0000000800bb0000-0x0000000800bb0000), size 12255232, SharedBaseAddress: 0x0000000800000000, ArchiveRelocationMode: 0.
Compressed class space mapped at: 0x0000000800c00000-0x0000000840c00000, reserved size: 1073741824
Narrow klass base: 0x0000000800000000, Narrow klass shift: 3, Narrow klass range: 0x100000000

GC Precious Log:
 CPUs: 8 total, 8 available
 Memory: 16149M
 Large Page Support: Disabled
 NUMA Support: Disabled
 Compressed Oops: Enabled (Zero based)
 Heap Region Size: 2M
 Heap Min Capacity: 8M
 Heap Initial Capacity: 254M
 Heap Max Capacity: 4038M
 Pre-touch: Disabled
 Parallel Workers: 8
 Concurrent Workers: 2
 Concurrent Refinement Workers: 8
 Periodic GC: Disabled

Heap:
 garbage-first heap   total 432128K, used 218184K [0x0000000703a00000, 0x0000000800000000)
  region size 2048K, 20 young (40960K), 1 survivors (2048K)
 Metaspace       used 12534K, committed 12736K, reserved 1064960K
  class space    used 880K, committed 960K, reserved 1048576K

Heap Regions: E=young(eden), S=young(survivor), O=old, HS=humongous(starts), HC=humongous(continues), CS=collection set, F=free, OA=open archive, CA=closed archive, TAMS=top-at-mark-start (previous, next)
|   0|0x0000000703a00000, 0x0000000703c00000, 0x0000000703c00000|100%| O|  |TAMS 0x0000000703a00000, 0x0000000703c00000| Untracked 
|   1|0x0000000703c00000, 0x0000000703e00000, 0x0000000703e00000|100%| O|  |TAMS 0x0000000703c00000, 0x0000000703e00000| Untracked 
|   2|0x0000000703e00000, 0x0000000704000000, 0x0000000704000000|100%| O|  |TAMS 0x0000000703e00000, 0x0000000704000000| Untracked 
|   3|0x0000000704000000, 0x0000000704200000, 0x0000000704200000|100%| O|  |TAMS 0x0000000704000000, 0x0000000704200000| Untracked 
|   4|0x0000000704200000, 0x0000000704400000, 0x0000000704400000|100%| O|  |TAMS 0x0000000704200000, 0x0000000704400000| Untracked 
|   5|0x0000000704400000, 0x0000000704600000, 0x0000000704600000|100%|HS|  |TAMS 0x0000000704400000, 0x0000000704600000| Complete 
|   6|0x0000000704600000, 0x0000000704800000, 0x0000000704800000|100%|HC|  |TAMS 0x0000000704600000, 0x0000000704800000| Complete 
|   7|0x0000000704800000, 0x0000000704a00000, 0x0000000704a00000|100%|HC|  |TAMS 0x0000000704800000, 0x0000000704a00000| Complete 
|   8|0x0000000704a00000, 0x0000000704c00000, 0x0000000704c00000|100%|HC|  |TAMS 0x0000000704a00000, 0x0000000704c00000| Complete 
|   9|0x0000000704c00000, 0x0000000704e00000, 0x0000000704e00000|100%|HC|  |TAMS 0x0000000704c00000, 0x0000000704e00000| Complete 
|  10|0x0000000704e00000, 0x0000000705000000, 0x0000000705000000|100%|HC|  |TAMS 0x0000000704e00000, 0x0000000705000000| Complete 
|  11|0x0000000705000000, 0x0000000705200000, 0x0000000705200000|100%|HC|  |TAMS 0x0000000705000000, 0x0000000705200000| Complete 
|  12|0x0000000705200000, 0x0000000705400000, 0x0000000705400000|100%|HS|  |TAMS 0x0000000705200000, 0x0000000705400000| Complete 
|  13|0x0000000705400000, 0x0000000705600000, 0x0000000705600000|100%|HC|  |TAMS 0x0000000705400000, 0x0000000705600000| Complete 
|  14|0x0000000705600000, 0x0000000705800000, 0x0000000705800000|100%|HC|  |TAMS 0x0000000705600000, 0x0000000705800000| Complete 
|  15|0x0000000705800000, 0x0000000705a00000, 0x0000000705a00000|100%|HC|  |TAMS 0x0000000705800000, 0x0000000705a00000| Complete 
|  16|0x0000000705a00000, 0x0000000705c00000, 0x0000000705c00000|100%|HC|  |TAMS 0x0000000705a00000, 0x0000000705c00000| Complete 
|  17|0x0000000705c00000, 0x0000000705e00000, 0x0000000705e00000|100%|HS|  |TAMS 0x0000000705c00000, 0x0000000705e00000| Complete 
|  18|0x0000000705e00000, 0x0000000706000000, 0x0000000706000000|100%|HC|  |TAMS 0x0000000705e00000, 0x0000000706000000| Complete 
|  19|0x0000000706000000, 0x0000000706200000, 0x0000000706200000|100%|HC|  |TAMS 0x0000000706000000, 0x0000000706200000| Complete 
|  20|0x0000000706200000, 0x0000000706400000, 0x0000000706400000|100%|HS|  |TAMS 0x0000000706200000, 0x0000000706400000| Complete 
|  21|0x0000000706400000, 0x0000000706600000, 0x0000000706600000|100%|HC|  |TAMS 0x0000000706400000, 0x0000000706600000| Complete 
|  22|0x0000000706600000, 0x0000000706800000, 0x0000000706800000|100%|HC|  |TAMS 0x0000000706600000, 0x0000000706800000| Complete 
|  23|0x0000000706800000, 0x0000000706a00000, 0x0000000706a00000|100%|HS|  |TAMS 0x0000000706800000, 0x0000000706a00000| Complete 
|  24|0x0000000706a00000, 0x0000000706c00000, 0x0000000706c00000|100%|HC|  |TAMS 0x0000000706a00000, 0x0000000706c00000| Complete 
|  25|0x0000000706c00000, 0x0000000706e00000, 0x0000000706e00000|100%|HC|  |TAMS 0x0000000706c00000, 0x0000000706e00000| Complete 
|  26|0x0000000706e00000, 0x0000000707000000, 0x0000000707000000|100%|HS|  |TAMS 0x0000000706e00000, 0x0000000707000000| Complete 
|  27|0x0000000707000000, 0x0000000707200000, 0x0000000707200000|100%|HC|  |TAMS 0x0000000707000000, 0x0000000707200000| Complete 
|  28|0x0000000707200000, 0x0000000707400000, 0x0000000707400000|100%|HC|  |TAMS 0x0000000707200000, 0x0000000707400000| Complete 
|  29|0x0000000707400000, 0x0000000707600000, 0x0000000707600000|100%|HS|  |TAMS 0x0000000707400000, 0x0000000707600000| Complete 
|  30|0x0000000707600000, 0x0000000707800000, 0x0000000707800000|100%|HC|  |TAMS 0x0000000707600000, 0x0000000707800000| Complete 
|  31|0x0000000707800000, 0x0000000707a00000, 0x0000000707a00000|100%|HC|  |TAMS 0x0000000707800000, 0x0000000707a00000| Complete 
|  32|0x0000000707a00000, 0x0000000707c00000, 0x0000000707c00000|100%|HS|  |TAMS 0x0000000707a00000, 0x0000000707c00000| Complete 
|  33|0x0000000707c00000, 0x0000000707e00000, 0x0000000707e00000|100%|HC|  |TAMS 0x0000000707c00000, 0x0000000707e00000| Complete 
|  34|0x0000000707e00000, 0x0000000708000000, 0x0000000708000000|100%|HC|  |TAMS 0x0000000707e00000, 0x0000000708000000| Complete 
|  35|0x0000000708000000, 0x0000000708200000, 0x0000000708200000|100%|HS|  |TAMS 0x0000000708000000, 0x0000000708200000| Complete 
|  36|0x0000000708200000, 0x0000000708400000, 0x0000000708400000|100%|HC|  |TAMS 0x0000000708200000, 0x0000000708400000| Complete 
|  37|0x0000000708400000, 0x0000000708400000, 0x0000000708600000|  0%| F|  |TAMS 0x0000000708400000, 0x0000000708400000| Untracked 
|  38|0x0000000708600000, 0x0000000708600000, 0x0000000708800000|  0%| F|  |TAMS 0x0000000708600000, 0x0000000708600000| Untracked 
|  39|0x0000000708800000, 0x000000070890c000, 0x0000000708a00000| 52%| O|  |TAMS 0x0000000708800000, 0x000000070890c000| Untracked 
|  40|0x0000000708a00000, 0x0000000708c00000, 0x0000000708c00000|100%|HS|  |TAMS 0x0000000708a00000, 0x0000000708c00000| Complete 
|  41|0x0000000708c00000, 0x0000000708e00000, 0x0000000708e00000|100%|HC|  |TAMS 0x0000000708c00000, 0x0000000708e00000| Complete 
|  42|0x0000000708e00000, 0x0000000709000000, 0x0000000709000000|100%|HC|  |TAMS 0x0000000708e00000, 0x0000000709000000| Complete 
|  43|0x0000000709000000, 0x0000000709200000, 0x0000000709200000|100%|HS|  |TAMS 0x0000000709000000, 0x0000000709200000| Complete 
|  44|0x0000000709200000, 0x0000000709400000, 0x0000000709400000|100%|HC|  |TAMS 0x0000000709200000, 0x0000000709400000| Complete 
|  45|0x0000000709400000, 0x0000000709600000, 0x0000000709600000|100%|HC|  |TAMS 0x0000000709400000, 0x0000000709600000| Complete 
|  46|0x0000000709600000, 0x0000000709800000, 0x0000000709800000|100%|HS|  |TAMS 0x0000000709600000, 0x0000000709800000| Complete 
|  47|0x0000000709800000, 0x0000000709a00000, 0x0000000709a00000|100%|HC|  |TAMS 0x0000000709800000, 0x0000000709a00000| Complete 
|  48|0x0000000709a00000, 0x0000000709c00000, 0x0000000709c00000|100%|HC|  |TAMS 0x0000000709a00000, 0x0000000709c00000| Complete 
|  49|0x0000000709c00000, 0x0000000709e00000, 0x0000000709e00000|100%|HC|  |TAMS 0x0000000709c00000, 0x0000000709e00000| Complete 
|  50|0x0000000709e00000, 0x000000070a000000, 0x000000070a000000|100%|HC|  |TAMS 0x0000000709e00000, 0x000000070a000000| Complete 
|  51|0x000000070a000000, 0x000000070a200000, 0x000000070a200000|100%|HC|  |TAMS 0x000000070a000000, 0x000000070a200000| Complete 
|  52|0x000000070a200000, 0x000000070a400000, 0x000000070a400000|100%|HC|  |TAMS 0x000000070a200000, 0x000000070a400000| Complete 
|  53|0x000000070a400000, 0x000000070a600000, 0x000000070a600000|100%|HS|  |TAMS 0x000000070a400000, 0x000000070a600000| Complete 
|  54|0x000000070a600000, 0x000000070a800000, 0x000000070a800000|100%|HC|  |TAMS 0x000000070a600000, 0x000000070a800000| Complete 
|  55|0x000000070a800000, 0x000000070aa00000, 0x000000070aa00000|100%|HC|  |TAMS 0x000000070a800000, 0x000000070aa00000| Complete 
|  56|0x000000070aa00000, 0x000000070ac00000, 0x000000070ac00000|100%|HS|  |TAMS 0x000000070aa00000, 0x000000070ac00000| Complete 
|  57|0x000000070ac00000, 0x000000070ae00000, 0x000000070ae00000|100%|HC|  |TAMS 0x000000070ac00000, 0x000000070ae00000| Complete 
|  58|0x000000070ae00000, 0x000000070b000000, 0x000000070b000000|100%|HC|  |TAMS 0x000000070ae00000, 0x000000070b000000| Complete 
|  59|0x000000070b000000, 0x000000070b200000, 0x000000070b200000|100%|HS|  |TAMS 0x000000070b000000, 0x000000070b200000| Complete 
|  60|0x000000070b200000, 0x000000070b400000, 0x000000070b400000|100%|HC|  |TAMS 0x000000070b200000, 0x000000070b400000| Complete 
|  61|0x000000070b400000, 0x000000070b600000, 0x000000070b600000|100%|HC|  |TAMS 0x000000070b400000, 0x000000070b600000| Complete 
|  62|0x000000070b600000, 0x000000070b800000, 0x000000070b800000|100%|HC|  |TAMS 0x000000070b600000, 0x000000070b800000| Complete 
|  63|0x000000070b800000, 0x000000070ba00000, 0x000000070ba00000|100%|HC|  |TAMS 0x000000070b800000, 0x000000070ba00000| Complete 
|  64|0x000000070ba00000, 0x000000070bc00000, 0x000000070bc00000|100%|HS|  |TAMS 0x000000070ba00000, 0x000000070bc00000| Complete 
|  65|0x000000070bc00000, 0x000000070be00000, 0x000000070be00000|100%|HC|  |TAMS 0x000000070bc00000, 0x000000070be00000| Complete 
|  66|0x000000070be00000, 0x000000070c000000, 0x000000070c000000|100%|HC|  |TAMS 0x000000070be00000, 0x000000070c000000| Complete 
|  67|0x000000070c000000, 0x000000070c200000, 0x000000070c200000|100%|HS|  |TAMS 0x000000070c000000, 0x000000070c200000| Complete 
|  68|0x000000070c200000, 0x000000070c400000, 0x000000070c400000|100%|HC|  |TAMS 0x000000070c200000, 0x000000070c400000| Complete 
|  69|0x000000070c400000, 0x000000070c600000, 0x000000070c600000|100%|HC|  |TAMS 0x000000070c400000, 0x000000070c600000| Complete 
|  70|0x000000070c600000, 0x000000070c800000, 0x000000070c800000|100%|HS|  |TAMS 0x000000070c600000, 0x000000070c600000| Complete 
|  71|0x000000070c800000, 0x000000070ca00000, 0x000000070ca00000|100%|HC|  |TAMS 0x000000070c800000, 0x000000070c800000| Complete 
|  72|0x000000070ca00000, 0x000000070cc00000, 0x000000070cc00000|100%|HC|  |TAMS 0x000000070ca00000, 0x000000070ca00000| Complete 
|  73|0x000000070cc00000, 0x000000070cc00000, 0x000000070ce00000|  0%| F|  |TAMS 0x000000070cc00000, 0x000000070cc00000| Untracked 
|  74|0x000000070ce00000, 0x000000070ce00000, 0x000000070d000000|  0%| F|  |TAMS 0x000000070ce00000, 0x000000070ce00000| Untracked 
|  75|0x000000070d000000, 0x000000070d000000, 0x000000070d200000|  0%| F|  |TAMS 0x000000070d000000, 0x000000070d000000| Untracked 
|  76|0x000000070d200000, 0x000000070d200000, 0x000000070d400000|  0%| F|  |TAMS 0x000000070d200000, 0x000000070d200000| Untracked 
|  77|0x000000070d400000, 0x000000070d400000, 0x000000070d600000|  0%| F|  |TAMS 0x000000070d400000, 0x000000070d400000| Untracked 
|  78|0x000000070d600000, 0x000000070d600000, 0x000000070d800000|  0%| F|  |TAMS 0x000000070d600000, 0x000000070d600000| Untracked 
|  79|0x000000070d800000, 0x000000070d800000, 0x000000070da00000|  0%| F|  |TAMS 0x000000070d800000, 0x000000070d800000| Untracked 
|  80|0x000000070da00000, 0x000000070da00000, 0x000000070dc00000|  0%| F|  |TAMS 0x000000070da00000, 0x000000070da00000| Untracked 
|  81|0x000000070dc00000, 0x000000070dc00000, 0x000000070de00000|  0%| F|  |TAMS 0x000000070dc00000, 0x000000070dc00000| Untracked 
|  82|0x000000070de00000, 0x000000070de00000, 0x000000070e000000|  0%| F|  |TAMS 0x000000070de00000, 0x000000070de00000| Untracked 
|  83|0x000000070e000000, 0x000000070e000000, 0x000000070e200000|  0%| F|  |TAMS 0x000000070e000000, 0x000000070e000000| Untracked 
|  84|0x000000070e200000, 0x000000070e200000, 0x000000070e400000|  0%| F|  |TAMS 0x000000070e200000, 0x000000070e200000| Untracked 
|  85|0x000000070e400000, 0x000000070e600000, 0x000000070e600000|100%|HS|  |TAMS 0x000000070e400000, 0x000000070e600000| Complete 
|  86|0x000000070e600000, 0x000000070e800000, 0x000000070e800000|100%|HC|  |TAMS 0x000000070e600000, 0x000000070e800000| Complete 
|  87|0x000000070e800000, 0x000000070ea00000, 0x000000070ea00000|100%|HS|  |TAMS 0x000000070e800000, 0x000000070ea00000| Complete 
|  88|0x000000070ea00000, 0x000000070ec00000, 0x000000070ec00000|100%|HC|  |TAMS 0x000000070ea00000, 0x000000070ec00000| Complete 
|  89|0x000000070ec00000, 0x000000070ee00000, 0x000000070ee00000|100%|HC|  |TAMS 0x000000070ec00000, 0x000000070ee00000| Complete 
|  90|0x000000070ee00000, 0x000000070f000000, 0x000000070f000000|100%|HC|  |TAMS 0x000000070ee00000, 0x000000070f000000| Complete 
|  91|0x000000070f000000, 0x000000070f200000, 0x000000070f200000|100%|HC|  |TAMS 0x000000070f000000, 0x000000070f200000| Complete 
|  92|0x000000070f200000, 0x000000070f400000, 0x000000070f400000|100%|HC|  |TAMS 0x000000070f200000, 0x000000070f400000| Complete 
|  93|0x000000070f400000, 0x000000070f600000, 0x000000070f600000|100%|HC|  |TAMS 0x000000070f400000, 0x000000070f600000| Complete 
|  94|0x000000070f600000, 0x000000070f800000, 0x000000070f800000|100%|HC|  |TAMS 0x000000070f600000, 0x000000070f800000| Complete 
|  95|0x000000070f800000, 0x000000070fa00000, 0x000000070fa00000|100%|HC|  |TAMS 0x000000070f800000, 0x000000070fa00000| Complete 
|  96|0x000000070fa00000, 0x000000070fc00000, 0x000000070fc00000|100%|HS|  |TAMS 0x000000070fa00000, 0x000000070fc00000| Complete 
|  97|0x000000070fc00000, 0x000000070fe00000, 0x000000070fe00000|100%|HC|  |TAMS 0x000000070fc00000, 0x000000070fe00000| Complete 
|  98|0x000000070fe00000, 0x0000000710000000, 0x0000000710000000|100%|HC|  |TAMS 0x000000070fe00000, 0x0000000710000000| Complete 
|  99|0x0000000710000000, 0x0000000710200000, 0x0000000710200000|100%|HC|  |TAMS 0x0000000710000000, 0x0000000710200000| Complete 
| 100|0x0000000710200000, 0x0000000710400000, 0x0000000710400000|100%|HC|  |TAMS 0x0000000710200000, 0x0000000710400000| Complete 
| 101|0x0000000710400000, 0x0000000710600000, 0x0000000710600000|100%|HC|  |TAMS 0x0000000710400000, 0x0000000710600000| Complete 
| 102|0x0000000710600000, 0x0000000710800000, 0x0000000710800000|100%|HC|  |TAMS 0x0000000710600000, 0x0000000710800000| Complete 
| 103|0x0000000710800000, 0x0000000710800000, 0x0000000710a00000|  0%| F|  |TAMS 0x0000000710800000, 0x0000000710800000| Untracked 
| 104|0x0000000710a00000, 0x0000000710a00000, 0x0000000710c00000|  0%| F|  |TAMS 0x0000000710a00000, 0x0000000710a00000| Untracked 
| 105|0x0000000710c00000, 0x0000000710c00000, 0x0000000710e00000|  0%| F|  |TAMS 0x0000000710c00000, 0x0000000710c00000| Untracked 
| 106|0x0000000710e00000, 0x0000000710e00000, 0x0000000711000000|  0%| F|  |TAMS 0x0000000710e00000, 0x0000000710e00000| Untracked 
| 107|0x0000000711000000, 0x0000000711000000, 0x0000000711200000|  0%| F|  |TAMS 0x0000000711000000, 0x0000000711000000| Untracked 
| 108|0x0000000711200000, 0x0000000711200000, 0x0000000711400000|  0%| F|  |TAMS 0x0000000711200000, 0x0000000711200000| Untracked 
| 109|0x0000000711400000, 0x0000000711400000, 0x0000000711600000|  0%| F|  |TAMS 0x0000000711400000, 0x0000000711400000| Untracked 
| 110|0x0000000711600000, 0x0000000711600000, 0x0000000711800000|  0%| F|  |TAMS 0x0000000711600000, 0x0000000711600000| Untracked 
| 111|0x0000000711800000, 0x0000000711800000, 0x0000000711a00000|  0%| F|  |TAMS 0x0000000711800000, 0x0000000711800000| Untracked 
| 112|0x0000000711a00000, 0x0000000711a00000, 0x0000000711c00000|  0%| F|  |TAMS 0x0000000711a00000, 0x0000000711a00000| Untracked 
| 113|0x0000000711c00000, 0x0000000711c00000, 0x0000000711e00000|  0%| F|  |TAMS 0x0000000711c00000, 0x0000000711c00000| Untracked 
| 114|0x0000000711e00000, 0x0000000711e00000, 0x0000000712000000|  0%| F|  |TAMS 0x0000000711e00000, 0x0000000711e00000| Untracked 
| 115|0x0000000712000000, 0x0000000712000000, 0x0000000712200000|  0%| F|  |TAMS 0x0000000712000000, 0x0000000712000000| Untracked 
| 116|0x0000000712200000, 0x0000000712200000, 0x0000000712400000|  0%| F|  |TAMS 0x0000000712200000, 0x0000000712200000| Untracked 
| 117|0x0000000712400000, 0x0000000712400000, 0x0000000712600000|  0%| F|  |TAMS 0x0000000712400000, 0x0000000712400000| Untracked 
| 118|0x0000000712600000, 0x0000000712600000, 0x0000000712800000|  0%| F|  |TAMS 0x0000000712600000, 0x0000000712600000| Untracked 
| 119|0x0000000712800000, 0x0000000712800000, 0x0000000712a00000|  0%| F|  |TAMS 0x0000000712800000, 0x0000000712800000| Untracked 
| 120|0x0000000712a00000, 0x0000000712a00000, 0x0000000712c00000|  0%| F|  |TAMS 0x0000000712a00000, 0x0000000712a00000| Untracked 
| 121|0x0000000712c00000, 0x0000000712c00000, 0x0000000712e00000|  0%| F|  |TAMS 0x0000000712c00000, 0x0000000712c00000| Untracked 
| 122|0x0000000712e00000, 0x0000000712e00000, 0x0000000713000000|  0%| F|  |TAMS 0x0000000712e00000, 0x0000000712e00000| Untracked 
| 123|0x0000000713000000, 0x0000000713000000, 0x0000000713200000|  0%| F|  |TAMS 0x0000000713000000, 0x0000000713000000| Untracked 
| 124|0x0000000713200000, 0x0000000713200000, 0x0000000713400000|  0%| F|  |TAMS 0x0000000713200000, 0x0000000713200000| Untracked 
| 125|0x0000000713400000, 0x0000000713400000, 0x0000000713600000|  0%| F|  |TAMS 0x0000000713400000, 0x0000000713400000| Untracked 
| 126|0x0000000713600000, 0x0000000713600000, 0x0000000713800000|  0%| F|  |TAMS 0x0000000713600000, 0x0000000713600000| Untracked 
| 127|0x0000000713800000, 0x0000000713800000, 0x0000000713a00000|  0%| F|  |TAMS 0x0000000713800000, 0x0000000713800000| Untracked 
| 128|0x0000000713a00000, 0x0000000713a00000, 0x0000000713c00000|  0%| F|  |TAMS 0x0000000713a00000, 0x0000000713a00000| Untracked 
| 129|0x0000000713c00000, 0x0000000713c00000, 0x0000000713e00000|  0%| F|  |TAMS 0x0000000713c00000, 0x0000000713c00000| Untracked 
| 130|0x0000000713e00000, 0x0000000713e00000, 0x0000000714000000|  0%| F|  |TAMS 0x0000000713e00000, 0x0000000713e00000| Untracked 
| 131|0x0000000714000000, 0x0000000714000000, 0x0000000714200000|  0%| F|  |TAMS 0x0000000714000000, 0x0000000714000000| Untracked 
| 132|0x0000000714200000, 0x0000000714200000, 0x0000000714400000|  0%| F|  |TAMS 0x0000000714200000, 0x0000000714200000| Untracked 
| 133|0x0000000714400000, 0x0000000714400000, 0x0000000714600000|  0%| F|  |TAMS 0x0000000714400000, 0x0000000714400000| Untracked 
| 134|0x0000000714600000, 0x0000000714600000, 0x0000000714800000|  0%| F|  |TAMS 0x0000000714600000, 0x0000000714600000| Untracked 
| 135|0x0000000714800000, 0x0000000714800000, 0x0000000714a00000|  0%| F|  |TAMS 0x0000000714800000, 0x0000000714800000| Untracked 
| 136|0x0000000714a00000, 0x0000000714a00000, 0x0000000714c00000|  0%| F|  |TAMS 0x0000000714a00000, 0x0000000714a00000| Untracked 
| 137|0x0000000714c00000, 0x0000000714c00000, 0x0000000714e00000|  0%| F|  |TAMS 0x0000000714c00000, 0x0000000714c00000| Untracked 
| 138|0x0000000714e00000, 0x0000000714e00000, 0x0000000715000000|  0%| F|  |TAMS 0x0000000714e00000, 0x0000000714e00000| Untracked 
| 139|0x0000000715000000, 0x0000000715000000, 0x0000000715200000|  0%| F|  |TAMS 0x0000000715000000, 0x0000000715000000| Untracked 
| 140|0x0000000715200000, 0x0000000715200000, 0x0000000715400000|  0%| F|  |TAMS 0x0000000715200000, 0x0000000715200000| Untracked 
| 141|0x0000000715400000, 0x0000000715400000, 0x0000000715600000|  0%| F|  |TAMS 0x0000000715400000, 0x0000000715400000| Untracked 
| 142|0x0000000715600000, 0x0000000715600000, 0x0000000715800000|  0%| F|  |TAMS 0x0000000715600000, 0x0000000715600000| Untracked 
| 143|0x0000000715800000, 0x0000000715800000, 0x0000000715a00000|  0%| F|  |TAMS 0x0000000715800000, 0x0000000715800000| Untracked 
| 144|0x0000000715a00000, 0x0000000715a00000, 0x0000000715c00000|  0%| F|  |TAMS 0x0000000715a00000, 0x0000000715a00000| Untracked 
| 145|0x0000000715c00000, 0x0000000715c00000, 0x0000000715e00000|  0%| F|  |TAMS 0x0000000715c00000, 0x0000000715c00000| Untracked 
| 146|0x0000000715e00000, 0x0000000715e00000, 0x0000000716000000|  0%| F|  |TAMS 0x0000000715e00000, 0x0000000715e00000| Untracked 
| 147|0x0000000716000000, 0x0000000716000000, 0x0000000716200000|  0%| F|  |TAMS 0x0000000716000000, 0x0000000716000000| Untracked 
| 148|0x0000000716200000, 0x0000000716200000, 0x0000000716400000|  0%| F|  |TAMS 0x0000000716200000, 0x0000000716200000| Untracked 
| 149|0x0000000716400000, 0x0000000716400000, 0x0000000716600000|  0%| F|  |TAMS 0x0000000716400000, 0x0000000716400000| Untracked 
| 150|0x0000000716600000, 0x0000000716600000, 0x0000000716800000|  0%| F|  |TAMS 0x0000000716600000, 0x0000000716600000| Untracked 
| 151|0x0000000716800000, 0x0000000716800000, 0x0000000716a00000|  0%| F|  |TAMS 0x0000000716800000, 0x0000000716800000| Untracked 
| 152|0x0000000716a00000, 0x0000000716a00000, 0x0000000716c00000|  0%| F|  |TAMS 0x0000000716a00000, 0x0000000716a00000| Untracked 
| 153|0x0000000716c00000, 0x0000000716c00000, 0x0000000716e00000|  0%| F|  |TAMS 0x0000000716c00000, 0x0000000716c00000| Untracked 
| 154|0x0000000716e00000, 0x0000000716e00000, 0x0000000717000000|  0%| F|  |TAMS 0x0000000716e00000, 0x0000000716e00000| Untracked 
| 155|0x0000000717000000, 0x0000000717000000, 0x0000000717200000|  0%| F|  |TAMS 0x0000000717000000, 0x0000000717000000| Untracked 
| 156|0x0000000717200000, 0x0000000717200000, 0x0000000717400000|  0%| F|  |TAMS 0x0000000717200000, 0x0000000717200000| Untracked 
| 157|0x0000000717400000, 0x0000000717400000, 0x0000000717600000|  0%| F|  |TAMS 0x0000000717400000, 0x0000000717400000| Untracked 
| 158|0x0000000717600000, 0x0000000717600000, 0x0000000717800000|  0%| F|  |TAMS 0x0000000717600000, 0x0000000717600000| Untracked 
| 159|0x0000000717800000, 0x0000000717800000, 0x0000000717a00000|  0%| F|  |TAMS 0x0000000717800000, 0x0000000717800000| Untracked 
| 160|0x0000000717a00000, 0x0000000717a00000, 0x0000000717c00000|  0%| F|  |TAMS 0x0000000717a00000, 0x0000000717a00000| Untracked 
| 161|0x0000000717c00000, 0x0000000717c00000, 0x0000000717e00000|  0%| F|  |TAMS 0x0000000717c00000, 0x0000000717c00000| Untracked 
| 162|0x0000000717e00000, 0x0000000717e00000, 0x0000000718000000|  0%| F|  |TAMS 0x0000000717e00000, 0x0000000717e00000| Untracked 
| 163|0x0000000718000000, 0x0000000718000000, 0x0000000718200000|  0%| F|  |TAMS 0x0000000718000000, 0x0000000718000000| Untracked 
| 164|0x0000000718200000, 0x0000000718200000, 0x0000000718400000|  0%| F|  |TAMS 0x0000000718200000, 0x0000000718200000| Untracked 
| 165|0x0000000718400000, 0x0000000718400000, 0x0000000718600000|  0%| F|  |TAMS 0x0000000718400000, 0x0000000718400000| Untracked 
| 166|0x0000000718600000, 0x0000000718600000, 0x0000000718800000|  0%| F|  |TAMS 0x0000000718600000, 0x0000000718600000| Untracked 
| 167|0x0000000718800000, 0x0000000718800000, 0x0000000718a00000|  0%| F|  |TAMS 0x0000000718800000, 0x0000000718800000| Untracked 
| 168|0x0000000718a00000, 0x0000000718a00000, 0x0000000718c00000|  0%| F|  |TAMS 0x0000000718a00000, 0x0000000718a00000| Untracked 
| 169|0x0000000718c00000, 0x0000000718c00000, 0x0000000718e00000|  0%| F|  |TAMS 0x0000000718c00000, 0x0000000718c00000| Untracked 
| 170|0x0000000718e00000, 0x0000000718e00000, 0x0000000719000000|  0%| F|  |TAMS 0x0000000718e00000, 0x0000000718e00000| Untracked 
| 171|0x0000000719000000, 0x0000000719000000, 0x0000000719200000|  0%| F|  |TAMS 0x0000000719000000, 0x0000000719000000| Untracked 
| 172|0x0000000719200000, 0x0000000719200000, 0x0000000719400000|  0%| F|  |TAMS 0x0000000719200000, 0x0000000719200000| Untracked 
| 173|0x0000000719400000, 0x0000000719400000, 0x0000000719600000|  0%| F|  |TAMS 0x0000000719400000, 0x0000000719400000| Untracked 
| 174|0x0000000719600000, 0x0000000719600000, 0x0000000719800000|  0%| F|  |TAMS 0x0000000719600000, 0x0000000719600000| Untracked 
| 175|0x0000000719800000, 0x0000000719800000, 0x0000000719a00000|  0%| F|  |TAMS 0x0000000719800000, 0x0000000719800000| Untracked 
| 176|0x0000000719a00000, 0x0000000719a00000, 0x0000000719c00000|  0%| F|  |TAMS 0x0000000719a00000, 0x0000000719a00000| Untracked 
| 177|0x0000000719c00000, 0x0000000719c00000, 0x0000000719e00000|  0%| F|  |TAMS 0x0000000719c00000, 0x0000000719c00000| Untracked 
| 178|0x0000000719e00000, 0x0000000719e00000, 0x000000071a000000|  0%| F|  |TAMS 0x0000000719e00000, 0x0000000719e00000| Untracked 
| 179|0x000000071a000000, 0x000000071a000000, 0x000000071a200000|  0%| F|  |TAMS 0x000000071a000000, 0x000000071a000000| Untracked 
| 180|0x000000071a200000, 0x000000071a200000, 0x000000071a400000|  0%| F|  |TAMS 0x000000071a200000, 0x000000071a200000| Untracked 
| 181|0x000000071a400000, 0x000000071a400000, 0x000000071a600000|  0%| F|  |TAMS 0x000000071a400000, 0x000000071a400000| Untracked 
| 182|0x000000071a600000, 0x000000071a600000, 0x000000071a800000|  0%| F|  |TAMS 0x000000071a600000, 0x000000071a600000| Untracked 
| 183|0x000000071a800000, 0x000000071a800000, 0x000000071aa00000|  0%| F|  |TAMS 0x000000071a800000, 0x000000071a800000| Untracked 
| 184|0x000000071aa00000, 0x000000071aa00000, 0x000000071ac00000|  0%| F|  |TAMS 0x000000071aa00000, 0x000000071aa00000| Untracked 
| 185|0x000000071ac00000, 0x000000071ac00000, 0x000000071ae00000|  0%| F|  |TAMS 0x000000071ac00000, 0x000000071ac00000| Untracked 
| 186|0x000000071ae00000, 0x000000071ae00000, 0x000000071b000000|  0%| F|  |TAMS 0x000000071ae00000, 0x000000071ae00000| Untracked 
| 187|0x000000071b000000, 0x000000071b000000, 0x000000071b200000|  0%| F|  |TAMS 0x000000071b000000, 0x000000071b000000| Untracked 
| 188|0x000000071b200000, 0x000000071b200000, 0x000000071b400000|  0%| F|  |TAMS 0x000000071b200000, 0x000000071b200000| Untracked 
| 189|0x000000071b400000, 0x000000071b400000, 0x000000071b600000|  0%| F|  |TAMS 0x000000071b400000, 0x000000071b400000| Untracked 
| 190|0x000000071b600000, 0x000000071b600000, 0x000000071b800000|  0%| F|  |TAMS 0x000000071b600000, 0x000000071b600000| Untracked 
| 191|0x000000071b800000, 0x000000071b800800, 0x000000071ba00000|  0%| E|  |TAMS 0x000000071b800000, 0x000000071b800000| Complete 
| 192|0x000000071ba00000, 0x000000071bc00000, 0x000000071bc00000|100%| E|CS|TAMS 0x000000071ba00000, 0x000000071ba00000| Complete 
| 193|0x000000071bc00000, 0x000000071be00000, 0x000000071be00000|100%| E|CS|TAMS 0x000000071bc00000, 0x000000071bc00000| Complete 
| 194|0x000000071be00000, 0x000000071c000000, 0x000000071c000000|100%| E|CS|TAMS 0x000000071be00000, 0x000000071be00000| Complete 
| 195|0x000000071c000000, 0x000000071c200000, 0x000000071c200000|100%| E|CS|TAMS 0x000000071c000000, 0x000000071c000000| Complete 
| 196|0x000000071c200000, 0x000000071c400000, 0x000000071c400000|100%| E|CS|TAMS 0x000000071c200000, 0x000000071c200000| Complete 
| 197|0x000000071c400000, 0x000000071c600000, 0x000000071c600000|100%| E|CS|TAMS 0x000000071c400000, 0x000000071c400000| Complete 
| 198|0x000000071c600000, 0x000000071c800000, 0x000000071c800000|100%| E|CS|TAMS 0x000000071c600000, 0x000000071c600000| Complete 
| 199|0x000000071c800000, 0x000000071ca00000, 0x000000071ca00000|100%| E|CS|TAMS 0x000000071c800000, 0x000000071c800000| Complete 
| 200|0x000000071ca00000, 0x000000071cc00000, 0x000000071cc00000|100%| E|CS|TAMS 0x000000071ca00000, 0x000000071ca00000| Complete 
| 201|0x000000071cc00000, 0x000000071ce00000, 0x000000071ce00000|100%| E|CS|TAMS 0x000000071cc00000, 0x000000071cc00000| Complete 
| 202|0x000000071ce00000, 0x000000071d000000, 0x000000071d000000|100%| E|CS|TAMS 0x000000071ce00000, 0x000000071ce00000| Complete 
| 203|0x000000071d000000, 0x000000071d200000, 0x000000071d200000|100%| E|CS|TAMS 0x000000071d000000, 0x000000071d000000| Complete 
| 204|0x000000071d200000, 0x000000071d400000, 0x000000071d400000|100%| E|CS|TAMS 0x000000071d200000, 0x000000071d200000| Complete 
| 205|0x000000071d400000, 0x000000071d600000, 0x000000071d600000|100%| E|CS|TAMS 0x000000071d400000, 0x000000071d400000| Complete 
| 206|0x000000071d600000, 0x000000071d800000, 0x000000071d800000|100%| E|CS|TAMS 0x000000071d600000, 0x000000071d600000| Complete 
| 207|0x000000071d800000, 0x000000071da00000, 0x000000071da00000|100%| E|CS|TAMS 0x000000071d800000, 0x000000071d800000| Complete 
| 208|0x000000071da00000, 0x000000071dc00000, 0x000000071dc00000|100%| E|CS|TAMS 0x000000071da00000, 0x000000071da00000| Complete 
| 209|0x000000071dc00000, 0x000000071dc06198, 0x000000071de00000|  1%| S|CS|TAMS 0x000000071dc00000, 0x000000071dc00000| Complete 
| 210|0x000000071de00000, 0x000000071e000000, 0x000000071e000000|100%| E|CS|TAMS 0x000000071de00000, 0x000000071de00000| Complete 

Card table byte_map: [0x000002b5a1f00000,0x000002b5a26f0000] _byte_map_base: 0x000002b59e6e3000

Marking Bits (Prev, Next): (CMBitMap*) 0x000002b58acae100, (CMBitMap*) 0x000002b58acae140
 Prev Bits: [0x000002b5a2ee0000, 0x000002b5a6df8000)
 Next Bits: [0x000002b5a6e00000, 0x000002b5aad18000)

Polling page: 0x000002b58a440000

Metaspace:

Usage:
  Non-class:     11.38 MB used.
      Class:    880.06 KB used.
       Both:     12.24 MB used.

Virtual space:
  Non-class space:       16.00 MB reserved,      11.50 MB ( 72%) committed,  2 nodes.
      Class space:        1.00 GB reserved,     960.00 KB ( <1%) committed,  1 nodes.
              Both:        1.02 GB reserved,      12.44 MB (  1%) committed. 

Chunk freelists:
   Non-Class:  3.72 MB
       Class:  2.94 MB
        Both:  6.66 MB

MaxMetaspaceSize: 17179869184.00 GB
CompressedClassSpaceSize: 1.00 GB
 - commit_granule_bytes: 65536.
 - commit_granule_words: 8192.
 - virtual_space_node_default_size: 1048576.
 - enlarge_chunks_in_place: 1.
 - new_chunks_are_fully_committed: 0.
 - uncommit_free_chunks: 1.
 - use_allocation_guard: 0.
 - handle_deallocations: 1.


Internal statistics:

num_allocs_failed_limit: 0.
num_arena_births: 86.
num_arena_deaths: 0.
num_vsnodes_births: 3.
num_vsnodes_deaths: 0.
num_space_committed: 195.
num_space_uncommitted: 0.
num_chunks_returned_to_freelist: 0.
num_chunks_taken_from_freelist: 344.
num_chunk_merges: 0.
num_chunk_splits: 274.
num_chunks_enlarged: 229.
num_purges: 0.

CodeHeap 'non-profiled nmethods': size=120000Kb used=705Kb max_used=705Kb free=119294Kb
 bounds [0x000002b599eb0000, 0x000002b59a120000, 0x000002b5a13e0000]
CodeHeap 'profiled nmethods': size=120000Kb used=3192Kb max_used=3192Kb free=116807Kb
 bounds [0x000002b592980000, 0x000002b592ca0000, 0x000002b599eb0000]
CodeHeap 'non-nmethods': size=5760Kb used=1537Kb max_used=1565Kb free=4222Kb
 bounds [0x000002b5923e0000, 0x000002b592650000, 0x000002b592980000]
 total_blobs=2539 nmethods=1616 adapters=836
 compilation: enabled
              stopped_count=0, restarted_count=0
 full_count=0

Compilation events (20 events):
Event: 30.063 Thread 0x000002b5ad79c1e0 1605       3       processing.core.PApplet::noStroke (22 bytes)
Event: 30.064 Thread 0x000002b5ad79c1e0 nmethod 1605 0x000002b592c9b410 code [0x000002b592c9b5c0, 0x000002b592c9b8f8]
Event: 30.064 Thread 0x000002b5ad79c1e0 1606       3       processing.core.PGraphics::noStroke (6 bytes)
Event: 30.064 Thread 0x000002b5ad79c1e0 nmethod 1606 0x000002b592c9ba10 code [0x000002b592c9bba0, 0x000002b592c9bcb8]
Event: 30.064 Thread 0x000002b5ad79c1e0 1607       3       processing.core.PApplet::fill (24 bytes)
Event: 30.064 Thread 0x000002b5ad79c1e0 nmethod 1607 0x000002b592c9bd90 code [0x000002b592c9bf80, 0x000002b592c9c5d8]
Event: 30.064 Thread 0x000002b5ad79c1e0 1609       3       processing.core.PApplet::beginShape (24 bytes)
Event: 30.064 Thread 0x000002b5ad79c1e0 nmethod 1609 0x000002b592c9c790 code [0x000002b592c9c940, 0x000002b592c9cc58]
Event: 30.126 Thread 0x000002b5ad79c1e0 1610       3       processing.opengl.PGraphicsOpenGL$Tessellator::setRawSize (28 bytes)
Event: 30.126 Thread 0x000002b5ad79c1e0 nmethod 1610 0x000002b592c9cd90 code [0x000002b592c9cf60, 0x000002b592c9d228]
Event: 30.126 Thread 0x000002b5ad79c1e0 1611       3       processing.opengl.PGraphicsOpenGL$Tessellator::clampTriangles (119 bytes)
Event: 30.127 Thread 0x000002b5ad79c1e0 nmethod 1611 0x000002b592c9d390 code [0x000002b592c9d580, 0x000002b592c9dab8]
Event: 31.314 Thread 0x000002b5ad77b030 1612       4       java.lang.Throwable::<init> (34 bytes)
Event: 31.320 Thread 0x000002b5ad77b030 nmethod 1612 0x000002b599f5e810 code [0x000002b599f5e9e0, 0x000002b599f5f3f8]
Event: 31.935 Thread 0x000002b5ad77b030 1613   !   4       java.nio.DirectFloatBufferU::put (198 bytes)
Event: 31.938 Thread 0x000002b5ad77b030 nmethod 1613 0x000002b599f5f590 code [0x000002b599f5f720, 0x000002b599f5fad8]
Event: 33.247 Thread 0x000002b5ad79c1e0 1615       3       java.util.HashMap::keySet (25 bytes)
Event: 33.247 Thread 0x000002b5ad79c1e0 nmethod 1615 0x000002b592c9dc90 code [0x000002b592c9de60, 0x000002b592c9e258]
Event: 33.251 Thread 0x000002b5ad77b030 1616       4       java.lang.CharacterData::of (124 bytes)
Event: 33.252 Thread 0x000002b5ad77b030 nmethod 1616 0x000002b599f60410 code [0x000002b599f605a0, 0x000002b599f60618]

GC Heap History (20 events):
Event: 0.742 GC heap before
{Heap before GC invocations=0 (full 0):
 garbage-first heap   total 260096K, used 22528K [0x0000000703a00000, 0x0000000800000000)
  region size 2048K, 11 young (22528K), 0 survivors (0K)
 Metaspace       used 7626K, committed 7744K, reserved 1056768K
  class space    used 657K, committed 704K, reserved 1048576K
}
Event: 0.747 GC heap after
{Heap after GC invocations=1 (full 0):
 garbage-first heap   total 260096K, used 9572K [0x0000000703a00000, 0x0000000800000000)
  region size 2048K, 2 young (4096K), 2 survivors (4096K)
 Metaspace       used 7626K, committed 7744K, reserved 1056768K
  class space    used 657K, committed 704K, reserved 1048576K
}
Event: 1.551 GC heap before
{Heap before GC invocations=1 (full 0):
 garbage-first heap   total 260096K, used 30052K [0x0000000703a00000, 0x0000000800000000)
  region size 2048K, 13 young (26624K), 2 survivors (4096K)
 Metaspace       used 11817K, committed 12032K, reserved 1064960K
  class space    used 867K, committed 960K, reserved 1048576K
}
Event: 1.555 GC heap after
{Heap after GC invocations=2 (full 0):
 garbage-first heap   total 260096K, used 11566K [0x0000000703a00000, 0x0000000800000000)
  region size 2048K, 1 young (2048K), 1 survivors (2048K)
 Metaspace       used 11817K, committed 12032K, reserved 1064960K
  class space    used 867K, committed 960K, reserved 1048576K
}
Event: 1.701 GC heap before
{Heap before GC invocations=2 (full 0):
 garbage-first heap   total 260096K, used 132398K [0x0000000703a00000, 0x0000000800000000)
  region size 2048K, 11 young (22528K), 1 survivors (2048K)
 Metaspace       used 11851K, committed 12032K, reserved 1064960K
  class space    used 869K, committed 960K, reserved 1048576K
}
Event: 1.704 GC heap after
{Heap after GC invocations=3 (full 0):
 garbage-first heap   total 260096K, used 70792K [0x0000000703a00000, 0x0000000800000000)
  region size 2048K, 1 young (2048K), 1 survivors (2048K)
 Metaspace       used 11851K, committed 12032K, reserved 1064960K
  class space    used 869K, committed 960K, reserved 1048576K
}
Event: 1.720 GC heap before
{Heap before GC invocations=3 (full 0):
 garbage-first heap   total 260096K, used 119944K [0x0000000703a00000, 0x0000000800000000)
  region size 2048K, 1 young (2048K), 1 survivors (2048K)
 Metaspace       used 11851K, committed 12032K, reserved 1064960K
  class space    used 869K, committed 960K, reserved 1048576K
}
Event: 1.722 GC heap after
{Heap after GC invocations=4 (full 0):
 garbage-first heap   total 260096K, used 89323K [0x0000000703a00000, 0x0000000800000000)
  region size 2048K, 1 young (2048K), 1 survivors (2048K)
 Metaspace       used 11851K, committed 12032K, reserved 1064960K
  class space    used 869K, committed 960K, reserved 1048576K
}
Event: 1.792 GC heap before
{Heap before GC invocations=4 (full 0):
 garbage-first heap   total 260096K, used 122091K [0x0000000703a00000, 0x0000000800000000)
  region size 2048K, 5 young (10240K), 1 survivors (2048K)
 Metaspace       used 11868K, committed 12032K, reserved 1064960K
  class space    used 869K, committed 960K, reserved 1048576K
}
Event: 1.795 GC heap after
{Heap after GC invocations=5 (full 0):
 garbage-first heap   total 260096K, used 110519K [0x0000000703a00000, 0x0000000800000000)
  region size 2048K, 3 young (6144K), 3 survivors (6144K)
 Metaspace       used 11868K, committed 12032K, reserved 1064960K
  class space    used 869K, committed 960K, reserved 1048576K
}
Event: 1.812 GC heap before
{Heap before GC invocations=5 (full 0):
 garbage-first heap   total 260096K, used 122807K [0x0000000703a00000, 0x0000000800000000)
  region size 2048K, 6 young (12288K), 3 survivors (6144K)
 Metaspace       used 11870K, committed 12032K, reserved 1064960K
  class space    used 869K, committed 960K, reserved 1048576K
}
Event: 1.814 GC heap after
{Heap after GC invocations=6 (full 0):
 garbage-first heap   total 260096K, used 116611K [0x0000000703a00000, 0x0000000800000000)
  region size 2048K, 3 young (6144K), 3 survivors (6144K)
 Metaspace       used 11870K, committed 12032K, reserved 1064960K
  class space    used 869K, committed 960K, reserved 1048576K
}
Event: 1.815 GC heap before
{Heap before GC invocations=6 (full 0):
 garbage-first heap   total 260096K, used 118659K [0x0000000703a00000, 0x0000000800000000)
  region size 2048K, 4 young (8192K), 3 survivors (6144K)
 Metaspace       used 11871K, committed 12032K, reserved 1064960K
  class space    used 869K, committed 960K, reserved 1048576K
}
Event: 1.818 GC heap after
{Heap after GC invocations=7 (full 0):
 garbage-first heap   total 432128K, used 118409K [0x0000000703a00000, 0x0000000800000000)
  region size 2048K, 2 young (4096K), 2 survivors (4096K)
 Metaspace       used 11871K, committed 12032K, reserved 1064960K
  class space    used 869K, committed 960K, reserved 1048576K
}
Event: 1.873 GC heap before
{Heap before GC invocations=7 (full 0):
 garbage-first heap   total 432128K, used 179849K [0x0000000703a00000, 0x0000000800000000)
  region size 2048K, 3 young (6144K), 2 survivors (4096K)
 Metaspace       used 11874K, committed 12032K, reserved 1064960K
  class space    used 869K, committed 960K, reserved 1048576K
}
Event: 1.875 GC heap after
{Heap after GC invocations=8 (full 0):
 garbage-first heap   total 432128K, used 148603K [0x0000000703a00000, 0x0000000800000000)
  region size 2048K, 1 young (2048K), 1 survivors (2048K)
 Metaspace       used 11874K, committed 12032K, reserved 1064960K
  class space    used 869K, committed 960K, reserved 1048576K
}
Event: 1.909 GC heap before
{Heap before GC invocations=8 (full 0):
 garbage-first heap   total 432128K, used 187515K [0x0000000703a00000, 0x0000000800000000)
  region size 2048K, 2 young (4096K), 1 survivors (2048K)
 Metaspace       used 11874K, committed 12032K, reserved 1064960K
  class space    used 869K, committed 960K, reserved 1048576K
}
Event: 1.911 GC heap after
{Heap after GC invocations=9 (full 0):
 garbage-first heap   total 432128K, used 164939K [0x0000000703a00000, 0x0000000800000000)
  region size 2048K, 1 young (2048K), 1 survivors (2048K)
 Metaspace       used 11874K, committed 12032K, reserved 1064960K
  class space    used 869K, committed 960K, reserved 1048576K
}
Event: 1.927 GC heap before
{Heap before GC invocations=9 (full 0):
 garbage-first heap   total 432128K, used 193611K [0x0000000703a00000, 0x0000000800000000)
  region size 2048K, 2 young (4096K), 1 survivors (2048K)
 Metaspace       used 11874K, committed 12032K, reserved 1064960K
  class space    used 869K, committed 960K, reserved 1048576K
}
Event: 1.928 GC heap after
{Heap after GC invocations=10 (full 0):
 garbage-first heap   total 432128K, used 175176K [0x0000000703a00000, 0x0000000800000000)
  region size 2048K, 1 young (2048K), 1 survivors (2048K)
 Metaspace       used 11874K, committed 12032K, reserved 1064960K
  class space    used 869K, committed 960K, reserved 1048576K
}

Deoptimization events (20 events):
Event: 2.232 Thread 0x000002b5ae4fb5d0 DEOPT PACKING pc=0x000002b592b6ba8b sp=0x000000eaf27fe900
Event: 2.232 Thread 0x000002b5ae4fb5d0 DEOPT UNPACKING pc=0x000002b59242e77e sp=0x000000eaf27fdd88 mode 0
Event: 2.234 Thread 0x000002b5ae4fb5d0 Uncommon trap: trap_request=0xffffff45 fr.pc=0x000002b599f1ea44 relative=0x0000000000000224
Event: 2.234 Thread 0x000002b5ae4fb5d0 Uncommon trap: reason=unstable_if action=reinterpret pc=0x000002b599f1ea44 method=processing.opengl.PGraphicsOpenGL$Tessellator.tessellateTriangles()V @ 68 c2
Event: 2.234 Thread 0x000002b5ae4fb5d0 DEOPT PACKING pc=0x000002b599f1ea44 sp=0x000000eaf27fe8f0
Event: 2.234 Thread 0x000002b5ae4fb5d0 DEOPT UNPACKING pc=0x000002b59242f92e sp=0x000000eaf27fe890 mode 2
Event: 2.251 Thread 0x000002b5ae4fb5d0 Uncommon trap: trap_request=0xffffff45 fr.pc=0x000002b599f24808 relative=0x0000000000000cc8
Event: 2.251 Thread 0x000002b5ae4fb5d0 Uncommon trap: reason=unstable_if action=reinterpret pc=0x000002b599f24808 method=processing.opengl.PGraphicsOpenGL$Tessellator.splitRawIndices(Z)V @ 402 c2
Event: 2.251 Thread 0x000002b5ae4fb5d0 DEOPT PACKING pc=0x000002b599f24808 sp=0x000000eaf27fe830
Event: 2.251 Thread 0x000002b5ae4fb5d0 DEOPT UNPACKING pc=0x000002b59242f92e sp=0x000000eaf27fe758 mode 2
Event: 2.414 Thread 0x000002b5ae4fb5d0 DEOPT PACKING pc=0x000002b592bb3e70 sp=0x000000eaf27fe7a0
Event: 2.414 Thread 0x000002b5ae4fb5d0 DEOPT UNPACKING pc=0x000002b59242e77e sp=0x000000eaf27fdc78 mode 0
Event: 33.232 Thread 0x000002b5ae4fd5b0 Uncommon trap: trap_request=0xffffff45 fr.pc=0x000002b599f1fa00 relative=0x0000000000000060
Event: 33.232 Thread 0x000002b5ae4fd5b0 Uncommon trap: reason=unstable_if action=reinterpret pc=0x000002b599f1fa00 method=java.util.HashMap.keySet()Ljava/util/Set; @ 6 c2
Event: 33.232 Thread 0x000002b5ae4fd5b0 DEOPT PACKING pc=0x000002b599f1fa00 sp=0x000000eaf2aff0a0
Event: 33.232 Thread 0x000002b5ae4fd5b0 DEOPT UNPACKING pc=0x000002b59242f92e sp=0x000000eaf2aff038 mode 2
Event: 33.233 Thread 0x000002b5ae4fab30 Uncommon trap: trap_request=0xffffff45 fr.pc=0x000002b599f50cec relative=0x00000000000000cc
Event: 33.233 Thread 0x000002b5ae4fab30 Uncommon trap: reason=unstable_if action=reinterpret pc=0x000002b599f50cec method=java.util.HashMap$HashIterator.<init>(Ljava/util/HashMap;)V @ 38 c2
Event: 33.233 Thread 0x000002b5ae4fab30 DEOPT PACKING pc=0x000002b599f50cec sp=0x000000eaf1ffede0
Event: 33.233 Thread 0x000002b5ae4fab30 DEOPT UNPACKING pc=0x000002b59242f92e sp=0x000000eaf1ffecb0 mode 2

Classes unloaded (0 events):
No events

Classes redefined (0 events):
No events

Internal exceptions (20 events):
Event: 1.586 Thread 0x000002b5ae4fb5d0 Exception <a 'java/lang/ArrayIndexOutOfBoundsException'{0x000000071348bb20}> (0x000000071348bb20) 
thrown [t:\workspace\open\src\hotspot\share\runtime\sharedRuntime.cpp, line 624]
Event: 1.586 Thread 0x000002b5ae4fb5d0 Exception <a 'java/lang/ArrayIndexOutOfBoundsException'{0x000000071348be68}> (0x000000071348be68) 
thrown [t:\workspace\open\src\hotspot\share\runtime\sharedRuntime.cpp, line 624]
Event: 1.586 Thread 0x000002b5ae4fb5d0 Exception <a 'java/lang/ArrayIndexOutOfBoundsException'{0x000000071348c1b0}> (0x000000071348c1b0) 
thrown [t:\workspace\open\src\hotspot\share\runtime\sharedRuntime.cpp, line 624]
Event: 1.586 Thread 0x000002b5ae4fb5d0 Exception <a 'java/lang/ArrayIndexOutOfBoundsException'{0x000000071348c4f8}> (0x000000071348c4f8) 
thrown [t:\workspace\open\src\hotspot\share\runtime\sharedRuntime.cpp, line 624]
Event: 1.586 Thread 0x000002b5ae4fb5d0 Exception <a 'java/lang/ArrayIndexOutOfBoundsException'{0x000000071348c840}> (0x000000071348c840) 
thrown [t:\workspace\open\src\hotspot\share\runtime\sharedRuntime.cpp, line 624]
Event: 1.586 Thread 0x000002b5ae4fb5d0 Exception <a 'java/lang/ArrayIndexOutOfBoundsException'{0x000000071348cb88}> (0x000000071348cb88) 
thrown [t:\workspace\open\src\hotspot\share\runtime\sharedRuntime.cpp, line 624]
Event: 1.586 Thread 0x000002b5ae4fb5d0 Exception <a 'java/lang/ArrayIndexOutOfBoundsException'{0x000000071348ced0}> (0x000000071348ced0) 
thrown [t:\workspace\open\src\hotspot\share\runtime\sharedRuntime.cpp, line 624]
Event: 1.586 Thread 0x000002b5ae4fb5d0 Exception <a 'java/lang/ArrayIndexOutOfBoundsException'{0x000000071348d218}> (0x000000071348d218) 
thrown [t:\workspace\open\src\hotspot\share\runtime\sharedRuntime.cpp, line 624]
Event: 1.586 Thread 0x000002b5ae4fb5d0 Exception <a 'java/lang/ArrayIndexOutOfBoundsException'{0x000000071348d560}> (0x000000071348d560) 
thrown [t:\workspace\open\src\hotspot\share\runtime\sharedRuntime.cpp, line 624]
Event: 1.586 Thread 0x000002b5ae4fb5d0 Exception <a 'java/lang/ArrayIndexOutOfBoundsException'{0x000000071348d8a8}> (0x000000071348d8a8) 
thrown [t:\workspace\open\src\hotspot\share\runtime\sharedRuntime.cpp, line 624]
Event: 1.586 Thread 0x000002b5ae4fb5d0 Exception <a 'java/lang/ArrayIndexOutOfBoundsException'{0x000000071348dbf0}> (0x000000071348dbf0) 
thrown [t:\workspace\open\src\hotspot\share\runtime\sharedRuntime.cpp, line 624]
Event: 1.586 Thread 0x000002b5ae4fb5d0 Exception <a 'java/lang/ArrayIndexOutOfBoundsException'{0x000000071348df38}> (0x000000071348df38) 
thrown [t:\workspace\open\src\hotspot\share\runtime\sharedRuntime.cpp, line 624]
Event: 1.586 Thread 0x000002b5ae4fb5d0 Exception <a 'java/lang/ArrayIndexOutOfBoundsException'{0x000000071348e280}> (0x000000071348e280) 
thrown [t:\workspace\open\src\hotspot\share\runtime\sharedRuntime.cpp, line 624]
Event: 1.586 Thread 0x000002b5ae4fb5d0 Exception <a 'java/lang/ArrayIndexOutOfBoundsException'{0x000000071348e5c8}> (0x000000071348e5c8) 
thrown [t:\workspace\open\src\hotspot\share\runtime\sharedRuntime.cpp, line 624]
Event: 1.586 Thread 0x000002b5ae4fb5d0 Exception <a 'java/lang/ArrayIndexOutOfBoundsException'{0x000000071348e910}> (0x000000071348e910) 
thrown [t:\workspace\open\src\hotspot\share\runtime\sharedRuntime.cpp, line 624]
Event: 1.586 Thread 0x000002b5ae4fb5d0 Exception <a 'java/lang/ArrayIndexOutOfBoundsException'{0x000000071348ec58}> (0x000000071348ec58) 
thrown [t:\workspace\open\src\hotspot\share\runtime\sharedRuntime.cpp, line 624]
Event: 1.586 Thread 0x000002b5ae4fb5d0 Exception <a 'java/lang/ArrayIndexOutOfBoundsException'{0x000000071348efa0}> (0x000000071348efa0) 
thrown [t:\workspace\open\src\hotspot\share\runtime\sharedRuntime.cpp, line 624]
Event: 1.586 Thread 0x000002b5ae4fb5d0 Exception <a 'java/lang/ArrayIndexOutOfBoundsException'{0x000000071348f2e8}> (0x000000071348f2e8) 
thrown [t:\workspace\open\src\hotspot\share\runtime\sharedRuntime.cpp, line 624]
Event: 1.586 Thread 0x000002b5ae4fb5d0 Exception <a 'java/lang/ArrayIndexOutOfBoundsException'{0x000000071348f630}> (0x000000071348f630) 
thrown [t:\workspace\open\src\hotspot\share\runtime\sharedRuntime.cpp, line 624]
Event: 33.209 Thread 0x000002b5ae4fc5c0 Exception <a 'java/lang/InterruptedException'{0x000000071bc7b118}> (0x000000071bc7b118) 
thrown [t:\workspace\open\src\hotspot\share\runtime\objectMonitor.cpp, line 1705]

Events (20 events):
Event: 30.070 Executing  VM operation: Cleanup
Event: 30.070 Executing  VM operation: Cleanup done
Event: 31.071 Executing  VM operation: Cleanup
Event: 31.074 Executing  VM operation: Cleanup done
Event: 32.075 Executing  VM operation: Cleanup
Event: 32.075 Executing  VM operation: Cleanup done
Event: 33.209 Thread 0x000002b5ae4fcb10 Thread added: 0x000002b5ae4fcb10
Event: 33.209 Thread 0x000002b5ae4fc5c0 Thread exited: 0x000002b5ae4fc5c0
Event: 33.209 Thread 0x000002b5ae4fd5b0 Thread added: 0x000002b5ae4fd5b0
Event: 33.209 Thread 0x000002b5ae4fbb20 Thread added: 0x000002b5ae4fbb20
Event: 33.210 loading class java/nio/channels/ClosedChannelException
Event: 33.210 loading class java/nio/channels/ClosedChannelException done
Event: 33.210 Thread 0x000002b5ae4fc5c0 Thread added: 0x000002b5ae4fc5c0
Event: 33.210 Thread 0x000002b5ae4fcb10 Thread exited: 0x000002b5ae4fcb10
Event: 33.210 Thread 0x000002b5ae4fc070 Thread exited: 0x000002b5ae4fc070
Event: 33.215 Thread 0x000002b5ae4fe050 Thread exited: 0x000002b5ae4fe050
Event: 33.246 Thread 0x000002b5ae4fab30 Thread exited: 0x000002b5ae4fab30
Event: 33.252 Thread 0x000002b5ae4fd5b0 Thread exited: 0x000002b5ae4fd5b0
Event: 33.311 Thread 0x000002b5ae4fbb20 Thread exited: 0x000002b5ae4fbb20
Event: 33.311 Executing  VM operation: Exit


Dynamic libraries:
0x00007ff745bd0000 - 0x00007ff745be0000 	C:\Program Files\Java\jdk-16.0.2\bin\javaw.exe
0x00007ffcfc5b0000 - 0x00007ffcfc7a5000 	C:\windows\SYSTEM32\ntdll.dll
0x00007ffcfc490000 - 0x00007ffcfc54e000 	C:\windows\System32\KERNEL32.DLL
0x00007ffcf9df0000 - 0x00007ffcfa0b8000 	C:\windows\System32\KERNELBASE.dll
0x00007ffcf9cf0000 - 0x00007ffcf9df0000 	C:\windows\System32\ucrtbase.dll
0x00007ffcc2640000 - 0x00007ffcc2659000 	C:\Program Files\Java\jdk-16.0.2\bin\VCRUNTIME140.dll
0x00007ffcdfde0000 - 0x00007ffcdfdf8000 	C:\Program Files\Java\jdk-16.0.2\bin\jli.dll
0x00007ffcfaff0000 - 0x00007ffcfb09c000 	C:\windows\System32\ADVAPI32.dll
0x00007ffcfc370000 - 0x00007ffcfc40e000 	C:\windows\System32\msvcrt.dll
0x00007ffcfc0b0000 - 0x00007ffcfc14b000 	C:\windows\System32\sechost.dll
0x00007ffcfaec0000 - 0x00007ffcfafea000 	C:\windows\System32\RPCRT4.dll
0x00007ffcfb700000 - 0x00007ffcfb8a1000 	C:\windows\System32\USER32.dll
0x00007ffcfa170000 - 0x00007ffcfa192000 	C:\windows\System32\win32u.dll
0x00007ffcfbed0000 - 0x00007ffcfbefb000 	C:\windows\System32\GDI32.dll
0x00007ffcda9c0000 - 0x00007ffcdac5a000 	C:\windows\WinSxS\amd64_microsoft.windows.common-controls_6595b64144ccf1df_6.0.19041.1110_none_60b5254171f9507e\COMCTL32.dll
0x00007ffcfa290000 - 0x00007ffcfa39d000 	C:\windows\System32\gdi32full.dll
0x00007ffcfa1a0000 - 0x00007ffcfa23d000 	C:\windows\System32\msvcp_win.dll
0x00007ffcef800000 - 0x00007ffcef80a000 	C:\windows\SYSTEM32\VERSION.dll
0x00007ffcfb100000 - 0x00007ffcfb130000 	C:\windows\System32\IMM32.DLL
0x00007ffcf3890000 - 0x00007ffcf389c000 	C:\Program Files\Java\jdk-16.0.2\bin\vcruntime140_1.dll
0x00007ffc8a2f0000 - 0x00007ffc8a381000 	C:\Program Files\Java\jdk-16.0.2\bin\msvcp140.dll
0x00007ffc7f3e0000 - 0x00007ffc7ff8b000 	C:\Program Files\Java\jdk-16.0.2\bin\server\jvm.dll
0x00007ffcfb130000 - 0x00007ffcfb138000 	C:\windows\System32\PSAPI.DLL
0x00007ffcdac60000 - 0x00007ffcdac87000 	C:\windows\SYSTEM32\WINMM.dll
0x00007ffcec570000 - 0x00007ffcec579000 	C:\windows\SYSTEM32\WSOCK32.dll
0x00007ffcfb5b0000 - 0x00007ffcfb61b000 	C:\windows\System32\WS2_32.dll
0x00007ffcf8570000 - 0x00007ffcf8582000 	C:\windows\SYSTEM32\kernel.appcore.dll
0x00007ffce7270000 - 0x00007ffce727a000 	C:\Program Files\Java\jdk-16.0.2\bin\jimage.dll
0x00007ffcf8240000 - 0x00007ffcf8424000 	C:\windows\SYSTEM32\DBGHELP.DLL
0x00007ffce76f0000 - 0x00007ffce771c000 	C:\windows\SYSTEM32\dbgcore.DLL
0x00007ffcfa500000 - 0x00007ffcfa582000 	C:\windows\System32\bcryptPrimitives.dll
0x00007ffcb3d10000 - 0x00007ffcb3d35000 	C:\Program Files\Java\jdk-16.0.2\bin\java.dll
0x00007ffcfa770000 - 0x00007ffcfaeb4000 	C:\windows\System32\SHELL32.dll
0x00007ffcf79d0000 - 0x00007ffcf8164000 	C:\windows\SYSTEM32\windows.storage.dll
0x00007ffcfb250000 - 0x00007ffcfb5a5000 	C:\windows\System32\combase.dll
0x00007ffcf9710000 - 0x00007ffcf973e000 	C:\windows\SYSTEM32\Wldp.dll
0x00007ffcfc1e0000 - 0x00007ffcfc28d000 	C:\windows\System32\SHCORE.dll
0x00007ffcfb0a0000 - 0x00007ffcfb0f5000 	C:\windows\System32\shlwapi.dll
0x00007ffcf9c00000 - 0x00007ffcf9c1f000 	C:\windows\SYSTEM32\profapi.dll
0x00007ffcc1980000 - 0x00007ffcc1999000 	C:\Program Files\Java\jdk-16.0.2\bin\net.dll
0x00007ffcf4a20000 - 0x00007ffcf4b2c000 	C:\windows\SYSTEM32\WINHTTP.dll
0x00007ffcf9470000 - 0x00007ffcf94da000 	C:\windows\system32\mswsock.dll
0x00007ffcb6aa0000 - 0x00007ffcb6ab3000 	C:\Program Files\Java\jdk-16.0.2\bin\nio.dll
0x00007ffcb55b0000 - 0x00007ffcb55c8000 	C:\Program Files\Java\jdk-16.0.2\bin\zip.dll
0x00007ffce5f60000 - 0x00007ffce5f70000 	C:\Program Files\Java\jdk-16.0.2\bin\verify.dll
0x00007ffce6040000 - 0x00007ffce61c0000 	C:\Program Files\Java\jdk-16.0.2\bin\awt.dll
0x00007ffcfb620000 - 0x00007ffcfb6ed000 	C:\windows\System32\OLEAUT32.dll
0x00007ffcf7190000 - 0x00007ffcf7220000 	C:\windows\SYSTEM32\apphelp.dll
0x00007ffcf72f0000 - 0x00007ffcf738e000 	C:\windows\system32\uxtheme.dll
0x00007ffcfa5f0000 - 0x00007ffcfa705000 	C:\windows\System32\MSCTF.dll
0x00007ffcfb8b0000 - 0x00007ffcfb9da000 	C:\windows\System32\ole32.dll
0x00007ffcf74e0000 - 0x00007ffcf750f000 	C:\windows\system32\DWMAPI.DLL
0x00007ffcc8b20000 - 0x00007ffcc8c45000 	C:\windows\system32\opengl32.dll
0x00007ffce1670000 - 0x00007ffce169c000 	C:\windows\SYSTEM32\GLU32.dll
0x00007ffcf9660000 - 0x00007ffcf9678000 	C:\windows\SYSTEM32\CRYPTSP.dll
0x00007ffcf8d80000 - 0x00007ffcf8db4000 	C:\windows\system32\rsaenh.dll
0x00007ffcf9cc0000 - 0x00007ffcf9ce7000 	C:\windows\System32\bcrypt.dll
0x00007ffcf9b80000 - 0x00007ffcf9bae000 	C:\windows\SYSTEM32\USERENV.dll
0x00007ffcf9680000 - 0x00007ffcf968c000 	C:\windows\SYSTEM32\CRYPTBASE.dll
0x00007ffcf9110000 - 0x00007ffcf914b000 	C:\windows\SYSTEM32\IPHLPAPI.DLL
0x00007ffcfbec0000 - 0x00007ffcfbec8000 	C:\windows\System32\NSI.dll
0x00007ffcef4b0000 - 0x00007ffcef4c7000 	C:\windows\SYSTEM32\dhcpcsvc6.DLL
0x00007ffcef930000 - 0x00007ffcef94d000 	C:\windows\SYSTEM32\dhcpcsvc.DLL
0x00007ffcf9150000 - 0x00007ffcf921b000 	C:\windows\SYSTEM32\DNSAPI.dll
0x00000000637c0000 - 0x00000000637cd000 	C:\Users\sethr\AppData\Local\Temp\jogamp_0000\file_cache\jln10486554467782319320\jln12437049677308386206\natives\windows-amd64\gluegen-rt.dll
0x00007ffcec670000 - 0x00007ffcec677000 	C:\Program Files\Java\jdk-16.0.2\bin\jawt.dll
0x000000006a440000 - 0x000000006a44d000 	C:\Users\sethr\AppData\Local\Temp\jogamp_0000\file_cache\jln10486554467782319320\jln12437049677308386206\natives\windows-amd64\nativewindow_awt.dll
0x000000006c100000 - 0x000000006c10f000 	C:\Users\sethr\AppData\Local\Temp\jogamp_0000\file_cache\jln10486554467782319320\jln12437049677308386206\natives\windows-amd64\nativewindow_win32.dll
0x000000006cbc0000 - 0x000000006cbd3000 	C:\Users\sethr\AppData\Local\Temp\jogamp_0000\file_cache\jln10486554467782319320\jln12437049677308386206\natives\windows-amd64\newt.dll
0x00007ffcf4300000 - 0x00007ffcf43ae000 	C:\windows\SYSTEM32\mscms.dll
0x00007ffcf42c0000 - 0x00007ffcf42d1000 	C:\windows\SYSTEM32\ColorAdapterClient.dll
0x00007ffcb5910000 - 0x00007ffcb5953000 	C:\windows\SYSTEM32\icm32.dll
0x00007ffcfb9e0000 - 0x00007ffcfbe52000 	C:\windows\System32\setupapi.dll
0x00007ffcfa240000 - 0x00007ffcfa28e000 	C:\windows\System32\cfgmgr32.dll
0x00007ffcf9a60000 - 0x00007ffcf9a94000 	C:\windows\SYSTEM32\DEVOBJ.dll
0x00007ffcfa590000 - 0x00007ffcfa5f0000 	C:\windows\System32\WINTRUST.dll
0x00007ffcfa3a0000 - 0x00007ffcfa4f6000 	C:\windows\System32\CRYPT32.dll
0x00007ffcf98a0000 - 0x00007ffcf98b2000 	C:\windows\SYSTEM32\MSASN1.dll
0x0000000064500000 - 0x00000000645b1000 	C:\Users\sethr\AppData\Local\Temp\jogamp_0000\file_cache\jln10486554467782319320\jln12437049677308386206\natives\windows-amd64\jogl_desktop.dll
0x0000000064340000 - 0x00000000643a2000 	C:\Users\sethr\AppData\Local\Temp\jogamp_0000\file_cache\jln10486554467782319320\jln12437049677308386206\natives\windows-amd64\jogl_mobile.dll
0x00007ffcfb1a0000 - 0x00007ffcfb249000 	C:\windows\System32\clbcatq.dll
0x00007ffc70a20000 - 0x00007ffc71a20000 	C:\windows\System32\DriverStore\FileRepository\iigd_dch.inf_amd64_14d6d9e2312c79ae\igxelpicd64.dll
0x00007ffcf86d0000 - 0x00007ffcf87c4000 	C:\windows\system32\dxgi.dll
0x00007ffc705b0000 - 0x00007ffc70a14000 	C:\windows\System32\DriverStore\FileRepository\iigd_dch.inf_amd64_14d6d9e2312c79ae\igdml64.dll
0x00007ffcccd00000 - 0x00007ffccd0bd000 	C:\windows\System32\DriverStore\FileRepository\iigd_dch.inf_amd64_14d6d9e2312c79ae\igdgmm64.dll
0x00007ffcc9ac0000 - 0x00007ffccccf8000 	C:\windows\System32\DriverStore\FileRepository\iigd_dch.inf_amd64_14d6d9e2312c79ae\igc64.dll
0x00007ffcf9280000 - 0x00007ffcf92cb000 	C:\windows\SYSTEM32\powrprof.dll
0x00007ffcf90f0000 - 0x00007ffcf9102000 	C:\windows\SYSTEM32\UMPDC.dll
0x00007ffcd1810000 - 0x00007ffcd1909000 	C:\windows\SYSTEM32\textinputframework.dll
0x00007ffcf6d50000 - 0x00007ffcf6e42000 	C:\windows\System32\CoreMessaging.dll
0x00007ffcf69f0000 - 0x00007ffcf6d4e000 	C:\windows\System32\CoreUIComponents.dll
0x00007ffcf8b30000 - 0x00007ffcf8b63000 	C:\windows\SYSTEM32\ntmarta.dll
0x00007ffcf61d0000 - 0x00007ffcf6324000 	C:\windows\SYSTEM32\wintypes.dll
0x00007ffcf3a80000 - 0x00007ffcf3ae6000 	C:\windows\system32\Oleacc.dll

dbghelp: loaded successfully - version: 4.0.5 - missing functions: none
symbol engine: initialized successfully - sym options: 0x614 - pdb path: .;C:\Program Files\Java\jdk-16.0.2\bin;C:\windows\SYSTEM32;C:\windows\WinSxS\amd64_microsoft.windows.common-controls_6595b64144ccf1df_6.0.19041.1110_none_60b5254171f9507e;C:\Program Files\Java\jdk-16.0.2\bin\server;C:\Users\sethr\AppData\Local\Temp\jogamp_0000\file_cache\jln10486554467782319320\jln12437049677308386206\natives\windows-amd64;C:\windows\System32\DriverStore\FileRepository\iigd_dch.inf_amd64_14d6d9e2312c79ae

VM Arguments:
jvm_args: -Dfile.encoding=Cp1252 -XX:+ShowCodeDetailsInExceptionMessages 
java_command: energywaves.Main
java_class_path (initial): C:\Users\sethr\eclipse-workspace\energywaves\target\classes;C:\Users\sethr\.m2\repository\org\processing\core\3.3.6\core-3.3.6.jar;C:\Users\sethr\.m2\repository\org\jogamp\gluegen\gluegen-rt-main\2.3.2\gluegen-rt-main-2.3.2.jar;C:\Users\sethr\.m2\repository\org\jogamp\gluegen\gluegen-rt\2.3.2\gluegen-rt-2.3.2.jar;C:\Users\sethr\.m2\repository\org\jogamp\gluegen\gluegen-rt\2.3.2\gluegen-rt-2.3.2-natives-android-aarch64.jar;C:\Users\sethr\.m2\repository\org\jogamp\gluegen\gluegen-rt\2.3.2\gluegen-rt-2.3.2-natives-android-armv6.jar;C:\Users\sethr\.m2\repository\org\jogamp\gluegen\gluegen-rt\2.3.2\gluegen-rt-2.3.2-natives-linux-amd64.jar;C:\Users\sethr\.m2\repository\org\jogamp\gluegen\gluegen-rt\2.3.2\gluegen-rt-2.3.2-natives-linux-armv6.jar;C:\Users\sethr\.m2\repository\org\jogamp\gluegen\gluegen-rt\2.3.2\gluegen-rt-2.3.2-natives-linux-armv6hf.jar;C:\Users\sethr\.m2\repository\org\jogamp\gluegen\gluegen-rt\2.3.2\gluegen-rt-2.3.2-natives-linux-i586.jar;C:\Users\sethr\.m2\repository\org\jogamp\gluegen\gluegen-rt\2.3.2\gluegen-rt-2.3.2-natives-macosx-universal.jar;C:\Users\sethr\.m2\repository\org\jogamp\gluegen\gluegen-rt\2.3.2\gluegen-rt-2.3.2-natives-solaris-amd64.jar;C:\Users\sethr\.m2\repository\org\jogamp\gluegen\gluegen-rt\2.3.2\gluegen-rt-2.3.2-natives-solaris-i586.jar;C:\Users\sethr\.m2\repository\org\jogamp\gluegen\gluegen-rt\2.3.2\gluegen-rt-2.3.2-natives-windows-amd64.jar;C:\Users\sethr\.m2\repository\org\jogamp\gluegen\gluegen-rt\2.3.2\gluegen-rt-2.3.2-natives-windows-i586.jar;C:\Users\sethr\.m2\repository\org\jogamp\jogl\jogl-all-main\2.3.2\jogl-all-main-2.3.2.jar;C:\Users\sethr\.m2\repository\org\jogamp\jogl\jogl-all\2.3.2\jogl-all-2.3.2.jar;C:\Users\sethr\.m2\repository\org\jogamp\jogl\jogl-all\2.3.2\jogl-all-2.3.2-natives-android-aarch64.jar;C:\Users\sethr\.m2\repository\org\jogamp\jogl\jogl-all\2.3.2\jogl-all-2.3.2-natives-android-armv6.jar;C:\Users\sethr\.m2\repository\org\jogamp\jogl\jogl-all\2.3.2\jogl-all-2.3.2-natives-l
Launcher Type: SUN_STANDARD

[Global flags]
     intx CICompilerCount                          = 4                                         {product} {ergonomic}
     uint ConcGCThreads                            = 2                                         {product} {ergonomic}
     uint G1ConcRefinementThreads                  = 8                                         {product} {ergonomic}
   size_t G1HeapRegionSize                         = 2097152                                   {product} {ergonomic}
    uintx GCDrainStackTargetSize                   = 64                                        {product} {ergonomic}
   size_t InitialHeapSize                          = 266338304                                 {product} {ergonomic}
   size_t MarkStackSize                            = 4194304                                   {product} {ergonomic}
   size_t MaxHeapSize                              = 4234149888                                {product} {ergonomic}
   size_t MaxNewSize                               = 2539651072                                {product} {ergonomic}
   size_t MinHeapDeltaBytes                        = 2097152                                   {product} {ergonomic}
   size_t MinHeapSize                              = 8388608                                   {product} {ergonomic}
    uintx NonNMethodCodeHeapSize                   = 5839372                                {pd product} {ergonomic}
    uintx NonProfiledCodeHeapSize                  = 122909434                              {pd product} {ergonomic}
    uintx ProfiledCodeHeapSize                     = 122909434                              {pd product} {ergonomic}
    uintx ReservedCodeCacheSize                    = 251658240                              {pd product} {ergonomic}
     bool SegmentedCodeCache                       = true                                      {product} {ergonomic}
     bool ShowCodeDetailsInExceptionMessages       = true                                   {manageable} {command line}
   size_t SoftMaxHeapSize                          = 4234149888                             {manageable} {ergonomic}
     bool UseCompressedClassPointers               = true                           {product lp64_product} {ergonomic}
     bool UseCompressedOops                        = true                           {product lp64_product} {ergonomic}
     bool UseG1GC                                  = true                                      {product} {ergonomic}
     bool UseLargePagesIndividualAllocation        = false                                  {pd product} {ergonomic}

Logging:
Log output configuration:
 #0: stdout all=off uptime,level,tags
 #1: stderr all=off uptime,level,tags

Environment Variables:
PATH=C:\Program Files\Oculus\Support\oculus-runtime;C:\Program Files\Common Files\Oracle\Java\javapath;C:\windows\system32;C:\windows;C:\windows\System32\Wbem;C:\windows\System32\WindowsPowerShell\v1.0\;C:\windows\System32\OpenSSH\;C:\MinGW\mingw32\bin;C:\ProgramData\chocolatey\bin;C:\ProgramData\chocolatey\bin\make.exe;C:\Program Files\Git\cmd;C:\Program Files\nodejs\;C:\Users\sethr\AppData\Local\Programs\Python\Python39\Scripts\;C:\Users\sethr\AppData\Local\Programs\Python\Python39\;C:\Users\sethr\AppData\Local\Microsoft\WindowsApps;C:\Users\sethr\AppData\Local\Programs\Microsoft VS Code\bin;C:\Users\sethr\AppData\Local\GitHubDesktop\bin;C:\Users\sethr\AppData\Roaming\npm
USERNAME=sethr
OS=Windows_NT
PROCESSOR_IDENTIFIER=Intel64 Family 6 Model 140 Stepping 1, GenuineIntel



---------------  S Y S T E M  ---------------

OS:
 Windows 10 , 64 bit Build 19041 (10.0.19041.1348)
OS uptime: 0 days 8:32 hours

CPU: total 8 (initial active 8) (4 cores per cpu, 2 threads per core) family 6 model 140 stepping 1 microcode 0x86, cx8, cmov, fxsr, ht, mmx, 3dnowpref, sse, sse2, sse3, ssse3, sse4.1, sse4.2, popcnt, lzcnt, tsc, tscinvbit, avx, avx2, aes, erms, clmul, bmi1, bmi2, adx, avx512f, avx512dq, avx512cd, avx512bw, avx512vl, sha, fma, vzeroupper, avx512_vpopcntdq, avx512_vpclmulqdq, avx512_vaes, avx512_vnni, clflush, clflushopt, clwb, avx512_vmbi2, avx512_vmbi

Memory: 4k page, system-wide physical 16149M (8297M free)
TotalPageFile size 22549M (AvailPageFile size 13980M)
current process WorkingSet (physical memory assigned to process): 615M, peak: 619M
current process commit charge ("private bytes"): 795M, peak: 805M

vm_info: Java HotSpot(TM) 64-Bit Server VM (16.0.2+7-67) for windows-amd64 JRE (16.0.2+7-67), built on Jun  8 2021 23:24:19 by "mach5one" with MS VC++ 16.7 (VS2019)

END.
